0054988
0126329
0133652
0136319
0136321
0149352
0161426
0161427
0161488
0161838
0174097
0207501
0216824
0217665
0218318
0218319
0224199
0233944
0234449
0234498
0234499
0234975
0235218
0237099
0237100
0239860
0239861
0239917
0240679
0241318
0241622
0241844
0241845
0244794
0245979
0250068
0251626
0253369
0257025
0263815
0263816
0263817
0263818
0263819
0263820
0263821
0267934
0267935
0272420
0272692
0273502
0273503
0273825
0273849
1000087
1000238
1000245
1000246
1000250
1000274
1000275
1000276
1000277
1000278
1000279
1000295
1001308
1001814
1003016
1003017
1003189
1003686
1003687
1003762
1003763
1003765
1003848
1003939
1003940
1003941
1003942
1004189
1004194
1004366
1004471
1004472
1004473
1004474
1004625
1005394
1005403
1005539
1005780
1005874
1007185
1007228
1007255
1007296
1008774
1008777
1008787
1008922
1009527
1010085
1016263
1019117
1019118
1021851
