0249420:
    - bResult: 'False'
    - OutDescEst: '' 
    - ErrorMessage: ''
0249419:
    - bResult: 'False'
    - OutDescEst: '' 
    - ErrorMessage: ''
0249418:
    - bResult: 'False'
    - OutDescEst: '' 
    - ErrorMessage: ''
0248068:
    - bResult: 'False'
    - OutDescEst: '' 
    - ErrorMessage: ''
0247988:
    - bResult: 'False'
    - OutDescEst: '' 
    - ErrorMessage: ''
0247758:
    - bResult: 'False'
    - OutDescEst: '' 
    - ErrorMessage: ''
0247757:
    - bResult: 'False'
    - OutDescEst: '' 
    - ErrorMessage: ''
0247756:
    - bResult: 'False'
    - OutDescEst: '' 
    - ErrorMessage: ''
0247755:
    - bResult: 'False'
    - OutDescEst: '' 
    - ErrorMessage: ''
0247290:
    - bResult: 'False'
    - OutDescEst: '' 
    - ErrorMessage: ''
0247289:
    - bResult: 'False'
    - OutDescEst: '' 
    - ErrorMessage: ''
0245836:
    - bResult: 'False'
    - OutDescEst: '' 
    - ErrorMessage: ''
0244955:
    - bResult: 'False'
    - OutDescEst: '' 
    - ErrorMessage: ''
0244954:
    - bResult: 'False'
    - OutDescEst: '' 
    - ErrorMessage: ''
0244953:
    - bResult: 'False'
    - OutDescEst: '' 
    - ErrorMessage: ''
0244908:
    - bResult: 'False'
    - OutDescEst: '' 
    - ErrorMessage: ''
0244907:
    - bResult: 'False'
    - OutDescEst: '' 
    - ErrorMessage: ''
0244906:
    - bResult: 'False'
    - OutDescEst: '' 
    - ErrorMessage: ''
0243777:
    - bResult: 'False'
    - OutDescEst: '' 
    - ErrorMessage: ''
0243733:
    - bResult: 'False'
    - OutDescEst: '' 
    - ErrorMessage: ''
0243731:
    - bResult: 'False'
    - OutDescEst: '' 
    - ErrorMessage: ''
0243730:
    - bResult: 'False'
    - OutDescEst: '' 
    - ErrorMessage: ''
0243725:
    - bResult: 'False'
    - OutDescEst: '' 
    - ErrorMessage: ''
0243724:
    - bResult: 'False'
    - OutDescEst: '' 
    - ErrorMessage: ''
0243584:
    - bResult: 'False'
    - OutDescEst: '' 
    - ErrorMessage: ''
0243583:
    - bResult: 'False'
    - OutDescEst: '' 
    - ErrorMessage: ''
0243551:
    - bResult: 'False'
    - OutDescEst: '' 
    - ErrorMessage: ''
0243550:
    - bResult: 'False'
    - OutDescEst: '' 
    - ErrorMessage: ''
0243549:
    - bResult: 'False'
    - OutDescEst: '' 
    - ErrorMessage: ''
0243448:
    - bResult: 'False'
    - OutDescEst: '' 
    - ErrorMessage: ''
0243432:
    - bResult: 'False'
    - OutDescEst: '' 
    - ErrorMessage: ''
0243431:
    - bResult: 'False'
    - OutDescEst: '' 
    - ErrorMessage: ''
0243430:
    - bResult: 'False'
    - OutDescEst: '' 
    - ErrorMessage: ''
0243429:
    - bResult: 'False'
    - OutDescEst: '' 
    - ErrorMessage: ''
0243428:
    - bResult: 'False'
    - OutDescEst: '' 
    - ErrorMessage: ''
0242289:
    - bResult: 'False'
    - OutDescEst: '' 
    - ErrorMessage: ''
0242288:
    - bResult: 'False'
    - OutDescEst: '' 
    - ErrorMessage: ''
0242287:
    - bResult: 'False'
    - OutDescEst: '' 
    - ErrorMessage: ''
0242223:
    - bResult: 'False'
    - OutDescEst: '' 
    - ErrorMessage: ''
0242222:
    - bResult: 'False'
    - OutDescEst: '' 
    - ErrorMessage: ''
0242221:
    - bResult: 'False'
    - OutDescEst: '' 
    - ErrorMessage: ''
0242220:
    - bResult: 'False'
    - OutDescEst: '' 
    - ErrorMessage: ''
0242217:
    - bResult: 'False'
    - OutDescEst: '' 
    - ErrorMessage: ''
0242206:
    - bResult: 'False'
    - OutDescEst: '' 
    - ErrorMessage: ''
0242197:
    - bResult: 'False'
    - OutDescEst: '' 
    - ErrorMessage: ''
0240544:
    - bResult: 'False'
    - OutDescEst: '' 
    - ErrorMessage: ''
0240543:
    - bResult: 'False'
    - OutDescEst: '' 
    - ErrorMessage: ''
0240439:
    - bResult: 'False'
    - OutDescEst: '' 
    - ErrorMessage: ''
0240438:
    - bResult: 'False'
    - OutDescEst: '' 
    - ErrorMessage: ''
0240437:
    - bResult: 'False'
    - OutDescEst: '' 
    - ErrorMessage: ''
0240158:
    - bResult: 'False'
    - OutDescEst: '' 
    - ErrorMessage: ''
0240157:
    - bResult: 'False'
    - OutDescEst: '' 
    - ErrorMessage: ''
0240156:
    - bResult: 'False'
    - OutDescEst: '' 
    - ErrorMessage: ''
0238244:
    - bResult: 'False'
    - OutDescEst: '' 
    - ErrorMessage: ''
0237932:
    - bResult: 'False'
    - OutDescEst: '' 
    - ErrorMessage: ''
0237918:
    - bResult: 'False'
    - OutDescEst: '' 
    - ErrorMessage: ''
0237910:
    - bResult: 'False'
    - OutDescEst: '' 
    - ErrorMessage: ''
0237909:
    - bResult: 'False'
    - OutDescEst: '' 
    - ErrorMessage: ''
0236009:
    - bResult: 'False'
    - OutDescEst: '' 
    - ErrorMessage: ''
0235874:
    - bResult: 'False'
    - OutDescEst: '' 
    - ErrorMessage: ''
0235873:
    - bResult: 'False'
    - OutDescEst: '' 
    - ErrorMessage: ''
0235872:
    - bResult: 'False'
    - OutDescEst: '' 
    - ErrorMessage: ''
0235870:
    - bResult: 'False'
    - OutDescEst: '' 
    - ErrorMessage: ''
0235869:
    - bResult: 'False'
    - OutDescEst: '' 
    - ErrorMessage: ''
0234853:
    - bResult: 'False'
    - OutDescEst: '' 
    - ErrorMessage: ''
0234737:
    - bResult: 'False'
    - OutDescEst: '' 
    - ErrorMessage: ''
0234023:
    - bResult: 'False'
    - OutDescEst: '' 
    - ErrorMessage: ''
0233124:
    - bResult: 'False'
    - OutDescEst: '' 
    - ErrorMessage: ''
0233123:
    - bResult: 'False'
    - OutDescEst: '' 
    - ErrorMessage: ''
0233122:
    - bResult: 'False'
    - OutDescEst: '' 
    - ErrorMessage: ''
0233121:
    - bResult: 'False'
    - OutDescEst: '' 
    - ErrorMessage: ''
0233053:
    - bResult: 'False'
    - OutDescEst: '' 
    - ErrorMessage: ''
0232970:
    - bResult: 'False'
    - OutDescEst: '' 
    - ErrorMessage: ''
0232969:
    - bResult: 'False'
    - OutDescEst: '' 
    - ErrorMessage: ''
0232968:
    - bResult: 'False'
    - OutDescEst: '' 
    - ErrorMessage: ''
0232967:
    - bResult: 'False'
    - OutDescEst: '' 
    - ErrorMessage: ''
0232966:
    - bResult: 'False'
    - OutDescEst: '' 
    - ErrorMessage: ''
0232965:
    - bResult: 'False'
    - OutDescEst: '' 
    - ErrorMessage: ''
0232868:
    - bResult: 'False'
    - OutDescEst: '' 
    - ErrorMessage: ''
0232736:
    - bResult: 'False'
    - OutDescEst: '' 
    - ErrorMessage: ''
0232593:
    - bResult: 'False'
    - OutDescEst: '' 
    - ErrorMessage: ''
0231500:
    - bResult: 'False'
    - OutDescEst: '' 
    - ErrorMessage: ''
0231499:
    - bResult: 'False'
    - OutDescEst: '' 
    - ErrorMessage: ''
0231498:
    - bResult: 'False'
    - OutDescEst: '' 
    - ErrorMessage: ''
0231497:
    - bResult: 'False'
    - OutDescEst: '' 
    - ErrorMessage: ''
0231496:
    - bResult: 'False'
    - OutDescEst: '' 
    - ErrorMessage: ''
0231495:
    - bResult: 'False'
    - OutDescEst: '' 
    - ErrorMessage: ''
0231494:
    - bResult: 'False'
    - OutDescEst: '' 
    - ErrorMessage: ''
0230573:
    - bResult: 'False'
    - OutDescEst: '' 
    - ErrorMessage: ''
0230091:
    - bResult: 'False'
    - OutDescEst: '' 
    - ErrorMessage: ''
0229266:
    - bResult: 'False'
    - OutDescEst: '' 
    - ErrorMessage: ''
0228880:
    - bResult: 'False'
    - OutDescEst: '' 
    - ErrorMessage: ''
0228879:
    - bResult: 'False'
    - OutDescEst: '' 
    - ErrorMessage: ''
0228334:
    - bResult: 'False'
    - OutDescEst: '' 
    - ErrorMessage: ''
0227947:
    - bResult: 'False'
    - OutDescEst: '' 
    - ErrorMessage: ''
0227946:
    - bResult: 'False'
    - OutDescEst: '' 
    - ErrorMessage: ''
0226003:
    - bResult: 'False'
    - OutDescEst: '' 
    - ErrorMessage: ''
0226002:
    - bResult: 'False'
    - OutDescEst: '' 
    - ErrorMessage: ''
0225197:
    - bResult: 'False'
    - OutDescEst: '' 
    - ErrorMessage: ''
0225089:
    - bResult: 'False'
    - OutDescEst: '' 
    - ErrorMessage: ''
0224477:
    - bResult: 'False'
    - OutDescEst: '' 
    - ErrorMessage: ''
0224476:
    - bResult: 'False'
    - OutDescEst: '' 
    - ErrorMessage: ''
0224475:
    - bResult: 'False'
    - OutDescEst: '' 
    - ErrorMessage: ''
0224474:
    - bResult: 'False'
    - OutDescEst: '' 
    - ErrorMessage: ''
0224473:
    - bResult: 'False'
    - OutDescEst: '' 
    - ErrorMessage: ''
0224472:
    - bResult: 'False'
    - OutDescEst: '' 
    - ErrorMessage: ''
0224471:
    - bResult: 'False'
    - OutDescEst: '' 
    - ErrorMessage: ''
0224470:
    - bResult: 'False'
    - OutDescEst: '' 
    - ErrorMessage: ''
0224469:
    - bResult: 'False'
    - OutDescEst: '' 
    - ErrorMessage: ''
0224468:
    - bResult: 'False'
    - OutDescEst: '' 
    - ErrorMessage: ''
0224467:
    - bResult: 'False'
    - OutDescEst: '' 
    - ErrorMessage: ''
0224466:
    - bResult: 'False'
    - OutDescEst: '' 
    - ErrorMessage: ''
0224465:
    - bResult: 'False'
    - OutDescEst: '' 
    - ErrorMessage: ''
0223552:
    - bResult: 'False'
    - OutDescEst: '' 
    - ErrorMessage: ''
0222255:
    - bResult: 'False'
    - OutDescEst: '' 
    - ErrorMessage: ''
0222254:
    - bResult: 'False'
    - OutDescEst: '' 
    - ErrorMessage: ''
0222253:
    - bResult: 'False'
    - OutDescEst: '' 
    - ErrorMessage: ''
0222252:
    - bResult: 'False'
    - OutDescEst: '' 
    - ErrorMessage: ''
0222251:
    - bResult: 'False'
    - OutDescEst: '' 
    - ErrorMessage: ''
0222250:
    - bResult: 'False'
    - OutDescEst: '' 
    - ErrorMessage: ''
0222249:
    - bResult: 'False'
    - OutDescEst: '' 
    - ErrorMessage: ''
0222169:
    - bResult: 'False'
    - OutDescEst: '' 
    - ErrorMessage: ''
0222168:
    - bResult: 'False'
    - OutDescEst: '' 
    - ErrorMessage: ''
0222167:
    - bResult: 'False'
    - OutDescEst: '' 
    - ErrorMessage: ''
0221593:
    - bResult: 'False'
    - OutDescEst: '' 
    - ErrorMessage: ''
0221150:
    - bResult: 'False'
    - OutDescEst: '' 
    - ErrorMessage: ''
0220909:
    - bResult: 'False'
    - OutDescEst: '' 
    - ErrorMessage: ''
0220908:
    - bResult: 'False'
    - OutDescEst: '' 
    - ErrorMessage: ''
0219896:
    - bResult: 'False'
    - OutDescEst: '' 
    - ErrorMessage: ''
0219895:
    - bResult: 'False'
    - OutDescEst: '' 
    - ErrorMessage: ''
0219822:
    - bResult: 'False'
    - OutDescEst: '' 
    - ErrorMessage: ''
0217069:
    - bResult: 'False'
    - OutDescEst: '' 
    - ErrorMessage: ''
0216123:
    - bResult: 'False'
    - OutDescEst: '' 
    - ErrorMessage: ''
0216122:
    - bResult: 'False'
    - OutDescEst: '' 
    - ErrorMessage: ''
0216121:
    - bResult: 'False'
    - OutDescEst: '' 
    - ErrorMessage: ''
0214644:
    - bResult: 'False'
    - OutDescEst: '' 
    - ErrorMessage: ''
0213031:
    - bResult: 'False'
    - OutDescEst: '' 
    - ErrorMessage: ''
0212267:
    - bResult: 'False'
    - OutDescEst: '' 
    - ErrorMessage: ''
0212266:
    - bResult: 'False'
    - OutDescEst: '' 
    - ErrorMessage: ''
0212265:
    - bResult: 'False'
    - OutDescEst: '' 
    - ErrorMessage: ''
0210994:
    - bResult: 'False'
    - OutDescEst: '' 
    - ErrorMessage: ''
0209567:
    - bResult: 'False'
    - OutDescEst: '' 
    - ErrorMessage: ''
0209204:
    - bResult: 'False'
    - OutDescEst: '' 
    - ErrorMessage: ''
0207868:
    - bResult: 'False'
    - OutDescEst: '' 
    - ErrorMessage: ''
0207864:
    - bResult: 'False'
    - OutDescEst: '' 
    - ErrorMessage: ''
0207863:
    - bResult: 'False'
    - OutDescEst: '' 
    - ErrorMessage: ''
0207844:
    - bResult: 'False'
    - OutDescEst: '' 
    - ErrorMessage: ''
0207778:
    - bResult: 'False'
    - OutDescEst: '' 
    - ErrorMessage: ''
0207131:
    - bResult: 'False'
    - OutDescEst: '' 
    - ErrorMessage: ''
0207129:
    - bResult: 'False'
    - OutDescEst: '' 
    - ErrorMessage: ''
0206677:
    - bResult: 'False'
    - OutDescEst: '' 
    - ErrorMessage: ''
0206676:
    - bResult: 'False'
    - OutDescEst: '' 
    - ErrorMessage: ''
0206675:
    - bResult: 'False'
    - OutDescEst: '' 
    - ErrorMessage: ''
0206403:
    - bResult: 'False'
    - OutDescEst: '' 
    - ErrorMessage: ''
0206396:
    - bResult: 'False'
    - OutDescEst: '' 
    - ErrorMessage: ''
0206388:
    - bResult: 'False'
    - OutDescEst: '' 
    - ErrorMessage: ''
0206383:
    - bResult: 'False'
    - OutDescEst: '' 
    - ErrorMessage: ''
0205855:
    - bResult: 'False'
    - OutDescEst: '' 
    - ErrorMessage: ''
0205852:
    - bResult: 'False'
    - OutDescEst: '' 
    - ErrorMessage: ''
0205462:
    - bResult: 'False'
    - OutDescEst: '' 
    - ErrorMessage: ''
0205295:
    - bResult: 'False'
    - OutDescEst: '' 
    - ErrorMessage: ''
0204682:
    - bResult: 'False'
    - OutDescEst: '' 
    - ErrorMessage: ''
0204523:
    - bResult: 'False'
    - OutDescEst: '' 
    - ErrorMessage: ''
0204247:
    - bResult: 'False'
    - OutDescEst: '' 
    - ErrorMessage: ''
0204234:
    - bResult: 'False'
    - OutDescEst: '' 
    - ErrorMessage: ''
0203999:
    - bResult: 'False'
    - OutDescEst: '' 
    - ErrorMessage: ''
0203124:
    - bResult: 'False'
    - OutDescEst: '' 
    - ErrorMessage: ''
0203123:
    - bResult: 'False'
    - OutDescEst: '' 
    - ErrorMessage: ''
0203122:
    - bResult: 'False'
    - OutDescEst: '' 
    - ErrorMessage: ''
0203121:
    - bResult: 'False'
    - OutDescEst: '' 
    - ErrorMessage: ''
0203108:
    - bResult: 'False'
    - OutDescEst: '' 
    - ErrorMessage: ''
0203107:
    - bResult: 'False'
    - OutDescEst: '' 
    - ErrorMessage: ''
0203106:
    - bResult: 'False'
    - OutDescEst: '' 
    - ErrorMessage: ''
0202904:
    - bResult: 'False'
    - OutDescEst: '' 
    - ErrorMessage: ''
0202724:
    - bResult: 'False'
    - OutDescEst: '' 
    - ErrorMessage: ''
0202686:
    - bResult: 'False'
    - OutDescEst: '' 
    - ErrorMessage: ''
0202540:
    - bResult: 'False'
    - OutDescEst: '' 
    - ErrorMessage: ''
0202539:
    - bResult: 'False'
    - OutDescEst: '' 
    - ErrorMessage: ''
0202538:
    - bResult: 'False'
    - OutDescEst: '' 
    - ErrorMessage: ''
0202537:
    - bResult: 'False'
    - OutDescEst: '' 
    - ErrorMessage: ''
0202511:
    - bResult: 'False'
    - OutDescEst: '' 
    - ErrorMessage: ''
0202510:
    - bResult: 'False'
    - OutDescEst: '' 
    - ErrorMessage: ''
0202313:
    - bResult: 'False'
    - OutDescEst: '' 
    - ErrorMessage: ''
0202288:
    - bResult: 'False'
    - OutDescEst: '' 
    - ErrorMessage: ''
0201758:
    - bResult: 'False'
    - OutDescEst: '' 
    - ErrorMessage: ''
0200926:
    - bResult: 'False'
    - OutDescEst: '' 
    - ErrorMessage: ''
0200639:
    - bResult: 'False'
    - OutDescEst: '' 
    - ErrorMessage: ''
0200495:
    - bResult: 'False'
    - OutDescEst: '' 
    - ErrorMessage: ''
0200493:
    - bResult: 'False'
    - OutDescEst: '' 
    - ErrorMessage: ''
0198799:
    - bResult: 'False'
    - OutDescEst: '' 
    - ErrorMessage: ''
0198023:
    - bResult: 'False'
    - OutDescEst: '' 
    - ErrorMessage: ''
0198022:
    - bResult: 'False'
    - OutDescEst: '' 
    - ErrorMessage: ''
0197915:
    - bResult: 'False'
    - OutDescEst: '' 
    - ErrorMessage: ''
0197914:
    - bResult: 'False'
    - OutDescEst: '' 
    - ErrorMessage: ''
0197913:
    - bResult: 'False'
    - OutDescEst: '' 
    - ErrorMessage: ''
0197806:
    - bResult: 'False'
    - OutDescEst: '' 
    - ErrorMessage: ''
0197803:
    - bResult: 'False'
    - OutDescEst: '' 
    - ErrorMessage: ''
0196781:
    - bResult: 'False'
    - OutDescEst: '' 
    - ErrorMessage: ''
0196289:
    - bResult: 'False'
    - OutDescEst: '' 
    - ErrorMessage: ''
0195326:
    - bResult: 'False'
    - OutDescEst: '' 
    - ErrorMessage: ''
0195325:
    - bResult: 'False'
    - OutDescEst: '' 
    - ErrorMessage: ''
0194688:
    - bResult: 'False'
    - OutDescEst: '' 
    - ErrorMessage: ''
0193366:
    - bResult: 'False'
    - OutDescEst: '' 
    - ErrorMessage: ''
0193365:
    - bResult: 'False'
    - OutDescEst: '' 
    - ErrorMessage: ''
0193364:
    - bResult: 'False'
    - OutDescEst: '' 
    - ErrorMessage: ''
0193363:
    - bResult: 'False'
    - OutDescEst: '' 
    - ErrorMessage: ''
0193362:
    - bResult: 'False'
    - OutDescEst: '' 
    - ErrorMessage: ''
0193361:
    - bResult: 'False'
    - OutDescEst: '' 
    - ErrorMessage: ''
0193318:
    - bResult: 'False'
    - OutDescEst: '' 
    - ErrorMessage: ''
0193317:
    - bResult: 'False'
    - OutDescEst: '' 
    - ErrorMessage: ''
0193093:
    - bResult: 'False'
    - OutDescEst: '' 
    - ErrorMessage: ''
0192475:
    - bResult: 'False'
    - OutDescEst: '' 
    - ErrorMessage: ''
0191957:
    - bResult: 'False'
    - OutDescEst: '' 
    - ErrorMessage: ''
0191956:
    - bResult: 'False'
    - OutDescEst: '' 
    - ErrorMessage: ''
0191320:
    - bResult: 'False'
    - OutDescEst: '' 
    - ErrorMessage: ''
0191296:
    - bResult: 'False'
    - OutDescEst: '' 
    - ErrorMessage: ''
0190497:
    - bResult: 'False'
    - OutDescEst: '' 
    - ErrorMessage: ''
0190496:
    - bResult: 'False'
    - OutDescEst: '' 
    - ErrorMessage: ''
0190206:
    - bResult: 'False'
    - OutDescEst: '' 
    - ErrorMessage: ''
0190205:
    - bResult: 'False'
    - OutDescEst: '' 
    - ErrorMessage: ''
0189435:
    - bResult: 'False'
    - OutDescEst: '' 
    - ErrorMessage: ''
0189210:
    - bResult: 'False'
    - OutDescEst: '' 
    - ErrorMessage: ''
0187823:
    - bResult: 'False'
    - OutDescEst: '' 
    - ErrorMessage: ''
0187822:
    - bResult: 'False'
    - OutDescEst: '' 
    - ErrorMessage: ''
0186907:
    - bResult: 'False'
    - OutDescEst: '' 
    - ErrorMessage: ''
0185735:
    - bResult: 'False'
    - OutDescEst: '' 
    - ErrorMessage: ''
0185733:
    - bResult: 'False'
    - OutDescEst: '' 
    - ErrorMessage: ''
0185696:
    - bResult: 'False'
    - OutDescEst: '' 
    - ErrorMessage: ''
0185695:
    - bResult: 'False'
    - OutDescEst: '' 
    - ErrorMessage: ''
0184633:
    - bResult: 'False'
    - OutDescEst: '' 
    - ErrorMessage: ''
0184632:
    - bResult: 'False'
    - OutDescEst: '' 
    - ErrorMessage: ''
0184631:
    - bResult: 'False'
    - OutDescEst: '' 
    - ErrorMessage: ''
0184630:
    - bResult: 'False'
    - OutDescEst: '' 
    - ErrorMessage: ''
0184629:
    - bResult: 'False'
    - OutDescEst: '' 
    - ErrorMessage: ''
0184505:
    - bResult: 'False'
    - OutDescEst: '' 
    - ErrorMessage: ''
0184504:
    - bResult: 'False'
    - OutDescEst: '' 
    - ErrorMessage: ''
0184106:
    - bResult: 'False'
    - OutDescEst: '' 
    - ErrorMessage: ''
0184105:
    - bResult: 'False'
    - OutDescEst: '' 
    - ErrorMessage: ''
0183446:
    - bResult: 'False'
    - OutDescEst: '' 
    - ErrorMessage: ''
0183443:
    - bResult: 'False'
    - OutDescEst: '' 
    - ErrorMessage: ''
0183442:
    - bResult: 'False'
    - OutDescEst: '' 
    - ErrorMessage: ''
0182833:
    - bResult: 'False'
    - OutDescEst: '' 
    - ErrorMessage: ''
0182832:
    - bResult: 'False'
    - OutDescEst: '' 
    - ErrorMessage: ''
0182831:
    - bResult: 'False'
    - OutDescEst: '' 
    - ErrorMessage: ''
0182530:
    - bResult: 'False'
    - OutDescEst: '' 
    - ErrorMessage: ''
0182334:
    - bResult: 'False'
    - OutDescEst: '' 
    - ErrorMessage: ''
0182333:
    - bResult: 'False'
    - OutDescEst: '' 
    - ErrorMessage: ''
0182294:
    - bResult: 'False'
    - OutDescEst: '' 
    - ErrorMessage: ''
0182209:
    - bResult: 'False'
    - OutDescEst: '' 
    - ErrorMessage: ''
0181774:
    - bResult: 'False'
    - OutDescEst: '' 
    - ErrorMessage: ''
0181773:
    - bResult: 'False'
    - OutDescEst: '' 
    - ErrorMessage: ''
0181351:
    - bResult: 'False'
    - OutDescEst: '' 
    - ErrorMessage: ''
0181138:
    - bResult: 'False'
    - OutDescEst: '' 
    - ErrorMessage: ''
0181137:
    - bResult: 'False'
    - OutDescEst: '' 
    - ErrorMessage: ''
0181133:
    - bResult: 'False'
    - OutDescEst: '' 
    - ErrorMessage: ''
0177724:
    - bResult: 'False'
    - OutDescEst: '' 
    - ErrorMessage: ''
0177723:
    - bResult: 'False'
    - OutDescEst: '' 
    - ErrorMessage: ''
0177432:
    - bResult: 'False'
    - OutDescEst: '' 
    - ErrorMessage: ''
0177431:
    - bResult: 'False'
    - OutDescEst: '' 
    - ErrorMessage: ''
0177430:
    - bResult: 'False'
    - OutDescEst: '' 
    - ErrorMessage: ''
0177429:
    - bResult: 'False'
    - OutDescEst: '' 
    - ErrorMessage: ''
0177428:
    - bResult: 'False'
    - OutDescEst: '' 
    - ErrorMessage: ''
0177427:
    - bResult: 'False'
    - OutDescEst: '' 
    - ErrorMessage: ''
0177426:
    - bResult: 'False'
    - OutDescEst: '' 
    - ErrorMessage: ''
0177425:
    - bResult: 'False'
    - OutDescEst: '' 
    - ErrorMessage: ''
0177424:
    - bResult: 'False'
    - OutDescEst: '' 
    - ErrorMessage: ''
0177423:
    - bResult: 'False'
    - OutDescEst: '' 
    - ErrorMessage: ''
0177299:
    - bResult: 'False'
    - OutDescEst: '' 
    - ErrorMessage: ''
0176699:
    - bResult: 'False'
    - OutDescEst: '' 
    - ErrorMessage: ''
0176698:
    - bResult: 'False'
    - OutDescEst: '' 
    - ErrorMessage: ''
0176697:
    - bResult: 'False'
    - OutDescEst: '' 
    - ErrorMessage: ''
0176696:
    - bResult: 'False'
    - OutDescEst: '' 
    - ErrorMessage: ''
0176695:
    - bResult: 'False'
    - OutDescEst: '' 
    - ErrorMessage: ''
0176694:
    - bResult: 'False'
    - OutDescEst: '' 
    - ErrorMessage: ''
0176693:
    - bResult: 'False'
    - OutDescEst: '' 
    - ErrorMessage: ''
0176289:
    - bResult: 'False'
    - OutDescEst: '' 
    - ErrorMessage: ''
0176288:
    - bResult: 'False'
    - OutDescEst: '' 
    - ErrorMessage: ''
0176286:
    - bResult: 'False'
    - OutDescEst: '' 
    - ErrorMessage: ''
0176285:
    - bResult: 'False'
    - OutDescEst: '' 
    - ErrorMessage: ''
0174781:
    - bResult: 'False'
    - OutDescEst: '' 
    - ErrorMessage: ''
0174700:
    - bResult: 'False'
    - OutDescEst: '' 
    - ErrorMessage: ''
0174699:
    - bResult: 'False'
    - OutDescEst: '' 
    - ErrorMessage: ''
0174697:
    - bResult: 'False'
    - OutDescEst: '' 
    - ErrorMessage: ''
0174694:
    - bResult: 'False'
    - OutDescEst: '' 
    - ErrorMessage: ''
0174691:
    - bResult: 'False'
    - OutDescEst: '' 
    - ErrorMessage: ''
0174690:
    - bResult: 'False'
    - OutDescEst: '' 
    - ErrorMessage: ''
0174689:
    - bResult: 'False'
    - OutDescEst: '' 
    - ErrorMessage: ''
0174688:
    - bResult: 'False'
    - OutDescEst: '' 
    - ErrorMessage: ''
0174687:
    - bResult: 'False'
    - OutDescEst: '' 
    - ErrorMessage: ''
0174686:
    - bResult: 'False'
    - OutDescEst: '' 
    - ErrorMessage: ''
0174413:
    - bResult: 'False'
    - OutDescEst: '' 
    - ErrorMessage: ''
0174412:
    - bResult: 'False'
    - OutDescEst: '' 
    - ErrorMessage: ''
0174204:
    - bResult: 'False'
    - OutDescEst: '' 
    - ErrorMessage: ''
0174203:
    - bResult: 'False'
    - OutDescEst: '' 
    - ErrorMessage: ''
0174202:
    - bResult: 'False'
    - OutDescEst: '' 
    - ErrorMessage: ''
0174201:
    - bResult: 'False'
    - OutDescEst: '' 
    - ErrorMessage: ''
0174198:
    - bResult: 'False'
    - OutDescEst: '' 
    - ErrorMessage: ''
0174195:
    - bResult: 'False'
    - OutDescEst: '' 
    - ErrorMessage: ''
0174194:
    - bResult: 'False'
    - OutDescEst: '' 
    - ErrorMessage: ''
0173264:
    - bResult: 'False'
    - OutDescEst: '' 
    - ErrorMessage: ''
0172388:
    - bResult: 'False'
    - OutDescEst: '' 
    - ErrorMessage: ''
0172385:
    - bResult: 'False'
    - OutDescEst: '' 
    - ErrorMessage: ''
0172384:
    - bResult: 'False'
    - OutDescEst: '' 
    - ErrorMessage: ''
0172383:
    - bResult: 'False'
    - OutDescEst: '' 
    - ErrorMessage: ''
0172271:
    - bResult: 'False'
    - OutDescEst: '' 
    - ErrorMessage: ''
0172240:
    - bResult: 'False'
    - OutDescEst: '' 
    - ErrorMessage: ''
0171078:
    - bResult: 'False'
    - OutDescEst: '' 
    - ErrorMessage: ''
0171076:
    - bResult: 'False'
    - OutDescEst: '' 
    - ErrorMessage: ''
0171075:
    - bResult: 'False'
    - OutDescEst: '' 
    - ErrorMessage: ''
0170420:
    - bResult: 'False'
    - OutDescEst: '' 
    - ErrorMessage: ''
0169381:
    - bResult: 'False'
    - OutDescEst: '' 
    - ErrorMessage: ''
0169380:
    - bResult: 'False'
    - OutDescEst: '' 
    - ErrorMessage: ''
0169379:
    - bResult: 'False'
    - OutDescEst: '' 
    - ErrorMessage: ''
0169378:
    - bResult: 'False'
    - OutDescEst: '' 
    - ErrorMessage: ''
0169377:
    - bResult: 'False'
    - OutDescEst: '' 
    - ErrorMessage: ''
0169376:
    - bResult: 'False'
    - OutDescEst: '' 
    - ErrorMessage: ''
0169176:
    - bResult: 'False'
    - OutDescEst: '' 
    - ErrorMessage: ''
0169175:
    - bResult: 'False'
    - OutDescEst: '' 
    - ErrorMessage: ''
0169092:
    - bResult: 'False'
    - OutDescEst: '' 
    - ErrorMessage: ''
0169091:
    - bResult: 'False'
    - OutDescEst: '' 
    - ErrorMessage: ''
0167545:
    - bResult: 'False'
    - OutDescEst: '' 
    - ErrorMessage: ''
0167544:
    - bResult: 'False'
    - OutDescEst: '' 
    - ErrorMessage: ''
0167543:
    - bResult: 'False'
    - OutDescEst: '' 
    - ErrorMessage: ''
0167542:
    - bResult: 'False'
    - OutDescEst: '' 
    - ErrorMessage: ''
0167048:
    - bResult: 'False'
    - OutDescEst: '' 
    - ErrorMessage: ''
0167047:
    - bResult: 'False'
    - OutDescEst: '' 
    - ErrorMessage: ''
0167046:
    - bResult: 'False'
    - OutDescEst: '' 
    - ErrorMessage: ''
0165919:
    - bResult: 'False'
    - OutDescEst: '' 
    - ErrorMessage: ''
0165918:
    - bResult: 'False'
    - OutDescEst: '' 
    - ErrorMessage: ''
0165917:
    - bResult: 'False'
    - OutDescEst: '' 
    - ErrorMessage: ''
0165276:
    - bResult: 'False'
    - OutDescEst: '' 
    - ErrorMessage: ''
0165275:
    - bResult: 'False'
    - OutDescEst: '' 
    - ErrorMessage: ''
0165255:
    - bResult: 'False'
    - OutDescEst: '' 
    - ErrorMessage: ''
0165250:
    - bResult: 'False'
    - OutDescEst: '' 
    - ErrorMessage: ''
0165079:
    - bResult: 'False'
    - OutDescEst: '' 
    - ErrorMessage: ''
0165078:
    - bResult: 'False'
    - OutDescEst: '' 
    - ErrorMessage: ''
0165075:
    - bResult: 'False'
    - OutDescEst: '' 
    - ErrorMessage: ''
0164609:
    - bResult: 'False'
    - OutDescEst: '' 
    - ErrorMessage: ''
0164608:
    - bResult: 'False'
    - OutDescEst: '' 
    - ErrorMessage: ''
0164607:
    - bResult: 'False'
    - OutDescEst: '' 
    - ErrorMessage: ''
0164606:
    - bResult: 'False'
    - OutDescEst: '' 
    - ErrorMessage: ''
0164605:
    - bResult: 'False'
    - OutDescEst: '' 
    - ErrorMessage: ''
0164604:
    - bResult: 'False'
    - OutDescEst: '' 
    - ErrorMessage: ''
0164603:
    - bResult: 'False'
    - OutDescEst: '' 
    - ErrorMessage: ''
0164450:
    - bResult: 'False'
    - OutDescEst: '' 
    - ErrorMessage: ''
0164449:
    - bResult: 'False'
    - OutDescEst: '' 
    - ErrorMessage: ''
0164196:
    - bResult: 'False'
    - OutDescEst: '' 
    - ErrorMessage: ''
0164195:
    - bResult: 'False'
    - OutDescEst: '' 
    - ErrorMessage: ''
0164194:
    - bResult: 'False'
    - OutDescEst: '' 
    - ErrorMessage: ''
0163803:
    - bResult: 'False'
    - OutDescEst: '' 
    - ErrorMessage: ''
0163802:
    - bResult: 'False'
    - OutDescEst: '' 
    - ErrorMessage: ''
0163553:
    - bResult: 'False'
    - OutDescEst: '' 
    - ErrorMessage: ''
0162820:
    - bResult: 'False'
    - OutDescEst: '' 
    - ErrorMessage: ''
0162359:
    - bResult: 'False'
    - OutDescEst: '' 
    - ErrorMessage: ''
0162356:
    - bResult: 'False'
    - OutDescEst: '' 
    - ErrorMessage: ''
0162353:
    - bResult: 'False'
    - OutDescEst: '' 
    - ErrorMessage: ''
0162352:
    - bResult: 'False'
    - OutDescEst: '' 
    - ErrorMessage: ''
0162351:
    - bResult: 'False'
    - OutDescEst: '' 
    - ErrorMessage: ''
0162350:
    - bResult: 'False'
    - OutDescEst: '' 
    - ErrorMessage: ''
0162349:
    - bResult: 'False'
    - OutDescEst: '' 
    - ErrorMessage: ''
0162348:
    - bResult: 'False'
    - OutDescEst: '' 
    - ErrorMessage: ''
0162347:
    - bResult: 'False'
    - OutDescEst: '' 
    - ErrorMessage: ''
0162346:
    - bResult: 'False'
    - OutDescEst: '' 
    - ErrorMessage: ''
0162345:
    - bResult: 'False'
    - OutDescEst: '' 
    - ErrorMessage: ''
0162344:
    - bResult: 'False'
    - OutDescEst: '' 
    - ErrorMessage: ''
0162343:
    - bResult: 'False'
    - OutDescEst: '' 
    - ErrorMessage: ''
0162125:
    - bResult: 'False'
    - OutDescEst: '' 
    - ErrorMessage: ''
0162124:
    - bResult: 'False'
    - OutDescEst: '' 
    - ErrorMessage: ''
0162123:
    - bResult: 'False'
    - OutDescEst: '' 
    - ErrorMessage: ''
0162122:
    - bResult: 'False'
    - OutDescEst: '' 
    - ErrorMessage: ''
0161215:
    - bResult: 'False'
    - OutDescEst: '' 
    - ErrorMessage: ''
0161090:
    - bResult: 'False'
    - OutDescEst: '' 
    - ErrorMessage: ''
0161089:
    - bResult: 'False'
    - OutDescEst: '' 
    - ErrorMessage: ''
0159651:
    - bResult: 'False'
    - OutDescEst: '' 
    - ErrorMessage: ''
0159283:
    - bResult: 'False'
    - OutDescEst: '' 
    - ErrorMessage: ''
0158052:
    - bResult: 'False'
    - OutDescEst: '' 
    - ErrorMessage: ''
0158051:
    - bResult: 'False'
    - OutDescEst: '' 
    - ErrorMessage: ''
0157681:
    - bResult: 'False'
    - OutDescEst: '' 
    - ErrorMessage: ''
0157670:
    - bResult: 'False'
    - OutDescEst: '' 
    - ErrorMessage: ''
0156898:
    - bResult: 'False'
    - OutDescEst: '' 
    - ErrorMessage: ''
0156897:
    - bResult: 'False'
    - OutDescEst: '' 
    - ErrorMessage: ''
0156420:
    - bResult: 'False'
    - OutDescEst: '' 
    - ErrorMessage: ''
0155973:
    - bResult: 'False'
    - OutDescEst: '' 
    - ErrorMessage: ''
0155790:
    - bResult: 'False'
    - OutDescEst: '' 
    - ErrorMessage: ''
0155644:
    - bResult: 'False'
    - OutDescEst: '' 
    - ErrorMessage: ''
0155643:
    - bResult: 'False'
    - OutDescEst: '' 
    - ErrorMessage: ''
0154173:
    - bResult: 'False'
    - OutDescEst: '' 
    - ErrorMessage: ''
0154172:
    - bResult: 'False'
    - OutDescEst: '' 
    - ErrorMessage: ''
0153795:
    - bResult: 'False'
    - OutDescEst: '' 
    - ErrorMessage: ''
0153794:
    - bResult: 'False'
    - OutDescEst: '' 
    - ErrorMessage: ''
0153552:
    - bResult: 'False'
    - OutDescEst: '' 
    - ErrorMessage: ''
0153551:
    - bResult: 'False'
    - OutDescEst: '' 
    - ErrorMessage: ''
0153550:
    - bResult: 'False'
    - OutDescEst: '' 
    - ErrorMessage: ''
0153549:
    - bResult: 'False'
    - OutDescEst: '' 
    - ErrorMessage: ''
0153548:
    - bResult: 'False'
    - OutDescEst: '' 
    - ErrorMessage: ''
0153547:
    - bResult: 'False'
    - OutDescEst: '' 
    - ErrorMessage: ''
0153054:
    - bResult: 'False'
    - OutDescEst: '' 
    - ErrorMessage: ''
0153053:
    - bResult: 'False'
    - OutDescEst: '' 
    - ErrorMessage: ''
0151888:
    - bResult: 'False'
    - OutDescEst: '' 
    - ErrorMessage: ''
0151884:
    - bResult: 'False'
    - OutDescEst: '' 
    - ErrorMessage: ''
0151660:
    - bResult: 'False'
    - OutDescEst: '' 
    - ErrorMessage: ''
0151659:
    - bResult: 'False'
    - OutDescEst: '' 
    - ErrorMessage: ''
0151321:
    - bResult: 'False'
    - OutDescEst: '' 
    - ErrorMessage: ''
0151320:
    - bResult: 'False'
    - OutDescEst: '' 
    - ErrorMessage: ''
0148135:
    - bResult: 'False'
    - OutDescEst: '' 
    - ErrorMessage: ''
0148134:
    - bResult: 'False'
    - OutDescEst: '' 
    - ErrorMessage: ''
0148133:
    - bResult: 'False'
    - OutDescEst: '' 
    - ErrorMessage: ''
0147095:
    - bResult: 'False'
    - OutDescEst: '' 
    - ErrorMessage: ''
0147094:
    - bResult: 'False'
    - OutDescEst: '' 
    - ErrorMessage: ''
0147082:
    - bResult: 'False'
    - OutDescEst: '' 
    - ErrorMessage: ''
0146837:
    - bResult: 'False'
    - OutDescEst: '' 
    - ErrorMessage: ''
0146707:
    - bResult: 'False'
    - OutDescEst: '' 
    - ErrorMessage: ''
0146706:
    - bResult: 'False'
    - OutDescEst: '' 
    - ErrorMessage: ''
0146349:
    - bResult: 'False'
    - OutDescEst: '' 
    - ErrorMessage: ''
0146171:
    - bResult: 'False'
    - OutDescEst: '' 
    - ErrorMessage: ''
0146164:
    - bResult: 'False'
    - OutDescEst: '' 
    - ErrorMessage: ''
0146163:
    - bResult: 'False'
    - OutDescEst: '' 
    - ErrorMessage: ''
0146137:
    - bResult: 'False'
    - OutDescEst: '' 
    - ErrorMessage: ''
0146136:
    - bResult: 'False'
    - OutDescEst: '' 
    - ErrorMessage: ''
0146135:
    - bResult: 'False'
    - OutDescEst: '' 
    - ErrorMessage: ''
0146134:
    - bResult: 'False'
    - OutDescEst: '' 
    - ErrorMessage: ''
0146133:
    - bResult: 'False'
    - OutDescEst: '' 
    - ErrorMessage: ''
0146114:
    - bResult: 'False'
    - OutDescEst: '' 
    - ErrorMessage: ''
0146113:
    - bResult: 'False'
    - OutDescEst: '' 
    - ErrorMessage: ''
0145561:
    - bResult: 'False'
    - OutDescEst: '' 
    - ErrorMessage: ''
0145559:
    - bResult: 'False'
    - OutDescEst: '' 
    - ErrorMessage: ''
0145041:
    - bResult: 'False'
    - OutDescEst: '' 
    - ErrorMessage: ''
0144511:
    - bResult: 'False'
    - OutDescEst: '' 
    - ErrorMessage: ''
0144510:
    - bResult: 'False'
    - OutDescEst: '' 
    - ErrorMessage: ''
0144478:
    - bResult: 'False'
    - OutDescEst: '' 
    - ErrorMessage: ''
0144407:
    - bResult: 'False'
    - OutDescEst: '' 
    - ErrorMessage: ''
0144399:
    - bResult: 'False'
    - OutDescEst: '' 
    - ErrorMessage: ''
0144398:
    - bResult: 'False'
    - OutDescEst: '' 
    - ErrorMessage: ''
0144397:
    - bResult: 'False'
    - OutDescEst: '' 
    - ErrorMessage: ''
0144389:
    - bResult: 'False'
    - OutDescEst: '' 
    - ErrorMessage: ''
0144388:
    - bResult: 'False'
    - OutDescEst: '' 
    - ErrorMessage: ''
0144387:
    - bResult: 'False'
    - OutDescEst: '' 
    - ErrorMessage: ''
0144386:
    - bResult: 'False'
    - OutDescEst: '' 
    - ErrorMessage: ''
0144047:
    - bResult: 'False'
    - OutDescEst: '' 
    - ErrorMessage: ''
0144046:
    - bResult: 'False'
    - OutDescEst: '' 
    - ErrorMessage: ''
0144045:
    - bResult: 'False'
    - OutDescEst: '' 
    - ErrorMessage: ''
0143707:
    - bResult: 'False'
    - OutDescEst: '' 
    - ErrorMessage: ''
0143706:
    - bResult: 'False'
    - OutDescEst: '' 
    - ErrorMessage: ''
0143705:
    - bResult: 'False'
    - OutDescEst: '' 
    - ErrorMessage: ''
0142316:
    - bResult: 'False'
    - OutDescEst: '' 
    - ErrorMessage: ''
0141489:
    - bResult: 'False'
    - OutDescEst: '' 
    - ErrorMessage: ''
0141360:
    - bResult: 'False'
    - OutDescEst: '' 
    - ErrorMessage: ''
0141358:
    - bResult: 'False'
    - OutDescEst: '' 
    - ErrorMessage: ''
0141306:
    - bResult: 'False'
    - OutDescEst: '' 
    - ErrorMessage: ''
0141305:
    - bResult: 'False'
    - OutDescEst: '' 
    - ErrorMessage: ''
0141137:
    - bResult: 'False'
    - OutDescEst: '' 
    - ErrorMessage: ''
0141136:
    - bResult: 'False'
    - OutDescEst: '' 
    - ErrorMessage: ''
0141006:
    - bResult: 'False'
    - OutDescEst: '' 
    - ErrorMessage: ''
0141005:
    - bResult: 'False'
    - OutDescEst: '' 
    - ErrorMessage: ''
0140765:
    - bResult: 'False'
    - OutDescEst: '' 
    - ErrorMessage: ''
0140764:
    - bResult: 'False'
    - OutDescEst: '' 
    - ErrorMessage: ''
0140763:
    - bResult: 'False'
    - OutDescEst: '' 
    - ErrorMessage: ''
0139746:
    - bResult: 'False'
    - OutDescEst: '' 
    - ErrorMessage: ''
0139511:
    - bResult: 'False'
    - OutDescEst: '' 
    - ErrorMessage: ''
0139497:
    - bResult: 'False'
    - OutDescEst: '' 
    - ErrorMessage: ''
0139494:
    - bResult: 'False'
    - OutDescEst: '' 
    - ErrorMessage: ''
0139493:
    - bResult: 'False'
    - OutDescEst: '' 
    - ErrorMessage: ''
0139142:
    - bResult: 'False'
    - OutDescEst: '' 
    - ErrorMessage: ''
0139141:
    - bResult: 'False'
    - OutDescEst: '' 
    - ErrorMessage: ''
0138378:
    - bResult: 'False'
    - OutDescEst: '' 
    - ErrorMessage: ''
0138076:
    - bResult: 'False'
    - OutDescEst: '' 
    - ErrorMessage: ''
0137471:
    - bResult: 'False'
    - OutDescEst: '' 
    - ErrorMessage: ''
0137470:
    - bResult: 'False'
    - OutDescEst: '' 
    - ErrorMessage: ''
0136917:
    - bResult: 'False'
    - OutDescEst: '' 
    - ErrorMessage: ''
0136916:
    - bResult: 'False'
    - OutDescEst: '' 
    - ErrorMessage: ''
0136337:
    - bResult: 'False'
    - OutDescEst: '' 
    - ErrorMessage: ''
0136333:
    - bResult: 'False'
    - OutDescEst: '' 
    - ErrorMessage: ''
0135768:
    - bResult: 'False'
    - OutDescEst: '' 
    - ErrorMessage: ''
0135268:
    - bResult: 'False'
    - OutDescEst: '' 
    - ErrorMessage: ''
0135148:
    - bResult: 'False'
    - OutDescEst: '' 
    - ErrorMessage: ''
0135147:
    - bResult: 'False'
    - OutDescEst: '' 
    - ErrorMessage: ''
0135048:
    - bResult: 'False'
    - OutDescEst: '' 
    - ErrorMessage: ''
0135047:
    - bResult: 'False'
    - OutDescEst: '' 
    - ErrorMessage: ''
0134850:
    - bResult: 'False'
    - OutDescEst: '' 
    - ErrorMessage: ''
0134785:
    - bResult: 'False'
    - OutDescEst: '' 
    - ErrorMessage: ''
0134783:
    - bResult: 'False'
    - OutDescEst: '' 
    - ErrorMessage: ''
0133032:
    - bResult: 'False'
    - OutDescEst: '' 
    - ErrorMessage: ''
0133031:
    - bResult: 'False'
    - OutDescEst: '' 
    - ErrorMessage: ''
0133013:
    - bResult: 'False'
    - OutDescEst: '' 
    - ErrorMessage: ''
0133008:
    - bResult: 'False'
    - OutDescEst: '' 
    - ErrorMessage: ''
0132954:
    - bResult: 'False'
    - OutDescEst: '' 
    - ErrorMessage: ''
0132953:
    - bResult: 'False'
    - OutDescEst: '' 
    - ErrorMessage: ''
0132952:
    - bResult: 'False'
    - OutDescEst: '' 
    - ErrorMessage: ''
0132951:
    - bResult: 'False'
    - OutDescEst: '' 
    - ErrorMessage: ''
0132940:
    - bResult: 'False'
    - OutDescEst: '' 
    - ErrorMessage: ''
0132933:
    - bResult: 'False'
    - OutDescEst: '' 
    - ErrorMessage: ''
0132932:
    - bResult: 'False'
    - OutDescEst: '' 
    - ErrorMessage: ''
0132931:
    - bResult: 'False'
    - OutDescEst: '' 
    - ErrorMessage: ''
0132924:
    - bResult: 'False'
    - OutDescEst: '' 
    - ErrorMessage: ''
0131458:
    - bResult: 'False'
    - OutDescEst: '' 
    - ErrorMessage: ''
0131096:
    - bResult: 'False'
    - OutDescEst: '' 
    - ErrorMessage: ''
0130511:
    - bResult: 'False'
    - OutDescEst: '' 
    - ErrorMessage: ''
0130510:
    - bResult: 'False'
    - OutDescEst: '' 
    - ErrorMessage: ''
0130147:
    - bResult: 'False'
    - OutDescEst: '' 
    - ErrorMessage: ''
0130146:
    - bResult: 'False'
    - OutDescEst: '' 
    - ErrorMessage: ''
0129977:
    - bResult: 'False'
    - OutDescEst: '' 
    - ErrorMessage: ''
0129188:
    - bResult: 'False'
    - OutDescEst: '' 
    - ErrorMessage: ''
0129171:
    - bResult: 'False'
    - OutDescEst: '' 
    - ErrorMessage: ''
0129026:
    - bResult: 'False'
    - OutDescEst: '' 
    - ErrorMessage: ''
0129025:
    - bResult: 'False'
    - OutDescEst: '' 
    - ErrorMessage: ''
0128896:
    - bResult: 'False'
    - OutDescEst: '' 
    - ErrorMessage: ''
0128895:
    - bResult: 'False'
    - OutDescEst: '' 
    - ErrorMessage: ''
0128857:
    - bResult: 'False'
    - OutDescEst: '' 
    - ErrorMessage: ''
0128804:
    - bResult: 'False'
    - OutDescEst: '' 
    - ErrorMessage: ''
0128803:
    - bResult: 'False'
    - OutDescEst: '' 
    - ErrorMessage: ''
0128802:
    - bResult: 'False'
    - OutDescEst: '' 
    - ErrorMessage: ''
0128506:
    - bResult: 'False'
    - OutDescEst: '' 
    - ErrorMessage: ''
0128447:
    - bResult: 'False'
    - OutDescEst: '' 
    - ErrorMessage: ''
0128446:
    - bResult: 'False'
    - OutDescEst: '' 
    - ErrorMessage: ''
0126597:
    - bResult: 'False'
    - OutDescEst: '' 
    - ErrorMessage: ''
0126596:
    - bResult: 'False'
    - OutDescEst: '' 
    - ErrorMessage: ''
0126592:
    - bResult: 'False'
    - OutDescEst: '' 
    - ErrorMessage: ''
0126591:
    - bResult: 'False'
    - OutDescEst: '' 
    - ErrorMessage: ''
0126590:
    - bResult: 'False'
    - OutDescEst: '' 
    - ErrorMessage: ''
0125468:
    - bResult: 'False'
    - OutDescEst: '' 
    - ErrorMessage: ''
0125467:
    - bResult: 'False'
    - OutDescEst: '' 
    - ErrorMessage: ''
0125442:
    - bResult: 'False'
    - OutDescEst: '' 
    - ErrorMessage: ''
0125441:
    - bResult: 'False'
    - OutDescEst: '' 
    - ErrorMessage: ''
0125440:
    - bResult: 'False'
    - OutDescEst: '' 
    - ErrorMessage: ''
0125439:
    - bResult: 'False'
    - OutDescEst: '' 
    - ErrorMessage: ''
0125438:
    - bResult: 'False'
    - OutDescEst: '' 
    - ErrorMessage: ''
0125212:
    - bResult: 'False'
    - OutDescEst: '' 
    - ErrorMessage: ''
0125201:
    - bResult: 'False'
    - OutDescEst: '' 
    - ErrorMessage: ''
0125200:
    - bResult: 'False'
    - OutDescEst: '' 
    - ErrorMessage: ''
0125199:
    - bResult: 'False'
    - OutDescEst: '' 
    - ErrorMessage: ''
0125198:
    - bResult: 'False'
    - OutDescEst: '' 
    - ErrorMessage: ''
0125197:
    - bResult: 'False'
    - OutDescEst: '' 
    - ErrorMessage: ''
0124023:
    - bResult: 'False'
    - OutDescEst: '' 
    - ErrorMessage: ''
0124022:
    - bResult: 'False'
    - OutDescEst: '' 
    - ErrorMessage: ''
0123532:
    - bResult: 'False'
    - OutDescEst: '' 
    - ErrorMessage: ''
0120365:
    - bResult: 'False'
    - OutDescEst: '' 
    - ErrorMessage: ''
0120364:
    - bResult: 'False'
    - OutDescEst: '' 
    - ErrorMessage: ''
0120363:
    - bResult: 'False'
    - OutDescEst: '' 
    - ErrorMessage: ''
0119895:
    - bResult: 'False'
    - OutDescEst: '' 
    - ErrorMessage: ''
0119690:
    - bResult: 'False'
    - OutDescEst: '' 
    - ErrorMessage: ''
0119525:
    - bResult: 'False'
    - OutDescEst: '' 
    - ErrorMessage: ''
0119132:
    - bResult: 'False'
    - OutDescEst: '' 
    - ErrorMessage: ''
0119131:
    - bResult: 'False'
    - OutDescEst: '' 
    - ErrorMessage: ''
0119130:
    - bResult: 'False'
    - OutDescEst: '' 
    - ErrorMessage: ''
0117202:
    - bResult: 'False'
    - OutDescEst: '' 
    - ErrorMessage: ''
0116717:
    - bResult: 'False'
    - OutDescEst: '' 
    - ErrorMessage: ''
0116716:
    - bResult: 'False'
    - OutDescEst: '' 
    - ErrorMessage: ''
0116715:
    - bResult: 'False'
    - OutDescEst: '' 
    - ErrorMessage: ''
0116161:
    - bResult: 'False'
    - OutDescEst: '' 
    - ErrorMessage: ''
0116160:
    - bResult: 'False'
    - OutDescEst: '' 
    - ErrorMessage: ''
0115846:
    - bResult: 'False'
    - OutDescEst: '' 
    - ErrorMessage: ''
0115845:
    - bResult: 'False'
    - OutDescEst: '' 
    - ErrorMessage: ''
0115839:
    - bResult: 'False'
    - OutDescEst: '' 
    - ErrorMessage: ''
0115838:
    - bResult: 'False'
    - OutDescEst: '' 
    - ErrorMessage: ''
0115274:
    - bResult: 'False'
    - OutDescEst: '' 
    - ErrorMessage: ''
0115273:
    - bResult: 'False'
    - OutDescEst: '' 
    - ErrorMessage: ''
0114882:
    - bResult: 'False'
    - OutDescEst: '' 
    - ErrorMessage: ''
0114881:
    - bResult: 'False'
    - OutDescEst: '' 
    - ErrorMessage: ''
0114880:
    - bResult: 'False'
    - OutDescEst: '' 
    - ErrorMessage: ''
0114879:
    - bResult: 'False'
    - OutDescEst: '' 
    - ErrorMessage: ''
0114878:
    - bResult: 'False'
    - OutDescEst: '' 
    - ErrorMessage: ''
0114877:
    - bResult: 'False'
    - OutDescEst: '' 
    - ErrorMessage: ''
0114876:
    - bResult: 'False'
    - OutDescEst: '' 
    - ErrorMessage: ''
0114875:
    - bResult: 'False'
    - OutDescEst: '' 
    - ErrorMessage: ''
0114871:
    - bResult: 'False'
    - OutDescEst: '' 
    - ErrorMessage: ''
0114870:
    - bResult: 'False'
    - OutDescEst: '' 
    - ErrorMessage: ''
0114869:
    - bResult: 'False'
    - OutDescEst: '' 
    - ErrorMessage: ''
0114868:
    - bResult: 'False'
    - OutDescEst: '' 
    - ErrorMessage: ''
0114867:
    - bResult: 'False'
    - OutDescEst: '' 
    - ErrorMessage: ''
0114866:
    - bResult: 'False'
    - OutDescEst: '' 
    - ErrorMessage: ''
0114865:
    - bResult: 'False'
    - OutDescEst: '' 
    - ErrorMessage: ''
0114860:
    - bResult: 'False'
    - OutDescEst: '' 
    - ErrorMessage: ''
0114859:
    - bResult: 'False'
    - OutDescEst: '' 
    - ErrorMessage: ''
0114858:
    - bResult: 'False'
    - OutDescEst: '' 
    - ErrorMessage: ''
0114857:
    - bResult: 'False'
    - OutDescEst: '' 
    - ErrorMessage: ''
0114856:
    - bResult: 'False'
    - OutDescEst: '' 
    - ErrorMessage: ''
0114855:
    - bResult: 'False'
    - OutDescEst: '' 
    - ErrorMessage: ''
0114824:
    - bResult: 'False'
    - OutDescEst: '' 
    - ErrorMessage: ''
0114823:
    - bResult: 'False'
    - OutDescEst: '' 
    - ErrorMessage: ''
0114788:
    - bResult: 'False'
    - OutDescEst: '' 
    - ErrorMessage: ''
0114787:
    - bResult: 'False'
    - OutDescEst: '' 
    - ErrorMessage: ''
0114786:
    - bResult: 'False'
    - OutDescEst: '' 
    - ErrorMessage: ''
0114632:
    - bResult: 'False'
    - OutDescEst: '' 
    - ErrorMessage: ''
0114390:
    - bResult: 'False'
    - OutDescEst: '' 
    - ErrorMessage: ''
0114389:
    - bResult: 'False'
    - OutDescEst: '' 
    - ErrorMessage: ''
0113882:
    - bResult: 'False'
    - OutDescEst: '' 
    - ErrorMessage: ''
0113510:
    - bResult: 'False'
    - OutDescEst: '' 
    - ErrorMessage: ''
0108115:
    - bResult: 'False'
    - OutDescEst: '' 
    - ErrorMessage: ''
0108114:
    - bResult: 'False'
    - OutDescEst: '' 
    - ErrorMessage: ''
0108059:
    - bResult: 'False'
    - OutDescEst: '' 
    - ErrorMessage: ''
0108058:
    - bResult: 'False'
    - OutDescEst: '' 
    - ErrorMessage: ''
0108057:
    - bResult: 'False'
    - OutDescEst: '' 
    - ErrorMessage: ''
0106856:
    - bResult: 'False'
    - OutDescEst: '' 
    - ErrorMessage: ''
0106692:
    - bResult: 'False'
    - OutDescEst: '' 
    - ErrorMessage: ''
0106691:
    - bResult: 'False'
    - OutDescEst: '' 
    - ErrorMessage: ''
0106690:
    - bResult: 'False'
    - OutDescEst: '' 
    - ErrorMessage: ''
0106689:
    - bResult: 'False'
    - OutDescEst: '' 
    - ErrorMessage: ''
0106403:
    - bResult: 'False'
    - OutDescEst: '' 
    - ErrorMessage: ''
0104885:
    - bResult: 'False'
    - OutDescEst: '' 
    - ErrorMessage: ''
0104818:
    - bResult: 'False'
    - OutDescEst: '' 
    - ErrorMessage: ''
0104817:
    - bResult: 'False'
    - OutDescEst: '' 
    - ErrorMessage: ''
0104816:
    - bResult: 'False'
    - OutDescEst: '' 
    - ErrorMessage: ''
0102118:
    - bResult: 'False'
    - OutDescEst: '' 
    - ErrorMessage: ''
0101779:
    - bResult: 'False'
    - OutDescEst: '' 
    - ErrorMessage: ''
0101774:
    - bResult: 'False'
    - OutDescEst: '' 
    - ErrorMessage: ''
0101773:
    - bResult: 'False'
    - OutDescEst: '' 
    - ErrorMessage: ''
0101772:
    - bResult: 'False'
    - OutDescEst: '' 
    - ErrorMessage: ''
0101691:
    - bResult: 'False'
    - OutDescEst: '' 
    - ErrorMessage: ''
0101690:
    - bResult: 'False'
    - OutDescEst: '' 
    - ErrorMessage: ''
0101689:
    - bResult: 'False'
    - OutDescEst: '' 
    - ErrorMessage: ''
0101688:
    - bResult: 'False'
    - OutDescEst: '' 
    - ErrorMessage: ''
0101687:
    - bResult: 'False'
    - OutDescEst: '' 
    - ErrorMessage: ''
0101526:
    - bResult: 'False'
    - OutDescEst: '' 
    - ErrorMessage: ''
0101525:
    - bResult: 'False'
    - OutDescEst: '' 
    - ErrorMessage: ''
0101524:
    - bResult: 'False'
    - OutDescEst: '' 
    - ErrorMessage: ''
0101523:
    - bResult: 'False'
    - OutDescEst: '' 
    - ErrorMessage: ''
0101522:
    - bResult: 'False'
    - OutDescEst: '' 
    - ErrorMessage: ''
0100964:
    - bResult: 'False'
    - OutDescEst: '' 
    - ErrorMessage: ''
0100613:
    - bResult: 'False'
    - OutDescEst: '' 
    - ErrorMessage: ''
0100612:
    - bResult: 'False'
    - OutDescEst: '' 
    - ErrorMessage: ''
0100209:
    - bResult: 'False'
    - OutDescEst: '' 
    - ErrorMessage: ''
0100208:
    - bResult: 'False'
    - OutDescEst: '' 
    - ErrorMessage: ''
0100207:
    - bResult: 'False'
    - OutDescEst: '' 
    - ErrorMessage: ''
0099988:
    - bResult: 'False'
    - OutDescEst: '' 
    - ErrorMessage: ''
0099987:
    - bResult: 'False'
    - OutDescEst: '' 
    - ErrorMessage: ''
0099608:
    - bResult: 'False'
    - OutDescEst: '' 
    - ErrorMessage: ''
0099607:
    - bResult: 'False'
    - OutDescEst: '' 
    - ErrorMessage: ''
0099605:
    - bResult: 'False'
    - OutDescEst: '' 
    - ErrorMessage: ''
0099604:
    - bResult: 'False'
    - OutDescEst: '' 
    - ErrorMessage: ''
0099580:
    - bResult: 'False'
    - OutDescEst: '' 
    - ErrorMessage: ''
0099574:
    - bResult: 'False'
    - OutDescEst: '' 
    - ErrorMessage: ''
0099563:
    - bResult: 'False'
    - OutDescEst: '' 
    - ErrorMessage: ''
0099562:
    - bResult: 'False'
    - OutDescEst: '' 
    - ErrorMessage: ''
0099561:
    - bResult: 'False'
    - OutDescEst: '' 
    - ErrorMessage: ''
0099560:
    - bResult: 'False'
    - OutDescEst: '' 
    - ErrorMessage: ''
0099559:
    - bResult: 'False'
    - OutDescEst: '' 
    - ErrorMessage: ''
0099558:
    - bResult: 'False'
    - OutDescEst: '' 
    - ErrorMessage: ''
0099554:
    - bResult: 'False'
    - OutDescEst: '' 
    - ErrorMessage: ''
0099553:
    - bResult: 'False'
    - OutDescEst: '' 
    - ErrorMessage: ''
0099552:
    - bResult: 'False'
    - OutDescEst: '' 
    - ErrorMessage: ''
0098632:
    - bResult: 'False'
    - OutDescEst: '' 
    - ErrorMessage: ''
0098558:
    - bResult: 'False'
    - OutDescEst: '' 
    - ErrorMessage: ''
0098557:
    - bResult: 'False'
    - OutDescEst: '' 
    - ErrorMessage: ''
0098555:
    - bResult: 'False'
    - OutDescEst: '' 
    - ErrorMessage: ''
0098554:
    - bResult: 'False'
    - OutDescEst: '' 
    - ErrorMessage: ''
0098553:
    - bResult: 'False'
    - OutDescEst: '' 
    - ErrorMessage: ''
0098552:
    - bResult: 'False'
    - OutDescEst: '' 
    - ErrorMessage: ''
0098375:
    - bResult: 'False'
    - OutDescEst: '' 
    - ErrorMessage: ''
0098374:
    - bResult: 'False'
    - OutDescEst: '' 
    - ErrorMessage: ''
0098187:
    - bResult: 'False'
    - OutDescEst: '' 
    - ErrorMessage: ''
0096613:
    - bResult: 'False'
    - OutDescEst: '' 
    - ErrorMessage: ''
0096612:
    - bResult: 'False'
    - OutDescEst: '' 
    - ErrorMessage: ''
0095145:
    - bResult: 'False'
    - OutDescEst: '' 
    - ErrorMessage: ''
0095144:
    - bResult: 'False'
    - OutDescEst: '' 
    - ErrorMessage: ''
0095143:
    - bResult: 'False'
    - OutDescEst: '' 
    - ErrorMessage: ''
0095142:
    - bResult: 'False'
    - OutDescEst: '' 
    - ErrorMessage: ''
0094187:
    - bResult: 'False'
    - OutDescEst: '' 
    - ErrorMessage: ''
0094186:
    - bResult: 'False'
    - OutDescEst: '' 
    - ErrorMessage: ''
0094185:
    - bResult: 'False'
    - OutDescEst: '' 
    - ErrorMessage: ''
0094029:
    - bResult: 'False'
    - OutDescEst: '' 
    - ErrorMessage: ''
0093994:
    - bResult: 'False'
    - OutDescEst: '' 
    - ErrorMessage: ''
0093993:
    - bResult: 'False'
    - OutDescEst: '' 
    - ErrorMessage: ''
0093992:
    - bResult: 'False'
    - OutDescEst: '' 
    - ErrorMessage: ''
0093991:
    - bResult: 'False'
    - OutDescEst: '' 
    - ErrorMessage: ''
0093990:
    - bResult: 'False'
    - OutDescEst: '' 
    - ErrorMessage: ''
0093539:
    - bResult: 'False'
    - OutDescEst: '' 
    - ErrorMessage: ''
0093538:
    - bResult: 'False'
    - OutDescEst: '' 
    - ErrorMessage: ''
0092952:
    - bResult: 'False'
    - OutDescEst: '' 
    - ErrorMessage: ''
0092951:
    - bResult: 'False'
    - OutDescEst: '' 
    - ErrorMessage: ''
0091046:
    - bResult: 'False'
    - OutDescEst: '' 
    - ErrorMessage: ''
0089802:
    - bResult: 'False'
    - OutDescEst: '' 
    - ErrorMessage: ''
0089801:
    - bResult: 'False'
    - OutDescEst: '' 
    - ErrorMessage: ''
0089548:
    - bResult: 'False'
    - OutDescEst: '' 
    - ErrorMessage: ''
0089547:
    - bResult: 'False'
    - OutDescEst: '' 
    - ErrorMessage: ''
0089546:
    - bResult: 'False'
    - OutDescEst: '' 
    - ErrorMessage: ''
0089545:
    - bResult: 'False'
    - OutDescEst: '' 
    - ErrorMessage: ''
0088305:
    - bResult: 'False'
    - OutDescEst: '' 
    - ErrorMessage: ''
0088304:
    - bResult: 'False'
    - OutDescEst: '' 
    - ErrorMessage: ''
0088303:
    - bResult: 'False'
    - OutDescEst: '' 
    - ErrorMessage: ''
0088277:
    - bResult: 'False'
    - OutDescEst: '' 
    - ErrorMessage: ''
0088276:
    - bResult: 'False'
    - OutDescEst: '' 
    - ErrorMessage: ''
0088275:
    - bResult: 'False'
    - OutDescEst: '' 
    - ErrorMessage: ''
0088274:
    - bResult: 'False'
    - OutDescEst: '' 
    - ErrorMessage: ''
0088273:
    - bResult: 'False'
    - OutDescEst: '' 
    - ErrorMessage: ''
0088272:
    - bResult: 'False'
    - OutDescEst: '' 
    - ErrorMessage: ''
0088161:
    - bResult: 'False'
    - OutDescEst: '' 
    - ErrorMessage: ''
0088160:
    - bResult: 'False'
    - OutDescEst: '' 
    - ErrorMessage: ''
0088159:
    - bResult: 'False'
    - OutDescEst: '' 
    - ErrorMessage: ''
0088158:
    - bResult: 'False'
    - OutDescEst: '' 
    - ErrorMessage: ''
0088157:
    - bResult: 'False'
    - OutDescEst: '' 
    - ErrorMessage: ''
0085459:
    - bResult: 'False'
    - OutDescEst: '' 
    - ErrorMessage: ''
0085458:
    - bResult: 'False'
    - OutDescEst: '' 
    - ErrorMessage: ''
0084746:
    - bResult: 'False'
    - OutDescEst: '' 
    - ErrorMessage: ''
0084508:
    - bResult: 'False'
    - OutDescEst: '' 
    - ErrorMessage: ''
0084507:
    - bResult: 'False'
    - OutDescEst: '' 
    - ErrorMessage: ''
0084506:
    - bResult: 'False'
    - OutDescEst: '' 
    - ErrorMessage: ''
0084016:
    - bResult: 'False'
    - OutDescEst: '' 
    - ErrorMessage: ''
0084015:
    - bResult: 'False'
    - OutDescEst: '' 
    - ErrorMessage: ''
0083170:
    - bResult: 'False'
    - OutDescEst: '' 
    - ErrorMessage: ''
0082704:
    - bResult: 'False'
    - OutDescEst: '' 
    - ErrorMessage: ''
0082085:
    - bResult: 'False'
    - OutDescEst: '' 
    - ErrorMessage: ''
0081861:
    - bResult: 'False'
    - OutDescEst: '' 
    - ErrorMessage: ''
0079810:
    - bResult: 'False'
    - OutDescEst: '' 
    - ErrorMessage: ''
0079809:
    - bResult: 'False'
    - OutDescEst: '' 
    - ErrorMessage: ''
0079808:
    - bResult: 'False'
    - OutDescEst: '' 
    - ErrorMessage: ''
0079792:
    - bResult: 'False'
    - OutDescEst: '' 
    - ErrorMessage: ''
0079791:
    - bResult: 'False'
    - OutDescEst: '' 
    - ErrorMessage: ''
0079404:
    - bResult: 'False'
    - OutDescEst: '' 
    - ErrorMessage: ''
0079401:
    - bResult: 'False'
    - OutDescEst: '' 
    - ErrorMessage: ''
0078393:
    - bResult: 'False'
    - OutDescEst: '' 
    - ErrorMessage: ''
0078392:
    - bResult: 'False'
    - OutDescEst: '' 
    - ErrorMessage: ''
0078391:
    - bResult: 'False'
    - OutDescEst: '' 
    - ErrorMessage: ''
0078390:
    - bResult: 'False'
    - OutDescEst: '' 
    - ErrorMessage: ''
0077865:
    - bResult: 'False'
    - OutDescEst: '' 
    - ErrorMessage: ''
0077864:
    - bResult: 'False'
    - OutDescEst: '' 
    - ErrorMessage: ''
0077739:
    - bResult: 'False'
    - OutDescEst: '' 
    - ErrorMessage: ''
0077734:
    - bResult: 'False'
    - OutDescEst: '' 
    - ErrorMessage: ''
0077728:
    - bResult: 'False'
    - OutDescEst: '' 
    - ErrorMessage: ''
0077722:
    - bResult: 'False'
    - OutDescEst: '' 
    - ErrorMessage: ''
0077607:
    - bResult: 'False'
    - OutDescEst: '' 
    - ErrorMessage: ''
0077606:
    - bResult: 'False'
    - OutDescEst: '' 
    - ErrorMessage: ''
0076385:
    - bResult: 'False'
    - OutDescEst: '' 
    - ErrorMessage: ''
0076384:
    - bResult: 'False'
    - OutDescEst: '' 
    - ErrorMessage: ''
0076383:
    - bResult: 'False'
    - OutDescEst: '' 
    - ErrorMessage: ''
0076382:
    - bResult: 'False'
    - OutDescEst: '' 
    - ErrorMessage: ''
0076381:
    - bResult: 'False'
    - OutDescEst: '' 
    - ErrorMessage: ''
0076380:
    - bResult: 'False'
    - OutDescEst: '' 
    - ErrorMessage: ''
0076376:
    - bResult: 'False'
    - OutDescEst: '' 
    - ErrorMessage: ''
0076375:
    - bResult: 'False'
    - OutDescEst: '' 
    - ErrorMessage: ''
0075915:
    - bResult: 'False'
    - OutDescEst: '' 
    - ErrorMessage: ''
0075914:
    - bResult: 'False'
    - OutDescEst: '' 
    - ErrorMessage: ''
0075913:
    - bResult: 'False'
    - OutDescEst: '' 
    - ErrorMessage: ''
0075870:
    - bResult: 'False'
    - OutDescEst: '' 
    - ErrorMessage: ''
0075869:
    - bResult: 'False'
    - OutDescEst: '' 
    - ErrorMessage: ''
0075726:
    - bResult: 'False'
    - OutDescEst: '' 
    - ErrorMessage: ''
0075725:
    - bResult: 'False'
    - OutDescEst: '' 
    - ErrorMessage: ''
0074240:
    - bResult: 'False'
    - OutDescEst: '' 
    - ErrorMessage: ''
0073471:
    - bResult: 'False'
    - OutDescEst: '' 
    - ErrorMessage: ''
0073463:
    - bResult: 'False'
    - OutDescEst: '' 
    - ErrorMessage: ''
0073462:
    - bResult: 'False'
    - OutDescEst: '' 
    - ErrorMessage: ''
0073461:
    - bResult: 'False'
    - OutDescEst: '' 
    - ErrorMessage: ''
0072905:
    - bResult: 'False'
    - OutDescEst: '' 
    - ErrorMessage: ''
0072771:
    - bResult: 'False'
    - OutDescEst: '' 
    - ErrorMessage: ''
0072770:
    - bResult: 'False'
    - OutDescEst: '' 
    - ErrorMessage: ''
0072769:
    - bResult: 'False'
    - OutDescEst: '' 
    - ErrorMessage: ''
0072470:
    - bResult: 'False'
    - OutDescEst: '' 
    - ErrorMessage: ''
0071902:
    - bResult: 'False'
    - OutDescEst: '' 
    - ErrorMessage: ''
0071901:
    - bResult: 'False'
    - OutDescEst: '' 
    - ErrorMessage: ''
0071900:
    - bResult: 'False'
    - OutDescEst: '' 
    - ErrorMessage: ''
0071899:
    - bResult: 'False'
    - OutDescEst: '' 
    - ErrorMessage: ''
0069740:
    - bResult: 'False'
    - OutDescEst: '' 
    - ErrorMessage: ''
0069625:
    - bResult: 'False'
    - OutDescEst: '' 
    - ErrorMessage: ''
0069135:
    - bResult: 'False'
    - OutDescEst: '' 
    - ErrorMessage: ''
0069134:
    - bResult: 'False'
    - OutDescEst: '' 
    - ErrorMessage: ''
0069133:
    - bResult: 'False'
    - OutDescEst: '' 
    - ErrorMessage: ''
0069132:
    - bResult: 'False'
    - OutDescEst: '' 
    - ErrorMessage: ''
0066469:
    - bResult: 'False'
    - OutDescEst: '' 
    - ErrorMessage: ''
0066467:
    - bResult: 'False'
    - OutDescEst: '' 
    - ErrorMessage: ''
0065349:
    - bResult: 'False'
    - OutDescEst: '' 
    - ErrorMessage: ''
0065348:
    - bResult: 'False'
    - OutDescEst: '' 
    - ErrorMessage: ''
0065347:
    - bResult: 'False'
    - OutDescEst: '' 
    - ErrorMessage: ''
0065346:
    - bResult: 'False'
    - OutDescEst: '' 
    - ErrorMessage: ''
0065053:
    - bResult: 'False'
    - OutDescEst: '' 
    - ErrorMessage: ''
0065051:
    - bResult: 'False'
    - OutDescEst: '' 
    - ErrorMessage: ''
0065050:
    - bResult: 'False'
    - OutDescEst: '' 
    - ErrorMessage: ''
0064913:
    - bResult: 'False'
    - OutDescEst: '' 
    - ErrorMessage: ''
0064912:
    - bResult: 'False'
    - OutDescEst: '' 
    - ErrorMessage: ''
0064911:
    - bResult: 'False'
    - OutDescEst: '' 
    - ErrorMessage: ''
0064544:
    - bResult: 'False'
    - OutDescEst: '' 
    - ErrorMessage: ''
0064543:
    - bResult: 'False'
    - OutDescEst: '' 
    - ErrorMessage: ''
0064542:
    - bResult: 'False'
    - OutDescEst: '' 
    - ErrorMessage: ''
0064541:
    - bResult: 'False'
    - OutDescEst: '' 
    - ErrorMessage: ''
0064540:
    - bResult: 'False'
    - OutDescEst: '' 
    - ErrorMessage: ''
0064110:
    - bResult: 'False'
    - OutDescEst: '' 
    - ErrorMessage: ''
0064077:
    - bResult: 'False'
    - OutDescEst: '' 
    - ErrorMessage: ''
0064061:
    - bResult: 'False'
    - OutDescEst: '' 
    - ErrorMessage: ''
0064060:
    - bResult: 'False'
    - OutDescEst: '' 
    - ErrorMessage: ''
0064059:
    - bResult: 'False'
    - OutDescEst: '' 
    - ErrorMessage: ''
0064058:
    - bResult: 'False'
    - OutDescEst: '' 
    - ErrorMessage: ''
0064053:
    - bResult: 'False'
    - OutDescEst: '' 
    - ErrorMessage: ''
0064052:
    - bResult: 'False'
    - OutDescEst: '' 
    - ErrorMessage: ''
0064051:
    - bResult: 'False'
    - OutDescEst: '' 
    - ErrorMessage: ''
0063364:
    - bResult: 'False'
    - OutDescEst: '' 
    - ErrorMessage: ''
0063363:
    - bResult: 'False'
    - OutDescEst: '' 
    - ErrorMessage: ''
0063362:
    - bResult: 'False'
    - OutDescEst: '' 
    - ErrorMessage: ''
0063361:
    - bResult: 'False'
    - OutDescEst: '' 
    - ErrorMessage: ''
0062984:
    - bResult: 'False'
    - OutDescEst: '' 
    - ErrorMessage: ''
0062538:
    - bResult: 'False'
    - OutDescEst: '' 
    - ErrorMessage: ''
0062537:
    - bResult: 'False'
    - OutDescEst: '' 
    - ErrorMessage: ''
0062536:
    - bResult: 'False'
    - OutDescEst: '' 
    - ErrorMessage: ''
0062535:
    - bResult: 'False'
    - OutDescEst: '' 
    - ErrorMessage: ''
0061586:
    - bResult: 'False'
    - OutDescEst: '' 
    - ErrorMessage: ''
0060475:
    - bResult: 'False'
    - OutDescEst: '' 
    - ErrorMessage: ''
0060474:
    - bResult: 'False'
    - OutDescEst: '' 
    - ErrorMessage: ''
0059961:
    - bResult: 'False'
    - OutDescEst: '' 
    - ErrorMessage: ''
