0174884:
    - bResult: 'False'
    - OutDescEst: ' Lato Lungo 0,000 fori, interasse 0 - Lato Corto 0 fori, interasse 0' 
    - ErrorMessage: ''
0174886:
    - bResult: 'False'
    - OutDescEst: ' Lato Lungo 0,000 fori, interasse 0 - Lato Corto 0 fori, interasse 0' 
    - ErrorMessage: ''
0177905:
    - bResult: 'False'
    - OutDescEst: ' Lato Lungo 0,000 fori, interasse 0 - Lato Corto 0 fori, interasse 0' 
    - ErrorMessage: ''
0177906:
    - bResult: 'False'
    - OutDescEst: ' Lato Lungo 0,000 fori, interasse 0 - Lato Corto 0 fori, interasse 0' 
    - ErrorMessage: ''
0187930:
    - bResult: 'False'
    - OutDescEst: ' Lato Lungo 0,000 fori, interasse 0 - Lato Corto 0 fori, interasse 0' 
    - ErrorMessage: ''
0192178:
    - bResult: 'False'
    - OutDescEst: ' Lato Lungo 0,000 fori, interasse  - Lato Corto 0 fori, interasse ' 
    - ErrorMessage: ''
0192179:
    - bResult: 'False'
    - OutDescEst: ' Lato Lungo 0,000 fori, interasse 0 - Lato Corto 0 fori, interasse 0' 
    - ErrorMessage: ''
0192484:
    - bResult: 'False'
    - OutDescEst: ' Lato Lungo 0,000 fori, interasse 0 - Lato Corto 0 fori, interasse 0' 
    - ErrorMessage: ''
0213407:
    - bResult: 'False'
    - OutDescEst: ' Lato Lungo 0,000 fori, interasse 0 - Lato Corto 0 fori, interasse 0' 
    - ErrorMessage: ''
0213408:
    - bResult: 'False'
    - OutDescEst: ' Lato Lungo 0,000 fori, interasse 0 - Lato Corto 0 fori, interasse 0' 
    - ErrorMessage: ''
0233176:
    - bResult: 'False'
    - OutDescEst: ' Lato Lungo 0,000 fori, interasse  - Lato Corto 0 fori, interasse ' 
    - ErrorMessage: ''
0233705:
    - bResult: 'False'
    - OutDescEst: ' Lato Lungo 0,000 fori, interasse 0 - Lato Corto 0 fori, interasse 0' 
    - ErrorMessage: ''
0234111:
    - bResult: 'False'
    - OutDescEst: ' Lato Lungo 0,000 fori, interasse 0 - Lato Corto 0 fori, interasse 0' 
    - ErrorMessage: ''
0234131:
    - bResult: 'False'
    - OutDescEst: ' Lato Lungo 0,000 fori, interasse 0 - Lato Corto 0 fori, interasse 0' 
    - ErrorMessage: ''
0235282:
    - bResult: 'False'
    - OutDescEst: ' Lato Lungo 0,000 fori, interasse 0 - Lato Corto 0 fori, interasse 0' 
    - ErrorMessage: ''
0235295:
    - bResult: 'False'
    - OutDescEst: ' Lato Lungo 0,000 fori, interasse 0 - Lato Corto 0 fori, interasse 0' 
    - ErrorMessage: ''
0236006:
    - bResult: 'False'
    - OutDescEst: ' Lato Lungo 0,000 fori, interasse 0 - Lato Corto 0 fori, interasse 0' 
    - ErrorMessage: ''
0236468:
    - bResult: 'False'
    - OutDescEst: ' Lato Lungo 0,000 fori, interasse 0 - Lato Corto 0 fori, interasse 0' 
    - ErrorMessage: ''
0238943:
    - bResult: 'False'
    - OutDescEst: ' Lato Lungo 0,000 fori, interasse 0 - Lato Corto 0 fori, interasse 0' 
    - ErrorMessage: ''
0239971:
    - bResult: 'False'
    - OutDescEst: ' Lato Lungo 0,000 fori, interasse 0 - Lato Corto 0 fori, interasse 0' 
    - ErrorMessage: ''
0240762:
    - bResult: 'False'
    - OutDescEst: ' Lato Lungo 0,000 fori, interasse 0 - Lato Corto 0 fori, interasse 0' 
    - ErrorMessage: ''
0243956:
    - bResult: 'False'
    - OutDescEst: ' Lato Lungo 0,000 fori, interasse 0 - Lato Corto 0 fori, interasse 0' 
    - ErrorMessage: ''
0244696:
    - bResult: 'False'
    - OutDescEst: ' Lato Lungo 0,000 fori, interasse 0 - Lato Corto 0 fori, interasse 0' 
    - ErrorMessage: ''
0244697:
    - bResult: 'False'
    - OutDescEst: ' Lato Lungo 0,000 fori, interasse  - Lato Corto 0 fori, interasse ' 
    - ErrorMessage: ''
0244698:
    - bResult: 'False'
    - OutDescEst: ' Lato Lungo 0,000 fori, interasse 0 - Lato Corto 0 fori, interasse 0' 
    - ErrorMessage: ''
0244699:
    - bResult: 'False'
    - OutDescEst: ' Lato Lungo 0,000 fori, interasse 0 - Lato Corto 0 fori, interasse 0' 
    - ErrorMessage: ''
0245278:
    - bResult: 'False'
    - OutDescEst: ' Lato Lungo 0,000 fori, interasse 0 - Lato Corto 0 fori, interasse 0' 
    - ErrorMessage: ''
0245279:
    - bResult: 'False'
    - OutDescEst: ' Lato Lungo 0,000 fori, interasse 0 - Lato Corto 0 fori, interasse 0' 
    - ErrorMessage: ''
0245289:
    - bResult: 'False'
    - OutDescEst: ' Lato Lungo 0,000 fori, interasse 0 - Lato Corto 0 fori, interasse 0' 
    - ErrorMessage: ''
0245295:
    - bResult: 'False'
    - OutDescEst: ' Lato Lungo 0,000 fori, interasse 0 - Lato Corto 0 fori, interasse 0' 
    - ErrorMessage: ''
0245825:
    - bResult: 'False'
    - OutDescEst: ' Lato Lungo 0,000 fori, interasse 0 - Lato Corto 0 fori, interasse 0' 
    - ErrorMessage: ''
0245826:
    - bResult: 'False'
    - OutDescEst: ' Lato Lungo 0,000 fori, interasse 0 - Lato Corto 0 fori, interasse 0' 
    - ErrorMessage: ''
0246267:
    - bResult: 'False'
    - OutDescEst: ' Lato Lungo 0,000 fori, interasse 0 - Lato Corto 0 fori, interasse 0' 
    - ErrorMessage: ''
0246509:
    - bResult: 'False'
    - OutDescEst: ' Lato Lungo 0,000 fori, interasse 0 - Lato Corto 0 fori, interasse 0' 
    - ErrorMessage: ''
0246510:
    - bResult: 'False'
    - OutDescEst: ' Lato Lungo 0,000 fori, interasse 0 - Lato Corto 0 fori, interasse 0' 
    - ErrorMessage: ''
0247950:
    - bResult: 'False'
    - OutDescEst: ' Lato Lungo 0,000 fori, interasse 0 - Lato Corto 0 fori, interasse 0' 
    - ErrorMessage: ''
0247960:
    - bResult: 'False'
    - OutDescEst: ' Lato Lungo 0,000 fori, interasse 0 - Lato Corto 0 fori, interasse 0' 
    - ErrorMessage: ''
0248152:
    - bResult: 'False'
    - OutDescEst: ' Lato Lungo 0,000 fori, interasse 0 - Lato Corto 0 fori, interasse 0' 
    - ErrorMessage: ''
0248153:
    - bResult: 'False'
    - OutDescEst: ' Lato Lungo 0,000 fori, interasse 0 - Lato Corto 0 fori, interasse 0' 
    - ErrorMessage: ''
0248156:
    - bResult: 'False'
    - OutDescEst: ' Lato Lungo 0,000 fori, interasse 0 - Lato Corto 0 fori, interasse 0' 
    - ErrorMessage: ''
0248157:
    - bResult: 'False'
    - OutDescEst: ' Lato Lungo 0,000 fori, interasse 0 - Lato Corto 0 fori, interasse 0' 
    - ErrorMessage: ''
0248159:
    - bResult: 'False'
    - OutDescEst: ' Lato Lungo 0,000 fori, interasse 0 - Lato Corto 0 fori, interasse 0' 
    - ErrorMessage: ''
0248160:
    - bResult: 'False'
    - OutDescEst: ' Lato Lungo 0,000 fori, interasse 0 - Lato Corto 0 fori, interasse 0' 
    - ErrorMessage: ''
0248163:
    - bResult: 'False'
    - OutDescEst: ' Lato Lungo 0,000 fori, interasse 0 - Lato Corto 0 fori, interasse 0' 
    - ErrorMessage: ''
0248164:
    - bResult: 'False'
    - OutDescEst: ' Lato Lungo 0,000 fori, interasse 0 - Lato Corto 0 fori, interasse 0' 
    - ErrorMessage: ''
0248212:
    - bResult: 'False'
    - OutDescEst: ' Lato Lungo 0,000 fori, interasse 0 - Lato Corto 0 fori, interasse 0' 
    - ErrorMessage: ''
0248213:
    - bResult: 'False'
    - OutDescEst: ' Lato Lungo 0,000 fori, interasse 0 - Lato Corto 0 fori, interasse 0' 
    - ErrorMessage: ''
0248380:
    - bResult: 'False'
    - OutDescEst: ' Lato Lungo 0,000 fori, interasse 0 - Lato Corto 0 fori, interasse 0' 
    - ErrorMessage: ''
0248381:
    - bResult: 'False'
    - OutDescEst: ' Lato Lungo 0,000 fori, interasse 0 - Lato Corto 0 fori, interasse 0' 
    - ErrorMessage: ''
0248388:
    - bResult: 'False'
    - OutDescEst: ' Lato Lungo 0,000 fori, interasse  - Lato Corto 0 fori, interasse ' 
    - ErrorMessage: ''
0248389:
    - bResult: 'False'
    - OutDescEst: ' Lato Lungo 0,000 fori, interasse 0 - Lato Corto 0 fori, interasse 0' 
    - ErrorMessage: ''
0248570:
    - bResult: 'False'
    - OutDescEst: ' Lato Lungo 0,000 fori, interasse 0 - Lato Corto 0 fori, interasse 0' 
    - ErrorMessage: ''
0248571:
    - bResult: 'False'
    - OutDescEst: ' Lato Lungo 0,000 fori, interasse 0 - Lato Corto 0 fori, interasse 0' 
    - ErrorMessage: ''
0250719:
    - bResult: 'False'
    - OutDescEst: ' Lato Lungo 0,000 fori, interasse 0 - Lato Corto 0 fori, interasse 0' 
    - ErrorMessage: ''
0250720:
    - bResult: 'False'
    - OutDescEst: ' Lato Lungo 0,000 fori, interasse 0 - Lato Corto 0 fori, interasse 0' 
    - ErrorMessage: ''
0251271:
    - bResult: 'False'
    - OutDescEst: ' Lato Lungo 0,000 fori, interasse 0 - Lato Corto 0 fori, interasse 0' 
    - ErrorMessage: ''
0251771:
    - bResult: 'False'
    - OutDescEst: ' Lato Lungo 0,000 fori, interasse 0 - Lato Corto 0 fori, interasse 0' 
    - ErrorMessage: ''
0251772:
    - bResult: 'False'
    - OutDescEst: ' Lato Lungo 0,000 fori, interasse 0 - Lato Corto 0 fori, interasse 0' 
    - ErrorMessage: ''
0251831:
    - bResult: 'False'
    - OutDescEst: ' Lato Lungo 0,000 fori, interasse 0 - Lato Corto 0 fori, interasse 0' 
    - ErrorMessage: ''
0251832:
    - bResult: 'False'
    - OutDescEst: ' Lato Lungo 0,000 fori, interasse 0 - Lato Corto 0 fori, interasse 0' 
    - ErrorMessage: ''
0252099:
    - bResult: 'False'
    - OutDescEst: ' Lato Lungo 0,000 fori, interasse  - Lato Corto 0 fori, interasse ' 
    - ErrorMessage: ''
0252100:
    - bResult: 'False'
    - OutDescEst: ' Lato Lungo 0,000 fori, interasse  - Lato Corto 0 fori, interasse ' 
    - ErrorMessage: ''
0252482:
    - bResult: 'False'
    - OutDescEst: ' Lato Lungo 0,000 fori, interasse 0 - Lato Corto 0 fori, interasse 0' 
    - ErrorMessage: ''
0252483:
    - bResult: 'False'
    - OutDescEst: ' Lato Lungo 0,000 fori, interasse 0 - Lato Corto 0 fori, interasse 0' 
    - ErrorMessage: ''
0252484:
    - bResult: 'False'
    - OutDescEst: ' Lato Lungo 0,000 fori, interasse 0 - Lato Corto 0 fori, interasse 0' 
    - ErrorMessage: ''
0252485:
    - bResult: 'False'
    - OutDescEst: ' Lato Lungo 0,000 fori, interasse 0 - Lato Corto 0 fori, interasse 0' 
    - ErrorMessage: ''
0252486:
    - bResult: 'False'
    - OutDescEst: ' Lato Lungo 0,000 fori, interasse 0 - Lato Corto 0 fori, interasse 0' 
    - ErrorMessage: ''
0252487:
    - bResult: 'False'
    - OutDescEst: ' Lato Lungo 0,000 fori, interasse 32 - Lato Corto 0 fori, interasse 0' 
    - ErrorMessage: ''
0252493:
    - bResult: 'False'
    - OutDescEst: ' Lato Lungo 0,000 fori, interasse 0 - Lato Corto 0 fori, interasse 0' 
    - ErrorMessage: ''
0252494:
    - bResult: 'False'
    - OutDescEst: ' Lato Lungo 0,000 fori, interasse 0 - Lato Corto 0 fori, interasse 0' 
    - ErrorMessage: ''
0252869:
    - bResult: 'False'
    - OutDescEst: ' Lato Lungo 0,000 fori, interasse 0 - Lato Corto 0 fori, interasse 0' 
    - ErrorMessage: ''
0254316:
    - bResult: 'False'
    - OutDescEst: ' Lato Lungo 0,000 fori, interasse 0 - Lato Corto 0 fori, interasse 0' 
    - ErrorMessage: ''
0254317:
    - bResult: 'False'
    - OutDescEst: ' Lato Lungo 0,000 fori, interasse 0 - Lato Corto 0 fori, interasse 0' 
    - ErrorMessage: ''
0254474:
    - bResult: 'False'
    - OutDescEst: ' Lato Lungo 0,000 fori, interasse 0 - Lato Corto 0 fori, interasse 0' 
    - ErrorMessage: ''
0255530:
    - bResult: 'False'
    - OutDescEst: ' Lato Lungo 0,000 fori, interasse 0 - Lato Corto 0 fori, interasse 0' 
    - ErrorMessage: ''
0255954:
    - bResult: 'False'
    - OutDescEst: ' Lato Lungo 0,000 fori, interasse 0 - Lato Corto 0 fori, interasse 0' 
    - ErrorMessage: ''
0255956:
    - bResult: 'False'
    - OutDescEst: ' Lato Lungo 0,000 fori, interasse 0 - Lato Corto 0 fori, interasse 0' 
    - ErrorMessage: ''
0255958:
    - bResult: 'False'
    - OutDescEst: ' Lato Lungo 0,000 fori, interasse 0 - Lato Corto 0 fori, interasse 0' 
    - ErrorMessage: ''
0255959:
    - bResult: 'False'
    - OutDescEst: ' Lato Lungo 0,000 fori, interasse 0 - Lato Corto 0 fori, interasse 0' 
    - ErrorMessage: ''
0255961:
    - bResult: 'False'
    - OutDescEst: ' Lato Lungo 0,000 fori, interasse 0 - Lato Corto 0 fori, interasse 0' 
    - ErrorMessage: ''
0255964:
    - bResult: 'False'
    - OutDescEst: ' Lato Lungo 0,000 fori, interasse 0 - Lato Corto 0 fori, interasse 0' 
    - ErrorMessage: ''
0256059:
    - bResult: 'False'
    - OutDescEst: ' Lato Lungo 0,000 fori, interasse 0 - Lato Corto 0 fori, interasse 0' 
    - ErrorMessage: ''
0256343:
    - bResult: 'False'
    - OutDescEst: ' Lato Lungo 0,000 fori, interasse 0 - Lato Corto 0 fori, interasse 0' 
    - ErrorMessage: ''
0256345:
    - bResult: 'False'
    - OutDescEst: ' Lato Lungo 0,000 fori, interasse 0 - Lato Corto 0 fori, interasse 0' 
    - ErrorMessage: ''
0257159:
    - bResult: 'False'
    - OutDescEst: ' Lato Lungo 0,000 fori, interasse 0 - Lato Corto 0 fori, interasse 0' 
    - ErrorMessage: ''
0257160:
    - bResult: 'False'
    - OutDescEst: ' Lato Lungo 0,000 fori, interasse 0 - Lato Corto 0 fori, interasse 0' 
    - ErrorMessage: ''
0257161:
    - bResult: 'False'
    - OutDescEst: ' Lato Lungo 0,000 fori, interasse 0 - Lato Corto 0 fori, interasse 0' 
    - ErrorMessage: ''
0257162:
    - bResult: 'False'
    - OutDescEst: ' Lato Lungo 0,000 fori, interasse 0 - Lato Corto 0 fori, interasse 0' 
    - ErrorMessage: ''
0257163:
    - bResult: 'False'
    - OutDescEst: ' Lato Lungo 0,000 fori, interasse 0 - Lato Corto 0 fori, interasse 0' 
    - ErrorMessage: ''
0257164:
    - bResult: 'False'
    - OutDescEst: ' Lato Lungo 0,000 fori, interasse 0 - Lato Corto 0 fori, interasse 0' 
    - ErrorMessage: ''
0257419:
    - bResult: 'False'
    - OutDescEst: ' Lato Lungo 0,000 fori, interasse 0 - Lato Corto 0 fori, interasse 0' 
    - ErrorMessage: ''
0258025:
    - bResult: 'False'
    - OutDescEst: ' Lato Lungo 0,000 fori, interasse 0 - Lato Corto 0 fori, interasse 0' 
    - ErrorMessage: ''
0258090:
    - bResult: 'False'
    - OutDescEst: ' Lato Lungo 0,000 fori, interasse 0 - Lato Corto 0 fori, interasse 0' 
    - ErrorMessage: ''
0258092:
    - bResult: 'False'
    - OutDescEst: ' Lato Lungo 0,000 fori, interasse 0 - Lato Corto 0 fori, interasse 0' 
    - ErrorMessage: ''
0258093:
    - bResult: 'False'
    - OutDescEst: ' Lato Lungo 0,000 fori, interasse 0 - Lato Corto 0 fori, interasse 0' 
    - ErrorMessage: ''
0258094:
    - bResult: 'False'
    - OutDescEst: ' Lato Lungo 0,000 fori, interasse 0 - Lato Corto 0 fori, interasse 0' 
    - ErrorMessage: ''
0258098:
    - bResult: 'False'
    - OutDescEst: ' Lato Lungo 0,000 fori, interasse 0 - Lato Corto 0 fori, interasse 0' 
    - ErrorMessage: ''
0258099:
    - bResult: 'False'
    - OutDescEst: ' Lato Lungo 0,000 fori, interasse 0 - Lato Corto 0 fori, interasse 0' 
    - ErrorMessage: ''
0258100:
    - bResult: 'False'
    - OutDescEst: ' Lato Lungo 0,000 fori, interasse 0 - Lato Corto 0 fori, interasse 0' 
    - ErrorMessage: ''
0258101:
    - bResult: 'False'
    - OutDescEst: ' Lato Lungo 0,000 fori, interasse 0 - Lato Corto 0 fori, interasse 0' 
    - ErrorMessage: ''
0258649:
    - bResult: 'False'
    - OutDescEst: ' Lato Lungo 0,000 fori, interasse 0 - Lato Corto 0 fori, interasse 0' 
    - ErrorMessage: ''
0258650:
    - bResult: 'False'
    - OutDescEst: ' Lato Lungo 0,000 fori, interasse 0 - Lato Corto 0 fori, interasse 0' 
    - ErrorMessage: ''
0259120:
    - bResult: 'False'
    - OutDescEst: ' Lato Lungo 0,000 fori, interasse 0 - Lato Corto 0 fori, interasse 0' 
    - ErrorMessage: ''
0259329:
    - bResult: 'False'
    - OutDescEst: ' Lato Lungo 0,000 fori, interasse 0 - Lato Corto 0 fori, interasse 0' 
    - ErrorMessage: ''
0259330:
    - bResult: 'False'
    - OutDescEst: ' Lato Lungo 0,000 fori, interasse 0 - Lato Corto 0 fori, interasse 0' 
    - ErrorMessage: ''
0259331:
    - bResult: 'False'
    - OutDescEst: ' Lato Lungo 0,000 fori, interasse 0 - Lato Corto 0 fori, interasse 0' 
    - ErrorMessage: ''
0259332:
    - bResult: 'False'
    - OutDescEst: ' Lato Lungo 0,000 fori, interasse 0 - Lato Corto 0 fori, interasse 0' 
    - ErrorMessage: ''
0259452:
    - bResult: 'False'
    - OutDescEst: ' Lato Lungo 0,000 fori, interasse 0 - Lato Corto 0 fori, interasse 0' 
    - ErrorMessage: ''
0259454:
    - bResult: 'False'
    - OutDescEst: ' Lato Lungo 0,000 fori, interasse 0 - Lato Corto 0 fori, interasse 0' 
    - ErrorMessage: ''
0259507:
    - bResult: 'False'
    - OutDescEst: ' Lato Lungo 0,000 fori, interasse 0 - Lato Corto 0 fori, interasse 0' 
    - ErrorMessage: ''
0260837:
    - bResult: 'False'
    - OutDescEst: ' Lato Lungo 0,000 fori, interasse 0 - Lato Corto 0 fori, interasse 0' 
    - ErrorMessage: ''
0260871:
    - bResult: 'False'
    - OutDescEst: ' Lato Lungo 0,000 fori, interasse 0 - Lato Corto 0 fori, interasse 0' 
    - ErrorMessage: ''
0260872:
    - bResult: 'False'
    - OutDescEst: ' Lato Lungo 0,000 fori, interasse 0 - Lato Corto 0 fori, interasse 0' 
    - ErrorMessage: ''
0261152:
    - bResult: 'False'
    - OutDescEst: ' Lato Lungo 0,000 fori, interasse 0 - Lato Corto 0 fori, interasse 0' 
    - ErrorMessage: ''
0261299:
    - bResult: 'False'
    - OutDescEst: ' Lato Lungo 0,000 fori, interasse 0 - Lato Corto 0 fori, interasse 0' 
    - ErrorMessage: ''
0261796:
    - bResult: 'False'
    - OutDescEst: ' Lato Lungo 0,000 fori, interasse  - Lato Corto 0 fori, interasse ' 
    - ErrorMessage: ''
0261800:
    - bResult: 'False'
    - OutDescEst: ' Lato Lungo 0,000 fori, interasse 0 - Lato Corto 0 fori, interasse 0' 
    - ErrorMessage: ''
0261819:
    - bResult: 'False'
    - OutDescEst: ' Lato Lungo 0,000 fori, interasse 0 - Lato Corto 0 fori, interasse 0' 
    - ErrorMessage: ''
0262173:
    - bResult: 'False'
    - OutDescEst: ' Lato Lungo 0,000 fori, interasse 0 - Lato Corto 0 fori, interasse 0' 
    - ErrorMessage: ''
0262184:
    - bResult: 'False'
    - OutDescEst: ' Lato Lungo 0,000 fori, interasse 0 - Lato Corto 0 fori, interasse 0' 
    - ErrorMessage: ''
0262216:
    - bResult: 'False'
    - OutDescEst: ' Lato Lungo 0,000 fori, interasse  - Lato Corto 0 fori, interasse ' 
    - ErrorMessage: ''
0262217:
    - bResult: 'False'
    - OutDescEst: ' Lato Lungo 0,000 fori, interasse 0 - Lato Corto 0 fori, interasse 0' 
    - ErrorMessage: ''
0262222:
    - bResult: 'False'
    - OutDescEst: ' Lato Lungo 0,000 fori, interasse 0 - Lato Corto 0 fori, interasse 0' 
    - ErrorMessage: ''
0262964:
    - bResult: 'False'
    - OutDescEst: ' Lato Lungo 0,000 fori, interasse 0 - Lato Corto 0 fori, interasse 0' 
    - ErrorMessage: ''
0263619:
    - bResult: 'False'
    - OutDescEst: ' Lato Lungo 0,000 fori, interasse 0 - Lato Corto 0 fori, interasse 0' 
    - ErrorMessage: ''
0263948:
    - bResult: 'False'
    - OutDescEst: ' Lato Lungo 0,000 fori, interasse 0 - Lato Corto 0 fori, interasse 0' 
    - ErrorMessage: ''
0263950:
    - bResult: 'False'
    - OutDescEst: ' Lato Lungo 0,000 fori, interasse 0 - Lato Corto 0 fori, interasse 0' 
    - ErrorMessage: ''
0263951:
    - bResult: 'False'
    - OutDescEst: ' Lato Lungo 0,000 fori, interasse 0 - Lato Corto 0 fori, interasse 0' 
    - ErrorMessage: ''
0263952:
    - bResult: 'False'
    - OutDescEst: ' Lato Lungo 0,000 fori, interasse 0 - Lato Corto 0 fori, interasse 0' 
    - ErrorMessage: ''
0263969:
    - bResult: 'False'
    - OutDescEst: ' Lato Lungo 0,000 fori, interasse 0 - Lato Corto 0 fori, interasse 0' 
    - ErrorMessage: ''
0263970:
    - bResult: 'False'
    - OutDescEst: ' Lato Lungo 0,000 fori, interasse 0 - Lato Corto 0 fori, interasse 0' 
    - ErrorMessage: ''
0263971:
    - bResult: 'False'
    - OutDescEst: ' Lato Lungo 0,000 fori, interasse 0 - Lato Corto 0 fori, interasse 0' 
    - ErrorMessage: ''
0264003:
    - bResult: 'False'
    - OutDescEst: ' Lato Lungo 0,000 fori, interasse 0 - Lato Corto 0 fori, interasse 0' 
    - ErrorMessage: ''
0264229:
    - bResult: 'False'
    - OutDescEst: ' Lato Lungo 0,000 fori, interasse 0 - Lato Corto 0 fori, interasse 0' 
    - ErrorMessage: ''
0264279:
    - bResult: 'False'
    - OutDescEst: ' Lato Lungo 0,000 fori, interasse 0 - Lato Corto 0 fori, interasse 0' 
    - ErrorMessage: ''
0264280:
    - bResult: 'False'
    - OutDescEst: ' Lato Lungo 0,000 fori, interasse 0 - Lato Corto 0 fori, interasse 0' 
    - ErrorMessage: ''
0264281:
    - bResult: 'False'
    - OutDescEst: ' Lato Lungo 0,000 fori, interasse 0 - Lato Corto 0 fori, interasse 0' 
    - ErrorMessage: ''
0264282:
    - bResult: 'False'
    - OutDescEst: ' Lato Lungo 0,000 fori, interasse 0 - Lato Corto 0 fori, interasse 0' 
    - ErrorMessage: ''
0264303:
    - bResult: 'False'
    - OutDescEst: ' Lato Lungo 0,000 fori, interasse 0 - Lato Corto 0 fori, interasse 0' 
    - ErrorMessage: ''
0264407:
    - bResult: 'False'
    - OutDescEst: ' Lato Lungo 0,000 fori, interasse 0 - Lato Corto 0 fori, interasse 0' 
    - ErrorMessage: ''
0264408:
    - bResult: 'False'
    - OutDescEst: ' Lato Lungo 0,000 fori, interasse 0 - Lato Corto 0 fori, interasse 0' 
    - ErrorMessage: ''
0264412:
    - bResult: 'False'
    - OutDescEst: ' Lato Lungo 0,000 fori, interasse 0 - Lato Corto 0 fori, interasse 0' 
    - ErrorMessage: ''
0264448:
    - bResult: 'False'
    - OutDescEst: ' Lato Lungo 0,000 fori, interasse 0 - Lato Corto 0 fori, interasse 0' 
    - ErrorMessage: ''
0264498:
    - bResult: 'False'
    - OutDescEst: ' Lato Lungo 0,000 fori, interasse  - Lato Corto 0 fori, interasse ' 
    - ErrorMessage: ''
0264505:
    - bResult: 'False'
    - OutDescEst: ' Lato Lungo 0,000 fori, interasse 0 - Lato Corto 0 fori, interasse 0' 
    - ErrorMessage: ''
0264653:
    - bResult: 'False'
    - OutDescEst: ' Lato Lungo 0,000 fori, interasse 0 - Lato Corto 0 fori, interasse 0' 
    - ErrorMessage: ''
0265229:
    - bResult: 'False'
    - OutDescEst: ' Lato Lungo 0,000 fori, interasse 0 - Lato Corto 0 fori, interasse 0' 
    - ErrorMessage: ''
0265378:
    - bResult: 'False'
    - OutDescEst: ' Lato Lungo 0,000 fori, interasse  - Lato Corto 0 fori, interasse ' 
    - ErrorMessage: ''
0265395:
    - bResult: 'False'
    - OutDescEst: ' Lato Lungo 0,000 fori, interasse 0 - Lato Corto 0 fori, interasse 0' 
    - ErrorMessage: ''
0265396:
    - bResult: 'False'
    - OutDescEst: ' Lato Lungo 0,000 fori, interasse 0 - Lato Corto 0 fori, interasse 0' 
    - ErrorMessage: ''
0265406:
    - bResult: 'False'
    - OutDescEst: ' Lato Lungo 0,000 fori, interasse 0 - Lato Corto 0 fori, interasse 0' 
    - ErrorMessage: ''
0265407:
    - bResult: 'False'
    - OutDescEst: ' Lato Lungo 0,000 fori, interasse 0 - Lato Corto 0 fori, interasse 0' 
    - ErrorMessage: ''
0265415:
    - bResult: 'False'
    - OutDescEst: ' Lato Lungo 0,000 fori, interasse 0 - Lato Corto 0 fori, interasse 0' 
    - ErrorMessage: ''
0265639:
    - bResult: 'False'
    - OutDescEst: ' Lato Lungo 0,000 fori, interasse 0 - Lato Corto 0 fori, interasse 0' 
    - ErrorMessage: ''
0265756:
    - bResult: 'False'
    - OutDescEst: ' Lato Lungo 0,000 fori, interasse 0 - Lato Corto 0 fori, interasse 0' 
    - ErrorMessage: ''
0265949:
    - bResult: 'False'
    - OutDescEst: ' Lato Lungo 0,000 fori, interasse 0 - Lato Corto 0 fori, interasse 0' 
    - ErrorMessage: ''
0266073:
    - bResult: 'False'
    - OutDescEst: ' Lato Lungo 0,000 fori, interasse 0 - Lato Corto 0 fori, interasse 0' 
    - ErrorMessage: ''
0266075:
    - bResult: 'False'
    - OutDescEst: ' Lato Lungo 0,000 fori, interasse 0 - Lato Corto 0 fori, interasse 0' 
    - ErrorMessage: ''
0266091:
    - bResult: 'False'
    - OutDescEst: ' Lato Lungo 0,000 fori, interasse 0 - Lato Corto 0 fori, interasse 0' 
    - ErrorMessage: ''
0266092:
    - bResult: 'False'
    - OutDescEst: ' Lato Lungo 0,000 fori, interasse 0 - Lato Corto 0 fori, interasse 0' 
    - ErrorMessage: ''
0266131:
    - bResult: 'False'
    - OutDescEst: ' Lato Lungo 0,000 fori, interasse 0 - Lato Corto 0 fori, interasse 0' 
    - ErrorMessage: ''
0266132:
    - bResult: 'False'
    - OutDescEst: ' Lato Lungo 0,000 fori, interasse 0 - Lato Corto 0 fori, interasse 0' 
    - ErrorMessage: ''
0266251:
    - bResult: 'False'
    - OutDescEst: ' Lato Lungo 0,000 fori, interasse 0 - Lato Corto 0 fori, interasse 0' 
    - ErrorMessage: ''
0266265:
    - bResult: 'False'
    - OutDescEst: ' Lato Lungo 0,000 fori, interasse 0 - Lato Corto 0 fori, interasse 0' 
    - ErrorMessage: ''
0266266:
    - bResult: 'False'
    - OutDescEst: ' Lato Lungo 0,000 fori, interasse 0 - Lato Corto 0 fori, interasse 0' 
    - ErrorMessage: ''
0266267:
    - bResult: 'False'
    - OutDescEst: ' Lato Lungo 0,000 fori, interasse 0 - Lato Corto 0 fori, interasse 0' 
    - ErrorMessage: ''
0266299:
    - bResult: 'False'
    - OutDescEst: ' Lato Lungo 0,000 fori, interasse 0 - Lato Corto 0 fori, interasse 0' 
    - ErrorMessage: ''
0266300:
    - bResult: 'False'
    - OutDescEst: ' Lato Lungo 0,000 fori, interasse 0 - Lato Corto 0 fori, interasse 0' 
    - ErrorMessage: ''
0266790:
    - bResult: 'False'
    - OutDescEst: ' Lato Lungo 0,000 fori, interasse 0 - Lato Corto 0 fori, interasse 0' 
    - ErrorMessage: ''
0266791:
    - bResult: 'False'
    - OutDescEst: ' Lato Lungo 0,000 fori, interasse 0 - Lato Corto 0 fori, interasse 0' 
    - ErrorMessage: ''
0266792:
    - bResult: 'False'
    - OutDescEst: ' Lato Lungo 0,000 fori, interasse 0 - Lato Corto 0 fori, interasse 0' 
    - ErrorMessage: ''
0266973:
    - bResult: 'False'
    - OutDescEst: ' Lato Lungo 0,000 fori, interasse 0 - Lato Corto 0 fori, interasse 0' 
    - ErrorMessage: ''
0266974:
    - bResult: 'False'
    - OutDescEst: ' Lato Lungo 0,000 fori, interasse 0 - Lato Corto 0 fori, interasse 0' 
    - ErrorMessage: ''
0266995:
    - bResult: 'False'
    - OutDescEst: ' Lato Lungo 0,000 fori, interasse 0 - Lato Corto 0 fori, interasse 0' 
    - ErrorMessage: ''
0267310:
    - bResult: 'False'
    - OutDescEst: ' Lato Lungo 0,000 fori, interasse 0 - Lato Corto 0 fori, interasse 0' 
    - ErrorMessage: ''
0267333:
    - bResult: 'False'
    - OutDescEst: ' Lato Lungo 0,000 fori, interasse 0 - Lato Corto 0 fori, interasse 0' 
    - ErrorMessage: ''
0267335:
    - bResult: 'False'
    - OutDescEst: ' Lato Lungo 0,000 fori, interasse 0 - Lato Corto 0 fori, interasse 0' 
    - ErrorMessage: ''
0267347:
    - bResult: 'False'
    - OutDescEst: ' Lato Lungo 0,000 fori, interasse 0 - Lato Corto 0 fori, interasse 0' 
    - ErrorMessage: ''
0267349:
    - bResult: 'False'
    - OutDescEst: ' Lato Lungo 0,000 fori, interasse 0 - Lato Corto 0 fori, interasse 0' 
    - ErrorMessage: ''
0267373:
    - bResult: 'False'
    - OutDescEst: ' Lato Lungo 0,000 fori, interasse 0 - Lato Corto 0 fori, interasse 0' 
    - ErrorMessage: ''
0267565:
    - bResult: 'False'
    - OutDescEst: ' Lato Lungo 0,000 fori, interasse  - Lato Corto 0 fori, interasse ' 
    - ErrorMessage: ''
0267690:
    - bResult: 'False'
    - OutDescEst: ' Lato Lungo 0,000 fori, interasse 0 - Lato Corto 0 fori, interasse 0' 
    - ErrorMessage: ''
0267842:
    - bResult: 'False'
    - OutDescEst: ' Lato Lungo 0,000 fori, interasse 0 - Lato Corto 0 fori, interasse 0' 
    - ErrorMessage: ''
0267902:
    - bResult: 'False'
    - OutDescEst: ' Lato Lungo 0,000 fori, interasse 0 - Lato Corto 0 fori, interasse 0' 
    - ErrorMessage: ''
0267938:
    - bResult: 'False'
    - OutDescEst: ' Lato Lungo 0,000 fori, interasse 128 - Lato Corto 0 fori, interasse 0' 
    - ErrorMessage: ''
0267939:
    - bResult: 'False'
    - OutDescEst: ' Lato Lungo 0,000 fori, interasse 0 - Lato Corto 0 fori, interasse 0' 
    - ErrorMessage: ''
0268147:
    - bResult: 'False'
    - OutDescEst: ' Lato Lungo 0,000 fori, interasse 0 - Lato Corto 0 fori, interasse 0' 
    - ErrorMessage: ''
0268248:
    - bResult: 'False'
    - OutDescEst: ' Lato Lungo 0,000 fori, interasse 0 - Lato Corto 0 fori, interasse 0' 
    - ErrorMessage: ''
0268249:
    - bResult: 'False'
    - OutDescEst: ' Lato Lungo 0,000 fori, interasse 0 - Lato Corto 0 fori, interasse 0' 
    - ErrorMessage: ''
0268271:
    - bResult: 'False'
    - OutDescEst: ' Lato Lungo 0,000 fori, interasse 0 - Lato Corto 0 fori, interasse 0' 
    - ErrorMessage: ''
0268305:
    - bResult: 'False'
    - OutDescEst: ' Lato Lungo 0,000 fori, interasse 0 - Lato Corto 0 fori, interasse 0' 
    - ErrorMessage: ''
0268354:
    - bResult: 'False'
    - OutDescEst: ' Lato Lungo 0,000 fori, interasse 0 - Lato Corto 0 fori, interasse 0' 
    - ErrorMessage: ''
0268698:
    - bResult: 'False'
    - OutDescEst: ' Lato Lungo 0,000 fori, interasse 0 - Lato Corto 0 fori, interasse 0' 
    - ErrorMessage: ''
0268699:
    - bResult: 'False'
    - OutDescEst: ' Lato Lungo 0,000 fori, interasse 0 - Lato Corto 0 fori, interasse 0' 
    - ErrorMessage: ''
0268705:
    - bResult: 'False'
    - OutDescEst: ' Lato Lungo 0,000 fori, interasse 0 - Lato Corto 0 fori, interasse 0' 
    - ErrorMessage: ''
0268706:
    - bResult: 'False'
    - OutDescEst: ' Lato Lungo 0,000 fori, interasse 0 - Lato Corto 0 fori, interasse 0' 
    - ErrorMessage: ''
0268707:
    - bResult: 'False'
    - OutDescEst: ' Lato Lungo 0,000 fori, interasse 0 - Lato Corto 0 fori, interasse 0' 
    - ErrorMessage: ''
0268708:
    - bResult: 'False'
    - OutDescEst: ' Lato Lungo 0,000 fori, interasse 0 - Lato Corto 0 fori, interasse 0' 
    - ErrorMessage: ''
0268709:
    - bResult: 'False'
    - OutDescEst: ' Lato Lungo 0,000 fori, interasse 0 - Lato Corto 0 fori, interasse 0' 
    - ErrorMessage: ''
0268710:
    - bResult: 'False'
    - OutDescEst: ' Lato Lungo 0,000 fori, interasse 0 - Lato Corto 0 fori, interasse 0' 
    - ErrorMessage: ''
0268711:
    - bResult: 'False'
    - OutDescEst: ' Lato Lungo 0,000 fori, interasse 0 - Lato Corto 0 fori, interasse 0' 
    - ErrorMessage: ''
0268713:
    - bResult: 'False'
    - OutDescEst: ' Lato Lungo 0,000 fori, interasse 0 - Lato Corto 0 fori, interasse 0' 
    - ErrorMessage: ''
0268714:
    - bResult: 'False'
    - OutDescEst: ' Lato Lungo 0,000 fori, interasse 0 - Lato Corto 0 fori, interasse 0' 
    - ErrorMessage: ''
0268715:
    - bResult: 'False'
    - OutDescEst: ' Lato Lungo 0,000 fori, interasse 0 - Lato Corto 0 fori, interasse 0' 
    - ErrorMessage: ''
0268716:
    - bResult: 'False'
    - OutDescEst: ' Lato Lungo 0,000 fori, interasse 0 - Lato Corto 0 fori, interasse 0' 
    - ErrorMessage: ''
0268717:
    - bResult: 'False'
    - OutDescEst: ' Lato Lungo 0,000 fori, interasse 0 - Lato Corto 0 fori, interasse 0' 
    - ErrorMessage: ''
0268718:
    - bResult: 'False'
    - OutDescEst: ' Lato Lungo 0,000 fori, interasse 0 - Lato Corto 0 fori, interasse 0' 
    - ErrorMessage: ''
0268719:
    - bResult: 'False'
    - OutDescEst: ' Lato Lungo 0,000 fori, interasse 0 - Lato Corto 0 fori, interasse 0' 
    - ErrorMessage: ''
0268720:
    - bResult: 'False'
    - OutDescEst: ' Lato Lungo 0,000 fori, interasse 0 - Lato Corto 0 fori, interasse 0' 
    - ErrorMessage: ''
0268743:
    - bResult: 'False'
    - OutDescEst: ' Lato Lungo 0,000 fori, interasse 0 - Lato Corto 0 fori, interasse 0' 
    - ErrorMessage: ''
0268750:
    - bResult: 'False'
    - OutDescEst: ' Lato Lungo 0,000 fori, interasse 0 - Lato Corto 0 fori, interasse 0' 
    - ErrorMessage: ''
0268751:
    - bResult: 'False'
    - OutDescEst: ' Lato Lungo 0,000 fori, interasse 0 - Lato Corto 0 fori, interasse 0' 
    - ErrorMessage: ''
0268784:
    - bResult: 'False'
    - OutDescEst: ' Lato Lungo 0,000 fori, interasse 0 - Lato Corto 0 fori, interasse 0' 
    - ErrorMessage: ''
0268786:
    - bResult: 'False'
    - OutDescEst: ' Lato Lungo 0,000 fori, interasse 0 - Lato Corto 0 fori, interasse 0' 
    - ErrorMessage: ''
0268789:
    - bResult: 'False'
    - OutDescEst: ' Lato Lungo 0,000 fori, interasse 0 - Lato Corto 0 fori, interasse 0' 
    - ErrorMessage: ''
0268790:
    - bResult: 'False'
    - OutDescEst: ' Lato Lungo 0,000 fori, interasse 0 - Lato Corto 0 fori, interasse 0' 
    - ErrorMessage: ''
0268826:
    - bResult: 'False'
    - OutDescEst: ' Lato Lungo 0,000 fori, interasse 0 - Lato Corto 0 fori, interasse 0' 
    - ErrorMessage: ''
0268841:
    - bResult: 'False'
    - OutDescEst: ' Lato Lungo 0,000 fori, interasse 0 - Lato Corto 0 fori, interasse 0' 
    - ErrorMessage: ''
0268842:
    - bResult: 'False'
    - OutDescEst: ' Lato Lungo 0,000 fori, interasse 0 - Lato Corto 0 fori, interasse 0' 
    - ErrorMessage: ''
0268867:
    - bResult: 'False'
    - OutDescEst: ' Lato Lungo 0,000 fori, interasse 0 - Lato Corto 0 fori, interasse 0' 
    - ErrorMessage: ''
0268879:
    - bResult: 'False'
    - OutDescEst: ' Lato Lungo 0,000 fori, interasse 0 - Lato Corto 0 fori, interasse 0' 
    - ErrorMessage: ''
0268895:
    - bResult: 'False'
    - OutDescEst: ' Lato Lungo 0,000 fori, interasse 0 - Lato Corto 0 fori, interasse 0' 
    - ErrorMessage: ''
0268964:
    - bResult: 'False'
    - OutDescEst: ' Lato Lungo 0,000 fori, interasse 0 - Lato Corto 0 fori, interasse 0' 
    - ErrorMessage: ''
0268965:
    - bResult: 'False'
    - OutDescEst: ' Lato Lungo 0,000 fori, interasse 0 - Lato Corto 0 fori, interasse 0' 
    - ErrorMessage: ''
0268966:
    - bResult: 'False'
    - OutDescEst: ' Lato Lungo 0,000 fori, interasse 0 - Lato Corto 0 fori, interasse 0' 
    - ErrorMessage: ''
0268968:
    - bResult: 'False'
    - OutDescEst: ' Lato Lungo 0,000 fori, interasse 0 - Lato Corto 0 fori, interasse 0' 
    - ErrorMessage: ''
0268970:
    - bResult: 'False'
    - OutDescEst: ' Lato Lungo 0,000 fori, interasse 0 - Lato Corto 0 fori, interasse 0' 
    - ErrorMessage: ''
0268979:
    - bResult: 'False'
    - OutDescEst: ' Lato Lungo 0,000 fori, interasse 0 - Lato Corto 0 fori, interasse 0' 
    - ErrorMessage: ''
0269031:
    - bResult: 'False'
    - OutDescEst: ' Lato Lungo 0,000 fori, interasse 0 - Lato Corto 0 fori, interasse 0' 
    - ErrorMessage: ''
0269036:
    - bResult: 'False'
    - OutDescEst: ' Lato Lungo 0,000 fori, interasse 0 - Lato Corto 0 fori, interasse 0' 
    - ErrorMessage: ''
0269039:
    - bResult: 'False'
    - OutDescEst: ' Lato Lungo 0,000 fori, interasse 0 - Lato Corto 0 fori, interasse 0' 
    - ErrorMessage: ''
0269078:
    - bResult: 'False'
    - OutDescEst: ' Lato Lungo 0,000 fori, interasse 0 - Lato Corto 0 fori, interasse 0' 
    - ErrorMessage: ''
0269079:
    - bResult: 'False'
    - OutDescEst: ' Lato Lungo 0,000 fori, interasse 0 - Lato Corto 0 fori, interasse 0' 
    - ErrorMessage: ''
0269100:
    - bResult: 'False'
    - OutDescEst: ' Lato Lungo 0,000 fori, interasse 0 - Lato Corto 0 fori, interasse 0' 
    - ErrorMessage: ''
0269109:
    - bResult: 'False'
    - OutDescEst: ' Lato Lungo 0,000 fori, interasse 0 - Lato Corto 0 fori, interasse 0' 
    - ErrorMessage: ''
0269121:
    - bResult: 'False'
    - OutDescEst: ' Lato Lungo 0,000 fori, interasse 0 - Lato Corto 0 fori, interasse 0' 
    - ErrorMessage: ''
0269122:
    - bResult: 'False'
    - OutDescEst: ' Lato Lungo 0,000 fori, interasse 0 - Lato Corto 0 fori, interasse 0' 
    - ErrorMessage: ''
0269360:
    - bResult: 'False'
    - OutDescEst: ' Lato Lungo 0,000 fori, interasse 0 - Lato Corto 0 fori, interasse 0' 
    - ErrorMessage: ''
0269361:
    - bResult: 'False'
    - OutDescEst: ' Lato Lungo 0,000 fori, interasse 0 - Lato Corto 0 fori, interasse 0' 
    - ErrorMessage: ''
0269362:
    - bResult: 'False'
    - OutDescEst: ' Lato Lungo 0,000 fori, interasse 0 - Lato Corto 0 fori, interasse 0' 
    - ErrorMessage: ''
0269363:
    - bResult: 'False'
    - OutDescEst: ' Lato Lungo 0,000 fori, interasse 0 - Lato Corto 0 fori, interasse 0' 
    - ErrorMessage: ''
0269525:
    - bResult: 'False'
    - OutDescEst: ' Lato Lungo 0,000 fori, interasse 0 - Lato Corto 0 fori, interasse 0' 
    - ErrorMessage: ''
0269552:
    - bResult: 'False'
    - OutDescEst: ' Lato Lungo 0,000 fori, interasse 0 - Lato Corto 0 fori, interasse 0' 
    - ErrorMessage: ''
0269553:
    - bResult: 'False'
    - OutDescEst: ' Lato Lungo 0,000 fori, interasse 0 - Lato Corto 0 fori, interasse 0' 
    - ErrorMessage: ''
0269592:
    - bResult: 'False'
    - OutDescEst: ' Lato Lungo 0,000 fori, interasse 0 - Lato Corto 0 fori, interasse 0' 
    - ErrorMessage: ''
0269593:
    - bResult: 'False'
    - OutDescEst: ' Lato Lungo 0,000 fori, interasse 0 - Lato Corto 0 fori, interasse 0' 
    - ErrorMessage: ''
0269616:
    - bResult: 'False'
    - OutDescEst: ' Lato Lungo 0,000 fori, interasse 0 - Lato Corto 0 fori, interasse 0' 
    - ErrorMessage: ''
0269629:
    - bResult: 'False'
    - OutDescEst: ' Lato Lungo 0,000 fori, interasse 0 - Lato Corto 0 fori, interasse 0' 
    - ErrorMessage: ''
0269630:
    - bResult: 'False'
    - OutDescEst: ' Lato Lungo 0,000 fori, interasse 0 - Lato Corto 0 fori, interasse 0' 
    - ErrorMessage: ''
0269753:
    - bResult: 'False'
    - OutDescEst: ' Lato Lungo 0,000 fori, interasse 0 - Lato Corto 0 fori, interasse 0' 
    - ErrorMessage: ''
0269837:
    - bResult: 'False'
    - OutDescEst: ' Lato Lungo 0,000 fori, interasse 0 - Lato Corto 0 fori, interasse 0' 
    - ErrorMessage: ''
0269838:
    - bResult: 'False'
    - OutDescEst: ' Lato Lungo 0,000 fori, interasse 0 - Lato Corto 0 fori, interasse 0' 
    - ErrorMessage: ''
0269839:
    - bResult: 'False'
    - OutDescEst: ' Lato Lungo 0,000 fori, interasse 0 - Lato Corto 0 fori, interasse 0' 
    - ErrorMessage: ''
0269840:
    - bResult: 'False'
    - OutDescEst: ' Lato Lungo 0,000 fori, interasse 0 - Lato Corto 0 fori, interasse 0' 
    - ErrorMessage: ''
0269978:
    - bResult: 'False'
    - OutDescEst: ' Lato Lungo 0,000 fori, interasse 0 - Lato Corto 0 fori, interasse 0' 
    - ErrorMessage: ''
0269979:
    - bResult: 'False'
    - OutDescEst: ' Lato Lungo 0,000 fori, interasse 0 - Lato Corto 0 fori, interasse 0' 
    - ErrorMessage: ''
0269980:
    - bResult: 'False'
    - OutDescEst: ' Lato Lungo 0,000 fori, interasse 0 - Lato Corto 0 fori, interasse 0' 
    - ErrorMessage: ''
0269981:
    - bResult: 'False'
    - OutDescEst: ' Lato Lungo 0,000 fori, interasse 0 - Lato Corto 0 fori, interasse 0' 
    - ErrorMessage: ''
0270006:
    - bResult: 'False'
    - OutDescEst: ' Lato Lungo 0,000 fori, interasse 0 - Lato Corto 0 fori, interasse 0' 
    - ErrorMessage: ''
0270017:
    - bResult: 'False'
    - OutDescEst: ' Lato Lungo 0,000 fori, interasse 0 - Lato Corto 0 fori, interasse 0' 
    - ErrorMessage: ''
0270079:
    - bResult: 'False'
    - OutDescEst: ' Lato Lungo 0,000 fori, interasse 0 - Lato Corto 0 fori, interasse 0' 
    - ErrorMessage: ''
0270145:
    - bResult: 'False'
    - OutDescEst: ' Lato Lungo 0,000 fori, interasse 0 - Lato Corto 0 fori, interasse 0' 
    - ErrorMessage: ''
0270146:
    - bResult: 'False'
    - OutDescEst: ' Lato Lungo 0,000 fori, interasse 0 - Lato Corto 0 fori, interasse 0' 
    - ErrorMessage: ''
0270215:
    - bResult: 'False'
    - OutDescEst: ' Lato Lungo 0,000 fori, interasse 0 - Lato Corto 0 fori, interasse 0' 
    - ErrorMessage: ''
0270225:
    - bResult: 'False'
    - OutDescEst: ' Lato Lungo 0,000 fori, interasse 0 - Lato Corto 0 fori, interasse 0' 
    - ErrorMessage: ''
0270758:
    - bResult: 'False'
    - OutDescEst: ' Lato Lungo 0,000 fori, interasse 0 - Lato Corto 0 fori, interasse 0' 
    - ErrorMessage: ''
0270759:
    - bResult: 'False'
    - OutDescEst: ' Lato Lungo 0,000 fori, interasse 0 - Lato Corto 0 fori, interasse 0' 
    - ErrorMessage: ''
0270760:
    - bResult: 'False'
    - OutDescEst: ' Lato Lungo 0,000 fori, interasse 0 - Lato Corto 0 fori, interasse 0' 
    - ErrorMessage: ''
0270761:
    - bResult: 'False'
    - OutDescEst: ' Lato Lungo 0,000 fori, interasse 0 - Lato Corto 0 fori, interasse 0' 
    - ErrorMessage: ''
0270762:
    - bResult: 'False'
    - OutDescEst: ' Lato Lungo 0,000 fori, interasse 0 - Lato Corto 0 fori, interasse 0' 
    - ErrorMessage: ''
0270763:
    - bResult: 'False'
    - OutDescEst: ' Lato Lungo 0,000 fori, interasse 0 - Lato Corto 0 fori, interasse 0' 
    - ErrorMessage: ''
0270772:
    - bResult: 'False'
    - OutDescEst: ' Lato Lungo 0,000 fori, interasse 0 - Lato Corto 0 fori, interasse 0' 
    - ErrorMessage: ''
0270773:
    - bResult: 'False'
    - OutDescEst: ' Lato Lungo 0,000 fori, interasse 0 - Lato Corto 0 fori, interasse 0' 
    - ErrorMessage: ''
0270774:
    - bResult: 'False'
    - OutDescEst: ' Lato Lungo 0,000 fori, interasse 0 - Lato Corto 0 fori, interasse 0' 
    - ErrorMessage: ''
0270775:
    - bResult: 'False'
    - OutDescEst: ' Lato Lungo 0,000 fori, interasse 0 - Lato Corto 0 fori, interasse 0' 
    - ErrorMessage: ''
0270776:
    - bResult: 'False'
    - OutDescEst: ' Lato Lungo 0,000 fori, interasse 0 - Lato Corto 0 fori, interasse 0' 
    - ErrorMessage: ''
0270825:
    - bResult: 'False'
    - OutDescEst: ' Lato Lungo 0,000 fori, interasse 0 - Lato Corto 0 fori, interasse 20' 
    - ErrorMessage: ''
0270828:
    - bResult: 'False'
    - OutDescEst: ' Lato Lungo 0,000 fori, interasse 0 - Lato Corto 0 fori, interasse 0' 
    - ErrorMessage: ''
0270829:
    - bResult: 'False'
    - OutDescEst: ' Lato Lungo 0,000 fori, interasse 0 - Lato Corto 0 fori, interasse 0' 
    - ErrorMessage: ''
0270838:
    - bResult: 'False'
    - OutDescEst: ' Lato Lungo 0,000 fori, interasse 0 - Lato Corto 0 fori, interasse 0' 
    - ErrorMessage: ''
0270883:
    - bResult: 'False'
    - OutDescEst: ' Lato Lungo 0,000 fori, interasse 0 - Lato Corto 0 fori, interasse 0' 
    - ErrorMessage: ''
0271069:
    - bResult: 'False'
    - OutDescEst: ' Lato Lungo 0,000 fori, interasse 0 - Lato Corto 0 fori, interasse 0' 
    - ErrorMessage: ''
0271070:
    - bResult: 'False'
    - OutDescEst: ' Lato Lungo 0,000 fori, interasse 0 - Lato Corto 0 fori, interasse 0' 
    - ErrorMessage: ''
0271071:
    - bResult: 'False'
    - OutDescEst: ' Lato Lungo 0,000 fori, interasse 0 - Lato Corto 0 fori, interasse 0' 
    - ErrorMessage: ''
0271072:
    - bResult: 'False'
    - OutDescEst: ' Lato Lungo 0,000 fori, interasse 0 - Lato Corto 0 fori, interasse 0' 
    - ErrorMessage: ''
0271073:
    - bResult: 'False'
    - OutDescEst: ' Lato Lungo 0,000 fori, interasse 0 - Lato Corto 0 fori, interasse 0' 
    - ErrorMessage: ''
0271074:
    - bResult: 'False'
    - OutDescEst: ' Lato Lungo 0,000 fori, interasse 0 - Lato Corto 0 fori, interasse 0' 
    - ErrorMessage: ''
0271075:
    - bResult: 'False'
    - OutDescEst: ' Lato Lungo 0,000 fori, interasse 0 - Lato Corto 0 fori, interasse 0' 
    - ErrorMessage: ''
0271076:
    - bResult: 'False'
    - OutDescEst: ' Lato Lungo 0,000 fori, interasse 0 - Lato Corto 0 fori, interasse 0' 
    - ErrorMessage: ''
0271077:
    - bResult: 'False'
    - OutDescEst: ' Lato Lungo 0,000 fori, interasse 0 - Lato Corto 0 fori, interasse 0' 
    - ErrorMessage: ''
0271078:
    - bResult: 'False'
    - OutDescEst: ' Lato Lungo 0,000 fori, interasse 0 - Lato Corto 0 fori, interasse 0' 
    - ErrorMessage: ''
0271079:
    - bResult: 'False'
    - OutDescEst: ' Lato Lungo 0,000 fori, interasse 0 - Lato Corto 0 fori, interasse 0' 
    - ErrorMessage: ''
0271080:
    - bResult: 'False'
    - OutDescEst: ' Lato Lungo 0,000 fori, interasse 0 - Lato Corto 0 fori, interasse 0' 
    - ErrorMessage: ''
0271081:
    - bResult: 'False'
    - OutDescEst: ' Lato Lungo 0,000 fori, interasse 0 - Lato Corto 0 fori, interasse 0' 
    - ErrorMessage: ''
0271082:
    - bResult: 'False'
    - OutDescEst: ' Lato Lungo 0,000 fori, interasse 0 - Lato Corto 0 fori, interasse 0' 
    - ErrorMessage: ''
0271083:
    - bResult: 'False'
    - OutDescEst: ' Lato Lungo 0,000 fori, interasse 0 - Lato Corto 0 fori, interasse 0' 
    - ErrorMessage: ''
0271084:
    - bResult: 'False'
    - OutDescEst: ' Lato Lungo 0,000 fori, interasse 0 - Lato Corto 0 fori, interasse 0' 
    - ErrorMessage: ''
0271085:
    - bResult: 'False'
    - OutDescEst: ' Lato Lungo 0,000 fori, interasse 0 - Lato Corto 0 fori, interasse 0' 
    - ErrorMessage: ''
0271086:
    - bResult: 'False'
    - OutDescEst: ' Lato Lungo 0,000 fori, interasse 0 - Lato Corto 0 fori, interasse 0' 
    - ErrorMessage: ''
0271087:
    - bResult: 'False'
    - OutDescEst: ' Lato Lungo 0,000 fori, interasse 0 - Lato Corto 0 fori, interasse 0' 
    - ErrorMessage: ''
0271088:
    - bResult: 'False'
    - OutDescEst: ' Lato Lungo 0,000 fori, interasse 0 - Lato Corto 0 fori, interasse 0' 
    - ErrorMessage: ''
0271089:
    - bResult: 'False'
    - OutDescEst: ' Lato Lungo 0,000 fori, interasse 0 - Lato Corto 0 fori, interasse 0' 
    - ErrorMessage: ''
0271090:
    - bResult: 'False'
    - OutDescEst: ' Lato Lungo 0,000 fori, interasse 0 - Lato Corto 0 fori, interasse 0' 
    - ErrorMessage: ''
0271091:
    - bResult: 'False'
    - OutDescEst: ' Lato Lungo 0,000 fori, interasse 0 - Lato Corto 0 fori, interasse 0' 
    - ErrorMessage: ''
0271120:
    - bResult: 'False'
    - OutDescEst: ' Lato Lungo 0,000 fori, interasse 0 - Lato Corto 0 fori, interasse 0' 
    - ErrorMessage: ''
0271124:
    - bResult: 'False'
    - OutDescEst: ' Lato Lungo 0,000 fori, interasse 0 - Lato Corto 0 fori, interasse 0' 
    - ErrorMessage: ''
0271125:
    - bResult: 'False'
    - OutDescEst: ' Lato Lungo 0,000 fori, interasse 0 - Lato Corto 0 fori, interasse 0' 
    - ErrorMessage: ''
0271140:
    - bResult: 'False'
    - OutDescEst: ' Lato Lungo 0,000 fori, interasse 0 - Lato Corto 0 fori, interasse 0' 
    - ErrorMessage: ''
0271148:
    - bResult: 'False'
    - OutDescEst: ' Lato Lungo 0,000 fori, interasse 0 - Lato Corto 0 fori, interasse 0' 
    - ErrorMessage: ''
0271150:
    - bResult: 'False'
    - OutDescEst: ' Lato Lungo 0,000 fori, interasse 0 - Lato Corto 0 fori, interasse 0' 
    - ErrorMessage: ''
0271252:
    - bResult: 'False'
    - OutDescEst: ' Lato Lungo 0,000 fori, interasse 0 - Lato Corto 0 fori, interasse 0' 
    - ErrorMessage: ''
0271253:
    - bResult: 'False'
    - OutDescEst: ' Lato Lungo 0,000 fori, interasse 0 - Lato Corto 0 fori, interasse 0' 
    - ErrorMessage: ''
0271254:
    - bResult: 'False'
    - OutDescEst: ' Lato Lungo 0,000 fori, interasse 0 - Lato Corto 0 fori, interasse 0' 
    - ErrorMessage: ''
0271255:
    - bResult: 'False'
    - OutDescEst: ' Lato Lungo 0,000 fori, interasse 0 - Lato Corto 0 fori, interasse 0' 
    - ErrorMessage: ''
0271257:
    - bResult: 'False'
    - OutDescEst: ' Lato Lungo 0,000 fori, interasse 0 - Lato Corto 0 fori, interasse 0' 
    - ErrorMessage: ''
0271258:
    - bResult: 'False'
    - OutDescEst: ' Lato Lungo 0,000 fori, interasse 0 - Lato Corto 0 fori, interasse 0' 
    - ErrorMessage: ''
0271260:
    - bResult: 'False'
    - OutDescEst: ' Lato Lungo 0,000 fori, interasse 0 - Lato Corto 0 fori, interasse 0' 
    - ErrorMessage: ''
0271261:
    - bResult: 'False'
    - OutDescEst: ' Lato Lungo 0,000 fori, interasse 0 - Lato Corto 0 fori, interasse 0' 
    - ErrorMessage: ''
0271262:
    - bResult: 'False'
    - OutDescEst: ' Lato Lungo 0,000 fori, interasse 0 - Lato Corto 0 fori, interasse 0' 
    - ErrorMessage: ''
0271263:
    - bResult: 'False'
    - OutDescEst: ' Lato Lungo 0,000 fori, interasse 0 - Lato Corto 0 fori, interasse 0' 
    - ErrorMessage: ''
0271268:
    - bResult: 'False'
    - OutDescEst: ' Lato Lungo 0,000 fori, interasse 0 - Lato Corto 0 fori, interasse 0' 
    - ErrorMessage: ''
0271269:
    - bResult: 'False'
    - OutDescEst: ' Lato Lungo 0,000 fori, interasse 0 - Lato Corto 0 fori, interasse 0' 
    - ErrorMessage: ''
0271272:
    - bResult: 'False'
    - OutDescEst: ' Lato Lungo 0,000 fori, interasse 0 - Lato Corto 0 fori, interasse 0' 
    - ErrorMessage: ''
0271575:
    - bResult: 'False'
    - OutDescEst: ' Lato Lungo 0,000 fori, interasse 0 - Lato Corto 0 fori, interasse 0' 
    - ErrorMessage: ''
0271603:
    - bResult: 'False'
    - OutDescEst: ' Lato Lungo 0,000 fori, interasse 0 - Lato Corto 0 fori, interasse 0' 
    - ErrorMessage: ''
0271604:
    - bResult: 'False'
    - OutDescEst: ' Lato Lungo 0,000 fori, interasse 0 - Lato Corto 0 fori, interasse 0' 
    - ErrorMessage: ''
0271609:
    - bResult: 'False'
    - OutDescEst: ' Lato Lungo 0,000 fori, interasse 0 - Lato Corto 0 fori, interasse 0' 
    - ErrorMessage: ''
0271610:
    - bResult: 'False'
    - OutDescEst: ' Lato Lungo 0,000 fori, interasse 0 - Lato Corto 0 fori, interasse 0' 
    - ErrorMessage: ''
0271751:
    - bResult: 'False'
    - OutDescEst: ' Lato Lungo 0,000 fori, interasse 0 - Lato Corto 0 fori, interasse 0' 
    - ErrorMessage: ''
0271774:
    - bResult: 'False'
    - OutDescEst: ' Lato Lungo 0,000 fori, interasse 0 - Lato Corto 0 fori, interasse 0' 
    - ErrorMessage: ''
0271781:
    - bResult: 'False'
    - OutDescEst: ' Lato Lungo 0,000 fori, interasse 0 - Lato Corto 0 fori, interasse 0' 
    - ErrorMessage: ''
0271832:
    - bResult: 'False'
    - OutDescEst: ' Lato Lungo 0,000 fori, interasse 0 - Lato Corto 0 fori, interasse 0' 
    - ErrorMessage: ''
0271906:
    - bResult: 'False'
    - OutDescEst: ' Lato Lungo 0,000 fori, interasse 0 - Lato Corto 0 fori, interasse 0' 
    - ErrorMessage: ''
0271907:
    - bResult: 'False'
    - OutDescEst: ' Lato Lungo 0,000 fori, interasse 0 - Lato Corto 0 fori, interasse 0' 
    - ErrorMessage: ''
0271910:
    - bResult: 'False'
    - OutDescEst: ' Lato Lungo 0,000 fori, interasse 0 - Lato Corto 0 fori, interasse 0' 
    - ErrorMessage: ''
0271911:
    - bResult: 'False'
    - OutDescEst: ' Lato Lungo 0,000 fori, interasse 0 - Lato Corto 0 fori, interasse 0' 
    - ErrorMessage: ''
0272100:
    - bResult: 'False'
    - OutDescEst: ' Lato Lungo 0,000 fori, interasse 0 - Lato Corto 0 fori, interasse 0' 
    - ErrorMessage: ''
0272101:
    - bResult: 'False'
    - OutDescEst: ' Lato Lungo 0,000 fori, interasse 0 - Lato Corto 0 fori, interasse 0' 
    - ErrorMessage: ''
0272107:
    - bResult: 'False'
    - OutDescEst: ' Lato Lungo 0,000 fori, interasse 0 - Lato Corto 0 fori, interasse 0' 
    - ErrorMessage: ''
0272126:
    - bResult: 'False'
    - OutDescEst: ' Lato Lungo 0,000 fori, interasse 0 - Lato Corto 0 fori, interasse 0' 
    - ErrorMessage: ''
0272132:
    - bResult: 'False'
    - OutDescEst: ' Lato Lungo 0,000 fori, interasse 0 - Lato Corto 0 fori, interasse 0' 
    - ErrorMessage: ''
0272133:
    - bResult: 'False'
    - OutDescEst: ' Lato Lungo 0,000 fori, interasse 0 - Lato Corto 0 fori, interasse 0' 
    - ErrorMessage: ''
0272159:
    - bResult: 'False'
    - OutDescEst: ' Lato Lungo 0,000 fori, interasse 0 - Lato Corto 0 fori, interasse 0' 
    - ErrorMessage: ''
0272162:
    - bResult: 'False'
    - OutDescEst: ' Lato Lungo 0,000 fori, interasse 0 - Lato Corto 0 fori, interasse 0' 
    - ErrorMessage: ''
0272174:
    - bResult: 'False'
    - OutDescEst: ' Lato Lungo 0,000 fori, interasse 0 - Lato Corto 0 fori, interasse 0' 
    - ErrorMessage: ''
0272177:
    - bResult: 'False'
    - OutDescEst: ' Lato Lungo 0,000 fori, interasse 0 - Lato Corto 0 fori, interasse 0' 
    - ErrorMessage: ''
0272189:
    - bResult: 'False'
    - OutDescEst: ' Lato Lungo 0,000 fori, interasse 0 - Lato Corto 0 fori, interasse 0' 
    - ErrorMessage: ''
0272190:
    - bResult: 'False'
    - OutDescEst: ' Lato Lungo 0,000 fori, interasse 0 - Lato Corto 0 fori, interasse 0' 
    - ErrorMessage: ''
0272191:
    - bResult: 'False'
    - OutDescEst: ' Lato Lungo 0,000 fori, interasse 0 - Lato Corto 0 fori, interasse 0' 
    - ErrorMessage: ''
0272244:
    - bResult: 'False'
    - OutDescEst: ' Lato Lungo 0,000 fori, interasse 0 - Lato Corto 0 fori, interasse 0' 
    - ErrorMessage: ''
0272246:
    - bResult: 'False'
    - OutDescEst: ' Lato Lungo 0,000 fori, interasse 0 - Lato Corto 0 fori, interasse 0' 
    - ErrorMessage: ''
0272252:
    - bResult: 'False'
    - OutDescEst: ' Lato Lungo 0,000 fori, interasse 0 - Lato Corto 0 fori, interasse 0' 
    - ErrorMessage: ''
0272253:
    - bResult: 'False'
    - OutDescEst: ' Lato Lungo 0,000 fori, interasse 0 - Lato Corto 0 fori, interasse 0' 
    - ErrorMessage: ''
0272283:
    - bResult: 'False'
    - OutDescEst: ' Lato Lungo 0,000 fori, interasse 0 - Lato Corto 0 fori, interasse 0' 
    - ErrorMessage: ''
0272318:
    - bResult: 'False'
    - OutDescEst: ' Lato Lungo 0,000 fori, interasse 0 - Lato Corto 0 fori, interasse 0' 
    - ErrorMessage: ''
0272397:
    - bResult: 'False'
    - OutDescEst: ' Lato Lungo 0,000 fori, interasse 0 - Lato Corto 0 fori, interasse 0' 
    - ErrorMessage: ''
0272400:
    - bResult: 'False'
    - OutDescEst: ' Lato Lungo 0,000 fori, interasse 0 - Lato Corto 0 fori, interasse 0' 
    - ErrorMessage: ''
0272401:
    - bResult: 'False'
    - OutDescEst: ' Lato Lungo 0,000 fori, interasse 0 - Lato Corto 0 fori, interasse 0' 
    - ErrorMessage: ''
0272404:
    - bResult: 'False'
    - OutDescEst: ' Lato Lungo 0,000 fori, interasse 0 - Lato Corto 0 fori, interasse 0' 
    - ErrorMessage: ''
0272405:
    - bResult: 'False'
    - OutDescEst: ' Lato Lungo 0,000 fori, interasse 50 - Lato Corto 0 fori, interasse 0' 
    - ErrorMessage: ''
0272406:
    - bResult: 'False'
    - OutDescEst: ' Lato Lungo 0,000 fori, interasse 0 - Lato Corto 0 fori, interasse 0' 
    - ErrorMessage: ''
0272407:
    - bResult: 'False'
    - OutDescEst: ' Lato Lungo 0,000 fori, interasse 0 - Lato Corto 0 fori, interasse 0' 
    - ErrorMessage: ''
0272566:
    - bResult: 'False'
    - OutDescEst: '' 
    - ErrorMessage: ''
0272568:
    - bResult: 'False'
    - OutDescEst: '' 
    - ErrorMessage: ''
0272570:
    - bResult: 'False'
    - OutDescEst: ' Lato Lungo 0,000 fori, interasse 0 - Lato Corto 0 fori, interasse 0' 
    - ErrorMessage: ''
0272628:
    - bResult: 'False'
    - OutDescEst: ' Lato Lungo 0,000 fori, interasse 0 - Lato Corto 0 fori, interasse 0' 
    - ErrorMessage: ''
0272629:
    - bResult: 'False'
    - OutDescEst: ' Lato Lungo 0,000 fori, interasse 0 - Lato Corto 0 fori, interasse 0' 
    - ErrorMessage: ''
0272737:
    - bResult: 'False'
    - OutDescEst: ' Lato Lungo 0,000 fori, interasse 0 - Lato Corto 0 fori, interasse 0' 
    - ErrorMessage: ''
0272738:
    - bResult: 'False'
    - OutDescEst: ' Lato Lungo 0,000 fori, interasse 0 - Lato Corto 0 fori, interasse 0' 
    - ErrorMessage: ''
0272848:
    - bResult: 'False'
    - OutDescEst: ' Lato Lungo 0,000 fori, interasse 0 - Lato Corto 0 fori, interasse 0' 
    - ErrorMessage: ''
0272864:
    - bResult: 'False'
    - OutDescEst: ' Lato Lungo 0,000 fori, interasse 0 - Lato Corto 0 fori, interasse 0' 
    - ErrorMessage: ''
0272909:
    - bResult: 'False'
    - OutDescEst: ' Lato Lungo 0,000 fori, interasse 0 - Lato Corto 0 fori, interasse 0' 
    - ErrorMessage: ''
0272976:
    - bResult: 'False'
    - OutDescEst: ' Lato Lungo 0,000 fori, interasse 0 - Lato Corto 0 fori, interasse 0' 
    - ErrorMessage: ''
0272978:
    - bResult: 'False'
    - OutDescEst: ' Lato Lungo 0,000 fori, interasse 0 - Lato Corto 0 fori, interasse 0' 
    - ErrorMessage: ''
0273033:
    - bResult: 'False'
    - OutDescEst: ' Lato Lungo 0,000 fori, interasse 0 - Lato Corto 0 fori, interasse 0' 
    - ErrorMessage: ''
0273153:
    - bResult: 'False'
    - OutDescEst: ' Lato Lungo 0,000 fori, interasse 0 - Lato Corto 0 fori, interasse 0' 
    - ErrorMessage: ''
