0250640:
    - bResult: 'False'
    - OutDescEst: '' 
    - ErrorMessage: ''
0250454:
    - bResult: 'False'
    - OutDescEst: '' 
    - ErrorMessage: ''
0249818:
    - bResult: 'False'
    - OutDescEst: ' Mont.D - Ang.Asol.Singolo - ""' 
    - ErrorMessage: ''
0249817:
    - bResult: 'False'
    - OutDescEst: ' Mont.D - Ang.Asol.Singolo - ""' 
    - ErrorMessage: ''
0249816:
    - bResult: 'False'
    - OutDescEst: '' 
    - ErrorMessage: ''
0249815:
    - bResult: 'False'
    - OutDescEst: '' 
    - ErrorMessage: ''
0249791:
    - bResult: 'False'
    - OutDescEst: ' Mont. - ""' 
    - ErrorMessage: ''
0249789:
    - bResult: 'False'
    - OutDescEst: ' Mont. - ""' 
    - ErrorMessage: ''
0249788:
    - bResult: 'False'
    - OutDescEst: ' Mont.A - ""' 
    - ErrorMessage: ''
0249787:
    - bResult: 'False'
    - OutDescEst: ' Mont. - ""' 
    - ErrorMessage: ''
0249786:
    - bResult: 'False'
    - OutDescEst: ' Mont.A - ""' 
    - ErrorMessage: ''
0249783:
    - bResult: 'False'
    - OutDescEst: '' 
    - ErrorMessage: ''
0249782:
    - bResult: 'False'
    - OutDescEst: '' 
    - ErrorMessage: ''
0248524:
    - bResult: 'False'
    - OutDescEst: '' 
    - ErrorMessage: ''
0248211:
    - bResult: 'False'
    - OutDescEst: ' Mont.C - Ang.Asol.Singolo - ""' 
    - ErrorMessage: ''
0248210:
    - bResult: 'False'
    - OutDescEst: ' Mont.C - Ang.Asol.Singolo - ""' 
    - ErrorMessage: ''
0248209:
    - bResult: 'False'
    - OutDescEst: ' Mont.C - Ang.Asol.Singolo - ""' 
    - ErrorMessage: ''
0248208:
    - bResult: 'False'
    - OutDescEst: ' Mont.C - Ang.Asol.Singolo - ""' 
    - ErrorMessage: ''
0248207:
    - bResult: 'False'
    - OutDescEst: '' 
    - ErrorMessage: ''
0248206:
    - bResult: 'False'
    - OutDescEst: ' Mont.D - Ang.Asol.Singolo - ""' 
    - ErrorMessage: ''
0248205:
    - bResult: 'False'
    - OutDescEst: ' Mont.D - Ang.Asol.Singolo - ""' 
    - ErrorMessage: ''
0248204:
    - bResult: 'False'
    - OutDescEst: ' Mont.D - Ang.Asol.Singolo - ""' 
    - ErrorMessage: ''
0248203:
    - bResult: 'False'
    - OutDescEst: ' Mont.D - Ang.Asol.Singolo - ""' 
    - ErrorMessage: ''
0248201:
    - bResult: 'False'
    - OutDescEst: '' 
    - ErrorMessage: ''
0248200:
    - bResult: 'False'
    - OutDescEst: ' Mont.C - Ang.Asol.Singolo - ""' 
    - ErrorMessage: ''
0248199:
    - bResult: 'False'
    - OutDescEst: ' Mont.C - Ang.Asol.Singolo - ""' 
    - ErrorMessage: ''
0248198:
    - bResult: 'False'
    - OutDescEst: ' Mont.C - Ang.Asol.Singolo - ""' 
    - ErrorMessage: ''
0248197:
    - bResult: 'False'
    - OutDescEst: ' Mont.C - Ang.Asol.Singolo - ""' 
    - ErrorMessage: ''
0248196:
    - bResult: 'False'
    - OutDescEst: ' Mont.C - Ang.Asol.Singolo - ""' 
    - ErrorMessage: ''
0248195:
    - bResult: 'False'
    - OutDescEst: ' Mont.C - Ang.Asol.Singolo - ""' 
    - ErrorMessage: ''
0248194:
    - bResult: 'False'
    - OutDescEst: '' 
    - ErrorMessage: ''
0248190:
    - bResult: 'False'
    - OutDescEst: '' 
    - ErrorMessage: ''
0248189:
    - bResult: 'False'
    - OutDescEst: '' 
    - ErrorMessage: ''
0248188:
    - bResult: 'False'
    - OutDescEst: ' Mont.D - Ang.Asol.Singolo - ""' 
    - ErrorMessage: ''
0248187:
    - bResult: 'False'
    - OutDescEst: ' Mont.D - Ang.Asol.Singolo - ""' 
    - ErrorMessage: ''
0248186:
    - bResult: 'False'
    - OutDescEst: ' Mont.D - Ang.Asol.Singolo - ""' 
    - ErrorMessage: ''
0248185:
    - bResult: 'False'
    - OutDescEst: ' Mont.D - Ang.Asol.Singolo - ""' 
    - ErrorMessage: ''
0248184:
    - bResult: 'False'
    - OutDescEst: ' Mont.D - Ang.Asol.Singolo - ""' 
    - ErrorMessage: ''
0248183:
    - bResult: 'False'
    - OutDescEst: ' Mont.D - Ang.Asol.Singolo - ""' 
    - ErrorMessage: ''
0248182:
    - bResult: 'False'
    - OutDescEst: '' 
    - ErrorMessage: ''
0248116:
    - bResult: 'False'
    - OutDescEst: ' Mont.B - Ang.Asol.Singolo - ""' 
    - ErrorMessage: ''
0248115:
    - bResult: 'False'
    - OutDescEst: ' Mont.B - Ang.Asol.Singolo - ""' 
    - ErrorMessage: ''
0248114:
    - bResult: 'False'
    - OutDescEst: ' Mont.B - Ang.Asol.Singolo - ""' 
    - ErrorMessage: ''
0248111:
    - bResult: 'False'
    - OutDescEst: ' Mont.B - Ang.Asol.Singolo - ""' 
    - ErrorMessage: ''
0248110:
    - bResult: 'False'
    - OutDescEst: ' Mont.B - Ang.Asol.Singolo - ""' 
    - ErrorMessage: ''
0248109:
    - bResult: 'False'
    - OutDescEst: ' Mont.B - Ang.Asol.Singolo - ""' 
    - ErrorMessage: ''
0248108:
    - bResult: 'False'
    - OutDescEst: '' 
    - ErrorMessage: ''
0248107:
    - bResult: 'False'
    - OutDescEst: '' 
    - ErrorMessage: ''
0247075:
    - bResult: 'False'
    - OutDescEst: ' Mont.B - Ang.Asol.Singolo - ""' 
    - ErrorMessage: ''
0247074:
    - bResult: 'False'
    - OutDescEst: ' Mont.B - Ang.Asol.Singolo - ""' 
    - ErrorMessage: ''
0247073:
    - bResult: 'False'
    - OutDescEst: '' 
    - ErrorMessage: ''
0245824:
    - bResult: 'False'
    - OutDescEst: 'Saldatura FS-20' 
    - ErrorMessage: ''
0245820:
    - bResult: 'False'
    - OutDescEst: 'Saldatura FS-20' 
    - ErrorMessage: ''
0245819:
    - bResult: 'False'
    - OutDescEst: 'Saldatura FS-20' 
    - ErrorMessage: ''
0245818:
    - bResult: 'False'
    - OutDescEst: 'Saldatura FS-20' 
    - ErrorMessage: ''
0245462:
    - bResult: 'False'
    - OutDescEst: '' 
    - ErrorMessage: ''
0245445:
    - bResult: 'False'
    - OutDescEst: '' 
    - ErrorMessage: ''
0245444:
    - bResult: 'False'
    - OutDescEst: ' Mont.B - Ang.Asol.Singolo - ""' 
    - ErrorMessage: ''
0245443:
    - bResult: 'False'
    - OutDescEst: ' Mont.B - Ang.Asol.Singolo - ""' 
    - ErrorMessage: ''
0245442:
    - bResult: 'False'
    - OutDescEst: '' 
    - ErrorMessage: ''
0244773:
    - bResult: 'False'
    - OutDescEst: '' 
    - ErrorMessage: ''
0244686:
    - bResult: 'False'
    - OutDescEst: ' Mont.D - Ang.Asol.Singolo - ""' 
    - ErrorMessage: ''
0244685:
    - bResult: 'False'
    - OutDescEst: ' Mont.D - Ang.Asol.Singolo - ""' 
    - ErrorMessage: ''
0244684:
    - bResult: 'False'
    - OutDescEst: ' Mont.D - Ang.Asol.Singolo - ""' 
    - ErrorMessage: ''
0244683:
    - bResult: 'False'
    - OutDescEst: ' Mont.D - Ang.Asol.Singolo - ""' 
    - ErrorMessage: ''
0244663:
    - bResult: 'False'
    - OutDescEst: '' 
    - ErrorMessage: ''
0244662:
    - bResult: 'False'
    - OutDescEst: '' 
    - ErrorMessage: ''
0244661:
    - bResult: 'False'
    - OutDescEst: ' Mont.D - Ang.Asol.Singolo - ""' 
    - ErrorMessage: ''
0244660:
    - bResult: 'False'
    - OutDescEst: ' Mont.D - Ang.Asol.Singolo - ""' 
    - ErrorMessage: ''
0244659:
    - bResult: 'False'
    - OutDescEst: ' Mont.D - Ang.Asol.Singolo - ""' 
    - ErrorMessage: ''
0244658:
    - bResult: 'False'
    - OutDescEst: ' Mont.D - Ang.Asol.Singolo - ""' 
    - ErrorMessage: ''
0244657:
    - bResult: 'False'
    - OutDescEst: ' Mont.D - Ang.Asol.Singolo - ""' 
    - ErrorMessage: ''
0244656:
    - bResult: 'False'
    - OutDescEst: ' Mont.D - Ang.Asol.Singolo - ""' 
    - ErrorMessage: ''
0244655:
    - bResult: 'False'
    - OutDescEst: '' 
    - ErrorMessage: ''
0244654:
    - bResult: 'False'
    - OutDescEst: '' 
    - ErrorMessage: ''
0244617:
    - bResult: 'False'
    - OutDescEst: '' 
    - ErrorMessage: ''
0244614:
    - bResult: 'False'
    - OutDescEst: 'Saldatura FS-20' 
    - ErrorMessage: ''
0244613:
    - bResult: 'False'
    - OutDescEst: 'Saldatura FS-20' 
    - ErrorMessage: ''
0244465:
    - bResult: 'False'
    - OutDescEst: ' Mont.D - Ang.Asol.Singolo - con fermapallet' 
    - ErrorMessage: ''
0244464:
    - bResult: 'False'
    - OutDescEst: ' Mont.D - Ang.Asol.Singolo - ""' 
    - ErrorMessage: ''
0244463:
    - bResult: 'False'
    - OutDescEst: ' Mont.D - Ang.Asol.Singolo - con fermapallet' 
    - ErrorMessage: ''
0244462:
    - bResult: 'False'
    - OutDescEst: ' Mont.D - Ang.Asol.Singolo - ""' 
    - ErrorMessage: ''
0244461:
    - bResult: 'False'
    - OutDescEst: ' Mont.D - Ang.Asol.Singolo - con fermapallet' 
    - ErrorMessage: ''
0244460:
    - bResult: 'False'
    - OutDescEst: ' Mont.D - Ang.Asol.Singolo - ""' 
    - ErrorMessage: ''
0244337:
    - bResult: 'False'
    - OutDescEst: '' 
    - ErrorMessage: ''
0244336:
    - bResult: 'False'
    - OutDescEst: '' 
    - ErrorMessage: ''
0244335:
    - bResult: 'False'
    - OutDescEst: '' 
    - ErrorMessage: ''
0243112:
    - bResult: 'False'
    - OutDescEst: '' 
    - ErrorMessage: ''
0241773:
    - bResult: 'False'
    - OutDescEst: 'Saldatura FS-20' 
    - ErrorMessage: ''
0241772:
    - bResult: 'False'
    - OutDescEst: 'Saldatura FS-20' 
    - ErrorMessage: ''
0240632:
    - bResult: 'False'
    - OutDescEst: '' 
    - ErrorMessage: ''
0240622:
    - bResult: 'False'
    - OutDescEst: ' Mont.C - Ang.Asol.Singolo - ""' 
    - ErrorMessage: ''
0240621:
    - bResult: 'False'
    - OutDescEst: ' Mont.C - Ang.Asol.Singolo - con fermapallet' 
    - ErrorMessage: ''
0240620:
    - bResult: 'False'
    - OutDescEst: ' Mont.C - Ang.Asol.Singolo - con fermapallet' 
    - ErrorMessage: ''
0240619:
    - bResult: 'False'
    - OutDescEst: ' Mont.C - Ang.Asol.Singolo - ""' 
    - ErrorMessage: ''
0240618:
    - bResult: 'False'
    - OutDescEst: ' Mont.C - Ang.Asol.Singolo - ""' 
    - ErrorMessage: ''
0240617:
    - bResult: 'False'
    - OutDescEst: '' 
    - ErrorMessage: ''
0240202:
    - bResult: 'False'
    - OutDescEst: 'Saldatura FS-20' 
    - ErrorMessage: ''
0240201:
    - bResult: 'False'
    - OutDescEst: 'Saldatura FS-20' 
    - ErrorMessage: ''
0239582:
    - bResult: 'False'
    - OutDescEst: ' Mont.B - Ang.Asol.Singolo - ""' 
    - ErrorMessage: ''
0239581:
    - bResult: 'False'
    - OutDescEst: ' Mont.B - Ang.Asol.Singolo - ""' 
    - ErrorMessage: ''
0239580:
    - bResult: 'False'
    - OutDescEst: ' Mont.B - Ang.Asol.Singolo - ""' 
    - ErrorMessage: ''
0239579:
    - bResult: 'False'
    - OutDescEst: 'Saldatura FS' 
    - ErrorMessage: ''
0239578:
    - bResult: 'False'
    - OutDescEst: 'Saldatura FS' 
    - ErrorMessage: ''
0239577:
    - bResult: 'False'
    - OutDescEst: 'Saldatura FS' 
    - ErrorMessage: ''
0239576:
    - bResult: 'False'
    - OutDescEst: 'Saldatura FS' 
    - ErrorMessage: ''
0239575:
    - bResult: 'False'
    - OutDescEst: 'Saldatura FS' 
    - ErrorMessage: ''
0239294:
    - bResult: 'False'
    - OutDescEst: 'Saldatura FS-20' 
    - ErrorMessage: ''
0239293:
    - bResult: 'False'
    - OutDescEst: 'Saldatura FS-20' 
    - ErrorMessage: ''
0239292:
    - bResult: 'False'
    - OutDescEst: 'Saldatura FS-20' 
    - ErrorMessage: ''
0239291:
    - bResult: 'False'
    - OutDescEst: 'Saldatura FS-20' 
    - ErrorMessage: ''
0239290:
    - bResult: 'False'
    - OutDescEst: 'Saldatura FS-20' 
    - ErrorMessage: ''
0239289:
    - bResult: 'False'
    - OutDescEst: 'Saldatura FS-20' 
    - ErrorMessage: ''
0239288:
    - bResult: 'False'
    - OutDescEst: 'Saldatura FS-20' 
    - ErrorMessage: ''
0239287:
    - bResult: 'False'
    - OutDescEst: 'Saldatura FS-20' 
    - ErrorMessage: ''
0239286:
    - bResult: 'False'
    - OutDescEst: 'Saldatura FS-20' 
    - ErrorMessage: ''
0239285:
    - bResult: 'False'
    - OutDescEst: 'Saldatura FS-20' 
    - ErrorMessage: ''
0239278:
    - bResult: 'False'
    - OutDescEst: '' 
    - ErrorMessage: ''
0239277:
    - bResult: 'False'
    - OutDescEst: '' 
    - ErrorMessage: ''
0239276:
    - bResult: 'False'
    - OutDescEst: ' Mont. - ""' 
    - ErrorMessage: ''
0239275:
    - bResult: 'False'
    - OutDescEst: ' Mont. - ""' 
    - ErrorMessage: ''
0239274:
    - bResult: 'False'
    - OutDescEst: ' Mont. - ""' 
    - ErrorMessage: ''
0239273:
    - bResult: 'False'
    - OutDescEst: ' Mont. - ""' 
    - ErrorMessage: ''
0239272:
    - bResult: 'False'
    - OutDescEst: ' Mont. - ""' 
    - ErrorMessage: ''
0239271:
    - bResult: 'False'
    - OutDescEst: ' Mont. - ""' 
    - ErrorMessage: ''
0236674:
    - bResult: 'False'
    - OutDescEst: ' Mont.C - Ang.Asol.Singolo - ""' 
    - ErrorMessage: ''
0236673:
    - bResult: 'False'
    - OutDescEst: ' Mont.C - Ang.Asol.Singolo - ""' 
    - ErrorMessage: ''
0236672:
    - bResult: 'False'
    - OutDescEst: ' Mont.C - Ang.Asol.Singolo - ""' 
    - ErrorMessage: ''
0236671:
    - bResult: 'False'
    - OutDescEst: ' Mont.C - Ang.Asol.Singolo - ""' 
    - ErrorMessage: ''
0236670:
    - bResult: 'False'
    - OutDescEst: '' 
    - ErrorMessage: ''
0236669:
    - bResult: 'False'
    - OutDescEst: ' Mont.C - Ang.Asol.Singolo - ""' 
    - ErrorMessage: ''
0236666:
    - bResult: 'False'
    - OutDescEst: '' 
    - ErrorMessage: ''
0236664:
    - bResult: 'False'
    - OutDescEst: ' Mont.C - Ang.Asol.Singolo - ""' 
    - ErrorMessage: ''
0236098:
    - bResult: 'False'
    - OutDescEst: '' 
    - ErrorMessage: ''
0236097:
    - bResult: 'False'
    - OutDescEst: ' Mont.C - Ang.Asol.Singolo - ""' 
    - ErrorMessage: ''
0236096:
    - bResult: 'False'
    - OutDescEst: ' Mont.C - Ang.Asol.Singolo - ""' 
    - ErrorMessage: ''
0236095:
    - bResult: 'False'
    - OutDescEst: ' Mont.C - Ang.Asol.Singolo - ""' 
    - ErrorMessage: ''
0236094:
    - bResult: 'False'
    - OutDescEst: ' Mont.C - Ang.Asol.Singolo - ""' 
    - ErrorMessage: ''
0236093:
    - bResult: 'False'
    - OutDescEst: ' Mont.C - Ang.Asol.Singolo - ""' 
    - ErrorMessage: ''
0236092:
    - bResult: 'False'
    - OutDescEst: ' Mont.C - Ang.Asol.Singolo - ""' 
    - ErrorMessage: ''
0235137:
    - bResult: 'False'
    - OutDescEst: '' 
    - ErrorMessage: ''
0235033:
    - bResult: 'False'
    - OutDescEst: '' 
    - ErrorMessage: ''
0235032:
    - bResult: 'False'
    - OutDescEst: '' 
    - ErrorMessage: ''
0234920:
    - bResult: 'False'
    - OutDescEst: '' 
    - ErrorMessage: ''
0234919:
    - bResult: 'False'
    - OutDescEst: '' 
    - ErrorMessage: ''
0234918:
    - bResult: 'False'
    - OutDescEst: '' 
    - ErrorMessage: ''
0234917:
    - bResult: 'False'
    - OutDescEst: 'Saldatura FS' 
    - ErrorMessage: ''
0234916:
    - bResult: 'False'
    - OutDescEst: 'Saldatura FS' 
    - ErrorMessage: ''
0234915:
    - bResult: 'False'
    - OutDescEst: 'Saldatura FS' 
    - ErrorMessage: ''
0234914:
    - bResult: 'False'
    - OutDescEst: 'Saldatura FS' 
    - ErrorMessage: ''
0234913:
    - bResult: 'False'
    - OutDescEst: 'Saldatura FS-20' 
    - ErrorMessage: ''
0234912:
    - bResult: 'False'
    - OutDescEst: 'Saldatura FS-20' 
    - ErrorMessage: ''
0234911:
    - bResult: 'False'
    - OutDescEst: 'Saldatura FS-20' 
    - ErrorMessage: ''
0234910:
    - bResult: 'False'
    - OutDescEst: 'Saldatura FS-20' 
    - ErrorMessage: ''
0232344:
    - bResult: 'False'
    - OutDescEst: ' Mont.D - Ang.Asol.Singolo - ""' 
    - ErrorMessage: ''
0232343:
    - bResult: 'False'
    - OutDescEst: ' Mont.D - Ang.Asol.Singolo - ""' 
    - ErrorMessage: ''
0232342:
    - bResult: 'False'
    - OutDescEst: ' Mont.D - Ang.Asol.Singolo - ""' 
    - ErrorMessage: ''
0232341:
    - bResult: 'False'
    - OutDescEst: '' 
    - ErrorMessage: ''
0232340:
    - bResult: 'False'
    - OutDescEst: 'Saldatura FS' 
    - ErrorMessage: ''
0232339:
    - bResult: 'False'
    - OutDescEst: 'Saldatura FS' 
    - ErrorMessage: ''
0232338:
    - bResult: 'False'
    - OutDescEst: 'Saldatura FS-20' 
    - ErrorMessage: ''
0232337:
    - bResult: 'False'
    - OutDescEst: 'Saldatura FS-20' 
    - ErrorMessage: ''
0232336:
    - bResult: 'False'
    - OutDescEst: 'Saldatura FS-20' 
    - ErrorMessage: ''
0232290:
    - bResult: 'False'
    - OutDescEst: ' Mont.D - Ang.Asol.Doppio - ""' 
    - ErrorMessage: ''
0232289:
    - bResult: 'False'
    - OutDescEst: ' Mont.D - Ang.Asol.Doppio - ""' 
    - ErrorMessage: ''
0232287:
    - bResult: 'False'
    - OutDescEst: ' Mont.D - Ang.Asol.Doppio - ""' 
    - ErrorMessage: ''
0232286:
    - bResult: 'False'
    - OutDescEst: ' Mont.D - Ang.Asol.Doppio - ""' 
    - ErrorMessage: ''
0232285:
    - bResult: 'False'
    - OutDescEst: ' Mont.D - Ang.Asol.Doppio - ""' 
    - ErrorMessage: ''
0232284:
    - bResult: 'False'
    - OutDescEst: ' Mont.D - Ang.Asol.Doppio - ""' 
    - ErrorMessage: ''
0232266:
    - bResult: 'False'
    - OutDescEst: ' Mont.D - Ang.Asol.Doppio - ""' 
    - ErrorMessage: ''
0232265:
    - bResult: 'False'
    - OutDescEst: ' Mont.D - Ang.Asol.Doppio - ""' 
    - ErrorMessage: ''
0232264:
    - bResult: 'False'
    - OutDescEst: ' Mont.D - Ang.Asol.Doppio - ""' 
    - ErrorMessage: ''
0232263:
    - bResult: 'False'
    - OutDescEst: ' Mont.D - Ang.Asol.Doppio - ""' 
    - ErrorMessage: ''
0232056:
    - bResult: 'False'
    - OutDescEst: '' 
    - ErrorMessage: ''
0232002:
    - bResult: 'False'
    - OutDescEst: 'Saldatura FS' 
    - ErrorMessage: ''
0232001:
    - bResult: 'False'
    - OutDescEst: 'Saldatura FS' 
    - ErrorMessage: ''
0232000:
    - bResult: 'False'
    - OutDescEst: 'Saldatura FS' 
    - ErrorMessage: ''
0231999:
    - bResult: 'False'
    - OutDescEst: 'Saldatura FS' 
    - ErrorMessage: ''
0231288:
    - bResult: 'False'
    - OutDescEst: '' 
    - ErrorMessage: ''
0231287:
    - bResult: 'False'
    - OutDescEst: 'Saldatura FS' 
    - ErrorMessage: ''
0231286:
    - bResult: 'False'
    - OutDescEst: 'Saldatura FS' 
    - ErrorMessage: ''
0231285:
    - bResult: 'False'
    - OutDescEst: 'Saldatura FS-20' 
    - ErrorMessage: ''
0231284:
    - bResult: 'False'
    - OutDescEst: 'Saldatura FS-20' 
    - ErrorMessage: ''
0231283:
    - bResult: 'False'
    - OutDescEst: 'Saldatura FS-20' 
    - ErrorMessage: ''
0231010:
    - bResult: 'False'
    - OutDescEst: '' 
    - ErrorMessage: ''
0230776:
    - bResult: 'False'
    - OutDescEst: '' 
    - ErrorMessage: ''
0230496:
    - bResult: 'False'
    - OutDescEst: ' Mont.C - Ang.Asol.Singolo - con fermapallet' 
    - ErrorMessage: ''
0230495:
    - bResult: 'False'
    - OutDescEst: ' Mont.C - Ang.Asol.Singolo - con fermapallet' 
    - ErrorMessage: ''
0230494:
    - bResult: 'False'
    - OutDescEst: '' 
    - ErrorMessage: ''
0230483:
    - bResult: 'False'
    - OutDescEst: '' 
    - ErrorMessage: ''
0230482:
    - bResult: 'False'
    - OutDescEst: ' Mont.C - Ang.Asol.Singolo - con fermapallet' 
    - ErrorMessage: ''
0230481:
    - bResult: 'False'
    - OutDescEst: ' Mont.C - Ang.Asol.Singolo - con fermapallet' 
    - ErrorMessage: ''
0230480:
    - bResult: 'False'
    - OutDescEst: ' Mont.C - Ang.Asol.Singolo - ""' 
    - ErrorMessage: ''
0230479:
    - bResult: 'False'
    - OutDescEst: ' Mont.C - Ang.Asol.Singolo - ""' 
    - ErrorMessage: ''
0230151:
    - bResult: 'False'
    - OutDescEst: 'Saldatura FS' 
    - ErrorMessage: ''
0230150:
    - bResult: 'False'
    - OutDescEst: 'Saldatura FS' 
    - ErrorMessage: ''
0230149:
    - bResult: 'False'
    - OutDescEst: 'Saldatura FS' 
    - ErrorMessage: ''
0230148:
    - bResult: 'False'
    - OutDescEst: 'Saldatura FS' 
    - ErrorMessage: ''
0230116:
    - bResult: 'False'
    - OutDescEst: '' 
    - ErrorMessage: ''
0230115:
    - bResult: 'False'
    - OutDescEst: '' 
    - ErrorMessage: ''
0230114:
    - bResult: 'False'
    - OutDescEst: '' 
    - ErrorMessage: ''
0229393:
    - bResult: 'False'
    - OutDescEst: '' 
    - ErrorMessage: ''
0229392:
    - bResult: 'False'
    - OutDescEst: '' 
    - ErrorMessage: ''
0228700:
    - bResult: 'False'
    - OutDescEst: 'Saldatura FS-20' 
    - ErrorMessage: ''
0228699:
    - bResult: 'False'
    - OutDescEst: 'Saldatura FS-20' 
    - ErrorMessage: ''
0227945:
    - bResult: 'False'
    - OutDescEst: '' 
    - ErrorMessage: ''
0226991:
    - bResult: 'False'
    - OutDescEst: '' 
    - ErrorMessage: ''
0226918:
    - bResult: 'False'
    - OutDescEst: '' 
    - ErrorMessage: ''
0226917:
    - bResult: 'False'
    - OutDescEst: '' 
    - ErrorMessage: ''
0224910:
    - bResult: 'False'
    - OutDescEst: ' Mont.B - Ang.Asol.Singolo - ""' 
    - ErrorMessage: ''
0224909:
    - bResult: 'False'
    - OutDescEst: ' Mont.B - Ang.Asol.Singolo - ""' 
    - ErrorMessage: ''
0224908:
    - bResult: 'False'
    - OutDescEst: ' Mont.B - Ang.Asol.Singolo - ""' 
    - ErrorMessage: ''
0224907:
    - bResult: 'False'
    - OutDescEst: ' Mont.B - Ang.Asol.Singolo - ""' 
    - ErrorMessage: ''
0224906:
    - bResult: 'False'
    - OutDescEst: ' Mont.B - Ang.Asol.Singolo - ""' 
    - ErrorMessage: ''
0224905:
    - bResult: 'False'
    - OutDescEst: '' 
    - ErrorMessage: ''
0224904:
    - bResult: 'False'
    - OutDescEst: 'Saldatura FS' 
    - ErrorMessage: ''
0224903:
    - bResult: 'False'
    - OutDescEst: 'Saldatura FS' 
    - ErrorMessage: ''
0224902:
    - bResult: 'False'
    - OutDescEst: 'Saldatura FS' 
    - ErrorMessage: ''
0224901:
    - bResult: 'False'
    - OutDescEst: 'Saldatura FS' 
    - ErrorMessage: ''
0224362:
    - bResult: 'False'
    - OutDescEst: ' Mont.D - Ang.Asol.Singolo - con fermapallet' 
    - ErrorMessage: ''
0224361:
    - bResult: 'False'
    - OutDescEst: ' Mont.D - Ang.Asol.Singolo - con fermapallet' 
    - ErrorMessage: ''
0224360:
    - bResult: 'False'
    - OutDescEst: ' Mont.D - Ang.Asol.Singolo - ""' 
    - ErrorMessage: ''
0224359:
    - bResult: 'False'
    - OutDescEst: ' Mont.D - Ang.Asol.Singolo - ""' 
    - ErrorMessage: ''
0224358:
    - bResult: 'False'
    - OutDescEst: ' Mont.D - Ang.Asol.Doppio - ""' 
    - ErrorMessage: ''
0224357:
    - bResult: 'False'
    - OutDescEst: ' Mont.D - Ang.Asol.Doppio - ""' 
    - ErrorMessage: ''
0224356:
    - bResult: 'False'
    - OutDescEst: ' Mont.D - Ang.Asol.Singolo - con fermapallet' 
    - ErrorMessage: ''
0224355:
    - bResult: 'False'
    - OutDescEst: ' Mont.D - Ang.Asol.Singolo - con fermapallet' 
    - ErrorMessage: ''
0224354:
    - bResult: 'False'
    - OutDescEst: ' Mont.D - Ang.Asol.Singolo - ""' 
    - ErrorMessage: ''
0224353:
    - bResult: 'False'
    - OutDescEst: ' Mont.D - Ang.Asol.Singolo - ""' 
    - ErrorMessage: ''
0224352:
    - bResult: 'False'
    - OutDescEst: ' Mont.D - Ang.Asol.Doppio - ""' 
    - ErrorMessage: ''
0224351:
    - bResult: 'False'
    - OutDescEst: ' Mont.D - Ang.Asol.Doppio - ""' 
    - ErrorMessage: ''
0224350:
    - bResult: 'False'
    - OutDescEst: ' Mont.D - Ang.Asol.Singolo - con fermapallet' 
    - ErrorMessage: ''
0224349:
    - bResult: 'False'
    - OutDescEst: ' Mont.D - Ang.Asol.Singolo - con fermapallet' 
    - ErrorMessage: ''
0224348:
    - bResult: 'False'
    - OutDescEst: ' Mont.D - Ang.Asol.Singolo - ""' 
    - ErrorMessage: ''
0224347:
    - bResult: 'False'
    - OutDescEst: ' Mont.D - Ang.Asol.Singolo - ""' 
    - ErrorMessage: ''
0224346:
    - bResult: 'False'
    - OutDescEst: ' Mont.D - Ang.Asol.Doppio - ""' 
    - ErrorMessage: ''
0224345:
    - bResult: 'False'
    - OutDescEst: ' Mont.D - Ang.Asol.Doppio - ""' 
    - ErrorMessage: ''
0224344:
    - bResult: 'False'
    - OutDescEst: '' 
    - ErrorMessage: ''
0224343:
    - bResult: 'False'
    - OutDescEst: '' 
    - ErrorMessage: ''
0224078:
    - bResult: 'False'
    - OutDescEst: ' Mont.C - Ang.Asol.Singolo - ""' 
    - ErrorMessage: ''
0224077:
    - bResult: 'False'
    - OutDescEst: ' Mont.C - Ang.Asol.Singolo - ""' 
    - ErrorMessage: ''
0224010:
    - bResult: 'False'
    - OutDescEst: ' Mont.B - Ang.Asol.Singolo - ""' 
    - ErrorMessage: ''
0224009:
    - bResult: 'False'
    - OutDescEst: ' Mont.B - Ang.Asol.Singolo - ""' 
    - ErrorMessage: ''
0224008:
    - bResult: 'False'
    - OutDescEst: '' 
    - ErrorMessage: ''
0223849:
    - bResult: 'False'
    - OutDescEst: '' 
    - ErrorMessage: ''
0223848:
    - bResult: 'False'
    - OutDescEst: ' Mont.B - Ang.Asol.Doppio - ""' 
    - ErrorMessage: ''
0223847:
    - bResult: 'False'
    - OutDescEst: ' Mont.B - Ang.Asol.Doppio - ""' 
    - ErrorMessage: ''
0223844:
    - bResult: 'False'
    - OutDescEst: ' Mont.B - Ang.Asol.Singolo - ""' 
    - ErrorMessage: ''
0223843:
    - bResult: 'False'
    - OutDescEst: ' Mont.B - Ang.Asol.Singolo - ""' 
    - ErrorMessage: ''
0223840:
    - bResult: 'False'
    - OutDescEst: ' Mont.B - Ang.Asol.Doppio - ""' 
    - ErrorMessage: ''
0223839:
    - bResult: 'False'
    - OutDescEst: ' Mont.B - Ang.Asol.Doppio - ""' 
    - ErrorMessage: ''
0223838:
    - bResult: 'False'
    - OutDescEst: ' Mont.B - Ang.Asol.Singolo - ""' 
    - ErrorMessage: ''
0223837:
    - bResult: 'False'
    - OutDescEst: ' Mont.B - Ang.Asol.Singolo - ""' 
    - ErrorMessage: ''
0223826:
    - bResult: 'False'
    - OutDescEst: ' Mont.B - Ang.Asol.Singolo - ""' 
    - ErrorMessage: ''
0223825:
    - bResult: 'False'
    - OutDescEst: ' Mont.B - Ang.Asol.Singolo - ""' 
    - ErrorMessage: ''
0223822:
    - bResult: 'False'
    - OutDescEst: '' 
    - ErrorMessage: ''
0223818:
    - bResult: 'False'
    - OutDescEst: '' 
    - ErrorMessage: ''
0223817:
    - bResult: 'False'
    - OutDescEst: ' Mont.B - Ang.Asol.Singolo - ""' 
    - ErrorMessage: ''
0223816:
    - bResult: 'False'
    - OutDescEst: ' Mont.B - Ang.Asol.Singolo - ""' 
    - ErrorMessage: ''
0223815:
    - bResult: 'False'
    - OutDescEst: ' Mont.B - Ang.Asol.Singolo - ""' 
    - ErrorMessage: ''
0223814:
    - bResult: 'False'
    - OutDescEst: ' Mont.B - Ang.Asol.Singolo - ""' 
    - ErrorMessage: ''
0223813:
    - bResult: 'False'
    - OutDescEst: ' Mont.B - Ang.Asol.Singolo - ""' 
    - ErrorMessage: ''
0223812:
    - bResult: 'False'
    - OutDescEst: ' Mont.B - Ang.Asol.Singolo - ""' 
    - ErrorMessage: ''
0223765:
    - bResult: 'False'
    - OutDescEst: 'Saldatura FS' 
    - ErrorMessage: ''
0223764:
    - bResult: 'False'
    - OutDescEst: 'Saldatura FS-20' 
    - ErrorMessage: ''
0223763:
    - bResult: 'False'
    - OutDescEst: 'Saldatura FS-20' 
    - ErrorMessage: ''
0223762:
    - bResult: 'False'
    - OutDescEst: 'Saldatura FS-20' 
    - ErrorMessage: ''
0223759:
    - bResult: 'False'
    - OutDescEst: 'Saldatura FS-20' 
    - ErrorMessage: ''
0223758:
    - bResult: 'False'
    - OutDescEst: 'Saldatura FS-20' 
    - ErrorMessage: ''
0223757:
    - bResult: 'False'
    - OutDescEst: '' 
    - ErrorMessage: ''
0223755:
    - bResult: 'False'
    - OutDescEst: '' 
    - ErrorMessage: ''
0223690:
    - bResult: 'False'
    - OutDescEst: 'Saldatura FS-20' 
    - ErrorMessage: ''
0223689:
    - bResult: 'False'
    - OutDescEst: 'Saldatura FS-20' 
    - ErrorMessage: ''
0223688:
    - bResult: 'False'
    - OutDescEst: 'Saldatura FS-20' 
    - ErrorMessage: ''
0223687:
    - bResult: 'False'
    - OutDescEst: 'Saldatura FS-20' 
    - ErrorMessage: ''
0222903:
    - bResult: 'False'
    - OutDescEst: ' Mont.C - Ang.Asol.Doppio - ""' 
    - ErrorMessage: ''
0222902:
    - bResult: 'False'
    - OutDescEst: ' Mont.C - Ang.Asol.Singolo - con fermapallet' 
    - ErrorMessage: ''
0222901:
    - bResult: 'False'
    - OutDescEst: ' Mont.C - Ang.Asol.Singolo - con fermapallet' 
    - ErrorMessage: ''
0222900:
    - bResult: 'False'
    - OutDescEst: ' Mont.C - Ang.Asol.Singolo - ""' 
    - ErrorMessage: ''
0222899:
    - bResult: 'False'
    - OutDescEst: ' Mont.C - Ang.Asol.Doppio - ""' 
    - ErrorMessage: ''
0222898:
    - bResult: 'False'
    - OutDescEst: ' Mont.C - Ang.Asol.Singolo - con fermapallet' 
    - ErrorMessage: ''
0222897:
    - bResult: 'False'
    - OutDescEst: ' Mont.C - Ang.Asol.Singolo - con fermapallet' 
    - ErrorMessage: ''
0222896:
    - bResult: 'False'
    - OutDescEst: ' Mont.C - Ang.Asol.Singolo - ""' 
    - ErrorMessage: ''
0222895:
    - bResult: 'False'
    - OutDescEst: ' Mont.C - Ang.Asol.Singolo - con fermapallet' 
    - ErrorMessage: ''
0222894:
    - bResult: 'False'
    - OutDescEst: ' Mont.C - Ang.Asol.Singolo - ""' 
    - ErrorMessage: ''
0222893:
    - bResult: 'False'
    - OutDescEst: ' Mont.C - Ang.Asol.Doppio - ""' 
    - ErrorMessage: ''
0222892:
    - bResult: 'False'
    - OutDescEst: ' Mont.C - Ang.Asol.Singolo - con fermapallet' 
    - ErrorMessage: ''
0222891:
    - bResult: 'False'
    - OutDescEst: ' Mont.C - Ang.Asol.Singolo - ""' 
    - ErrorMessage: ''
0222890:
    - bResult: 'False'
    - OutDescEst: ' Mont.C - Ang.Asol.Doppio - ""' 
    - ErrorMessage: ''
0222889:
    - bResult: 'False'
    - OutDescEst: ' Mont.C - Ang.Asol.Singolo - con fermapallet' 
    - ErrorMessage: ''
0222888:
    - bResult: 'False'
    - OutDescEst: ' Mont.C - Ang.Asol.Doppio - ""' 
    - ErrorMessage: ''
0222887:
    - bResult: 'False'
    - OutDescEst: ' Mont.C - Ang.Asol.Singolo - ""' 
    - ErrorMessage: ''
0222831:
    - bResult: 'False'
    - OutDescEst: 'Saldatura FS' 
    - ErrorMessage: ''
0222697:
    - bResult: 'False'
    - OutDescEst: '' 
    - ErrorMessage: ''
0222696:
    - bResult: 'False'
    - OutDescEst: ' Mont.C - Ang.Asol.Singolo - con fermapallet' 
    - ErrorMessage: ''
0222695:
    - bResult: 'False'
    - OutDescEst: ' Mont.C - Ang.Asol.Singolo - con fermapallet' 
    - ErrorMessage: ''
0222694:
    - bResult: 'False'
    - OutDescEst: ' Mont.C - Ang.Asol.Singolo - ""' 
    - ErrorMessage: ''
0222693:
    - bResult: 'False'
    - OutDescEst: ' Mont.C - Ang.Asol.Singolo - ""' 
    - ErrorMessage: ''
0222692:
    - bResult: 'False'
    - OutDescEst: ' Mont.C - Ang.Asol.Doppio - ""' 
    - ErrorMessage: ''
0222691:
    - bResult: 'False'
    - OutDescEst: ' Mont.C - Ang.Asol.Doppio - ""' 
    - ErrorMessage: ''
0222690:
    - bResult: 'False'
    - OutDescEst: ' Mont.C - Ang.Asol.Singolo - con fermapallet' 
    - ErrorMessage: ''
0222689:
    - bResult: 'False'
    - OutDescEst: ' Mont.C - Ang.Asol.Singolo - con fermapallet' 
    - ErrorMessage: ''
0222688:
    - bResult: 'False'
    - OutDescEst: ' Mont.C - Ang.Asol.Singolo - ""' 
    - ErrorMessage: ''
0222687:
    - bResult: 'False'
    - OutDescEst: ' Mont.C - Ang.Asol.Singolo - ""' 
    - ErrorMessage: ''
0222686:
    - bResult: 'False'
    - OutDescEst: ' Mont.C - Ang.Asol.Doppio - ""' 
    - ErrorMessage: ''
0222685:
    - bResult: 'False'
    - OutDescEst: ' Mont.C - Ang.Asol.Doppio - ""' 
    - ErrorMessage: ''
0222684:
    - bResult: 'False'
    - OutDescEst: ' Mont.C - Ang.Asol.Singolo - con fermapallet' 
    - ErrorMessage: ''
0222683:
    - bResult: 'False'
    - OutDescEst: ' Mont.C - Ang.Asol.Singolo - con fermapallet' 
    - ErrorMessage: ''
0222682:
    - bResult: 'False'
    - OutDescEst: ' Mont.C - Ang.Asol.Singolo - ""' 
    - ErrorMessage: ''
0222681:
    - bResult: 'False'
    - OutDescEst: ' Mont.C - Ang.Asol.Singolo - ""' 
    - ErrorMessage: ''
0222680:
    - bResult: 'False'
    - OutDescEst: ' Mont.C - Ang.Asol.Doppio - ""' 
    - ErrorMessage: ''
0222679:
    - bResult: 'False'
    - OutDescEst: ' Mont.C - Ang.Asol.Doppio - ""' 
    - ErrorMessage: ''
0222678:
    - bResult: 'False'
    - OutDescEst: '' 
    - ErrorMessage: ''
0222677:
    - bResult: 'False'
    - OutDescEst: '' 
    - ErrorMessage: ''
0222676:
    - bResult: 'False'
    - OutDescEst: 'Saldatura FS' 
    - ErrorMessage: ''
0222675:
    - bResult: 'False'
    - OutDescEst: 'Saldatura FS' 
    - ErrorMessage: ''
0222674:
    - bResult: 'False'
    - OutDescEst: 'Saldatura FS' 
    - ErrorMessage: ''
0222673:
    - bResult: 'False'
    - OutDescEst: 'Saldatura FS' 
    - ErrorMessage: ''
0222672:
    - bResult: 'False'
    - OutDescEst: 'Saldatura FS' 
    - ErrorMessage: ''
0222671:
    - bResult: 'False'
    - OutDescEst: 'Saldatura FS-20' 
    - ErrorMessage: ''
0222670:
    - bResult: 'False'
    - OutDescEst: 'Saldatura FS-20' 
    - ErrorMessage: ''
0222669:
    - bResult: 'False'
    - OutDescEst: 'Saldatura FS-20' 
    - ErrorMessage: ''
0222668:
    - bResult: 'False'
    - OutDescEst: 'Saldatura FS-20' 
    - ErrorMessage: ''
0222667:
    - bResult: 'False'
    - OutDescEst: 'Saldatura FS-20' 
    - ErrorMessage: ''
0221955:
    - bResult: 'False'
    - OutDescEst: '' 
    - ErrorMessage: ''
0221951:
    - bResult: 'False'
    - OutDescEst: '' 
    - ErrorMessage: ''
0221794:
    - bResult: 'False'
    - OutDescEst: '' 
    - ErrorMessage: ''
0221793:
    - bResult: 'False'
    - OutDescEst: '' 
    - ErrorMessage: ''
0220801:
    - bResult: 'False'
    - OutDescEst: ' Mont.A - Ang.Asol.Singolo - ""' 
    - ErrorMessage: ''
0220800:
    - bResult: 'False'
    - OutDescEst: ' Mont.A - Ang.Asol.Singolo - ""' 
    - ErrorMessage: ''
0220799:
    - bResult: 'False'
    - OutDescEst: ' Mont.A - Ang.Asol.Singolo - ""' 
    - ErrorMessage: ''
0220596:
    - bResult: 'False'
    - OutDescEst: ' Mont.B - Ang.Asol.Singolo - ""' 
    - ErrorMessage: ''
0220595:
    - bResult: 'False'
    - OutDescEst: ' Mont.B - Ang.Asol.Singolo - ""' 
    - ErrorMessage: ''
0220594:
    - bResult: 'False'
    - OutDescEst: '' 
    - ErrorMessage: ''
0220593:
    - bResult: 'False'
    - OutDescEst: 'Saldatura FS' 
    - ErrorMessage: ''
0220592:
    - bResult: 'False'
    - OutDescEst: 'Saldatura FS' 
    - ErrorMessage: ''
0220591:
    - bResult: 'False'
    - OutDescEst: 'Saldatura FS' 
    - ErrorMessage: ''
0220590:
    - bResult: 'False'
    - OutDescEst: 'Saldatura FS' 
    - ErrorMessage: ''
0220589:
    - bResult: 'False'
    - OutDescEst: 'Saldatura FS' 
    - ErrorMessage: ''
0220588:
    - bResult: 'False'
    - OutDescEst: 'Saldatura FS' 
    - ErrorMessage: ''
0220587:
    - bResult: 'False'
    - OutDescEst: 'Saldatura FS' 
    - ErrorMessage: ''
0220586:
    - bResult: 'False'
    - OutDescEst: 'Saldatura FS' 
    - ErrorMessage: ''
0220466:
    - bResult: 'False'
    - OutDescEst: '' 
    - ErrorMessage: ''
0220465:
    - bResult: 'False'
    - OutDescEst: '' 
    - ErrorMessage: ''
0220461:
    - bResult: 'False'
    - OutDescEst: '' 
    - ErrorMessage: ''
0220451:
    - bResult: 'False'
    - OutDescEst: 'Saldatura FS-20' 
    - ErrorMessage: ''
0220450:
    - bResult: 'False'
    - OutDescEst: 'Saldatura FS-20' 
    - ErrorMessage: ''
0220444:
    - bResult: 'False'
    - OutDescEst: 'Saldatura FS' 
    - ErrorMessage: ''
0219955:
    - bResult: 'False'
    - OutDescEst: '' 
    - ErrorMessage: ''
0219954:
    - bResult: 'False'
    - OutDescEst: '' 
    - ErrorMessage: ''
0219844:
    - bResult: 'False'
    - OutDescEst: ' Mont.C - Ang.Asol.Singolo - ""' 
    - ErrorMessage: ''
0219843:
    - bResult: 'False'
    - OutDescEst: ' Mont.C - Ang.Asol.Singolo - ""' 
    - ErrorMessage: ''
0219842:
    - bResult: 'False'
    - OutDescEst: ' Mont.C - Ang.Asol.Singolo - ""' 
    - ErrorMessage: ''
0219841:
    - bResult: 'False'
    - OutDescEst: ' Mont.C - Ang.Asol.Singolo - ""' 
    - ErrorMessage: ''
0219840:
    - bResult: 'False'
    - OutDescEst: '' 
    - ErrorMessage: ''
0219838:
    - bResult: 'False'
    - OutDescEst: ' Mont.C - Ang.Asol.Singolo - ""' 
    - ErrorMessage: ''
0219802:
    - bResult: 'False'
    - OutDescEst: 'Saldatura FS-20' 
    - ErrorMessage: ''
0219801:
    - bResult: 'False'
    - OutDescEst: 'Saldatura FS-20' 
    - ErrorMessage: ''
0219800:
    - bResult: 'False'
    - OutDescEst: 'Saldatura FS-20' 
    - ErrorMessage: ''
0219799:
    - bResult: 'False'
    - OutDescEst: 'Saldatura FS-20' 
    - ErrorMessage: ''
0219798:
    - bResult: 'False'
    - OutDescEst: 'Saldatura FS' 
    - ErrorMessage: ''
0219797:
    - bResult: 'False'
    - OutDescEst: 'Saldatura FS' 
    - ErrorMessage: ''
0219796:
    - bResult: 'False'
    - OutDescEst: 'Saldatura FS' 
    - ErrorMessage: ''
0219795:
    - bResult: 'False'
    - OutDescEst: 'Saldatura FS' 
    - ErrorMessage: ''
0219778:
    - bResult: 'False'
    - OutDescEst: 'Saldatura FS-20' 
    - ErrorMessage: ''
0219777:
    - bResult: 'False'
    - OutDescEst: 'Saldatura FS-20' 
    - ErrorMessage: ''
0219776:
    - bResult: 'False'
    - OutDescEst: 'Saldatura FS-20' 
    - ErrorMessage: ''
0219775:
    - bResult: 'False'
    - OutDescEst: 'Saldatura FS-20' 
    - ErrorMessage: ''
0219774:
    - bResult: 'False'
    - OutDescEst: 'Saldatura FS-20' 
    - ErrorMessage: ''
0219773:
    - bResult: 'False'
    - OutDescEst: 'Saldatura FS-20' 
    - ErrorMessage: ''
0219772:
    - bResult: 'False'
    - OutDescEst: 'Saldatura FS-20' 
    - ErrorMessage: ''
0219771:
    - bResult: 'False'
    - OutDescEst: 'Saldatura FS-20' 
    - ErrorMessage: ''
0219764:
    - bResult: 'False'
    - OutDescEst: 'Saldatura FS' 
    - ErrorMessage: ''
0219763:
    - bResult: 'False'
    - OutDescEst: 'Saldatura FS' 
    - ErrorMessage: ''
0219762:
    - bResult: 'False'
    - OutDescEst: 'Saldatura FS' 
    - ErrorMessage: ''
0219761:
    - bResult: 'False'
    - OutDescEst: 'Saldatura FS' 
    - ErrorMessage: ''
0219760:
    - bResult: 'False'
    - OutDescEst: 'Saldatura FS' 
    - ErrorMessage: ''
0219759:
    - bResult: 'False'
    - OutDescEst: 'Saldatura FS' 
    - ErrorMessage: ''
0219758:
    - bResult: 'False'
    - OutDescEst: 'Saldatura FS' 
    - ErrorMessage: ''
0219757:
    - bResult: 'False'
    - OutDescEst: 'Saldatura FS' 
    - ErrorMessage: ''
0219693:
    - bResult: 'False'
    - OutDescEst: '' 
    - ErrorMessage: ''
0219692:
    - bResult: 'False'
    - OutDescEst: 'Saldatura FS' 
    - ErrorMessage: ''
0219154:
    - bResult: 'False'
    - OutDescEst: 'Saldatura FS' 
    - ErrorMessage: ''
0219153:
    - bResult: 'False'
    - OutDescEst: 'Saldatura FS' 
    - ErrorMessage: ''
0219152:
    - bResult: 'False'
    - OutDescEst: 'Saldatura FS' 
    - ErrorMessage: ''
0219151:
    - bResult: 'False'
    - OutDescEst: 'Saldatura FS' 
    - ErrorMessage: ''
0219150:
    - bResult: 'False'
    - OutDescEst: 'Saldatura FS' 
    - ErrorMessage: ''
0219149:
    - bResult: 'False'
    - OutDescEst: 'Saldatura FS' 
    - ErrorMessage: ''
0219148:
    - bResult: 'False'
    - OutDescEst: 'Saldatura FS' 
    - ErrorMessage: ''
0219147:
    - bResult: 'False'
    - OutDescEst: 'Saldatura FS' 
    - ErrorMessage: ''
0218957:
    - bResult: 'False'
    - OutDescEst: '' 
    - ErrorMessage: ''
0218952:
    - bResult: 'False'
    - OutDescEst: ' Mont.C - Ang.Asol.Singolo - con fermapallet' 
    - ErrorMessage: ''
0218951:
    - bResult: 'False'
    - OutDescEst: ' Mont.C - Ang.Asol.Singolo - con fermapallet' 
    - ErrorMessage: ''
0218950:
    - bResult: 'False'
    - OutDescEst: ' Mont.C - Ang.Asol.Singolo - con fermapallet' 
    - ErrorMessage: ''
0218457:
    - bResult: 'False'
    - OutDescEst: 'Saldatura FS-20' 
    - ErrorMessage: ''
0218456:
    - bResult: 'False'
    - OutDescEst: 'Saldatura FS-20' 
    - ErrorMessage: ''
0218455:
    - bResult: 'False'
    - OutDescEst: 'Saldatura FS-20' 
    - ErrorMessage: ''
0218454:
    - bResult: 'False'
    - OutDescEst: 'Saldatura FS-20' 
    - ErrorMessage: ''
0218437:
    - bResult: 'False'
    - OutDescEst: ' Mont.B - Ang.Asol.Singolo - con fermapallet' 
    - ErrorMessage: ''
0218435:
    - bResult: 'False'
    - OutDescEst: ' Mont.B - Ang.Asol.Singolo - con fermapallet' 
    - ErrorMessage: ''
0218433:
    - bResult: 'False'
    - OutDescEst: ' Mont.B - Ang.Asol.Singolo - con fermapallet' 
    - ErrorMessage: ''
0218426:
    - bResult: 'False'
    - OutDescEst: ' Mont.B - Ang.Asol.Singolo - con fermapallet' 
    - ErrorMessage: ''
0218425:
    - bResult: 'False'
    - OutDescEst: ' Mont.B - Ang.Asol.Doppio - ""' 
    - ErrorMessage: ''
0218424:
    - bResult: 'False'
    - OutDescEst: ' Mont.B - Ang.Asol.Doppio - ""' 
    - ErrorMessage: ''
0218423:
    - bResult: 'False'
    - OutDescEst: ' Mont.B - Ang.Asol.Doppio - ""' 
    - ErrorMessage: ''
0218422:
    - bResult: 'False'
    - OutDescEst: ' Mont.B - Ang.Asol.Doppio - ""' 
    - ErrorMessage: ''
0218387:
    - bResult: 'False'
    - OutDescEst: '' 
    - ErrorMessage: ''
0218386:
    - bResult: 'False'
    - OutDescEst: '' 
    - ErrorMessage: ''
0218385:
    - bResult: 'False'
    - OutDescEst: '' 
    - ErrorMessage: ''
0218384:
    - bResult: 'False'
    - OutDescEst: '' 
    - ErrorMessage: ''
0218383:
    - bResult: 'False'
    - OutDescEst: '' 
    - ErrorMessage: ''
0218382:
    - bResult: 'False'
    - OutDescEst: '' 
    - ErrorMessage: ''
0218381:
    - bResult: 'False'
    - OutDescEst: '' 
    - ErrorMessage: ''
0218380:
    - bResult: 'False'
    - OutDescEst: 'Saldatura FS' 
    - ErrorMessage: ''
0218379:
    - bResult: 'False'
    - OutDescEst: 'Saldatura FS' 
    - ErrorMessage: ''
0217724:
    - bResult: 'False'
    - OutDescEst: 'Saldatura FS-20' 
    - ErrorMessage: ''
0217723:
    - bResult: 'False'
    - OutDescEst: 'Saldatura FS-20' 
    - ErrorMessage: ''
0217664:
    - bResult: 'False'
    - OutDescEst: ' Mont.B - Ang.Asol.Doppio - ""' 
    - ErrorMessage: ''
0217663:
    - bResult: 'False'
    - OutDescEst: ' Mont.B - Ang.Asol.Doppio - ""' 
    - ErrorMessage: ''
0217662:
    - bResult: 'False'
    - OutDescEst: ' Mont.B - Ang.Asol.Singolo - ""' 
    - ErrorMessage: ''
0217661:
    - bResult: 'False'
    - OutDescEst: ' Mont.B - Ang.Asol.Singolo - ""' 
    - ErrorMessage: ''
0217660:
    - bResult: 'False'
    - OutDescEst: ' Mont.B - Ang.Asol.Doppio - ""' 
    - ErrorMessage: ''
0217659:
    - bResult: 'False'
    - OutDescEst: ' Mont.B - Ang.Asol.Doppio - ""' 
    - ErrorMessage: ''
0217658:
    - bResult: 'False'
    - OutDescEst: ' Mont.B - Ang.Asol.Singolo - ""' 
    - ErrorMessage: ''
0217657:
    - bResult: 'False'
    - OutDescEst: ' Mont.B - Ang.Asol.Singolo - ""' 
    - ErrorMessage: ''
0217656:
    - bResult: 'False'
    - OutDescEst: ' Mont.D - Ang.Asol.Doppio - ""' 
    - ErrorMessage: ''
0217655:
    - bResult: 'False'
    - OutDescEst: ' Mont.D - Ang.Asol.Doppio - ""' 
    - ErrorMessage: ''
0217654:
    - bResult: 'False'
    - OutDescEst: ' Mont.D - Ang.Asol.Singolo - ""' 
    - ErrorMessage: ''
0217653:
    - bResult: 'False'
    - OutDescEst: ' Mont.D - Ang.Asol.Singolo - ""' 
    - ErrorMessage: ''
0217651:
    - bResult: 'False'
    - OutDescEst: '' 
    - ErrorMessage: ''
0217621:
    - bResult: 'False'
    - OutDescEst: '' 
    - ErrorMessage: ''
0217620:
    - bResult: 'False'
    - OutDescEst: '' 
    - ErrorMessage: ''
0217619:
    - bResult: 'False'
    - OutDescEst: '' 
    - ErrorMessage: ''
0217426:
    - bResult: 'False'
    - OutDescEst: ' Mont.C - Ang.Asol.Singolo - ""' 
    - ErrorMessage: ''
0217120:
    - bResult: 'False'
    - OutDescEst: 'Saldatura FS-20' 
    - ErrorMessage: ''
0217119:
    - bResult: 'False'
    - OutDescEst: 'Saldatura FS-20' 
    - ErrorMessage: ''
0217118:
    - bResult: 'False'
    - OutDescEst: 'Saldatura FS-20' 
    - ErrorMessage: ''
0217117:
    - bResult: 'False'
    - OutDescEst: 'Saldatura FS-20' 
    - ErrorMessage: ''
0217116:
    - bResult: 'False'
    - OutDescEst: 'Saldatura FS-20' 
    - ErrorMessage: ''
0217115:
    - bResult: 'False'
    - OutDescEst: 'Saldatura FS-20' 
    - ErrorMessage: ''
0217057:
    - bResult: 'False'
    - OutDescEst: 'Saldatura FS' 
    - ErrorMessage: ''
0217056:
    - bResult: 'False'
    - OutDescEst: 'Saldatura FS' 
    - ErrorMessage: ''
0216817:
    - bResult: 'False'
    - OutDescEst: 'Saldatura FS' 
    - ErrorMessage: ''
0216816:
    - bResult: 'False'
    - OutDescEst: 'Saldatura FS' 
    - ErrorMessage: ''
0216658:
    - bResult: 'False'
    - OutDescEst: ' Mont.B - Ang.Asol.Singolo - ""' 
    - ErrorMessage: ''
0216657:
    - bResult: 'False'
    - OutDescEst: ' Mont.B - Ang.Asol.Singolo - ""' 
    - ErrorMessage: ''
0216656:
    - bResult: 'False'
    - OutDescEst: '' 
    - ErrorMessage: ''
0216655:
    - bResult: 'False'
    - OutDescEst: 'Saldatura FS' 
    - ErrorMessage: ''
0216654:
    - bResult: 'False'
    - OutDescEst: 'Saldatura FS' 
    - ErrorMessage: ''
0216653:
    - bResult: 'False'
    - OutDescEst: 'Saldatura FS' 
    - ErrorMessage: ''
0216652:
    - bResult: 'False'
    - OutDescEst: 'Saldatura FS' 
    - ErrorMessage: ''
0216651:
    - bResult: 'False'
    - OutDescEst: 'Saldatura FS' 
    - ErrorMessage: ''
0216650:
    - bResult: 'False'
    - OutDescEst: 'Saldatura FS' 
    - ErrorMessage: ''
0216649:
    - bResult: 'False'
    - OutDescEst: 'Saldatura FS' 
    - ErrorMessage: ''
0216648:
    - bResult: 'False'
    - OutDescEst: 'Saldatura FS' 
    - ErrorMessage: ''
0216334:
    - bResult: 'False'
    - OutDescEst: ' Mont.D - Ang.Asol.Singolo - con fermapallet' 
    - ErrorMessage: ''
0216333:
    - bResult: 'False'
    - OutDescEst: ' Mont.D - Ang.Asol.Singolo - con fermapallet' 
    - ErrorMessage: ''
0216332:
    - bResult: 'False'
    - OutDescEst: ' Mont.D - Ang.Asol.Doppio - ""' 
    - ErrorMessage: ''
0216331:
    - bResult: 'False'
    - OutDescEst: ' Mont.D - Ang.Asol.Doppio - ""' 
    - ErrorMessage: ''
0216330:
    - bResult: 'False'
    - OutDescEst: ' Mont.D - Ang.Asol.Singolo - ""' 
    - ErrorMessage: ''
0216329:
    - bResult: 'False'
    - OutDescEst: ' Mont.D - Ang.Asol.Singolo - ""' 
    - ErrorMessage: ''
0216328:
    - bResult: 'False'
    - OutDescEst: ' Mont.D - Ang.Asol.Doppio - ""' 
    - ErrorMessage: ''
0216327:
    - bResult: 'False'
    - OutDescEst: ' Mont.D - Ang.Asol.Doppio - ""' 
    - ErrorMessage: ''
0216326:
    - bResult: 'False'
    - OutDescEst: ' Mont.D - Ang.Asol.Singolo - con fermapallet' 
    - ErrorMessage: ''
0216325:
    - bResult: 'False'
    - OutDescEst: ' Mont.D - Ang.Asol.Singolo - con fermapallet' 
    - ErrorMessage: ''
0216324:
    - bResult: 'False'
    - OutDescEst: ' Mont.D - Ang.Asol.Singolo - ""' 
    - ErrorMessage: ''
0216323:
    - bResult: 'False'
    - OutDescEst: ' Mont.D - Ang.Asol.Singolo - ""' 
    - ErrorMessage: ''
0216322:
    - bResult: 'False'
    - OutDescEst: ' Mont.D - Ang.Asol.Doppio - ""' 
    - ErrorMessage: ''
0216321:
    - bResult: 'False'
    - OutDescEst: ' Mont.D - Ang.Asol.Doppio - ""' 
    - ErrorMessage: ''
0216320:
    - bResult: 'False'
    - OutDescEst: ' Mont.D - Ang.Asol.Singolo - con fermapallet' 
    - ErrorMessage: ''
0216319:
    - bResult: 'False'
    - OutDescEst: ' Mont.D - Ang.Asol.Singolo - con fermapallet' 
    - ErrorMessage: ''
0216318:
    - bResult: 'False'
    - OutDescEst: ' Mont.D - Ang.Asol.Singolo - ""' 
    - ErrorMessage: ''
0216317:
    - bResult: 'False'
    - OutDescEst: ' Mont.D - Ang.Asol.Singolo - ""' 
    - ErrorMessage: ''
0216110:
    - bResult: 'False'
    - OutDescEst: '' 
    - ErrorMessage: ''
0216109:
    - bResult: 'False'
    - OutDescEst: '' 
    - ErrorMessage: ''
0216076:
    - bResult: 'False'
    - OutDescEst: ' Mont.D - Ang.Asol.Singolo - ""' 
    - ErrorMessage: ''
0216075:
    - bResult: 'False'
    - OutDescEst: ' Mont.D - Ang.Asol.Doppio - ""' 
    - ErrorMessage: ''
0216074:
    - bResult: 'False'
    - OutDescEst: ' Mont.D - Ang.Asol.Singolo - ""' 
    - ErrorMessage: ''
0216073:
    - bResult: 'False'
    - OutDescEst: ' Mont.D - Ang.Asol.Doppio - ""' 
    - ErrorMessage: ''
0216072:
    - bResult: 'False'
    - OutDescEst: ' Mont.D - Ang.Asol.Singolo - ""' 
    - ErrorMessage: ''
0216071:
    - bResult: 'False'
    - OutDescEst: ' Mont.D - Ang.Asol.Doppio - ""' 
    - ErrorMessage: ''
0216070:
    - bResult: 'False'
    - OutDescEst: '' 
    - ErrorMessage: ''
0216069:
    - bResult: 'False'
    - OutDescEst: '' 
    - ErrorMessage: ''
0216068:
    - bResult: 'False'
    - OutDescEst: 'Saldatura FS' 
    - ErrorMessage: ''
0216067:
    - bResult: 'False'
    - OutDescEst: 'Saldatura FS-20' 
    - ErrorMessage: ''
0216066:
    - bResult: 'False'
    - OutDescEst: 'Saldatura FS-20' 
    - ErrorMessage: ''
0216053:
    - bResult: 'False'
    - OutDescEst: 'Saldatura FS' 
    - ErrorMessage: ''
0216052:
    - bResult: 'False'
    - OutDescEst: 'Saldatura FS' 
    - ErrorMessage: ''
0216051:
    - bResult: 'False'
    - OutDescEst: 'Saldatura FS' 
    - ErrorMessage: ''
0215977:
    - bResult: 'False'
    - OutDescEst: '' 
    - ErrorMessage: ''
0215976:
    - bResult: 'False'
    - OutDescEst: '' 
    - ErrorMessage: ''
0215975:
    - bResult: 'False'
    - OutDescEst: 'Saldatura FS' 
    - ErrorMessage: ''
0215974:
    - bResult: 'False'
    - OutDescEst: 'Saldatura FS' 
    - ErrorMessage: ''
0215650:
    - bResult: 'False'
    - OutDescEst: 'Saldatura FS' 
    - ErrorMessage: ''
0215649:
    - bResult: 'False'
    - OutDescEst: 'Saldatura FS' 
    - ErrorMessage: ''
0215589:
    - bResult: 'False'
    - OutDescEst: ' Mont.A - Ang.Asol.Singolo - con fermapallet' 
    - ErrorMessage: ''
0215588:
    - bResult: 'False'
    - OutDescEst: ' Mont.A - Ang.Asol.Singolo - con fermapallet' 
    - ErrorMessage: ''
0215587:
    - bResult: 'False'
    - OutDescEst: ' Mont.A - Ang.Asol.Singolo - con fermapallet' 
    - ErrorMessage: ''
0215556:
    - bResult: 'False'
    - OutDescEst: ' Mont.C - Ang.Asol.Singolo - ""' 
    - ErrorMessage: ''
0215555:
    - bResult: 'False'
    - OutDescEst: ' Mont.C - Ang.Asol.Singolo - ""' 
    - ErrorMessage: ''
0215554:
    - bResult: 'False'
    - OutDescEst: ' Mont.C - Ang.Asol.Singolo - ""' 
    - ErrorMessage: ''
0215553:
    - bResult: 'False'
    - OutDescEst: '' 
    - ErrorMessage: ''
0215552:
    - bResult: 'False'
    - OutDescEst: 'Saldatura FS' 
    - ErrorMessage: ''
0215551:
    - bResult: 'False'
    - OutDescEst: 'Saldatura FS' 
    - ErrorMessage: ''
0215550:
    - bResult: 'False'
    - OutDescEst: 'Saldatura FS' 
    - ErrorMessage: ''
0215549:
    - bResult: 'False'
    - OutDescEst: 'Saldatura FS' 
    - ErrorMessage: ''
0215548:
    - bResult: 'False'
    - OutDescEst: 'Saldatura FS' 
    - ErrorMessage: ''
0215547:
    - bResult: 'False'
    - OutDescEst: 'Saldatura FS' 
    - ErrorMessage: ''
0215546:
    - bResult: 'False'
    - OutDescEst: 'Saldatura FS' 
    - ErrorMessage: ''
0215522:
    - bResult: 'False'
    - OutDescEst: 'Saldatura FS-20' 
    - ErrorMessage: ''
0215521:
    - bResult: 'False'
    - OutDescEst: 'Saldatura FS-20' 
    - ErrorMessage: ''
0215331:
    - bResult: 'False'
    - OutDescEst: 'Saldatura FS' 
    - ErrorMessage: ''
0215330:
    - bResult: 'False'
    - OutDescEst: 'Saldatura FS' 
    - ErrorMessage: ''
0215329:
    - bResult: 'False'
    - OutDescEst: 'Saldatura FS-20' 
    - ErrorMessage: ''
0215328:
    - bResult: 'False'
    - OutDescEst: 'Saldatura FS-20' 
    - ErrorMessage: ''
0215074:
    - bResult: 'False'
    - OutDescEst: '' 
    - ErrorMessage: ''
0215073:
    - bResult: 'False'
    - OutDescEst: '' 
    - ErrorMessage: ''
0214567:
    - bResult: 'False'
    - OutDescEst: 'Saldatura FS-20' 
    - ErrorMessage: ''
0213673:
    - bResult: 'False'
    - OutDescEst: 'Saldatura FS-20' 
    - ErrorMessage: ''
0213477:
    - bResult: 'False'
    - OutDescEst: 'Saldatura FS-20' 
    - ErrorMessage: ''
0213476:
    - bResult: 'False'
    - OutDescEst: 'Saldatura FS-20' 
    - ErrorMessage: ''
0213474:
    - bResult: 'False'
    - OutDescEst: 'Saldatura FS-20' 
    - ErrorMessage: ''
0213390:
    - bResult: 'False'
    - OutDescEst: ' Mont. - """"' 
    - ErrorMessage: ''
0213389:
    - bResult: 'False'
    - OutDescEst: ' Mont. - """"' 
    - ErrorMessage: ''
0213388:
    - bResult: 'False'
    - OutDescEst: ' Mont. - """"' 
    - ErrorMessage: ''
0213387:
    - bResult: 'False'
    - OutDescEst: ' Mont. - """"' 
    - ErrorMessage: ''
0213384:
    - bResult: 'False'
    - OutDescEst: ' Mont. - """"' 
    - ErrorMessage: ''
0213380:
    - bResult: 'False'
    - OutDescEst: ' Mont. - """"' 
    - ErrorMessage: ''
0212899:
    - bResult: 'False'
    - OutDescEst: '' 
    - ErrorMessage: ''
0212897:
    - bResult: 'False'
    - OutDescEst: '' 
    - ErrorMessage: ''
0212895:
    - bResult: 'False'
    - OutDescEst: '' 
    - ErrorMessage: ''
0212855:
    - bResult: 'False'
    - OutDescEst: 'Saldatura FS' 
    - ErrorMessage: ''
0212854:
    - bResult: 'False'
    - OutDescEst: 'Saldatura FS' 
    - ErrorMessage: ''
0212853:
    - bResult: 'False'
    - OutDescEst: 'Saldatura FS' 
    - ErrorMessage: ''
0212852:
    - bResult: 'False'
    - OutDescEst: 'Saldatura FS' 
    - ErrorMessage: ''
0212851:
    - bResult: 'False'
    - OutDescEst: 'Saldatura FS' 
    - ErrorMessage: ''
0212850:
    - bResult: 'False'
    - OutDescEst: 'Saldatura FS' 
    - ErrorMessage: ''
0212745:
    - bResult: 'False'
    - OutDescEst: '' 
    - ErrorMessage: ''
0211978:
    - bResult: 'False'
    - OutDescEst: '' 
    - ErrorMessage: ''
0211930:
    - bResult: 'False'
    - OutDescEst: '' 
    - ErrorMessage: ''
0211874:
    - bResult: 'False'
    - OutDescEst: '' 
    - ErrorMessage: ''
0211794:
    - bResult: 'False'
    - OutDescEst: '' 
    - ErrorMessage: ''
0211103:
    - bResult: 'False'
    - OutDescEst: '' 
    - ErrorMessage: ''
0211087:
    - bResult: 'False'
    - OutDescEst: '' 
    - ErrorMessage: ''
0211086:
    - bResult: 'False'
    - OutDescEst: '' 
    - ErrorMessage: ''
0211055:
    - bResult: 'False'
    - OutDescEst: ' Mont.B - Ang.Asol.Singolo - ""' 
    - ErrorMessage: ''
0211054:
    - bResult: 'False'
    - OutDescEst: ' Mont.B - Ang.Asol.Singolo - ""' 
    - ErrorMessage: ''
0211053:
    - bResult: 'False'
    - OutDescEst: '' 
    - ErrorMessage: ''
0211052:
    - bResult: 'False'
    - OutDescEst: '' 
    - ErrorMessage: ''
0211051:
    - bResult: 'False'
    - OutDescEst: '' 
    - ErrorMessage: ''
0211050:
    - bResult: 'False'
    - OutDescEst: '' 
    - ErrorMessage: ''
0211049:
    - bResult: 'False'
    - OutDescEst: '' 
    - ErrorMessage: ''
0211048:
    - bResult: 'False'
    - OutDescEst: '' 
    - ErrorMessage: ''
0211047:
    - bResult: 'False'
    - OutDescEst: 'Saldatura FS' 
    - ErrorMessage: ''
0211046:
    - bResult: 'False'
    - OutDescEst: 'Saldatura FS' 
    - ErrorMessage: ''
0211045:
    - bResult: 'False'
    - OutDescEst: 'Saldatura FS' 
    - ErrorMessage: ''
0211044:
    - bResult: 'False'
    - OutDescEst: 'Saldatura FS' 
    - ErrorMessage: ''
0211043:
    - bResult: 'False'
    - OutDescEst: 'Saldatura FS' 
    - ErrorMessage: ''
0211042:
    - bResult: 'False'
    - OutDescEst: 'Saldatura FS' 
    - ErrorMessage: ''
0211041:
    - bResult: 'False'
    - OutDescEst: 'Saldatura FS' 
    - ErrorMessage: ''
0211040:
    - bResult: 'False'
    - OutDescEst: 'Saldatura FS' 
    - ErrorMessage: ''
0211039:
    - bResult: 'False'
    - OutDescEst: 'Saldatura FS' 
    - ErrorMessage: ''
0211038:
    - bResult: 'False'
    - OutDescEst: 'Saldatura FS' 
    - ErrorMessage: ''
0210686:
    - bResult: 'False'
    - OutDescEst: 'Saldatura FS' 
    - ErrorMessage: ''
0210685:
    - bResult: 'False'
    - OutDescEst: 'Saldatura FS' 
    - ErrorMessage: ''
0210684:
    - bResult: 'False'
    - OutDescEst: 'Saldatura FS' 
    - ErrorMessage: ''
0210683:
    - bResult: 'False'
    - OutDescEst: 'Saldatura FS' 
    - ErrorMessage: ''
0210175:
    - bResult: 'False'
    - OutDescEst: '' 
    - ErrorMessage: ''
0210174:
    - bResult: 'False'
    - OutDescEst: '' 
    - ErrorMessage: ''
0210164:
    - bResult: 'False'
    - OutDescEst: ' Mont.A - Ang.Asol.Doppio - ""' 
    - ErrorMessage: ''
0210163:
    - bResult: 'False'
    - OutDescEst: ' Mont.A - Ang.Asol.Doppio - ""' 
    - ErrorMessage: ''
0210162:
    - bResult: 'False'
    - OutDescEst: '' 
    - ErrorMessage: ''
0209481:
    - bResult: 'False'
    - OutDescEst: ' Mont. - ""' 
    - ErrorMessage: ''
0209478:
    - bResult: 'False'
    - OutDescEst: ' Mont. - ""' 
    - ErrorMessage: ''
0209475:
    - bResult: 'False'
    - OutDescEst: ' Mont. - ""' 
    - ErrorMessage: ''
0209472:
    - bResult: 'False'
    - OutDescEst: ' Mont. - ""' 
    - ErrorMessage: ''
0209470:
    - bResult: 'False'
    - OutDescEst: ' Mont. - ""' 
    - ErrorMessage: ''
0209469:
    - bResult: 'False'
    - OutDescEst: ' Mont. - ""' 
    - ErrorMessage: ''
0209361:
    - bResult: 'False'
    - OutDescEst: 'Saldatura FS-20' 
    - ErrorMessage: ''
0209360:
    - bResult: 'False'
    - OutDescEst: 'Saldatura FS-20' 
    - ErrorMessage: ''
0209303:
    - bResult: 'False'
    - OutDescEst: ' Mont.D - Ang.Asol.Doppio - ""' 
    - ErrorMessage: ''
0209302:
    - bResult: 'False'
    - OutDescEst: ' Mont.D - Ang.Asol.Doppio - ""' 
    - ErrorMessage: ''
0209301:
    - bResult: 'False'
    - OutDescEst: ' Mont.D - Ang.Asol.Doppio - ""' 
    - ErrorMessage: ''
0209300:
    - bResult: 'False'
    - OutDescEst: '' 
    - ErrorMessage: ''
0209299:
    - bResult: 'False'
    - OutDescEst: '' 
    - ErrorMessage: ''
0209298:
    - bResult: 'False'
    - OutDescEst: '' 
    - ErrorMessage: ''
0209297:
    - bResult: 'False'
    - OutDescEst: '' 
    - ErrorMessage: ''
0209208:
    - bResult: 'False'
    - OutDescEst: ' Mont. - ""' 
    - ErrorMessage: ''
0209207:
    - bResult: 'False'
    - OutDescEst: ' Mont. - ""' 
    - ErrorMessage: ''
0209206:
    - bResult: 'False'
    - OutDescEst: ' Mont. - ""' 
    - ErrorMessage: ''
0209201:
    - bResult: 'False'
    - OutDescEst: ' Mont. - ""' 
    - ErrorMessage: ''
0209200:
    - bResult: 'False'
    - OutDescEst: ' Mont. - ""' 
    - ErrorMessage: ''
0209199:
    - bResult: 'False'
    - OutDescEst: ' Mont. - ""' 
    - ErrorMessage: ''
0209198:
    - bResult: 'False'
    - OutDescEst: ' Mont. - ""' 
    - ErrorMessage: ''
0209196:
    - bResult: 'False'
    - OutDescEst: ' Mont. - ""' 
    - ErrorMessage: ''
0209188:
    - bResult: 'False'
    - OutDescEst: ' Mont. - ""' 
    - ErrorMessage: ''
0209185:
    - bResult: 'False'
    - OutDescEst: ' Mont. - ""' 
    - ErrorMessage: ''
0209184:
    - bResult: 'False'
    - OutDescEst: ' Mont. - ""' 
    - ErrorMessage: ''
0209183:
    - bResult: 'False'
    - OutDescEst: ' Mont. - ""' 
    - ErrorMessage: ''
0209047:
    - bResult: 'False'
    - OutDescEst: ' Mont.C - Ang.Asol.Singolo - con fermapallet' 
    - ErrorMessage: ''
0209046:
    - bResult: 'False'
    - OutDescEst: ' Mont.C - Ang.Asol.Singolo - con fermapallet' 
    - ErrorMessage: ''
0209045:
    - bResult: 'False'
    - OutDescEst: ' Mont.C - Ang.Asol.Singolo - con fermapallet' 
    - ErrorMessage: ''
0209044:
    - bResult: 'False'
    - OutDescEst: ' Mont.C - Ang.Asol.Singolo - ""' 
    - ErrorMessage: ''
0209043:
    - bResult: 'False'
    - OutDescEst: ' Mont.C - Ang.Asol.Singolo - con fermapallet' 
    - ErrorMessage: ''
0209042:
    - bResult: 'False'
    - OutDescEst: ' Mont.C - Ang.Asol.Singolo - con fermapallet' 
    - ErrorMessage: ''
0209041:
    - bResult: 'False'
    - OutDescEst: ' Mont.C - Ang.Asol.Singolo - con fermapallet' 
    - ErrorMessage: ''
0209040:
    - bResult: 'False'
    - OutDescEst: ' Mont.C - Ang.Asol.Singolo - ""' 
    - ErrorMessage: ''
0209039:
    - bResult: 'False'
    - OutDescEst: ' Mont.C - Ang.Asol.Singolo - con fermapallet' 
    - ErrorMessage: ''
0209038:
    - bResult: 'False'
    - OutDescEst: ' Mont.C - Ang.Asol.Singolo - ""' 
    - ErrorMessage: ''
0209037:
    - bResult: 'False'
    - OutDescEst: ' Mont.C - Ang.Asol.Singolo - con fermapallet' 
    - ErrorMessage: ''
0209036:
    - bResult: 'False'
    - OutDescEst: ' Mont.C - Ang.Asol.Singolo - con fermapallet' 
    - ErrorMessage: ''
0209035:
    - bResult: 'False'
    - OutDescEst: ' Mont.C - Ang.Asol.Singolo - ""' 
    - ErrorMessage: ''
0209034:
    - bResult: 'False'
    - OutDescEst: 'Saldatura FS' 
    - ErrorMessage: ''
0209033:
    - bResult: 'False'
    - OutDescEst: 'Saldatura FS' 
    - ErrorMessage: ''
0209032:
    - bResult: 'False'
    - OutDescEst: 'Saldatura FS' 
    - ErrorMessage: ''
0209031:
    - bResult: 'False'
    - OutDescEst: 'Saldatura FS' 
    - ErrorMessage: ''
0209030:
    - bResult: 'False'
    - OutDescEst: 'Saldatura FS' 
    - ErrorMessage: ''
0209029:
    - bResult: 'False'
    - OutDescEst: 'Saldatura FS' 
    - ErrorMessage: ''
0209028:
    - bResult: 'False'
    - OutDescEst: 'Saldatura FS' 
    - ErrorMessage: ''
0209027:
    - bResult: 'False'
    - OutDescEst: 'Saldatura FS' 
    - ErrorMessage: ''
0209026:
    - bResult: 'False'
    - OutDescEst: 'Saldatura FS' 
    - ErrorMessage: ''
0209025:
    - bResult: 'False'
    - OutDescEst: 'Saldatura FS' 
    - ErrorMessage: ''
0208935:
    - bResult: 'False'
    - OutDescEst: '' 
    - ErrorMessage: ''
0208934:
    - bResult: 'False'
    - OutDescEst: ' Mont.C - Ang.Asol.Singolo - con fermapallet' 
    - ErrorMessage: ''
0208933:
    - bResult: 'False'
    - OutDescEst: ' Mont.C - Ang.Asol.Singolo - con fermapallet' 
    - ErrorMessage: ''
0208932:
    - bResult: 'False'
    - OutDescEst: ' Mont.C - Ang.Asol.Singolo - ""' 
    - ErrorMessage: ''
0208931:
    - bResult: 'False'
    - OutDescEst: ' Mont.C - Ang.Asol.Singolo - ""' 
    - ErrorMessage: ''
0208930:
    - bResult: 'False'
    - OutDescEst: ' Mont.C - Ang.Asol.Singolo - con fermapallet' 
    - ErrorMessage: ''
0208929:
    - bResult: 'False'
    - OutDescEst: ' Mont.C - Ang.Asol.Singolo - con fermapallet' 
    - ErrorMessage: ''
0208928:
    - bResult: 'False'
    - OutDescEst: ' Mont.C - Ang.Asol.Singolo - ""' 
    - ErrorMessage: ''
0208927:
    - bResult: 'False'
    - OutDescEst: ' Mont.C - Ang.Asol.Singolo - ""' 
    - ErrorMessage: ''
0208926:
    - bResult: 'False'
    - OutDescEst: ' Mont.C - Ang.Asol.Singolo - con fermapallet' 
    - ErrorMessage: ''
0208925:
    - bResult: 'False'
    - OutDescEst: ' Mont.C - Ang.Asol.Singolo - con fermapallet' 
    - ErrorMessage: ''
0208924:
    - bResult: 'False'
    - OutDescEst: ' Mont.C - Ang.Asol.Singolo - ""' 
    - ErrorMessage: ''
0208923:
    - bResult: 'False'
    - OutDescEst: ' Mont.C - Ang.Asol.Singolo - ""' 
    - ErrorMessage: ''
0208922:
    - bResult: 'False'
    - OutDescEst: '' 
    - ErrorMessage: ''
0208921:
    - bResult: 'False'
    - OutDescEst: 'Saldatura FS' 
    - ErrorMessage: ''
0208920:
    - bResult: 'False'
    - OutDescEst: 'Saldatura FS' 
    - ErrorMessage: ''
0208919:
    - bResult: 'False'
    - OutDescEst: 'Saldatura FS' 
    - ErrorMessage: ''
0208918:
    - bResult: 'False'
    - OutDescEst: 'Saldatura FS' 
    - ErrorMessage: ''
0208917:
    - bResult: 'False'
    - OutDescEst: 'Saldatura FS' 
    - ErrorMessage: ''
0208916:
    - bResult: 'False'
    - OutDescEst: 'Saldatura FS' 
    - ErrorMessage: ''
0208915:
    - bResult: 'False'
    - OutDescEst: 'Saldatura FS' 
    - ErrorMessage: ''
0208914:
    - bResult: 'False'
    - OutDescEst: 'Saldatura FS' 
    - ErrorMessage: ''
0208913:
    - bResult: 'False'
    - OutDescEst: 'Saldatura FS' 
    - ErrorMessage: ''
0208912:
    - bResult: 'False'
    - OutDescEst: 'Saldatura FS' 
    - ErrorMessage: ''
0208757:
    - bResult: 'False'
    - OutDescEst: 'Saldatura FS' 
    - ErrorMessage: ''
0208756:
    - bResult: 'False'
    - OutDescEst: 'Saldatura FS' 
    - ErrorMessage: ''
0208755:
    - bResult: 'False'
    - OutDescEst: 'Saldatura FS' 
    - ErrorMessage: ''
0208754:
    - bResult: 'False'
    - OutDescEst: 'Saldatura FS' 
    - ErrorMessage: ''
0208753:
    - bResult: 'False'
    - OutDescEst: 'Saldatura FS' 
    - ErrorMessage: ''
0208752:
    - bResult: 'False'
    - OutDescEst: 'Saldatura FS' 
    - ErrorMessage: ''
0207979:
    - bResult: 'False'
    - OutDescEst: '' 
    - ErrorMessage: ''
0207978:
    - bResult: 'False'
    - OutDescEst: '' 
    - ErrorMessage: ''
0207972:
    - bResult: 'False'
    - OutDescEst: ' Mont. - ""' 
    - ErrorMessage: ''
0207971:
    - bResult: 'False'
    - OutDescEst: ' Mont. - ""' 
    - ErrorMessage: ''
0207970:
    - bResult: 'False'
    - OutDescEst: ' Mont. - ""' 
    - ErrorMessage: ''
0207969:
    - bResult: 'False'
    - OutDescEst: ' Mont. - ""' 
    - ErrorMessage: ''
0205186:
    - bResult: 'False'
    - OutDescEst: '' 
    - ErrorMessage: ''
0204498:
    - bResult: 'False'
    - OutDescEst: '' 
    - ErrorMessage: ''
0204495:
    - bResult: 'False'
    - OutDescEst: ' Mont.D - Ang.Asol.Singolo - con fermapallet' 
    - ErrorMessage: ''
0204494:
    - bResult: 'False'
    - OutDescEst: ' Mont.D - Ang.Asol.Singolo - con fermapallet' 
    - ErrorMessage: ''
0203975:
    - bResult: 'False'
    - OutDescEst: '' 
    - ErrorMessage: ''
0203685:
    - bResult: 'False'
    - OutDescEst: '' 
    - ErrorMessage: ''
0203684:
    - bResult: 'False'
    - OutDescEst: 'Saldatura FS' 
    - ErrorMessage: ''
0203683:
    - bResult: 'False'
    - OutDescEst: 'Saldatura FS' 
    - ErrorMessage: ''
0203682:
    - bResult: 'False'
    - OutDescEst: 'Saldatura FS-20' 
    - ErrorMessage: ''
0203679:
    - bResult: 'False'
    - OutDescEst: 'Saldatura FS-20' 
    - ErrorMessage: ''
0203678:
    - bResult: 'False'
    - OutDescEst: 'Saldatura FS-20' 
    - ErrorMessage: ''
0203466:
    - bResult: 'False'
    - OutDescEst: '' 
    - ErrorMessage: ''
0203465:
    - bResult: 'False'
    - OutDescEst: '' 
    - ErrorMessage: ''
0203464:
    - bResult: 'False'
    - OutDescEst: ' Mont.D - Ang.Asol.Singolo - ""' 
    - ErrorMessage: ''
0203463:
    - bResult: 'False'
    - OutDescEst: ' Mont.D - Ang.Asol.Singolo - ""' 
    - ErrorMessage: ''
0203203:
    - bResult: 'False'
    - OutDescEst: '' 
    - ErrorMessage: ''
0203202:
    - bResult: 'False'
    - OutDescEst: '' 
    - ErrorMessage: ''
0202935:
    - bResult: 'False'
    - OutDescEst: '' 
    - ErrorMessage: ''
0202764:
    - bResult: 'False'
    - OutDescEst: '' 
    - ErrorMessage: ''
0202763:
    - bResult: 'False'
    - OutDescEst: '' 
    - ErrorMessage: ''
0202762:
    - bResult: 'False'
    - OutDescEst: ' Mont.A - Ang.Asol.Singolo - con fermapallet' 
    - ErrorMessage: ''
0202761:
    - bResult: 'False'
    - OutDescEst: ' Mont.A - Ang.Asol.Singolo - con fermapallet' 
    - ErrorMessage: ''
0202760:
    - bResult: 'False'
    - OutDescEst: ' Mont.A - Ang.Asol.Doppio - ""' 
    - ErrorMessage: ''
0202759:
    - bResult: 'False'
    - OutDescEst: ' Mont.A - Ang.Asol.Doppio - ""' 
    - ErrorMessage: ''
0202758:
    - bResult: 'False'
    - OutDescEst: ' Mont.A - Ang.Asol.Singolo - ""' 
    - ErrorMessage: ''
0202757:
    - bResult: 'False'
    - OutDescEst: ' Mont.A - Ang.Asol.Singolo - con fermapallet' 
    - ErrorMessage: ''
0202756:
    - bResult: 'False'
    - OutDescEst: ' Mont.A - Ang.Asol.Singolo - con fermapallet' 
    - ErrorMessage: ''
0202755:
    - bResult: 'False'
    - OutDescEst: ' Mont.A - Ang.Asol.Doppio - ""' 
    - ErrorMessage: ''
0202754:
    - bResult: 'False'
    - OutDescEst: ' Mont.A - Ang.Asol.Doppio - ""' 
    - ErrorMessage: ''
0202753:
    - bResult: 'False'
    - OutDescEst: ' Mont.A - Ang.Asol.Singolo - ""' 
    - ErrorMessage: ''
0202752:
    - bResult: 'False'
    - OutDescEst: ' Mont.A - Ang.Asol.Singolo - con fermapallet' 
    - ErrorMessage: ''
0202751:
    - bResult: 'False'
    - OutDescEst: ' Mont.A - Ang.Asol.Doppio - ""' 
    - ErrorMessage: ''
0202750:
    - bResult: 'False'
    - OutDescEst: ' Mont.A - Ang.Asol.Singolo - ""' 
    - ErrorMessage: ''
0202749:
    - bResult: 'False'
    - OutDescEst: 'Saldatura FS' 
    - ErrorMessage: ''
0202748:
    - bResult: 'False'
    - OutDescEst: 'Saldatura FS' 
    - ErrorMessage: ''
0202747:
    - bResult: 'False'
    - OutDescEst: 'Saldatura FS' 
    - ErrorMessage: ''
0202746:
    - bResult: 'False'
    - OutDescEst: 'Saldatura FS' 
    - ErrorMessage: ''
0202745:
    - bResult: 'False'
    - OutDescEst: 'Saldatura FS' 
    - ErrorMessage: ''
0202744:
    - bResult: 'False'
    - OutDescEst: 'Saldatura FS' 
    - ErrorMessage: ''
0202743:
    - bResult: 'False'
    - OutDescEst: 'Saldatura FS' 
    - ErrorMessage: ''
0202742:
    - bResult: 'False'
    - OutDescEst: 'Saldatura FS' 
    - ErrorMessage: ''
0202741:
    - bResult: 'False'
    - OutDescEst: 'Saldatura FS' 
    - ErrorMessage: ''
0202740:
    - bResult: 'False'
    - OutDescEst: 'Saldatura FS' 
    - ErrorMessage: ''
0202492:
    - bResult: 'False'
    - OutDescEst: 'Saldatura FS-20' 
    - ErrorMessage: ''
0202427:
    - bResult: 'False'
    - OutDescEst: '' 
    - ErrorMessage: ''
0202426:
    - bResult: 'False'
    - OutDescEst: '' 
    - ErrorMessage: ''
0202423:
    - bResult: 'False'
    - OutDescEst: '' 
    - ErrorMessage: ''
0202421:
    - bResult: 'False'
    - OutDescEst: '' 
    - ErrorMessage: ''
0202420:
    - bResult: 'False'
    - OutDescEst: '' 
    - ErrorMessage: ''
0202419:
    - bResult: 'False'
    - OutDescEst: 'Saldatura FS' 
    - ErrorMessage: ''
0202418:
    - bResult: 'False'
    - OutDescEst: 'Saldatura FS-20' 
    - ErrorMessage: ''
0202415:
    - bResult: 'False'
    - OutDescEst: 'Saldatura FS-20' 
    - ErrorMessage: ''
0201648:
    - bResult: 'False'
    - OutDescEst: 'Saldatura FS-20' 
    - ErrorMessage: ''
0201647:
    - bResult: 'False'
    - OutDescEst: 'Saldatura FS-20' 
    - ErrorMessage: ''
0197223:
    - bResult: 'False'
    - OutDescEst: 'Saldatura FS' 
    - ErrorMessage: ''
0197222:
    - bResult: 'False'
    - OutDescEst: 'Saldatura FS' 
    - ErrorMessage: ''
0197169:
    - bResult: 'False'
    - OutDescEst: '' 
    - ErrorMessage: ''
0197104:
    - bResult: 'False'
    - OutDescEst: '' 
    - ErrorMessage: ''
0197103:
    - bResult: 'False'
    - OutDescEst: '' 
    - ErrorMessage: ''
0195669:
    - bResult: 'False'
    - OutDescEst: '' 
    - ErrorMessage: ''
0195111:
    - bResult: 'False'
    - OutDescEst: ' Mont.B - Ang.Asol.Doppio - ""' 
    - ErrorMessage: ''
0195110:
    - bResult: 'False'
    - OutDescEst: ' Mont.B - Ang.Asol.Doppio - ""' 
    - ErrorMessage: ''
0195109:
    - bResult: 'False'
    - OutDescEst: ' Mont.B - Ang.Asol.Singolo - ""' 
    - ErrorMessage: ''
0195108:
    - bResult: 'False'
    - OutDescEst: ' Mont.B - Ang.Asol.Singolo - ""' 
    - ErrorMessage: ''
0194892:
    - bResult: 'False'
    - OutDescEst: ' Mont.B - Ang.Asol.Doppio - ""' 
    - ErrorMessage: ''
0194891:
    - bResult: 'False'
    - OutDescEst: ' Mont.B - Ang.Asol.Singolo - ""' 
    - ErrorMessage: ''
0194890:
    - bResult: 'False'
    - OutDescEst: ' Mont.B - Ang.Asol.Doppio - ""' 
    - ErrorMessage: ''
0194889:
    - bResult: 'False'
    - OutDescEst: ' Mont.B - Ang.Asol.Doppio - ""' 
    - ErrorMessage: ''
0194888:
    - bResult: 'False'
    - OutDescEst: ' Mont.B - Ang.Asol.Singolo - ""' 
    - ErrorMessage: ''
0194887:
    - bResult: 'False'
    - OutDescEst: ' Mont.B - Ang.Asol.Singolo - ""' 
    - ErrorMessage: ''
0194592:
    - bResult: 'False'
    - OutDescEst: ' Mont. - ""' 
    - ErrorMessage: ''
0194591:
    - bResult: 'False'
    - OutDescEst: ' Mont. - ""' 
    - ErrorMessage: ''
0194590:
    - bResult: 'False'
    - OutDescEst: ' Mont. - ""' 
    - ErrorMessage: ''
0194589:
    - bResult: 'False'
    - OutDescEst: ' Mont. - ""' 
    - ErrorMessage: ''
0194588:
    - bResult: 'False'
    - OutDescEst: ' Mont. - ""' 
    - ErrorMessage: ''
0194587:
    - bResult: 'False'
    - OutDescEst: ' Mont. - ""' 
    - ErrorMessage: ''
0194586:
    - bResult: 'False'
    - OutDescEst: ' Mont. - ""' 
    - ErrorMessage: ''
0194585:
    - bResult: 'False'
    - OutDescEst: ' Mont. - ""' 
    - ErrorMessage: ''
0194584:
    - bResult: 'False'
    - OutDescEst: ' Mont. - ""' 
    - ErrorMessage: ''
0194583:
    - bResult: 'False'
    - OutDescEst: ' Mont. - ""' 
    - ErrorMessage: ''
0194582:
    - bResult: 'False'
    - OutDescEst: ' Mont. - ""' 
    - ErrorMessage: ''
0194581:
    - bResult: 'False'
    - OutDescEst: ' Mont. - ""' 
    - ErrorMessage: ''
0194580:
    - bResult: 'False'
    - OutDescEst: ' Mont. - ""' 
    - ErrorMessage: ''
0194579:
    - bResult: 'False'
    - OutDescEst: ' Mont. - ""' 
    - ErrorMessage: ''
0194578:
    - bResult: 'False'
    - OutDescEst: ' Mont. - ""' 
    - ErrorMessage: ''
0194577:
    - bResult: 'False'
    - OutDescEst: ' Mont. - ""' 
    - ErrorMessage: ''
0194576:
    - bResult: 'False'
    - OutDescEst: ' Mont. - ""' 
    - ErrorMessage: ''
0194575:
    - bResult: 'False'
    - OutDescEst: ' Mont. - ""' 
    - ErrorMessage: ''
0193787:
    - bResult: 'False'
    - OutDescEst: '' 
    - ErrorMessage: ''
0193786:
    - bResult: 'False'
    - OutDescEst: '' 
    - ErrorMessage: ''
0193785:
    - bResult: 'False'
    - OutDescEst: '' 
    - ErrorMessage: ''
0193710:
    - bResult: 'False'
    - OutDescEst: '' 
    - ErrorMessage: ''
0193709:
    - bResult: 'False'
    - OutDescEst: '' 
    - ErrorMessage: ''
0193703:
    - bResult: 'False'
    - OutDescEst: ' Mont. - ""' 
    - ErrorMessage: ''
0193702:
    - bResult: 'False'
    - OutDescEst: ' Mont. - ""' 
    - ErrorMessage: ''
0192199:
    - bResult: 'False'
    - OutDescEst: 'Saldatura FS' 
    - ErrorMessage: ''
0192198:
    - bResult: 'False'
    - OutDescEst: '' 
    - ErrorMessage: ''
0192197:
    - bResult: 'False'
    - OutDescEst: 'Saldatura FS' 
    - ErrorMessage: ''
0192196:
    - bResult: 'False'
    - OutDescEst: 'Saldatura FS' 
    - ErrorMessage: ''
0192195:
    - bResult: 'False'
    - OutDescEst: 'Saldatura FS' 
    - ErrorMessage: ''
0192194:
    - bResult: 'False'
    - OutDescEst: 'Saldatura FS' 
    - ErrorMessage: ''
0192193:
    - bResult: 'False'
    - OutDescEst: 'Saldatura FS' 
    - ErrorMessage: ''
0192192:
    - bResult: 'False'
    - OutDescEst: 'Saldatura FS' 
    - ErrorMessage: ''
0192191:
    - bResult: 'False'
    - OutDescEst: 'Saldatura FS' 
    - ErrorMessage: ''
0191935:
    - bResult: 'False'
    - OutDescEst: 'Saldatura FS-20' 
    - ErrorMessage: ''
0191934:
    - bResult: 'False'
    - OutDescEst: 'Saldatura FS-20' 
    - ErrorMessage: ''
0191306:
    - bResult: 'False'
    - OutDescEst: ' Mont.B - Ang.Asol.Doppio - con fermapallet' 
    - ErrorMessage: ''
0191305:
    - bResult: 'False'
    - OutDescEst: ' Mont.B - Ang.Asol.Doppio - con fermapallet' 
    - ErrorMessage: ''
0191269:
    - bResult: 'False'
    - OutDescEst: 'Saldatura FS' 
    - ErrorMessage: ''
0191268:
    - bResult: 'False'
    - OutDescEst: 'Saldatura FS' 
    - ErrorMessage: ''
0191267:
    - bResult: 'False'
    - OutDescEst: 'Saldatura FS' 
    - ErrorMessage: ''
0191266:
    - bResult: 'False'
    - OutDescEst: '' 
    - ErrorMessage: ''
0190755:
    - bResult: 'False'
    - OutDescEst: 'Saldatura FS-20' 
    - ErrorMessage: ''
0190564:
    - bResult: 'False'
    - OutDescEst: '' 
    - ErrorMessage: ''
0190563:
    - bResult: 'False'
    - OutDescEst: '' 
    - ErrorMessage: ''
0190321:
    - bResult: 'False'
    - OutDescEst: '' 
    - ErrorMessage: ''
0190320:
    - bResult: 'False'
    - OutDescEst: '' 
    - ErrorMessage: ''
0190238:
    - bResult: 'False'
    - OutDescEst: '' 
    - ErrorMessage: ''
0188128:
    - bResult: 'False'
    - OutDescEst: '' 
    - ErrorMessage: ''
0187995:
    - bResult: 'False'
    - OutDescEst: ' Mont.C - Ang.Asol.Singolo - con fermapallet' 
    - ErrorMessage: ''
0187994:
    - bResult: 'False'
    - OutDescEst: ' Mont.C - Ang.Asol.Singolo - con fermapallet' 
    - ErrorMessage: ''
0187993:
    - bResult: 'False'
    - OutDescEst: ' Mont.C - Ang.Asol.Singolo - con fermapallet' 
    - ErrorMessage: ''
0187974:
    - bResult: 'False'
    - OutDescEst: '' 
    - ErrorMessage: ''
0187502:
    - bResult: 'False'
    - OutDescEst: 'Saldatura FS' 
    - ErrorMessage: ''
0187501:
    - bResult: 'False'
    - OutDescEst: 'Saldatura FS' 
    - ErrorMessage: ''
0187500:
    - bResult: 'False'
    - OutDescEst: 'Saldatura FS' 
    - ErrorMessage: ''
0187499:
    - bResult: 'False'
    - OutDescEst: 'Saldatura FS' 
    - ErrorMessage: ''
0187498:
    - bResult: 'False'
    - OutDescEst: 'Saldatura FS' 
    - ErrorMessage: ''
0187497:
    - bResult: 'False'
    - OutDescEst: 'Saldatura FS' 
    - ErrorMessage: ''
0187496:
    - bResult: 'False'
    - OutDescEst: 'Saldatura FS' 
    - ErrorMessage: ''
0187495:
    - bResult: 'False'
    - OutDescEst: 'Saldatura FS' 
    - ErrorMessage: ''
0187494:
    - bResult: 'False'
    - OutDescEst: 'Saldatura FS' 
    - ErrorMessage: ''
0187493:
    - bResult: 'False'
    - OutDescEst: 'Saldatura FS' 
    - ErrorMessage: ''
0187161:
    - bResult: 'False'
    - OutDescEst: 'Saldatura FS-20' 
    - ErrorMessage: ''
0187160:
    - bResult: 'False'
    - OutDescEst: 'Saldatura FS-20' 
    - ErrorMessage: ''
0186967:
    - bResult: 'False'
    - OutDescEst: 'Saldatura FS-20' 
    - ErrorMessage: ''
0186966:
    - bResult: 'False'
    - OutDescEst: 'Saldatura FS-20' 
    - ErrorMessage: ''
0186959:
    - bResult: 'False'
    - OutDescEst: '' 
    - ErrorMessage: ''
0186817:
    - bResult: 'False'
    - OutDescEst: '' 
    - ErrorMessage: ''
0185284:
    - bResult: 'False'
    - OutDescEst: ' Mont. - ""' 
    - ErrorMessage: ''
0185283:
    - bResult: 'False'
    - OutDescEst: ' Mont. - ""' 
    - ErrorMessage: ''
0185282:
    - bResult: 'False'
    - OutDescEst: ' Mont. - ""' 
    - ErrorMessage: ''
0185281:
    - bResult: 'False'
    - OutDescEst: ' Mont. - ""' 
    - ErrorMessage: ''
0185280:
    - bResult: 'False'
    - OutDescEst: ' Mont. - ""' 
    - ErrorMessage: ''
0185279:
    - bResult: 'False'
    - OutDescEst: ' Mont. - ""' 
    - ErrorMessage: ''
0185278:
    - bResult: 'False'
    - OutDescEst: ' Mont. - ""' 
    - ErrorMessage: ''
0185277:
    - bResult: 'False'
    - OutDescEst: ' Mont. - ""' 
    - ErrorMessage: ''
0185276:
    - bResult: 'False'
    - OutDescEst: ' Mont. - ""' 
    - ErrorMessage: ''
0185275:
    - bResult: 'False'
    - OutDescEst: ' Mont. - ""' 
    - ErrorMessage: ''
0185273:
    - bResult: 'False'
    - OutDescEst: ' Mont. - ""' 
    - ErrorMessage: ''
0185272:
    - bResult: 'False'
    - OutDescEst: ' Mont. - ""' 
    - ErrorMessage: ''
0185225:
    - bResult: 'False'
    - OutDescEst: '' 
    - ErrorMessage: ''
0182868:
    - bResult: 'False'
    - OutDescEst: 'Saldatura FS' 
    - ErrorMessage: ''
0182867:
    - bResult: 'False'
    - OutDescEst: 'Saldatura FS' 
    - ErrorMessage: ''
0182753:
    - bResult: 'False'
    - OutDescEst: '' 
    - ErrorMessage: ''
0182745:
    - bResult: 'False'
    - OutDescEst: '' 
    - ErrorMessage: ''
0182744:
    - bResult: 'False'
    - OutDescEst: '' 
    - ErrorMessage: ''
0182743:
    - bResult: 'False'
    - OutDescEst: '' 
    - ErrorMessage: ''
0182742:
    - bResult: 'False'
    - OutDescEst: ' Mont.B - Ang.Asol.Singolo - con fermapallet' 
    - ErrorMessage: ''
0182741:
    - bResult: 'False'
    - OutDescEst: ' Mont.B - Ang.Asol.Singolo - con fermapallet' 
    - ErrorMessage: ''
0182740:
    - bResult: 'False'
    - OutDescEst: ' Mont.B - Ang.Asol.Doppio - ""' 
    - ErrorMessage: ''
0182739:
    - bResult: 'False'
    - OutDescEst: ' Mont.B - Ang.Asol.Doppio - ""' 
    - ErrorMessage: ''
0182738:
    - bResult: 'False'
    - OutDescEst: ' Mont.B - Ang.Asol.Singolo - ""' 
    - ErrorMessage: ''
0182737:
    - bResult: 'False'
    - OutDescEst: ' Mont.B - Ang.Asol.Singolo - ""' 
    - ErrorMessage: ''
0182736:
    - bResult: 'False'
    - OutDescEst: ' Mont.B - Ang.Asol.Singolo - con fermapallet' 
    - ErrorMessage: ''
0182735:
    - bResult: 'False'
    - OutDescEst: ' Mont.B - Ang.Asol.Singolo - con fermapallet' 
    - ErrorMessage: ''
0182734:
    - bResult: 'False'
    - OutDescEst: ' Mont.B - Ang.Asol.Singolo - con fermapallet' 
    - ErrorMessage: ''
0182733:
    - bResult: 'False'
    - OutDescEst: ' Mont.B - Ang.Asol.Singolo - con fermapallet' 
    - ErrorMessage: ''
0182732:
    - bResult: 'False'
    - OutDescEst: ' Mont.B - Ang.Asol.Doppio - ""' 
    - ErrorMessage: ''
0182731:
    - bResult: 'False'
    - OutDescEst: ' Mont.B - Ang.Asol.Doppio - ""' 
    - ErrorMessage: ''
0182730:
    - bResult: 'False'
    - OutDescEst: ' Mont.B - Ang.Asol.Doppio - ""' 
    - ErrorMessage: ''
0182729:
    - bResult: 'False'
    - OutDescEst: ' Mont.B - Ang.Asol.Doppio - ""' 
    - ErrorMessage: ''
0182728:
    - bResult: 'False'
    - OutDescEst: ' Mont.B - Ang.Asol.Singolo - ""' 
    - ErrorMessage: ''
0182727:
    - bResult: 'False'
    - OutDescEst: ' Mont.B - Ang.Asol.Singolo - ""' 
    - ErrorMessage: ''
0182726:
    - bResult: 'False'
    - OutDescEst: ' Mont.B - Ang.Asol.Singolo - ""' 
    - ErrorMessage: ''
0182725:
    - bResult: 'False'
    - OutDescEst: ' Mont.B - Ang.Asol.Singolo - ""' 
    - ErrorMessage: ''
