0044001:
    - bResult: 'False'
    - OutDescEst: 'Conn. ganci  - L Taglio =  - Int.Campata ' 
    - ErrorMessage: ''
0062956:
    - bResult: 'False'
    - OutDescEst: 'Conn.3 ganci norm. - L Taglio = 2774 - Int.Campata ' 
    - ErrorMessage: ''
0062957:
    - bResult: 'False'
    - OutDescEst: 'Conn.3 ganci norm. - L Taglio = 2774 - Int.Campata ' 
    - ErrorMessage: ''
0062958:
    - bResult: 'False'
    - OutDescEst: 'Conn.3 ganci norm. - L Taglio = 2774 - Int.Campata ' 
    - ErrorMessage: ''
0062959:
    - bResult: 'False'
    - OutDescEst: 'Conn.3 ganci norm. - L Taglio = 2774 - Int.Campata ' 
    - ErrorMessage: ''
0062971:
    - bResult: 'False'
    - OutDescEst: 'Conn.3 ganci norm. - L Taglio = 1874 - Int.Campata ' 
    - ErrorMessage: ''
0062972:
    - bResult: 'False'
    - OutDescEst: 'Conn.3 ganci norm. - L Taglio = 1874 - Int.Campata ' 
    - ErrorMessage: ''
0062973:
    - bResult: 'False'
    - OutDescEst: 'Conn.3 ganci norm. - L Taglio = 1874 - Int.Campata ' 
    - ErrorMessage: ''
0062974:
    - bResult: 'False'
    - OutDescEst: 'Conn.3 ganci norm. - L Taglio = 1874 - Int.Campata ' 
    - ErrorMessage: ''
0072954:
    - bResult: 'False'
    - OutDescEst: 'Conn.3 ganci norm. - L Taglio = 1083 - Int.Campata ' 
    - ErrorMessage: ''
0072955:
    - bResult: 'False'
    - OutDescEst: 'Conn.3 ganci norm. - L Taglio = 1083 - Int.Campata ' 
    - ErrorMessage: ''
0072956:
    - bResult: 'False'
    - OutDescEst: 'Conn.3 ganci norm. - L Taglio = 1083 - Int.Campata ' 
    - ErrorMessage: ''
0072957:
    - bResult: 'False'
    - OutDescEst: 'Conn.3 ganci norm. - L Taglio = 1083 - Int.Campata ' 
    - ErrorMessage: ''
0072959:
    - bResult: 'False'
    - OutDescEst: 'Conn.3 ganci norm. - L Taglio = 1553 - Int.Campata ' 
    - ErrorMessage: ''
0072960:
    - bResult: 'False'
    - OutDescEst: 'Conn.3 ganci norm. - L Taglio = 1553 - Int.Campata ' 
    - ErrorMessage: ''
0072962:
    - bResult: 'False'
    - OutDescEst: 'Conn.3 ganci norm. - L Taglio = 1553 - Int.Campata ' 
    - ErrorMessage: ''
0072963:
    - bResult: 'False'
    - OutDescEst: 'Conn.3 ganci norm. - L Taglio = 1553 - Int.Campata ' 
    - ErrorMessage: ''
0072966:
    - bResult: 'False'
    - OutDescEst: 'Conn.5 ganci norm. - L Taglio = 2143 - Int.Campata ' 
    - ErrorMessage: ''
0072967:
    - bResult: 'False'
    - OutDescEst: 'Conn.5 ganci norm. - L Taglio = 2143 - Int.Campata ' 
    - ErrorMessage: ''
0072968:
    - bResult: 'False'
    - OutDescEst: 'Conn.5 ganci norm. - L Taglio = 2143 - Int.Campata ' 
    - ErrorMessage: ''
0072969:
    - bResult: 'False'
    - OutDescEst: 'Conn.5 ganci norm. - L Taglio = 2143 - Int.Campata ' 
    - ErrorMessage: ''
0075036:
    - bResult: 'False'
    - OutDescEst: 'Conn.5 ganci norm. - L Taglio = 4074 - Int.Campata ' 
    - ErrorMessage: ''
0075037:
    - bResult: 'False'
    - OutDescEst: 'Conn.5 ganci norm. - L Taglio = 4074 - Int.Campata ' 
    - ErrorMessage: ''
0075038:
    - bResult: 'False'
    - OutDescEst: 'Conn.5 ganci norm. - L Taglio = 4074 - Int.Campata ' 
    - ErrorMessage: ''
0075039:
    - bResult: 'False'
    - OutDescEst: 'Conn.5 ganci norm. - L Taglio = 4074 - Int.Campata ' 
    - ErrorMessage: ''
0075208:
    - bResult: 'False'
    - OutDescEst: 'Conn.5 ganci norm. - L Taglio = 4074 - Int.Campata ' 
    - ErrorMessage: ''
0075210:
    - bResult: 'False'
    - OutDescEst: 'Conn.5 ganci norm. - L Taglio = 4074 - Int.Campata ' 
    - ErrorMessage: ''
0075211:
    - bResult: 'False'
    - OutDescEst: 'Conn.5 ganci norm. - L Taglio = 4074 - Int.Campata ' 
    - ErrorMessage: ''
0075212:
    - bResult: 'False'
    - OutDescEst: 'Conn.5 ganci norm. - L Taglio = 4074 - Int.Campata ' 
    - ErrorMessage: ''
0079621:
    - bResult: 'False'
    - OutDescEst: 'Conn.5 ganci norm. - L Taglio = 3897 - Int.Campata ' 
    - ErrorMessage: ''
0079622:
    - bResult: 'False'
    - OutDescEst: 'Conn.5 ganci norm. - L Taglio = 3897 - Int.Campata ' 
    - ErrorMessage: ''
0079624:
    - bResult: 'False'
    - OutDescEst: 'Conn.5 ganci norm. - L Taglio = 3897 - Int.Campata ' 
    - ErrorMessage: ''
0079625:
    - bResult: 'False'
    - OutDescEst: 'Conn.5 ganci norm. - L Taglio = 3897 - Int.Campata ' 
    - ErrorMessage: ''
0081172:
    - bResult: 'False'
    - OutDescEst: 'Conn.5 ganci norm. - L Taglio = 3803 - Int.Campata ' 
    - ErrorMessage: ''
0081173:
    - bResult: 'False'
    - OutDescEst: 'Conn.5 ganci norm. - L Taglio = 3803 - Int.Campata ' 
    - ErrorMessage: ''
0081198:
    - bResult: 'False'
    - OutDescEst: 'Conn.5 ganci norm. - L Taglio = 3803 - Int.Campata ' 
    - ErrorMessage: ''
0081199:
    - bResult: 'False'
    - OutDescEst: 'Conn.5 ganci norm. - L Taglio = 3803 - Int.Campata ' 
    - ErrorMessage: ''
0083808:
    - bResult: 'False'
    - OutDescEst: 'Conn.5 ganci norm. - L Taglio = 1167 - Int.Campata ' 
    - ErrorMessage: ''
0083809:
    - bResult: 'False'
    - OutDescEst: 'Conn.5 ganci norm. - L Taglio = 1167 - Int.Campata ' 
    - ErrorMessage: ''
0083812:
    - bResult: 'False'
    - OutDescEst: 'Conn.5 ganci norm. - L Taglio = 1167 - Int.Campata ' 
    - ErrorMessage: ''
0083813:
    - bResult: 'False'
    - OutDescEst: 'Conn.5 ganci norm. - L Taglio = 1167 - Int.Campata ' 
    - ErrorMessage: ''
0083872:
    - bResult: 'False'
    - OutDescEst: 'Conn.5 ganci norm. - L Taglio = 1167 - Int.Campata ' 
    - ErrorMessage: ''
0083874:
    - bResult: 'False'
    - OutDescEst: 'Conn.5 ganci norm. - L Taglio = 1167 - Int.Campata ' 
    - ErrorMessage: ''
0083952:
    - bResult: 'False'
    - OutDescEst: 'Conn.5 ganci norm. - L Taglio = 2823 - Int.Campata ' 
    - ErrorMessage: ''
0083953:
    - bResult: 'False'
    - OutDescEst: 'Conn.5 ganci norm. - L Taglio = 2823 - Int.Campata ' 
    - ErrorMessage: ''
0083955:
    - bResult: 'False'
    - OutDescEst: 'Conn.5 ganci norm. - L Taglio = 2823 - Int.Campata ' 
    - ErrorMessage: ''
0083956:
    - bResult: 'False'
    - OutDescEst: 'Conn.5 ganci norm. - L Taglio = 2823 - Int.Campata ' 
    - ErrorMessage: ''
0083963:
    - bResult: 'False'
    - OutDescEst: 'Conn.5 ganci norm. - L Taglio = 2823 - Int.Campata ' 
    - ErrorMessage: ''
0083964:
    - bResult: 'False'
    - OutDescEst: 'Conn.5 ganci norm. - L Taglio = 2823 - Int.Campata ' 
    - ErrorMessage: ''
0094757:
    - bResult: 'False'
    - OutDescEst: 'Conn.5 ganci norm. - L Taglio = 2803 - Int.Campata ' 
    - ErrorMessage: ''
0094758:
    - bResult: 'False'
    - OutDescEst: 'Conn.5 ganci norm. - L Taglio = 2803 - Int.Campata ' 
    - ErrorMessage: ''
0094760:
    - bResult: 'False'
    - OutDescEst: 'Conn.5 ganci norm. - L Taglio = 2803 - Int.Campata ' 
    - ErrorMessage: ''
0094761:
    - bResult: 'False'
    - OutDescEst: 'Conn.5 ganci norm. - L Taglio = 2803 - Int.Campata ' 
    - ErrorMessage: ''
0096438:
    - bResult: 'False'
    - OutDescEst: 'Conn.5 ganci norm. - L Taglio = 2803 - Int.Campata ' 
    - ErrorMessage: ''
0096439:
    - bResult: 'False'
    - OutDescEst: 'Conn.5 ganci norm. - L Taglio = 2803 - Int.Campata ' 
    - ErrorMessage: ''
0096443:
    - bResult: 'False'
    - OutDescEst: 'Conn.5 ganci norm. - L Taglio = 2803 - Int.Campata ' 
    - ErrorMessage: ''
0096444:
    - bResult: 'False'
    - OutDescEst: 'Conn.5 ganci norm. - L Taglio = 2803 - Int.Campata ' 
    - ErrorMessage: ''
0104948:
    - bResult: 'False'
    - OutDescEst: 'Conn.5 ganci norm. - L Taglio = 3323 - Int.Campata ' 
    - ErrorMessage: ''
0104949:
    - bResult: 'False'
    - OutDescEst: 'Conn.5 ganci norm. - L Taglio = 3323 - Int.Campata ' 
    - ErrorMessage: ''
0104951:
    - bResult: 'False'
    - OutDescEst: 'Conn.5 ganci norm. - L Taglio = 3323 - Int.Campata ' 
    - ErrorMessage: ''
0104952:
    - bResult: 'False'
    - OutDescEst: 'Conn.5 ganci norm. - L Taglio = 3323 - Int.Campata ' 
    - ErrorMessage: ''
0105147:
    - bResult: 'False'
    - OutDescEst: 'Conn.5 ganci norm. - L Taglio = 1923 - Int.Campata ' 
    - ErrorMessage: ''
0105148:
    - bResult: 'False'
    - OutDescEst: 'Conn.5 ganci norm. - L Taglio = 1923 - Int.Campata ' 
    - ErrorMessage: ''
0105165:
    - bResult: 'False'
    - OutDescEst: 'Conn.5 ganci norm. - L Taglio = 2823 - Int.Campata ' 
    - ErrorMessage: ''
0105166:
    - bResult: 'False'
    - OutDescEst: 'Conn.5 ganci norm. - L Taglio = 2823 - Int.Campata ' 
    - ErrorMessage: ''
0105170:
    - bResult: 'False'
    - OutDescEst: 'Conn.5 ganci norm. - L Taglio = 1923 - Int.Campata ' 
    - ErrorMessage: ''
0105171:
    - bResult: 'False'
    - OutDescEst: 'Conn.5 ganci norm. - L Taglio = 1923 - Int.Campata ' 
    - ErrorMessage: ''
0105174:
    - bResult: 'False'
    - OutDescEst: 'Conn.5 ganci norm. - L Taglio = 2823 - Int.Campata ' 
    - ErrorMessage: ''
0105175:
    - bResult: 'False'
    - OutDescEst: 'Conn.5 ganci norm. - L Taglio = 2823 - Int.Campata ' 
    - ErrorMessage: ''
0107306:
    - bResult: 'False'
    - OutDescEst: 'Conn.5 ganci norm. - L Taglio = 2803 - Int.Campata ' 
    - ErrorMessage: ''
0107307:
    - bResult: 'False'
    - OutDescEst: 'Conn.5 ganci norm. - L Taglio = 2803 - Int.Campata ' 
    - ErrorMessage: ''
0107309:
    - bResult: 'False'
    - OutDescEst: 'Conn.5 ganci norm. - L Taglio = 3803 - Int.Campata ' 
    - ErrorMessage: ''
0107310:
    - bResult: 'False'
    - OutDescEst: 'Conn.5 ganci norm. - L Taglio = 3803 - Int.Campata ' 
    - ErrorMessage: ''
0107318:
    - bResult: 'False'
    - OutDescEst: 'Conn.5 ganci norm. - L Taglio = 2923 - Int.Campata ' 
    - ErrorMessage: ''
0107319:
    - bResult: 'False'
    - OutDescEst: 'Conn.5 ganci norm. - L Taglio = 2923 - Int.Campata ' 
    - ErrorMessage: ''
0107321:
    - bResult: 'False'
    - OutDescEst: 'Conn.5 ganci norm. - L Taglio = 1517 - Int.Campata ' 
    - ErrorMessage: ''
0107322:
    - bResult: 'False'
    - OutDescEst: 'Conn.5 ganci norm. - L Taglio = 1517 - Int.Campata ' 
    - ErrorMessage: ''
0107622:
    - bResult: 'False'
    - OutDescEst: 'Conn.5 ganci norm. - L Taglio = 3803 - Int.Campata ' 
    - ErrorMessage: ''
0107623:
    - bResult: 'False'
    - OutDescEst: 'Conn.5 ganci norm. - L Taglio = 3803 - Int.Campata ' 
    - ErrorMessage: ''
0107624:
    - bResult: 'False'
    - OutDescEst: 'Conn.5 ganci norm. - L Taglio = 2923 - Int.Campata ' 
    - ErrorMessage: ''
0107625:
    - bResult: 'False'
    - OutDescEst: 'Conn.5 ganci norm. - L Taglio = 2923 - Int.Campata ' 
    - ErrorMessage: ''
0108403:
    - bResult: 'False'
    - OutDescEst: 'Conn.5 ganci norm. - L Taglio = 2823 - Int.Campata ' 
    - ErrorMessage: ''
0108404:
    - bResult: 'False'
    - OutDescEst: 'Conn.5 ganci norm. - L Taglio = 2823 - Int.Campata ' 
    - ErrorMessage: ''
0108414:
    - bResult: 'False'
    - OutDescEst: 'Conn.5 ganci norm. - L Taglio = 2823 - Int.Campata ' 
    - ErrorMessage: ''
0108415:
    - bResult: 'False'
    - OutDescEst: 'Conn.5 ganci norm. - L Taglio = 2823 - Int.Campata ' 
    - ErrorMessage: ''
0111421:
    - bResult: 'False'
    - OutDescEst: 'Conn.5 ganci norm. - L Taglio = 3123 - Int.Campata ' 
    - ErrorMessage: ''
0111422:
    - bResult: 'False'
    - OutDescEst: 'Conn.5 ganci norm. - L Taglio = 3123 - Int.Campata ' 
    - ErrorMessage: ''
0111425:
    - bResult: 'False'
    - OutDescEst: 'Conn.5 ganci norm. - L Taglio = 3123 - Int.Campata ' 
    - ErrorMessage: ''
0111426:
    - bResult: 'False'
    - OutDescEst: 'Conn.5 ganci norm. - L Taglio = 3123 - Int.Campata ' 
    - ErrorMessage: ''
0111446:
    - bResult: 'False'
    - OutDescEst: 'Conn.F ganci  - L Taglio = 3123 - Int.Campata ' 
    - ErrorMessage: ''
0111447:
    - bResult: 'False'
    - OutDescEst: 'Conn.F ganci  - L Taglio = 3123 - Int.Campata ' 
    - ErrorMessage: ''
0111448:
    - bResult: 'False'
    - OutDescEst: 'Conn.F ganci  - L Taglio = 3123 - Int.Campata ' 
    - ErrorMessage: ''
0111449:
    - bResult: 'False'
    - OutDescEst: 'Conn.F ganci  - L Taglio = 3123 - Int.Campata ' 
    - ErrorMessage: ''
0118471:
    - bResult: 'False'
    - OutDescEst: 'Conn.5 ganci norm. - L Taglio = 2083 - Int.Campata ' 
    - ErrorMessage: ''
0118472:
    - bResult: 'False'
    - OutDescEst: 'Conn.5 ganci norm. - L Taglio = 2083 - Int.Campata ' 
    - ErrorMessage: ''
0118474:
    - bResult: 'False'
    - OutDescEst: 'Conn.5 ganci norm. - L Taglio = 2083 - Int.Campata ' 
    - ErrorMessage: ''
0118475:
    - bResult: 'False'
    - OutDescEst: 'Conn.5 ganci norm. - L Taglio = 2083 - Int.Campata ' 
    - ErrorMessage: ''
0122603:
    - bResult: 'False'
    - OutDescEst: 'Conn.5 ganci norm. - L Taglio = 3723 - Int.Campata ' 
    - ErrorMessage: ''
0122604:
    - bResult: 'False'
    - OutDescEst: 'Conn.5 ganci norm. - L Taglio = 3723 - Int.Campata ' 
    - ErrorMessage: ''
0122606:
    - bResult: 'False'
    - OutDescEst: 'Conn.5 ganci norm. - L Taglio = 3723 - Int.Campata ' 
    - ErrorMessage: ''
0122607:
    - bResult: 'False'
    - OutDescEst: 'Conn.5 ganci norm. - L Taglio = 3723 - Int.Campata ' 
    - ErrorMessage: ''
0127178:
    - bResult: 'False'
    - OutDescEst: 'Conn.5 ganci norm. - L Taglio = 2903 - Int.Campata ' 
    - ErrorMessage: ''
0127179:
    - bResult: 'False'
    - OutDescEst: 'Conn.5 ganci norm. - L Taglio = 2903 - Int.Campata ' 
    - ErrorMessage: ''
0127181:
    - bResult: 'False'
    - OutDescEst: 'Conn.5 ganci F.S. - L Taglio = 2903 - Int.Campata ' 
    - ErrorMessage: ''
0127182:
    - bResult: 'False'
    - OutDescEst: 'Conn.5 ganci F.S. - L Taglio = 2903 - Int.Campata ' 
    - ErrorMessage: ''
0127185:
    - bResult: 'False'
    - OutDescEst: 'Conn.5 ganci norm. - L Taglio = 2903 - Int.Campata ' 
    - ErrorMessage: ''
0127186:
    - bResult: 'False'
    - OutDescEst: 'Conn.5 ganci norm. - L Taglio = 2903 - Int.Campata ' 
    - ErrorMessage: ''
0127187:
    - bResult: 'False'
    - OutDescEst: 'Conn.5 ganci F.S. - L Taglio = 2903 - Int.Campata ' 
    - ErrorMessage: ''
0127188:
    - bResult: 'False'
    - OutDescEst: 'Conn.5 ganci F.S. - L Taglio = 2903 - Int.Campata ' 
    - ErrorMessage: ''
0129630:
    - bResult: 'False'
    - OutDescEst: 'Conn.5 ganci norm. - L Taglio = 2803 - Int.Campata ' 
    - ErrorMessage: ''
0129631:
    - bResult: 'False'
    - OutDescEst: 'Conn.5 ganci norm. - L Taglio = 2803 - Int.Campata ' 
    - ErrorMessage: ''
0135959:
    - bResult: 'False'
    - OutDescEst: 'Conn.5 ganci norm. - L Taglio = 3683 - Int.Campata ' 
    - ErrorMessage: ''
0135960:
    - bResult: 'False'
    - OutDescEst: 'Conn.5 ganci norm. - L Taglio = 3683 - Int.Campata ' 
    - ErrorMessage: ''
0135969:
    - bResult: 'False'
    - OutDescEst: 'Conn.5 ganci norm. - L Taglio = 3683 - Int.Campata ' 
    - ErrorMessage: ''
0135970:
    - bResult: 'False'
    - OutDescEst: 'Conn.5 ganci norm. - L Taglio = 3683 - Int.Campata ' 
    - ErrorMessage: ''
0138435:
    - bResult: 'False'
    - OutDescEst: 'Conn.5 ganci norm. - L Taglio = 2780 - Int.Campata ' 
    - ErrorMessage: ''
0138436:
    - bResult: 'False'
    - OutDescEst: 'Conn.5 ganci norm. - L Taglio = 2780 - Int.Campata ' 
    - ErrorMessage: ''
0138438:
    - bResult: 'False'
    - OutDescEst: 'Conn.5 ganci norm. - L Taglio = 2780 - Int.Campata ' 
    - ErrorMessage: ''
0138439:
    - bResult: 'False'
    - OutDescEst: 'Conn.5 ganci norm. - L Taglio = 2780 - Int.Campata ' 
    - ErrorMessage: ''
0141850:
    - bResult: 'False'
    - OutDescEst: 'Conn.5 ganci norm. - L Taglio = 2803 - Int.Campata ' 
    - ErrorMessage: ''
0141851:
    - bResult: 'False'
    - OutDescEst: 'Conn.5 ganci norm. - L Taglio = 2803 - Int.Campata ' 
    - ErrorMessage: ''
0145956:
    - bResult: 'False'
    - OutDescEst: 'Conn.5 ganci norm. - L Taglio = 3683 - Int.Campata ' 
    - ErrorMessage: ''
0145957:
    - bResult: 'False'
    - OutDescEst: 'Conn.5 ganci norm. - L Taglio = 3683 - Int.Campata ' 
    - ErrorMessage: ''
0145959:
    - bResult: 'False'
    - OutDescEst: 'Conn.5 ganci norm. - L Taglio = 3683 - Int.Campata ' 
    - ErrorMessage: ''
0145960:
    - bResult: 'False'
    - OutDescEst: 'Conn.5 ganci norm. - L Taglio = 3683 - Int.Campata ' 
    - ErrorMessage: ''
0151271:
    - bResult: 'False'
    - OutDescEst: 'Conn.5 ganci norm. - L Taglio = 1983 - Int.Campata ' 
    - ErrorMessage: ''
0151272:
    - bResult: 'False'
    - OutDescEst: 'Conn.5 ganci norm. - L Taglio = 1983 - Int.Campata ' 
    - ErrorMessage: ''
0151273:
    - bResult: 'False'
    - OutDescEst: 'Conn.5 ganci norm. - L Taglio = 1983 - Int.Campata ' 
    - ErrorMessage: ''
0151274:
    - bResult: 'False'
    - OutDescEst: 'Conn.5 ganci norm. - L Taglio = 1983 - Int.Campata ' 
    - ErrorMessage: ''
0151309:
    - bResult: 'False'
    - OutDescEst: 'Conn.5 ganci norm. - L Taglio =  - Int.Campata ' 
    - ErrorMessage: ''
0151310:
    - bResult: 'False'
    - OutDescEst: 'Conn.5 ganci norm. - L Taglio =  - Int.Campata ' 
    - ErrorMessage: ''
0151311:
    - bResult: 'False'
    - OutDescEst: 'Conn.5 ganci norm. - L Taglio =  - Int.Campata ' 
    - ErrorMessage: ''
0151312:
    - bResult: 'False'
    - OutDescEst: 'Conn.5 ganci norm. - L Taglio =  - Int.Campata ' 
    - ErrorMessage: ''
0151313:
    - bResult: 'False'
    - OutDescEst: 'Conn.5 ganci norm. - L Taglio =  - Int.Campata ' 
    - ErrorMessage: ''
0151314:
    - bResult: 'False'
    - OutDescEst: 'Conn.5 ganci norm. - L Taglio =  - Int.Campata ' 
    - ErrorMessage: ''
0151315:
    - bResult: 'False'
    - OutDescEst: 'Conn.5 ganci norm. - L Taglio =  - Int.Campata ' 
    - ErrorMessage: ''
0151316:
    - bResult: 'False'
    - OutDescEst: 'Conn.5 ganci norm. - L Taglio =  - Int.Campata ' 
    - ErrorMessage: ''
0155322:
    - bResult: 'False'
    - OutDescEst: 'Conn.5 ganci norm. - L Taglio = 1883 - Int.Campata ' 
    - ErrorMessage: ''
0155323:
    - bResult: 'False'
    - OutDescEst: 'Conn.5 ganci norm. - L Taglio = 1883 - Int.Campata ' 
    - ErrorMessage: ''
0155325:
    - bResult: 'False'
    - OutDescEst: 'Conn.5 ganci norm. - L Taglio = 1883 - Int.Campata ' 
    - ErrorMessage: ''
0155326:
    - bResult: 'False'
    - OutDescEst: 'Conn.5 ganci norm. - L Taglio = 1883 - Int.Campata ' 
    - ErrorMessage: ''
0156371:
    - bResult: 'False'
    - OutDescEst: 'Conn.5 ganci norm. - L Taglio = 3897 - Int.Campata ' 
    - ErrorMessage: ''
0156372:
    - bResult: 'False'
    - OutDescEst: 'Conn.5 ganci norm. - L Taglio = 3897 - Int.Campata ' 
    - ErrorMessage: ''
0156374:
    - bResult: 'False'
    - OutDescEst: 'Conn.5 ganci norm. - L Taglio = 3897 - Int.Campata ' 
    - ErrorMessage: ''
0156375:
    - bResult: 'False'
    - OutDescEst: 'Conn.5 ganci norm. - L Taglio = 3897 - Int.Campata ' 
    - ErrorMessage: ''
0160397:
    - bResult: 'False'
    - OutDescEst: 'Conn.5 ganci norm. - L Taglio = 2783 - Int.Campata ' 
    - ErrorMessage: ''
0160398:
    - bResult: 'False'
    - OutDescEst: 'Conn.5 ganci norm. - L Taglio = 2783 - Int.Campata ' 
    - ErrorMessage: ''
0160399:
    - bResult: 'False'
    - OutDescEst: 'Conn.5 ganci norm. - L Taglio = 2783 - Int.Campata ' 
    - ErrorMessage: ''
0160400:
    - bResult: 'False'
    - OutDescEst: 'Conn.5 ganci norm. - L Taglio = 2783 - Int.Campata ' 
    - ErrorMessage: ''
0161355:
    - bResult: 'False'
    - OutDescEst: 'Conn.5 ganci norm. - L Taglio = 1923 - Int.Campata ' 
    - ErrorMessage: ''
0161356:
    - bResult: 'False'
    - OutDescEst: 'Conn.5 ganci norm. - L Taglio = 1923 - Int.Campata ' 
    - ErrorMessage: ''
0161358:
    - bResult: 'False'
    - OutDescEst: 'Conn.5 ganci norm. - L Taglio = 1923 - Int.Campata ' 
    - ErrorMessage: ''
0161359:
    - bResult: 'False'
    - OutDescEst: 'Conn.5 ganci norm. - L Taglio = 1923 - Int.Campata ' 
    - ErrorMessage: ''
0161589:
    - bResult: 'False'
    - OutDescEst: 'Conn.5 ganci norm. - L Taglio = 2743 - Int.Campata ' 
    - ErrorMessage: ''
0161590:
    - bResult: 'False'
    - OutDescEst: 'Conn.5 ganci norm. - L Taglio = 2743 - Int.Campata ' 
    - ErrorMessage: ''
0167004:
    - bResult: 'False'
    - OutDescEst: 'Conn.5 ganci norm. - L Taglio = 2783 - Int.Campata ' 
    - ErrorMessage: ''
0167005:
    - bResult: 'False'
    - OutDescEst: 'Conn.5 ganci norm. - L Taglio = 2783 - Int.Campata ' 
    - ErrorMessage: ''
0167007:
    - bResult: 'False'
    - OutDescEst: 'Conn.5 ganci norm. - L Taglio = 2783 - Int.Campata ' 
    - ErrorMessage: ''
0167008:
    - bResult: 'False'
    - OutDescEst: 'Conn.5 ganci norm. - L Taglio = 2783 - Int.Campata ' 
    - ErrorMessage: ''
0167562:
    - bResult: 'False'
    - OutDescEst: 'Conn.5 ganci norm. - L Taglio = 1903 - Int.Campata ' 
    - ErrorMessage: ''
0167563:
    - bResult: 'False'
    - OutDescEst: 'Conn.5 ganci norm. - L Taglio = 1903 - Int.Campata ' 
    - ErrorMessage: ''
0167565:
    - bResult: 'False'
    - OutDescEst: 'Conn.5 ganci norm. - L Taglio = 1903 - Int.Campata ' 
    - ErrorMessage: ''
0167566:
    - bResult: 'False'
    - OutDescEst: 'Conn.5 ganci norm. - L Taglio = 1903 - Int.Campata ' 
    - ErrorMessage: ''
0167723:
    - bResult: 'False'
    - OutDescEst: 'Conn.5 ganci norm. - L Taglio = 2243 - Int.Campata ' 
    - ErrorMessage: ''
0167724:
    - bResult: 'False'
    - OutDescEst: 'Conn.5 ganci norm. - L Taglio = 2243 - Int.Campata ' 
    - ErrorMessage: ''
0167726:
    - bResult: 'False'
    - OutDescEst: 'Conn.5 ganci norm. - L Taglio = 2243 - Int.Campata ' 
    - ErrorMessage: ''
0167727:
    - bResult: 'False'
    - OutDescEst: 'Conn.5 ganci norm. - L Taglio = 2243 - Int.Campata ' 
    - ErrorMessage: ''
0167748:
    - bResult: 'False'
    - OutDescEst: 'Conn.5 ganci F.S. - L Taglio = 907 - Int.Campata ' 
    - ErrorMessage: ''
0167749:
    - bResult: 'False'
    - OutDescEst: 'Conn.5 ganci F.S. - L Taglio = 907 - Int.Campata ' 
    - ErrorMessage: ''
0167751:
    - bResult: 'False'
    - OutDescEst: 'Conn.5 ganci F.S. - L Taglio = 907 - Int.Campata ' 
    - ErrorMessage: ''
0167752:
    - bResult: 'False'
    - OutDescEst: 'Conn.5 ganci F.S. - L Taglio = 907 - Int.Campata ' 
    - ErrorMessage: ''
0168671:
    - bResult: 'False'
    - OutDescEst: 'Conn.5 ganci norm. - L Taglio = 1973 - Int.Campata ' 
    - ErrorMessage: ''
0168672:
    - bResult: 'False'
    - OutDescEst: 'Conn.5 ganci norm. - L Taglio = 1973 - Int.Campata ' 
    - ErrorMessage: ''
0168674:
    - bResult: 'False'
    - OutDescEst: 'Conn.5 ganci norm. - L Taglio = 1973 - Int.Campata ' 
    - ErrorMessage: ''
0168675:
    - bResult: 'False'
    - OutDescEst: 'Conn.5 ganci norm. - L Taglio = 1973 - Int.Campata ' 
    - ErrorMessage: ''
0169044:
    - bResult: 'False'
    - OutDescEst: 'Conn.5 ganci norm. - L Taglio = 3774 - Int.Campata ' 
    - ErrorMessage: ''
0169045:
    - bResult: 'False'
    - OutDescEst: 'Conn.5 ganci norm. - L Taglio = 3774 - Int.Campata ' 
    - ErrorMessage: ''
0169047:
    - bResult: 'False'
    - OutDescEst: 'Conn.5 ganci norm. - L Taglio = 3774 - Int.Campata ' 
    - ErrorMessage: ''
0169048:
    - bResult: 'False'
    - OutDescEst: 'Conn.5 ganci norm. - L Taglio = 3774 - Int.Campata ' 
    - ErrorMessage: ''
0169049:
    - bResult: 'False'
    - OutDescEst: 'Conn.5 ganci norm. - L Taglio = 3774 - Int.Campata ' 
    - ErrorMessage: ''
0169050:
    - bResult: 'False'
    - OutDescEst: 'Conn.5 ganci norm. - L Taglio = 3774 - Int.Campata ' 
    - ErrorMessage: ''
0169052:
    - bResult: 'False'
    - OutDescEst: 'Conn.5 ganci norm. - L Taglio = 3774 - Int.Campata ' 
    - ErrorMessage: ''
0169053:
    - bResult: 'False'
    - OutDescEst: 'Conn.5 ganci norm. - L Taglio = 3774 - Int.Campata ' 
    - ErrorMessage: ''
0169076:
    - bResult: 'False'
    - OutDescEst: 'Conn.5 ganci norm. - L Taglio = 4583 - Int.Campata ' 
    - ErrorMessage: ''
0169077:
    - bResult: 'False'
    - OutDescEst: 'Conn.5 ganci norm. - L Taglio = 4583 - Int.Campata ' 
    - ErrorMessage: ''
0169079:
    - bResult: 'False'
    - OutDescEst: 'Conn.5 ganci norm. - L Taglio = 4583 - Int.Campata ' 
    - ErrorMessage: ''
0169080:
    - bResult: 'False'
    - OutDescEst: 'Conn.5 ganci norm. - L Taglio = 4583 - Int.Campata ' 
    - ErrorMessage: ''
0169081:
    - bResult: 'False'
    - OutDescEst: 'Conn.5 ganci norm. - L Taglio = 4583 - Int.Campata ' 
    - ErrorMessage: ''
0169082:
    - bResult: 'False'
    - OutDescEst: 'Conn.5 ganci norm. - L Taglio = 4583 - Int.Campata ' 
    - ErrorMessage: ''
0169084:
    - bResult: 'False'
    - OutDescEst: 'Conn.5 ganci norm. - L Taglio = 4583 - Int.Campata ' 
    - ErrorMessage: ''
0169085:
    - bResult: 'False'
    - OutDescEst: 'Conn.5 ganci norm. - L Taglio = 4583 - Int.Campata ' 
    - ErrorMessage: ''
0169098:
    - bResult: 'False'
    - OutDescEst: 'Conn.5 ganci norm. - L Taglio = 3783 - Int.Campata ' 
    - ErrorMessage: ''
0169099:
    - bResult: 'False'
    - OutDescEst: 'Conn.5 ganci norm. - L Taglio = 3783 - Int.Campata ' 
    - ErrorMessage: ''
0169101:
    - bResult: 'False'
    - OutDescEst: 'Conn.5 ganci norm. - L Taglio = 3783 - Int.Campata ' 
    - ErrorMessage: ''
0169102:
    - bResult: 'False'
    - OutDescEst: 'Conn.5 ganci norm. - L Taglio = 3783 - Int.Campata ' 
    - ErrorMessage: ''
0169103:
    - bResult: 'False'
    - OutDescEst: 'Conn.5 ganci norm. - L Taglio = 3783 - Int.Campata ' 
    - ErrorMessage: ''
0169104:
    - bResult: 'False'
    - OutDescEst: 'Conn.5 ganci norm. - L Taglio = 3783 - Int.Campata ' 
    - ErrorMessage: ''
0169105:
    - bResult: 'False'
    - OutDescEst: 'Conn.5 ganci norm. - L Taglio = 3783 - Int.Campata ' 
    - ErrorMessage: ''
0169106:
    - bResult: 'False'
    - OutDescEst: 'Conn.5 ganci norm. - L Taglio = 3783 - Int.Campata ' 
    - ErrorMessage: ''
0169107:
    - bResult: 'False'
    - OutDescEst: 'Conn.5 ganci norm. - L Taglio = 3783 - Int.Campata ' 
    - ErrorMessage: ''
0169108:
    - bResult: 'False'
    - OutDescEst: 'Conn.5 ganci norm. - L Taglio = 3783 - Int.Campata ' 
    - ErrorMessage: ''
0169110:
    - bResult: 'False'
    - OutDescEst: 'Conn.5 ganci norm. - L Taglio = 3783 - Int.Campata ' 
    - ErrorMessage: ''
0169111:
    - bResult: 'False'
    - OutDescEst: 'Conn.5 ganci norm. - L Taglio = 3783 - Int.Campata ' 
    - ErrorMessage: ''
0169125:
    - bResult: 'False'
    - OutDescEst: 'Conn.5 ganci norm. - L Taglio = 1874 - Int.Campata ' 
    - ErrorMessage: ''
0169126:
    - bResult: 'False'
    - OutDescEst: 'Conn.5 ganci norm. - L Taglio = 1874 - Int.Campata ' 
    - ErrorMessage: ''
0169128:
    - bResult: 'False'
    - OutDescEst: 'Conn.5 ganci norm. - L Taglio = 1874 - Int.Campata ' 
    - ErrorMessage: ''
0169129:
    - bResult: 'False'
    - OutDescEst: 'Conn.5 ganci norm. - L Taglio = 1874 - Int.Campata ' 
    - ErrorMessage: ''
0169130:
    - bResult: 'False'
    - OutDescEst: 'Conn.5 ganci norm. - L Taglio = 1874 - Int.Campata ' 
    - ErrorMessage: ''
0169131:
    - bResult: 'False'
    - OutDescEst: 'Conn.5 ganci norm. - L Taglio = 1874 - Int.Campata ' 
    - ErrorMessage: ''
0169133:
    - bResult: 'False'
    - OutDescEst: 'Conn.5 ganci norm. - L Taglio = 2774 - Int.Campata ' 
    - ErrorMessage: ''
0169134:
    - bResult: 'False'
    - OutDescEst: 'Conn.5 ganci norm. - L Taglio = 2774 - Int.Campata ' 
    - ErrorMessage: ''
0169136:
    - bResult: 'False'
    - OutDescEst: 'Conn.5 ganci norm. - L Taglio = 2774 - Int.Campata ' 
    - ErrorMessage: ''
0169137:
    - bResult: 'False'
    - OutDescEst: 'Conn.5 ganci norm. - L Taglio = 2774 - Int.Campata ' 
    - ErrorMessage: ''
0169138:
    - bResult: 'False'
    - OutDescEst: 'Conn.5 ganci norm. - L Taglio = 2774 - Int.Campata ' 
    - ErrorMessage: ''
0169139:
    - bResult: 'False'
    - OutDescEst: 'Conn.5 ganci norm. - L Taglio = 2774 - Int.Campata ' 
    - ErrorMessage: ''
0169141:
    - bResult: 'False'
    - OutDescEst: 'Conn.5 ganci norm. - L Taglio = 2774 - Int.Campata ' 
    - ErrorMessage: ''
0169142:
    - bResult: 'False'
    - OutDescEst: 'Conn.5 ganci norm. - L Taglio = 2774 - Int.Campata ' 
    - ErrorMessage: ''
0169780:
    - bResult: 'False'
    - OutDescEst: 'Conn.5 ganci norm. - L Taglio = 2823 - Int.Campata ' 
    - ErrorMessage: ''
0169781:
    - bResult: 'False'
    - OutDescEst: 'Conn.5 ganci norm. - L Taglio = 2823 - Int.Campata ' 
    - ErrorMessage: ''
0175277:
    - bResult: 'False'
    - OutDescEst: 'Conn.5 ganci norm. - L Taglio = 1523 - Int.Campata ' 
    - ErrorMessage: ''
0175278:
    - bResult: 'False'
    - OutDescEst: 'Conn.5 ganci norm. - L Taglio = 1523 - Int.Campata ' 
    - ErrorMessage: ''
0175280:
    - bResult: 'False'
    - OutDescEst: 'Conn.5 ganci norm. - L Taglio = 1523 - Int.Campata ' 
    - ErrorMessage: ''
0175281:
    - bResult: 'False'
    - OutDescEst: 'Conn.5 ganci norm. - L Taglio = 1523 - Int.Campata ' 
    - ErrorMessage: ''
0176429:
    - bResult: 'False'
    - OutDescEst: 'Conn.5 ganci norm. - L Taglio = 2807 - Int.Campata ' 
    - ErrorMessage: ''
0176430:
    - bResult: 'False'
    - OutDescEst: 'Conn.5 ganci norm. - L Taglio = 2807 - Int.Campata ' 
    - ErrorMessage: ''
0176434:
    - bResult: 'False'
    - OutDescEst: 'Conn.5 ganci norm. - L Taglio = 2807 - Int.Campata ' 
    - ErrorMessage: ''
0176435:
    - bResult: 'False'
    - OutDescEst: 'Conn.5 ganci norm. - L Taglio = 2807 - Int.Campata ' 
    - ErrorMessage: ''
0180804:
    - bResult: 'False'
    - OutDescEst: 'Conn.5 ganci norm. - L Taglio = 2807 - Int.Campata ' 
    - ErrorMessage: ''
0180805:
    - bResult: 'False'
    - OutDescEst: 'Conn.5 ganci norm. - L Taglio = 2807 - Int.Campata ' 
    - ErrorMessage: ''
0180807:
    - bResult: 'False'
    - OutDescEst: 'Conn.5 ganci norm. - L Taglio = 2807 - Int.Campata ' 
    - ErrorMessage: ''
0180808:
    - bResult: 'False'
    - OutDescEst: 'Conn.5 ganci norm. - L Taglio = 2807 - Int.Campata ' 
    - ErrorMessage: ''
0183452:
    - bResult: 'False'
    - OutDescEst: 'Conn.5 ganci norm. - L Taglio = 2803 - Int.Campata ' 
    - ErrorMessage: ''
0183453:
    - bResult: 'False'
    - OutDescEst: 'Conn.5 ganci norm. - L Taglio = 2803 - Int.Campata ' 
    - ErrorMessage: ''
0183454:
    - bResult: 'False'
    - OutDescEst: 'Conn.5 ganci norm. - L Taglio = 2803 - Int.Campata ' 
    - ErrorMessage: ''
0183455:
    - bResult: 'False'
    - OutDescEst: 'Conn.5 ganci norm. - L Taglio = 2803 - Int.Campata ' 
    - ErrorMessage: ''
0196034:
    - bResult: 'False'
    - OutDescEst: 'Conn.5 ganci norm. - L Taglio = 2783 - Int.Campata ' 
    - ErrorMessage: ''
0196035:
    - bResult: 'False'
    - OutDescEst: 'Conn.5 ganci norm. - L Taglio = 2783 - Int.Campata ' 
    - ErrorMessage: ''
0196037:
    - bResult: 'False'
    - OutDescEst: 'Conn.5 ganci norm. - L Taglio = 2783 - Int.Campata ' 
    - ErrorMessage: ''
0196038:
    - bResult: 'False'
    - OutDescEst: 'Conn.5 ganci norm. - L Taglio = 2783 - Int.Campata ' 
    - ErrorMessage: ''
0196063:
    - bResult: 'False'
    - OutDescEst: 'Conn.5 ganci norm. - L Taglio = 2823 - Int.Campata ' 
    - ErrorMessage: ''
0196064:
    - bResult: 'False'
    - OutDescEst: 'Conn.5 ganci norm. - L Taglio = 2823 - Int.Campata ' 
    - ErrorMessage: ''
0196071:
    - bResult: 'False'
    - OutDescEst: 'Conn.5 ganci F.S. - L Taglio = 2823 - Int.Campata ' 
    - ErrorMessage: ''
0196072:
    - bResult: 'False'
    - OutDescEst: 'Conn.5 ganci F.S. - L Taglio = 2823 - Int.Campata ' 
    - ErrorMessage: ''
0196073:
    - bResult: 'False'
    - OutDescEst: 'Conn.5 ganci F.S. - L Taglio = 2823 - Int.Campata ' 
    - ErrorMessage: ''
0196074:
    - bResult: 'False'
    - OutDescEst: 'Conn.5 ganci F.S. - L Taglio = 2823 - Int.Campata ' 
    - ErrorMessage: ''
0201569:
    - bResult: 'False'
    - OutDescEst: 'Conn.5 ganci norm. - L Taglio = 2823 - Int.Campata ' 
    - ErrorMessage: ''
0201571:
    - bResult: 'False'
    - OutDescEst: 'Conn.5 ganci norm. - L Taglio = 2823 - Int.Campata ' 
    - ErrorMessage: ''
0205680:
    - bResult: 'False'
    - OutDescEst: 'Conn.5 ganci norm. - L Taglio = 2943 - Int.Campata ' 
    - ErrorMessage: ''
0205681:
    - bResult: 'False'
    - OutDescEst: 'Conn.5 ganci norm. - L Taglio = 2943 - Int.Campata ' 
    - ErrorMessage: ''
0205689:
    - bResult: 'False'
    - OutDescEst: 'Conn.5 ganci norm. - L Taglio = 2943 - Int.Campata ' 
    - ErrorMessage: ''
0205690:
    - bResult: 'False'
    - OutDescEst: 'Conn.5 ganci norm. - L Taglio = 2943 - Int.Campata ' 
    - ErrorMessage: ''
0205694:
    - bResult: 'False'
    - OutDescEst: 'Conn.5 ganci norm. - L Taglio = 2823 - Int.Campata ' 
    - ErrorMessage: ''
0205695:
    - bResult: 'False'
    - OutDescEst: 'Conn.5 ganci norm. - L Taglio = 2823 - Int.Campata ' 
    - ErrorMessage: ''
0205697:
    - bResult: 'False'
    - OutDescEst: 'Conn.5 ganci norm. - L Taglio = 2823 - Int.Campata ' 
    - ErrorMessage: ''
0205698:
    - bResult: 'False'
    - OutDescEst: 'Conn.5 ganci norm. - L Taglio = 2823 - Int.Campata ' 
    - ErrorMessage: ''
0205889:
    - bResult: 'False'
    - OutDescEst: 'Conn.5 ganci norm. - L Taglio = 1943 - Int.Campata ' 
    - ErrorMessage: ''
0205890:
    - bResult: 'False'
    - OutDescEst: 'Conn.5 ganci norm. - L Taglio = 1943 - Int.Campata ' 
    - ErrorMessage: ''
0205891:
    - bResult: 'False'
    - OutDescEst: 'Conn.5 ganci norm. - L Taglio = 1943 - Int.Campata ' 
    - ErrorMessage: ''
0205892:
    - bResult: 'False'
    - OutDescEst: 'Conn.5 ganci norm. - L Taglio = 1943 - Int.Campata ' 
    - ErrorMessage: ''
0207311:
    - bResult: 'False'
    - OutDescEst: 'Conn.5 ganci norm. - L Taglio = 2823 - Int.Campata ' 
    - ErrorMessage: ''
0207313:
    - bResult: 'False'
    - OutDescEst: 'Conn.5 ganci norm. - L Taglio = 2823 - Int.Campata ' 
    - ErrorMessage: ''
0208222:
    - bResult: 'False'
    - OutDescEst: 'Conn.5 ganci norm. - L Taglio = 2824 - Int.Campata ' 
    - ErrorMessage: ''
0208223:
    - bResult: 'False'
    - OutDescEst: 'Conn.5 ganci norm. - L Taglio = 2824 - Int.Campata ' 
    - ErrorMessage: ''
0208224:
    - bResult: 'False'
    - OutDescEst: 'Conn.5 ganci norm. - L Taglio = 2824 - Int.Campata ' 
    - ErrorMessage: ''
0208225:
    - bResult: 'False'
    - OutDescEst: 'Conn.5 ganci norm. - L Taglio = 2824 - Int.Campata ' 
    - ErrorMessage: ''
0208328:
    - bResult: 'False'
    - OutDescEst: 'Conn.5 ganci norm. - L Taglio = 2834 - Int.Campata ' 
    - ErrorMessage: ''
0208329:
    - bResult: 'False'
    - OutDescEst: 'Conn.5 ganci norm. - L Taglio = 2834 - Int.Campata ' 
    - ErrorMessage: ''
0208330:
    - bResult: 'False'
    - OutDescEst: 'Conn.5 ganci norm. - L Taglio = 2834 - Int.Campata ' 
    - ErrorMessage: ''
0208331:
    - bResult: 'False'
    - OutDescEst: 'Conn.5 ganci norm. - L Taglio = 2834 - Int.Campata ' 
    - ErrorMessage: ''
0211895:
    - bResult: 'False'
    - OutDescEst: 'Conn.5 ganci norm. - L Taglio = 2374 - Int.Campata ' 
    - ErrorMessage: ''
0211896:
    - bResult: 'False'
    - OutDescEst: 'Conn.5 ganci norm. - L Taglio = 2374 - Int.Campata ' 
    - ErrorMessage: ''
0211897:
    - bResult: 'False'
    - OutDescEst: 'Conn.5 ganci norm. - L Taglio = 2374 - Int.Campata ' 
    - ErrorMessage: ''
0211898:
    - bResult: 'False'
    - OutDescEst: 'Conn.5 ganci norm. - L Taglio = 2374 - Int.Campata ' 
    - ErrorMessage: ''
0211899:
    - bResult: 'False'
    - OutDescEst: 'Conn.5 ganci norm. - L Taglio = 2374 - Int.Campata ' 
    - ErrorMessage: ''
0211900:
    - bResult: 'False'
    - OutDescEst: 'Conn.5 ganci norm. - L Taglio = 2374 - Int.Campata ' 
    - ErrorMessage: ''
0211901:
    - bResult: 'False'
    - OutDescEst: 'Conn.5 ganci norm. - L Taglio = 2374 - Int.Campata ' 
    - ErrorMessage: ''
0211902:
    - bResult: 'False'
    - OutDescEst: 'Conn.5 ganci norm. - L Taglio = 2374 - Int.Campata ' 
    - ErrorMessage: ''
0211903:
    - bResult: 'False'
    - OutDescEst: 'Conn.5 ganci norm. - L Taglio = 3374 - Int.Campata ' 
    - ErrorMessage: ''
0211904:
    - bResult: 'False'
    - OutDescEst: 'Conn.5 ganci norm. - L Taglio = 3374 - Int.Campata ' 
    - ErrorMessage: ''
0211905:
    - bResult: 'False'
    - OutDescEst: 'Conn.5 ganci norm. - L Taglio = 3374 - Int.Campata ' 
    - ErrorMessage: ''
0211906:
    - bResult: 'False'
    - OutDescEst: 'Conn.5 ganci norm. - L Taglio = 3374 - Int.Campata ' 
    - ErrorMessage: ''
0211925:
    - bResult: 'False'
    - OutDescEst: 'Conn.5 ganci norm. - L Taglio = 2374 - Int.Campata ' 
    - ErrorMessage: ''
0211926:
    - bResult: 'False'
    - OutDescEst: 'Conn.5 ganci norm. - L Taglio = 2374 - Int.Campata ' 
    - ErrorMessage: ''
0215932:
    - bResult: 'False'
    - OutDescEst: 'Conn.5 ganci norm. - L Taglio = 2903 - Int.Campata ' 
    - ErrorMessage: ''
0215933:
    - bResult: 'False'
    - OutDescEst: 'Conn.5 ganci norm. - L Taglio = 2903 - Int.Campata ' 
    - ErrorMessage: ''
0215934:
    - bResult: 'False'
    - OutDescEst: 'Conn.5 ganci norm. - L Taglio = 2903 - Int.Campata ' 
    - ErrorMessage: ''
0215935:
    - bResult: 'False'
    - OutDescEst: 'Conn.5 ganci norm. - L Taglio = 2903 - Int.Campata ' 
    - ErrorMessage: ''
0215998:
    - bResult: 'False'
    - OutDescEst: 'Conn.5 ganci norm. - L Taglio = 2803 - Int.Campata ' 
    - ErrorMessage: ''
0215999:
    - bResult: 'False'
    - OutDescEst: 'Conn.5 ganci norm. - L Taglio = 2803 - Int.Campata ' 
    - ErrorMessage: ''
0216000:
    - bResult: 'False'
    - OutDescEst: 'Conn.5 ganci norm. - L Taglio = 2803 - Int.Campata ' 
    - ErrorMessage: ''
0216001:
    - bResult: 'False'
    - OutDescEst: 'Conn.5 ganci norm. - L Taglio = 2803 - Int.Campata ' 
    - ErrorMessage: ''
0218928:
    - bResult: 'False'
    - OutDescEst: 'Conn.5 ganci norm. - L Taglio = 2803 - Int.Campata ' 
    - ErrorMessage: ''
0218929:
    - bResult: 'False'
    - OutDescEst: 'Conn.5 ganci norm. - L Taglio = 2803 - Int.Campata ' 
    - ErrorMessage: ''
0218930:
    - bResult: 'False'
    - OutDescEst: 'Conn.5 ganci norm. - L Taglio = 2803 - Int.Campata ' 
    - ErrorMessage: ''
0218931:
    - bResult: 'False'
    - OutDescEst: 'Conn.5 ganci norm. - L Taglio = 2803 - Int.Campata ' 
    - ErrorMessage: ''
0221867:
    - bResult: 'False'
    - OutDescEst: 'Conn.5 ganci norm. - L Taglio = 2823 - Int.Campata ' 
    - ErrorMessage: ''
0221868:
    - bResult: 'False'
    - OutDescEst: 'Conn.5 ganci norm. - L Taglio = 2823 - Int.Campata ' 
    - ErrorMessage: ''
0221869:
    - bResult: 'False'
    - OutDescEst: 'Conn.5 ganci norm. - L Taglio = 2823 - Int.Campata ' 
    - ErrorMessage: ''
0221870:
    - bResult: 'False'
    - OutDescEst: 'Conn.5 ganci norm. - L Taglio = 2823 - Int.Campata ' 
    - ErrorMessage: ''
0222232:
    - bResult: 'False'
    - OutDescEst: 'Conn.5 ganci norm. - L Taglio = 1903 - Int.Campata ' 
    - ErrorMessage: ''
0222233:
    - bResult: 'False'
    - OutDescEst: 'Conn.5 ganci norm. - L Taglio = 1903 - Int.Campata ' 
    - ErrorMessage: ''
0222234:
    - bResult: 'False'
    - OutDescEst: 'Conn.5 ganci norm. - L Taglio = 1903 - Int.Campata ' 
    - ErrorMessage: ''
0222235:
    - bResult: 'False'
    - OutDescEst: 'Conn.5 ganci norm. - L Taglio = 1903 - Int.Campata ' 
    - ErrorMessage: ''
0228099:
    - bResult: 'False'
    - OutDescEst: 'Conn.5 ganci norm. - L Taglio = 1883 - Int.Campata ' 
    - ErrorMessage: ''
0228100:
    - bResult: 'False'
    - OutDescEst: 'Conn.5 ganci norm. - L Taglio = 1883 - Int.Campata ' 
    - ErrorMessage: ''
0228101:
    - bResult: 'False'
    - OutDescEst: 'Conn.5 ganci norm. - L Taglio = 1883 - Int.Campata ' 
    - ErrorMessage: ''
0228102:
    - bResult: 'False'
    - OutDescEst: 'Conn.5 ganci norm. - L Taglio = 1883 - Int.Campata ' 
    - ErrorMessage: ''
0229252:
    - bResult: 'False'
    - OutDescEst: 'Conn.5 ganci norm. - L Taglio = 2774 - Int.Campata ' 
    - ErrorMessage: ''
0229253:
    - bResult: 'False'
    - OutDescEst: 'Conn.5 ganci norm. - L Taglio = 2774 - Int.Campata ' 
    - ErrorMessage: ''
0229254:
    - bResult: 'False'
    - OutDescEst: 'Conn.5 ganci norm. - L Taglio = 2774 - Int.Campata ' 
    - ErrorMessage: ''
0229255:
    - bResult: 'False'
    - OutDescEst: 'Conn.5 ganci norm. - L Taglio = 2774 - Int.Campata ' 
    - ErrorMessage: ''
0232146:
    - bResult: 'False'
    - OutDescEst: 'Conn.5 ganci norm. - L Taglio = 2897 - Int.Campata ' 
    - ErrorMessage: ''
0232147:
    - bResult: 'False'
    - OutDescEst: 'Conn.5 ganci norm. - L Taglio = 2897 - Int.Campata ' 
    - ErrorMessage: ''
0232148:
    - bResult: 'False'
    - OutDescEst: 'Conn.5 ganci norm. - L Taglio = 2897 - Int.Campata ' 
    - ErrorMessage: ''
0232149:
    - bResult: 'False'
    - OutDescEst: 'Conn.5 ganci norm. - L Taglio = 2897 - Int.Campata ' 
    - ErrorMessage: ''
0232232:
    - bResult: 'False'
    - OutDescEst: 'Conn.5 ganci norm. - L Taglio = 3703 - Int.Campata ' 
    - ErrorMessage: ''
0232233:
    - bResult: 'False'
    - OutDescEst: 'Conn.5 ganci norm. - L Taglio = 3703 - Int.Campata ' 
    - ErrorMessage: ''
0232234:
    - bResult: 'False'
    - OutDescEst: 'Conn.5 ganci norm. - L Taglio = 3703 - Int.Campata ' 
    - ErrorMessage: ''
0232235:
    - bResult: 'False'
    - OutDescEst: 'Conn.5 ganci norm. - L Taglio = 3703 - Int.Campata ' 
    - ErrorMessage: ''
0232270:
    - bResult: 'False'
    - OutDescEst: 'Conn.5 ganci norm. - L Taglio = 1897 - Int.Campata ' 
    - ErrorMessage: ''
0232271:
    - bResult: 'False'
    - OutDescEst: 'Conn.5 ganci norm. - L Taglio = 1897 - Int.Campata ' 
    - ErrorMessage: ''
0232272:
    - bResult: 'False'
    - OutDescEst: 'Conn.5 ganci norm. - L Taglio = 1897 - Int.Campata ' 
    - ErrorMessage: ''
0232273:
    - bResult: 'False'
    - OutDescEst: 'Conn.5 ganci norm. - L Taglio = 1897 - Int.Campata ' 
    - ErrorMessage: ''
0232943:
    - bResult: 'False'
    - OutDescEst: 'Conn.5 ganci norm. - L Taglio = 2803 - Int.Campata ' 
    - ErrorMessage: ''
0232944:
    - bResult: 'False'
    - OutDescEst: 'Conn.5 ganci norm. - L Taglio = 2803 - Int.Campata ' 
    - ErrorMessage: ''
0232945:
    - bResult: 'False'
    - OutDescEst: 'Conn.5 ganci norm. - L Taglio = 2803 - Int.Campata ' 
    - ErrorMessage: ''
0232946:
    - bResult: 'False'
    - OutDescEst: 'Conn.5 ganci norm. - L Taglio = 2803 - Int.Campata ' 
    - ErrorMessage: ''
0232947:
    - bResult: 'False'
    - OutDescEst: 'Conn.5 ganci norm. - L Taglio = 2803 - Int.Campata ' 
    - ErrorMessage: ''
0232948:
    - bResult: 'False'
    - OutDescEst: 'Conn.5 ganci norm. - L Taglio = 2803 - Int.Campata ' 
    - ErrorMessage: ''
0232949:
    - bResult: 'False'
    - OutDescEst: 'Conn.5 ganci norm. - L Taglio = 2803 - Int.Campata ' 
    - ErrorMessage: ''
0232950:
    - bResult: 'False'
    - OutDescEst: 'Conn.5 ganci norm. - L Taglio = 2803 - Int.Campata ' 
    - ErrorMessage: ''
0233020:
    - bResult: 'False'
    - OutDescEst: 'Conn.5 ganci norm. - L Taglio = 2803 - Int.Campata ' 
    - ErrorMessage: ''
0233021:
    - bResult: 'False'
    - OutDescEst: 'Conn.5 ganci norm. - L Taglio = 2803 - Int.Campata ' 
    - ErrorMessage: ''
0233022:
    - bResult: 'False'
    - OutDescEst: 'Conn.5 ganci norm. - L Taglio = 2803 - Int.Campata ' 
    - ErrorMessage: ''
0233023:
    - bResult: 'False'
    - OutDescEst: 'Conn.5 ganci norm. - L Taglio = 2803 - Int.Campata ' 
    - ErrorMessage: ''
0235147:
    - bResult: 'False'
    - OutDescEst: 'Conn.5 ganci norm. - L Taglio = 3723 - Int.Campata ' 
    - ErrorMessage: ''
0235148:
    - bResult: 'False'
    - OutDescEst: 'Conn.5 ganci norm. - L Taglio = 3723 - Int.Campata ' 
    - ErrorMessage: ''
0235149:
    - bResult: 'False'
    - OutDescEst: 'Conn.5 ganci norm. - L Taglio = 3723 - Int.Campata ' 
    - ErrorMessage: ''
0235150:
    - bResult: 'False'
    - OutDescEst: 'Conn.5 ganci norm. - L Taglio = 3723 - Int.Campata ' 
    - ErrorMessage: ''
0236865:
    - bResult: 'False'
    - OutDescEst: 'Conn.5 ganci F.S. - L Taglio = 2823 - Int.Campata ' 
    - ErrorMessage: ''
0236866:
    - bResult: 'False'
    - OutDescEst: 'Conn.5 ganci F.S. - L Taglio = 2823 - Int.Campata ' 
    - ErrorMessage: ''
0236867:
    - bResult: 'False'
    - OutDescEst: 'Conn.5 ganci F.S. - L Taglio = 2823 - Int.Campata ' 
    - ErrorMessage: ''
0236868:
    - bResult: 'False'
    - OutDescEst: 'Conn.5 ganci F.S. - L Taglio = 2823 - Int.Campata ' 
    - ErrorMessage: ''
0236869:
    - bResult: 'False'
    - OutDescEst: 'Conn.5 ganci norm. - L Taglio = 2823 - Int.Campata ' 
    - ErrorMessage: ''
0236870:
    - bResult: 'False'
    - OutDescEst: 'Conn.5 ganci norm. - L Taglio = 2823 - Int.Campata ' 
    - ErrorMessage: ''
0237111:
    - bResult: 'False'
    - OutDescEst: 'Conn.5 ganci norm. - L Taglio = 2297 - Int.Campata ' 
    - ErrorMessage: ''
0237112:
    - bResult: 'False'
    - OutDescEst: 'Conn.5 ganci norm. - L Taglio = 2297 - Int.Campata ' 
    - ErrorMessage: ''
0237113:
    - bResult: 'False'
    - OutDescEst: 'Conn.5 ganci norm. - L Taglio = 2297 - Int.Campata ' 
    - ErrorMessage: ''
0237114:
    - bResult: 'False'
    - OutDescEst: 'Conn.5 ganci norm. - L Taglio = 2297 - Int.Campata ' 
    - ErrorMessage: ''
0241533:
    - bResult: 'False'
    - OutDescEst: 'Conn.5 ganci norm. - L Taglio = 2183 - Int.Campata ' 
    - ErrorMessage: ''
0241534:
    - bResult: 'False'
    - OutDescEst: 'Conn.5 ganci norm. - L Taglio = 2183 - Int.Campata ' 
    - ErrorMessage: ''
0241535:
    - bResult: 'False'
    - OutDescEst: 'Conn.5 ganci norm. - L Taglio = 3083 - Int.Campata ' 
    - ErrorMessage: ''
0241536:
    - bResult: 'False'
    - OutDescEst: 'Conn.5 ganci norm. - L Taglio = 3083 - Int.Campata ' 
    - ErrorMessage: ''
0241537:
    - bResult: 'False'
    - OutDescEst: 'Conn.5 ganci norm. - L Taglio = 2183 - Int.Campata ' 
    - ErrorMessage: ''
0241538:
    - bResult: 'False'
    - OutDescEst: 'Conn.5 ganci norm. - L Taglio = 2183 - Int.Campata ' 
    - ErrorMessage: ''
0241539:
    - bResult: 'False'
    - OutDescEst: 'Conn.5 ganci norm. - L Taglio = 3083 - Int.Campata ' 
    - ErrorMessage: ''
0241540:
    - bResult: 'False'
    - OutDescEst: 'Conn.5 ganci norm. - L Taglio = 3083 - Int.Campata ' 
    - ErrorMessage: ''
0241541:
    - bResult: 'False'
    - OutDescEst: 'Conn.5 ganci norm. - L Taglio = 4053 - Int.Campata ' 
    - ErrorMessage: ''
0241542:
    - bResult: 'False'
    - OutDescEst: 'Conn.5 ganci norm. - L Taglio = 4053 - Int.Campata ' 
    - ErrorMessage: ''
0241543:
    - bResult: 'False'
    - OutDescEst: 'Conn.5 ganci norm. - L Taglio = 4053 - Int.Campata ' 
    - ErrorMessage: ''
0241544:
    - bResult: 'False'
    - OutDescEst: 'Conn.5 ganci norm. - L Taglio = 4053 - Int.Campata ' 
    - ErrorMessage: ''
0243052:
    - bResult: 'False'
    - OutDescEst: 'Conn.5 ganci norm. - L Taglio = 3748 - Int.Campata ' 
    - ErrorMessage: ''
0243053:
    - bResult: 'False'
    - OutDescEst: 'Conn.5 ganci norm. - L Taglio = 3748 - Int.Campata ' 
    - ErrorMessage: ''
0243054:
    - bResult: 'False'
    - OutDescEst: 'Conn.5 ganci norm. - L Taglio = 3748 - Int.Campata ' 
    - ErrorMessage: ''
0243055:
    - bResult: 'False'
    - OutDescEst: 'Conn.5 ganci norm. - L Taglio = 3748 - Int.Campata ' 
    - ErrorMessage: ''
0243093:
    - bResult: 'False'
    - OutDescEst: 'Conn.5 ganci norm. - L Taglio = 3674 - Int.Campata ' 
    - ErrorMessage: ''
0243094:
    - bResult: 'False'
    - OutDescEst: 'Conn.5 ganci norm. - L Taglio = 3674 - Int.Campata ' 
    - ErrorMessage: ''
0243095:
    - bResult: 'False'
    - OutDescEst: 'Conn.5 ganci norm. - L Taglio = 3674 - Int.Campata ' 
    - ErrorMessage: ''
0243096:
    - bResult: 'False'
    - OutDescEst: 'Conn.5 ganci norm. - L Taglio = 3674 - Int.Campata ' 
    - ErrorMessage: ''
0255594:
    - bResult: 'False'
    - OutDescEst: 'Conn.5 ganci norm. - L Taglio = 2303 - Int.Campata ' 
    - ErrorMessage: ''
0255595:
    - bResult: 'False'
    - OutDescEst: 'Conn.5 ganci norm. - L Taglio = 2303 - Int.Campata ' 
    - ErrorMessage: ''
0255596:
    - bResult: 'False'
    - OutDescEst: 'Conn.5 ganci norm. - L Taglio = 2303 - Int.Campata ' 
    - ErrorMessage: ''
0255597:
    - bResult: 'False'
    - OutDescEst: 'Conn.5 ganci norm. - L Taglio = 2303 - Int.Campata ' 
    - ErrorMessage: ''
0256133:
    - bResult: 'False'
    - OutDescEst: 'Conn.5 ganci norm. - L Taglio = 1883 - Int.Campata ' 
    - ErrorMessage: ''
0256134:
    - bResult: 'False'
    - OutDescEst: 'Conn.5 ganci norm. - L Taglio = 1883 - Int.Campata ' 
    - ErrorMessage: ''
0256135:
    - bResult: 'False'
    - OutDescEst: 'Conn.5 ganci norm. - L Taglio = 1883 - Int.Campata ' 
    - ErrorMessage: ''
0256136:
    - bResult: 'False'
    - OutDescEst: 'Conn.5 ganci norm. - L Taglio = 1883 - Int.Campata ' 
    - ErrorMessage: ''
0258811:
    - bResult: 'False'
    - OutDescEst: 'Conn.5 ganci norm. - L Taglio = 2903 - Int.Campata ' 
    - ErrorMessage: ''
0258812:
    - bResult: 'False'
    - OutDescEst: 'Conn.5 ganci norm. - L Taglio = 2903 - Int.Campata ' 
    - ErrorMessage: ''
0258813:
    - bResult: 'False'
    - OutDescEst: 'Conn.5 ganci norm. - L Taglio = 2903 - Int.Campata ' 
    - ErrorMessage: ''
0258814:
    - bResult: 'False'
    - OutDescEst: 'Conn.5 ganci norm. - L Taglio = 2903 - Int.Campata ' 
    - ErrorMessage: ''
0258815:
    - bResult: 'False'
    - OutDescEst: 'Conn.5 ganci norm. - L Taglio = 2923 - Int.Campata ' 
    - ErrorMessage: ''
0258816:
    - bResult: 'False'
    - OutDescEst: 'Conn.5 ganci norm. - L Taglio = 2923 - Int.Campata ' 
    - ErrorMessage: ''
0258817:
    - bResult: 'False'
    - OutDescEst: 'Conn.5 ganci norm. - L Taglio = 2923 - Int.Campata ' 
    - ErrorMessage: ''
0258818:
    - bResult: 'False'
    - OutDescEst: 'Conn.5 ganci norm. - L Taglio = 2923 - Int.Campata ' 
    - ErrorMessage: ''
0259341:
    - bResult: 'False'
    - OutDescEst: 'Conn.5 ganci norm. - L Taglio = 3403 - Int.Campata ' 
    - ErrorMessage: ''
0259342:
    - bResult: 'False'
    - OutDescEst: 'Conn.5 ganci norm. - L Taglio = 3403 - Int.Campata ' 
    - ErrorMessage: ''
0259343:
    - bResult: 'False'
    - OutDescEst: 'Conn.5 ganci norm. - L Taglio = 3403 - Int.Campata ' 
    - ErrorMessage: ''
0259344:
    - bResult: 'False'
    - OutDescEst: 'Conn.5 ganci norm. - L Taglio = 3403 - Int.Campata ' 
    - ErrorMessage: ''
0265439:
    - bResult: 'False'
    - OutDescEst: 'Conn.5 ganci norm. - L Taglio = 3723 - Int.Campata ' 
    - ErrorMessage: ''
0265440:
    - bResult: 'False'
    - OutDescEst: 'Conn.5 ganci norm. - L Taglio = 3723 - Int.Campata ' 
    - ErrorMessage: ''
1000648:
    - bResult: 'True'
    - OutDescEst: 'Conn.5 ganci norm. - L Taglio = 3723 - Int.Campata ' 
    - ErrorMessage: 'No properties for this Code: 1000648 []'
1000649:
    - bResult: 'True'
    - OutDescEst: 'Conn.5 ganci norm. - L Taglio = 3723 - Int.Campata ' 
    - ErrorMessage: 'No properties for this Code: 1000649 []'
1000651:
    - bResult: 'True'
    - OutDescEst: 'Conn.5 ganci norm. - L Taglio = 3723 - Int.Campata ' 
    - ErrorMessage: 'No properties for this Code: 1000651 []'
1000652:
    - bResult: 'True'
    - OutDescEst: 'Conn.5 ganci norm. - L Taglio = 3723 - Int.Campata ' 
    - ErrorMessage: 'No properties for this Code: 1000652 []'
1026887:
    - bResult: 'False'
    - OutDescEst: 'Conn.5 ganci norm. - L Taglio = 3723 - Int.Campata ' 
    - ErrorMessage: ''
1026889:
    - bResult: 'False'
    - OutDescEst: 'Conn.5 ganci norm. - L Taglio = 3723 - Int.Campata ' 
    - ErrorMessage: ''
