0080574:
    - bResult: 'False'
    - OutDescEst: ' (L tot 4306 + 12) ' 
    - ErrorMessage: ''
0080575:
    - bResult: 'False'
    - OutDescEst: ' (L tot 4306 + 12) ' 
    - ErrorMessage: ''
0080576:
    - bResult: 'False'
    - OutDescEst: ' (L tot 3306 + 12) ' 
    - ErrorMessage: ''
0080577:
    - bResult: 'False'
    - OutDescEst: ' (L tot 3306 + 12) ' 
    - ErrorMessage: ''
0080578:
    - bResult: 'False'
    - OutDescEst: ' (L tot 2806 + 12) ' 
    - ErrorMessage: ''
0080579:
    - bResult: 'False'
    - OutDescEst: ' (L tot 2806 + 12) ' 
    - ErrorMessage: ''
0080580:
    - bResult: 'False'
    - OutDescEst: ' (L tot 1826 + 12) ' 
    - ErrorMessage: ''
0080581:
    - bResult: 'False'
    - OutDescEst: ' (L tot 1826 + 12) ' 
    - ErrorMessage: ''
0080582:
    - bResult: 'False'
    - OutDescEst: ' (L tot 2306 + 12) ' 
    - ErrorMessage: ''
0080583:
    - bResult: 'False'
    - OutDescEst: ' (L tot 2306 + 12) ' 
    - ErrorMessage: ''
0080584:
    - bResult: 'False'
    - OutDescEst: ' (L tot 2806 + 12) ' 
    - ErrorMessage: ''
0080585:
    - bResult: 'False'
    - OutDescEst: ' (L tot 2806 + 12) ' 
    - ErrorMessage: ''
0080590:
    - bResult: 'False'
    - OutDescEst: ' (L tot 3306 + 12) ' 
    - ErrorMessage: ''
0080591:
    - bResult: 'False'
    - OutDescEst: ' (L tot 3306 + 12) ' 
    - ErrorMessage: ''
0080592:
    - bResult: 'False'
    - OutDescEst: ' (L tot 4306 + 12) ' 
    - ErrorMessage: ''
0080593:
    - bResult: 'False'
    - OutDescEst: ' (L tot 4306 + 12) ' 
    - ErrorMessage: ''
0080594:
    - bResult: 'False'
    - OutDescEst: ' (L tot 1826 + 12) ' 
    - ErrorMessage: ''
0080595:
    - bResult: 'False'
    - OutDescEst: ' (L tot 1826 + 12) ' 
    - ErrorMessage: ''
0080596:
    - bResult: 'False'
    - OutDescEst: ' (L tot 2306 + 12) ' 
    - ErrorMessage: ''
0080597:
    - bResult: 'False'
    - OutDescEst: ' (L tot 2306 + 12) ' 
    - ErrorMessage: ''
0080598:
    - bResult: 'False'
    - OutDescEst: ' (L tot 0 + 0) ' 
    - ErrorMessage: ''
0080599:
    - bResult: 'False'
    - OutDescEst: ' (L tot 0 + 0) ' 
    - ErrorMessage: ''
0082411:
    - bResult: 'False'
    - OutDescEst: ' (L tot 0 + 0) ' 
    - ErrorMessage: ''
0082412:
    - bResult: 'False'
    - OutDescEst: ' (L tot 0 + 0) ' 
    - ErrorMessage: ''
0085805:
    - bResult: 'False'
    - OutDescEst: ' (L tot 3500 + 12) ' 
    - ErrorMessage: ''
0085806:
    - bResult: 'False'
    - OutDescEst: ' (L tot 3500 + 12) ' 
    - ErrorMessage: ''
0086624:
    - bResult: 'False'
    - OutDescEst: ' (L tot 3500 + 12) ' 
    - ErrorMessage: ''
0086634:
    - bResult: 'False'
    - OutDescEst: ' (L tot 2800 + 12) ' 
    - ErrorMessage: ''
0086635:
    - bResult: 'False'
    - OutDescEst: ' (L tot 2800 + 12) ' 
    - ErrorMessage: ''
0089252:
    - bResult: 'False'
    - OutDescEst: ' (L tot 0 + 0) ' 
    - ErrorMessage: ''
0089253:
    - bResult: 'False'
    - OutDescEst: ' (L tot 0 + 0) ' 
    - ErrorMessage: ''
0095359:
    - bResult: 'False'
    - OutDescEst: ' (L tot 1461 + 14) ' 
    - ErrorMessage: ''
0095360:
    - bResult: 'False'
    - OutDescEst: ' (L tot 1461 + 14) ' 
    - ErrorMessage: ''
0097168:
    - bResult: 'False'
    - OutDescEst: ' (L tot 2700 + 14) ' 
    - ErrorMessage: ''
0097169:
    - bResult: 'False'
    - OutDescEst: ' (L tot 2700 + 14) ' 
    - ErrorMessage: ''
0097403:
    - bResult: 'False'
    - OutDescEst: ' (L tot 0 + 0)  - 3 piastre interne x CVO' 
    - ErrorMessage: ''
0097404:
    - bResult: 'False'
    - OutDescEst: ' (L tot 0 + 0)  - 3 piastre interne x CVO' 
    - ErrorMessage: ''
0099048:
    - bResult: 'False'
    - OutDescEst: ' (L tot 2700 + 12)  - 3 piastre interne x CVO' 
    - ErrorMessage: ''
0099049:
    - bResult: 'False'
    - OutDescEst: ' (L tot 2700 + 12)  - 3 piastre interne x CVO' 
    - ErrorMessage: ''
0099050:
    - bResult: 'False'
    - OutDescEst: ' (L tot 3500 + 14)  - 3 piastre interne x CVO' 
    - ErrorMessage: ''
0099051:
    - bResult: 'False'
    - OutDescEst: ' (L tot 3500 + 14)  - 3 piastre interne x CVO' 
    - ErrorMessage: ''
0099509:
    - bResult: 'False'
    - OutDescEst: ' (L tot 3000 + 14)  - 3 piastre interne x CVO' 
    - ErrorMessage: ''
0099510:
    - bResult: 'False'
    - OutDescEst: ' (L tot 3000 + 14)  - 3 forcelle interne x CVO' 
    - ErrorMessage: ''
0099511:
    - bResult: 'False'
    - OutDescEst: ' (L tot 3500 + 14)  - 3 forcelle interne x CVO' 
    - ErrorMessage: ''
0099512:
    - bResult: 'False'
    - OutDescEst: ' (L tot 3500 + 14)  - 3 forcelle interne x CVO' 
    - ErrorMessage: ''
0099528:
    - bResult: 'False'
    - OutDescEst: ' (L tot 3500 + 14)  - 3 forcelle interne x CVO' 
    - ErrorMessage: ''
0099529:
    - bResult: 'False'
    - OutDescEst: ' (L tot 3500 + 14)  - 3 forcelle interne x CVO' 
    - ErrorMessage: ''
0101732:
    - bResult: 'False'
    - OutDescEst: ' (L tot 3000 + 14)  - 3 piastre interne x CVO' 
    - ErrorMessage: ''
0101733:
    - bResult: 'False'
    - OutDescEst: ' (L tot 3000 + 14)  - 3 piastre interne x CVO' 
    - ErrorMessage: ''
0101734:
    - bResult: 'False'
    - OutDescEst: ' (L tot 3600 + 14)  - 4 piastre interne x CVO' 
    - ErrorMessage: ''
0101735:
    - bResult: 'False'
    - OutDescEst: ' (L tot 3600 + 14)  - 4 piastre interne x CVO' 
    - ErrorMessage: ''
0104863:
    - bResult: 'False'
    - OutDescEst: ' (L tot 886 + 14) ' 
    - ErrorMessage: ''
0104864:
    - bResult: 'False'
    - OutDescEst: ' (L tot 886 + 14) ' 
    - ErrorMessage: ''
0104865:
    - bResult: 'False'
    - OutDescEst: ' (L tot 836 + 14) ' 
    - ErrorMessage: ''
0104866:
    - bResult: 'False'
    - OutDescEst: ' (L tot 836 + 14) ' 
    - ErrorMessage: ''
0104867:
    - bResult: 'False'
    - OutDescEst: ' (L tot 786 + 14) ' 
    - ErrorMessage: ''
0104868:
    - bResult: 'False'
    - OutDescEst: ' (L tot 786 + 14) ' 
    - ErrorMessage: ''
0105462:
    - bResult: 'False'
    - OutDescEst: ' (L tot 4820 + 14)  - 4 piastre interne x CVO' 
    - ErrorMessage: ''
0105463:
    - bResult: 'False'
    - OutDescEst: ' (L tot 4820 + 14)  - 4 piastre interne x CVO' 
    - ErrorMessage: ''
0106486:
    - bResult: 'False'
    - OutDescEst: ' (L tot 0 + 0)  - 3 forcelle interne x CVO' 
    - ErrorMessage: ''
0106487:
    - bResult: 'False'
    - OutDescEst: ' (L tot 0 + 0)  - 3 forcelle interne x CVO' 
    - ErrorMessage: ''
0106491:
    - bResult: 'False'
    - OutDescEst: ' (L tot 0 + 0)  - 3 forcelle interne x CVO' 
    - ErrorMessage: ''
0106493:
    - bResult: 'False'
    - OutDescEst: ' (L tot 0 + 0)  - 3 forcelle interne x CVO' 
    - ErrorMessage: ''
0106523:
    - bResult: 'False'
    - OutDescEst: ' (L tot 0 + 0)  - 3 forcelle interne x CVO' 
    - ErrorMessage: ''
0106524:
    - bResult: 'False'
    - OutDescEst: ' (L tot 0 + 0)  - 3 forcelle interne x CVO' 
    - ErrorMessage: ''
0106619:
    - bResult: 'False'
    - OutDescEst: ' (L tot 1950 + 12)  - 3 forcelle interne x CVO' 
    - ErrorMessage: ''
0106620:
    - bResult: 'False'
    - OutDescEst: ' (L tot 1950 + 12)  - 3 forcelle interne x CVO' 
    - ErrorMessage: ''
0107131:
    - bResult: 'False'
    - OutDescEst: ' (L tot 0 + 0)  - 3 piastre interne x CVO' 
    - ErrorMessage: ''
0107133:
    - bResult: 'False'
    - OutDescEst: ' (L tot 0 + 0)  - 3 piastre interne x CVO' 
    - ErrorMessage: ''
0108206:
    - bResult: 'False'
    - OutDescEst: ' (L tot 4550 + 14)  - 4 piastre interne x CVO' 
    - ErrorMessage: ''
0108207:
    - bResult: 'False'
    - OutDescEst: ' (L tot 4550 + 14)  - 4 piastre interne x CVO' 
    - ErrorMessage: ''
0108208:
    - bResult: 'False'
    - OutDescEst: ' (L tot 6000 + 14)  - 4 piastre interne x CVO' 
    - ErrorMessage: ''
0108210:
    - bResult: 'False'
    - OutDescEst: ' (L tot 6000 + 14)  - 4 piastre interne x CVO' 
    - ErrorMessage: ''
0110133:
    - bResult: 'False'
    - OutDescEst: ' (L tot 3000 + 14) ' 
    - ErrorMessage: ''
0110134:
    - bResult: 'False'
    - OutDescEst: ' (L tot 3000 + 14) ' 
    - ErrorMessage: ''
0112186:
    - bResult: 'False'
    - OutDescEst: ' (L tot 2000 + 12)  - 3 forcelle interne x CVO' 
    - ErrorMessage: ''
0112187:
    - bResult: 'False'
    - OutDescEst: ' (L tot 2000 + 12)  - 3 forcelle interne x CVO' 
    - ErrorMessage: ''
0116134:
    - bResult: 'False'
    - OutDescEst: ' (L tot 5100 + 12)  - 4 piastre interne x CVO' 
    - ErrorMessage: ''
0116135:
    - bResult: 'False'
    - OutDescEst: ' (L tot 5100 + 12)  - 4 piastre interne x CVO' 
    - ErrorMessage: ''
0118427:
    - bResult: 'False'
    - OutDescEst: ' (L tot 0 + 0)  - 3 piastre interne x CVO' 
    - ErrorMessage: ''
0118428:
    - bResult: 'False'
    - OutDescEst: ' (L tot 0 + 0)  - 3 piastre interne x CVO' 
    - ErrorMessage: ''
0118429:
    - bResult: 'False'
    - OutDescEst: ' (L tot 0 + 0)  - 3 piastre interne x CVO' 
    - ErrorMessage: ''
0118430:
    - bResult: 'False'
    - OutDescEst: ' (L tot 0 + 0)  - 3 piastre interne x CVO' 
    - ErrorMessage: ''
0120051:
    - bResult: 'False'
    - OutDescEst: ' (L tot 0 + 0)  - 3 piastre interne x CVO' 
    - ErrorMessage: ''
0120052:
    - bResult: 'False'
    - OutDescEst: ' (L tot 0 + 0)  - 3 piastre interne x CVO' 
    - ErrorMessage: ''
0120081:
    - bResult: 'False'
    - OutDescEst: ' (L tot 1536 + 14) ' 
    - ErrorMessage: ''
0120082:
    - bResult: 'False'
    - OutDescEst: ' (L tot 1536 + 14) ' 
    - ErrorMessage: ''
0123561:
    - bResult: 'False'
    - OutDescEst: ' (L tot 3500 + 14)  - 3 piastre interne x CVO' 
    - ErrorMessage: ''
0123562:
    - bResult: 'False'
    - OutDescEst: ' (L tot 3500 + 14)  - 3 piastre interne x CVO' 
    - ErrorMessage: ''
0125046:
    - bResult: 'False'
    - OutDescEst: ' (L tot 3000 + 14) ' 
    - ErrorMessage: ''
0125047:
    - bResult: 'False'
    - OutDescEst: ' (L tot 3000 + 14) ' 
    - ErrorMessage: ''
0133306:
    - bResult: 'False'
    - OutDescEst: ' (L tot 2186 + 14) ' 
    - ErrorMessage: ''
0133307:
    - bResult: 'False'
    - OutDescEst: ' (L tot 1466 + 14) ' 
    - ErrorMessage: ''
0133308:
    - bResult: 'False'
    - OutDescEst: ' (L tot 1760 + 0)  - 3 piastre interne x CVO' 
    - ErrorMessage: ''
0133309:
    - bResult: 'False'
    - OutDescEst: ' (L tot 2186 + 14) ' 
    - ErrorMessage: ''
0133310:
    - bResult: 'False'
    - OutDescEst: ' (L tot 1466 + 14) ' 
    - ErrorMessage: ''
0133311:
    - bResult: 'False'
    - OutDescEst: ' (L tot 1760 + 0)  - 3 piastre interne x CVO' 
    - ErrorMessage: ''
0140752:
    - bResult: 'False'
    - OutDescEst: ' (L tot 3000 + 14)  - 3 piastre interne x CVO' 
    - ErrorMessage: ''
0141930:
    - bResult: 'False'
    - OutDescEst: ' (L tot 1286 + 14)  - 3 piastre interne x CVO' 
    - ErrorMessage: ''
0141931:
    - bResult: 'False'
    - OutDescEst: ' (L tot 1286 + 14) ' 
    - ErrorMessage: ''
0144785:
    - bResult: 'False'
    - OutDescEst: ' (L tot 2580 + 12)  - 3 piastre interne x CVO' 
    - ErrorMessage: ''
0144808:
    - bResult: 'False'
    - OutDescEst: ' (L tot 2600 + 12)  - 3 piastre interne x CVO' 
    - ErrorMessage: ''
0144809:
    - bResult: 'False'
    - OutDescEst: ' (L tot 2600 + 12)  - 3 piastre interne x CVO' 
    - ErrorMessage: ''
0144814:
    - bResult: 'False'
    - OutDescEst: ' (L tot 2600 + 14) ' 
    - ErrorMessage: ''
0144839:
    - bResult: 'False'
    - OutDescEst: ' (L tot 4500 + 14) ' 
    - ErrorMessage: ''
0144840:
    - bResult: 'False'
    - OutDescEst: ' (L tot 4500 + 14) ' 
    - ErrorMessage: ''
0146913:
    - bResult: 'False'
    - OutDescEst: ' (L tot 2700 + 12)  - 3 piastre interne x CVO' 
    - ErrorMessage: ''
0147273:
    - bResult: 'False'
    - OutDescEst: ' (L tot 2500 + 14)  - 3 piastre interne x CVO' 
    - ErrorMessage: ''
0147274:
    - bResult: 'False'
    - OutDescEst: ' (L tot 2500 + 14)  - 3 piastre interne x CVO' 
    - ErrorMessage: ''
0147887:
    - bResult: 'False'
    - OutDescEst: ' (L tot 3250 + 14)  - 3 piastre interne x CVO' 
    - ErrorMessage: ''
0147888:
    - bResult: 'False'
    - OutDescEst: ' (L tot 3250 + 14)  - 3 piastre interne x CVO' 
    - ErrorMessage: ''
0150411:
    - bResult: 'False'
    - OutDescEst: ' (L tot 1736 + 14)  - 3 piastre interne x CVO' 
    - ErrorMessage: ''
0150594:
    - bResult: 'False'
    - OutDescEst: ' (L tot 1736 + 14) ' 
    - ErrorMessage: ''
0150714:
    - bResult: 'False'
    - OutDescEst: ' (L tot 2170 + 12)  - 3 piastre interne x CVO' 
    - ErrorMessage: ''
0150715:
    - bResult: 'False'
    - OutDescEst: ' (L tot 2170 + 12)  - 3 piastre interne x CVO' 
    - ErrorMessage: ''
0155958:
    - bResult: 'False'
    - OutDescEst: ' (L tot 3500 + 14) ' 
    - ErrorMessage: ''
0155959:
    - bResult: 'False'
    - OutDescEst: ' (L tot 3500 + 14) ' 
    - ErrorMessage: ''
0155960:
    - bResult: 'False'
    - OutDescEst: ' (L tot 2600 + 14) ' 
    - ErrorMessage: ''
0155961:
    - bResult: 'False'
    - OutDescEst: ' (L tot 2600 + 14) ' 
    - ErrorMessage: ''
0155963:
    - bResult: 'False'
    - OutDescEst: ' (L tot 2700 + 14) ' 
    - ErrorMessage: ''
0155964:
    - bResult: 'False'
    - OutDescEst: ' (L tot 2700 + 14) ' 
    - ErrorMessage: ''
0163974:
    - bResult: 'False'
    - OutDescEst: ' (L tot 3300 + 0)  - 3 piastre interne x CVO' 
    - ErrorMessage: ''
0164031:
    - bResult: 'False'
    - OutDescEst: ' (L tot 3300 + 0)  - 3 piastre interne x CVO' 
    - ErrorMessage: ''
0164032:
    - bResult: 'False'
    - OutDescEst: ' (L tot 2600 + 0)  - 3 piastre interne x CVO' 
    - ErrorMessage: ''
0164033:
    - bResult: 'False'
    - OutDescEst: ' (L tot 2600 + 0)  - 3 piastre interne x CVO' 
    - ErrorMessage: ''
0167072:
    - bResult: 'False'
    - OutDescEst: ' (L tot 2200 + 12)  - 3 piastre interne x CVO' 
    - ErrorMessage: ''
0167073:
    - bResult: 'False'
    - OutDescEst: ' (L tot 2200 + 12)  - 3 piastre interne x CVO' 
    - ErrorMessage: ''
0171380:
    - bResult: 'False'
    - OutDescEst: ' (L tot 3000 + 14)  - 3 piastre interne x CVO' 
    - ErrorMessage: ''
0171381:
    - bResult: 'False'
    - OutDescEst: ' (L tot 3000 + 14)  - 3 piastre interne x CVO' 
    - ErrorMessage: ''
0171382:
    - bResult: 'False'
    - OutDescEst: ' (L tot 2500 + 12)  - 3 piastre interne x CVO' 
    - ErrorMessage: ''
0171383:
    - bResult: 'False'
    - OutDescEst: ' (L tot 2500 + 12)  - 3 piastre interne x CVO' 
    - ErrorMessage: ''
0173042:
    - bResult: 'False'
    - OutDescEst: ' (L tot 3100 + 14)  - 3 piastre interne x CVO' 
    - ErrorMessage: ''
0173043:
    - bResult: 'False'
    - OutDescEst: ' (L tot 3100 + 14)  - 3 piastre interne x CVO' 
    - ErrorMessage: ''
0174302:
    - bResult: 'False'
    - OutDescEst: ' (L tot 2400 + 12)  - 3 piastre interne x CVO' 
    - ErrorMessage: ''
0174303:
    - bResult: 'False'
    - OutDescEst: ' (L tot 2400 + 12)  - 3 piastre interne x CVO' 
    - ErrorMessage: ''
0174305:
    - bResult: 'False'
    - OutDescEst: ' (L tot 5000 + 12)  - 4 piastre interne x CVO' 
    - ErrorMessage: ''
0174306:
    - bResult: 'False'
    - OutDescEst: ' (L tot 5000 + 12)  - 4 piastre interne x CVO' 
    - ErrorMessage: ''
0174308:
    - bResult: 'False'
    - OutDescEst: ' (L tot 2388 + 12)  - 3 piastre interne x CVO' 
    - ErrorMessage: ''
0174309:
    - bResult: 'False'
    - OutDescEst: ' (L tot 2388 + 12)  - 3 piastre interne x CVO' 
    - ErrorMessage: ''
0174311:
    - bResult: 'False'
    - OutDescEst: ' (L tot 4988 + 12)  - 4 piastre interne x CVO' 
    - ErrorMessage: ''
0174312:
    - bResult: 'False'
    - OutDescEst: ' (L tot 4988 + 12)  - 4 piastre interne x CVO' 
    - ErrorMessage: ''
0174472:
    - bResult: 'False'
    - OutDescEst: ' (L tot 1286 + 14) ' 
    - ErrorMessage: ''
0176073:
    - bResult: 'False'
    - OutDescEst: ' (L tot 2800 + 12) ' 
    - ErrorMessage: ''
0176074:
    - bResult: 'False'
    - OutDescEst: ' (L tot 2800 + 12) ' 
    - ErrorMessage: ''
0176717:
    - bResult: 'False'
    - OutDescEst: ' (L tot 3500 + 14)  - 3 piastre interne x CVO' 
    - ErrorMessage: ''
0176718:
    - bResult: 'False'
    - OutDescEst: ' (L tot 3600 + 14)  - 4 piastre interne x CVO' 
    - ErrorMessage: ''
0176719:
    - bResult: 'False'
    - OutDescEst: ' (L tot 3600 + 14)  - 4 piastre interne x CVO' 
    - ErrorMessage: ''
0180929:
    - bResult: 'False'
    - OutDescEst: ' (L tot 3200 + 14)  - 3 piastre interne x CVO' 
    - ErrorMessage: ''
0180930:
    - bResult: 'False'
    - OutDescEst: ' (L tot 3200 + 14)  - 3 piastre interne x CVO' 
    - ErrorMessage: ''
0182804:
    - bResult: 'False'
    - OutDescEst: ' (L tot 3300 + 12)  - 3 piastre interne x CVO' 
    - ErrorMessage: ''
0182805:
    - bResult: 'False'
    - OutDescEst: ' (L tot 3300 + 12)  - 3 piastre interne x CVO' 
    - ErrorMessage: ''
0183063:
    - bResult: 'False'
    - OutDescEst: ' (L tot 3500 + 12)  - 3 piastre interne x CVO' 
    - ErrorMessage: ''
0183064:
    - bResult: 'False'
    - OutDescEst: ' (L tot 3500 + 12)  - 3 piastre interne x CVO' 
    - ErrorMessage: ''
0183065:
    - bResult: 'False'
    - OutDescEst: ' (L tot 4200 + 12)  - 4 piastre interne x CVO' 
    - ErrorMessage: ''
0183066:
    - bResult: 'False'
    - OutDescEst: ' (L tot 4200 + 12)  - 4 piastre interne x CVO' 
    - ErrorMessage: ''
0183617:
    - bResult: 'False'
    - OutDescEst: ' (L tot 2000 + 12)  - 3 piastre interne x CVO' 
    - ErrorMessage: ''
0183618:
    - bResult: 'False'
    - OutDescEst: ' (L tot 2000 + 12)  - 3 piastre interne x CVO' 
    - ErrorMessage: ''
0183619:
    - bResult: 'False'
    - OutDescEst: ' (L tot 3500 + 12)  - 3 piastre interne x CVO' 
    - ErrorMessage: ''
0185631:
    - bResult: 'False'
    - OutDescEst: ' (L tot 3500 + 14)  - 3 piastre interne x CVO' 
    - ErrorMessage: ''
0185632:
    - bResult: 'False'
    - OutDescEst: ' (L tot 3500 + 14)  - 3 piastre interne x CVO' 
    - ErrorMessage: ''
0187021:
    - bResult: 'False'
    - OutDescEst: ' (L tot 200 + 8)  - 3 piastre interne x CVO' 
    - ErrorMessage: ''
0187022:
    - bResult: 'False'
    - OutDescEst: ' (L tot 200 + 8)  - 3 piastre interne x CVO' 
    - ErrorMessage: ''
0194664:
    - bResult: 'False'
    - OutDescEst: ' (L tot 3359 + 14)  - 3 piastre interne x CVO' 
    - ErrorMessage: ''
0194665:
    - bResult: 'False'
    - OutDescEst: ' (L tot 3359 + 14)  - 3 piastre interne x CVO' 
    - ErrorMessage: ''
0201359:
    - bResult: 'False'
    - OutDescEst: ' (L tot 2486 + 14)  - 3 piastre interne x CVO' 
    - ErrorMessage: ''
0201360:
    - bResult: 'False'
    - OutDescEst: ' (L tot 2486 + 14)  - 3 piastre interne x CVO' 
    - ErrorMessage: ''
0201361:
    - bResult: 'False'
    - OutDescEst: ' (L tot 3686 + 14)  - 4 piastre interne x CVO' 
    - ErrorMessage: ''
0201362:
    - bResult: 'False'
    - OutDescEst: ' (L tot 3686 + 14)  - 4 piastre interne x CVO' 
    - ErrorMessage: ''
0201363:
    - bResult: 'False'
    - OutDescEst: ' (L tot 3186 + 14)  - 3 piastre interne x CVO' 
    - ErrorMessage: ''
0201364:
    - bResult: 'False'
    - OutDescEst: ' (L tot 3186 + 14)  - 3 piastre interne x CVO' 
    - ErrorMessage: ''
0201389:
    - bResult: 'False'
    - OutDescEst: ' (L tot 3686 + 14)  - 4 piastre interne x CVO' 
    - ErrorMessage: ''
0201390:
    - bResult: 'False'
    - OutDescEst: ' (L tot 3686 + 14)  - 4 piastre interne x CVO' 
    - ErrorMessage: ''
0201391:
    - bResult: 'False'
    - OutDescEst: ' (L tot 3186 + 14)  - 3 piastre interne x CVO' 
    - ErrorMessage: ''
0201392:
    - bResult: 'False'
    - OutDescEst: ' (L tot 3186 + 14)  - 3 piastre interne x CVO' 
    - ErrorMessage: ''
0201393:
    - bResult: 'False'
    - OutDescEst: ' (L tot 2486 + 14)  - 3 piastre interne x CVO' 
    - ErrorMessage: ''
0201394:
    - bResult: 'False'
    - OutDescEst: ' (L tot 2486 + 14)  - 3 piastre interne x CVO' 
    - ErrorMessage: ''
0202866:
    - bResult: 'False'
    - OutDescEst: ' (L tot 7300 + 0)  - 4 piastre interne x CVO' 
    - ErrorMessage: ''
0202867:
    - bResult: 'False'
    - OutDescEst: ' (L tot 7300 + 0)  - 4 piastre interne x CVO' 
    - ErrorMessage: ''
0203147:
    - bResult: 'False'
    - OutDescEst: ' (L tot 2686 + 14)  - 3 piastre interne x CVO' 
    - ErrorMessage: ''
0203148:
    - bResult: 'False'
    - OutDescEst: ' (L tot 2686 + 14)  - 3 piastre interne x CVO' 
    - ErrorMessage: ''
0203955:
    - bResult: 'False'
    - OutDescEst: ' (L tot 1316 + 14)  - 3 piastre interne x CVO' 
    - ErrorMessage: ''
0203956:
    - bResult: 'False'
    - OutDescEst: ' (L tot 1316 + 14) ' 
    - ErrorMessage: ''
0203959:
    - bResult: 'False'
    - OutDescEst: ' (L tot 1316 + 14) ' 
    - ErrorMessage: ''
0207465:
    - bResult: 'False'
    - OutDescEst: ' (L tot 7754 + 14)  - 4 piastre interne x CVO' 
    - ErrorMessage: ''
0207466:
    - bResult: 'False'
    - OutDescEst: ' (L tot 7754 + 14)  - 4 piastre interne x CVO' 
    - ErrorMessage: ''
0208173:
    - bResult: 'False'
    - OutDescEst: ' (L tot 7684 + 14)  - 4 piastre interne x CVO' 
    - ErrorMessage: ''
0208174:
    - bResult: 'False'
    - OutDescEst: ' (L tot 7684 + 14)  - 4 piastre interne x CVO' 
    - ErrorMessage: ''
0214724:
    - bResult: 'False'
    - OutDescEst: ' (L tot 3500 + 12)  - 3 piastre interne x CVO' 
    - ErrorMessage: ''
0214725:
    - bResult: 'False'
    - OutDescEst: ' (L tot 3500 + 12)  - 3 piastre interne x CVO' 
    - ErrorMessage: ''
0215097:
    - bResult: 'False'
    - OutDescEst: ' (L tot 2535 + 14) ' 
    - ErrorMessage: ''
0215098:
    - bResult: 'False'
    - OutDescEst: ' (L tot 2535 + 14) ' 
    - ErrorMessage: ''
0219174:
    - bResult: 'False'
    - OutDescEst: ' (L tot 2000 + 12)  - 3 piastre interne x CVO' 
    - ErrorMessage: ''
0219178:
    - bResult: 'False'
    - OutDescEst: ' (L tot 2000 + 12)  - 3 piastre interne x CVO' 
    - ErrorMessage: ''
0219179:
    - bResult: 'False'
    - OutDescEst: ' (L tot 2000 + 12)  - 3 piastre interne x CVO' 
    - ErrorMessage: ''
0219986:
    - bResult: 'False'
    - OutDescEst: ' (L tot 2700 + 12)  - 3 piastre interne x CVO' 
    - ErrorMessage: ''
0219987:
    - bResult: 'False'
    - OutDescEst: ' (L tot 2700 + 12)  - 3 piastre interne x CVO' 
    - ErrorMessage: ''
0229271:
    - bResult: 'False'
    - OutDescEst: ' (L tot 2088 + 12)  - 3 piastre interne x CVO' 
    - ErrorMessage: ''
0229272:
    - bResult: 'False'
    - OutDescEst: ' (L tot 2088 + 12)  - 3 piastre interne x CVO' 
    - ErrorMessage: ''
0229281:
    - bResult: 'False'
    - OutDescEst: ' (L tot 2088 + 12)  - 3 piastre interne x CVO' 
    - ErrorMessage: ''
0229282:
    - bResult: 'False'
    - OutDescEst: ' (L tot 2088 + 12)  - 3 piastre interne x CVO' 
    - ErrorMessage: ''
0229283:
    - bResult: 'False'
    - OutDescEst: ' (L tot 2088 + 12)  - 3 piastre interne x CVO' 
    - ErrorMessage: ''
0229284:
    - bResult: 'False'
    - OutDescEst: ' (L tot 2088 + 12)  - 3 piastre interne x CVO' 
    - ErrorMessage: ''
0229291:
    - bResult: 'False'
    - OutDescEst: ' (L tot 2088 + 12) ' 
    - ErrorMessage: ''
0229292:
    - bResult: 'False'
    - OutDescEst: ' (L tot 2088 + 12) ' 
    - ErrorMessage: ''
0232642:
    - bResult: 'False'
    - OutDescEst: ' (L tot 1896 + 14) ' 
    - ErrorMessage: ''
0232643:
    - bResult: 'False'
    - OutDescEst: ' (L tot 1896 + 14) ' 
    - ErrorMessage: ''
0234622:
    - bResult: 'False'
    - OutDescEst: ' (L tot 1800 + 12) ' 
    - ErrorMessage: ''
0234623:
    - bResult: 'False'
    - OutDescEst: ' (L tot 1800 + 12) ' 
    - ErrorMessage: ''
0234624:
    - bResult: 'False'
    - OutDescEst: ' (L tot 2700 + 12) ' 
    - ErrorMessage: ''
0234625:
    - bResult: 'False'
    - OutDescEst: ' (L tot 2700 + 12)  - 3 piastre interne x CVO' 
    - ErrorMessage: ''
0237195:
    - bResult: 'False'
    - OutDescEst: ' (L tot 2188 + 12) ' 
    - ErrorMessage: ''
0237199:
    - bResult: 'False'
    - OutDescEst: ' (L tot 2188 + 12) ' 
    - ErrorMessage: ''
0237200:
    - bResult: 'False'
    - OutDescEst: ' (L tot 2188 + 12) ' 
    - ErrorMessage: ''
0237201:
    - bResult: 'False'
    - OutDescEst: ' (L tot 2188 + 12) ' 
    - ErrorMessage: ''
0237202:
    - bResult: 'False'
    - OutDescEst: ' (L tot 2188 + 12) ' 
    - ErrorMessage: ''
0237203:
    - bResult: 'False'
    - OutDescEst: ' (L tot 2188 + 12) ' 
    - ErrorMessage: ''
0237204:
    - bResult: 'False'
    - OutDescEst: ' (L tot 2188 + 12) ' 
    - ErrorMessage: ''
0237213:
    - bResult: 'False'
    - OutDescEst: ' (L tot 2188 + 12) ' 
    - ErrorMessage: ''
0237235:
    - bResult: 'False'
    - OutDescEst: ' (L tot 2188 + 12) ' 
    - ErrorMessage: ''
0237241:
    - bResult: 'False'
    - OutDescEst: ' (L tot 2188 + 12) ' 
    - ErrorMessage: ''
0238810:
    - bResult: 'False'
    - OutDescEst: ' (L tot 3588 + 12)  - 4 piastre interne x CVO' 
    - ErrorMessage: ''
0238811:
    - bResult: 'False'
    - OutDescEst: ' (L tot 3588 + 12)  - 4 piastre interne x CVO' 
    - ErrorMessage: ''
0241939:
    - bResult: 'False'
    - OutDescEst: ' (L tot 4186 + 14)  - 4 piastre interne x CVO' 
    - ErrorMessage: ''
0241940:
    - bResult: 'False'
    - OutDescEst: ' (L tot 4186 + 14)  - 4 piastre interne x CVO' 
    - ErrorMessage: ''
0242101:
    - bResult: 'False'
    - OutDescEst: ' (L tot 4186 + 16)  - 4 piastre interne x CVO' 
    - ErrorMessage: ''
0242102:
    - bResult: 'False'
    - OutDescEst: ' (L tot 4186 + 16)  - 4 piastre interne x CVO' 
    - ErrorMessage: ''
0242267:
    - bResult: 'False'
    - OutDescEst: ' (L tot 3500 + 14)  - 3 forcelle interne x CVO' 
    - ErrorMessage: ''
0242268:
    - bResult: 'False'
    - OutDescEst: ' (L tot 3500 + 14)  - 3 forcelle interne x CVO' 
    - ErrorMessage: ''
0242408:
    - bResult: 'False'
    - OutDescEst: ' (L tot 4000 + 12)  - 4 piastre interne x CVO' 
    - ErrorMessage: ''
0242409:
    - bResult: 'False'
    - OutDescEst: ' (L tot 4000 + 12)  - 4 piastre interne x CVO' 
    - ErrorMessage: ''
0245143:
    - bResult: 'False'
    - OutDescEst: ' (L tot 6000 + 14)  - 4 piastre interne x CVO' 
    - ErrorMessage: ''
0245144:
    - bResult: 'False'
    - OutDescEst: ' (L tot 6000 + 14) ' 
    - ErrorMessage: ''
0245155:
    - bResult: 'False'
    - OutDescEst: ' (L tot 6000 + 14) ' 
    - ErrorMessage: ''
0246017:
    - bResult: 'False'
    - OutDescEst: ' (L tot 5600 + 14)  - 4 piastre interne x CVO' 
    - ErrorMessage: ''
0246018:
    - bResult: 'False'
    - OutDescEst: ' (L tot 5600 + 14)  - 4 piastre interne x CVO' 
    - ErrorMessage: ''
0246048:
    - bResult: 'False'
    - OutDescEst: ' (L tot 5614 + 14) ' 
    - ErrorMessage: ''
0246049:
    - bResult: 'False'
    - OutDescEst: ' (L tot 5614 + 14) ' 
    - ErrorMessage: ''
0249144:
    - bResult: 'False'
    - OutDescEst: ' (L tot 2700 + 12)  - 3 piastre interne x CVO' 
    - ErrorMessage: ''
0249839:
    - bResult: 'False'
    - OutDescEst: ' (L tot 6400 + 14)  - 4 piastre interne x CVO' 
    - ErrorMessage: ''
0249840:
    - bResult: 'False'
    - OutDescEst: ' (L tot 6400 + 14)  - 4 piastre interne x CVO' 
    - ErrorMessage: ''
0258361:
    - bResult: 'False'
    - OutDescEst: ' (L tot 1816 + 14) ' 
    - ErrorMessage: ''
0258362:
    - bResult: 'False'
    - OutDescEst: ' (L tot 2066 + 14) ' 
    - ErrorMessage: ''
0258363:
    - bResult: 'False'
    - OutDescEst: ' (L tot 2066 + 14) ' 
    - ErrorMessage: ''
0258364:
    - bResult: 'False'
    - OutDescEst: ' (L tot 1816 + 14) ' 
    - ErrorMessage: ''
0258667:
    - bResult: 'False'
    - OutDescEst: ' (L tot 2950 + 14)  - 3 piastre interne x CVO' 
    - ErrorMessage: ''
0258668:
    - bResult: 'False'
    - OutDescEst: ' (L tot 2950 + 14)  - 3 piastre interne x CVO' 
    - ErrorMessage: ''
0258669:
    - bResult: 'False'
    - OutDescEst: ' (L tot 4200 + 14)  - 4 piastre interne x CVO' 
    - ErrorMessage: ''
0258670:
    - bResult: 'False'
    - OutDescEst: ' (L tot 4200 + 14)  - 4 piastre interne x CVO' 
    - ErrorMessage: ''
0258983:
    - bResult: 'False'
    - OutDescEst: ' (L tot 1808 + 14) ' 
    - ErrorMessage: ''
0258984:
    - bResult: 'False'
    - OutDescEst: ' (L tot 1808 + 14) ' 
    - ErrorMessage: ''
0258985:
    - bResult: 'False'
    - OutDescEst: ' (L tot 2158 + 14) ' 
    - ErrorMessage: ''
0258986:
    - bResult: 'False'
    - OutDescEst: ' (L tot 2158 + 14) ' 
    - ErrorMessage: ''
0259126:
    - bResult: 'False'
    - OutDescEst: ' (L tot 3200 + 12)  - 3 piastre interne x CVO' 
    - ErrorMessage: ''
0259127:
    - bResult: 'False'
    - OutDescEst: ' (L tot 3200 + 12)  - 3 piastre interne x CVO' 
    - ErrorMessage: ''
0259470:
    - bResult: 'False'
    - OutDescEst: ' (L tot 5626 + 14)  - 4 piastre interne x CVO' 
    - ErrorMessage: ''
0259471:
    - bResult: 'False'
    - OutDescEst: ' (L tot 5626 + 14)  - 4 piastre interne x CVO' 
    - ErrorMessage: ''
0263120:
    - bResult: 'False'
    - OutDescEst: ' (L tot 3500 + 12)  - 3 piastre interne x CVO' 
    - ErrorMessage: ''
0265454:
    - bResult: 'False'
    - OutDescEst: ' (L tot 3264 + 12)  - 3 piastre interne x CVO' 
    - ErrorMessage: ''
0265455:
    - bResult: 'False'
    - OutDescEst: ' (L tot 3264 + 12)  - 3 piastre interne x CVO' 
    - ErrorMessage: ''
0266124:
    - bResult: 'False'
    - OutDescEst: ' (L tot 5686 + 14)  - 4 piastre interne x CVO' 
    - ErrorMessage: ''
0266125:
    - bResult: 'False'
    - OutDescEst: ' (L tot 5686 + 14)  - 4 piastre interne x CVO' 
    - ErrorMessage: ''
0266128:
    - bResult: 'False'
    - OutDescEst: ' (L tot 5686 + 14) ' 
    - ErrorMessage: ''
0266129:
    - bResult: 'False'
    - OutDescEst: ' (L tot 5686 + 14) ' 
    - ErrorMessage: ''
0266146:
    - bResult: 'False'
    - OutDescEst: ' (L tot 3536 + 14) ' 
    - ErrorMessage: ''
0266147:
    - bResult: 'False'
    - OutDescEst: ' (L tot 3536 + 14) ' 
    - ErrorMessage: ''
0266148:
    - bResult: 'False'
    - OutDescEst: ' (L tot 3836 + 14) ' 
    - ErrorMessage: ''
0266149:
    - bResult: 'False'
    - OutDescEst: ' (L tot 3836 + 14) ' 
    - ErrorMessage: ''
0266150:
    - bResult: 'False'
    - OutDescEst: ' (L tot 4386 + 14) ' 
    - ErrorMessage: ''
0266151:
    - bResult: 'False'
    - OutDescEst: ' (L tot 4386 + 14) ' 
    - ErrorMessage: ''
0266152:
    - bResult: 'False'
    - OutDescEst: ' (L tot 4486 + 14) ' 
    - ErrorMessage: ''
0266153:
    - bResult: 'False'
    - OutDescEst: ' (L tot 4486 + 14) ' 
    - ErrorMessage: ''
0266154:
    - bResult: 'False'
    - OutDescEst: ' (L tot 4786 + 14) ' 
    - ErrorMessage: ''
0266155:
    - bResult: 'False'
    - OutDescEst: ' (L tot 4786 + 14) ' 
    - ErrorMessage: ''
0266156:
    - bResult: 'False'
    - OutDescEst: ' (L tot 4836 + 14) ' 
    - ErrorMessage: ''
0266157:
    - bResult: 'False'
    - OutDescEst: ' (L tot 4836 + 14) ' 
    - ErrorMessage: ''
0266158:
    - bResult: 'False'
    - OutDescEst: ' (L tot 5136 + 14) ' 
    - ErrorMessage: ''
0266159:
    - bResult: 'False'
    - OutDescEst: ' (L tot 5136 + 14) ' 
    - ErrorMessage: ''
0266174:
    - bResult: 'False'
    - OutDescEst: ' (L tot 3536 + 14) ' 
    - ErrorMessage: ''
0266175:
    - bResult: 'False'
    - OutDescEst: ' (L tot 3536 + 14) ' 
    - ErrorMessage: ''
0266176:
    - bResult: 'False'
    - OutDescEst: ' (L tot 3836 + 14) ' 
    - ErrorMessage: ''
0266177:
    - bResult: 'False'
    - OutDescEst: ' (L tot 3836 + 14) ' 
    - ErrorMessage: ''
0266178:
    - bResult: 'False'
    - OutDescEst: ' (L tot 4386 + 14) ' 
    - ErrorMessage: ''
0266179:
    - bResult: 'False'
    - OutDescEst: ' (L tot 4386 + 14) ' 
    - ErrorMessage: ''
0266180:
    - bResult: 'False'
    - OutDescEst: ' (L tot 4486 + 14) ' 
    - ErrorMessage: ''
0266181:
    - bResult: 'False'
    - OutDescEst: ' (L tot 4486 + 14) ' 
    - ErrorMessage: ''
0266182:
    - bResult: 'False'
    - OutDescEst: ' (L tot 4786 + 14) ' 
    - ErrorMessage: ''
0266183:
    - bResult: 'False'
    - OutDescEst: ' (L tot 4786 + 14) ' 
    - ErrorMessage: ''
0266184:
    - bResult: 'False'
    - OutDescEst: ' (L tot 4836 + 14) ' 
    - ErrorMessage: ''
0266185:
    - bResult: 'False'
    - OutDescEst: ' (L tot 4836 + 14) ' 
    - ErrorMessage: ''
0266186:
    - bResult: 'False'
    - OutDescEst: ' (L tot 5136 + 14) ' 
    - ErrorMessage: ''
0266187:
    - bResult: 'False'
    - OutDescEst: ' (L tot 5136 + 14) ' 
    - ErrorMessage: ''
0266188:
    - bResult: 'False'
    - OutDescEst: ' (L tot 5686 + 14) ' 
    - ErrorMessage: ''
0266189:
    - bResult: 'False'
    - OutDescEst: ' (L tot 5686 + 14) ' 
    - ErrorMessage: ''
0266278:
    - bResult: 'False'
    - OutDescEst: ' (L tot 4786 + 14) ' 
    - ErrorMessage: ''
0266279:
    - bResult: 'False'
    - OutDescEst: ' (L tot 5686 + 14) ' 
    - ErrorMessage: ''
0266280:
    - bResult: 'False'
    - OutDescEst: ' (L tot 5136 + 14) ' 
    - ErrorMessage: ''
0266281:
    - bResult: 'False'
    - OutDescEst: ' (L tot 4386 + 14) ' 
    - ErrorMessage: ''
0266282:
    - bResult: 'False'
    - OutDescEst: ' (L tot 3536 + 14) ' 
    - ErrorMessage: ''
0266283:
    - bResult: 'False'
    - OutDescEst: ' (L tot 4836 + 14) ' 
    - ErrorMessage: ''
0266284:
    - bResult: 'False'
    - OutDescEst: ' (L tot 4486 + 14) ' 
    - ErrorMessage: ''
0266285:
    - bResult: 'False'
    - OutDescEst: ' (L tot 4786 + 14) ' 
    - ErrorMessage: ''
0266286:
    - bResult: 'False'
    - OutDescEst: ' (L tot 5686 + 14) ' 
    - ErrorMessage: ''
0266287:
    - bResult: 'False'
    - OutDescEst: ' (L tot 5136 + 14) ' 
    - ErrorMessage: ''
0266288:
    - bResult: 'False'
    - OutDescEst: ' (L tot 4386 + 14) ' 
    - ErrorMessage: ''
0266289:
    - bResult: 'False'
    - OutDescEst: ' (L tot 3536 + 14) ' 
    - ErrorMessage: ''
0266290:
    - bResult: 'False'
    - OutDescEst: ' (L tot 4836 + 14) ' 
    - ErrorMessage: ''
0266291:
    - bResult: 'False'
    - OutDescEst: ' (L tot 4486 + 14) ' 
    - ErrorMessage: ''
0266558:
    - bResult: 'False'
    - OutDescEst: ' (L tot 3536 + 14) ' 
    - ErrorMessage: ''
0266577:
    - bResult: 'False'
    - OutDescEst: ' (L tot 3836 + 14) ' 
    - ErrorMessage: ''
0266582:
    - bResult: 'False'
    - OutDescEst: ' (L tot 4386 + 14) ' 
    - ErrorMessage: ''
0266583:
    - bResult: 'False'
    - OutDescEst: ' (L tot 4836 + 14) ' 
    - ErrorMessage: ''
0266584:
    - bResult: 'False'
    - OutDescEst: ' (L tot 5136 + 14) ' 
    - ErrorMessage: ''
0266585:
    - bResult: 'False'
    - OutDescEst: ' (L tot 5686 + 14) ' 
    - ErrorMessage: ''
0266590:
    - bResult: 'False'
    - OutDescEst: ' (L tot 3536 + 14) ' 
    - ErrorMessage: ''
0266591:
    - bResult: 'False'
    - OutDescEst: ' (L tot 3836 + 14) ' 
    - ErrorMessage: ''
0266593:
    - bResult: 'False'
    - OutDescEst: ' (L tot 4386 + 14) ' 
    - ErrorMessage: ''
0266595:
    - bResult: 'False'
    - OutDescEst: ' (L tot 4836 + 14) ' 
    - ErrorMessage: ''
0266600:
    - bResult: 'False'
    - OutDescEst: ' (L tot 5136 + 14) ' 
    - ErrorMessage: ''
0266602:
    - bResult: 'False'
    - OutDescEst: ' (L tot 5686 + 14) ' 
    - ErrorMessage: ''
0266694:
    - bResult: 'False'
    - OutDescEst: ' (L tot 3342 + 14) ' 
    - ErrorMessage: ''
0266695:
    - bResult: 'False'
    - OutDescEst: ' (L tot 3342 + 14) ' 
    - ErrorMessage: ''
0269865:
    - bResult: 'False'
    - OutDescEst: ' (L tot 2318 + 14)  - 3 piastre interne x CVO' 
    - ErrorMessage: ''
0269866:
    - bResult: 'False'
    - OutDescEst: ' (L tot 2318 + 14)  - 3 piastre interne x CVO' 
    - ErrorMessage: ''
0269867:
    - bResult: 'False'
    - OutDescEst: ' (L tot 2318 + 14)  - 3 piastre interne x CVO' 
    - ErrorMessage: ''
0269868:
    - bResult: 'False'
    - OutDescEst: ' (L tot 2318 + 14)  - 3 piastre interne x CVO' 
    - ErrorMessage: ''
0269869:
    - bResult: 'False'
    - OutDescEst: ' (L tot 2618 + 14)  - 3 piastre interne x CVO' 
    - ErrorMessage: ''
0269870:
    - bResult: 'False'
    - OutDescEst: ' (L tot 2618 + 14)  - 3 piastre interne x CVO' 
    - ErrorMessage: ''
0270662:
    - bResult: 'False'
    - OutDescEst: ' (L tot 2700 + 12)  - 3 piastre interne x CVO' 
    - ErrorMessage: ''
0271746:
    - bResult: 'False'
    - OutDescEst: ' (L tot 1800 + 14) ' 
    - ErrorMessage: ''
0271747:
    - bResult: 'False'
    - OutDescEst: ' (L tot 1800 + 14) ' 
    - ErrorMessage: ''
0272302:
    - bResult: 'False'
    - OutDescEst: ' (L tot 3400 + 12)  - 3 piastre interne x CVO' 
    - ErrorMessage: ''
0272303:
    - bResult: 'False'
    - OutDescEst: ' (L tot 3400 + 12)  - 3 piastre interne x CVO' 
    - ErrorMessage: ''
0272471:
    - bResult: 'False'
    - OutDescEst: ' (L tot 3500 + 12)  - 3 piastre interne x CVO' 
    - ErrorMessage: ''
0272707:
    - bResult: 'False'
    - OutDescEst: ' (L tot 3000 + 14) ' 
    - ErrorMessage: ''
0272708:
    - bResult: 'False'
    - OutDescEst: ' (L tot 3000 + 14) ' 
    - ErrorMessage: ''
0273548:
    - bResult: 'False'
    - OutDescEst: ' (L tot 2800 + 12)  - 3 piastre interne x CVO' 
    - ErrorMessage: ''
0273549:
    - bResult: 'False'
    - OutDescEst: ' (L tot 2800 + 12)  - 3 piastre interne x CVO' 
    - ErrorMessage: ''
0276156:
    - bResult: 'False'
    - OutDescEst: ' (L tot 4100 + 14)  - 4 piastre interne x CVO' 
    - ErrorMessage: ''
0276774:
    - bResult: 'False'
    - OutDescEst: ' (L tot 2100 + 14) ' 
    - ErrorMessage: ''
0276775:
    - bResult: 'False'
    - OutDescEst: ' (L tot 2100 + 14) ' 
    - ErrorMessage: ''
0276776:
    - bResult: 'False'
    - OutDescEst: ' (L tot 2400 + 14) ' 
    - ErrorMessage: ''
0276777:
    - bResult: 'False'
    - OutDescEst: ' (L tot 2400 + 14) ' 
    - ErrorMessage: ''
0276778:
    - bResult: 'False'
    - OutDescEst: ' (L tot 2500 + 14) ' 
    - ErrorMessage: ''
0276779:
    - bResult: 'False'
    - OutDescEst: ' (L tot 2500 + 14) ' 
    - ErrorMessage: ''
0276781:
    - bResult: 'False'
    - OutDescEst: ' (L tot 4000 + 14)  - 4 piastre interne x CVO' 
    - ErrorMessage: ''
0276783:
    - bResult: 'False'
    - OutDescEst: ' (L tot 4200 + 14)  - 4 piastre interne x CVO' 
    - ErrorMessage: ''
0276785:
    - bResult: 'False'
    - OutDescEst: ' (L tot 4400 + 14)  - 4 piastre interne x CVO' 
    - ErrorMessage: ''
0276787:
    - bResult: 'False'
    - OutDescEst: ' (L tot 4600 + 14)  - 4 piastre interne x CVO' 
    - ErrorMessage: ''
0277793:
    - bResult: 'False'
    - OutDescEst: ' (L tot 2700 + 14)  - 3 piastre interne x CVO' 
    - ErrorMessage: ''
0277794:
    - bResult: 'False'
    - OutDescEst: ' (L tot 2300 + 14)  - 3 piastre interne x CVO' 
    - ErrorMessage: ''
0277795:
    - bResult: 'False'
    - OutDescEst: ' (L tot 1880 + 14)  - 3 piastre interne x CVO' 
    - ErrorMessage: ''
0278776:
    - bResult: 'False'
    - OutDescEst: ' (L tot 1572 + 14) ' 
    - ErrorMessage: ''
0278777:
    - bResult: 'False'
    - OutDescEst: ' (L tot 1572 + 14) ' 
    - ErrorMessage: ''
0278778:
    - bResult: 'False'
    - OutDescEst: ' (L tot 1652 + 14)  - 3 piastre interne x CVO' 
    - ErrorMessage: ''
0278779:
    - bResult: 'False'
    - OutDescEst: ' (L tot 1652 + 14)  - 3 piastre interne x CVO' 
    - ErrorMessage: ''
0278820:
    - bResult: 'False'
    - OutDescEst: ' (L tot 3300 + 12)  - 3 piastre interne x CVO' 
    - ErrorMessage: ''
0278821:
    - bResult: 'False'
    - OutDescEst: ' (L tot 3300 + 12)  - 3 piastre interne x CVO' 
    - ErrorMessage: ''
0278822:
    - bResult: 'False'
    - OutDescEst: ' (L tot 3300 + 12) ' 
    - ErrorMessage: ''
0278823:
    - bResult: 'False'
    - OutDescEst: ' (L tot 3300 + 12) ' 
    - ErrorMessage: ''
0280411:
    - bResult: 'False'
    - OutDescEst: ' (L tot 3510 + 12)  - 4 piastre interne x CVO' 
    - ErrorMessage: ''
0280412:
    - bResult: 'False'
    - OutDescEst: ' (L tot 3510 + 12) ' 
    - ErrorMessage: ''
0286134:
    - bResult: 'False'
    - OutDescEst: ' (L tot 2372 + 14) ' 
    - ErrorMessage: ''
0287217:
    - bResult: 'False'
    - OutDescEst: ' (L tot 3575 + 14) ' 
    - ErrorMessage: ''
0287218:
    - bResult: 'False'
    - OutDescEst: ' (L tot 3575 + 14) ' 
    - ErrorMessage: ''
0288148:
    - bResult: 'False'
    - OutDescEst: ' (L tot 2686 + 14)  - 3 piastre interne x CVO' 
    - ErrorMessage: ''
0288149:
    - bResult: 'False'
    - OutDescEst: ' (L tot 2686 + 14)  - 3 piastre interne x CVO' 
    - ErrorMessage: ''
0288768:
    - bResult: 'False'
    - OutDescEst: ' (L tot 2686 + 0)  - 3 piastre interne x CVO' 
    - ErrorMessage: ''
0288769:
    - bResult: 'False'
    - OutDescEst: ' (L tot 2686 + 0)  - 3 piastre interne x CVO' 
    - ErrorMessage: ''
1000598:
    - bResult: 'False'
    - OutDescEst: '' 
    - ErrorMessage: ''
1000599:
    - bResult: 'False'
    - OutDescEst: '' 
    - ErrorMessage: ''
1000600:
    - bResult: 'False'
    - OutDescEst: '' 
    - ErrorMessage: ''
1000602:
    - bResult: 'False'
    - OutDescEst: 'Conn.5 ganci norm. - Int. - Est.' 
    - ErrorMessage: ''
