0016573:
    - bResult: 'False'
    - OutDescEst: 'S250GD +Z100' 
    - ErrorMessage: ''
0020069:
    - bResult: 'False'
    - OutDescEst: 'S250GD +Z100' 
    - ErrorMessage: ''
0023044:
    - bResult: 'False'
    - OutDescEst: 'S250GD +Z100' 
    - ErrorMessage: ''
0024447:
    - bResult: 'False'
    - OutDescEst: 'S250GD +Z100' 
    - ErrorMessage: ''
0027021:
    - bResult: 'False'
    - OutDescEst: 'S250GD +Z100' 
    - ErrorMessage: ''
0030413:
    - bResult: 'False'
    - OutDescEst: 'S250GD +Z100' 
    - ErrorMessage: ''
0031382:
    - bResult: 'False'
    - OutDescEst: 'S250GD +Z100' 
    - ErrorMessage: ''
0032708:
    - bResult: 'False'
    - OutDescEst: 'S250GD +Z100' 
    - ErrorMessage: ''
0036141:
    - bResult: 'False'
    - OutDescEst: 'S250GD +Z100' 
    - ErrorMessage: ''
0039568:
    - bResult: 'False'
    - OutDescEst: 'S250GD +Z100' 
    - ErrorMessage: ''
0041191:
    - bResult: 'False'
    - OutDescEst: 'S250GD +Z100' 
    - ErrorMessage: ''
0042858:
    - bResult: 'False'
    - OutDescEst: 'S250GD +Z100' 
    - ErrorMessage: ''
0044387:
    - bResult: 'False'
    - OutDescEst: 'S250GD +Z100' 
    - ErrorMessage: ''
0047873:
    - bResult: 'False'
    - OutDescEst: 'S250GD +Z100' 
    - ErrorMessage: ''
0047874:
    - bResult: 'False'
    - OutDescEst: 'S250GD +Z100' 
    - ErrorMessage: ''
0058801:
    - bResult: 'False'
    - OutDescEst: 'S250GD +Z100' 
    - ErrorMessage: ''
0071210:
    - bResult: 'False'
    - OutDescEst: 'S250GD +Z100' 
    - ErrorMessage: ''
0100572:
    - bResult: 'False'
    - OutDescEst: 'S250GD +Z100' 
    - ErrorMessage: ''
0118902:
    - bResult: 'False'
    - OutDescEst: 'S250GD +Z100' 
    - ErrorMessage: ''
0143433:
    - bResult: 'False'
    - OutDescEst: 'S250GD +Z100' 
    - ErrorMessage: ''
0143690:
    - bResult: 'False'
    - OutDescEst: 'S250GD +Z100' 
    - ErrorMessage: ''
0149995:
    - bResult: 'False'
    - OutDescEst: 'S250GD +Z100' 
    - ErrorMessage: ''
0149996:
    - bResult: 'False'
    - OutDescEst: 'S250GD +Z100' 
    - ErrorMessage: ''
0149997:
    - bResult: 'False'
    - OutDescEst: 'S250GD +Z100' 
    - ErrorMessage: ''
0149998:
    - bResult: 'False'
    - OutDescEst: 'S250GD +Z100' 
    - ErrorMessage: ''
0149999:
    - bResult: 'False'
    - OutDescEst: 'S250GD +Z100' 
    - ErrorMessage: ''
0150000:
    - bResult: 'False'
    - OutDescEst: 'S250GD +Z100' 
    - ErrorMessage: ''
0150900:
    - bResult: 'False'
    - OutDescEst: 'S250GD +Z100' 
    - ErrorMessage: ''
0150901:
    - bResult: 'False'
    - OutDescEst: 'S250GD +Z100' 
    - ErrorMessage: ''
0150902:
    - bResult: 'False'
    - OutDescEst: 'S250GD +Z100' 
    - ErrorMessage: ''
0175475:
    - bResult: 'False'
    - OutDescEst: 'S250GD +Z100' 
    - ErrorMessage: ''
0175476:
    - bResult: 'False'
    - OutDescEst: 'S250GD +Z100' 
    - ErrorMessage: ''
0176526:
    - bResult: 'False'
    - OutDescEst: 'S250GD +Z100' 
    - ErrorMessage: ''
0178396:
    - bResult: 'False'
    - OutDescEst: 'S250GD +Z100' 
    - ErrorMessage: ''
0180025:
    - bResult: 'False'
    - OutDescEst: 'S250GD +Z100' 
    - ErrorMessage: ''
0184092:
    - bResult: 'False'
    - OutDescEst: 'S250GD +Z100' 
    - ErrorMessage: ''
0184093:
    - bResult: 'False'
    - OutDescEst: 'S250GD +Z100' 
    - ErrorMessage: ''
0184094:
    - bResult: 'False'
    - OutDescEst: 'S250GD +Z100' 
    - ErrorMessage: ''
0187820:
    - bResult: 'False'
    - OutDescEst: 'S250GD +Z100' 
    - ErrorMessage: ''
0187821:
    - bResult: 'False'
    - OutDescEst: 'S250GD +Z100' 
    - ErrorMessage: ''
0189546:
    - bResult: 'False'
    - OutDescEst: '' 
    - ErrorMessage: ''
0191399:
    - bResult: 'False'
    - OutDescEst: 'S250GD +Z100' 
    - ErrorMessage: ''
0191400:
    - bResult: 'False'
    - OutDescEst: 'S250GD +Z100' 
    - ErrorMessage: ''
0205352:
    - bResult: 'False'
    - OutDescEst: 'S250GD +Z100' 
    - ErrorMessage: ''
0205499:
    - bResult: 'False'
    - OutDescEst: 'S250GD +Z100' 
    - ErrorMessage: ''
0207841:
    - bResult: 'False'
    - OutDescEst: 'S250GD +Z100' 
    - ErrorMessage: ''
0211968:
    - bResult: 'False'
    - OutDescEst: 'S250GD +Z100' 
    - ErrorMessage: ''
0219118:
    - bResult: 'False'
    - OutDescEst: '' 
    - ErrorMessage: ''
0219643:
    - bResult: 'False'
    - OutDescEst: 'S250GD +Z100' 
    - ErrorMessage: ''
0227230:
    - bResult: 'False'
    - OutDescEst: 'S250GD +Z100' 
    - ErrorMessage: ''
0227231:
    - bResult: 'False'
    - OutDescEst: 'S250GD +Z100' 
    - ErrorMessage: ''
0227232:
    - bResult: 'False'
    - OutDescEst: 'S250GD +Z100' 
    - ErrorMessage: ''
0237051:
    - bResult: 'False'
    - OutDescEst: 'S250GD +Z100' 
    - ErrorMessage: ''
0244916:
    - bResult: 'False'
    - OutDescEst: '' 
    - ErrorMessage: ''
0244917:
    - bResult: 'False'
    - OutDescEst: 'S250GD +Z100' 
    - ErrorMessage: ''
0246565:
    - bResult: 'False'
    - OutDescEst: 'S250GD +Z100' 
    - ErrorMessage: ''
0250941:
    - bResult: 'False'
    - OutDescEst: 'S250GD +Z100' 
    - ErrorMessage: ''
0251007:
    - bResult: 'False'
    - OutDescEst: 'S250GD +Z100' 
    - ErrorMessage: ''
0251008:
    - bResult: 'False'
    - OutDescEst: 'S250GD +Z100' 
    - ErrorMessage: ''
0252669:
    - bResult: 'False'
    - OutDescEst: 'S250GD +Z100' 
    - ErrorMessage: ''
0260342:
    - bResult: 'False'
    - OutDescEst: '' 
    - ErrorMessage: ''
0261110:
    - bResult: 'False'
    - OutDescEst: 'S250GD +Z100' 
    - ErrorMessage: ''
0278688:
    - bResult: 'False'
    - OutDescEst: 'S250GD +Z100' 
    - ErrorMessage: ''
0281202:
    - bResult: 'False'
    - OutDescEst: 'S250GD +Z100' 
    - ErrorMessage: ''
