0250804:
    - bResult: 'False'
    - OutDescEst: ' con  Bicchieri' 
    - ErrorMessage: ''
0250803:
    - bResult: 'False'
    - OutDescEst: ' con  Bicchieri' 
    - ErrorMessage: ''
0250802:
    - bResult: 'False'
    - OutDescEst: ' con  Bicchieri' 
    - ErrorMessage: ''
0250801:
    - bResult: 'False'
    - OutDescEst: ' con  Bicchieri' 
    - ErrorMessage: ''
0250800:
    - bResult: 'False'
    - OutDescEst: '  Piastra Conn.STD ' 
    - ErrorMessage: ''
0250797:
    - bResult: 'False'
    - OutDescEst: '' 
    - ErrorMessage: ''
0250796:
    - bResult: 'False'
    - OutDescEst: '' 
    - ErrorMessage: ''
0250795:
    - bResult: 'False'
    - OutDescEst: '' 
    - ErrorMessage: ''
0250697:
    - bResult: 'False'
    - OutDescEst: ' 1Bicch. - ' 
    - ErrorMessage: ''
0250688:
    - bResult: 'False'
    - OutDescEst: '' 
    - ErrorMessage: ''
0250687:
    - bResult: 'False'
    - OutDescEst: '' 
    - ErrorMessage: ''
0250534:
    - bResult: 'False'
    - OutDescEst: '' 
    - ErrorMessage: ''
0250533:
    - bResult: 'False'
    - OutDescEst: '' 
    - ErrorMessage: ''
0250471:
    - bResult: 'False'
    - OutDescEst: '' 
    - ErrorMessage: ''
0250451:
    - bResult: 'False'
    - OutDescEst: '' 
    - ErrorMessage: ''
0250450:
    - bResult: 'False'
    - OutDescEst: '' 
    - ErrorMessage: ''
0250449:
    - bResult: 'False'
    - OutDescEst: '' 
    - ErrorMessage: ''
0250448:
    - bResult: 'False'
    - OutDescEst: '' 
    - ErrorMessage: ''
0250447:
    - bResult: 'False'
    - OutDescEst: ' sp.30/10 Fori Ø17' 
    - ErrorMessage: ''
0250446:
    - bResult: 'False'
    - OutDescEst: ' con  Bicchieri Foratura x vecchia connessione' 
    - ErrorMessage: ''
0250445:
    - bResult: 'False'
    - OutDescEst: ' con  Bicchieri Foratura x vecchia connessione' 
    - ErrorMessage: ''
0250444:
    - bResult: 'False'
    - OutDescEst: ' con  Bicchieri Foratura x vecchia connessione' 
    - ErrorMessage: ''
0250443:
    - bResult: 'False'
    - OutDescEst: ' con  Bicchieri Foratura x vecchia connessione' 
    - ErrorMessage: ''
0250442:
    - bResult: 'False'
    - OutDescEst: ' sp.30/10 Fori Ø17' 
    - ErrorMessage: ''
0250439:
    - bResult: 'False'
    - OutDescEst: '  Piastra Conn.STD ' 
    - ErrorMessage: ''
0250438:
    - bResult: 'False'
    - OutDescEst: '  Piastra Conn.STD ' 
    - ErrorMessage: ''
0250437:
    - bResult: 'False'
    - OutDescEst: '' 
    - ErrorMessage: ''
0250434:
    - bResult: 'False'
    - OutDescEst: ' con  Bicchieri' 
    - ErrorMessage: ''
0250433:
    - bResult: 'False'
    - OutDescEst: ' con  Bicchieri' 
    - ErrorMessage: ''
0250432:
    - bResult: 'False'
    - OutDescEst: ' con  Bicchieri' 
    - ErrorMessage: ''
0250431:
    - bResult: 'False'
    - OutDescEst: ' con  Bicchieri' 
    - ErrorMessage: ''
0250430:
    - bResult: 'False'
    - OutDescEst: ' con  Bicchieri' 
    - ErrorMessage: ''
0250429:
    - bResult: 'False'
    - OutDescEst: ' con  Bicchieri' 
    - ErrorMessage: ''
0250428:
    - bResult: 'False'
    - OutDescEst: ' con  Bicchieri' 
    - ErrorMessage: ''
0250427:
    - bResult: 'False'
    - OutDescEst: ' con  Bicchieri' 
    - ErrorMessage: ''
0250426:
    - bResult: 'False'
    - OutDescEst: '' 
    - ErrorMessage: ''
0250425:
    - bResult: 'False'
    - OutDescEst: '  Piastra Conn.STD ' 
    - ErrorMessage: ''
0250424:
    - bResult: 'False'
    - OutDescEst: '  Piastra Conn.STD ' 
    - ErrorMessage: ''
0250423:
    - bResult: 'False'
    - OutDescEst: ' ' 
    - ErrorMessage: ''
0250422:
    - bResult: 'False'
    - OutDescEst: '' 
    - ErrorMessage: ''
0250421:
    - bResult: 'False'
    - OutDescEst: '' 
    - ErrorMessage: ''
0250419:
    - bResult: 'False'
    - OutDescEst: '' 
    - ErrorMessage: ''
0250414:
    - bResult: 'False'
    - OutDescEst: '' 
    - ErrorMessage: ''
0250374:
    - bResult: 'False'
    - OutDescEst: '' 
    - ErrorMessage: ''
0250371:
    - bResult: 'False'
    - OutDescEst: '  Piastra Conn.STD ' 
    - ErrorMessage: ''
0250370:
    - bResult: 'False'
    - OutDescEst: '  Piastra Conn.STD ' 
    - ErrorMessage: ''
0250369:
    - bResult: 'False'
    - OutDescEst: ' ' 
    - ErrorMessage: ''
0250368:
    - bResult: 'False'
    - OutDescEst: ' ' 
    - ErrorMessage: ''
0250367:
    - bResult: 'False'
    - OutDescEst: '' 
    - ErrorMessage: ''
0250366:
    - bResult: 'False'
    - OutDescEst: 'Parallela' 
    - ErrorMessage: ''
0250339:
    - bResult: 'False'
    - OutDescEst: '' 
    - ErrorMessage: ''
0250338:
    - bResult: 'False'
    - OutDescEst: '' 
    - ErrorMessage: ''
0250335:
    - bResult: 'False'
    - OutDescEst: '' 
    - ErrorMessage: ''
0250195:
    - bResult: 'False'
    - OutDescEst: ' con  Bicchieri' 
    - ErrorMessage: ''
0250194:
    - bResult: 'False'
    - OutDescEst: ' con  Bicchieri' 
    - ErrorMessage: ''
0250193:
    - bResult: 'False'
    - OutDescEst: ' con  Bicchieri' 
    - ErrorMessage: ''
0250192:
    - bResult: 'False'
    - OutDescEst: ' con  Bicchieri' 
    - ErrorMessage: ''
0250191:
    - bResult: 'False'
    - OutDescEst: '' 
    - ErrorMessage: ''
0250156:
    - bResult: 'False'
    - OutDescEst: '' 
    - ErrorMessage: ''
0249979:
    - bResult: 'False'
    - OutDescEst: ' con  Bicchieri' 
    - ErrorMessage: ''
0249978:
    - bResult: 'False'
    - OutDescEst: ' con  Bicchieri' 
    - ErrorMessage: ''
0249977:
    - bResult: 'False'
    - OutDescEst: ' ' 
    - ErrorMessage: ''
0249976:
    - bResult: 'False'
    - OutDescEst: ' ' 
    - ErrorMessage: ''
0249975:
    - bResult: 'False'
    - OutDescEst: ' ' 
    - ErrorMessage: ''
0249974:
    - bResult: 'False'
    - OutDescEst: ' ' 
    - ErrorMessage: ''
0249973:
    - bResult: 'False'
    - OutDescEst: '' 
    - ErrorMessage: ''
0249972:
    - bResult: 'False'
    - OutDescEst: 'Rastremata' 
    - ErrorMessage: ''
0249971:
    - bResult: 'False'
    - OutDescEst: 'Rastremata' 
    - ErrorMessage: ''
0249970:
    - bResult: 'False'
    - OutDescEst: 'Parallela' 
    - ErrorMessage: ''
0249965:
    - bResult: 'False'
    - OutDescEst: '  Piastra Conn.STD ' 
    - ErrorMessage: ''
0249964:
    - bResult: 'False'
    - OutDescEst: ' ' 
    - ErrorMessage: ''
0249963:
    - bResult: 'False'
    - OutDescEst: ' ' 
    - ErrorMessage: ''
0249962:
    - bResult: 'False'
    - OutDescEst: ' ' 
    - ErrorMessage: ''
0249961:
    - bResult: 'False'
    - OutDescEst: ' ' 
    - ErrorMessage: ''
0249960:
    - bResult: 'False'
    - OutDescEst: '' 
    - ErrorMessage: ''
0249959:
    - bResult: 'False'
    - OutDescEst: 'Rastremata' 
    - ErrorMessage: ''
0249958:
    - bResult: 'False'
    - OutDescEst: 'Parallela' 
    - ErrorMessage: ''
0249957:
    - bResult: 'False'
    - OutDescEst: '' 
    - ErrorMessage: ''
0249869:
    - bResult: 'False'
    - OutDescEst: '' 
    - ErrorMessage: ''
0249848:
    - bResult: 'False'
    - OutDescEst: '' 
    - ErrorMessage: ''
0249843:
    - bResult: 'False'
    - OutDescEst: '' 
    - ErrorMessage: ''
0249842:
    - bResult: 'False'
    - OutDescEst: '' 
    - ErrorMessage: ''
0249841:
    - bResult: 'False'
    - OutDescEst: '' 
    - ErrorMessage: ''
0249840:
    - bResult: 'False'
    - OutDescEst: ' (L tot 6400 + 14)  - 4 piastre interne x CVO' 
    - ErrorMessage: ''
0249839:
    - bResult: 'False'
    - OutDescEst: ' (L tot 6400 + 14)  - 4 piastre interne x CVO' 
    - ErrorMessage: ''
0249821:
    - bResult: 'False'
    - OutDescEst: ' 1Bicch. - ' 
    - ErrorMessage: ''
0249820:
    - bResult: 'False'
    - OutDescEst: ' 1Bicch. - ' 
    - ErrorMessage: ''
0249819:
    - bResult: 'False'
    - OutDescEst: ' - 1 Bicchieri' 
    - ErrorMessage: ''
0249776:
    - bResult: 'False'
    - OutDescEst: ' APG DX+SX - ' 
    - ErrorMessage: ''
0249775:
    - bResult: 'False'
    - OutDescEst: ' APG DX+SX - ' 
    - ErrorMessage: ''
0249774:
    - bResult: 'False'
    - OutDescEst: ' APG DX - ' 
    - ErrorMessage: ''
0249773:
    - bResult: 'False'
    - OutDescEst: ' APG DX - ' 
    - ErrorMessage: ''
0249772:
    - bResult: 'False'
    - OutDescEst: 'Parallela' 
    - ErrorMessage: ''
0249762:
    - bResult: 'False'
    - OutDescEst: ' ' 
    - ErrorMessage: ''
0249761:
    - bResult: 'False'
    - OutDescEst: ' ' 
    - ErrorMessage: ''
0249760:
    - bResult: 'False'
    - OutDescEst: 'Rastremata' 
    - ErrorMessage: ''
0249742:
    - bResult: 'False'
    - OutDescEst: '  Piastra Conn.STD ' 
    - ErrorMessage: ''
0249741:
    - bResult: 'False'
    - OutDescEst: '  Piastra Conn.STD ' 
    - ErrorMessage: ''
0249740:
    - bResult: 'False'
    - OutDescEst: '' 
    - ErrorMessage: ''
0249739:
    - bResult: 'False'
    - OutDescEst: '' 
    - ErrorMessage: ''
0249728:
    - bResult: 'False'
    - OutDescEst: '' 
    - ErrorMessage: ''
0249516:
    - bResult: 'False'
    - OutDescEst: ' con  Bicchieri' 
    - ErrorMessage: ''
0249515:
    - bResult: 'False'
    - OutDescEst: ' con  Bicchieri' 
    - ErrorMessage: ''
0249514:
    - bResult: 'False'
    - OutDescEst: ' con  Bicchieri' 
    - ErrorMessage: ''
0249513:
    - bResult: 'False'
    - OutDescEst: ' con  Bicchieri' 
    - ErrorMessage: ''
0249512:
    - bResult: 'False'
    - OutDescEst: ' ' 
    - ErrorMessage: ''
0249511:
    - bResult: 'False'
    - OutDescEst: ' ' 
    - ErrorMessage: ''
0249510:
    - bResult: 'False'
    - OutDescEst: '' 
    - ErrorMessage: ''
0249509:
    - bResult: 'False'
    - OutDescEst: 'Rastremata' 
    - ErrorMessage: ''
0249408:
    - bResult: 'False'
    - OutDescEst: '' 
    - ErrorMessage: ''
0249361:
    - bResult: 'False'
    - OutDescEst: '  Piastra Conn.STD ' 
    - ErrorMessage: ''
0249360:
    - bResult: 'False'
    - OutDescEst: '' 
    - ErrorMessage: ''
0249359:
    - bResult: 'False'
    - OutDescEst: '' 
    - ErrorMessage: ''
0249187:
    - bResult: 'False'
    - OutDescEst: '  Piastra Conn.STD ' 
    - ErrorMessage: ''
0249186:
    - bResult: 'False'
    - OutDescEst: '  Piastra Conn.STD ' 
    - ErrorMessage: ''
0249185:
    - bResult: 'False'
    - OutDescEst: '' 
    - ErrorMessage: ''
0249183:
    - bResult: 'False'
    - OutDescEst: '  Piastra Conn.STD ' 
    - ErrorMessage: ''
0249182:
    - bResult: 'False'
    - OutDescEst: '  Piastra Conn.STD ' 
    - ErrorMessage: ''
0249181:
    - bResult: 'False'
    - OutDescEst: '' 
    - ErrorMessage: ''
0249168:
    - bResult: 'False'
    - OutDescEst: ' con  Bicchieri' 
    - ErrorMessage: ''
0249167:
    - bResult: 'False'
    - OutDescEst: ' con  Bicchieri' 
    - ErrorMessage: ''
0249166:
    - bResult: 'False'
    - OutDescEst: '' 
    - ErrorMessage: ''
0249165:
    - bResult: 'False'
    - OutDescEst: '' 
    - ErrorMessage: ''
0249164:
    - bResult: 'False'
    - OutDescEst: '  Piastra Conn.STD ' 
    - ErrorMessage: ''
0249163:
    - bResult: 'False'
    - OutDescEst: '  Piastra Conn.STD ' 
    - ErrorMessage: ''
0249162:
    - bResult: 'False'
    - OutDescEst: '' 
    - ErrorMessage: ''
0249160:
    - bResult: 'False'
    - OutDescEst: '' 
    - ErrorMessage: ''
0249159:
    - bResult: 'False'
    - OutDescEst: '' 
    - ErrorMessage: ''
0249158:
    - bResult: 'False'
    - OutDescEst: '' 
    - ErrorMessage: ''
0249157:
    - bResult: 'False'
    - OutDescEst: '' 
    - ErrorMessage: ''
0249156:
    - bResult: 'False'
    - OutDescEst: '' 
    - ErrorMessage: ''
0249149:
    - bResult: 'False'
    - OutDescEst: '' 
    - ErrorMessage: ''
0249148:
    - bResult: 'False'
    - OutDescEst: '' 
    - ErrorMessage: ''
0249144:
    - bResult: 'False'
    - OutDescEst: ' (L tot 2700 + 12)  - 3 piastre interne x CVO' 
    - ErrorMessage: ''
0249137:
    - bResult: 'False'
    - OutDescEst: '' 
    - ErrorMessage: ''
0249059:
    - bResult: 'False'
    - OutDescEst: ' ' 
    - ErrorMessage: ''
0249052:
    - bResult: 'False'
    - OutDescEst: ' - connessione vecchia (34 M16) - connessione vecchia (34 M16)' 
    - ErrorMessage: ''
0248874:
    - bResult: 'False'
    - OutDescEst: '  Piastra Conn.STD ' 
    - ErrorMessage: ''
0248873:
    - bResult: 'False'
    - OutDescEst: '  Piastra Conn.STD ' 
    - ErrorMessage: ''
0248872:
    - bResult: 'False'
    - OutDescEst: '' 
    - ErrorMessage: ''
0248868:
    - bResult: 'False'
    - OutDescEst: '  Piastra Conn.STD ' 
    - ErrorMessage: ''
0248867:
    - bResult: 'False'
    - OutDescEst: '  Piastra Conn.STD ' 
    - ErrorMessage: ''
0248866:
    - bResult: 'False'
    - OutDescEst: '' 
    - ErrorMessage: ''
0248864:
    - bResult: 'False'
    - OutDescEst: '' 
    - ErrorMessage: ''
0248863:
    - bResult: 'False'
    - OutDescEst: '  Piastra Conn.STD ' 
    - ErrorMessage: ''
0248862:
    - bResult: 'False'
    - OutDescEst: '  Piastra Conn.STD ' 
    - ErrorMessage: ''
0248861:
    - bResult: 'False'
    - OutDescEst: '' 
    - ErrorMessage: ''
0248834:
    - bResult: 'False'
    - OutDescEst: ' ' 
    - ErrorMessage: ''
0248833:
    - bResult: 'False'
    - OutDescEst: ' ' 
    - ErrorMessage: ''
0248829:
    - bResult: 'False'
    - OutDescEst: ' con  Bicchieri' 
    - ErrorMessage: ''
0248828:
    - bResult: 'False'
    - OutDescEst: ' con  Bicchieri' 
    - ErrorMessage: ''
0248827:
    - bResult: 'False'
    - OutDescEst: ' con  Bicchieri' 
    - ErrorMessage: ''
0248826:
    - bResult: 'False'
    - OutDescEst: ' con  Bicchieri' 
    - ErrorMessage: ''
0248825:
    - bResult: 'False'
    - OutDescEst: '' 
    - ErrorMessage: ''
0248820:
    - bResult: 'False'
    - OutDescEst: '' 
    - ErrorMessage: ''
0248819:
    - bResult: 'False'
    - OutDescEst: '' 
    - ErrorMessage: ''
0248818:
    - bResult: 'False'
    - OutDescEst: '' 
    - ErrorMessage: ''
0248783:
    - bResult: 'False'
    - OutDescEst: '' 
    - ErrorMessage: ''
0248782:
    - bResult: 'False'
    - OutDescEst: '  Piastra Conn.STD ' 
    - ErrorMessage: ''
0248781:
    - bResult: 'False'
    - OutDescEst: '  Piastra Conn.STD ' 
    - ErrorMessage: ''
0248780:
    - bResult: 'False'
    - OutDescEst: '' 
    - ErrorMessage: ''
0248779:
    - bResult: 'False'
    - OutDescEst: '' 
    - ErrorMessage: ''
0248776:
    - bResult: 'False'
    - OutDescEst: '' 
    - ErrorMessage: ''
0248775:
    - bResult: 'False'
    - OutDescEst: '' 
    - ErrorMessage: ''
0248772:
    - bResult: 'False'
    - OutDescEst: ' con  Bicchieri' 
    - ErrorMessage: ''
0248771:
    - bResult: 'False'
    - OutDescEst: ' con  Bicchieri' 
    - ErrorMessage: ''
0248770:
    - bResult: 'False'
    - OutDescEst: ' con  Bicchieri' 
    - ErrorMessage: ''
0248769:
    - bResult: 'False'
    - OutDescEst: ' con  Bicchieri' 
    - ErrorMessage: ''
0248768:
    - bResult: 'False'
    - OutDescEst: ' con  Bicchieri' 
    - ErrorMessage: ''
0248767:
    - bResult: 'False'
    - OutDescEst: ' con  Bicchieri' 
    - ErrorMessage: ''
0248766:
    - bResult: 'False'
    - OutDescEst: ' con  Bicchieri' 
    - ErrorMessage: ''
0248765:
    - bResult: 'False'
    - OutDescEst: ' con  Bicchieri' 
    - ErrorMessage: ''
0248764:
    - bResult: 'False'
    - OutDescEst: '  Piastra Conn.STD ' 
    - ErrorMessage: ''
0248763:
    - bResult: 'False'
    - OutDescEst: '  Piastra Conn.STD ' 
    - ErrorMessage: ''
0248762:
    - bResult: 'False'
    - OutDescEst: '' 
    - ErrorMessage: ''
0248761:
    - bResult: 'False'
    - OutDescEst: '' 
    - ErrorMessage: ''
0248760:
    - bResult: 'False'
    - OutDescEst: '' 
    - ErrorMessage: ''
0248759:
    - bResult: 'False'
    - OutDescEst: '' 
    - ErrorMessage: ''
0248743:
    - bResult: 'False'
    - OutDescEst: ' con  Bicchieri' 
    - ErrorMessage: ''
0248742:
    - bResult: 'False'
    - OutDescEst: ' con  Bicchieri' 
    - ErrorMessage: ''
0248741:
    - bResult: 'False'
    - OutDescEst: ' con  Bicchieri' 
    - ErrorMessage: ''
0248740:
    - bResult: 'False'
    - OutDescEst: ' con  Bicchieri' 
    - ErrorMessage: ''
0248739:
    - bResult: 'False'
    - OutDescEst: ' con  Bicchieri' 
    - ErrorMessage: ''
0248738:
    - bResult: 'False'
    - OutDescEst: ' con  Bicchieri' 
    - ErrorMessage: ''
0248735:
    - bResult: 'False'
    - OutDescEst: ' APG SX - ' 
    - ErrorMessage: ''
0248734:
    - bResult: 'False'
    - OutDescEst: ' APG DX+SX - ' 
    - ErrorMessage: ''
0248733:
    - bResult: 'False'
    - OutDescEst: ' APG DX - ' 
    - ErrorMessage: ''
0248730:
    - bResult: 'False'
    - OutDescEst: '' 
    - ErrorMessage: ''
0248729:
    - bResult: 'False'
    - OutDescEst: '' 
    - ErrorMessage: ''
0248728:
    - bResult: 'False'
    - OutDescEst: '' 
    - ErrorMessage: ''
0248727:
    - bResult: 'False'
    - OutDescEst: '' 
    - ErrorMessage: ''
0248726:
    - bResult: 'False'
    - OutDescEst: '' 
    - ErrorMessage: ''
0248725:
    - bResult: 'False'
    - OutDescEst: '' 
    - ErrorMessage: ''
0248724:
    - bResult: 'False'
    - OutDescEst: '' 
    - ErrorMessage: ''
0248723:
    - bResult: 'False'
    - OutDescEst: '' 
    - ErrorMessage: ''
0248722:
    - bResult: 'False'
    - OutDescEst: '' 
    - ErrorMessage: ''
0248721:
    - bResult: 'False'
    - OutDescEst: '' 
    - ErrorMessage: ''
0248720:
    - bResult: 'False'
    - OutDescEst: '' 
    - ErrorMessage: ''
0248719:
    - bResult: 'False'
    - OutDescEst: '' 
    - ErrorMessage: ''
0248718:
    - bResult: 'False'
    - OutDescEst: 'Parallela' 
    - ErrorMessage: ''
0248651:
    - bResult: 'False'
    - OutDescEst: ' ' 
    - ErrorMessage: ''
0248650:
    - bResult: 'False'
    - OutDescEst: ' ' 
    - ErrorMessage: ''
0248649:
    - bResult: 'False'
    - OutDescEst: '' 
    - ErrorMessage: ''
0248648:
    - bResult: 'False'
    - OutDescEst: 'Parallela' 
    - ErrorMessage: ''
0248609:
    - bResult: 'False'
    - OutDescEst: '' 
    - ErrorMessage: ''
0248608:
    - bResult: 'False'
    - OutDescEst: '' 
    - ErrorMessage: ''
0248607:
    - bResult: 'False'
    - OutDescEst: '' 
    - ErrorMessage: ''
0248552:
    - bResult: 'False'
    - OutDescEst: ' ' 
    - ErrorMessage: ''
0248551:
    - bResult: 'False'
    - OutDescEst: ' ' 
    - ErrorMessage: ''
0248539:
    - bResult: 'False'
    - OutDescEst: '' 
    - ErrorMessage: ''
0248538:
    - bResult: 'False'
    - OutDescEst: '  Piastra Conn.STD ' 
    - ErrorMessage: ''
0248537:
    - bResult: 'False'
    - OutDescEst: '  Piastra Conn.STD ' 
    - ErrorMessage: ''
0248536:
    - bResult: 'False'
    - OutDescEst: '' 
    - ErrorMessage: ''
0248514:
    - bResult: 'False'
    - OutDescEst: ' con  Bicchieri' 
    - ErrorMessage: ''
0248513:
    - bResult: 'False'
    - OutDescEst: ' con  Bicchieri' 
    - ErrorMessage: ''
0248512:
    - bResult: 'False'
    - OutDescEst: '' 
    - ErrorMessage: ''
0248415:
    - bResult: 'False'
    - OutDescEst: ' con  Bicchieri' 
    - ErrorMessage: ''
0248414:
    - bResult: 'False'
    - OutDescEst: ' con  Bicchieri' 
    - ErrorMessage: ''
0248413:
    - bResult: 'False'
    - OutDescEst: ' con  Bicchieri' 
    - ErrorMessage: ''
0248412:
    - bResult: 'False'
    - OutDescEst: ' con  Bicchieri' 
    - ErrorMessage: ''
0248411:
    - bResult: 'False'
    - OutDescEst: ' con  Bicchieri' 
    - ErrorMessage: ''
0248410:
    - bResult: 'False'
    - OutDescEst: ' con  Bicchieri' 
    - ErrorMessage: ''
0248409:
    - bResult: 'False'
    - OutDescEst: '' 
    - ErrorMessage: ''
0248408:
    - bResult: 'False'
    - OutDescEst: '  Piastra Conn.STD ' 
    - ErrorMessage: ''
0248407:
    - bResult: 'False'
    - OutDescEst: '  Piastra Conn.STD ' 
    - ErrorMessage: ''
0248406:
    - bResult: 'False'
    - OutDescEst: '  Piastra Conn.STD ' 
    - ErrorMessage: ''
0248405:
    - bResult: 'False'
    - OutDescEst: '  Piastra Conn.STD ' 
    - ErrorMessage: ''
0248404:
    - bResult: 'False'
    - OutDescEst: '' 
    - ErrorMessage: ''
0248403:
    - bResult: 'False'
    - OutDescEst: '' 
    - ErrorMessage: ''
0248360:
    - bResult: 'False'
    - OutDescEst: ' con  Bicchieri' 
    - ErrorMessage: ''
0248359:
    - bResult: 'False'
    - OutDescEst: ' con  Bicchieri' 
    - ErrorMessage: ''
0248358:
    - bResult: 'False'
    - OutDescEst: ' con  Bicchieri' 
    - ErrorMessage: ''
0248357:
    - bResult: 'False'
    - OutDescEst: ' con  Bicchieri' 
    - ErrorMessage: ''
0248356:
    - bResult: 'False'
    - OutDescEst: '  Piastra Conn.STD ' 
    - ErrorMessage: ''
0248355:
    - bResult: 'False'
    - OutDescEst: '  Piastra Conn.STD ' 
    - ErrorMessage: ''
0248354:
    - bResult: 'False'
    - OutDescEst: '' 
    - ErrorMessage: ''
0248353:
    - bResult: 'False'
    - OutDescEst: '' 
    - ErrorMessage: ''
0248344:
    - bResult: 'False'
    - OutDescEst: '' 
    - ErrorMessage: ''
0248259:
    - bResult: 'False'
    - OutDescEst: '' 
    - ErrorMessage: ''
0248251:
    - bResult: 'False'
    - OutDescEst: '' 
    - ErrorMessage: ''
0248136:
    - bResult: 'False'
    - OutDescEst: '' 
    - ErrorMessage: ''
0248102:
    - bResult: 'False'
    - OutDescEst: '' 
    - ErrorMessage: ''
0248079:
    - bResult: 'False'
    - OutDescEst: '  Piastra Conn.STD ' 
    - ErrorMessage: ''
0248078:
    - bResult: 'False'
    - OutDescEst: '  Piastra Conn.STD ' 
    - ErrorMessage: ''
0248077:
    - bResult: 'False'
    - OutDescEst: '' 
    - ErrorMessage: ''
0248016:
    - bResult: 'False'
    - OutDescEst: '' 
    - ErrorMessage: ''
0247992:
    - bResult: 'False'
    - OutDescEst: '' 
    - ErrorMessage: ''
0247968:
    - bResult: 'False'
    - OutDescEst: '  Piastra Conn.STD Fix a terra Ø17' 
    - ErrorMessage: ''
0247966:
    - bResult: 'False'
    - OutDescEst: '' 
    - ErrorMessage: ''
0247963:
    - bResult: 'False'
    - OutDescEst: '' 
    - ErrorMessage: ''
0247945:
    - bResult: 'False'
    - OutDescEst: '' 
    - ErrorMessage: ''
0247944:
    - bResult: 'False'
    - OutDescEst: '' 
    - ErrorMessage: ''
0247943:
    - bResult: 'False'
    - OutDescEst: '' 
    - ErrorMessage: ''
0247942:
    - bResult: 'False'
    - OutDescEst: '' 
    - ErrorMessage: ''
0247941:
    - bResult: 'False'
    - OutDescEst: '  Piastra Conn.STD Fix a terra Ø17' 
    - ErrorMessage: ''
0247940:
    - bResult: 'False'
    - OutDescEst: '  Piastra Conn.STD Fix a terra Ø17' 
    - ErrorMessage: ''
0247938:
    - bResult: 'False'
    - OutDescEst: '' 
    - ErrorMessage: ''
0247935:
    - bResult: 'False'
    - OutDescEst: ' con  Bicchieri' 
    - ErrorMessage: ''
0247934:
    - bResult: 'False'
    - OutDescEst: ' con  Bicchieri' 
    - ErrorMessage: ''
0247933:
    - bResult: 'False'
    - OutDescEst: ' con  Bicchieri' 
    - ErrorMessage: ''
0247932:
    - bResult: 'False'
    - OutDescEst: ' con  Bicchieri' 
    - ErrorMessage: ''
0247931:
    - bResult: 'False'
    - OutDescEst: ' con  Bicchieri' 
    - ErrorMessage: ''
0247930:
    - bResult: 'False'
    - OutDescEst: ' con  Bicchieri' 
    - ErrorMessage: ''
0247929:
    - bResult: 'False'
    - OutDescEst: ' con  Bicchieri' 
    - ErrorMessage: ''
0247928:
    - bResult: 'False'
    - OutDescEst: ' con  Bicchieri' 
    - ErrorMessage: ''
0247927:
    - bResult: 'False'
    - OutDescEst: '' 
    - ErrorMessage: ''
0247925:
    - bResult: 'False'
    - OutDescEst: ' con  Bicchieri' 
    - ErrorMessage: ''
0247924:
    - bResult: 'False'
    - OutDescEst: '' 
    - ErrorMessage: ''
0247923:
    - bResult: 'False'
    - OutDescEst: '  Piastra Conn.STD Fix a terra Ø17' 
    - ErrorMessage: ''
0247922:
    - bResult: 'False'
    - OutDescEst: '  Piastra Conn.STD Fix a terra Ø17' 
    - ErrorMessage: ''
0247921:
    - bResult: 'False'
    - OutDescEst: ' APG SX - ' 
    - ErrorMessage: ''
0247920:
    - bResult: 'False'
    - OutDescEst: ' APG SX - ' 
    - ErrorMessage: ''
0247919:
    - bResult: 'False'
    - OutDescEst: ' APG DX+SX - ' 
    - ErrorMessage: ''
0247918:
    - bResult: 'False'
    - OutDescEst: ' APG DX+SX - ' 
    - ErrorMessage: ''
0247917:
    - bResult: 'False'
    - OutDescEst: ' APG DX - ' 
    - ErrorMessage: ''
0247916:
    - bResult: 'False'
    - OutDescEst: ' APG DX - ' 
    - ErrorMessage: ''
0247915:
    - bResult: 'False'
    - OutDescEst: ' ' 
    - ErrorMessage: ''
0247914:
    - bResult: 'False'
    - OutDescEst: ' ' 
    - ErrorMessage: ''
0247913:
    - bResult: 'False'
    - OutDescEst: '' 
    - ErrorMessage: ''
0247912:
    - bResult: 'False'
    - OutDescEst: '' 
    - ErrorMessage: ''
0247911:
    - bResult: 'False'
    - OutDescEst: '' 
    - ErrorMessage: ''
0247910:
    - bResult: 'False'
    - OutDescEst: 'Rastremata' 
    - ErrorMessage: ''
0247906:
    - bResult: 'False'
    - OutDescEst: '' 
    - ErrorMessage: ''
0247895:
    - bResult: 'False'
    - OutDescEst: '' 
    - ErrorMessage: ''
0247894:
    - bResult: 'False'
    - OutDescEst: '' 
    - ErrorMessage: ''
0247859:
    - bResult: 'False'
    - OutDescEst: '' 
    - ErrorMessage: ''
0247826:
    - bResult: 'False'
    - OutDescEst: '' 
    - ErrorMessage: ''
0247825:
    - bResult: 'False'
    - OutDescEst: '' 
    - ErrorMessage: ''
0247823:
    - bResult: 'False'
    - OutDescEst: ' con  Bicchieri' 
    - ErrorMessage: ''
0247822:
    - bResult: 'False'
    - OutDescEst: ' con  Bicchieri' 
    - ErrorMessage: ''
0247821:
    - bResult: 'False'
    - OutDescEst: ' con  Bicchieri' 
    - ErrorMessage: ''
0247820:
    - bResult: 'False'
    - OutDescEst: ' con  Bicchieri' 
    - ErrorMessage: ''
0247819:
    - bResult: 'False'
    - OutDescEst: '  Piastra Conn.STD ' 
    - ErrorMessage: ''
0247818:
    - bResult: 'False'
    - OutDescEst: '  Piastra Conn.STD ' 
    - ErrorMessage: ''
0247817:
    - bResult: 'False'
    - OutDescEst: '' 
    - ErrorMessage: ''
0247816:
    - bResult: 'False'
    - OutDescEst: '' 
    - ErrorMessage: ''
0247739:
    - bResult: 'False'
    - OutDescEst: ' con  Bicchieri' 
    - ErrorMessage: ''
0247738:
    - bResult: 'False'
    - OutDescEst: ' con  Bicchieri' 
    - ErrorMessage: ''
0247737:
    - bResult: 'False'
    - OutDescEst: ' con  Bicchieri' 
    - ErrorMessage: ''
0247736:
    - bResult: 'False'
    - OutDescEst: ' con  Bicchieri' 
    - ErrorMessage: ''
0247735:
    - bResult: 'False'
    - OutDescEst: ' 1Bicch. - APG SX - ' 
    - ErrorMessage: ''
0247734:
    - bResult: 'False'
    - OutDescEst: ' 1Bicch. - APG SX - ' 
    - ErrorMessage: ''
0247733:
    - bResult: 'False'
    - OutDescEst: ' 1Bicch. - APG DX - ' 
    - ErrorMessage: ''
0247732:
    - bResult: 'False'
    - OutDescEst: ' 1Bicch. - APG DX - ' 
    - ErrorMessage: ''
0247731:
    - bResult: 'False'
    - OutDescEst: ' - 1 Bicchieri' 
    - ErrorMessage: ''
0247730:
    - bResult: 'False'
    - OutDescEst: ' - 1 Bicchieri' 
    - ErrorMessage: ''
0247729:
    - bResult: 'False'
    - OutDescEst: ' - 1 Bicchieri' 
    - ErrorMessage: ''
0247673:
    - bResult: 'False'
    - OutDescEst: ' - 1 Bicchieri' 
    - ErrorMessage: ''
0247632:
    - bResult: 'False'
    - OutDescEst: '' 
    - ErrorMessage: ''
0247624:
    - bResult: 'False'
    - OutDescEst: ' con  Bicchieri' 
    - ErrorMessage: ''
0247623:
    - bResult: 'False'
    - OutDescEst: ' con  Bicchieri' 
    - ErrorMessage: ''
0247622:
    - bResult: 'False'
    - OutDescEst: ' con  Bicchieri' 
    - ErrorMessage: ''
0247621:
    - bResult: 'False'
    - OutDescEst: ' con  Bicchieri' 
    - ErrorMessage: ''
0247620:
    - bResult: 'False'
    - OutDescEst: ' con  Bicchieri' 
    - ErrorMessage: ''
0247619:
    - bResult: 'False'
    - OutDescEst: ' con  Bicchieri' 
    - ErrorMessage: ''
0247618:
    - bResult: 'False'
    - OutDescEst: '  Piastra Conn.STD ' 
    - ErrorMessage: ''
0247617:
    - bResult: 'False'
    - OutDescEst: '  Piastra Conn.STD ' 
    - ErrorMessage: ''
0247616:
    - bResult: 'False'
    - OutDescEst: '' 
    - ErrorMessage: ''
0247615:
    - bResult: 'False'
    - OutDescEst: '' 
    - ErrorMessage: ''
0247614:
    - bResult: 'False'
    - OutDescEst: '' 
    - ErrorMessage: ''
0247528:
    - bResult: 'False'
    - OutDescEst: '' 
    - ErrorMessage: ''
0247527:
    - bResult: 'False'
    - OutDescEst: '' 
    - ErrorMessage: ''
0247515:
    - bResult: 'False'
    - OutDescEst: ' con  Bicchieri' 
    - ErrorMessage: ''
0247514:
    - bResult: 'False'
    - OutDescEst: ' con  Bicchieri' 
    - ErrorMessage: ''
0247513:
    - bResult: 'False'
    - OutDescEst: '  Piastra Conn.STD ' 
    - ErrorMessage: ''
0247512:
    - bResult: 'False'
    - OutDescEst: '  Piastra Conn.STD ' 
    - ErrorMessage: ''
0247511:
    - bResult: 'False'
    - OutDescEst: '' 
    - ErrorMessage: ''
0247507:
    - bResult: 'False'
    - OutDescEst: '' 
    - ErrorMessage: ''
0247506:
    - bResult: 'False'
    - OutDescEst: '  Piastra Conn.STD ' 
    - ErrorMessage: ''
0247505:
    - bResult: 'False'
    - OutDescEst: '  Piastra Conn.STD ' 
    - ErrorMessage: ''
0247504:
    - bResult: 'False'
    - OutDescEst: '  Piastra Conn.STD ' 
    - ErrorMessage: ''
0247503:
    - bResult: 'False'
    - OutDescEst: '  Piastra Conn.STD ' 
    - ErrorMessage: ''
0247502:
    - bResult: 'False'
    - OutDescEst: '  Piastra Conn.STD ' 
    - ErrorMessage: ''
0247501:
    - bResult: 'False'
    - OutDescEst: '  Piastra Conn.STD ' 
    - ErrorMessage: ''
0247500:
    - bResult: 'False'
    - OutDescEst: '  Piastra Conn.STD ' 
    - ErrorMessage: ''
0247499:
    - bResult: 'False'
    - OutDescEst: '  Piastra Conn.STD ' 
    - ErrorMessage: ''
0247498:
    - bResult: 'False'
    - OutDescEst: '' 
    - ErrorMessage: ''
0247497:
    - bResult: 'False'
    - OutDescEst: '' 
    - ErrorMessage: ''
0247496:
    - bResult: 'False'
    - OutDescEst: '' 
    - ErrorMessage: ''
0247495:
    - bResult: 'False'
    - OutDescEst: '' 
    - ErrorMessage: ''
0247493:
    - bResult: 'False'
    - OutDescEst: ' con  Bicchieri' 
    - ErrorMessage: ''
0247492:
    - bResult: 'False'
    - OutDescEst: ' con  Bicchieri' 
    - ErrorMessage: ''
0247491:
    - bResult: 'False'
    - OutDescEst: ' con  Bicchieri' 
    - ErrorMessage: ''
0247490:
    - bResult: 'False'
    - OutDescEst: ' con  Bicchieri' 
    - ErrorMessage: ''
0247489:
    - bResult: 'False'
    - OutDescEst: '' 
    - ErrorMessage: ''
0247488:
    - bResult: 'False'
    - OutDescEst: '' 
    - ErrorMessage: ''
0247483:
    - bResult: 'False'
    - OutDescEst: ' con  Bicchieri' 
    - ErrorMessage: ''
0247482:
    - bResult: 'False'
    - OutDescEst: ' con  Bicchieri' 
    - ErrorMessage: ''
0247481:
    - bResult: 'False'
    - OutDescEst: '' 
    - ErrorMessage: ''
0247480:
    - bResult: 'False'
    - OutDescEst: '  Piastra Conn.STD ' 
    - ErrorMessage: ''
0247479:
    - bResult: 'False'
    - OutDescEst: '  Piastra Conn.STD ' 
    - ErrorMessage: ''
0247478:
    - bResult: 'False'
    - OutDescEst: '""' 
    - ErrorMessage: ''
0247477:
    - bResult: 'False'
    - OutDescEst: ' ' 
    - ErrorMessage: ''
0247476:
    - bResult: 'False'
    - OutDescEst: ' ' 
    - ErrorMessage: ''
0247475:
    - bResult: 'False'
    - OutDescEst: '' 
    - ErrorMessage: ''
0247415:
    - bResult: 'False'
    - OutDescEst: '' 
    - ErrorMessage: ''
0247411:
    - bResult: 'False'
    - OutDescEst: ' con  Bicchieri' 
    - ErrorMessage: ''
0247410:
    - bResult: 'False'
    - OutDescEst: ' con  Bicchieri' 
    - ErrorMessage: ''
0247409:
    - bResult: 'False'
    - OutDescEst: ' ' 
    - ErrorMessage: ''
0247408:
    - bResult: 'False'
    - OutDescEst: ' ' 
    - ErrorMessage: ''
0247407:
    - bResult: 'False'
    - OutDescEst: '' 
    - ErrorMessage: ''
0247406:
    - bResult: 'False'
    - OutDescEst: 'Rastremata' 
    - ErrorMessage: ''
0247233:
    - bResult: 'False'
    - OutDescEst: '' 
    - ErrorMessage: ''
0247169:
    - bResult: 'False'
    - OutDescEst: ' ' 
    - ErrorMessage: ''
0247168:
    - bResult: 'False'
    - OutDescEst: ' ' 
    - ErrorMessage: ''
0247140:
    - bResult: 'False'
    - OutDescEst: '' 
    - ErrorMessage: ''
0247139:
    - bResult: 'False'
    - OutDescEst: '' 
    - ErrorMessage: ''
0247082:
    - bResult: 'False'
    - OutDescEst: '' 
    - ErrorMessage: ''
0246995:
    - bResult: 'False'
    - OutDescEst: ' - 1 Bicchieri' 
    - ErrorMessage: ''
0246828:
    - bResult: 'False'
    - OutDescEst: '' 
    - ErrorMessage: ''
0246812:
    - bResult: 'False'
    - OutDescEst: '' 
    - ErrorMessage: ''
0246555:
    - bResult: 'False'
    - OutDescEst: '' 
    - ErrorMessage: ''
0246554:
    - bResult: 'False'
    - OutDescEst: '' 
    - ErrorMessage: ''
0246491:
    - bResult: 'False'
    - OutDescEst: '' 
    - ErrorMessage: ''
0246484:
    - bResult: 'False'
    - OutDescEst: '' 
    - ErrorMessage: ''
0246247:
    - bResult: 'False'
    - OutDescEst: '' 
    - ErrorMessage: ''
0246230:
    - bResult: 'False'
    - OutDescEst: '' 
    - ErrorMessage: ''
0246229:
    - bResult: 'False'
    - OutDescEst: '' 
    - ErrorMessage: ''
0246216:
    - bResult: 'False'
    - OutDescEst: '' 
    - ErrorMessage: ''
0246213:
    - bResult: 'False'
    - OutDescEst: '' 
    - ErrorMessage: ''
0246166:
    - bResult: 'False'
    - OutDescEst: '' 
    - ErrorMessage: ''
0246129:
    - bResult: 'False'
    - OutDescEst: ' 1Bicch. - ' 
    - ErrorMessage: ''
0246127:
    - bResult: 'False'
    - OutDescEst: ' con  Bicchieri' 
    - ErrorMessage: ''
0246126:
    - bResult: 'False'
    - OutDescEst: ' con  Bicchieri' 
    - ErrorMessage: ''
0246125:
    - bResult: 'False'
    - OutDescEst: ' - 1 Bicchieri' 
    - ErrorMessage: ''
0246124:
    - bResult: 'False'
    - OutDescEst: ' - 1 Bicchieri' 
    - ErrorMessage: ''
0246123:
    - bResult: 'False'
    - OutDescEst: ' - 1 Bicchieri' 
    - ErrorMessage: ''
0246083:
    - bResult: 'False'
    - OutDescEst: '' 
    - ErrorMessage: ''
0246082:
    - bResult: 'False'
    - OutDescEst: '  Piastra Conn.STD ' 
    - ErrorMessage: ''
0246081:
    - bResult: 'False'
    - OutDescEst: '  Piastra Conn.STD ' 
    - ErrorMessage: ''
0246080:
    - bResult: 'False'
    - OutDescEst: '' 
    - ErrorMessage: ''
0246079:
    - bResult: 'False'
    - OutDescEst: '' 
    - ErrorMessage: ''
0246076:
    - bResult: 'False'
    - OutDescEst: '' 
    - ErrorMessage: ''
0246075:
    - bResult: 'False'
    - OutDescEst: '  Piastra Conn.STD ' 
    - ErrorMessage: ''
0246074:
    - bResult: 'False'
    - OutDescEst: '  Piastra Conn.STD ' 
    - ErrorMessage: ''
0246073:
    - bResult: 'False'
    - OutDescEst: ' ' 
    - ErrorMessage: ''
0246071:
    - bResult: 'False'
    - OutDescEst: '' 
    - ErrorMessage: ''
0246070:
    - bResult: 'False'
    - OutDescEst: '' 
    - ErrorMessage: ''
0246069:
    - bResult: 'False'
    - OutDescEst: 'Parallela' 
    - ErrorMessage: ''
0246064:
    - bResult: 'False'
    - OutDescEst: '' 
    - ErrorMessage: ''
0246049:
    - bResult: 'False'
    - OutDescEst: ' (L tot 5614 + 14) ' 
    - ErrorMessage: ''
0246048:
    - bResult: 'False'
    - OutDescEst: ' (L tot 5614 + 14) ' 
    - ErrorMessage: ''
0246019:
    - bResult: 'False'
    - OutDescEst: '' 
    - ErrorMessage: ''
0246018:
    - bResult: 'False'
    - OutDescEst: ' (L tot 5600 + 14)  - 4 piastre interne x CVO' 
    - ErrorMessage: ''
0246017:
    - bResult: 'False'
    - OutDescEst: ' (L tot 5600 + 14)  - 4 piastre interne x CVO' 
    - ErrorMessage: ''
0246003:
    - bResult: 'False'
    - OutDescEst: ' con  Bicchieri Foratura x vecchia connessione' 
    - ErrorMessage: ''
0246002:
    - bResult: 'False'
    - OutDescEst: ' con  Bicchieri Foratura x vecchia connessione' 
    - ErrorMessage: ''
0246001:
    - bResult: 'False'
    - OutDescEst: ' con  Bicchieri Foratura x vecchia connessione' 
    - ErrorMessage: ''
0246000:
    - bResult: 'False'
    - OutDescEst: ' con  Bicchieri Foratura x vecchia connessione' 
    - ErrorMessage: ''
0245999:
    - bResult: 'False'
    - OutDescEst: ' sp.30/10 Fori Ø17' 
    - ErrorMessage: ''
0245913:
    - bResult: 'False'
    - OutDescEst: '' 
    - ErrorMessage: ''
0245872:
    - bResult: 'False'
    - OutDescEst: '  Piastra Conn.STD ' 
    - ErrorMessage: ''
0245871:
    - bResult: 'False'
    - OutDescEst: '  Piastra Conn.STD ' 
    - ErrorMessage: ''
0245835:
    - bResult: 'False'
    - OutDescEst: '' 
    - ErrorMessage: ''
0245834:
    - bResult: 'False'
    - OutDescEst: '' 
    - ErrorMessage: ''
0245802:
    - bResult: 'False'
    - OutDescEst: '' 
    - ErrorMessage: ''
0245758:
    - bResult: 'False'
    - OutDescEst: '' 
    - ErrorMessage: ''
0245757:
    - bResult: 'False'
    - OutDescEst: '  Piastra Conn.STD ' 
    - ErrorMessage: ''
0245756:
    - bResult: 'False'
    - OutDescEst: '  Piastra Conn.STD ' 
    - ErrorMessage: ''
0245755:
    - bResult: 'False'
    - OutDescEst: '' 
    - ErrorMessage: ''
0245754:
    - bResult: 'False'
    - OutDescEst: '' 
    - ErrorMessage: ''
0245753:
    - bResult: 'False'
    - OutDescEst: '' 
    - ErrorMessage: ''
0245743:
    - bResult: 'False'
    - OutDescEst: ' con  Bicchieri' 
    - ErrorMessage: ''
0245742:
    - bResult: 'False'
    - OutDescEst: ' con  Bicchieri' 
    - ErrorMessage: ''
0245741:
    - bResult: 'False'
    - OutDescEst: '' 
    - ErrorMessage: ''
0245740:
    - bResult: 'False'
    - OutDescEst: '' 
    - ErrorMessage: ''
0245739:
    - bResult: 'False'
    - OutDescEst: '' 
    - ErrorMessage: ''
0245738:
    - bResult: 'False'
    - OutDescEst: '  Piastra Conn.STD ' 
    - ErrorMessage: ''
0245737:
    - bResult: 'False'
    - OutDescEst: '""' 
    - ErrorMessage: ''
0245736:
    - bResult: 'False'
    - OutDescEst: '' 
    - ErrorMessage: ''
0245735:
    - bResult: 'False'
    - OutDescEst: '' 
    - ErrorMessage: ''
0245711:
    - bResult: 'False'
    - OutDescEst: '' 
    - ErrorMessage: ''
0245708:
    - bResult: 'False'
    - OutDescEst: ' con  Bicchieri' 
    - ErrorMessage: ''
0245707:
    - bResult: 'False'
    - OutDescEst: ' con  Bicchieri' 
    - ErrorMessage: ''
0245706:
    - bResult: 'False'
    - OutDescEst: '' 
    - ErrorMessage: ''
0245705:
    - bResult: 'False'
    - OutDescEst: '' 
    - ErrorMessage: ''
0245704:
    - bResult: 'False'
    - OutDescEst: '  Piastra Conn.STD ' 
    - ErrorMessage: ''
0245703:
    - bResult: 'False'
    - OutDescEst: '""' 
    - ErrorMessage: ''
0245702:
    - bResult: 'False'
    - OutDescEst: '' 
    - ErrorMessage: ''
0245701:
    - bResult: 'False'
    - OutDescEst: '' 
    - ErrorMessage: ''
0245699:
    - bResult: 'False'
    - OutDescEst: '' 
    - ErrorMessage: ''
0245683:
    - bResult: 'False'
    - OutDescEst: '' 
    - ErrorMessage: ''
0245670:
    - bResult: 'False'
    - OutDescEst: ' ' 
    - ErrorMessage: ''
0245669:
    - bResult: 'False'
    - OutDescEst: ' ' 
    - ErrorMessage: ''
0245668:
    - bResult: 'False'
    - OutDescEst: ' con  Bicchieri Foratura x vecchia connessione' 
    - ErrorMessage: ''
0245666:
    - bResult: 'False'
    - OutDescEst: ' con  Bicchieri Foratura x vecchia connessione' 
    - ErrorMessage: ''
0245664:
    - bResult: 'False'
    - OutDescEst: ' con  Bicchieri Foratura x vecchia connessione' 
    - ErrorMessage: ''
0245663:
    - bResult: 'False'
    - OutDescEst: ' con  Bicchieri Foratura x vecchia connessione' 
    - ErrorMessage: ''
0245573:
    - bResult: 'False'
    - OutDescEst: ' con  Bicchieri' 
    - ErrorMessage: ''
0245572:
    - bResult: 'False'
    - OutDescEst: ' con  Bicchieri' 
    - ErrorMessage: ''
0245571:
    - bResult: 'False'
    - OutDescEst: ' con  Bicchieri' 
    - ErrorMessage: ''
0245570:
    - bResult: 'False'
    - OutDescEst: ' con  Bicchieri' 
    - ErrorMessage: ''
0245569:
    - bResult: 'False'
    - OutDescEst: ' con  Bicchieri' 
    - ErrorMessage: ''
0245568:
    - bResult: 'False'
    - OutDescEst: ' con  Bicchieri' 
    - ErrorMessage: ''
0245567:
    - bResult: 'False'
    - OutDescEst: ' con  Bicchieri' 
    - ErrorMessage: ''
0245566:
    - bResult: 'False'
    - OutDescEst: ' con  Bicchieri' 
    - ErrorMessage: ''
0245565:
    - bResult: 'False'
    - OutDescEst: ' con  Bicchieri' 
    - ErrorMessage: ''
0245564:
    - bResult: 'False'
    - OutDescEst: ' con  Bicchieri' 
    - ErrorMessage: ''
0245563:
    - bResult: 'False'
    - OutDescEst: ' con  Bicchieri' 
    - ErrorMessage: ''
0245562:
    - bResult: 'False'
    - OutDescEst: ' con  Bicchieri' 
    - ErrorMessage: ''
0245561:
    - bResult: 'False'
    - OutDescEst: ' con  Bicchieri' 
    - ErrorMessage: ''
0245560:
    - bResult: 'False'
    - OutDescEst: ' con  Bicchieri' 
    - ErrorMessage: ''
0245559:
    - bResult: 'False'
    - OutDescEst: '  Piastra Conn.STD ' 
    - ErrorMessage: ''
0245558:
    - bResult: 'False'
    - OutDescEst: '  Piastra Conn.STD ' 
    - ErrorMessage: ''
0245557:
    - bResult: 'False'
    - OutDescEst: '  Piastra Conn.STD ' 
    - ErrorMessage: ''
0245556:
    - bResult: 'False'
    - OutDescEst: '  Piastra Conn.STD ' 
    - ErrorMessage: ''
0245555:
    - bResult: 'False'
    - OutDescEst: ' ' 
    - ErrorMessage: ''
0245554:
    - bResult: 'False'
    - OutDescEst: ' ' 
    - ErrorMessage: ''
0245553:
    - bResult: 'False'
    - OutDescEst: ' ' 
    - ErrorMessage: ''
0245552:
    - bResult: 'False'
    - OutDescEst: ' ' 
    - ErrorMessage: ''
0245551:
    - bResult: 'False'
    - OutDescEst: ' ' 
    - ErrorMessage: ''
0245550:
    - bResult: 'False'
    - OutDescEst: '' 
    - ErrorMessage: ''
0245549:
    - bResult: 'False'
    - OutDescEst: '' 
    - ErrorMessage: ''
0245548:
    - bResult: 'False'
    - OutDescEst: '' 
    - ErrorMessage: ''
0245547:
    - bResult: 'False'
    - OutDescEst: '' 
    - ErrorMessage: ''
0245546:
    - bResult: 'False'
    - OutDescEst: '' 
    - ErrorMessage: ''
0245545:
    - bResult: 'False'
    - OutDescEst: 'Parallela' 
    - ErrorMessage: ''
0245544:
    - bResult: 'False'
    - OutDescEst: 'Parallela' 
    - ErrorMessage: ''
0245541:
    - bResult: 'False'
    - OutDescEst: ' con  Bicchieri' 
    - ErrorMessage: ''
0245540:
    - bResult: 'False'
    - OutDescEst: ' con  Bicchieri' 
    - ErrorMessage: ''
0245539:
    - bResult: 'False'
    - OutDescEst: ' con  Bicchieri' 
    - ErrorMessage: ''
0245538:
    - bResult: 'False'
    - OutDescEst: ' con  Bicchieri' 
    - ErrorMessage: ''
0245537:
    - bResult: 'False'
    - OutDescEst: ' con  Bicchieri' 
    - ErrorMessage: ''
0245536:
    - bResult: 'False'
    - OutDescEst: ' con  Bicchieri' 
    - ErrorMessage: ''
0245535:
    - bResult: 'False'
    - OutDescEst: ' con  Bicchieri' 
    - ErrorMessage: ''
0245534:
    - bResult: 'False'
    - OutDescEst: ' con  Bicchieri' 
    - ErrorMessage: ''
0245533:
    - bResult: 'False'
    - OutDescEst: ' con  Bicchieri' 
    - ErrorMessage: ''
0245532:
    - bResult: 'False'
    - OutDescEst: ' con  Bicchieri' 
    - ErrorMessage: ''
0245531:
    - bResult: 'False'
    - OutDescEst: ' con  Bicchieri' 
    - ErrorMessage: ''
0245530:
    - bResult: 'False'
    - OutDescEst: ' con  Bicchieri' 
    - ErrorMessage: ''
0245529:
    - bResult: 'False'
    - OutDescEst: ' con  Bicchieri' 
    - ErrorMessage: ''
0245528:
    - bResult: 'False'
    - OutDescEst: ' con  Bicchieri' 
    - ErrorMessage: ''
0245527:
    - bResult: 'False'
    - OutDescEst: '' 
    - ErrorMessage: ''
0245526:
    - bResult: 'False'
    - OutDescEst: '  Piastra Conn.STD ' 
    - ErrorMessage: ''
0245525:
    - bResult: 'False'
    - OutDescEst: '  Piastra Conn.STD ' 
    - ErrorMessage: ''
0245524:
    - bResult: 'False'
    - OutDescEst: '  Piastra Conn.STD ' 
    - ErrorMessage: ''
0245523:
    - bResult: 'False'
    - OutDescEst: '  Piastra Conn.STD ' 
    - ErrorMessage: ''
0245522:
    - bResult: 'False'
    - OutDescEst: '  Piastra Conn.STD ' 
    - ErrorMessage: ''
0245521:
    - bResult: 'False'
    - OutDescEst: '  Piastra Conn.STD ' 
    - ErrorMessage: ''
0245520:
    - bResult: 'False'
    - OutDescEst: '  Piastra Conn.STD ' 
    - ErrorMessage: ''
0245519:
    - bResult: 'False'
    - OutDescEst: '' 
    - ErrorMessage: ''
0245518:
    - bResult: 'False'
    - OutDescEst: '' 
    - ErrorMessage: ''
0245517:
    - bResult: 'False'
    - OutDescEst: '' 
    - ErrorMessage: ''
0245516:
    - bResult: 'False'
    - OutDescEst: '' 
    - ErrorMessage: ''
0245515:
    - bResult: 'False'
    - OutDescEst: '' 
    - ErrorMessage: ''
0245514:
    - bResult: 'False'
    - OutDescEst: '' 
    - ErrorMessage: ''
0245441:
    - bResult: 'False'
    - OutDescEst: '' 
    - ErrorMessage: ''
0245412:
    - bResult: 'False'
    - OutDescEst: '  Piastra Conn.STD ' 
    - ErrorMessage: ''
0245411:
    - bResult: 'False'
    - OutDescEst: '  Piastra Conn.STD ' 
    - ErrorMessage: ''
0245410:
    - bResult: 'False'
    - OutDescEst: ' ' 
    - ErrorMessage: ''
0245409:
    - bResult: 'False'
    - OutDescEst: ' ' 
    - ErrorMessage: ''
0245408:
    - bResult: 'False'
    - OutDescEst: ' - 1 Bicchieri' 
    - ErrorMessage: ''
0245407:
    - bResult: 'False'
    - OutDescEst: 'Rastremata' 
    - ErrorMessage: ''
0245406:
    - bResult: 'False'
    - OutDescEst: 'Rastremata' 
    - ErrorMessage: ''
0245400:
    - bResult: 'False'
    - OutDescEst: ' con  Bicchieri' 
    - ErrorMessage: ''
0245399:
    - bResult: 'False'
    - OutDescEst: ' con  Bicchieri' 
    - ErrorMessage: ''
0245398:
    - bResult: 'False'
    - OutDescEst: ' con  Bicchieri' 
    - ErrorMessage: ''
0245397:
    - bResult: 'False'
    - OutDescEst: ' con  Bicchieri' 
    - ErrorMessage: ''
0245396:
    - bResult: 'False'
    - OutDescEst: ' con  Bicchieri' 
    - ErrorMessage: ''
0245395:
    - bResult: 'False'
    - OutDescEst: ' con  Bicchieri' 
    - ErrorMessage: ''
0245394:
    - bResult: 'False'
    - OutDescEst: ' con  Bicchieri' 
    - ErrorMessage: ''
0245393:
    - bResult: 'False'
    - OutDescEst: ' con  Bicchieri' 
    - ErrorMessage: ''
0245392:
    - bResult: 'False'
    - OutDescEst: ' con  Bicchieri' 
    - ErrorMessage: ''
0245391:
    - bResult: 'False'
    - OutDescEst: ' con  Bicchieri' 
    - ErrorMessage: ''
0245390:
    - bResult: 'False'
    - OutDescEst: ' con  Bicchieri' 
    - ErrorMessage: ''
0245389:
    - bResult: 'False'
    - OutDescEst: ' con  Bicchieri' 
    - ErrorMessage: ''
0245388:
    - bResult: 'False'
    - OutDescEst: ' con  Bicchieri' 
    - ErrorMessage: ''
0245387:
    - bResult: 'False'
    - OutDescEst: ' con  Bicchieri' 
    - ErrorMessage: ''
0245386:
    - bResult: 'False'
    - OutDescEst: '' 
    - ErrorMessage: ''
0245385:
    - bResult: 'False'
    - OutDescEst: '' 
    - ErrorMessage: ''
0245384:
    - bResult: 'False'
    - OutDescEst: '  Piastra Conn.STD ' 
    - ErrorMessage: ''
0245383:
    - bResult: 'False'
    - OutDescEst: '  Piastra Conn.STD ' 
    - ErrorMessage: ''
0245382:
    - bResult: 'False'
    - OutDescEst: '  Piastra Conn.STD ' 
    - ErrorMessage: ''
0245381:
    - bResult: 'False'
    - OutDescEst: '  Piastra Conn.STD ' 
    - ErrorMessage: ''
0245380:
    - bResult: 'False'
    - OutDescEst: '  Piastra Conn.STD ' 
    - ErrorMessage: ''
0245379:
    - bResult: 'False'
    - OutDescEst: '  Piastra Conn.STD ' 
    - ErrorMessage: ''
0245378:
    - bResult: 'False'
    - OutDescEst: '  Piastra Conn.STD ' 
    - ErrorMessage: ''
0245377:
    - bResult: 'False'
    - OutDescEst: '  Piastra Conn.STD ' 
    - ErrorMessage: ''
0245376:
    - bResult: 'False'
    - OutDescEst: ' ' 
    - ErrorMessage: ''
0245375:
    - bResult: 'False'
    - OutDescEst: ' ' 
    - ErrorMessage: ''
0245374:
    - bResult: 'False'
    - OutDescEst: ' ' 
    - ErrorMessage: ''
0245373:
    - bResult: 'False'
    - OutDescEst: ' ' 
    - ErrorMessage: ''
0245372:
    - bResult: 'False'
    - OutDescEst: ' ' 
    - ErrorMessage: ''
0245371:
    - bResult: 'False'
    - OutDescEst: '' 
    - ErrorMessage: ''
0245370:
    - bResult: 'False'
    - OutDescEst: '' 
    - ErrorMessage: ''
0245369:
    - bResult: 'False'
    - OutDescEst: '' 
    - ErrorMessage: ''
0245368:
    - bResult: 'False'
    - OutDescEst: '' 
    - ErrorMessage: ''
0245367:
    - bResult: 'False'
    - OutDescEst: '' 
    - ErrorMessage: ''
0245349:
    - bResult: 'False'
    - OutDescEst: ' 1Bicch. - ' 
    - ErrorMessage: ''
0245342:
    - bResult: 'False'
    - OutDescEst: '' 
    - ErrorMessage: ''
0245341:
    - bResult: 'False'
    - OutDescEst: '' 
    - ErrorMessage: ''
0245339:
    - bResult: 'False'
    - OutDescEst: '' 
    - ErrorMessage: ''
0245337:
    - bResult: 'False'
    - OutDescEst: '' 
    - ErrorMessage: ''
0245336:
    - bResult: 'False'
    - OutDescEst: '' 
    - ErrorMessage: ''
0245317:
    - bResult: 'False'
    - OutDescEst: '  Piastra Conn.STD ' 
    - ErrorMessage: ''
0245316:
    - bResult: 'False'
    - OutDescEst: ' ' 
    - ErrorMessage: ''
0245315:
    - bResult: 'False'
    - OutDescEst: ' ' 
    - ErrorMessage: ''
0245314:
    - bResult: 'False'
    - OutDescEst: '' 
    - ErrorMessage: ''
0245313:
    - bResult: 'False'
    - OutDescEst: 'Rastremata' 
    - ErrorMessage: ''
0245312:
    - bResult: 'False'
    - OutDescEst: 'Rastremata' 
    - ErrorMessage: ''
0245271:
    - bResult: 'False'
    - OutDescEst: '' 
    - ErrorMessage: ''
0245256:
    - bResult: 'False'
    - OutDescEst: ' con  Bicchieri' 
    - ErrorMessage: ''
0245255:
    - bResult: 'False'
    - OutDescEst: ' con  Bicchieri' 
    - ErrorMessage: ''
0245254:
    - bResult: 'False'
    - OutDescEst: ' con  Bicchieri' 
    - ErrorMessage: ''
0245253:
    - bResult: 'False'
    - OutDescEst: ' con  Bicchieri' 
    - ErrorMessage: ''
0245252:
    - bResult: 'False'
    - OutDescEst: '  Piastra Conn.STD ' 
    - ErrorMessage: ''
0245251:
    - bResult: 'False'
    - OutDescEst: '  Piastra Conn.STD ' 
    - ErrorMessage: ''
0245248:
    - bResult: 'False'
    - OutDescEst: '  Piastra Conn.STD ' 
    - ErrorMessage: ''
0245247:
    - bResult: 'False'
    - OutDescEst: '  Piastra Conn.STD ' 
    - ErrorMessage: ''
0245246:
    - bResult: 'False'
    - OutDescEst: '  Piastra Conn.STD ' 
    - ErrorMessage: ''
0245245:
    - bResult: 'False'
    - OutDescEst: '  Piastra Conn.STD ' 
    - ErrorMessage: ''
0245244:
    - bResult: 'False'
    - OutDescEst: '  Piastra Conn.STD ' 
    - ErrorMessage: ''
0245243:
    - bResult: 'False'
    - OutDescEst: '  Piastra Conn.STD ' 
    - ErrorMessage: ''
0245242:
    - bResult: 'False'
    - OutDescEst: '  Piastra Conn.STD ' 
    - ErrorMessage: ''
0245241:
    - bResult: 'False'
    - OutDescEst: '  Piastra Conn.STD ' 
    - ErrorMessage: ''
0245240:
    - bResult: 'False'
    - OutDescEst: '  Piastra Conn.STD ' 
    - ErrorMessage: ''
0245239:
    - bResult: 'False'
    - OutDescEst: '  Piastra Conn.STD ' 
    - ErrorMessage: ''
0245238:
    - bResult: 'False'
    - OutDescEst: '  Piastra Conn.STD ' 
    - ErrorMessage: ''
0245236:
    - bResult: 'False'
    - OutDescEst: '' 
    - ErrorMessage: ''
0245235:
    - bResult: 'False'
    - OutDescEst: '' 
    - ErrorMessage: ''
0245234:
    - bResult: 'False'
    - OutDescEst: '' 
    - ErrorMessage: ''
0245233:
    - bResult: 'False'
    - OutDescEst: '' 
    - ErrorMessage: ''
0245232:
    - bResult: 'False'
    - OutDescEst: '' 
    - ErrorMessage: ''
0245231:
    - bResult: 'False'
    - OutDescEst: '' 
    - ErrorMessage: ''
0245230:
    - bResult: 'False'
    - OutDescEst: '' 
    - ErrorMessage: ''
0245229:
    - bResult: 'False'
    - OutDescEst: '' 
    - ErrorMessage: ''
0245189:
    - bResult: 'False'
    - OutDescEst: '' 
    - ErrorMessage: ''
0245188:
    - bResult: 'False'
    - OutDescEst: '' 
    - ErrorMessage: ''
0245161:
    - bResult: 'False'
    - OutDescEst: '' 
    - ErrorMessage: ''
0245158:
    - bResult: 'False'
    - OutDescEst: '' 
    - ErrorMessage: ''
0245157:
    - bResult: 'False'
    - OutDescEst: '' 
    - ErrorMessage: ''
0245156:
    - bResult: 'False'
    - OutDescEst: '' 
    - ErrorMessage: ''
0245155:
    - bResult: 'False'
    - OutDescEst: ' (L tot 6000 + 14) ' 
    - ErrorMessage: ''
0245154:
    - bResult: 'False'
    - OutDescEst: '' 
    - ErrorMessage: ''
0245147:
    - bResult: 'False'
    - OutDescEst: '' 
    - ErrorMessage: ''
0245146:
    - bResult: 'False'
    - OutDescEst: '' 
    - ErrorMessage: ''
0245145:
    - bResult: 'False'
    - OutDescEst: '' 
    - ErrorMessage: ''
0245144:
    - bResult: 'False'
    - OutDescEst: ' (L tot 6000 + 14) ' 
    - ErrorMessage: ''
0245143:
    - bResult: 'False'
    - OutDescEst: ' (L tot 6000 + 14) ' 
    - ErrorMessage: ''
0245096:
    - bResult: 'False'
    - OutDescEst: '' 
    - ErrorMessage: ''
0245095:
    - bResult: 'False'
    - OutDescEst: '' 
    - ErrorMessage: ''
0245094:
    - bResult: 'False'
    - OutDescEst: '  Piastra Conn.STD ' 
    - ErrorMessage: ''
0245093:
    - bResult: 'False'
    - OutDescEst: '' 
    - ErrorMessage: ''
0245091:
    - bResult: 'False'
    - OutDescEst: ' con  Bicchieri' 
    - ErrorMessage: ''
0245090:
    - bResult: 'False'
    - OutDescEst: ' con  Bicchieri' 
    - ErrorMessage: ''
0245089:
    - bResult: 'False'
    - OutDescEst: ' con  Bicchieri' 
    - ErrorMessage: ''
0245086:
    - bResult: 'False'
    - OutDescEst: ' con  Bicchieri' 
    - ErrorMessage: ''
0245016:
    - bResult: 'False'
    - OutDescEst: '  Piastra Conn.STD ' 
    - ErrorMessage: ''
0245015:
    - bResult: 'False'
    - OutDescEst: '  Piastra Conn.STD ' 
    - ErrorMessage: ''
0245014:
    - bResult: 'False'
    - OutDescEst: '' 
    - ErrorMessage: ''
0244944:
    - bResult: 'False'
    - OutDescEst: ' con  Bicchieri' 
    - ErrorMessage: ''
0244943:
    - bResult: 'False'
    - OutDescEst: ' con  Bicchieri' 
    - ErrorMessage: ''
0244942:
    - bResult: 'False'
    - OutDescEst: '' 
    - ErrorMessage: ''
0244924:
    - bResult: 'False'
    - OutDescEst: '' 
    - ErrorMessage: ''
0244912:
    - bResult: 'False'
    - OutDescEst: ' 1Bicch. - ' 
    - ErrorMessage: ''
0244891:
    - bResult: 'False'
    - OutDescEst: '' 
    - ErrorMessage: ''
0244890:
    - bResult: 'False'
    - OutDescEst: '  Piastra Conn.STD ' 
    - ErrorMessage: ''
0244889:
    - bResult: 'False'
    - OutDescEst: '  Piastra Conn.STD ' 
    - ErrorMessage: ''
0244888:
    - bResult: 'False'
    - OutDescEst: '' 
    - ErrorMessage: ''
0244887:
    - bResult: 'False'
    - OutDescEst: '' 
    - ErrorMessage: ''
0244856:
    - bResult: 'False'
    - OutDescEst: '  Piastra Conn.STD Fix a terra Ø17' 
    - ErrorMessage: ''
0244855:
    - bResult: 'False'
    - OutDescEst: '  Piastra Conn.STD Fix a terra Ø17' 
    - ErrorMessage: ''
0244854:
    - bResult: 'False'
    - OutDescEst: '' 
    - ErrorMessage: ''
0244853:
    - bResult: 'False'
    - OutDescEst: '' 
    - ErrorMessage: ''
0244768:
    - bResult: 'False'
    - OutDescEst: '' 
    - ErrorMessage: ''
0244714:
    - bResult: 'False'
    - OutDescEst: '' 
    - ErrorMessage: ''
0244712:
    - bResult: 'False'
    - OutDescEst: '' 
    - ErrorMessage: ''
0244702:
    - bResult: 'False'
    - OutDescEst: ' ' 
    - ErrorMessage: ''
0244701:
    - bResult: 'False'
    - OutDescEst: ' ' 
    - ErrorMessage: ''
0244700:
    - bResult: 'False'
    - OutDescEst: 'Rastremata' 
    - ErrorMessage: ''
0244693:
    - bResult: 'False'
    - OutDescEst: '' 
    - ErrorMessage: ''
0244692:
    - bResult: 'False'
    - OutDescEst: '' 
    - ErrorMessage: ''
0244691:
    - bResult: 'False'
    - OutDescEst: '' 
    - ErrorMessage: ''
0244678:
    - bResult: 'False'
    - OutDescEst: '' 
    - ErrorMessage: ''
0244653:
    - bResult: 'False'
    - OutDescEst: '' 
    - ErrorMessage: ''
0244632:
    - bResult: 'False'
    - OutDescEst: '""' 
    - ErrorMessage: ''
0244588:
    - bResult: 'False'
    - OutDescEst: '' 
    - ErrorMessage: ''
0244585:
    - bResult: 'False'
    - OutDescEst: '  Piastra Conn.STD ' 
    - ErrorMessage: ''
0244584:
    - bResult: 'False'
    - OutDescEst: ' - 1 Bicchieri' 
    - ErrorMessage: ''
0244583:
    - bResult: 'False'
    - OutDescEst: ' ' 
    - ErrorMessage: ''
0244582:
    - bResult: 'False'
    - OutDescEst: '' 
    - ErrorMessage: ''
0244521:
    - bResult: 'False'
    - OutDescEst: '' 
    - ErrorMessage: ''
0244520:
    - bResult: 'False'
    - OutDescEst: '' 
    - ErrorMessage: ''
0244512:
    - bResult: 'False'
    - OutDescEst: '' 
    - ErrorMessage: ''
0244504:
    - bResult: 'False'
    - OutDescEst: ' 1Bicch. - ' 
    - ErrorMessage: ''
0244503:
    - bResult: 'False'
    - OutDescEst: ' 1Bicch. - ' 
    - ErrorMessage: ''
0244502:
    - bResult: 'False'
    - OutDescEst: ' - 1 Bicchieri' 
    - ErrorMessage: ''
0244496:
    - bResult: 'False'
    - OutDescEst: '' 
    - ErrorMessage: ''
0244495:
    - bResult: 'False'
    - OutDescEst: '' 
    - ErrorMessage: ''
0244494:
    - bResult: 'False'
    - OutDescEst: '  Piastra Conn.STD ' 
    - ErrorMessage: ''
0244493:
    - bResult: 'False'
    - OutDescEst: ' 1Bicch. - ' 
    - ErrorMessage: ''
0244492:
    - bResult: 'False'
    - OutDescEst: ' 1Bicch. - ' 
    - ErrorMessage: ''
0244491:
    - bResult: 'False'
    - OutDescEst: ' - 1 Bicchieri' 
    - ErrorMessage: ''
0244441:
    - bResult: 'False'
    - OutDescEst: ' ' 
    - ErrorMessage: ''
0244422:
    - bResult: 'False'
    - OutDescEst: '' 
    - ErrorMessage: ''
0244401:
    - bResult: 'False'
    - OutDescEst: '' 
    - ErrorMessage: ''
0244400:
    - bResult: 'False'
    - OutDescEst: '' 
    - ErrorMessage: ''
0244396:
    - bResult: 'False'
    - OutDescEst: ' con  Bicchieri' 
    - ErrorMessage: ''
0244395:
    - bResult: 'False'
    - OutDescEst: ' con  Bicchieri' 
    - ErrorMessage: ''
0244394:
    - bResult: 'False'
    - OutDescEst: ' con  Bicchieri' 
    - ErrorMessage: ''
0244393:
    - bResult: 'False'
    - OutDescEst: ' con  Bicchieri' 
    - ErrorMessage: ''
0244392:
    - bResult: 'False'
    - OutDescEst: '  Piastra Conn.STD ' 
    - ErrorMessage: ''
0244391:
    - bResult: 'False'
    - OutDescEst: ' ' 
    - ErrorMessage: ''
0244390:
    - bResult: 'False'
    - OutDescEst: ' ' 
    - ErrorMessage: ''
0244389:
    - bResult: 'False'
    - OutDescEst: '' 
    - ErrorMessage: ''
0244388:
    - bResult: 'False'
    - OutDescEst: 'Rastremata' 
    - ErrorMessage: ''
0244386:
    - bResult: 'False'
    - OutDescEst: ' ' 
    - ErrorMessage: ''
0244385:
    - bResult: 'False'
    - OutDescEst: '' 
    - ErrorMessage: ''
0244384:
    - bResult: 'False'
    - OutDescEst: '' 
    - ErrorMessage: ''
0244364:
    - bResult: 'False'
    - OutDescEst: '' 
    - ErrorMessage: ''
0244334:
    - bResult: 'False'
    - OutDescEst: '' 
    - ErrorMessage: ''
0244317:
    - bResult: 'False'
    - OutDescEst: '  Piastra Conn.STD ' 
    - ErrorMessage: ''
0244316:
    - bResult: 'False'
    - OutDescEst: '  Piastra Conn.STD ' 
    - ErrorMessage: ''
0244315:
    - bResult: 'False'
    - OutDescEst: '' 
    - ErrorMessage: ''
0244314:
    - bResult: 'False'
    - OutDescEst: '' 
    - ErrorMessage: ''
0244312:
    - bResult: 'False'
    - OutDescEst: '  Piastra Conn.STD ' 
    - ErrorMessage: ''
0244311:
    - bResult: 'False'
    - OutDescEst: '  Piastra Conn.STD ' 
    - ErrorMessage: ''
0244310:
    - bResult: 'False'
    - OutDescEst: '' 
    - ErrorMessage: ''
0244309:
    - bResult: 'False'
    - OutDescEst: '' 
    - ErrorMessage: ''
0244308:
    - bResult: 'False'
    - OutDescEst: '  Piastra Conn.STD ' 
    - ErrorMessage: ''
0244307:
    - bResult: 'False'
    - OutDescEst: '  Piastra Conn.STD ' 
    - ErrorMessage: ''
0244306:
    - bResult: 'False'
    - OutDescEst: '' 
    - ErrorMessage: ''
0244305:
    - bResult: 'False'
    - OutDescEst: '' 
    - ErrorMessage: ''
0244304:
    - bResult: 'False'
    - OutDescEst: '' 
    - ErrorMessage: ''
0244303:
    - bResult: 'False'
    - OutDescEst: '' 
    - ErrorMessage: ''
0244301:
    - bResult: 'False'
    - OutDescEst: '' 
    - ErrorMessage: ''
0244204:
    - bResult: 'False'
    - OutDescEst: '  Piastra Conn.STD ' 
    - ErrorMessage: ''
0244203:
    - bResult: 'False'
    - OutDescEst: '  Piastra Conn.STD ' 
    - ErrorMessage: ''
0244202:
    - bResult: 'False'
    - OutDescEst: '' 
    - ErrorMessage: ''
0244025:
    - bResult: 'False'
    - OutDescEst: '  Piastra Conn.STD ' 
    - ErrorMessage: ''
0244024:
    - bResult: 'False'
    - OutDescEst: '  Piastra Conn.STD ' 
    - ErrorMessage: ''
0244023:
    - bResult: 'False'
    - OutDescEst: '' 
    - ErrorMessage: ''
0243890:
    - bResult: 'False'
    - OutDescEst: '  Piastra Conn.STD ' 
    - ErrorMessage: ''
0243889:
    - bResult: 'False'
    - OutDescEst: '  Piastra Conn.STD ' 
    - ErrorMessage: ''
0243888:
    - bResult: 'False'
    - OutDescEst: '' 
    - ErrorMessage: ''
0243887:
    - bResult: 'False'
    - OutDescEst: '' 
    - ErrorMessage: ''
0243886:
    - bResult: 'False'
    - OutDescEst: '' 
    - ErrorMessage: ''
0243885:
    - bResult: 'False'
    - OutDescEst: '' 
    - ErrorMessage: ''
0243852:
    - bResult: 'False'
    - OutDescEst: '' 
    - ErrorMessage: ''
0243795:
    - bResult: 'False'
    - OutDescEst: ' con  Bicchieri Foratura x vecchia connessione' 
    - ErrorMessage: ''
0243794:
    - bResult: 'False'
    - OutDescEst: ' con  Bicchieri Foratura x vecchia connessione' 
    - ErrorMessage: ''
0243793:
    - bResult: 'False'
    - OutDescEst: ' sp.30/10 Fori Ø17' 
    - ErrorMessage: ''
0243783:
    - bResult: 'False'
    - OutDescEst: '  Piastra Conn.STD ' 
    - ErrorMessage: ''
0243782:
    - bResult: 'False'
    - OutDescEst: '  Piastra Conn.STD ' 
    - ErrorMessage: ''
0243781:
    - bResult: 'False'
    - OutDescEst: '' 
    - ErrorMessage: ''
0243776:
    - bResult: 'False'
    - OutDescEst: '' 
    - ErrorMessage: ''
0243771:
    - bResult: 'False'
    - OutDescEst: ' con  Bicchieri' 
    - ErrorMessage: ''
0243770:
    - bResult: 'False'
    - OutDescEst: ' con  Bicchieri' 
    - ErrorMessage: ''
0243769:
    - bResult: 'False'
    - OutDescEst: '' 
    - ErrorMessage: ''
0243763:
    - bResult: 'False'
    - OutDescEst: ' - 1 Bicchieri' 
    - ErrorMessage: ''
0243749:
    - bResult: 'False'
    - OutDescEst: ' ' 
    - ErrorMessage: ''
0243745:
    - bResult: 'False'
    - OutDescEst: ' con  Bicchieri' 
    - ErrorMessage: ''
0243744:
    - bResult: 'False'
    - OutDescEst: ' con  Bicchieri' 
    - ErrorMessage: ''
0243743:
    - bResult: 'False'
    - OutDescEst: '  Piastra Conn.STD ' 
    - ErrorMessage: ''
0243726:
    - bResult: 'False'
    - OutDescEst: '' 
    - ErrorMessage: ''
0243667:
    - bResult: 'False'
    - OutDescEst: '' 
    - ErrorMessage: ''
0243666:
    - bResult: 'False'
    - OutDescEst: '' 
    - ErrorMessage: ''
0243642:
    - bResult: 'False'
    - OutDescEst: '' 
    - ErrorMessage: ''
0243636:
    - bResult: 'False'
    - OutDescEst: ' con  Bicchieri' 
    - ErrorMessage: ''
0243635:
    - bResult: 'False'
    - OutDescEst: ' con  Bicchieri' 
    - ErrorMessage: ''
0243634:
    - bResult: 'False'
    - OutDescEst: ' con  Bicchieri' 
    - ErrorMessage: ''
0243633:
    - bResult: 'False'
    - OutDescEst: ' con  Bicchieri' 
    - ErrorMessage: ''
0243632:
    - bResult: 'False'
    - OutDescEst: ' con  Bicchieri' 
    - ErrorMessage: ''
0243631:
    - bResult: 'False'
    - OutDescEst: ' con  Bicchieri' 
    - ErrorMessage: ''
0243630:
    - bResult: 'False'
    - OutDescEst: ' con  Bicchieri' 
    - ErrorMessage: ''
0243629:
    - bResult: 'False'
    - OutDescEst: ' con  Bicchieri' 
    - ErrorMessage: ''
0243628:
    - bResult: 'False'
    - OutDescEst: ' con  Bicchieri' 
    - ErrorMessage: ''
0243627:
    - bResult: 'False'
    - OutDescEst: ' con  Bicchieri' 
    - ErrorMessage: ''
0243626:
    - bResult: 'False'
    - OutDescEst: ' con  Bicchieri' 
    - ErrorMessage: ''
0243625:
    - bResult: 'False'
    - OutDescEst: ' con  Bicchieri' 
    - ErrorMessage: ''
0243624:
    - bResult: 'False'
    - OutDescEst: ' con  Bicchieri' 
    - ErrorMessage: ''
0243623:
    - bResult: 'False'
    - OutDescEst: ' con  Bicchieri' 
    - ErrorMessage: ''
0243622:
    - bResult: 'False'
    - OutDescEst: ' con  Bicchieri' 
    - ErrorMessage: ''
0243621:
    - bResult: 'False'
    - OutDescEst: ' con  Bicchieri' 
    - ErrorMessage: ''
0243620:
    - bResult: 'False'
    - OutDescEst: ' con  Bicchieri' 
    - ErrorMessage: ''
0243619:
    - bResult: 'False'
    - OutDescEst: ' con  Bicchieri' 
    - ErrorMessage: ''
0243618:
    - bResult: 'False'
    - OutDescEst: ' con  Bicchieri' 
    - ErrorMessage: ''
0243617:
    - bResult: 'False'
    - OutDescEst: ' con  Bicchieri' 
    - ErrorMessage: ''
0243616:
    - bResult: 'False'
    - OutDescEst: ' con  Bicchieri' 
    - ErrorMessage: ''
0243615:
    - bResult: 'False'
    - OutDescEst: ' con  Bicchieri' 
    - ErrorMessage: ''
0243614:
    - bResult: 'False'
    - OutDescEst: '  Piastra Conn.STD ' 
    - ErrorMessage: ''
0243613:
    - bResult: 'False'
    - OutDescEst: '  Piastra Conn.STD ' 
    - ErrorMessage: ''
0243612:
    - bResult: 'False'
    - OutDescEst: '  Piastra Conn.STD ' 
    - ErrorMessage: ''
0243611:
    - bResult: 'False'
    - OutDescEst: '  Piastra Conn.STD ' 
    - ErrorMessage: ''
0243610:
    - bResult: 'False'
    - OutDescEst: '  Piastra Conn.STD ' 
    - ErrorMessage: ''
0243609:
    - bResult: 'False'
    - OutDescEst: '  Piastra Conn.STD ' 
    - ErrorMessage: ''
0243608:
    - bResult: 'False'
    - OutDescEst: '  Piastra Conn.STD ' 
    - ErrorMessage: ''
0243607:
    - bResult: 'False'
    - OutDescEst: '' 
    - ErrorMessage: ''
0243606:
    - bResult: 'False'
    - OutDescEst: '' 
    - ErrorMessage: ''
0243605:
    - bResult: 'False'
    - OutDescEst: '' 
    - ErrorMessage: ''
0243604:
    - bResult: 'False'
    - OutDescEst: '' 
    - ErrorMessage: ''
0243603:
    - bResult: 'False'
    - OutDescEst: '' 
    - ErrorMessage: ''
0243602:
    - bResult: 'False'
    - OutDescEst: '' 
    - ErrorMessage: ''
0243601:
    - bResult: 'False'
    - OutDescEst: '' 
    - ErrorMessage: ''
0243600:
    - bResult: 'False'
    - OutDescEst: '' 
    - ErrorMessage: ''
0243599:
    - bResult: 'False'
    - OutDescEst: '' 
    - ErrorMessage: ''
0243598:
    - bResult: 'False'
    - OutDescEst: '' 
    - ErrorMessage: ''
0243557:
    - bResult: 'False'
    - OutDescEst: '' 
    - ErrorMessage: ''
0243556:
    - bResult: 'False'
    - OutDescEst: '' 
    - ErrorMessage: ''
0243555:
    - bResult: 'False'
    - OutDescEst: '' 
    - ErrorMessage: ''
0243554:
    - bResult: 'False'
    - OutDescEst: '' 
    - ErrorMessage: ''
0243413:
    - bResult: 'False'
    - OutDescEst: ' - 1 Bicchieri' 
    - ErrorMessage: ''
0243273:
    - bResult: 'False'
    - OutDescEst: ' con  Bicchieri' 
    - ErrorMessage: ''
0243272:
    - bResult: 'False'
    - OutDescEst: ' con  Bicchieri' 
    - ErrorMessage: ''
0243271:
    - bResult: 'False'
    - OutDescEst: ' con  Bicchieri' 
    - ErrorMessage: ''
0243270:
    - bResult: 'False'
    - OutDescEst: ' con  Bicchieri' 
    - ErrorMessage: ''
0243269:
    - bResult: 'False'
    - OutDescEst: '  Piastra Conn.STD ' 
    - ErrorMessage: ''
0243268:
    - bResult: 'False'
    - OutDescEst: '  Piastra Conn.STD ' 
    - ErrorMessage: ''
0243267:
    - bResult: 'False'
    - OutDescEst: '' 
    - ErrorMessage: ''
0243266:
    - bResult: 'False'
    - OutDescEst: '  Piastra Conn.STD ' 
    - ErrorMessage: ''
0243265:
    - bResult: 'False'
    - OutDescEst: '  Piastra Conn.STD ' 
    - ErrorMessage: ''
0243264:
    - bResult: 'False'
    - OutDescEst: '' 
    - ErrorMessage: ''
0243260:
    - bResult: 'False'
    - OutDescEst: '' 
    - ErrorMessage: ''
0243259:
    - bResult: 'False'
    - OutDescEst: '' 
    - ErrorMessage: ''
0243258:
    - bResult: 'False'
    - OutDescEst: '' 
    - ErrorMessage: ''
0243257:
    - bResult: 'False'
    - OutDescEst: '  Piastra Conn.STD ' 
    - ErrorMessage: ''
0243256:
    - bResult: 'False'
    - OutDescEst: '  Piastra Conn.STD ' 
    - ErrorMessage: ''
0243255:
    - bResult: 'False'
    - OutDescEst: '  Piastra Conn.STD ' 
    - ErrorMessage: ''
0243254:
    - bResult: 'False'
    - OutDescEst: '  Piastra Conn.STD ' 
    - ErrorMessage: ''
0243253:
    - bResult: 'False'
    - OutDescEst: '  Piastra Conn.STD ' 
    - ErrorMessage: ''
0243252:
    - bResult: 'False'
    - OutDescEst: '  Piastra Conn.STD ' 
    - ErrorMessage: ''
0243251:
    - bResult: 'False'
    - OutDescEst: '  Piastra Conn.STD ' 
    - ErrorMessage: ''
0243250:
    - bResult: 'False'
    - OutDescEst: '  Piastra Conn.STD ' 
    - ErrorMessage: ''
0243249:
    - bResult: 'False'
    - OutDescEst: '  Piastra Conn.STD ' 
    - ErrorMessage: ''
0243248:
    - bResult: 'False'
    - OutDescEst: '  Piastra Conn.STD ' 
    - ErrorMessage: ''
0243247:
    - bResult: 'False'
    - OutDescEst: '  Piastra Conn.STD ' 
    - ErrorMessage: ''
0243246:
    - bResult: 'False'
    - OutDescEst: '  Piastra Conn.STD ' 
    - ErrorMessage: ''
0243245:
    - bResult: 'False'
    - OutDescEst: '  Piastra Conn.STD ' 
    - ErrorMessage: ''
0243244:
    - bResult: 'False'
    - OutDescEst: '  Piastra Conn.STD ' 
    - ErrorMessage: ''
0243243:
    - bResult: 'False'
    - OutDescEst: '' 
    - ErrorMessage: ''
0243242:
    - bResult: 'False'
    - OutDescEst: '' 
    - ErrorMessage: ''
0243241:
    - bResult: 'False'
    - OutDescEst: '' 
    - ErrorMessage: ''
0243240:
    - bResult: 'False'
    - OutDescEst: '' 
    - ErrorMessage: ''
0243239:
    - bResult: 'False'
    - OutDescEst: '' 
    - ErrorMessage: ''
0243238:
    - bResult: 'False'
    - OutDescEst: '' 
    - ErrorMessage: ''
0243237:
    - bResult: 'False'
    - OutDescEst: '' 
    - ErrorMessage: ''
0243156:
    - bResult: 'False'
    - OutDescEst: '' 
    - ErrorMessage: ''
0243154:
    - bResult: 'False'
    - OutDescEst: '' 
    - ErrorMessage: ''
0243145:
    - bResult: 'False'
    - OutDescEst: ' - 1 Bicchieri' 
    - ErrorMessage: ''
0243131:
    - bResult: 'False'
    - OutDescEst: ' ' 
    - ErrorMessage: ''
0243130:
    - bResult: 'False'
    - OutDescEst: ' ' 
    - ErrorMessage: ''
0243118:
    - bResult: 'False'
    - OutDescEst: '' 
    - ErrorMessage: ''
0243111:
    - bResult: 'False'
    - OutDescEst: '' 
    - ErrorMessage: ''
0243104:
    - bResult: 'False'
    - OutDescEst: '' 
    - ErrorMessage: ''
0243102:
    - bResult: 'False'
    - OutDescEst: '' 
    - ErrorMessage: ''
0243101:
    - bResult: 'False'
    - OutDescEst: '' 
    - ErrorMessage: ''
0243100:
    - bResult: 'False'
    - OutDescEst: '  Piastra Conn.STD ' 
    - ErrorMessage: ''
0243099:
    - bResult: 'False'
    - OutDescEst: '  Piastra Conn.STD ' 
    - ErrorMessage: ''
0243098:
    - bResult: 'False'
    - OutDescEst: '' 
    - ErrorMessage: ''
0243088:
    - bResult: 'False'
    - OutDescEst: '' 
    - ErrorMessage: ''
0243080:
    - bResult: 'False'
    - OutDescEst: ' ' 
    - ErrorMessage: ''
0243079:
    - bResult: 'False'
    - OutDescEst: ' ' 
    - ErrorMessage: ''
0243078:
    - bResult: 'False'
    - OutDescEst: '' 
    - ErrorMessage: ''
0243016:
    - bResult: 'False'
    - OutDescEst: ' con  Bicchieri' 
    - ErrorMessage: ''
0243015:
    - bResult: 'False'
    - OutDescEst: ' con  Bicchieri' 
    - ErrorMessage: ''
0243014:
    - bResult: 'False'
    - OutDescEst: '' 
    - ErrorMessage: ''
0243013:
    - bResult: 'False'
    - OutDescEst: '  Piastra Conn.STD ' 
    - ErrorMessage: ''
0243012:
    - bResult: 'False'
    - OutDescEst: '' 
    - ErrorMessage: ''
0243011:
    - bResult: 'False'
    - OutDescEst: '' 
    - ErrorMessage: ''
0242995:
    - bResult: 'False'
    - OutDescEst: '' 
    - ErrorMessage: ''
0242947:
    - bResult: 'False'
    - OutDescEst: '' 
    - ErrorMessage: ''
0242946:
    - bResult: 'False'
    - OutDescEst: '' 
    - ErrorMessage: ''
0242939:
    - bResult: 'False'
    - OutDescEst: ' - 1 Bicchieri' 
    - ErrorMessage: ''
0242922:
    - bResult: 'False'
    - OutDescEst: '' 
    - ErrorMessage: ''
0242872:
    - bResult: 'False'
    - OutDescEst: ' con  Bicchieri' 
    - ErrorMessage: ''
0242871:
    - bResult: 'False'
    - OutDescEst: ' con  Bicchieri' 
    - ErrorMessage: ''
0242870:
    - bResult: 'False'
    - OutDescEst: ' con  Bicchieri' 
    - ErrorMessage: ''
0242869:
    - bResult: 'False'
    - OutDescEst: ' con  Bicchieri' 
    - ErrorMessage: ''
0242868:
    - bResult: 'False'
    - OutDescEst: '  Piastra Conn.STD ' 
    - ErrorMessage: ''
0242867:
    - bResult: 'False'
    - OutDescEst: '' 
    - ErrorMessage: ''
0242866:
    - bResult: 'False'
    - OutDescEst: '' 
    - ErrorMessage: ''
0242865:
    - bResult: 'False'
    - OutDescEst: '' 
    - ErrorMessage: ''
0242850:
    - bResult: 'False'
    - OutDescEst: '' 
    - ErrorMessage: ''
0242829:
    - bResult: 'False'
    - OutDescEst: '  Piastra Conn.STD ' 
    - ErrorMessage: ''
0242828:
    - bResult: 'False'
    - OutDescEst: ' ' 
    - ErrorMessage: ''
0242827:
    - bResult: 'False'
    - OutDescEst: '' 
    - ErrorMessage: ''
0242826:
    - bResult: 'False'
    - OutDescEst: ' con  Bicchieri' 
    - ErrorMessage: ''
0242825:
    - bResult: 'False'
    - OutDescEst: ' con  Bicchieri' 
    - ErrorMessage: ''
0242824:
    - bResult: 'False'
    - OutDescEst: '  Piastra Conn.STD ' 
    - ErrorMessage: ''
0242823:
    - bResult: 'False'
    - OutDescEst: '  Piastra Conn.STD ' 
    - ErrorMessage: ''
0242822:
    - bResult: 'False'
    - OutDescEst: '  Piastra Conn.STD ' 
    - ErrorMessage: ''
0242821:
    - bResult: 'False'
    - OutDescEst: '  Piastra Conn.STD ' 
    - ErrorMessage: ''
0242820:
    - bResult: 'False'
    - OutDescEst: ' ' 
    - ErrorMessage: ''
0242819:
    - bResult: 'False'
    - OutDescEst: ' ' 
    - ErrorMessage: ''
0242818:
    - bResult: 'False'
    - OutDescEst: ' ' 
    - ErrorMessage: ''
0242817:
    - bResult: 'False'
    - OutDescEst: ' ' 
    - ErrorMessage: ''
0242816:
    - bResult: 'False'
    - OutDescEst: '' 
    - ErrorMessage: ''
0242815:
    - bResult: 'False'
    - OutDescEst: '' 
    - ErrorMessage: ''
0242814:
    - bResult: 'False'
    - OutDescEst: 'Rastremata' 
    - ErrorMessage: ''
0242794:
    - bResult: 'False'
    - OutDescEst: ' ' 
    - ErrorMessage: ''
0242793:
    - bResult: 'False'
    - OutDescEst: ' ' 
    - ErrorMessage: ''
0242792:
    - bResult: 'False'
    - OutDescEst: ' ' 
    - ErrorMessage: ''
0242791:
    - bResult: 'False'
    - OutDescEst: 'Rastremata' 
    - ErrorMessage: ''
0242787:
    - bResult: 'False'
    - OutDescEst: ' con  Bicchieri' 
    - ErrorMessage: ''
0242786:
    - bResult: 'False'
    - OutDescEst: ' con  Bicchieri' 
    - ErrorMessage: ''
0242785:
    - bResult: 'False'
    - OutDescEst: ' con  Bicchieri' 
    - ErrorMessage: ''
0242784:
    - bResult: 'False'
    - OutDescEst: ' con  Bicchieri' 
    - ErrorMessage: ''
