0034121:
    - bResult: 'False'
    - OutDescEst: '  Piastra Conn.STD ' 
    - ErrorMessage: ''
0034122:
    - bResult: 'False'
    - OutDescEst: '  Piastra Conn.STD ' 
    - ErrorMessage: ''
0034150:
    - bResult: 'False'
    - OutDescEst: '  Piastra Conn.STD ' 
    - ErrorMessage: ''
0034151:
    - bResult: 'False'
    - OutDescEst: '  Piastra Conn.STD ' 
    - ErrorMessage: ''
0034200:
    - bResult: 'False'
    - OutDescEst: '  Piastra Conn.STD ' 
    - ErrorMessage: ''
0034201:
    - bResult: 'False'
    - OutDescEst: '  Piastra Conn.STD ' 
    - ErrorMessage: ''
0034236:
    - bResult: 'False'
    - OutDescEst: '  Piastra Conn.STD ' 
    - ErrorMessage: ''
0034237:
    - bResult: 'False'
    - OutDescEst: '  Piastra Conn.STD ' 
    - ErrorMessage: ''
0034250:
    - bResult: 'False'
    - OutDescEst: '  Piastra Conn.STD ' 
    - ErrorMessage: ''
0034251:
    - bResult: 'False'
    - OutDescEst: '  Piastra Conn.STD ' 
    - ErrorMessage: ''
0034273:
    - bResult: 'False'
    - OutDescEst: '  Piastra Conn.STD ' 
    - ErrorMessage: ''
0034274:
    - bResult: 'False'
    - OutDescEst: '  Piastra Conn.STD ' 
    - ErrorMessage: ''
0034286:
    - bResult: 'False'
    - OutDescEst: '  Piastra Conn.STD ' 
    - ErrorMessage: ''
0034287:
    - bResult: 'False'
    - OutDescEst: '  Piastra Conn.STD ' 
    - ErrorMessage: ''
0034310:
    - bResult: 'False'
    - OutDescEst: '  Piastra Conn.STD ' 
    - ErrorMessage: ''
0034311:
    - bResult: 'False'
    - OutDescEst: '  Piastra Conn.STD ' 
    - ErrorMessage: ''
0034371:
    - bResult: 'False'
    - OutDescEst: '  Piastra Conn.STD ' 
    - ErrorMessage: ''
0034372:
    - bResult: 'False'
    - OutDescEst: '  Piastra Conn.STD ' 
    - ErrorMessage: ''
0034380:
    - bResult: 'False'
    - OutDescEst: '  Piastra Conn.STD ' 
    - ErrorMessage: ''
0034381:
    - bResult: 'False'
    - OutDescEst: '  Piastra Conn.STD ' 
    - ErrorMessage: ''
0034398:
    - bResult: 'False'
    - OutDescEst: '  Piastra Conn.STD ' 
    - ErrorMessage: ''
0034399:
    - bResult: 'False'
    - OutDescEst: '  Piastra Conn.STD ' 
    - ErrorMessage: ''
0034419:
    - bResult: 'False'
    - OutDescEst: '  Piastra Conn.STD ' 
    - ErrorMessage: ''
0034420:
    - bResult: 'False'
    - OutDescEst: '  Piastra Conn.STD ' 
    - ErrorMessage: ''
0034455:
    - bResult: 'False'
    - OutDescEst: '  Piastra Conn.STD ' 
    - ErrorMessage: ''
0034456:
    - bResult: 'False'
    - OutDescEst: '  Piastra Conn.STD ' 
    - ErrorMessage: ''
0034520:
    - bResult: 'False'
    - OutDescEst: '  Piastra Conn.STD ' 
    - ErrorMessage: ''
0034559:
    - bResult: 'False'
    - OutDescEst: '  Piastra Conn.STD ' 
    - ErrorMessage: ''
0034560:
    - bResult: 'False'
    - OutDescEst: '  Piastra Conn.STD ' 
    - ErrorMessage: ''
0034576:
    - bResult: 'False'
    - OutDescEst: '  Piastra Conn.STD ' 
    - ErrorMessage: ''
0034577:
    - bResult: 'False'
    - OutDescEst: '  Piastra Conn.STD ' 
    - ErrorMessage: ''
0034588:
    - bResult: 'False'
    - OutDescEst: '  Piastra Conn.STD ' 
    - ErrorMessage: ''
0034594:
    - bResult: 'False'
    - OutDescEst: '  Piastra Conn.STD ' 
    - ErrorMessage: ''
0034600:
    - bResult: 'False'
    - OutDescEst: '  Piastra Conn.STD ' 
    - ErrorMessage: ''
0034606:
    - bResult: 'False'
    - OutDescEst: '  Piastra Conn.STD ' 
    - ErrorMessage: ''
0034609:
    - bResult: 'False'
    - OutDescEst: '  Piastra Conn.STD ' 
    - ErrorMessage: ''
0034613:
    - bResult: 'False'
    - OutDescEst: '  Piastra Conn.STD ' 
    - ErrorMessage: ''
0034616:
    - bResult: 'False'
    - OutDescEst: '  Piastra Conn.STD ' 
    - ErrorMessage: ''
0034637:
    - bResult: 'False'
    - OutDescEst: '  Piastra Conn.STD ' 
    - ErrorMessage: ''
0034652:
    - bResult: 'False'
    - OutDescEst: '  Piastra Conn.STD ' 
    - ErrorMessage: ''
0034653:
    - bResult: 'False'
    - OutDescEst: '  Piastra Conn.STD ' 
    - ErrorMessage: ''
0034658:
    - bResult: 'False'
    - OutDescEst: '  Piastra Conn.STD ' 
    - ErrorMessage: ''
0034659:
    - bResult: 'False'
    - OutDescEst: '  Piastra Conn.STD ' 
    - ErrorMessage: ''
0034700:
    - bResult: 'False'
    - OutDescEst: '  Piastra Conn.STD ' 
    - ErrorMessage: ''
0034701:
    - bResult: 'False'
    - OutDescEst: '  Piastra Conn.STD ' 
    - ErrorMessage: ''
0034736:
    - bResult: 'False'
    - OutDescEst: '  Piastra Conn.STD ' 
    - ErrorMessage: ''
0034737:
    - bResult: 'False'
    - OutDescEst: '  Piastra Conn.STD ' 
    - ErrorMessage: ''
0034747:
    - bResult: 'False'
    - OutDescEst: '  Piastra Conn.STD ' 
    - ErrorMessage: ''
0034748:
    - bResult: 'False'
    - OutDescEst: '  Piastra Conn.STD ' 
    - ErrorMessage: ''
0034761:
    - bResult: 'False'
    - OutDescEst: '  Piastra Conn.STD ' 
    - ErrorMessage: ''
0034762:
    - bResult: 'False'
    - OutDescEst: '  Piastra Conn.STD ' 
    - ErrorMessage: ''
0034796:
    - bResult: 'False'
    - OutDescEst: '  Piastra Conn.STD ' 
    - ErrorMessage: ''
0034797:
    - bResult: 'False'
    - OutDescEst: '  Piastra Conn.STD ' 
    - ErrorMessage: ''
0034876:
    - bResult: 'False'
    - OutDescEst: '  Piastra Conn.STD ' 
    - ErrorMessage: ''
0034896:
    - bResult: 'False'
    - OutDescEst: '  Piastra Conn.STD ' 
    - ErrorMessage: ''
0034897:
    - bResult: 'False'
    - OutDescEst: '  Piastra Conn.STD ' 
    - ErrorMessage: ''
0034924:
    - bResult: 'False'
    - OutDescEst: '  Piastra Conn.STD ' 
    - ErrorMessage: ''
0034925:
    - bResult: 'False'
    - OutDescEst: '  Piastra Conn.STD ' 
    - ErrorMessage: ''
0034930:
    - bResult: 'False'
    - OutDescEst: '  Piastra Conn.STD ' 
    - ErrorMessage: ''
0034931:
    - bResult: 'False'
    - OutDescEst: '  Piastra Conn.STD ' 
    - ErrorMessage: ''
0034969:
    - bResult: 'False'
    - OutDescEst: '  Piastra Conn.STD ' 
    - ErrorMessage: ''
0034970:
    - bResult: 'False'
    - OutDescEst: '  Piastra Conn.STD ' 
    - ErrorMessage: ''
0034990:
    - bResult: 'False'
    - OutDescEst: '  Piastra Conn.STD ' 
    - ErrorMessage: ''
0035004:
    - bResult: 'False'
    - OutDescEst: '  Piastra Conn.STD ' 
    - ErrorMessage: ''
0035009:
    - bResult: 'False'
    - OutDescEst: '  Piastra Conn.STD ' 
    - ErrorMessage: ''
0035015:
    - bResult: 'False'
    - OutDescEst: '  Piastra Conn.STD ' 
    - ErrorMessage: ''
0035016:
    - bResult: 'False'
    - OutDescEst: '  Piastra Conn.STD ' 
    - ErrorMessage: ''
0035080:
    - bResult: 'False'
    - OutDescEst: '  Piastra Conn.STD ' 
    - ErrorMessage: ''
0035125:
    - bResult: 'False'
    - OutDescEst: '  Piastra Conn.STD ' 
    - ErrorMessage: ''
0035211:
    - bResult: 'False'
    - OutDescEst: '  Piastra Conn.STD ' 
    - ErrorMessage: ''
0035212:
    - bResult: 'False'
    - OutDescEst: '  Piastra Conn.STD ' 
    - ErrorMessage: ''
0035219:
    - bResult: 'False'
    - OutDescEst: '  Piastra Conn.STD ' 
    - ErrorMessage: ''
0035220:
    - bResult: 'False'
    - OutDescEst: '  Piastra Conn.STD ' 
    - ErrorMessage: ''
0035225:
    - bResult: 'False'
    - OutDescEst: '  Piastra Conn.STD ' 
    - ErrorMessage: ''
0035226:
    - bResult: 'False'
    - OutDescEst: '  Piastra Conn.STD ' 
    - ErrorMessage: ''
0035231:
    - bResult: 'False'
    - OutDescEst: '  Piastra Conn.STD ' 
    - ErrorMessage: ''
0035232:
    - bResult: 'False'
    - OutDescEst: '  Piastra Conn.STD ' 
    - ErrorMessage: ''
0035238:
    - bResult: 'False'
    - OutDescEst: '  Piastra Conn.STD ' 
    - ErrorMessage: ''
0035239:
    - bResult: 'False'
    - OutDescEst: '  Piastra Conn.STD ' 
    - ErrorMessage: ''
0035247:
    - bResult: 'False'
    - OutDescEst: '  Piastra Conn.STD ' 
    - ErrorMessage: ''
0035248:
    - bResult: 'False'
    - OutDescEst: '  Piastra Conn.STD ' 
    - ErrorMessage: ''
0035260:
    - bResult: 'False'
    - OutDescEst: '  Piastra Conn.STD ' 
    - ErrorMessage: ''
0035261:
    - bResult: 'False'
    - OutDescEst: '  Piastra Conn.STD ' 
    - ErrorMessage: ''
0035276:
    - bResult: 'False'
    - OutDescEst: '  Piastra Conn.STD ' 
    - ErrorMessage: ''
0035277:
    - bResult: 'False'
    - OutDescEst: '  Piastra Conn.STD ' 
    - ErrorMessage: ''
0035285:
    - bResult: 'False'
    - OutDescEst: '  Piastra Conn.STD ' 
    - ErrorMessage: ''
0035286:
    - bResult: 'False'
    - OutDescEst: '  Piastra Conn.STD ' 
    - ErrorMessage: ''
0035293:
    - bResult: 'False'
    - OutDescEst: '  Piastra Conn.STD ' 
    - ErrorMessage: ''
0035294:
    - bResult: 'False'
    - OutDescEst: '  Piastra Conn.STD ' 
    - ErrorMessage: ''
0035370:
    - bResult: 'False'
    - OutDescEst: '  Piastra Conn.STD ' 
    - ErrorMessage: ''
0035371:
    - bResult: 'False'
    - OutDescEst: '  Piastra Conn.STD ' 
    - ErrorMessage: ''
0035402:
    - bResult: 'False'
    - OutDescEst: '  Piastra Conn.STD ' 
    - ErrorMessage: ''
0035404:
    - bResult: 'False'
    - OutDescEst: '  Piastra Conn.STD ' 
    - ErrorMessage: ''
0035429:
    - bResult: 'False'
    - OutDescEst: '  Piastra Conn.STD ' 
    - ErrorMessage: ''
0035443:
    - bResult: 'False'
    - OutDescEst: '  Piastra Conn.STD ' 
    - ErrorMessage: ''
0035444:
    - bResult: 'False'
    - OutDescEst: '  Piastra Conn.STD ' 
    - ErrorMessage: ''
0035454:
    - bResult: 'False'
    - OutDescEst: '  Piastra Conn.STD ' 
    - ErrorMessage: ''
0035455:
    - bResult: 'False'
    - OutDescEst: '  Piastra Conn.STD ' 
    - ErrorMessage: ''
0035463:
    - bResult: 'False'
    - OutDescEst: '  Piastra Conn.STD ' 
    - ErrorMessage: ''
0035464:
    - bResult: 'False'
    - OutDescEst: '  Piastra Conn.STD ' 
    - ErrorMessage: ''
0035478:
    - bResult: 'False'
    - OutDescEst: '  Piastra Conn.STD ' 
    - ErrorMessage: ''
0035499:
    - bResult: 'False'
    - OutDescEst: '  Piastra Conn.STD ' 
    - ErrorMessage: ''
0035520:
    - bResult: 'False'
    - OutDescEst: '  Piastra Conn.STD ' 
    - ErrorMessage: ''
0035535:
    - bResult: 'False'
    - OutDescEst: '  Piastra Conn.STD ' 
    - ErrorMessage: ''
0035536:
    - bResult: 'False'
    - OutDescEst: '  Piastra Conn.STD ' 
    - ErrorMessage: ''
0035569:
    - bResult: 'False'
    - OutDescEst: '  Piastra Conn.STD ' 
    - ErrorMessage: ''
0035591:
    - bResult: 'False'
    - OutDescEst: '  Piastra Conn.STD ' 
    - ErrorMessage: ''
0035592:
    - bResult: 'False'
    - OutDescEst: '  Piastra Conn.STD ' 
    - ErrorMessage: ''
0035637:
    - bResult: 'False'
    - OutDescEst: '  Piastra Conn.STD ' 
    - ErrorMessage: ''
0035737:
    - bResult: 'False'
    - OutDescEst: '  Piastra Conn.STD ' 
    - ErrorMessage: ''
0035738:
    - bResult: 'False'
    - OutDescEst: '  Piastra Conn.STD ' 
    - ErrorMessage: ''
0035754:
    - bResult: 'False'
    - OutDescEst: '  Piastra Conn.STD ' 
    - ErrorMessage: ''
0035755:
    - bResult: 'False'
    - OutDescEst: '  Piastra Conn.STD ' 
    - ErrorMessage: ''
0035760:
    - bResult: 'False'
    - OutDescEst: '  Piastra Conn.STD ' 
    - ErrorMessage: ''
0035781:
    - bResult: 'False'
    - OutDescEst: '  Piastra Conn.STD ' 
    - ErrorMessage: ''
0035813:
    - bResult: 'False'
    - OutDescEst: '  Piastra Conn.STD ' 
    - ErrorMessage: ''
0035814:
    - bResult: 'False'
    - OutDescEst: '  Piastra Conn.STD ' 
    - ErrorMessage: ''
0035828:
    - bResult: 'False'
    - OutDescEst: '  Piastra Conn.STD ' 
    - ErrorMessage: ''
0035829:
    - bResult: 'False'
    - OutDescEst: '  Piastra Conn.STD ' 
    - ErrorMessage: ''
0035839:
    - bResult: 'False'
    - OutDescEst: '  Piastra Conn.STD ' 
    - ErrorMessage: ''
0035840:
    - bResult: 'False'
    - OutDescEst: '  Piastra Conn.STD ' 
    - ErrorMessage: ''
0035940:
    - bResult: 'False'
    - OutDescEst: '  Piastra Conn.STD ' 
    - ErrorMessage: ''
0035941:
    - bResult: 'False'
    - OutDescEst: '  Piastra Conn.STD ' 
    - ErrorMessage: ''
0036041:
    - bResult: 'False'
    - OutDescEst: '  Piastra Conn.STD ' 
    - ErrorMessage: ''
0036048:
    - bResult: 'False'
    - OutDescEst: '  Piastra Conn.STD ' 
    - ErrorMessage: ''
0036092:
    - bResult: 'False'
    - OutDescEst: '  Piastra Conn.STD ' 
    - ErrorMessage: ''
0036093:
    - bResult: 'False'
    - OutDescEst: '  Piastra Conn.STD ' 
    - ErrorMessage: ''
0036146:
    - bResult: 'False'
    - OutDescEst: '   ' 
    - ErrorMessage: ''
0036147:
    - bResult: 'False'
    - OutDescEst: '  Piastra Conn. ' 
    - ErrorMessage: ''
0036151:
    - bResult: 'False'
    - OutDescEst: '  Piastra Conn.STD ' 
    - ErrorMessage: ''
0036152:
    - bResult: 'False'
    - OutDescEst: '  Piastra Conn.STD ' 
    - ErrorMessage: ''
0036164:
    - bResult: 'False'
    - OutDescEst: '  Piastra Conn.STD ' 
    - ErrorMessage: ''
0036165:
    - bResult: 'False'
    - OutDescEst: '  Piastra Conn.STD ' 
    - ErrorMessage: ''
0036175:
    - bResult: 'False'
    - OutDescEst: '  Piastra Conn.STD ' 
    - ErrorMessage: ''
0036176:
    - bResult: 'False'
    - OutDescEst: '  Piastra Conn.STD ' 
    - ErrorMessage: ''
0036258:
    - bResult: 'False'
    - OutDescEst: '  Piastra Conn.STD ' 
    - ErrorMessage: ''
0036259:
    - bResult: 'False'
    - OutDescEst: '  Piastra Conn.STD ' 
    - ErrorMessage: ''
0036262:
    - bResult: 'False'
    - OutDescEst: '  Piastra Conn.STD ' 
    - ErrorMessage: ''
0036263:
    - bResult: 'False'
    - OutDescEst: '  Piastra Conn.STD ' 
    - ErrorMessage: ''
0036271:
    - bResult: 'False'
    - OutDescEst: '  Piastra Conn.STD ' 
    - ErrorMessage: ''
0036272:
    - bResult: 'False'
    - OutDescEst: '  Piastra Conn.STD ' 
    - ErrorMessage: ''
0036279:
    - bResult: 'False'
    - OutDescEst: '  Piastra Conn.STD ' 
    - ErrorMessage: ''
0036280:
    - bResult: 'False'
    - OutDescEst: '  Piastra Conn.STD ' 
    - ErrorMessage: ''
0036301:
    - bResult: 'False'
    - OutDescEst: '  Piastra Conn.STD ' 
    - ErrorMessage: ''
0036331:
    - bResult: 'False'
    - OutDescEst: '  Piastra Conn.Sp.6 ' 
    - ErrorMessage: ''
0036332:
    - bResult: 'False'
    - OutDescEst: '  Piastra Conn.Sp.6 ' 
    - ErrorMessage: ''
0036416:
    - bResult: 'False'
    - OutDescEst: '  Piastra Conn.STD ' 
    - ErrorMessage: ''
0036417:
    - bResult: 'False'
    - OutDescEst: '  Piastra Conn.STD ' 
    - ErrorMessage: ''
0036429:
    - bResult: 'False'
    - OutDescEst: '  Piastra Conn.STD ' 
    - ErrorMessage: ''
0036430:
    - bResult: 'False'
    - OutDescEst: '  Piastra Conn.STD ' 
    - ErrorMessage: ''
0036433:
    - bResult: 'False'
    - OutDescEst: '  Piastra Conn.STD ' 
    - ErrorMessage: ''
0036434:
    - bResult: 'False'
    - OutDescEst: '  Piastra Conn.STD ' 
    - ErrorMessage: ''
0036439:
    - bResult: 'False'
    - OutDescEst: '  Piastra Conn.STD ' 
    - ErrorMessage: ''
0036440:
    - bResult: 'False'
    - OutDescEst: '  Piastra Conn.STD ' 
    - ErrorMessage: ''
0036460:
    - bResult: 'False'
    - OutDescEst: '  Piastra Conn.STD ' 
    - ErrorMessage: ''
0036461:
    - bResult: 'False'
    - OutDescEst: '  Piastra Conn.STD ' 
    - ErrorMessage: ''
0036470:
    - bResult: 'False'
    - OutDescEst: '  Piastra Conn.STD ' 
    - ErrorMessage: ''
0036471:
    - bResult: 'False'
    - OutDescEst: '  Piastra Conn.STD ' 
    - ErrorMessage: ''
0036542:
    - bResult: 'False'
    - OutDescEst: '  Piastra Conn.STD ' 
    - ErrorMessage: ''
0036543:
    - bResult: 'False'
    - OutDescEst: '  Piastra Conn.STD ' 
    - ErrorMessage: ''
0036548:
    - bResult: 'False'
    - OutDescEst: '  Piastra Conn.STD ' 
    - ErrorMessage: ''
0036558:
    - bResult: 'False'
    - OutDescEst: '  Piastra Conn.STD ' 
    - ErrorMessage: ''
0036562:
    - bResult: 'False'
    - OutDescEst: '  Piastra Conn.STD ' 
    - ErrorMessage: ''
0036563:
    - bResult: 'False'
    - OutDescEst: '  Piastra Conn.STD ' 
    - ErrorMessage: ''
0036566:
    - bResult: 'False'
    - OutDescEst: '  Piastra Conn.STD ' 
    - ErrorMessage: ''
0036567:
    - bResult: 'False'
    - OutDescEst: '  Piastra Conn.STD ' 
    - ErrorMessage: ''
0036644:
    - bResult: 'False'
    - OutDescEst: '  Piastra Conn.STD ' 
    - ErrorMessage: ''
0036658:
    - bResult: 'False'
    - OutDescEst: '  Piastra Conn.STD ' 
    - ErrorMessage: ''
0036720:
    - bResult: 'False'
    - OutDescEst: '  Piastra Conn.STD ' 
    - ErrorMessage: ''
0036734:
    - bResult: 'False'
    - OutDescEst: '  Piastra Conn.STD ' 
    - ErrorMessage: ''
0036735:
    - bResult: 'False'
    - OutDescEst: '  Piastra Conn.STD ' 
    - ErrorMessage: ''
0036784:
    - bResult: 'False'
    - OutDescEst: '  Piastra Conn.STD ' 
    - ErrorMessage: ''
0036785:
    - bResult: 'False'
    - OutDescEst: '  Piastra Conn.STD ' 
    - ErrorMessage: ''
0036829:
    - bResult: 'False'
    - OutDescEst: '  Piastra Conn.STD ' 
    - ErrorMessage: ''
0036845:
    - bResult: 'False'
    - OutDescEst: '  Piastra Conn.STD ' 
    - ErrorMessage: ''
0036846:
    - bResult: 'False'
    - OutDescEst: '  Piastra Conn.STD ' 
    - ErrorMessage: ''
0036948:
    - bResult: 'False'
    - OutDescEst: '  Piastra Conn.STD ' 
    - ErrorMessage: ''
0036949:
    - bResult: 'False'
    - OutDescEst: '  Piastra Conn.STD ' 
    - ErrorMessage: ''
0037012:
    - bResult: 'False'
    - OutDescEst: '  Piastra Conn.STD ' 
    - ErrorMessage: ''
0037013:
    - bResult: 'False'
    - OutDescEst: '  Piastra Conn.STD ' 
    - ErrorMessage: ''
0037020:
    - bResult: 'False'
    - OutDescEst: '  Piastra Conn.STD ' 
    - ErrorMessage: ''
0037036:
    - bResult: 'False'
    - OutDescEst: '  Piastra Conn.STD ' 
    - ErrorMessage: ''
0037037:
    - bResult: 'False'
    - OutDescEst: '  Piastra Conn.STD ' 
    - ErrorMessage: ''
0037050:
    - bResult: 'False'
    - OutDescEst: '  Piastra Conn.STD ' 
    - ErrorMessage: ''
0037051:
    - bResult: 'False'
    - OutDescEst: '  Piastra Conn.STD ' 
    - ErrorMessage: ''
0037069:
    - bResult: 'False'
    - OutDescEst: '  Piastra Conn.STD ' 
    - ErrorMessage: ''
0037090:
    - bResult: 'False'
    - OutDescEst: '  Piastra Conn.STD ' 
    - ErrorMessage: ''
0037091:
    - bResult: 'False'
    - OutDescEst: '  Piastra Conn.STD ' 
    - ErrorMessage: ''
0037114:
    - bResult: 'False'
    - OutDescEst: '  Piastra Conn.STD ' 
    - ErrorMessage: ''
0037115:
    - bResult: 'False'
    - OutDescEst: '  Piastra Conn.STD ' 
    - ErrorMessage: ''
0037120:
    - bResult: 'False'
    - OutDescEst: '  Piastra Conn.STD ' 
    - ErrorMessage: ''
0037121:
    - bResult: 'False'
    - OutDescEst: '  Piastra Conn.STD ' 
    - ErrorMessage: ''
0037138:
    - bResult: 'False'
    - OutDescEst: '  Piastra Conn.STD Fix a terra Ø17' 
    - ErrorMessage: ''
0037139:
    - bResult: 'False'
    - OutDescEst: '  Piastra Conn.STD Fix a terra Ø17' 
    - ErrorMessage: ''
0037146:
    - bResult: 'False'
    - OutDescEst: '  Piastra Conn.STD ' 
    - ErrorMessage: ''
0037147:
    - bResult: 'False'
    - OutDescEst: '  Piastra Conn.STD ' 
    - ErrorMessage: ''
0037155:
    - bResult: 'False'
    - OutDescEst: '  Piastra Conn.STD ' 
    - ErrorMessage: ''
0037158:
    - bResult: 'False'
    - OutDescEst: '  Piastra Conn.STD ' 
    - ErrorMessage: ''
0037174:
    - bResult: 'False'
    - OutDescEst: '  Piastra Conn.STD ' 
    - ErrorMessage: ''
0037258:
    - bResult: 'False'
    - OutDescEst: '  Piastra Conn.STD ' 
    - ErrorMessage: ''
0037323:
    - bResult: 'False'
    - OutDescEst: '  Piastra Conn.STD ' 
    - ErrorMessage: ''
0037329:
    - bResult: 'False'
    - OutDescEst: '  Piastra Conn.STD ' 
    - ErrorMessage: ''
0037330:
    - bResult: 'False'
    - OutDescEst: '  Piastra Conn.STD ' 
    - ErrorMessage: ''
0037392:
    - bResult: 'False'
    - OutDescEst: '  Piastra Conn.STD ' 
    - ErrorMessage: ''
0037393:
    - bResult: 'False'
    - OutDescEst: '  Piastra Conn.STD ' 
    - ErrorMessage: ''
0037397:
    - bResult: 'False'
    - OutDescEst: '  Piastra Conn.STD ' 
    - ErrorMessage: ''
0037401:
    - bResult: 'False'
    - OutDescEst: '  Piastra Conn.STD ' 
    - ErrorMessage: ''
0037402:
    - bResult: 'False'
    - OutDescEst: '  Piastra Conn.STD ' 
    - ErrorMessage: ''
0037468:
    - bResult: 'False'
    - OutDescEst: '  Piastra Conn.STD ' 
    - ErrorMessage: ''
0037469:
    - bResult: 'False'
    - OutDescEst: '  Piastra Conn.STD ' 
    - ErrorMessage: ''
0037479:
    - bResult: 'False'
    - OutDescEst: '  Piastra Conn.STD ' 
    - ErrorMessage: ''
0037480:
    - bResult: 'False'
    - OutDescEst: '  Piastra Conn.STD ' 
    - ErrorMessage: ''
0037502:
    - bResult: 'False'
    - OutDescEst: '  Piastra Conn.STD ' 
    - ErrorMessage: ''
0037506:
    - bResult: 'False'
    - OutDescEst: '  Piastra Conn.STD ' 
    - ErrorMessage: ''
0037540:
    - bResult: 'False'
    - OutDescEst: '  Piastra Conn.STD ' 
    - ErrorMessage: ''
0037567:
    - bResult: 'False'
    - OutDescEst: '  Piastra Conn.STD ' 
    - ErrorMessage: ''
0037660:
    - bResult: 'False'
    - OutDescEst: '  Piastra Conn.STD ' 
    - ErrorMessage: ''
0037661:
    - bResult: 'False'
    - OutDescEst: '  Piastra Conn.STD ' 
    - ErrorMessage: ''
0037676:
    - bResult: 'False'
    - OutDescEst: '  Piastra Conn.STD ' 
    - ErrorMessage: ''
0037677:
    - bResult: 'False'
    - OutDescEst: '  Piastra Conn.STD ' 
    - ErrorMessage: ''
0037714:
    - bResult: 'False'
    - OutDescEst: '  Piastra Conn.STD ' 
    - ErrorMessage: ''
0037715:
    - bResult: 'False'
    - OutDescEst: '  Piastra Conn.STD ' 
    - ErrorMessage: ''
0037738:
    - bResult: 'False'
    - OutDescEst: '  Piastra Conn.STD ' 
    - ErrorMessage: ''
0037747:
    - bResult: 'False'
    - OutDescEst: '  Piastra Conn.STD ' 
    - ErrorMessage: ''
0037902:
    - bResult: 'False'
    - OutDescEst: '  Piastra Conn.STD ' 
    - ErrorMessage: ''
0037903:
    - bResult: 'False'
    - OutDescEst: '  Piastra Conn.STD ' 
    - ErrorMessage: ''
0037910:
    - bResult: 'False'
    - OutDescEst: '  Piastra Conn.STD ' 
    - ErrorMessage: ''
0037920:
    - bResult: 'False'
    - OutDescEst: '  Piastra Conn.STD ' 
    - ErrorMessage: ''
0037929:
    - bResult: 'False'
    - OutDescEst: '  Piastra Conn.STD ' 
    - ErrorMessage: ''
0037930:
    - bResult: 'False'
    - OutDescEst: '  Piastra Conn.STD ' 
    - ErrorMessage: ''
0037939:
    - bResult: 'False'
    - OutDescEst: '  Piastra Conn.STD ' 
    - ErrorMessage: ''
0037940:
    - bResult: 'False'
    - OutDescEst: '  Piastra Conn.STD ' 
    - ErrorMessage: ''
0037958:
    - bResult: 'False'
    - OutDescEst: '  Piastra Conn.STD ' 
    - ErrorMessage: ''
0037973:
    - bResult: 'False'
    - OutDescEst: '  Piastra Conn.STD ' 
    - ErrorMessage: ''
0037986:
    - bResult: 'False'
    - OutDescEst: '  Piastra Conn.STD ' 
    - ErrorMessage: ''
0037987:
    - bResult: 'False'
    - OutDescEst: '  Piastra Conn.STD ' 
    - ErrorMessage: ''
0037990:
    - bResult: 'False'
    - OutDescEst: '  Piastra Conn.STD ' 
    - ErrorMessage: ''
0037991:
    - bResult: 'False'
    - OutDescEst: '  Piastra Conn.STD ' 
    - ErrorMessage: ''
0037995:
    - bResult: 'False'
    - OutDescEst: '  Piastra Conn.STD ' 
    - ErrorMessage: ''
0037996:
    - bResult: 'False'
    - OutDescEst: '  Piastra Conn.STD ' 
    - ErrorMessage: ''
0038000:
    - bResult: 'False'
    - OutDescEst: '  Piastra Conn.STD ' 
    - ErrorMessage: ''
0038001:
    - bResult: 'False'
    - OutDescEst: '  Piastra Conn.STD ' 
    - ErrorMessage: ''
0038039:
    - bResult: 'False'
    - OutDescEst: '  Piastra Conn.STD ' 
    - ErrorMessage: ''
0038047:
    - bResult: 'False'
    - OutDescEst: '  Piastra Conn.STD ' 
    - ErrorMessage: ''
0038059:
    - bResult: 'False'
    - OutDescEst: '  Piastra Conn.STD ' 
    - ErrorMessage: ''
0038060:
    - bResult: 'False'
    - OutDescEst: '  Piastra Conn.STD ' 
    - ErrorMessage: ''
0038096:
    - bResult: 'False'
    - OutDescEst: '  Piastra Conn.STD ' 
    - ErrorMessage: ''
0038103:
    - bResult: 'False'
    - OutDescEst: '  Piastra Conn.STD ' 
    - ErrorMessage: ''
0038104:
    - bResult: 'False'
    - OutDescEst: '  Piastra Conn.STD ' 
    - ErrorMessage: ''
0038114:
    - bResult: 'False'
    - OutDescEst: '  Piastra Conn.STD ' 
    - ErrorMessage: ''
0038115:
    - bResult: 'False'
    - OutDescEst: '  Piastra Conn.STD ' 
    - ErrorMessage: ''
0038120:
    - bResult: 'False'
    - OutDescEst: '  Piastra Conn.STD ' 
    - ErrorMessage: ''
0038121:
    - bResult: 'False'
    - OutDescEst: '  Piastra Conn.STD ' 
    - ErrorMessage: ''
0038125:
    - bResult: 'False'
    - OutDescEst: '  Piastra Conn.STD ' 
    - ErrorMessage: ''
0038126:
    - bResult: 'False'
    - OutDescEst: '  Piastra Conn.STD ' 
    - ErrorMessage: ''
0038140:
    - bResult: 'False'
    - OutDescEst: '  Piastra Conn.STD ' 
    - ErrorMessage: ''
0038226:
    - bResult: 'False'
    - OutDescEst: '  Piastra Conn.STD ' 
    - ErrorMessage: ''
0038227:
    - bResult: 'False'
    - OutDescEst: '  Piastra Conn.STD ' 
    - ErrorMessage: ''
0038254:
    - bResult: 'False'
    - OutDescEst: '  Piastra Conn.STD ' 
    - ErrorMessage: ''
0038255:
    - bResult: 'False'
    - OutDescEst: '  Piastra Conn.STD ' 
    - ErrorMessage: ''
0038257:
    - bResult: 'False'
    - OutDescEst: '  Piastra Conn.STD ' 
    - ErrorMessage: ''
0038258:
    - bResult: 'False'
    - OutDescEst: '  Piastra Conn.STD ' 
    - ErrorMessage: ''
0038324:
    - bResult: 'False'
    - OutDescEst: '  Piastra Conn.STD ' 
    - ErrorMessage: ''
0038325:
    - bResult: 'False'
    - OutDescEst: '  Piastra Conn.STD ' 
    - ErrorMessage: ''
0038372:
    - bResult: 'False'
    - OutDescEst: '  Piastra Conn.STD ' 
    - ErrorMessage: ''
0038373:
    - bResult: 'False'
    - OutDescEst: '  Piastra Conn.STD ' 
    - ErrorMessage: ''
0038387:
    - bResult: 'False'
    - OutDescEst: '  Piastra Conn.STD ' 
    - ErrorMessage: ''
0038395:
    - bResult: 'False'
    - OutDescEst: '  Piastra Conn.STD ' 
    - ErrorMessage: ''
0038408:
    - bResult: 'False'
    - OutDescEst: '  Piastra Conn.STD ' 
    - ErrorMessage: ''
0038415:
    - bResult: 'False'
    - OutDescEst: '  Piastra Conn.STD ' 
    - ErrorMessage: ''
0038416:
    - bResult: 'False'
    - OutDescEst: '  Piastra Conn.STD ' 
    - ErrorMessage: ''
0038436:
    - bResult: 'False'
    - OutDescEst: '  Piastra Conn.STD ' 
    - ErrorMessage: ''
0038437:
    - bResult: 'False'
    - OutDescEst: '  Piastra Conn.STD ' 
    - ErrorMessage: ''
0038453:
    - bResult: 'False'
    - OutDescEst: '  Piastra Conn.STD ' 
    - ErrorMessage: ''
0038454:
    - bResult: 'False'
    - OutDescEst: '  Piastra Conn.STD ' 
    - ErrorMessage: ''
0038460:
    - bResult: 'False'
    - OutDescEst: '  Piastra Conn.STD ' 
    - ErrorMessage: ''
0038471:
    - bResult: 'False'
    - OutDescEst: '  Piastra Conn.STD ' 
    - ErrorMessage: ''
0038472:
    - bResult: 'False'
    - OutDescEst: '  Piastra Conn.STD ' 
    - ErrorMessage: ''
0038476:
    - bResult: 'False'
    - OutDescEst: '  Piastra Conn.STD ' 
    - ErrorMessage: ''
0038497:
    - bResult: 'False'
    - OutDescEst: '  Piastra Conn.STD ' 
    - ErrorMessage: ''
0038498:
    - bResult: 'False'
    - OutDescEst: '  Piastra Conn.STD ' 
    - ErrorMessage: ''
0038505:
    - bResult: 'False'
    - OutDescEst: '  Piastra Conn.STD ' 
    - ErrorMessage: ''
0038524:
    - bResult: 'False'
    - OutDescEst: '  Piastra Conn.STD ' 
    - ErrorMessage: ''
0038525:
    - bResult: 'False'
    - OutDescEst: '  Piastra Conn.STD ' 
    - ErrorMessage: ''
0038679:
    - bResult: 'False'
    - OutDescEst: '  Piastra Conn.STD ' 
    - ErrorMessage: ''
0038680:
    - bResult: 'False'
    - OutDescEst: '  Piastra Conn.STD ' 
    - ErrorMessage: ''
0038721:
    - bResult: 'False'
    - OutDescEst: '  Piastra Conn.STD ' 
    - ErrorMessage: ''
0038722:
    - bResult: 'False'
    - OutDescEst: '  Piastra Conn.STD ' 
    - ErrorMessage: ''
0038738:
    - bResult: 'False'
    - OutDescEst: '  Piastra Conn.STD ' 
    - ErrorMessage: ''
0038739:
    - bResult: 'False'
    - OutDescEst: '  Piastra Conn.STD ' 
    - ErrorMessage: ''
0038747:
    - bResult: 'False'
    - OutDescEst: '  Piastra Conn.STD ' 
    - ErrorMessage: ''
0038748:
    - bResult: 'False'
    - OutDescEst: '  Piastra Conn.STD ' 
    - ErrorMessage: ''
0038801:
    - bResult: 'False'
    - OutDescEst: '  Piastra Conn.STD ' 
    - ErrorMessage: ''
0038802:
    - bResult: 'False'
    - OutDescEst: '  Piastra Conn.STD ' 
    - ErrorMessage: ''
0038833:
    - bResult: 'False'
    - OutDescEst: '  Piastra Conn.STD ' 
    - ErrorMessage: ''
0038834:
    - bResult: 'False'
    - OutDescEst: '  Piastra Conn.STD ' 
    - ErrorMessage: ''
0038920:
    - bResult: 'False'
    - OutDescEst: '  Piastra Conn.STD ' 
    - ErrorMessage: ''
0039056:
    - bResult: 'False'
    - OutDescEst: '  Piastra Conn.STD ' 
    - ErrorMessage: ''
0039057:
    - bResult: 'False'
    - OutDescEst: '  Piastra Conn.STD ' 
    - ErrorMessage: ''
0039090:
    - bResult: 'False'
    - OutDescEst: '  Piastra Conn.STD ' 
    - ErrorMessage: ''
0039091:
    - bResult: 'False'
    - OutDescEst: '  Piastra Conn.STD ' 
    - ErrorMessage: ''
0039094:
    - bResult: 'False'
    - OutDescEst: '  Piastra Conn.STD ' 
    - ErrorMessage: ''
0039095:
    - bResult: 'False'
    - OutDescEst: '  Piastra Conn.STD ' 
    - ErrorMessage: ''
0039136:
    - bResult: 'False'
    - OutDescEst: '  Piastra Conn.STD ' 
    - ErrorMessage: ''
0039137:
    - bResult: 'False'
    - OutDescEst: '  Piastra Conn.STD ' 
    - ErrorMessage: ''
0039152:
    - bResult: 'False'
    - OutDescEst: '  Piastra Conn.STD ' 
    - ErrorMessage: ''
0039153:
    - bResult: 'False'
    - OutDescEst: '  Piastra Conn.STD ' 
    - ErrorMessage: ''
0039174:
    - bResult: 'False'
    - OutDescEst: '  Piastra Conn.STD ' 
    - ErrorMessage: ''
0039209:
    - bResult: 'False'
    - OutDescEst: '  Piastra Conn.STD ' 
    - ErrorMessage: ''
0039219:
    - bResult: 'False'
    - OutDescEst: '  Piastra Conn.STD ' 
    - ErrorMessage: ''
0039344:
    - bResult: 'False'
    - OutDescEst: '  Piastra Conn.STD ' 
    - ErrorMessage: ''
0039345:
    - bResult: 'False'
    - OutDescEst: '  Piastra Conn.STD ' 
    - ErrorMessage: ''
0039454:
    - bResult: 'False'
    - OutDescEst: '  Piastra Conn.STD ' 
    - ErrorMessage: ''
0039468:
    - bResult: 'False'
    - OutDescEst: '  Piastra Conn.STD ' 
    - ErrorMessage: ''
0039469:
    - bResult: 'False'
    - OutDescEst: '  Piastra Conn.STD ' 
    - ErrorMessage: ''
0039520:
    - bResult: 'False'
    - OutDescEst: '  Piastra Conn.STD ' 
    - ErrorMessage: ''
0039526:
    - bResult: 'False'
    - OutDescEst: '  Piastra Conn.STD ' 
    - ErrorMessage: ''
0039532:
    - bResult: 'False'
    - OutDescEst: '  Piastra Conn.STD ' 
    - ErrorMessage: ''
0039533:
    - bResult: 'False'
    - OutDescEst: '  Piastra Conn.STD ' 
    - ErrorMessage: ''
0039563:
    - bResult: 'False'
    - OutDescEst: '  Piastra Conn.STD ' 
    - ErrorMessage: ''
0039600:
    - bResult: 'False'
    - OutDescEst: '  Piastra Conn.STD ' 
    - ErrorMessage: ''
0039601:
    - bResult: 'False'
    - OutDescEst: '  Piastra Conn.STD ' 
    - ErrorMessage: ''
0039608:
    - bResult: 'False'
    - OutDescEst: '  Piastra Conn.STD ' 
    - ErrorMessage: ''
0039635:
    - bResult: 'False'
    - OutDescEst: '  Piastra Conn.STD ' 
    - ErrorMessage: ''
0039636:
    - bResult: 'False'
    - OutDescEst: '  Piastra Conn.STD ' 
    - ErrorMessage: ''
0039645:
    - bResult: 'False'
    - OutDescEst: '  Piastra Conn.STD ' 
    - ErrorMessage: ''
0039646:
    - bResult: 'False'
    - OutDescEst: '  Piastra Conn.STD ' 
    - ErrorMessage: ''
0039668:
    - bResult: 'False'
    - OutDescEst: '  Piastra Conn.STD ' 
    - ErrorMessage: ''
0039755:
    - bResult: 'False'
    - OutDescEst: '  Piastra Conn.STD ' 
    - ErrorMessage: ''
0039821:
    - bResult: 'False'
    - OutDescEst: '  Piastra Conn.STD ' 
    - ErrorMessage: ''
0039822:
    - bResult: 'False'
    - OutDescEst: '  Piastra Conn.STD ' 
    - ErrorMessage: ''
0039833:
    - bResult: 'False'
    - OutDescEst: '  Piastra Conn.STD ' 
    - ErrorMessage: ''
0039920:
    - bResult: 'False'
    - OutDescEst: '  Piastra Conn.STD ' 
    - ErrorMessage: ''
0039921:
    - bResult: 'False'
    - OutDescEst: '  Piastra Conn.STD ' 
    - ErrorMessage: ''
0039957:
    - bResult: 'False'
    - OutDescEst: '  Piastra Conn.STD ' 
    - ErrorMessage: ''
0039958:
    - bResult: 'False'
    - OutDescEst: '  Piastra Conn.STD ' 
    - ErrorMessage: ''
0039976:
    - bResult: 'False'
    - OutDescEst: '  Piastra Conn.STD ' 
    - ErrorMessage: ''
0039986:
    - bResult: 'False'
    - OutDescEst: '  Piastra Conn.STD ' 
    - ErrorMessage: ''
0039987:
    - bResult: 'False'
    - OutDescEst: '  Piastra Conn.STD ' 
    - ErrorMessage: ''
0040017:
    - bResult: 'False'
    - OutDescEst: '  Piastra Conn.STD ' 
    - ErrorMessage: ''
0040018:
    - bResult: 'False'
    - OutDescEst: '  Piastra Conn.STD ' 
    - ErrorMessage: ''
0040054:
    - bResult: 'False'
    - OutDescEst: '  Piastra Conn.STD ' 
    - ErrorMessage: ''
0040059:
    - bResult: 'False'
    - OutDescEst: '  Piastra Conn.STD ' 
    - ErrorMessage: ''
0040060:
    - bResult: 'False'
    - OutDescEst: '  Piastra Conn.STD ' 
    - ErrorMessage: ''
0040065:
    - bResult: 'False'
    - OutDescEst: '  Piastra Conn.STD ' 
    - ErrorMessage: ''
0040070:
    - bResult: 'False'
    - OutDescEst: '  Piastra Conn.STD ' 
    - ErrorMessage: ''
0040110:
    - bResult: 'False'
    - OutDescEst: '  Piastra Conn.STD ' 
    - ErrorMessage: ''
0040115:
    - bResult: 'False'
    - OutDescEst: '  Piastra Conn.STD ' 
    - ErrorMessage: ''
0040116:
    - bResult: 'False'
    - OutDescEst: '  Piastra Conn.STD ' 
    - ErrorMessage: ''
0040281:
    - bResult: 'False'
    - OutDescEst: '  Piastra Conn.STD ' 
    - ErrorMessage: ''
0040289:
    - bResult: 'False'
    - OutDescEst: '  Piastra Conn.STD ' 
    - ErrorMessage: ''
0040290:
    - bResult: 'False'
    - OutDescEst: '  Piastra Conn.STD ' 
    - ErrorMessage: ''
0040411:
    - bResult: 'False'
    - OutDescEst: '  Piastra Conn.STD ' 
    - ErrorMessage: ''
0040441:
    - bResult: 'False'
    - OutDescEst: '  Piastra Conn.STD ' 
    - ErrorMessage: ''
0040442:
    - bResult: 'False'
    - OutDescEst: '  Piastra Conn.STD ' 
    - ErrorMessage: ''
0040453:
    - bResult: 'False'
    - OutDescEst: '  Piastra Conn.STD ' 
    - ErrorMessage: ''
0040454:
    - bResult: 'False'
    - OutDescEst: '  Piastra Conn.STD ' 
    - ErrorMessage: ''
0040549:
    - bResult: 'False'
    - OutDescEst: '  Piastra Conn.STD ' 
    - ErrorMessage: ''
0040585:
    - bResult: 'False'
    - OutDescEst: '  Piastra Conn.STD ' 
    - ErrorMessage: ''
0040586:
    - bResult: 'False'
    - OutDescEst: '  Piastra Conn.STD ' 
    - ErrorMessage: ''
0040614:
    - bResult: 'False'
    - OutDescEst: '  Piastra Conn.STD ' 
    - ErrorMessage: ''
0040615:
    - bResult: 'False'
    - OutDescEst: '  Piastra Conn.STD ' 
    - ErrorMessage: ''
0040670:
    - bResult: 'False'
    - OutDescEst: '  Piastra Conn.STD ' 
    - ErrorMessage: ''
0040671:
    - bResult: 'False'
    - OutDescEst: '  Piastra Conn.STD ' 
    - ErrorMessage: ''
0040699:
    - bResult: 'False'
    - OutDescEst: '  Piastra Conn.STD Fix a terra Ø17' 
    - ErrorMessage: ''
0040700:
    - bResult: 'False'
    - OutDescEst: '  Piastra Conn.STD Fix a terra Ø17' 
    - ErrorMessage: ''
0040883:
    - bResult: 'False'
    - OutDescEst: '  Piastra Conn.STD ' 
    - ErrorMessage: ''
0040889:
    - bResult: 'False'
    - OutDescEst: '  Piastra Conn.STD ' 
    - ErrorMessage: ''
0040890:
    - bResult: 'False'
    - OutDescEst: '  Piastra Conn.STD ' 
    - ErrorMessage: ''
0040946:
    - bResult: 'False'
    - OutDescEst: '  Piastra Conn.STD ' 
    - ErrorMessage: ''
0041087:
    - bResult: 'False'
    - OutDescEst: '  Piastra Conn.STD ' 
    - ErrorMessage: ''
0041093:
    - bResult: 'False'
    - OutDescEst: '  Piastra Conn.STD ' 
    - ErrorMessage: ''
0041094:
    - bResult: 'False'
    - OutDescEst: '  Piastra Conn.STD ' 
    - ErrorMessage: ''
0041125:
    - bResult: 'False'
    - OutDescEst: '  Piastra Conn.STD ' 
    - ErrorMessage: ''
0041126:
    - bResult: 'False'
    - OutDescEst: '  Piastra Conn.STD ' 
    - ErrorMessage: ''
0041242:
    - bResult: 'False'
    - OutDescEst: '  Piastra Conn.STD ' 
    - ErrorMessage: ''
0041243:
    - bResult: 'False'
    - OutDescEst: '  Piastra Conn.STD ' 
    - ErrorMessage: ''
0041348:
    - bResult: 'False'
    - OutDescEst: '  Piastra Conn.STD ' 
    - ErrorMessage: ''
0041386:
    - bResult: 'False'
    - OutDescEst: '  Piastra Conn.STD ' 
    - ErrorMessage: ''
0041387:
    - bResult: 'False'
    - OutDescEst: '  Piastra Conn.STD ' 
    - ErrorMessage: ''
0041425:
    - bResult: 'False'
    - OutDescEst: '  Piastra Conn.STD ' 
    - ErrorMessage: ''
0041442:
    - bResult: 'False'
    - OutDescEst: '  Piastra Conn.STD ' 
    - ErrorMessage: ''
0041443:
    - bResult: 'False'
    - OutDescEst: '  Piastra Conn.STD ' 
    - ErrorMessage: ''
0041453:
    - bResult: 'False'
    - OutDescEst: '  Piastra Conn.STD ' 
    - ErrorMessage: ''
0041454:
    - bResult: 'False'
    - OutDescEst: '  Piastra Conn.STD ' 
    - ErrorMessage: ''
0041506:
    - bResult: 'False'
    - OutDescEst: '  Piastra Conn.STD ' 
    - ErrorMessage: ''
0041507:
    - bResult: 'False'
    - OutDescEst: '  Piastra Conn.STD ' 
    - ErrorMessage: ''
0041509:
    - bResult: 'False'
    - OutDescEst: '  Piastra Conn.STD ' 
    - ErrorMessage: ''
0041510:
    - bResult: 'False'
    - OutDescEst: '  Piastra Conn.STD ' 
    - ErrorMessage: ''
0041523:
    - bResult: 'False'
    - OutDescEst: '  Piastra Conn.STD ' 
    - ErrorMessage: ''
0041524:
    - bResult: 'False'
    - OutDescEst: '  Piastra Conn.STD ' 
    - ErrorMessage: ''
0041872:
    - bResult: 'False'
    - OutDescEst: '  Piastra Conn.STD ' 
    - ErrorMessage: ''
0041873:
    - bResult: 'False'
    - OutDescEst: '  Piastra Conn.STD ' 
    - ErrorMessage: ''
0041881:
    - bResult: 'False'
    - OutDescEst: '  Piastra Conn.STD ' 
    - ErrorMessage: ''
0041905:
    - bResult: 'False'
    - OutDescEst: '  Piastra Conn.STD ' 
    - ErrorMessage: ''
0041910:
    - bResult: 'False'
    - OutDescEst: '  Piastra Conn.STD ' 
    - ErrorMessage: ''
0041911:
    - bResult: 'False'
    - OutDescEst: '  Piastra Conn.STD ' 
    - ErrorMessage: ''
0041919:
    - bResult: 'False'
    - OutDescEst: '  Piastra Conn.STD ' 
    - ErrorMessage: ''
0041940:
    - bResult: 'False'
    - OutDescEst: '  Piastra Conn.STD ' 
    - ErrorMessage: ''
0041972:
    - bResult: 'False'
    - OutDescEst: '  Piastra Conn.STD ' 
    - ErrorMessage: ''
0042027:
    - bResult: 'False'
    - OutDescEst: '  Piastra Conn.STD ' 
    - ErrorMessage: ''
0042028:
    - bResult: 'False'
    - OutDescEst: '  Piastra Conn.STD ' 
    - ErrorMessage: ''
0042100:
    - bResult: 'False'
    - OutDescEst: '  Piastra Conn.STD ' 
    - ErrorMessage: ''
0042142:
    - bResult: 'False'
    - OutDescEst: '  Piastra Conn.STD ' 
    - ErrorMessage: ''
0042152:
    - bResult: 'False'
    - OutDescEst: '  Piastra Conn.STD ' 
    - ErrorMessage: ''
0042153:
    - bResult: 'False'
    - OutDescEst: '  Piastra Conn.STD ' 
    - ErrorMessage: ''
0042157:
    - bResult: 'False'
    - OutDescEst: '  Piastra Conn.STD ' 
    - ErrorMessage: ''
0042158:
    - bResult: 'False'
    - OutDescEst: '  Piastra Conn.STD ' 
    - ErrorMessage: ''
0042162:
    - bResult: 'False'
    - OutDescEst: '  Piastra Conn.STD ' 
    - ErrorMessage: ''
0042164:
    - bResult: 'False'
    - OutDescEst: '  Piastra Conn.STD ' 
    - ErrorMessage: ''
0042165:
    - bResult: 'False'
    - OutDescEst: '  Piastra Conn.STD ' 
    - ErrorMessage: ''
0042175:
    - bResult: 'False'
    - OutDescEst: '  Piastra Conn.STD ' 
    - ErrorMessage: ''
0042176:
    - bResult: 'False'
    - OutDescEst: '  Piastra Conn.STD ' 
    - ErrorMessage: ''
0042210:
    - bResult: 'False'
    - OutDescEst: '  Piastra Conn.STD ' 
    - ErrorMessage: ''
0042216:
    - bResult: 'False'
    - OutDescEst: '  Piastra Conn.STD ' 
    - ErrorMessage: ''
0042376:
    - bResult: 'False'
    - OutDescEst: '  Piastra Conn.STD ' 
    - ErrorMessage: ''
0042430:
    - bResult: 'False'
    - OutDescEst: '  Piastra Conn.STD ' 
    - ErrorMessage: ''
0042452:
    - bResult: 'False'
    - OutDescEst: '  Piastra Conn.STD ' 
    - ErrorMessage: ''
0042463:
    - bResult: 'False'
    - OutDescEst: '  Piastra Conn.STD ' 
    - ErrorMessage: ''
0042464:
    - bResult: 'False'
    - OutDescEst: '  Piastra Conn.STD ' 
    - ErrorMessage: ''
0042476:
    - bResult: 'False'
    - OutDescEst: '  Piastra Conn.STD ' 
    - ErrorMessage: ''
0042503:
    - bResult: 'False'
    - OutDescEst: '  Piastra Conn.STD ' 
    - ErrorMessage: ''
0042504:
    - bResult: 'False'
    - OutDescEst: '  Piastra Conn.STD ' 
    - ErrorMessage: ''
0042550:
    - bResult: 'False'
    - OutDescEst: '  Piastra Conn.STD ' 
    - ErrorMessage: ''
0042551:
    - bResult: 'False'
    - OutDescEst: '  Piastra Conn.STD ' 
    - ErrorMessage: ''
0042574:
    - bResult: 'False'
    - OutDescEst: '  Piastra Conn.STD ' 
    - ErrorMessage: ''
0042576:
    - bResult: 'False'
    - OutDescEst: '  Piastra Conn.STD ' 
    - ErrorMessage: ''
0042577:
    - bResult: 'False'
    - OutDescEst: '  Piastra Conn.STD ' 
    - ErrorMessage: ''
0042619:
    - bResult: 'False'
    - OutDescEst: '  Piastra Conn.STD ' 
    - ErrorMessage: ''
0042621:
    - bResult: 'False'
    - OutDescEst: '  Piastra Conn.STD ' 
    - ErrorMessage: ''
0042649:
    - bResult: 'False'
    - OutDescEst: '  Piastra Conn.STD ' 
    - ErrorMessage: ''
0042650:
    - bResult: 'False'
    - OutDescEst: '  Piastra Conn.STD ' 
    - ErrorMessage: ''
0042658:
    - bResult: 'False'
    - OutDescEst: '  Piastra Conn.STD ' 
    - ErrorMessage: ''
0042663:
    - bResult: 'False'
    - OutDescEst: '  Piastra Conn.STD ' 
    - ErrorMessage: ''
0042664:
    - bResult: 'False'
    - OutDescEst: '  Piastra Conn.STD ' 
    - ErrorMessage: ''
0042689:
    - bResult: 'False'
    - OutDescEst: '  Piastra Conn.STD ' 
    - ErrorMessage: ''
0042690:
    - bResult: 'False'
    - OutDescEst: '  Piastra Conn.STD ' 
    - ErrorMessage: ''
0042704:
    - bResult: 'False'
    - OutDescEst: '  Piastra Conn.STD ' 
    - ErrorMessage: ''
0042705:
    - bResult: 'False'
    - OutDescEst: '  Piastra Conn.STD ' 
    - ErrorMessage: ''
0042801:
    - bResult: 'False'
    - OutDescEst: '  Piastra Conn.STD ' 
    - ErrorMessage: ''
0042810:
    - bResult: 'False'
    - OutDescEst: '  Piastra Conn.STD ' 
    - ErrorMessage: ''
0042814:
    - bResult: 'False'
    - OutDescEst: '  Piastra Conn.STD ' 
    - ErrorMessage: ''
0042815:
    - bResult: 'False'
    - OutDescEst: '  Piastra Conn.STD ' 
    - ErrorMessage: ''
0042950:
    - bResult: 'False'
    - OutDescEst: '  Piastra Conn.STD ' 
    - ErrorMessage: ''
0042951:
    - bResult: 'False'
    - OutDescEst: '  Piastra Conn.STD ' 
    - ErrorMessage: ''
0042978:
    - bResult: 'False'
    - OutDescEst: '  Piastra Conn.STD ' 
    - ErrorMessage: ''
0042990:
    - bResult: 'False'
    - OutDescEst: '  Piastra Conn.STD ' 
    - ErrorMessage: ''
0043106:
    - bResult: 'False'
    - OutDescEst: '  Piastra Conn.STD ' 
    - ErrorMessage: ''
0043213:
    - bResult: 'False'
    - OutDescEst: '  Piastra Conn.STD ' 
    - ErrorMessage: ''
0043214:
    - bResult: 'False'
    - OutDescEst: '  Piastra Conn.STD ' 
    - ErrorMessage: ''
0043223:
    - bResult: 'False'
    - OutDescEst: '  Piastra Conn.STD ' 
    - ErrorMessage: ''
0043231:
    - bResult: 'False'
    - OutDescEst: '  Piastra Conn.STD ' 
    - ErrorMessage: ''
0043237:
    - bResult: 'False'
    - OutDescEst: '  Piastra Conn.STD ' 
    - ErrorMessage: ''
0043255:
    - bResult: 'False'
    - OutDescEst: '  Piastra Conn.STD ' 
    - ErrorMessage: ''
0043256:
    - bResult: 'False'
    - OutDescEst: '  Piastra Conn.STD ' 
    - ErrorMessage: ''
0043270:
    - bResult: 'False'
    - OutDescEst: '  Piastra Conn.STD ' 
    - ErrorMessage: ''
0043271:
    - bResult: 'False'
    - OutDescEst: '  Piastra Conn.STD ' 
    - ErrorMessage: ''
0043287:
    - bResult: 'False'
    - OutDescEst: '  Piastra Conn.STD ' 
    - ErrorMessage: ''
0043420:
    - bResult: 'False'
    - OutDescEst: '  Piastra Conn.STD ' 
    - ErrorMessage: ''
0043421:
    - bResult: 'False'
    - OutDescEst: '  Piastra Conn.STD ' 
    - ErrorMessage: ''
0043547:
    - bResult: 'False'
    - OutDescEst: '  Piastra Conn.STD ' 
    - ErrorMessage: ''
0043548:
    - bResult: 'False'
    - OutDescEst: '  Piastra Conn.STD ' 
    - ErrorMessage: ''
0043567:
    - bResult: 'False'
    - OutDescEst: '  Piastra Conn.STD ' 
    - ErrorMessage: ''
0043568:
    - bResult: 'False'
    - OutDescEst: '  Piastra Conn.STD ' 
    - ErrorMessage: ''
0043596:
    - bResult: 'False'
    - OutDescEst: '   ' 
    - ErrorMessage: ''
0043601:
    - bResult: 'False'
    - OutDescEst: '   ' 
    - ErrorMessage: ''
0043605:
    - bResult: 'False'
    - OutDescEst: '   ' 
    - ErrorMessage: ''
0043607:
    - bResult: 'False'
    - OutDescEst: '   ' 
    - ErrorMessage: ''
0043608:
    - bResult: 'False'
    - OutDescEst: '   ' 
    - ErrorMessage: ''
0043609:
    - bResult: 'False'
    - OutDescEst: '   ' 
    - ErrorMessage: ''
0043649:
    - bResult: 'False'
    - OutDescEst: '   ' 
    - ErrorMessage: ''
0043652:
    - bResult: 'False'
    - OutDescEst: '  Piastra Conn.STD ' 
    - ErrorMessage: ''
0043653:
    - bResult: 'False'
    - OutDescEst: '  Piastra Conn.STD ' 
    - ErrorMessage: ''
0043666:
    - bResult: 'False'
    - OutDescEst: '   ' 
    - ErrorMessage: ''
0043677:
    - bResult: 'False'
    - OutDescEst: '  Piastra Conn.STD ' 
    - ErrorMessage: ''
0043678:
    - bResult: 'False'
    - OutDescEst: '  Piastra Conn.STD ' 
    - ErrorMessage: ''
0043688:
    - bResult: 'False'
    - OutDescEst: '   ' 
    - ErrorMessage: ''
0043745:
    - bResult: 'False'
    - OutDescEst: '  Piastra Conn.STD ' 
    - ErrorMessage: ''
0043751:
    - bResult: 'False'
    - OutDescEst: '  Piastra Conn.STD ' 
    - ErrorMessage: ''
0043807:
    - bResult: 'False'
    - OutDescEst: '  Piastra Conn.STD ' 
    - ErrorMessage: ''
0043808:
    - bResult: 'False'
    - OutDescEst: '  Piastra Conn.STD ' 
    - ErrorMessage: ''
0043837:
    - bResult: 'False'
    - OutDescEst: '  Piastra Conn.STD ' 
    - ErrorMessage: ''
0043898:
    - bResult: 'False'
    - OutDescEst: '  Piastra Conn.STD ' 
    - ErrorMessage: ''
0043899:
    - bResult: 'False'
    - OutDescEst: '  Piastra Conn.STD ' 
    - ErrorMessage: ''
0043904:
    - bResult: 'False'
    - OutDescEst: '  Piastra Conn.STD ' 
    - ErrorMessage: ''
0043905:
    - bResult: 'False'
    - OutDescEst: '  Piastra Conn.STD ' 
    - ErrorMessage: ''
0043916:
    - bResult: 'False'
    - OutDescEst: '  Piastra Conn.STD ' 
    - ErrorMessage: ''
0043917:
    - bResult: 'False'
    - OutDescEst: '  Piastra Conn.STD ' 
    - ErrorMessage: ''
0043925:
    - bResult: 'False'
    - OutDescEst: '   ' 
    - ErrorMessage: ''
0043940:
    - bResult: 'False'
    - OutDescEst: '  Piastra Conn.STD ' 
    - ErrorMessage: ''
0043941:
    - bResult: 'False'
    - OutDescEst: '  Piastra Conn.STD ' 
    - ErrorMessage: ''
0043943:
    - bResult: 'False'
    - OutDescEst: '   ' 
    - ErrorMessage: ''
0043944:
    - bResult: 'False'
    - OutDescEst: '   ' 
    - ErrorMessage: ''
0043945:
    - bResult: 'False'
    - OutDescEst: '   ' 
    - ErrorMessage: ''
0043946:
    - bResult: 'False'
    - OutDescEst: '   ' 
    - ErrorMessage: ''
0043947:
    - bResult: 'False'
    - OutDescEst: '   ' 
    - ErrorMessage: ''
0043948:
    - bResult: 'False'
    - OutDescEst: '   ' 
    - ErrorMessage: ''
0043949:
    - bResult: 'False'
    - OutDescEst: '   ' 
    - ErrorMessage: ''
0043950:
    - bResult: 'False'
    - OutDescEst: '   ' 
    - ErrorMessage: ''
0043954:
    - bResult: 'False'
    - OutDescEst: '   ' 
    - ErrorMessage: ''
0043955:
    - bResult: 'False'
    - OutDescEst: '   ' 
    - ErrorMessage: ''
0043956:
    - bResult: 'False'
    - OutDescEst: '   ' 
    - ErrorMessage: ''
0043957:
    - bResult: 'False'
    - OutDescEst: '   ' 
    - ErrorMessage: ''
0043958:
    - bResult: 'False'
    - OutDescEst: '   ' 
    - ErrorMessage: ''
0043959:
    - bResult: 'False'
    - OutDescEst: '   ' 
    - ErrorMessage: ''
0043960:
    - bResult: 'False'
    - OutDescEst: '   ' 
    - ErrorMessage: ''
0044027:
    - bResult: 'False'
    - OutDescEst: '  Piastra Conn.STD ' 
    - ErrorMessage: ''
0044028:
    - bResult: 'False'
    - OutDescEst: '  Piastra Conn.STD ' 
    - ErrorMessage: ''
0044034:
    - bResult: 'False'
    - OutDescEst: '  Piastra Conn.STD ' 
    - ErrorMessage: ''
0044035:
    - bResult: 'False'
    - OutDescEst: '  Piastra Conn.STD ' 
    - ErrorMessage: ''
0044044:
    - bResult: 'False'
    - OutDescEst: '  Piastra Conn.STD ' 
    - ErrorMessage: ''
0044045:
    - bResult: 'False'
    - OutDescEst: '  Piastra Conn.STD ' 
    - ErrorMessage: ''
0044049:
    - bResult: 'False'
    - OutDescEst: '  Piastra Conn.STD ' 
    - ErrorMessage: ''
0044050:
    - bResult: 'False'
    - OutDescEst: '  Piastra Conn.STD ' 
    - ErrorMessage: ''
0044083:
    - bResult: 'False'
    - OutDescEst: '  Piastra Conn.STD ' 
    - ErrorMessage: ''
0044084:
    - bResult: 'False'
    - OutDescEst: '  Piastra Conn.STD ' 
    - ErrorMessage: ''
0044095:
    - bResult: 'False'
    - OutDescEst: '  Piastra Conn.STD ' 
    - ErrorMessage: ''
0044096:
    - bResult: 'False'
    - OutDescEst: '  Piastra Conn.STD ' 
    - ErrorMessage: ''
0044116:
    - bResult: 'False'
    - OutDescEst: '  Piastra Conn.STD ' 
    - ErrorMessage: ''
0044121:
    - bResult: 'False'
    - OutDescEst: '  Piastra Conn.STD ' 
    - ErrorMessage: ''
0044122:
    - bResult: 'False'
    - OutDescEst: '  Piastra Conn.STD ' 
    - ErrorMessage: ''
0044150:
    - bResult: 'False'
    - OutDescEst: '  Piastra Conn.STD ' 
    - ErrorMessage: ''
0044151:
    - bResult: 'False'
    - OutDescEst: '  Piastra Conn.STD ' 
    - ErrorMessage: ''
0044160:
    - bResult: 'False'
    - OutDescEst: '  Piastra Conn.STD ' 
    - ErrorMessage: ''
0044161:
    - bResult: 'False'
    - OutDescEst: '  Piastra Conn.STD ' 
    - ErrorMessage: ''
0044197:
    - bResult: 'False'
    - OutDescEst: '  Piastra Conn.STD ' 
    - ErrorMessage: ''
