0017424:
    - bResult: 'False'
    - OutDescEst: '' 
    - ErrorMessage: ''
0021234:
    - bResult: 'False'
    - OutDescEst: '' 
    - ErrorMessage: ''
0023618:
    - bResult: 'False'
    - OutDescEst: '' 
    - ErrorMessage: ''
0027319:
    - bResult: 'False'
    - OutDescEst: '' 
    - ErrorMessage: ''
0027323:
    - bResult: 'False'
    - OutDescEst: '' 
    - ErrorMessage: ''
0038264:
    - bResult: 'False'
    - OutDescEst: '' 
    - ErrorMessage: ''
0054945:
    - bResult: 'False'
    - OutDescEst: '' 
    - ErrorMessage: ''
0084360:
    - bResult: 'False'
    - OutDescEst: '' 
    - ErrorMessage: ''
0089543:
    - bResult: 'False'
    - OutDescEst: '' 
    - ErrorMessage: ''
0095022:
    - bResult: 'False'
    - OutDescEst: '' 
    - ErrorMessage: ''
0116984:
    - bResult: 'False'
    - OutDescEst: '' 
    - ErrorMessage: ''
0116985:
    - bResult: 'False'
    - OutDescEst: '' 
    - ErrorMessage: ''
0117073:
    - bResult: 'False'
    - OutDescEst: '' 
    - ErrorMessage: ''
0117151:
    - bResult: 'False'
    - OutDescEst: '' 
    - ErrorMessage: ''
0117156:
    - bResult: 'False'
    - OutDescEst: 'schiacciato in centro' 
    - ErrorMessage: ''
0117157:
    - bResult: 'False'
    - OutDescEst: 'schiacciato in centro' 
    - ErrorMessage: ''
0117191:
    - bResult: 'False'
    - OutDescEst: '' 
    - ErrorMessage: ''
0117274:
    - bResult: 'False'
    - OutDescEst: 'schiacciato in centro' 
    - ErrorMessage: ''
0117357:
    - bResult: 'False'
    - OutDescEst: '' 
    - ErrorMessage: ''
0117498:
    - bResult: 'False'
    - OutDescEst: 'schiacciato in centro' 
    - ErrorMessage: ''
0118383:
    - bResult: 'False'
    - OutDescEst: '' 
    - ErrorMessage: ''
0118908:
    - bResult: 'False'
    - OutDescEst: '' 
    - ErrorMessage: ''
0119037:
    - bResult: 'False'
    - OutDescEst: 'schiacciato in centro' 
    - ErrorMessage: ''
0119038:
    - bResult: 'False'
    - OutDescEst: '' 
    - ErrorMessage: ''
0119118:
    - bResult: 'False'
    - OutDescEst: '' 
    - ErrorMessage: ''
0119389:
    - bResult: 'False'
    - OutDescEst: '' 
    - ErrorMessage: ''
0119392:
    - bResult: 'False'
    - OutDescEst: 'schiacciato in centro' 
    - ErrorMessage: ''
0119416:
    - bResult: 'False'
    - OutDescEst: '' 
    - ErrorMessage: ''
0119767:
    - bResult: 'False'
    - OutDescEst: 'schiacciato in centro' 
    - ErrorMessage: ''
0119770:
    - bResult: 'False'
    - OutDescEst: 'schiacciato in centro' 
    - ErrorMessage: ''
0120019:
    - bResult: 'False'
    - OutDescEst: '' 
    - ErrorMessage: ''
0120046:
    - bResult: 'False'
    - OutDescEst: '' 
    - ErrorMessage: ''
0120846:
    - bResult: 'False'
    - OutDescEst: 'schiacciato in centro' 
    - ErrorMessage: ''
0120909:
    - bResult: 'False'
    - OutDescEst: 'schiacciato in centro' 
    - ErrorMessage: ''
0121047:
    - bResult: 'False'
    - OutDescEst: '' 
    - ErrorMessage: ''
0121077:
    - bResult: 'False'
    - OutDescEst: '' 
    - ErrorMessage: ''
0121689:
    - bResult: 'False'
    - OutDescEst: 'schiacciato in centro' 
    - ErrorMessage: ''
0121776:
    - bResult: 'False'
    - OutDescEst: '' 
    - ErrorMessage: ''
0121784:
    - bResult: 'False'
    - OutDescEst: 'schiacciato in centro' 
    - ErrorMessage: ''
0122141:
    - bResult: 'False'
    - OutDescEst: 'schiacciato in centro' 
    - ErrorMessage: ''
0122448:
    - bResult: 'False'
    - OutDescEst: 'schiacciato in centro' 
    - ErrorMessage: ''
0122449:
    - bResult: 'False'
    - OutDescEst: 'schiacciato in centro' 
    - ErrorMessage: ''
0122726:
    - bResult: 'False'
    - OutDescEst: 'schiacciato in centro' 
    - ErrorMessage: ''
0123032:
    - bResult: 'False'
    - OutDescEst: '' 
    - ErrorMessage: ''
0124047:
    - bResult: 'False'
    - OutDescEst: 'schiacciato in centro' 
    - ErrorMessage: ''
0124071:
    - bResult: 'False'
    - OutDescEst: '' 
    - ErrorMessage: ''
0124450:
    - bResult: 'False'
    - OutDescEst: '' 
    - ErrorMessage: ''
0124633:
    - bResult: 'False'
    - OutDescEst: 'schiacciato in centro' 
    - ErrorMessage: ''
0124755:
    - bResult: 'False'
    - OutDescEst: '' 
    - ErrorMessage: ''
0125267:
    - bResult: 'False'
    - OutDescEst: 'schiacciato in centro' 
    - ErrorMessage: ''
0125637:
    - bResult: 'False'
    - OutDescEst: '' 
    - ErrorMessage: ''
0126380:
    - bResult: 'False'
    - OutDescEst: '' 
    - ErrorMessage: ''
0127005:
    - bResult: 'False'
    - OutDescEst: '' 
    - ErrorMessage: ''
0127147:
    - bResult: 'False'
    - OutDescEst: '' 
    - ErrorMessage: ''
0127148:
    - bResult: 'False'
    - OutDescEst: 'schiacciato in centro' 
    - ErrorMessage: ''
0128580:
    - bResult: 'False'
    - OutDescEst: '' 
    - ErrorMessage: ''
0129193:
    - bResult: 'False'
    - OutDescEst: '' 
    - ErrorMessage: ''
0129559:
    - bResult: 'False'
    - OutDescEst: '' 
    - ErrorMessage: ''
0129774:
    - bResult: 'False'
    - OutDescEst: '' 
    - ErrorMessage: ''
0129976:
    - bResult: 'False'
    - OutDescEst: '' 
    - ErrorMessage: ''
0130428:
    - bResult: 'False'
    - OutDescEst: '' 
    - ErrorMessage: ''
0130429:
    - bResult: 'False'
    - OutDescEst: '' 
    - ErrorMessage: ''
0130445:
    - bResult: 'False'
    - OutDescEst: '' 
    - ErrorMessage: ''
0130447:
    - bResult: 'False'
    - OutDescEst: '' 
    - ErrorMessage: ''
0130796:
    - bResult: 'False'
    - OutDescEst: '' 
    - ErrorMessage: ''
0130797:
    - bResult: 'False'
    - OutDescEst: '' 
    - ErrorMessage: ''
0132365:
    - bResult: 'False'
    - OutDescEst: '' 
    - ErrorMessage: ''
0132855:
    - bResult: 'False'
    - OutDescEst: '' 
    - ErrorMessage: ''
0134285:
    - bResult: 'False'
    - OutDescEst: '' 
    - ErrorMessage: ''
0134288:
    - bResult: 'False'
    - OutDescEst: '' 
    - ErrorMessage: ''
0134290:
    - bResult: 'False'
    - OutDescEst: '' 
    - ErrorMessage: ''
0135164:
    - bResult: 'False'
    - OutDescEst: 'schiacciato in centro' 
    - ErrorMessage: ''
0135478:
    - bResult: 'False'
    - OutDescEst: '' 
    - ErrorMessage: ''
0135482:
    - bResult: 'False'
    - OutDescEst: 'schiacciato in centro' 
    - ErrorMessage: ''
0135873:
    - bResult: 'False'
    - OutDescEst: 'schiacciato in centro' 
    - ErrorMessage: ''
0136809:
    - bResult: 'False'
    - OutDescEst: 'schiacciato in centro' 
    - ErrorMessage: ''
0136812:
    - bResult: 'False'
    - OutDescEst: 'schiacciato in centro' 
    - ErrorMessage: ''
0137762:
    - bResult: 'False'
    - OutDescEst: '' 
    - ErrorMessage: ''
0138210:
    - bResult: 'False'
    - OutDescEst: '' 
    - ErrorMessage: ''
0138908:
    - bResult: 'False'
    - OutDescEst: 'schiacciato in centro' 
    - ErrorMessage: ''
0138909:
    - bResult: 'False'
    - OutDescEst: 'schiacciato in centro' 
    - ErrorMessage: ''
0140004:
    - bResult: 'False'
    - OutDescEst: '' 
    - ErrorMessage: ''
0140793:
    - bResult: 'False'
    - OutDescEst: '' 
    - ErrorMessage: ''
0140797:
    - bResult: 'False'
    - OutDescEst: '' 
    - ErrorMessage: ''
0141097:
    - bResult: 'False'
    - OutDescEst: '' 
    - ErrorMessage: ''
0141815:
    - bResult: 'False'
    - OutDescEst: '' 
    - ErrorMessage: ''
0141817:
    - bResult: 'False'
    - OutDescEst: 'schiacciato in centro' 
    - ErrorMessage: ''
0142905:
    - bResult: 'False'
    - OutDescEst: '' 
    - ErrorMessage: ''
0143427:
    - bResult: 'False'
    - OutDescEst: 'schiacciato in centro' 
    - ErrorMessage: ''
0143430:
    - bResult: 'False'
    - OutDescEst: 'schiacciato in centro' 
    - ErrorMessage: ''
0146307:
    - bResult: 'False'
    - OutDescEst: '' 
    - ErrorMessage: ''
0147575:
    - bResult: 'False'
    - OutDescEst: '' 
    - ErrorMessage: ''
0148616:
    - bResult: 'False'
    - OutDescEst: 'schiacciato in centro' 
    - ErrorMessage: ''
0149116:
    - bResult: 'False'
    - OutDescEst: 'schiacciato in centro' 
    - ErrorMessage: ''
0149245:
    - bResult: 'False'
    - OutDescEst: '' 
    - ErrorMessage: ''
0150985:
    - bResult: 'False'
    - OutDescEst: '' 
    - ErrorMessage: ''
0153665:
    - bResult: 'False'
    - OutDescEst: '' 
    - ErrorMessage: ''
0153667:
    - bResult: 'False'
    - OutDescEst: '' 
    - ErrorMessage: ''
0153668:
    - bResult: 'False'
    - OutDescEst: '' 
    - ErrorMessage: ''
0153792:
    - bResult: 'False'
    - OutDescEst: '' 
    - ErrorMessage: ''
0155599:
    - bResult: 'False'
    - OutDescEst: '' 
    - ErrorMessage: ''
0156280:
    - bResult: 'False'
    - OutDescEst: '' 
    - ErrorMessage: ''
0156281:
    - bResult: 'False'
    - OutDescEst: '' 
    - ErrorMessage: ''
0156282:
    - bResult: 'False'
    - OutDescEst: '' 
    - ErrorMessage: ''
0156283:
    - bResult: 'False'
    - OutDescEst: '' 
    - ErrorMessage: ''
0158483:
    - bResult: 'False'
    - OutDescEst: 'schiacciato in centro' 
    - ErrorMessage: ''
0158484:
    - bResult: 'False'
    - OutDescEst: 'schiacciato in centro' 
    - ErrorMessage: ''
0160599:
    - bResult: 'False'
    - OutDescEst: '' 
    - ErrorMessage: ''
0163430:
    - bResult: 'False'
    - OutDescEst: 'schiacciato in centro' 
    - ErrorMessage: ''
0168457:
    - bResult: 'False'
    - OutDescEst: 'schiacciato in centro' 
    - ErrorMessage: ''
0169354:
    - bResult: 'False'
    - OutDescEst: '' 
    - ErrorMessage: ''
0170202:
    - bResult: 'False'
    - OutDescEst: 'schiacciato in centro' 
    - ErrorMessage: ''
0172859:
    - bResult: 'False'
    - OutDescEst: 'schiacciato in centro' 
    - ErrorMessage: ''
0173306:
    - bResult: 'False'
    - OutDescEst: '' 
    - ErrorMessage: ''
0177919:
    - bResult: 'False'
    - OutDescEst: '' 
    - ErrorMessage: ''
0178009:
    - bResult: 'False'
    - OutDescEst: 'schiacciato in centro' 
    - ErrorMessage: ''
0181707:
    - bResult: 'False'
    - OutDescEst: '' 
    - ErrorMessage: ''
0181708:
    - bResult: 'False'
    - OutDescEst: 'schiacciato in centro' 
    - ErrorMessage: ''
0183578:
    - bResult: 'False'
    - OutDescEst: 'schiacciato in centro' 
    - ErrorMessage: ''
0188248:
    - bResult: 'False'
    - OutDescEst: '' 
    - ErrorMessage: ''
0191948:
    - bResult: 'False'
    - OutDescEst: '' 
    - ErrorMessage: ''
0191949:
    - bResult: 'False'
    - OutDescEst: '' 
    - ErrorMessage: ''
0191950:
    - bResult: 'False'
    - OutDescEst: '' 
    - ErrorMessage: ''
0191951:
    - bResult: 'False'
    - OutDescEst: '' 
    - ErrorMessage: ''
0192532:
    - bResult: 'False'
    - OutDescEst: 'schiacciato in centro' 
    - ErrorMessage: ''
0192535:
    - bResult: 'False'
    - OutDescEst: '' 
    - ErrorMessage: ''
0192539:
    - bResult: 'False'
    - OutDescEst: '' 
    - ErrorMessage: ''
0192540:
    - bResult: 'False'
    - OutDescEst: '' 
    - ErrorMessage: ''
0194694:
    - bResult: 'False'
    - OutDescEst: '' 
    - ErrorMessage: ''
0194698:
    - bResult: 'False'
    - OutDescEst: '' 
    - ErrorMessage: ''
0196600:
    - bResult: 'False'
    - OutDescEst: '' 
    - ErrorMessage: ''
0196601:
    - bResult: 'False'
    - OutDescEst: '' 
    - ErrorMessage: ''
0196602:
    - bResult: 'False'
    - OutDescEst: '' 
    - ErrorMessage: ''
0196642:
    - bResult: 'False'
    - OutDescEst: 'schiacciato in centro' 
    - ErrorMessage: ''
0196773:
    - bResult: 'False'
    - OutDescEst: '' 
    - ErrorMessage: ''
0198006:
    - bResult: 'False'
    - OutDescEst: '' 
    - ErrorMessage: ''
0198007:
    - bResult: 'False'
    - OutDescEst: '' 
    - ErrorMessage: ''
0198008:
    - bResult: 'False'
    - OutDescEst: '' 
    - ErrorMessage: ''
0203014:
    - bResult: 'False'
    - OutDescEst: '' 
    - ErrorMessage: ''
0204017:
    - bResult: 'False'
    - OutDescEst: '' 
    - ErrorMessage: ''
0204018:
    - bResult: 'False'
    - OutDescEst: '' 
    - ErrorMessage: ''
0219184:
    - bResult: 'False'
    - OutDescEst: '' 
    - ErrorMessage: ''
0220320:
    - bResult: 'False'
    - OutDescEst: 'schiacciato in centro' 
    - ErrorMessage: ''
0226685:
    - bResult: 'False'
    - OutDescEst: 'schiacciato in centro' 
    - ErrorMessage: ''
0226832:
    - bResult: 'False'
    - OutDescEst: '' 
    - ErrorMessage: ''
0226833:
    - bResult: 'False'
    - OutDescEst: 'schiacciato in centro' 
    - ErrorMessage: ''
0226836:
    - bResult: 'False'
    - OutDescEst: 'schiacciato in centro' 
    - ErrorMessage: ''
0226838:
    - bResult: 'False'
    - OutDescEst: 'schiacciato in centro' 
    - ErrorMessage: ''
0226839:
    - bResult: 'False'
    - OutDescEst: 'schiacciato in centro' 
    - ErrorMessage: ''
0226840:
    - bResult: 'False'
    - OutDescEst: 'schiacciato in centro' 
    - ErrorMessage: ''
0226841:
    - bResult: 'False'
    - OutDescEst: 'schiacciato in centro' 
    - ErrorMessage: ''
0226842:
    - bResult: 'False'
    - OutDescEst: 'schiacciato in centro' 
    - ErrorMessage: ''
0226843:
    - bResult: 'False'
    - OutDescEst: 'schiacciato in centro' 
    - ErrorMessage: ''
0226844:
    - bResult: 'False'
    - OutDescEst: 'schiacciato in centro' 
    - ErrorMessage: ''
0226845:
    - bResult: 'False'
    - OutDescEst: 'schiacciato in centro' 
    - ErrorMessage: ''
0226847:
    - bResult: 'False'
    - OutDescEst: 'schiacciato in centro' 
    - ErrorMessage: ''
0226848:
    - bResult: 'False'
    - OutDescEst: 'schiacciato in centro' 
    - ErrorMessage: ''
0226849:
    - bResult: 'False'
    - OutDescEst: 'schiacciato in centro' 
    - ErrorMessage: ''
0226854:
    - bResult: 'False'
    - OutDescEst: '' 
    - ErrorMessage: ''
0226986:
    - bResult: 'False'
    - OutDescEst: 'schiacciato in centro' 
    - ErrorMessage: ''
0226987:
    - bResult: 'False'
    - OutDescEst: 'schiacciato in centro' 
    - ErrorMessage: ''
0227301:
    - bResult: 'False'
    - OutDescEst: '' 
    - ErrorMessage: ''
0227302:
    - bResult: 'False'
    - OutDescEst: '' 
    - ErrorMessage: ''
0227303:
    - bResult: 'False'
    - OutDescEst: 'schiacciato in centro' 
    - ErrorMessage: ''
0230059:
    - bResult: 'False'
    - OutDescEst: 'schiacciato in centro' 
    - ErrorMessage: ''
0230060:
    - bResult: 'False'
    - OutDescEst: '' 
    - ErrorMessage: ''
0230061:
    - bResult: 'False'
    - OutDescEst: '' 
    - ErrorMessage: ''
0230062:
    - bResult: 'False'
    - OutDescEst: 'schiacciato in centro' 
    - ErrorMessage: ''
0230063:
    - bResult: 'False'
    - OutDescEst: '' 
    - ErrorMessage: ''
0230064:
    - bResult: 'False'
    - OutDescEst: 'schiacciato in centro' 
    - ErrorMessage: ''
0230078:
    - bResult: 'False'
    - OutDescEst: '' 
    - ErrorMessage: ''
0230079:
    - bResult: 'False'
    - OutDescEst: 'schiacciato in centro' 
    - ErrorMessage: ''
0235703:
    - bResult: 'False'
    - OutDescEst: 'schiacciato in centro' 
    - ErrorMessage: ''
0235786:
    - bResult: 'False'
    - OutDescEst: 'schiacciato in centro' 
    - ErrorMessage: ''
0237076:
    - bResult: 'False'
    - OutDescEst: '' 
    - ErrorMessage: ''
0237078:
    - bResult: 'False'
    - OutDescEst: '' 
    - ErrorMessage: ''
0237079:
    - bResult: 'False'
    - OutDescEst: 'schiacciato in centro' 
    - ErrorMessage: ''
0237080:
    - bResult: 'False'
    - OutDescEst: 'schiacciato in centro' 
    - ErrorMessage: ''
0237607:
    - bResult: 'False'
    - OutDescEst: 'schiacciato in centro' 
    - ErrorMessage: ''
0237851:
    - bResult: 'False'
    - OutDescEst: '' 
    - ErrorMessage: ''
0239800:
    - bResult: 'False'
    - OutDescEst: 'schiacciato in centro' 
    - ErrorMessage: ''
0241635:
    - bResult: 'False'
    - OutDescEst: '' 
    - ErrorMessage: ''
0241636:
    - bResult: 'False'
    - OutDescEst: '' 
    - ErrorMessage: ''
0241639:
    - bResult: 'False'
    - OutDescEst: '' 
    - ErrorMessage: ''
0241640:
    - bResult: 'False'
    - OutDescEst: '' 
    - ErrorMessage: ''
0241740:
    - bResult: 'False'
    - OutDescEst: '' 
    - ErrorMessage: ''
0241741:
    - bResult: 'False'
    - OutDescEst: '' 
    - ErrorMessage: ''
0243107:
    - bResult: 'False'
    - OutDescEst: '' 
    - ErrorMessage: ''
0247711:
    - bResult: 'False'
    - OutDescEst: '' 
    - ErrorMessage: ''
0247712:
    - bResult: 'False'
    - OutDescEst: '' 
    - ErrorMessage: ''
0247841:
    - bResult: 'False'
    - OutDescEst: '' 
    - ErrorMessage: ''
0247842:
    - bResult: 'False'
    - OutDescEst: '' 
    - ErrorMessage: ''
0247843:
    - bResult: 'False'
    - OutDescEst: 'schiacciato in centro' 
    - ErrorMessage: ''
0247844:
    - bResult: 'False'
    - OutDescEst: '' 
    - ErrorMessage: ''
0247845:
    - bResult: 'False'
    - OutDescEst: '' 
    - ErrorMessage: ''
0247846:
    - bResult: 'False'
    - OutDescEst: 'schiacciato in centro' 
    - ErrorMessage: ''
0247847:
    - bResult: 'False'
    - OutDescEst: '' 
    - ErrorMessage: ''
0247848:
    - bResult: 'False'
    - OutDescEst: '' 
    - ErrorMessage: ''
0247849:
    - bResult: 'False'
    - OutDescEst: '' 
    - ErrorMessage: ''
0247850:
    - bResult: 'False'
    - OutDescEst: '' 
    - ErrorMessage: ''
0247852:
    - bResult: 'False'
    - OutDescEst: '' 
    - ErrorMessage: ''
0247853:
    - bResult: 'False'
    - OutDescEst: '' 
    - ErrorMessage: ''
0248313:
    - bResult: 'False'
    - OutDescEst: 'schiacciato in centro' 
    - ErrorMessage: ''
0251157:
    - bResult: 'False'
    - OutDescEst: '' 
    - ErrorMessage: ''
0251158:
    - bResult: 'False'
    - OutDescEst: '' 
    - ErrorMessage: ''
0251160:
    - bResult: 'False'
    - OutDescEst: 'schiacciato in centro' 
    - ErrorMessage: ''
0254446:
    - bResult: 'False'
    - OutDescEst: '' 
    - ErrorMessage: ''
0254447:
    - bResult: 'False'
    - OutDescEst: '' 
    - ErrorMessage: ''
0254649:
    - bResult: 'False'
    - OutDescEst: '' 
    - ErrorMessage: ''
0254650:
    - bResult: 'False'
    - OutDescEst: 'schiacciato in centro' 
    - ErrorMessage: ''
0254651:
    - bResult: 'False'
    - OutDescEst: 'schiacciato in centro' 
    - ErrorMessage: ''
0258209:
    - bResult: 'False'
    - OutDescEst: '' 
    - ErrorMessage: ''
0258210:
    - bResult: 'False'
    - OutDescEst: 'schiacciato in centro' 
    - ErrorMessage: ''
0258211:
    - bResult: 'False'
    - OutDescEst: 'schiacciato in centro' 
    - ErrorMessage: ''
0258220:
    - bResult: 'False'
    - OutDescEst: '' 
    - ErrorMessage: ''
0258221:
    - bResult: 'False'
    - OutDescEst: 'schiacciato in centro' 
    - ErrorMessage: ''
0258222:
    - bResult: 'False'
    - OutDescEst: 'schiacciato in centro' 
    - ErrorMessage: ''
0258223:
    - bResult: 'False'
    - OutDescEst: '' 
    - ErrorMessage: ''
0258224:
    - bResult: 'False'
    - OutDescEst: 'schiacciato in centro' 
    - ErrorMessage: ''
0258225:
    - bResult: 'False'
    - OutDescEst: 'schiacciato in centro' 
    - ErrorMessage: ''
0258227:
    - bResult: 'False'
    - OutDescEst: '' 
    - ErrorMessage: ''
0258228:
    - bResult: 'False'
    - OutDescEst: 'schiacciato in centro' 
    - ErrorMessage: ''
0258229:
    - bResult: 'False'
    - OutDescEst: 'schiacciato in centro' 
    - ErrorMessage: ''
0258230:
    - bResult: 'False'
    - OutDescEst: '' 
    - ErrorMessage: ''
0258231:
    - bResult: 'False'
    - OutDescEst: 'schiacciato in centro' 
    - ErrorMessage: ''
0258232:
    - bResult: 'False'
    - OutDescEst: 'schiacciato in centro' 
    - ErrorMessage: ''
0261094:
    - bResult: 'False'
    - OutDescEst: 'schiacciato in centro' 
    - ErrorMessage: ''
0261107:
    - bResult: 'False'
    - OutDescEst: '' 
    - ErrorMessage: ''
0261705:
    - bResult: 'False'
    - OutDescEst: '' 
    - ErrorMessage: ''
0261706:
    - bResult: 'False'
    - OutDescEst: 'schiacciato in centro' 
    - ErrorMessage: ''
0262005:
    - bResult: 'False'
    - OutDescEst: '' 
    - ErrorMessage: ''
0262006:
    - bResult: 'False'
    - OutDescEst: '' 
    - ErrorMessage: ''
0262007:
    - bResult: 'False'
    - OutDescEst: 'schiacciato in centro' 
    - ErrorMessage: ''
0270132:
    - bResult: 'False'
    - OutDescEst: '' 
    - ErrorMessage: ''
0271107:
    - bResult: 'False'
    - OutDescEst: 'schiacciato in centro' 
    - ErrorMessage: ''
0272091:
    - bResult: 'False'
    - OutDescEst: '' 
    - ErrorMessage: ''
0272092:
    - bResult: 'False'
    - OutDescEst: '' 
    - ErrorMessage: ''
0272095:
    - bResult: 'False'
    - OutDescEst: 'schiacciato in centro' 
    - ErrorMessage: ''
0272104:
    - bResult: 'False'
    - OutDescEst: 'schiacciato in centro' 
    - ErrorMessage: ''
0272887:
    - bResult: 'False'
    - OutDescEst: '' 
    - ErrorMessage: ''
0272888:
    - bResult: 'False'
    - OutDescEst: '' 
    - ErrorMessage: ''
0272889:
    - bResult: 'False'
    - OutDescEst: 'schiacciato in centro' 
    - ErrorMessage: ''
0272890:
    - bResult: 'False'
    - OutDescEst: 'schiacciato in centro' 
    - ErrorMessage: ''
0289038:
    - bResult: 'False'
    - OutDescEst: 'schiacciato in centro' 
    - ErrorMessage: ''
1002451:
    - bResult: 'False'
    - OutDescEst: 'schiacciato in centro' 
    - ErrorMessage: ''
1002679:
    - bResult: 'False'
    - OutDescEst: 'schiacciato in centro' 
    - ErrorMessage: ''
1002862:
    - bResult: 'False'
    - OutDescEst: 'schiacciato in centro' 
    - ErrorMessage: ''
1019472:
    - bResult: 'False'
    - OutDescEst: 'schiacciato in centro' 
    - ErrorMessage: ''
1019474:
    - bResult: 'False'
    - OutDescEst: '' 
    - ErrorMessage: ''
1026966:
    - bResult: 'False'
    - OutDescEst: 'schiacciato in centro' 
    - ErrorMessage: ''
