0064353:
    - bResult: 'False'
    - OutDescEst: '' 
    - ErrorMessage: ''
0064354:
    - bResult: 'False'
    - OutDescEst: '' 
    - ErrorMessage: ''
0064355:
    - bResult: 'False'
    - OutDescEst: '' 
    - ErrorMessage: ''
0065416:
    - bResult: 'False'
    - OutDescEst: '' 
    - ErrorMessage: ''
0065417:
    - bResult: 'False'
    - OutDescEst: '' 
    - ErrorMessage: ''
0065418:
    - bResult: 'False'
    - OutDescEst: '' 
    - ErrorMessage: ''
0065419:
    - bResult: 'False'
    - OutDescEst: '' 
    - ErrorMessage: ''
0065420:
    - bResult: 'False'
    - OutDescEst: '' 
    - ErrorMessage: ''
0065421:
    - bResult: 'False'
    - OutDescEst: '' 
    - ErrorMessage: ''
0065422:
    - bResult: 'False'
    - OutDescEst: '' 
    - ErrorMessage: ''
0065423:
    - bResult: 'False'
    - OutDescEst: '' 
    - ErrorMessage: ''
0065424:
    - bResult: 'False'
    - OutDescEst: '' 
    - ErrorMessage: ''
0065425:
    - bResult: 'False'
    - OutDescEst: '' 
    - ErrorMessage: ''
0065426:
    - bResult: 'False'
    - OutDescEst: '' 
    - ErrorMessage: ''
0065427:
    - bResult: 'False'
    - OutDescEst: '' 
    - ErrorMessage: ''
0065428:
    - bResult: 'False'
    - OutDescEst: '' 
    - ErrorMessage: ''
0065429:
    - bResult: 'False'
    - OutDescEst: '' 
    - ErrorMessage: ''
0065430:
    - bResult: 'False'
    - OutDescEst: '' 
    - ErrorMessage: ''
0065431:
    - bResult: 'False'
    - OutDescEst: '' 
    - ErrorMessage: ''
0065432:
    - bResult: 'False'
    - OutDescEst: '' 
    - ErrorMessage: ''
0065433:
    - bResult: 'False'
    - OutDescEst: '' 
    - ErrorMessage: ''
0065802:
    - bResult: 'False'
    - OutDescEst: '' 
    - ErrorMessage: ''
0065803:
    - bResult: 'False'
    - OutDescEst: '' 
    - ErrorMessage: ''
0065804:
    - bResult: 'False'
    - OutDescEst: '' 
    - ErrorMessage: ''
0065805:
    - bResult: 'False'
    - OutDescEst: '' 
    - ErrorMessage: ''
0065806:
    - bResult: 'False'
    - OutDescEst: '' 
    - ErrorMessage: ''
0065980:
    - bResult: 'False'
    - OutDescEst: '' 
    - ErrorMessage: ''
0065981:
    - bResult: 'False'
    - OutDescEst: '' 
    - ErrorMessage: ''
0065982:
    - bResult: 'False'
    - OutDescEst: '' 
    - ErrorMessage: ''
0065983:
    - bResult: 'False'
    - OutDescEst: '' 
    - ErrorMessage: ''
0065984:
    - bResult: 'False'
    - OutDescEst: '' 
    - ErrorMessage: ''
0065985:
    - bResult: 'False'
    - OutDescEst: '' 
    - ErrorMessage: ''
0066176:
    - bResult: 'False'
    - OutDescEst: '' 
    - ErrorMessage: ''
0066177:
    - bResult: 'False'
    - OutDescEst: '' 
    - ErrorMessage: ''
0066178:
    - bResult: 'False'
    - OutDescEst: '' 
    - ErrorMessage: ''
0066179:
    - bResult: 'False'
    - OutDescEst: '' 
    - ErrorMessage: ''
0066180:
    - bResult: 'False'
    - OutDescEst: '' 
    - ErrorMessage: ''
0066181:
    - bResult: 'False'
    - OutDescEst: '' 
    - ErrorMessage: ''
0066182:
    - bResult: 'False'
    - OutDescEst: '' 
    - ErrorMessage: ''
0066183:
    - bResult: 'False'
    - OutDescEst: '' 
    - ErrorMessage: ''
0066184:
    - bResult: 'False'
    - OutDescEst: '' 
    - ErrorMessage: ''
0066185:
    - bResult: 'False'
    - OutDescEst: '' 
    - ErrorMessage: ''
0066186:
    - bResult: 'False'
    - OutDescEst: '' 
    - ErrorMessage: ''
0066269:
    - bResult: 'False'
    - OutDescEst: '' 
    - ErrorMessage: ''
0066755:
    - bResult: 'False'
    - OutDescEst: '' 
    - ErrorMessage: ''
0067371:
    - bResult: 'False'
    - OutDescEst: '' 
    - ErrorMessage: ''
0067372:
    - bResult: 'False'
    - OutDescEst: '' 
    - ErrorMessage: ''
0067373:
    - bResult: 'False'
    - OutDescEst: '' 
    - ErrorMessage: ''
0067374:
    - bResult: 'False'
    - OutDescEst: '' 
    - ErrorMessage: ''
0067375:
    - bResult: 'False'
    - OutDescEst: '' 
    - ErrorMessage: ''
0067376:
    - bResult: 'False'
    - OutDescEst: '' 
    - ErrorMessage: ''
0067377:
    - bResult: 'False'
    - OutDescEst: '' 
    - ErrorMessage: ''
0067378:
    - bResult: 'False'
    - OutDescEst: '' 
    - ErrorMessage: ''
0067379:
    - bResult: 'False'
    - OutDescEst: '' 
    - ErrorMessage: ''
0067380:
    - bResult: 'False'
    - OutDescEst: '' 
    - ErrorMessage: ''
0067936:
    - bResult: 'False'
    - OutDescEst: '' 
    - ErrorMessage: ''
0067937:
    - bResult: 'False'
    - OutDescEst: '' 
    - ErrorMessage: ''
0067939:
    - bResult: 'False'
    - OutDescEst: '' 
    - ErrorMessage: ''
0067940:
    - bResult: 'False'
    - OutDescEst: '' 
    - ErrorMessage: ''
0067941:
    - bResult: 'False'
    - OutDescEst: '' 
    - ErrorMessage: ''
0067943:
    - bResult: 'False'
    - OutDescEst: '' 
    - ErrorMessage: ''
0067944:
    - bResult: 'False'
    - OutDescEst: '' 
    - ErrorMessage: ''
0067945:
    - bResult: 'False'
    - OutDescEst: '' 
    - ErrorMessage: ''
0067947:
    - bResult: 'False'
    - OutDescEst: '' 
    - ErrorMessage: ''
0067948:
    - bResult: 'False'
    - OutDescEst: '' 
    - ErrorMessage: ''
0067950:
    - bResult: 'False'
    - OutDescEst: '' 
    - ErrorMessage: ''
0067951:
    - bResult: 'False'
    - OutDescEst: '' 
    - ErrorMessage: ''
0067953:
    - bResult: 'False'
    - OutDescEst: '' 
    - ErrorMessage: ''
0067954:
    - bResult: 'False'
    - OutDescEst: '' 
    - ErrorMessage: ''
0067968:
    - bResult: 'False'
    - OutDescEst: '' 
    - ErrorMessage: ''
0067969:
    - bResult: 'False'
    - OutDescEst: '' 
    - ErrorMessage: ''
0067970:
    - bResult: 'False'
    - OutDescEst: '' 
    - ErrorMessage: ''
0067971:
    - bResult: 'False'
    - OutDescEst: '' 
    - ErrorMessage: ''
0067972:
    - bResult: 'False'
    - OutDescEst: '' 
    - ErrorMessage: ''
0068397:
    - bResult: 'False'
    - OutDescEst: '' 
    - ErrorMessage: ''
0068398:
    - bResult: 'False'
    - OutDescEst: '' 
    - ErrorMessage: ''
0068399:
    - bResult: 'False'
    - OutDescEst: '' 
    - ErrorMessage: ''
0068400:
    - bResult: 'False'
    - OutDescEst: '' 
    - ErrorMessage: ''
0068401:
    - bResult: 'False'
    - OutDescEst: '' 
    - ErrorMessage: ''
0068402:
    - bResult: 'False'
    - OutDescEst: '' 
    - ErrorMessage: ''
0068403:
    - bResult: 'False'
    - OutDescEst: '' 
    - ErrorMessage: ''
0068404:
    - bResult: 'False'
    - OutDescEst: '' 
    - ErrorMessage: ''
0068405:
    - bResult: 'False'
    - OutDescEst: '' 
    - ErrorMessage: ''
0068406:
    - bResult: 'False'
    - OutDescEst: '' 
    - ErrorMessage: ''
0068407:
    - bResult: 'False'
    - OutDescEst: '' 
    - ErrorMessage: ''
0068428:
    - bResult: 'False'
    - OutDescEst: '' 
    - ErrorMessage: ''
0068646:
    - bResult: 'False'
    - OutDescEst: '' 
    - ErrorMessage: ''
0068647:
    - bResult: 'False'
    - OutDescEst: '' 
    - ErrorMessage: ''
0068648:
    - bResult: 'False'
    - OutDescEst: '' 
    - ErrorMessage: ''
0068649:
    - bResult: 'False'
    - OutDescEst: '' 
    - ErrorMessage: ''
0068650:
    - bResult: 'False'
    - OutDescEst: '' 
    - ErrorMessage: ''
0068651:
    - bResult: 'False'
    - OutDescEst: '' 
    - ErrorMessage: ''
0068652:
    - bResult: 'False'
    - OutDescEst: '' 
    - ErrorMessage: ''
0068653:
    - bResult: 'False'
    - OutDescEst: '' 
    - ErrorMessage: ''
0068654:
    - bResult: 'False'
    - OutDescEst: '' 
    - ErrorMessage: ''
0068655:
    - bResult: 'False'
    - OutDescEst: '' 
    - ErrorMessage: ''
0068656:
    - bResult: 'False'
    - OutDescEst: '' 
    - ErrorMessage: ''
0068657:
    - bResult: 'False'
    - OutDescEst: '' 
    - ErrorMessage: ''
0068658:
    - bResult: 'False'
    - OutDescEst: '' 
    - ErrorMessage: ''
0068659:
    - bResult: 'False'
    - OutDescEst: '' 
    - ErrorMessage: ''
0068660:
    - bResult: 'False'
    - OutDescEst: '' 
    - ErrorMessage: ''
0068661:
    - bResult: 'False'
    - OutDescEst: '' 
    - ErrorMessage: ''
0068662:
    - bResult: 'False'
    - OutDescEst: '' 
    - ErrorMessage: ''
0068663:
    - bResult: 'False'
    - OutDescEst: '' 
    - ErrorMessage: ''
0068664:
    - bResult: 'False'
    - OutDescEst: '' 
    - ErrorMessage: ''
0068730:
    - bResult: 'False'
    - OutDescEst: '' 
    - ErrorMessage: ''
0068731:
    - bResult: 'False'
    - OutDescEst: '' 
    - ErrorMessage: ''
0068732:
    - bResult: 'False'
    - OutDescEst: '' 
    - ErrorMessage: ''
0068733:
    - bResult: 'False'
    - OutDescEst: '' 
    - ErrorMessage: ''
0068734:
    - bResult: 'False'
    - OutDescEst: '' 
    - ErrorMessage: ''
0068735:
    - bResult: 'False'
    - OutDescEst: '' 
    - ErrorMessage: ''
0068736:
    - bResult: 'False'
    - OutDescEst: '' 
    - ErrorMessage: ''
0068737:
    - bResult: 'False'
    - OutDescEst: '' 
    - ErrorMessage: ''
0068738:
    - bResult: 'False'
    - OutDescEst: '' 
    - ErrorMessage: ''
0068739:
    - bResult: 'False'
    - OutDescEst: '' 
    - ErrorMessage: ''
0068740:
    - bResult: 'False'
    - OutDescEst: '' 
    - ErrorMessage: ''
0068741:
    - bResult: 'False'
    - OutDescEst: '' 
    - ErrorMessage: ''
0068742:
    - bResult: 'False'
    - OutDescEst: '' 
    - ErrorMessage: ''
0068743:
    - bResult: 'False'
    - OutDescEst: '' 
    - ErrorMessage: ''
0068776:
    - bResult: 'False'
    - OutDescEst: '' 
    - ErrorMessage: ''
0068777:
    - bResult: 'False'
    - OutDescEst: '' 
    - ErrorMessage: ''
0069506:
    - bResult: 'False'
    - OutDescEst: '' 
    - ErrorMessage: ''
0069507:
    - bResult: 'False'
    - OutDescEst: '' 
    - ErrorMessage: ''
0069508:
    - bResult: 'False'
    - OutDescEst: '' 
    - ErrorMessage: ''
0069509:
    - bResult: 'False'
    - OutDescEst: '' 
    - ErrorMessage: ''
0069510:
    - bResult: 'False'
    - OutDescEst: '' 
    - ErrorMessage: ''
0069511:
    - bResult: 'False'
    - OutDescEst: '' 
    - ErrorMessage: ''
0069632:
    - bResult: 'False'
    - OutDescEst: '' 
    - ErrorMessage: ''
0069633:
    - bResult: 'False'
    - OutDescEst: '' 
    - ErrorMessage: ''
0069635:
    - bResult: 'False'
    - OutDescEst: '' 
    - ErrorMessage: ''
0069636:
    - bResult: 'False'
    - OutDescEst: '' 
    - ErrorMessage: ''
0069637:
    - bResult: 'False'
    - OutDescEst: '' 
    - ErrorMessage: ''
0069638:
    - bResult: 'False'
    - OutDescEst: '' 
    - ErrorMessage: ''
0069639:
    - bResult: 'False'
    - OutDescEst: '' 
    - ErrorMessage: ''
0069640:
    - bResult: 'False'
    - OutDescEst: '' 
    - ErrorMessage: ''
0069641:
    - bResult: 'False'
    - OutDescEst: '' 
    - ErrorMessage: ''
0069642:
    - bResult: 'False'
    - OutDescEst: '' 
    - ErrorMessage: ''
0069643:
    - bResult: 'False'
    - OutDescEst: '' 
    - ErrorMessage: ''
0069644:
    - bResult: 'False'
    - OutDescEst: '' 
    - ErrorMessage: ''
0069837:
    - bResult: 'False'
    - OutDescEst: '' 
    - ErrorMessage: ''
0069838:
    - bResult: 'False'
    - OutDescEst: '' 
    - ErrorMessage: ''
0069839:
    - bResult: 'False'
    - OutDescEst: '' 
    - ErrorMessage: ''
0069840:
    - bResult: 'False'
    - OutDescEst: '' 
    - ErrorMessage: ''
0069841:
    - bResult: 'False'
    - OutDescEst: '' 
    - ErrorMessage: ''
0069842:
    - bResult: 'False'
    - OutDescEst: '' 
    - ErrorMessage: ''
0069843:
    - bResult: 'False'
    - OutDescEst: '' 
    - ErrorMessage: ''
0069844:
    - bResult: 'False'
    - OutDescEst: '' 
    - ErrorMessage: ''
0069909:
    - bResult: 'False'
    - OutDescEst: '' 
    - ErrorMessage: ''
0069910:
    - bResult: 'False'
    - OutDescEst: '' 
    - ErrorMessage: ''
0069911:
    - bResult: 'False'
    - OutDescEst: '' 
    - ErrorMessage: ''
0069912:
    - bResult: 'False'
    - OutDescEst: '' 
    - ErrorMessage: ''
0069913:
    - bResult: 'False'
    - OutDescEst: '' 
    - ErrorMessage: ''
0069914:
    - bResult: 'False'
    - OutDescEst: '' 
    - ErrorMessage: ''
0069915:
    - bResult: 'False'
    - OutDescEst: '' 
    - ErrorMessage: ''
0069916:
    - bResult: 'False'
    - OutDescEst: '' 
    - ErrorMessage: ''
0069917:
    - bResult: 'False'
    - OutDescEst: '' 
    - ErrorMessage: ''
0069918:
    - bResult: 'False'
    - OutDescEst: '' 
    - ErrorMessage: ''
0069919:
    - bResult: 'False'
    - OutDescEst: '' 
    - ErrorMessage: ''
0069920:
    - bResult: 'False'
    - OutDescEst: '' 
    - ErrorMessage: ''
0069921:
    - bResult: 'False'
    - OutDescEst: '' 
    - ErrorMessage: ''
0070013:
    - bResult: 'False'
    - OutDescEst: '' 
    - ErrorMessage: ''
0070014:
    - bResult: 'False'
    - OutDescEst: '' 
    - ErrorMessage: ''
0070015:
    - bResult: 'False'
    - OutDescEst: '' 
    - ErrorMessage: ''
0070016:
    - bResult: 'False'
    - OutDescEst: '' 
    - ErrorMessage: ''
0070017:
    - bResult: 'False'
    - OutDescEst: '' 
    - ErrorMessage: ''
0070018:
    - bResult: 'False'
    - OutDescEst: '' 
    - ErrorMessage: ''
0070019:
    - bResult: 'False'
    - OutDescEst: '' 
    - ErrorMessage: ''
0070020:
    - bResult: 'False'
    - OutDescEst: '' 
    - ErrorMessage: ''
0070021:
    - bResult: 'False'
    - OutDescEst: '' 
    - ErrorMessage: ''
0070022:
    - bResult: 'False'
    - OutDescEst: '' 
    - ErrorMessage: ''
0070023:
    - bResult: 'False'
    - OutDescEst: '' 
    - ErrorMessage: ''
0070024:
    - bResult: 'False'
    - OutDescEst: '' 
    - ErrorMessage: ''
0070025:
    - bResult: 'False'
    - OutDescEst: '' 
    - ErrorMessage: ''
0070026:
    - bResult: 'False'
    - OutDescEst: '' 
    - ErrorMessage: ''
0070027:
    - bResult: 'False'
    - OutDescEst: '' 
    - ErrorMessage: ''
0070028:
    - bResult: 'False'
    - OutDescEst: '' 
    - ErrorMessage: ''
0070029:
    - bResult: 'False'
    - OutDescEst: '' 
    - ErrorMessage: ''
0070030:
    - bResult: 'False'
    - OutDescEst: '' 
    - ErrorMessage: ''
0070031:
    - bResult: 'False'
    - OutDescEst: '' 
    - ErrorMessage: ''
0070032:
    - bResult: 'False'
    - OutDescEst: '' 
    - ErrorMessage: ''
0070033:
    - bResult: 'False'
    - OutDescEst: '' 
    - ErrorMessage: ''
0070034:
    - bResult: 'False'
    - OutDescEst: '' 
    - ErrorMessage: ''
0070043:
    - bResult: 'False'
    - OutDescEst: '' 
    - ErrorMessage: ''
0070044:
    - bResult: 'False'
    - OutDescEst: '' 
    - ErrorMessage: ''
0070045:
    - bResult: 'False'
    - OutDescEst: '' 
    - ErrorMessage: ''
0070046:
    - bResult: 'False'
    - OutDescEst: '' 
    - ErrorMessage: ''
0070047:
    - bResult: 'False'
    - OutDescEst: '' 
    - ErrorMessage: ''
0070048:
    - bResult: 'False'
    - OutDescEst: '' 
    - ErrorMessage: ''
0070049:
    - bResult: 'False'
    - OutDescEst: '' 
    - ErrorMessage: ''
0070050:
    - bResult: 'False'
    - OutDescEst: '' 
    - ErrorMessage: ''
0070051:
    - bResult: 'False'
    - OutDescEst: '' 
    - ErrorMessage: ''
0070052:
    - bResult: 'False'
    - OutDescEst: '' 
    - ErrorMessage: ''
0070053:
    - bResult: 'False'
    - OutDescEst: '' 
    - ErrorMessage: ''
0070054:
    - bResult: 'False'
    - OutDescEst: '' 
    - ErrorMessage: ''
0070055:
    - bResult: 'False'
    - OutDescEst: '' 
    - ErrorMessage: ''
0070056:
    - bResult: 'False'
    - OutDescEst: '' 
    - ErrorMessage: ''
0070057:
    - bResult: 'False'
    - OutDescEst: '' 
    - ErrorMessage: ''
0070058:
    - bResult: 'False'
    - OutDescEst: '' 
    - ErrorMessage: ''
0070256:
    - bResult: 'False'
    - OutDescEst: '' 
    - ErrorMessage: ''
0070257:
    - bResult: 'False'
    - OutDescEst: '' 
    - ErrorMessage: ''
0070258:
    - bResult: 'False'
    - OutDescEst: '' 
    - ErrorMessage: ''
0070259:
    - bResult: 'False'
    - OutDescEst: '' 
    - ErrorMessage: ''
0070260:
    - bResult: 'False'
    - OutDescEst: '' 
    - ErrorMessage: ''
0070261:
    - bResult: 'False'
    - OutDescEst: '' 
    - ErrorMessage: ''
0070262:
    - bResult: 'False'
    - OutDescEst: '' 
    - ErrorMessage: ''
0070263:
    - bResult: 'False'
    - OutDescEst: '' 
    - ErrorMessage: ''
0070294:
    - bResult: 'False'
    - OutDescEst: '' 
    - ErrorMessage: ''
0070295:
    - bResult: 'False'
    - OutDescEst: '' 
    - ErrorMessage: ''
0070296:
    - bResult: 'False'
    - OutDescEst: '' 
    - ErrorMessage: ''
0070297:
    - bResult: 'False'
    - OutDescEst: '' 
    - ErrorMessage: ''
0070298:
    - bResult: 'False'
    - OutDescEst: '' 
    - ErrorMessage: ''
0070299:
    - bResult: 'False'
    - OutDescEst: '' 
    - ErrorMessage: ''
0070300:
    - bResult: 'False'
    - OutDescEst: '' 
    - ErrorMessage: ''
0070301:
    - bResult: 'False'
    - OutDescEst: '' 
    - ErrorMessage: ''
0070346:
    - bResult: 'False'
    - OutDescEst: '' 
    - ErrorMessage: ''
0070347:
    - bResult: 'False'
    - OutDescEst: '' 
    - ErrorMessage: ''
0070348:
    - bResult: 'False'
    - OutDescEst: '' 
    - ErrorMessage: ''
0070349:
    - bResult: 'False'
    - OutDescEst: '' 
    - ErrorMessage: ''
0070350:
    - bResult: 'False'
    - OutDescEst: '' 
    - ErrorMessage: ''
0070385:
    - bResult: 'False'
    - OutDescEst: '' 
    - ErrorMessage: ''
0070386:
    - bResult: 'False'
    - OutDescEst: '' 
    - ErrorMessage: ''
0070387:
    - bResult: 'False'
    - OutDescEst: '' 
    - ErrorMessage: ''
0070388:
    - bResult: 'False'
    - OutDescEst: '' 
    - ErrorMessage: ''
0070389:
    - bResult: 'False'
    - OutDescEst: '' 
    - ErrorMessage: ''
0070390:
    - bResult: 'False'
    - OutDescEst: '' 
    - ErrorMessage: ''
0070391:
    - bResult: 'False'
    - OutDescEst: '' 
    - ErrorMessage: ''
0070392:
    - bResult: 'False'
    - OutDescEst: '' 
    - ErrorMessage: ''
0070393:
    - bResult: 'False'
    - OutDescEst: '' 
    - ErrorMessage: ''
0070394:
    - bResult: 'False'
    - OutDescEst: '' 
    - ErrorMessage: ''
0070395:
    - bResult: 'False'
    - OutDescEst: '' 
    - ErrorMessage: ''
0070396:
    - bResult: 'False'
    - OutDescEst: '' 
    - ErrorMessage: ''
0070397:
    - bResult: 'False'
    - OutDescEst: '' 
    - ErrorMessage: ''
0070398:
    - bResult: 'False'
    - OutDescEst: '' 
    - ErrorMessage: ''
0070399:
    - bResult: 'False'
    - OutDescEst: '' 
    - ErrorMessage: ''
0070400:
    - bResult: 'False'
    - OutDescEst: '' 
    - ErrorMessage: ''
0070401:
    - bResult: 'False'
    - OutDescEst: '' 
    - ErrorMessage: ''
0070402:
    - bResult: 'False'
    - OutDescEst: '' 
    - ErrorMessage: ''
0070403:
    - bResult: 'False'
    - OutDescEst: '' 
    - ErrorMessage: ''
0071339:
    - bResult: 'False'
    - OutDescEst: '' 
    - ErrorMessage: ''
0071340:
    - bResult: 'False'
    - OutDescEst: '' 
    - ErrorMessage: ''
0071341:
    - bResult: 'False'
    - OutDescEst: '' 
    - ErrorMessage: ''
0071342:
    - bResult: 'False'
    - OutDescEst: '' 
    - ErrorMessage: ''
0071343:
    - bResult: 'False'
    - OutDescEst: '' 
    - ErrorMessage: ''
0071344:
    - bResult: 'False'
    - OutDescEst: '' 
    - ErrorMessage: ''
0071345:
    - bResult: 'False'
    - OutDescEst: '' 
    - ErrorMessage: ''
0071346:
    - bResult: 'False'
    - OutDescEst: '' 
    - ErrorMessage: ''
0071347:
    - bResult: 'False'
    - OutDescEst: '' 
    - ErrorMessage: ''
0071371:
    - bResult: 'False'
    - OutDescEst: '' 
    - ErrorMessage: ''
0071372:
    - bResult: 'False'
    - OutDescEst: '' 
    - ErrorMessage: ''
0071373:
    - bResult: 'False'
    - OutDescEst: '' 
    - ErrorMessage: ''
0071374:
    - bResult: 'False'
    - OutDescEst: '' 
    - ErrorMessage: ''
0071375:
    - bResult: 'False'
    - OutDescEst: '' 
    - ErrorMessage: ''
0071376:
    - bResult: 'False'
    - OutDescEst: '' 
    - ErrorMessage: ''
0071377:
    - bResult: 'False'
    - OutDescEst: '' 
    - ErrorMessage: ''
0071378:
    - bResult: 'False'
    - OutDescEst: '' 
    - ErrorMessage: ''
0071379:
    - bResult: 'False'
    - OutDescEst: '' 
    - ErrorMessage: ''
0071914:
    - bResult: 'False'
    - OutDescEst: '' 
    - ErrorMessage: ''
0071915:
    - bResult: 'False'
    - OutDescEst: '' 
    - ErrorMessage: ''
0071916:
    - bResult: 'False'
    - OutDescEst: '' 
    - ErrorMessage: ''
0071917:
    - bResult: 'False'
    - OutDescEst: '' 
    - ErrorMessage: ''
0071918:
    - bResult: 'False'
    - OutDescEst: '' 
    - ErrorMessage: ''
0071919:
    - bResult: 'False'
    - OutDescEst: '' 
    - ErrorMessage: ''
0071999:
    - bResult: 'False'
    - OutDescEst: '' 
    - ErrorMessage: ''
0072000:
    - bResult: 'False'
    - OutDescEst: '' 
    - ErrorMessage: ''
0072001:
    - bResult: 'False'
    - OutDescEst: '' 
    - ErrorMessage: ''
0072002:
    - bResult: 'False'
    - OutDescEst: '' 
    - ErrorMessage: ''
0072003:
    - bResult: 'False'
    - OutDescEst: '' 
    - ErrorMessage: ''
0072004:
    - bResult: 'False'
    - OutDescEst: '' 
    - ErrorMessage: ''
0072005:
    - bResult: 'False'
    - OutDescEst: '' 
    - ErrorMessage: ''
0072006:
    - bResult: 'False'
    - OutDescEst: '' 
    - ErrorMessage: ''
0072007:
    - bResult: 'False'
    - OutDescEst: '' 
    - ErrorMessage: ''
0072008:
    - bResult: 'False'
    - OutDescEst: '' 
    - ErrorMessage: ''
0072009:
    - bResult: 'False'
    - OutDescEst: '' 
    - ErrorMessage: ''
0072010:
    - bResult: 'False'
    - OutDescEst: '' 
    - ErrorMessage: ''
0072011:
    - bResult: 'False'
    - OutDescEst: '' 
    - ErrorMessage: ''
0072012:
    - bResult: 'False'
    - OutDescEst: '' 
    - ErrorMessage: ''
0072013:
    - bResult: 'False'
    - OutDescEst: '' 
    - ErrorMessage: ''
0072014:
    - bResult: 'False'
    - OutDescEst: '' 
    - ErrorMessage: ''
0072015:
    - bResult: 'False'
    - OutDescEst: '' 
    - ErrorMessage: ''
0072016:
    - bResult: 'False'
    - OutDescEst: '' 
    - ErrorMessage: ''
0072017:
    - bResult: 'False'
    - OutDescEst: '' 
    - ErrorMessage: ''
0072018:
    - bResult: 'False'
    - OutDescEst: '' 
    - ErrorMessage: ''
0072019:
    - bResult: 'False'
    - OutDescEst: '' 
    - ErrorMessage: ''
0072020:
    - bResult: 'False'
    - OutDescEst: '' 
    - ErrorMessage: ''
0072021:
    - bResult: 'False'
    - OutDescEst: '' 
    - ErrorMessage: ''
0072022:
    - bResult: 'False'
    - OutDescEst: '' 
    - ErrorMessage: ''
0072023:
    - bResult: 'False'
    - OutDescEst: '' 
    - ErrorMessage: ''
0072024:
    - bResult: 'False'
    - OutDescEst: '' 
    - ErrorMessage: ''
0072025:
    - bResult: 'False'
    - OutDescEst: '' 
    - ErrorMessage: ''
0072026:
    - bResult: 'False'
    - OutDescEst: '' 
    - ErrorMessage: ''
0072875:
    - bResult: 'False'
    - OutDescEst: '' 
    - ErrorMessage: ''
0072876:
    - bResult: 'False'
    - OutDescEst: '' 
    - ErrorMessage: ''
0072877:
    - bResult: 'False'
    - OutDescEst: '' 
    - ErrorMessage: ''
0072878:
    - bResult: 'False'
    - OutDescEst: '' 
    - ErrorMessage: ''
0072881:
    - bResult: 'False'
    - OutDescEst: '' 
    - ErrorMessage: ''
0072882:
    - bResult: 'False'
    - OutDescEst: '' 
    - ErrorMessage: ''
0072883:
    - bResult: 'False'
    - OutDescEst: '' 
    - ErrorMessage: ''
0072884:
    - bResult: 'False'
    - OutDescEst: '' 
    - ErrorMessage: ''
0073952:
    - bResult: 'False'
    - OutDescEst: '' 
    - ErrorMessage: ''
0073953:
    - bResult: 'False'
    - OutDescEst: '' 
    - ErrorMessage: ''
0073954:
    - bResult: 'False'
    - OutDescEst: '' 
    - ErrorMessage: ''
0073955:
    - bResult: 'False'
    - OutDescEst: '' 
    - ErrorMessage: ''
0074008:
    - bResult: 'False'
    - OutDescEst: '' 
    - ErrorMessage: ''
0074009:
    - bResult: 'False'
    - OutDescEst: '' 
    - ErrorMessage: ''
0074010:
    - bResult: 'False'
    - OutDescEst: '' 
    - ErrorMessage: ''
0074011:
    - bResult: 'False'
    - OutDescEst: '' 
    - ErrorMessage: ''
0074012:
    - bResult: 'False'
    - OutDescEst: '' 
    - ErrorMessage: ''
0074013:
    - bResult: 'False'
    - OutDescEst: '' 
    - ErrorMessage: ''
0074014:
    - bResult: 'False'
    - OutDescEst: '' 
    - ErrorMessage: ''
0074015:
    - bResult: 'False'
    - OutDescEst: '' 
    - ErrorMessage: ''
0074016:
    - bResult: 'False'
    - OutDescEst: '' 
    - ErrorMessage: ''
0074017:
    - bResult: 'False'
    - OutDescEst: '' 
    - ErrorMessage: ''
0074018:
    - bResult: 'False'
    - OutDescEst: '' 
    - ErrorMessage: ''
0074058:
    - bResult: 'False'
    - OutDescEst: '' 
    - ErrorMessage: ''
0074059:
    - bResult: 'False'
    - OutDescEst: '' 
    - ErrorMessage: ''
0074060:
    - bResult: 'False'
    - OutDescEst: '' 
    - ErrorMessage: ''
0074061:
    - bResult: 'False'
    - OutDescEst: '' 
    - ErrorMessage: ''
0074120:
    - bResult: 'False'
    - OutDescEst: '' 
    - ErrorMessage: ''
0074121:
    - bResult: 'False'
    - OutDescEst: '' 
    - ErrorMessage: ''
0074157:
    - bResult: 'False'
    - OutDescEst: '' 
    - ErrorMessage: ''
0074158:
    - bResult: 'False'
    - OutDescEst: '' 
    - ErrorMessage: ''
0074159:
    - bResult: 'False'
    - OutDescEst: '' 
    - ErrorMessage: ''
0074916:
    - bResult: 'False'
    - OutDescEst: '' 
    - ErrorMessage: ''
0074917:
    - bResult: 'False'
    - OutDescEst: '' 
    - ErrorMessage: ''
0074918:
    - bResult: 'False'
    - OutDescEst: '' 
    - ErrorMessage: ''
0074919:
    - bResult: 'False'
    - OutDescEst: '' 
    - ErrorMessage: ''
0074920:
    - bResult: 'False'
    - OutDescEst: '' 
    - ErrorMessage: ''
0074921:
    - bResult: 'False'
    - OutDescEst: '' 
    - ErrorMessage: ''
0074922:
    - bResult: 'False'
    - OutDescEst: '' 
    - ErrorMessage: ''
0074923:
    - bResult: 'False'
    - OutDescEst: '' 
    - ErrorMessage: ''
0074924:
    - bResult: 'False'
    - OutDescEst: '' 
    - ErrorMessage: ''
0074925:
    - bResult: 'False'
    - OutDescEst: '' 
    - ErrorMessage: ''
0074926:
    - bResult: 'False'
    - OutDescEst: '' 
    - ErrorMessage: ''
0074927:
    - bResult: 'False'
    - OutDescEst: '' 
    - ErrorMessage: ''
0074928:
    - bResult: 'False'
    - OutDescEst: '' 
    - ErrorMessage: ''
0074929:
    - bResult: 'False'
    - OutDescEst: '' 
    - ErrorMessage: ''
0075367:
    - bResult: 'False'
    - OutDescEst: '' 
    - ErrorMessage: ''
0075368:
    - bResult: 'False'
    - OutDescEst: '' 
    - ErrorMessage: ''
0075369:
    - bResult: 'False'
    - OutDescEst: '' 
    - ErrorMessage: ''
0075370:
    - bResult: 'False'
    - OutDescEst: '' 
    - ErrorMessage: ''
0075371:
    - bResult: 'False'
    - OutDescEst: '' 
    - ErrorMessage: ''
0075372:
    - bResult: 'False'
    - OutDescEst: '' 
    - ErrorMessage: ''
0075373:
    - bResult: 'False'
    - OutDescEst: '' 
    - ErrorMessage: ''
0075374:
    - bResult: 'False'
    - OutDescEst: '' 
    - ErrorMessage: ''
0075375:
    - bResult: 'False'
    - OutDescEst: '' 
    - ErrorMessage: ''
0075502:
    - bResult: 'False'
    - OutDescEst: '' 
    - ErrorMessage: ''
0075503:
    - bResult: 'False'
    - OutDescEst: '' 
    - ErrorMessage: ''
0075527:
    - bResult: 'False'
    - OutDescEst: '' 
    - ErrorMessage: ''
0076060:
    - bResult: 'False'
    - OutDescEst: '' 
    - ErrorMessage: ''
0076061:
    - bResult: 'False'
    - OutDescEst: '' 
    - ErrorMessage: ''
0076062:
    - bResult: 'False'
    - OutDescEst: '' 
    - ErrorMessage: ''
0076063:
    - bResult: 'False'
    - OutDescEst: '' 
    - ErrorMessage: ''
0076064:
    - bResult: 'False'
    - OutDescEst: '' 
    - ErrorMessage: ''
0076065:
    - bResult: 'False'
    - OutDescEst: '' 
    - ErrorMessage: ''
0076066:
    - bResult: 'False'
    - OutDescEst: '' 
    - ErrorMessage: ''
0076067:
    - bResult: 'False'
    - OutDescEst: '' 
    - ErrorMessage: ''
0076068:
    - bResult: 'False'
    - OutDescEst: '' 
    - ErrorMessage: ''
0076069:
    - bResult: 'False'
    - OutDescEst: '' 
    - ErrorMessage: ''
0076070:
    - bResult: 'False'
    - OutDescEst: '' 
    - ErrorMessage: ''
0076071:
    - bResult: 'False'
    - OutDescEst: '' 
    - ErrorMessage: ''
0076072:
    - bResult: 'False'
    - OutDescEst: '' 
    - ErrorMessage: ''
0076073:
    - bResult: 'False'
    - OutDescEst: '' 
    - ErrorMessage: ''
0076074:
    - bResult: 'False'
    - OutDescEst: '' 
    - ErrorMessage: ''
0076075:
    - bResult: 'False'
    - OutDescEst: '' 
    - ErrorMessage: ''
0076076:
    - bResult: 'False'
    - OutDescEst: '' 
    - ErrorMessage: ''
0076077:
    - bResult: 'False'
    - OutDescEst: '' 
    - ErrorMessage: ''
0076078:
    - bResult: 'False'
    - OutDescEst: '' 
    - ErrorMessage: ''
0076079:
    - bResult: 'False'
    - OutDescEst: '' 
    - ErrorMessage: ''
0076080:
    - bResult: 'False'
    - OutDescEst: '' 
    - ErrorMessage: ''
0076081:
    - bResult: 'False'
    - OutDescEst: '' 
    - ErrorMessage: ''
0076083:
    - bResult: 'False'
    - OutDescEst: '' 
    - ErrorMessage: ''
0076085:
    - bResult: 'False'
    - OutDescEst: '' 
    - ErrorMessage: ''
0076087:
    - bResult: 'False'
    - OutDescEst: '' 
    - ErrorMessage: ''
0076089:
    - bResult: 'False'
    - OutDescEst: '' 
    - ErrorMessage: ''
0076091:
    - bResult: 'False'
    - OutDescEst: '' 
    - ErrorMessage: ''
0076092:
    - bResult: 'False'
    - OutDescEst: '' 
    - ErrorMessage: ''
0076093:
    - bResult: 'False'
    - OutDescEst: '' 
    - ErrorMessage: ''
0076095:
    - bResult: 'False'
    - OutDescEst: '' 
    - ErrorMessage: ''
0076264:
    - bResult: 'False'
    - OutDescEst: '' 
    - ErrorMessage: ''
0076274:
    - bResult: 'False'
    - OutDescEst: '' 
    - ErrorMessage: ''
0076325:
    - bResult: 'False'
    - OutDescEst: '' 
    - ErrorMessage: ''
0076428:
    - bResult: 'False'
    - OutDescEst: '' 
    - ErrorMessage: ''
0076915:
    - bResult: 'False'
    - OutDescEst: '' 
    - ErrorMessage: ''
0076916:
    - bResult: 'False'
    - OutDescEst: '' 
    - ErrorMessage: ''
0076917:
    - bResult: 'False'
    - OutDescEst: '' 
    - ErrorMessage: ''
0076918:
    - bResult: 'False'
    - OutDescEst: '' 
    - ErrorMessage: ''
0076919:
    - bResult: 'False'
    - OutDescEst: '' 
    - ErrorMessage: ''
0076920:
    - bResult: 'False'
    - OutDescEst: '' 
    - ErrorMessage: ''
0076921:
    - bResult: 'False'
    - OutDescEst: '' 
    - ErrorMessage: ''
0076922:
    - bResult: 'False'
    - OutDescEst: '' 
    - ErrorMessage: ''
0076923:
    - bResult: 'False'
    - OutDescEst: '' 
    - ErrorMessage: ''
0076924:
    - bResult: 'False'
    - OutDescEst: '' 
    - ErrorMessage: ''
0076925:
    - bResult: 'False'
    - OutDescEst: '' 
    - ErrorMessage: ''
0076926:
    - bResult: 'False'
    - OutDescEst: '' 
    - ErrorMessage: ''
0076927:
    - bResult: 'False'
    - OutDescEst: '' 
    - ErrorMessage: ''
0076928:
    - bResult: 'False'
    - OutDescEst: '' 
    - ErrorMessage: ''
0076929:
    - bResult: 'False'
    - OutDescEst: '' 
    - ErrorMessage: ''
0076930:
    - bResult: 'False'
    - OutDescEst: '' 
    - ErrorMessage: ''
0076931:
    - bResult: 'False'
    - OutDescEst: '' 
    - ErrorMessage: ''
0076932:
    - bResult: 'False'
    - OutDescEst: '' 
    - ErrorMessage: ''
0076933:
    - bResult: 'False'
    - OutDescEst: '' 
    - ErrorMessage: ''
0077762:
    - bResult: 'False'
    - OutDescEst: '' 
    - ErrorMessage: ''
0077810:
    - bResult: 'False'
    - OutDescEst: '' 
    - ErrorMessage: ''
0077811:
    - bResult: 'False'
    - OutDescEst: '' 
    - ErrorMessage: ''
0077812:
    - bResult: 'False'
    - OutDescEst: '' 
    - ErrorMessage: ''
0077813:
    - bResult: 'False'
    - OutDescEst: '' 
    - ErrorMessage: ''
0077814:
    - bResult: 'False'
    - OutDescEst: '' 
    - ErrorMessage: ''
0078524:
    - bResult: 'False'
    - OutDescEst: '' 
    - ErrorMessage: ''
0079158:
    - bResult: 'False'
    - OutDescEst: '' 
    - ErrorMessage: ''
0079159:
    - bResult: 'False'
    - OutDescEst: '' 
    - ErrorMessage: ''
0079160:
    - bResult: 'False'
    - OutDescEst: '' 
    - ErrorMessage: ''
0079382:
    - bResult: 'False'
    - OutDescEst: '' 
    - ErrorMessage: ''
0079383:
    - bResult: 'False'
    - OutDescEst: '' 
    - ErrorMessage: ''
0080117:
    - bResult: 'False'
    - OutDescEst: '' 
    - ErrorMessage: ''
0081026:
    - bResult: 'False'
    - OutDescEst: '' 
    - ErrorMessage: ''
0081027:
    - bResult: 'False'
    - OutDescEst: '' 
    - ErrorMessage: ''
0081811:
    - bResult: 'False'
    - OutDescEst: '' 
    - ErrorMessage: ''
0082089:
    - bResult: 'False'
    - OutDescEst: '' 
    - ErrorMessage: ''
0082090:
    - bResult: 'False'
    - OutDescEst: '' 
    - ErrorMessage: ''
0082091:
    - bResult: 'False'
    - OutDescEst: '' 
    - ErrorMessage: ''
0082092:
    - bResult: 'False'
    - OutDescEst: '' 
    - ErrorMessage: ''
0082093:
    - bResult: 'False'
    - OutDescEst: '' 
    - ErrorMessage: ''
0082094:
    - bResult: 'False'
    - OutDescEst: '' 
    - ErrorMessage: ''
0082095:
    - bResult: 'False'
    - OutDescEst: '' 
    - ErrorMessage: ''
0082096:
    - bResult: 'False'
    - OutDescEst: '' 
    - ErrorMessage: ''
0082097:
    - bResult: 'False'
    - OutDescEst: '' 
    - ErrorMessage: ''
0082098:
    - bResult: 'False'
    - OutDescEst: '' 
    - ErrorMessage: ''
0082099:
    - bResult: 'False'
    - OutDescEst: '' 
    - ErrorMessage: ''
0082100:
    - bResult: 'False'
    - OutDescEst: '' 
    - ErrorMessage: ''
0082292:
    - bResult: 'False'
    - OutDescEst: '' 
    - ErrorMessage: ''
0082293:
    - bResult: 'False'
    - OutDescEst: '' 
    - ErrorMessage: ''
0082294:
    - bResult: 'False'
    - OutDescEst: '' 
    - ErrorMessage: ''
0082295:
    - bResult: 'False'
    - OutDescEst: '' 
    - ErrorMessage: ''
0082296:
    - bResult: 'False'
    - OutDescEst: '' 
    - ErrorMessage: ''
0082297:
    - bResult: 'False'
    - OutDescEst: '' 
    - ErrorMessage: ''
0082298:
    - bResult: 'False'
    - OutDescEst: '' 
    - ErrorMessage: ''
0082299:
    - bResult: 'False'
    - OutDescEst: '' 
    - ErrorMessage: ''
0082450:
    - bResult: 'False'
    - OutDescEst: '' 
    - ErrorMessage: ''
0082451:
    - bResult: 'False'
    - OutDescEst: '' 
    - ErrorMessage: ''
0082452:
    - bResult: 'False'
    - OutDescEst: '' 
    - ErrorMessage: ''
0082453:
    - bResult: 'False'
    - OutDescEst: '' 
    - ErrorMessage: ''
0082677:
    - bResult: 'False'
    - OutDescEst: '' 
    - ErrorMessage: ''
0082678:
    - bResult: 'False'
    - OutDescEst: '' 
    - ErrorMessage: ''
0082679:
    - bResult: 'False'
    - OutDescEst: '' 
    - ErrorMessage: ''
0083072:
    - bResult: 'False'
    - OutDescEst: '' 
    - ErrorMessage: ''
0083074:
    - bResult: 'False'
    - OutDescEst: '' 
    - ErrorMessage: ''
0083178:
    - bResult: 'False'
    - OutDescEst: '' 
    - ErrorMessage: ''
0083179:
    - bResult: 'False'
    - OutDescEst: '' 
    - ErrorMessage: ''
0083180:
    - bResult: 'False'
    - OutDescEst: '' 
    - ErrorMessage: ''
0083448:
    - bResult: 'False'
    - OutDescEst: '' 
    - ErrorMessage: ''
0083449:
    - bResult: 'False'
    - OutDescEst: '' 
    - ErrorMessage: ''
0083450:
    - bResult: 'False'
    - OutDescEst: '' 
    - ErrorMessage: ''
0083451:
    - bResult: 'False'
    - OutDescEst: '' 
    - ErrorMessage: ''
0083452:
    - bResult: 'False'
    - OutDescEst: '' 
    - ErrorMessage: ''
0083543:
    - bResult: 'False'
    - OutDescEst: '' 
    - ErrorMessage: ''
0083544:
    - bResult: 'False'
    - OutDescEst: '' 
    - ErrorMessage: ''
0083545:
    - bResult: 'False'
    - OutDescEst: '' 
    - ErrorMessage: ''
0083646:
    - bResult: 'False'
    - OutDescEst: '' 
    - ErrorMessage: ''
0083647:
    - bResult: 'False'
    - OutDescEst: '' 
    - ErrorMessage: ''
0083648:
    - bResult: 'False'
    - OutDescEst: '' 
    - ErrorMessage: ''
0083649:
    - bResult: 'False'
    - OutDescEst: '' 
    - ErrorMessage: ''
0083650:
    - bResult: 'False'
    - OutDescEst: '' 
    - ErrorMessage: ''
0083651:
    - bResult: 'False'
    - OutDescEst: '' 
    - ErrorMessage: ''
0083652:
    - bResult: 'False'
    - OutDescEst: '' 
    - ErrorMessage: ''
0083653:
    - bResult: 'False'
    - OutDescEst: '' 
    - ErrorMessage: ''
0083654:
    - bResult: 'False'
    - OutDescEst: '' 
    - ErrorMessage: ''
0083655:
    - bResult: 'False'
    - OutDescEst: '' 
    - ErrorMessage: ''
0083656:
    - bResult: 'False'
    - OutDescEst: '' 
    - ErrorMessage: ''
0083657:
    - bResult: 'False'
    - OutDescEst: '' 
    - ErrorMessage: ''
0083668:
    - bResult: 'False'
    - OutDescEst: '' 
    - ErrorMessage: ''
0083669:
    - bResult: 'False'
    - OutDescEst: '' 
    - ErrorMessage: ''
0084001:
    - bResult: 'False'
    - OutDescEst: '' 
    - ErrorMessage: ''
0084002:
    - bResult: 'False'
    - OutDescEst: '' 
    - ErrorMessage: ''
0084003:
    - bResult: 'False'
    - OutDescEst: '' 
    - ErrorMessage: ''
0084004:
    - bResult: 'False'
    - OutDescEst: '' 
    - ErrorMessage: ''
0084005:
    - bResult: 'False'
    - OutDescEst: '' 
    - ErrorMessage: ''
0084017:
    - bResult: 'False'
    - OutDescEst: '' 
    - ErrorMessage: ''
0084078:
    - bResult: 'False'
    - OutDescEst: '' 
    - ErrorMessage: ''
0084079:
    - bResult: 'False'
    - OutDescEst: '' 
    - ErrorMessage: ''
0084094:
    - bResult: 'False'
    - OutDescEst: '' 
    - ErrorMessage: ''
0084095:
    - bResult: 'False'
    - OutDescEst: '' 
    - ErrorMessage: ''
0084838:
    - bResult: 'False'
    - OutDescEst: '' 
    - ErrorMessage: ''
0084839:
    - bResult: 'False'
    - OutDescEst: '' 
    - ErrorMessage: ''
0085090:
    - bResult: 'False'
    - OutDescEst: '' 
    - ErrorMessage: ''
0085091:
    - bResult: 'False'
    - OutDescEst: '' 
    - ErrorMessage: ''
0085092:
    - bResult: 'False'
    - OutDescEst: '' 
    - ErrorMessage: ''
0085093:
    - bResult: 'False'
    - OutDescEst: '' 
    - ErrorMessage: ''
0085094:
    - bResult: 'False'
    - OutDescEst: '' 
    - ErrorMessage: ''
0085195:
    - bResult: 'False'
    - OutDescEst: '' 
    - ErrorMessage: ''
0085196:
    - bResult: 'False'
    - OutDescEst: '' 
    - ErrorMessage: ''
0085197:
    - bResult: 'False'
    - OutDescEst: '' 
    - ErrorMessage: ''
0085198:
    - bResult: 'False'
    - OutDescEst: '' 
    - ErrorMessage: ''
0085199:
    - bResult: 'False'
    - OutDescEst: '' 
    - ErrorMessage: ''
0085200:
    - bResult: 'False'
    - OutDescEst: '' 
    - ErrorMessage: ''
0085201:
    - bResult: 'False'
    - OutDescEst: '' 
    - ErrorMessage: ''
0085202:
    - bResult: 'False'
    - OutDescEst: '' 
    - ErrorMessage: ''
0085606:
    - bResult: 'False'
    - OutDescEst: '' 
    - ErrorMessage: ''
0085607:
    - bResult: 'False'
    - OutDescEst: '' 
    - ErrorMessage: ''
0085608:
    - bResult: 'False'
    - OutDescEst: '' 
    - ErrorMessage: ''
0085609:
    - bResult: 'False'
    - OutDescEst: '' 
    - ErrorMessage: ''
0085610:
    - bResult: 'False'
    - OutDescEst: '' 
    - ErrorMessage: ''
0085611:
    - bResult: 'False'
    - OutDescEst: '' 
    - ErrorMessage: ''
0085612:
    - bResult: 'False'
    - OutDescEst: '' 
    - ErrorMessage: ''
0085695:
    - bResult: 'False'
    - OutDescEst: '' 
    - ErrorMessage: ''
0085696:
    - bResult: 'False'
    - OutDescEst: '' 
    - ErrorMessage: ''
0085765:
    - bResult: 'False'
    - OutDescEst: '' 
    - ErrorMessage: ''
0085766:
    - bResult: 'False'
    - OutDescEst: '' 
    - ErrorMessage: ''
0085767:
    - bResult: 'False'
    - OutDescEst: '' 
    - ErrorMessage: ''
0085768:
    - bResult: 'False'
    - OutDescEst: '' 
    - ErrorMessage: ''
0085833:
    - bResult: 'False'
    - OutDescEst: '' 
    - ErrorMessage: ''
0086239:
    - bResult: 'False'
    - OutDescEst: '' 
    - ErrorMessage: ''
0086565:
    - bResult: 'False'
    - OutDescEst: '' 
    - ErrorMessage: ''
0086566:
    - bResult: 'False'
    - OutDescEst: '' 
    - ErrorMessage: ''
0086567:
    - bResult: 'False'
    - OutDescEst: '' 
    - ErrorMessage: ''
0086574:
    - bResult: 'False'
    - OutDescEst: '' 
    - ErrorMessage: ''
0086671:
    - bResult: 'False'
    - OutDescEst: '' 
    - ErrorMessage: ''
0086672:
    - bResult: 'False'
    - OutDescEst: '' 
    - ErrorMessage: ''
0086675:
    - bResult: 'False'
    - OutDescEst: '' 
    - ErrorMessage: ''
0086676:
    - bResult: 'False'
    - OutDescEst: '' 
    - ErrorMessage: ''
0086677:
    - bResult: 'False'
    - OutDescEst: '' 
    - ErrorMessage: ''
0086816:
    - bResult: 'False'
    - OutDescEst: '' 
    - ErrorMessage: ''
0086817:
    - bResult: 'False'
    - OutDescEst: '' 
    - ErrorMessage: ''
0086818:
    - bResult: 'False'
    - OutDescEst: '' 
    - ErrorMessage: ''
0086819:
    - bResult: 'False'
    - OutDescEst: '' 
    - ErrorMessage: ''
0086820:
    - bResult: 'False'
    - OutDescEst: '' 
    - ErrorMessage: ''
0086821:
    - bResult: 'False'
    - OutDescEst: '' 
    - ErrorMessage: ''
0086986:
    - bResult: 'False'
    - OutDescEst: '' 
    - ErrorMessage: ''
0086987:
    - bResult: 'False'
    - OutDescEst: '' 
    - ErrorMessage: ''
0086988:
    - bResult: 'False'
    - OutDescEst: '' 
    - ErrorMessage: ''
0086989:
    - bResult: 'False'
    - OutDescEst: '' 
    - ErrorMessage: ''
0086990:
    - bResult: 'False'
    - OutDescEst: '' 
    - ErrorMessage: ''
0086991:
    - bResult: 'False'
    - OutDescEst: '' 
    - ErrorMessage: ''
0087342:
    - bResult: 'False'
    - OutDescEst: '' 
    - ErrorMessage: ''
0087355:
    - bResult: 'False'
    - OutDescEst: '' 
    - ErrorMessage: ''
0087356:
    - bResult: 'False'
    - OutDescEst: '' 
    - ErrorMessage: ''
0087357:
    - bResult: 'False'
    - OutDescEst: '' 
    - ErrorMessage: ''
0087358:
    - bResult: 'False'
    - OutDescEst: '' 
    - ErrorMessage: ''
0087359:
    - bResult: 'False'
    - OutDescEst: '' 
    - ErrorMessage: ''
0087360:
    - bResult: 'False'
    - OutDescEst: '' 
    - ErrorMessage: ''
0087361:
    - bResult: 'False'
    - OutDescEst: '' 
    - ErrorMessage: ''
0087758:
    - bResult: 'False'
    - OutDescEst: '' 
    - ErrorMessage: ''
0087759:
    - bResult: 'False'
    - OutDescEst: '' 
    - ErrorMessage: ''
0087760:
    - bResult: 'False'
    - OutDescEst: '' 
    - ErrorMessage: ''
0087761:
    - bResult: 'False'
    - OutDescEst: '' 
    - ErrorMessage: ''
0087762:
    - bResult: 'False'
    - OutDescEst: '' 
    - ErrorMessage: ''
0087763:
    - bResult: 'False'
    - OutDescEst: '' 
    - ErrorMessage: ''
0087773:
    - bResult: 'False'
    - OutDescEst: '' 
    - ErrorMessage: ''
0087774:
    - bResult: 'False'
    - OutDescEst: '' 
    - ErrorMessage: ''
0087775:
    - bResult: 'False'
    - OutDescEst: '' 
    - ErrorMessage: ''
0088083:
    - bResult: 'False'
    - OutDescEst: '' 
    - ErrorMessage: ''
0088084:
    - bResult: 'False'
    - OutDescEst: '' 
    - ErrorMessage: ''
0088085:
    - bResult: 'False'
    - OutDescEst: '' 
    - ErrorMessage: ''
0088086:
    - bResult: 'False'
    - OutDescEst: '' 
    - ErrorMessage: ''
0088468:
    - bResult: 'False'
    - OutDescEst: '' 
    - ErrorMessage: ''
0088469:
    - bResult: 'False'
    - OutDescEst: '' 
    - ErrorMessage: ''
0088580:
    - bResult: 'False'
    - OutDescEst: '' 
    - ErrorMessage: ''
0088581:
    - bResult: 'False'
    - OutDescEst: '' 
    - ErrorMessage: ''
0088585:
    - bResult: 'False'
    - OutDescEst: '' 
    - ErrorMessage: ''
0088586:
    - bResult: 'False'
    - OutDescEst: '' 
    - ErrorMessage: ''
0088587:
    - bResult: 'False'
    - OutDescEst: '' 
    - ErrorMessage: ''
0088588:
    - bResult: 'False'
    - OutDescEst: '' 
    - ErrorMessage: ''
0088896:
    - bResult: 'False'
    - OutDescEst: '' 
    - ErrorMessage: ''
0088897:
    - bResult: 'False'
    - OutDescEst: '' 
    - ErrorMessage: ''
0088898:
    - bResult: 'False'
    - OutDescEst: '' 
    - ErrorMessage: ''
0088901:
    - bResult: 'False'
    - OutDescEst: '' 
    - ErrorMessage: ''
0088902:
    - bResult: 'False'
    - OutDescEst: '' 
    - ErrorMessage: ''
0088905:
    - bResult: 'False'
    - OutDescEst: '' 
    - ErrorMessage: ''
0089281:
    - bResult: 'False'
    - OutDescEst: '' 
    - ErrorMessage: ''
0089494:
    - bResult: 'False'
    - OutDescEst: '' 
    - ErrorMessage: ''
0089495:
    - bResult: 'False'
    - OutDescEst: '' 
    - ErrorMessage: ''
0089496:
    - bResult: 'False'
    - OutDescEst: '' 
    - ErrorMessage: ''
0089497:
    - bResult: 'False'
    - OutDescEst: '' 
    - ErrorMessage: ''
0089498:
    - bResult: 'False'
    - OutDescEst: '' 
    - ErrorMessage: ''
0089499:
    - bResult: 'False'
    - OutDescEst: '' 
    - ErrorMessage: ''
0089625:
    - bResult: 'False'
    - OutDescEst: '' 
    - ErrorMessage: ''
0089626:
    - bResult: 'False'
    - OutDescEst: '' 
    - ErrorMessage: ''
0090686:
    - bResult: 'False'
    - OutDescEst: '' 
    - ErrorMessage: ''
0090687:
    - bResult: 'False'
    - OutDescEst: '' 
    - ErrorMessage: ''
0090688:
    - bResult: 'False'
    - OutDescEst: '' 
    - ErrorMessage: ''
0090740:
    - bResult: 'False'
    - OutDescEst: '' 
    - ErrorMessage: ''
0090824:
    - bResult: 'False'
    - OutDescEst: '' 
    - ErrorMessage: ''
0090825:
    - bResult: 'False'
    - OutDescEst: '' 
    - ErrorMessage: ''
0090826:
    - bResult: 'False'
    - OutDescEst: '' 
    - ErrorMessage: ''
0090827:
    - bResult: 'False'
    - OutDescEst: '' 
    - ErrorMessage: ''
