0034120:
    - bResult: 'False'
    - OutDescEst: '' 
    - ErrorMessage: ''
0034149:
    - bResult: 'False'
    - OutDescEst: '' 
    - ErrorMessage: ''
0034170:
    - bResult: 'False'
    - OutDescEst: '' 
    - ErrorMessage: ''
0034199:
    - bResult: 'False'
    - OutDescEst: '' 
    - ErrorMessage: ''
0034235:
    - bResult: 'False'
    - OutDescEst: '' 
    - ErrorMessage: ''
0034249:
    - bResult: 'False'
    - OutDescEst: '' 
    - ErrorMessage: ''
0034272:
    - bResult: 'False'
    - OutDescEst: '' 
    - ErrorMessage: ''
0034285:
    - bResult: 'False'
    - OutDescEst: '' 
    - ErrorMessage: ''
0034309:
    - bResult: 'False'
    - OutDescEst: '' 
    - ErrorMessage: ''
0034328:
    - bResult: 'False'
    - OutDescEst: '' 
    - ErrorMessage: ''
0034370:
    - bResult: 'False'
    - OutDescEst: '' 
    - ErrorMessage: ''
0034379:
    - bResult: 'False'
    - OutDescEst: '' 
    - ErrorMessage: ''
0034397:
    - bResult: 'False'
    - OutDescEst: '' 
    - ErrorMessage: ''
0034418:
    - bResult: 'False'
    - OutDescEst: '' 
    - ErrorMessage: ''
0034428:
    - bResult: 'False'
    - OutDescEst: '' 
    - ErrorMessage: ''
0034454:
    - bResult: 'False'
    - OutDescEst: '' 
    - ErrorMessage: ''
0034519:
    - bResult: 'False'
    - OutDescEst: '' 
    - ErrorMessage: ''
0034558:
    - bResult: 'False'
    - OutDescEst: '' 
    - ErrorMessage: ''
0034575:
    - bResult: 'False'
    - OutDescEst: '' 
    - ErrorMessage: ''
0034587:
    - bResult: 'False'
    - OutDescEst: '' 
    - ErrorMessage: ''
0034593:
    - bResult: 'False'
    - OutDescEst: '' 
    - ErrorMessage: ''
0034599:
    - bResult: 'False'
    - OutDescEst: '' 
    - ErrorMessage: ''
0034605:
    - bResult: 'False'
    - OutDescEst: '' 
    - ErrorMessage: ''
0034608:
    - bResult: 'False'
    - OutDescEst: '' 
    - ErrorMessage: ''
0034611:
    - bResult: 'False'
    - OutDescEst: '' 
    - ErrorMessage: ''
0034612:
    - bResult: 'False'
    - OutDescEst: '' 
    - ErrorMessage: ''
0034615:
    - bResult: 'False'
    - OutDescEst: '' 
    - ErrorMessage: ''
0034636:
    - bResult: 'False'
    - OutDescEst: '' 
    - ErrorMessage: ''
0034651:
    - bResult: 'False'
    - OutDescEst: '' 
    - ErrorMessage: ''
0034657:
    - bResult: 'False'
    - OutDescEst: '' 
    - ErrorMessage: ''
0034699:
    - bResult: 'False'
    - OutDescEst: '' 
    - ErrorMessage: ''
0034716:
    - bResult: 'False'
    - OutDescEst: '' 
    - ErrorMessage: ''
0034735:
    - bResult: 'False'
    - OutDescEst: '' 
    - ErrorMessage: ''
0034745:
    - bResult: 'False'
    - OutDescEst: '' 
    - ErrorMessage: ''
0034746:
    - bResult: 'False'
    - OutDescEst: '' 
    - ErrorMessage: ''
0034760:
    - bResult: 'False'
    - OutDescEst: '' 
    - ErrorMessage: ''
0034795:
    - bResult: 'False'
    - OutDescEst: '' 
    - ErrorMessage: ''
0034875:
    - bResult: 'False'
    - OutDescEst: '' 
    - ErrorMessage: ''
0034895:
    - bResult: 'False'
    - OutDescEst: '' 
    - ErrorMessage: ''
0034923:
    - bResult: 'False'
    - OutDescEst: '' 
    - ErrorMessage: ''
0034929:
    - bResult: 'False'
    - OutDescEst: '' 
    - ErrorMessage: ''
0034944:
    - bResult: 'False'
    - OutDescEst: '' 
    - ErrorMessage: ''
0034953:
    - bResult: 'False'
    - OutDescEst: '' 
    - ErrorMessage: ''
0034961:
    - bResult: 'False'
    - OutDescEst: '' 
    - ErrorMessage: ''
0034967:
    - bResult: 'False'
    - OutDescEst: '' 
    - ErrorMessage: ''
0034968:
    - bResult: 'False'
    - OutDescEst: '' 
    - ErrorMessage: ''
0034989:
    - bResult: 'False'
    - OutDescEst: '' 
    - ErrorMessage: ''
0035003:
    - bResult: 'False'
    - OutDescEst: '' 
    - ErrorMessage: ''
0035008:
    - bResult: 'False'
    - OutDescEst: '' 
    - ErrorMessage: ''
0035014:
    - bResult: 'False'
    - OutDescEst: '' 
    - ErrorMessage: ''
0035036:
    - bResult: 'False'
    - OutDescEst: '' 
    - ErrorMessage: ''
0035079:
    - bResult: 'False'
    - OutDescEst: '' 
    - ErrorMessage: ''
0035124:
    - bResult: 'False'
    - OutDescEst: '' 
    - ErrorMessage: ''
0035185:
    - bResult: 'False'
    - OutDescEst: '' 
    - ErrorMessage: ''
0035210:
    - bResult: 'False'
    - OutDescEst: '' 
    - ErrorMessage: ''
0035218:
    - bResult: 'False'
    - OutDescEst: '' 
    - ErrorMessage: ''
0035224:
    - bResult: 'False'
    - OutDescEst: '' 
    - ErrorMessage: ''
0035230:
    - bResult: 'False'
    - OutDescEst: '' 
    - ErrorMessage: ''
0035237:
    - bResult: 'False'
    - OutDescEst: '' 
    - ErrorMessage: ''
0035246:
    - bResult: 'False'
    - OutDescEst: '' 
    - ErrorMessage: ''
0035259:
    - bResult: 'False'
    - OutDescEst: '' 
    - ErrorMessage: ''
0035275:
    - bResult: 'False'
    - OutDescEst: '' 
    - ErrorMessage: ''
0035284:
    - bResult: 'False'
    - OutDescEst: '' 
    - ErrorMessage: ''
0035292:
    - bResult: 'False'
    - OutDescEst: '' 
    - ErrorMessage: ''
0035369:
    - bResult: 'False'
    - OutDescEst: '' 
    - ErrorMessage: ''
0035401:
    - bResult: 'False'
    - OutDescEst: '' 
    - ErrorMessage: ''
0035403:
    - bResult: 'False'
    - OutDescEst: '' 
    - ErrorMessage: ''
0035428:
    - bResult: 'False'
    - OutDescEst: '' 
    - ErrorMessage: ''
0035442:
    - bResult: 'False'
    - OutDescEst: '' 
    - ErrorMessage: ''
0035453:
    - bResult: 'False'
    - OutDescEst: '' 
    - ErrorMessage: ''
0035462:
    - bResult: 'False'
    - OutDescEst: '' 
    - ErrorMessage: ''
0035477:
    - bResult: 'False'
    - OutDescEst: '' 
    - ErrorMessage: ''
0035498:
    - bResult: 'False'
    - OutDescEst: '' 
    - ErrorMessage: ''
0035519:
    - bResult: 'False'
    - OutDescEst: '' 
    - ErrorMessage: ''
0035534:
    - bResult: 'False'
    - OutDescEst: '' 
    - ErrorMessage: ''
0035568:
    - bResult: 'False'
    - OutDescEst: '' 
    - ErrorMessage: ''
0035577:
    - bResult: 'False'
    - OutDescEst: '' 
    - ErrorMessage: ''
0035590:
    - bResult: 'False'
    - OutDescEst: '' 
    - ErrorMessage: ''
0035607:
    - bResult: 'False'
    - OutDescEst: '' 
    - ErrorMessage: ''
0035636:
    - bResult: 'False'
    - OutDescEst: '' 
    - ErrorMessage: ''
0035722:
    - bResult: 'False'
    - OutDescEst: '' 
    - ErrorMessage: ''
0035731:
    - bResult: 'False'
    - OutDescEst: '' 
    - ErrorMessage: ''
0035736:
    - bResult: 'False'
    - OutDescEst: '' 
    - ErrorMessage: ''
0035753:
    - bResult: 'False'
    - OutDescEst: '' 
    - ErrorMessage: ''
0035759:
    - bResult: 'False'
    - OutDescEst: '' 
    - ErrorMessage: ''
0035770:
    - bResult: 'False'
    - OutDescEst: '' 
    - ErrorMessage: ''
0035780:
    - bResult: 'False'
    - OutDescEst: '' 
    - ErrorMessage: ''
0035788:
    - bResult: 'False'
    - OutDescEst: '' 
    - ErrorMessage: ''
0035796:
    - bResult: 'False'
    - OutDescEst: '' 
    - ErrorMessage: ''
0035802:
    - bResult: 'False'
    - OutDescEst: '' 
    - ErrorMessage: ''
0035812:
    - bResult: 'False'
    - OutDescEst: '' 
    - ErrorMessage: ''
0035827:
    - bResult: 'False'
    - OutDescEst: '' 
    - ErrorMessage: ''
0035838:
    - bResult: 'False'
    - OutDescEst: '' 
    - ErrorMessage: ''
0035939:
    - bResult: 'False'
    - OutDescEst: '' 
    - ErrorMessage: ''
0035964:
    - bResult: 'False'
    - OutDescEst: '' 
    - ErrorMessage: ''
0035974:
    - bResult: 'False'
    - OutDescEst: '' 
    - ErrorMessage: ''
0036040:
    - bResult: 'False'
    - OutDescEst: '' 
    - ErrorMessage: ''
0036047:
    - bResult: 'False'
    - OutDescEst: '' 
    - ErrorMessage: ''
0036091:
    - bResult: 'False'
    - OutDescEst: '' 
    - ErrorMessage: ''
0036107:
    - bResult: 'False'
    - OutDescEst: '' 
    - ErrorMessage: ''
0036150:
    - bResult: 'False'
    - OutDescEst: '' 
    - ErrorMessage: ''
0036163:
    - bResult: 'False'
    - OutDescEst: '' 
    - ErrorMessage: ''
0036171:
    - bResult: 'False'
    - OutDescEst: '' 
    - ErrorMessage: ''
0036174:
    - bResult: 'False'
    - OutDescEst: '' 
    - ErrorMessage: ''
0036187:
    - bResult: 'False'
    - OutDescEst: '' 
    - ErrorMessage: ''
0036230:
    - bResult: 'False'
    - OutDescEst: '' 
    - ErrorMessage: ''
0036238:
    - bResult: 'False'
    - OutDescEst: '' 
    - ErrorMessage: ''
0036257:
    - bResult: 'False'
    - OutDescEst: '' 
    - ErrorMessage: ''
0036261:
    - bResult: 'False'
    - OutDescEst: '' 
    - ErrorMessage: ''
0036270:
    - bResult: 'False'
    - OutDescEst: '' 
    - ErrorMessage: ''
0036278:
    - bResult: 'False'
    - OutDescEst: '' 
    - ErrorMessage: ''
0036291:
    - bResult: 'False'
    - OutDescEst: '' 
    - ErrorMessage: ''
0036300:
    - bResult: 'False'
    - OutDescEst: '' 
    - ErrorMessage: ''
0036315:
    - bResult: 'False'
    - OutDescEst: '' 
    - ErrorMessage: ''
0036333:
    - bResult: 'False'
    - OutDescEst: '' 
    - ErrorMessage: ''
0036389:
    - bResult: 'False'
    - OutDescEst: '' 
    - ErrorMessage: ''
0036399:
    - bResult: 'False'
    - OutDescEst: '' 
    - ErrorMessage: ''
0036415:
    - bResult: 'False'
    - OutDescEst: '' 
    - ErrorMessage: ''
0036428:
    - bResult: 'False'
    - OutDescEst: '' 
    - ErrorMessage: ''
0036432:
    - bResult: 'False'
    - OutDescEst: '' 
    - ErrorMessage: ''
0036438:
    - bResult: 'False'
    - OutDescEst: '' 
    - ErrorMessage: ''
0036459:
    - bResult: 'False'
    - OutDescEst: '' 
    - ErrorMessage: ''
0036469:
    - bResult: 'False'
    - OutDescEst: '' 
    - ErrorMessage: ''
0036525:
    - bResult: 'False'
    - OutDescEst: '' 
    - ErrorMessage: ''
0036541:
    - bResult: 'False'
    - OutDescEst: '' 
    - ErrorMessage: ''
0036547:
    - bResult: 'False'
    - OutDescEst: '' 
    - ErrorMessage: ''
0036557:
    - bResult: 'False'
    - OutDescEst: '' 
    - ErrorMessage: ''
0036561:
    - bResult: 'False'
    - OutDescEst: '' 
    - ErrorMessage: ''
0036565:
    - bResult: 'False'
    - OutDescEst: '' 
    - ErrorMessage: ''
0036568:
    - bResult: 'False'
    - OutDescEst: '' 
    - ErrorMessage: ''
0036589:
    - bResult: 'False'
    - OutDescEst: '' 
    - ErrorMessage: ''
0036643:
    - bResult: 'False'
    - OutDescEst: '' 
    - ErrorMessage: ''
0036648:
    - bResult: 'False'
    - OutDescEst: '' 
    - ErrorMessage: ''
0036705:
    - bResult: 'False'
    - OutDescEst: '' 
    - ErrorMessage: ''
0036706:
    - bResult: 'False'
    - OutDescEst: ' - 5 Bicchieri - connessione vecchia (I4 M16) - connessione vecchia (I4 M16)' 
    - ErrorMessage: ''
0036719:
    - bResult: 'False'
    - OutDescEst: '' 
    - ErrorMessage: ''
0036733:
    - bResult: 'False'
    - OutDescEst: '' 
    - ErrorMessage: ''
0036783:
    - bResult: 'False'
    - OutDescEst: '' 
    - ErrorMessage: ''
0036828:
    - bResult: 'False'
    - OutDescEst: '' 
    - ErrorMessage: ''
0036840:
    - bResult: 'False'
    - OutDescEst: '' 
    - ErrorMessage: ''
0036844:
    - bResult: 'False'
    - OutDescEst: '' 
    - ErrorMessage: ''
0036902:
    - bResult: 'False'
    - OutDescEst: '' 
    - ErrorMessage: ''
0036904:
    - bResult: 'False'
    - OutDescEst: '' 
    - ErrorMessage: ''
0036937:
    - bResult: 'False'
    - OutDescEst: '' 
    - ErrorMessage: ''
0036947:
    - bResult: 'False'
    - OutDescEst: '' 
    - ErrorMessage: ''
0037011:
    - bResult: 'False'
    - OutDescEst: '' 
    - ErrorMessage: ''
0037019:
    - bResult: 'False'
    - OutDescEst: '' 
    - ErrorMessage: ''
0037021:
    - bResult: 'False'
    - OutDescEst: '' 
    - ErrorMessage: ''
0037028:
    - bResult: 'False'
    - OutDescEst: '' 
    - ErrorMessage: ''
0037032:
    - bResult: 'False'
    - OutDescEst: '' 
    - ErrorMessage: ''
0037035:
    - bResult: 'False'
    - OutDescEst: '' 
    - ErrorMessage: ''
0037068:
    - bResult: 'False'
    - OutDescEst: '' 
    - ErrorMessage: ''
0037081:
    - bResult: 'False'
    - OutDescEst: '' 
    - ErrorMessage: ''
0037089:
    - bResult: 'False'
    - OutDescEst: '' 
    - ErrorMessage: ''
0037113:
    - bResult: 'False'
    - OutDescEst: '' 
    - ErrorMessage: ''
0037119:
    - bResult: 'False'
    - OutDescEst: '' 
    - ErrorMessage: ''
0037137:
    - bResult: 'False'
    - OutDescEst: '' 
    - ErrorMessage: ''
0037145:
    - bResult: 'False'
    - OutDescEst: '' 
    - ErrorMessage: ''
0037154:
    - bResult: 'False'
    - OutDescEst: '' 
    - ErrorMessage: ''
0037157:
    - bResult: 'False'
    - OutDescEst: '' 
    - ErrorMessage: ''
0037173:
    - bResult: 'False'
    - OutDescEst: '' 
    - ErrorMessage: ''
0037257:
    - bResult: 'False'
    - OutDescEst: '' 
    - ErrorMessage: ''
0037322:
    - bResult: 'False'
    - OutDescEst: '' 
    - ErrorMessage: ''
0037328:
    - bResult: 'False'
    - OutDescEst: '' 
    - ErrorMessage: ''
0037333:
    - bResult: 'False'
    - OutDescEst: '' 
    - ErrorMessage: ''
0037391:
    - bResult: 'False'
    - OutDescEst: '' 
    - ErrorMessage: ''
0037396:
    - bResult: 'False'
    - OutDescEst: '' 
    - ErrorMessage: ''
0037400:
    - bResult: 'False'
    - OutDescEst: '' 
    - ErrorMessage: ''
0037467:
    - bResult: 'False'
    - OutDescEst: '' 
    - ErrorMessage: ''
0037478:
    - bResult: 'False'
    - OutDescEst: '' 
    - ErrorMessage: ''
0037489:
    - bResult: 'False'
    - OutDescEst: '' 
    - ErrorMessage: ''
0037501:
    - bResult: 'False'
    - OutDescEst: '' 
    - ErrorMessage: ''
0037505:
    - bResult: 'False'
    - OutDescEst: '' 
    - ErrorMessage: ''
0037513:
    - bResult: 'False'
    - OutDescEst: '' 
    - ErrorMessage: ''
0037539:
    - bResult: 'False'
    - OutDescEst: '' 
    - ErrorMessage: ''
0037562:
    - bResult: 'False'
    - OutDescEst: '' 
    - ErrorMessage: ''
0037566:
    - bResult: 'False'
    - OutDescEst: '' 
    - ErrorMessage: ''
0037659:
    - bResult: 'False'
    - OutDescEst: '' 
    - ErrorMessage: ''
0037675:
    - bResult: 'False'
    - OutDescEst: '' 
    - ErrorMessage: ''
0037713:
    - bResult: 'False'
    - OutDescEst: '' 
    - ErrorMessage: ''
0037729:
    - bResult: 'False'
    - OutDescEst: '' 
    - ErrorMessage: ''
0037737:
    - bResult: 'False'
    - OutDescEst: '' 
    - ErrorMessage: ''
0037746:
    - bResult: 'False'
    - OutDescEst: '' 
    - ErrorMessage: ''
0037891:
    - bResult: 'False'
    - OutDescEst: '' 
    - ErrorMessage: ''
0037901:
    - bResult: 'False'
    - OutDescEst: '' 
    - ErrorMessage: ''
0037909:
    - bResult: 'False'
    - OutDescEst: '' 
    - ErrorMessage: ''
0037919:
    - bResult: 'False'
    - OutDescEst: '' 
    - ErrorMessage: ''
0037928:
    - bResult: 'False'
    - OutDescEst: '' 
    - ErrorMessage: ''
0037938:
    - bResult: 'False'
    - OutDescEst: '' 
    - ErrorMessage: ''
0037952:
    - bResult: 'False'
    - OutDescEst: '' 
    - ErrorMessage: ''
0037957:
    - bResult: 'False'
    - OutDescEst: '' 
    - ErrorMessage: ''
0037972:
    - bResult: 'False'
    - OutDescEst: '' 
    - ErrorMessage: ''
0037985:
    - bResult: 'False'
    - OutDescEst: '' 
    - ErrorMessage: ''
0037989:
    - bResult: 'False'
    - OutDescEst: '' 
    - ErrorMessage: ''
0037994:
    - bResult: 'False'
    - OutDescEst: '' 
    - ErrorMessage: ''
0037999:
    - bResult: 'False'
    - OutDescEst: '' 
    - ErrorMessage: ''
0038038:
    - bResult: 'False'
    - OutDescEst: '' 
    - ErrorMessage: ''
0038046:
    - bResult: 'False'
    - OutDescEst: '' 
    - ErrorMessage: ''
0038058:
    - bResult: 'False'
    - OutDescEst: '' 
    - ErrorMessage: ''
0038082:
    - bResult: 'False'
    - OutDescEst: '' 
    - ErrorMessage: ''
0038095:
    - bResult: 'False'
    - OutDescEst: '' 
    - ErrorMessage: ''
0038098:
    - bResult: 'False'
    - OutDescEst: '' 
    - ErrorMessage: ''
0038102:
    - bResult: 'False'
    - OutDescEst: '' 
    - ErrorMessage: ''
0038106:
    - bResult: 'False'
    - OutDescEst: '' 
    - ErrorMessage: ''
0038113:
    - bResult: 'False'
    - OutDescEst: '' 
    - ErrorMessage: ''
0038119:
    - bResult: 'False'
    - OutDescEst: '' 
    - ErrorMessage: ''
0038123:
    - bResult: 'False'
    - OutDescEst: '' 
    - ErrorMessage: ''
0038124:
    - bResult: 'False'
    - OutDescEst: '' 
    - ErrorMessage: ''
0038139:
    - bResult: 'False'
    - OutDescEst: '' 
    - ErrorMessage: ''
0038225:
    - bResult: 'False'
    - OutDescEst: '' 
    - ErrorMessage: ''
0038238:
    - bResult: 'False'
    - OutDescEst: '' 
    - ErrorMessage: ''
0038253:
    - bResult: 'False'
    - OutDescEst: '' 
    - ErrorMessage: ''
0038256:
    - bResult: 'False'
    - OutDescEst: '' 
    - ErrorMessage: ''
0038323:
    - bResult: 'False'
    - OutDescEst: '' 
    - ErrorMessage: ''
0038371:
    - bResult: 'False'
    - OutDescEst: '' 
    - ErrorMessage: ''
0038386:
    - bResult: 'False'
    - OutDescEst: '' 
    - ErrorMessage: ''
0038394:
    - bResult: 'False'
    - OutDescEst: '' 
    - ErrorMessage: ''
0038407:
    - bResult: 'False'
    - OutDescEst: '' 
    - ErrorMessage: ''
0038414:
    - bResult: 'False'
    - OutDescEst: '' 
    - ErrorMessage: ''
0038435:
    - bResult: 'False'
    - OutDescEst: '' 
    - ErrorMessage: ''
0038443:
    - bResult: 'False'
    - OutDescEst: '' 
    - ErrorMessage: ''
0038452:
    - bResult: 'False'
    - OutDescEst: '' 
    - ErrorMessage: ''
0038459:
    - bResult: 'False'
    - OutDescEst: '' 
    - ErrorMessage: ''
0038470:
    - bResult: 'False'
    - OutDescEst: '' 
    - ErrorMessage: ''
0038475:
    - bResult: 'False'
    - OutDescEst: '' 
    - ErrorMessage: ''
0038487:
    - bResult: 'False'
    - OutDescEst: '' 
    - ErrorMessage: ''
0038496:
    - bResult: 'False'
    - OutDescEst: '' 
    - ErrorMessage: ''
0038504:
    - bResult: 'False'
    - OutDescEst: '' 
    - ErrorMessage: ''
0038514:
    - bResult: 'False'
    - OutDescEst: '' 
    - ErrorMessage: ''
0038515:
    - bResult: 'False'
    - OutDescEst: '' 
    - ErrorMessage: ''
0038518:
    - bResult: 'False'
    - OutDescEst: '' 
    - ErrorMessage: ''
0038523:
    - bResult: 'False'
    - OutDescEst: '' 
    - ErrorMessage: ''
0038529:
    - bResult: 'False'
    - OutDescEst: '' 
    - ErrorMessage: ''
0038532:
    - bResult: 'False'
    - OutDescEst: '' 
    - ErrorMessage: ''
0038659:
    - bResult: 'False'
    - OutDescEst: '' 
    - ErrorMessage: ''
0038660:
    - bResult: 'False'
    - OutDescEst: '' 
    - ErrorMessage: ''
0038671:
    - bResult: 'False'
    - OutDescEst: '' 
    - ErrorMessage: ''
0038678:
    - bResult: 'False'
    - OutDescEst: '' 
    - ErrorMessage: ''
0038689:
    - bResult: 'False'
    - OutDescEst: '' 
    - ErrorMessage: ''
0038703:
    - bResult: 'False'
    - OutDescEst: '' 
    - ErrorMessage: ''
0038720:
    - bResult: 'False'
    - OutDescEst: '' 
    - ErrorMessage: ''
0038737:
    - bResult: 'False'
    - OutDescEst: '' 
    - ErrorMessage: ''
0038773:
    - bResult: 'False'
    - OutDescEst: '' 
    - ErrorMessage: ''
0038800:
    - bResult: 'False'
    - OutDescEst: '' 
    - ErrorMessage: ''
0038832:
    - bResult: 'False'
    - OutDescEst: '' 
    - ErrorMessage: ''
0038919:
    - bResult: 'False'
    - OutDescEst: '' 
    - ErrorMessage: ''
0038956:
    - bResult: 'False'
    - OutDescEst: '' 
    - ErrorMessage: ''
0038963:
    - bResult: 'False'
    - OutDescEst: '' 
    - ErrorMessage: ''
0039055:
    - bResult: 'False'
    - OutDescEst: '' 
    - ErrorMessage: ''
0039089:
    - bResult: 'False'
    - OutDescEst: '' 
    - ErrorMessage: ''
0039093:
    - bResult: 'False'
    - OutDescEst: '' 
    - ErrorMessage: ''
0039110:
    - bResult: 'False'
    - OutDescEst: '' 
    - ErrorMessage: ''
0039117:
    - bResult: 'False'
    - OutDescEst: '' 
    - ErrorMessage: ''
0039135:
    - bResult: 'False'
    - OutDescEst: '' 
    - ErrorMessage: ''
0039151:
    - bResult: 'False'
    - OutDescEst: '' 
    - ErrorMessage: ''
0039162:
    - bResult: 'False'
    - OutDescEst: '' 
    - ErrorMessage: ''
0039163:
    - bResult: 'False'
    - OutDescEst: '' 
    - ErrorMessage: ''
0039173:
    - bResult: 'False'
    - OutDescEst: '' 
    - ErrorMessage: ''
0039203:
    - bResult: 'False'
    - OutDescEst: '' 
    - ErrorMessage: ''
0039208:
    - bResult: 'False'
    - OutDescEst: '' 
    - ErrorMessage: ''
0039218:
    - bResult: 'False'
    - OutDescEst: '' 
    - ErrorMessage: ''
0039236:
    - bResult: 'False'
    - OutDescEst: '' 
    - ErrorMessage: ''
0039343:
    - bResult: 'False'
    - OutDescEst: '' 
    - ErrorMessage: ''
0039402:
    - bResult: 'False'
    - OutDescEst: '' 
    - ErrorMessage: ''
0039413:
    - bResult: 'False'
    - OutDescEst: '' 
    - ErrorMessage: ''
0039439:
    - bResult: 'False'
    - OutDescEst: '' 
    - ErrorMessage: ''
0039446:
    - bResult: 'False'
    - OutDescEst: '' 
    - ErrorMessage: ''
0039467:
    - bResult: 'False'
    - OutDescEst: '' 
    - ErrorMessage: ''
0039519:
    - bResult: 'False'
    - OutDescEst: '' 
    - ErrorMessage: ''
0039525:
    - bResult: 'False'
    - OutDescEst: '' 
    - ErrorMessage: ''
0039531:
    - bResult: 'False'
    - OutDescEst: '' 
    - ErrorMessage: ''
0039537:
    - bResult: 'False'
    - OutDescEst: '' 
    - ErrorMessage: ''
0039562:
    - bResult: 'False'
    - OutDescEst: '' 
    - ErrorMessage: ''
0039569:
    - bResult: 'False'
    - OutDescEst: '' 
    - ErrorMessage: ''
0039599:
    - bResult: 'False'
    - OutDescEst: '' 
    - ErrorMessage: ''
0039607:
    - bResult: 'False'
    - OutDescEst: '' 
    - ErrorMessage: ''
0039634:
    - bResult: 'False'
    - OutDescEst: '' 
    - ErrorMessage: ''
0039644:
    - bResult: 'False'
    - OutDescEst: '' 
    - ErrorMessage: ''
0039667:
    - bResult: 'False'
    - OutDescEst: '' 
    - ErrorMessage: ''
0039681:
    - bResult: 'False'
    - OutDescEst: '' 
    - ErrorMessage: ''
0039690:
    - bResult: 'False'
    - OutDescEst: '' 
    - ErrorMessage: ''
0039703:
    - bResult: 'False'
    - OutDescEst: '' 
    - ErrorMessage: ''
0039723:
    - bResult: 'False'
    - OutDescEst: '' 
    - ErrorMessage: ''
0039754:
    - bResult: 'False'
    - OutDescEst: '' 
    - ErrorMessage: ''
0039770:
    - bResult: 'False'
    - OutDescEst: '' 
    - ErrorMessage: ''
0039800:
    - bResult: 'False'
    - OutDescEst: '' 
    - ErrorMessage: ''
0039820:
    - bResult: 'False'
    - OutDescEst: '' 
    - ErrorMessage: ''
0039832:
    - bResult: 'False'
    - OutDescEst: '' 
    - ErrorMessage: ''
0039898:
    - bResult: 'False'
    - OutDescEst: '' 
    - ErrorMessage: ''
0039919:
    - bResult: 'False'
    - OutDescEst: '' 
    - ErrorMessage: ''
0039923:
    - bResult: 'False'
    - OutDescEst: '' 
    - ErrorMessage: ''
0039941:
    - bResult: 'False'
    - OutDescEst: '' 
    - ErrorMessage: ''
0039956:
    - bResult: 'False'
    - OutDescEst: '' 
    - ErrorMessage: ''
0039975:
    - bResult: 'False'
    - OutDescEst: '' 
    - ErrorMessage: ''
0039985:
    - bResult: 'False'
    - OutDescEst: '' 
    - ErrorMessage: ''
0039989:
    - bResult: 'False'
    - OutDescEst: '' 
    - ErrorMessage: ''
0039993:
    - bResult: 'False'
    - OutDescEst: '' 
    - ErrorMessage: ''
0040008:
    - bResult: 'False'
    - OutDescEst: '' 
    - ErrorMessage: ''
0040016:
    - bResult: 'False'
    - OutDescEst: '' 
    - ErrorMessage: ''
0040052:
    - bResult: 'False'
    - OutDescEst: '' 
    - ErrorMessage: ''
0040053:
    - bResult: 'False'
    - OutDescEst: '' 
    - ErrorMessage: ''
0040058:
    - bResult: 'False'
    - OutDescEst: '' 
    - ErrorMessage: ''
0040064:
    - bResult: 'False'
    - OutDescEst: '' 
    - ErrorMessage: ''
0040069:
    - bResult: 'False'
    - OutDescEst: '' 
    - ErrorMessage: ''
0040109:
    - bResult: 'False'
    - OutDescEst: '' 
    - ErrorMessage: ''
0040114:
    - bResult: 'False'
    - OutDescEst: '' 
    - ErrorMessage: ''
0040140:
    - bResult: 'False'
    - OutDescEst: '' 
    - ErrorMessage: ''
0040218:
    - bResult: 'False'
    - OutDescEst: '' 
    - ErrorMessage: ''
0040236:
    - bResult: 'False'
    - OutDescEst: '' 
    - ErrorMessage: ''
0040267:
    - bResult: 'False'
    - OutDescEst: '' 
    - ErrorMessage: ''
0040276:
    - bResult: 'False'
    - OutDescEst: '' 
    - ErrorMessage: ''
0040280:
    - bResult: 'False'
    - OutDescEst: '' 
    - ErrorMessage: ''
0040288:
    - bResult: 'False'
    - OutDescEst: '' 
    - ErrorMessage: ''
0040303:
    - bResult: 'False'
    - OutDescEst: '' 
    - ErrorMessage: ''
0040354:
    - bResult: 'False'
    - OutDescEst: '' 
    - ErrorMessage: ''
0040410:
    - bResult: 'False'
    - OutDescEst: '' 
    - ErrorMessage: ''
0040430:
    - bResult: 'False'
    - OutDescEst: '' 
    - ErrorMessage: ''
0040433:
    - bResult: 'False'
    - OutDescEst: '' 
    - ErrorMessage: ''
0040440:
    - bResult: 'False'
    - OutDescEst: '' 
    - ErrorMessage: ''
0040451:
    - bResult: 'False'
    - OutDescEst: '' 
    - ErrorMessage: ''
0040452:
    - bResult: 'False'
    - OutDescEst: '' 
    - ErrorMessage: ''
0040548:
    - bResult: 'False'
    - OutDescEst: '' 
    - ErrorMessage: ''
0040578:
    - bResult: 'False'
    - OutDescEst: '' 
    - ErrorMessage: ''
0040584:
    - bResult: 'False'
    - OutDescEst: '' 
    - ErrorMessage: ''
0040591:
    - bResult: 'False'
    - OutDescEst: '' 
    - ErrorMessage: ''
0040597:
    - bResult: 'False'
    - OutDescEst: '' 
    - ErrorMessage: ''
0040599:
    - bResult: 'False'
    - OutDescEst: '' 
    - ErrorMessage: ''
0040613:
    - bResult: 'False'
    - OutDescEst: '' 
    - ErrorMessage: ''
0040669:
    - bResult: 'False'
    - OutDescEst: '' 
    - ErrorMessage: ''
0040681:
    - bResult: 'False'
    - OutDescEst: '' 
    - ErrorMessage: ''
0040698:
    - bResult: 'False'
    - OutDescEst: '' 
    - ErrorMessage: ''
0040720:
    - bResult: 'False'
    - OutDescEst: '' 
    - ErrorMessage: ''
0040878:
    - bResult: 'False'
    - OutDescEst: '' 
    - ErrorMessage: ''
0040882:
    - bResult: 'False'
    - OutDescEst: '' 
    - ErrorMessage: ''
0040884:
    - bResult: 'False'
    - OutDescEst: '' 
    - ErrorMessage: ''
0040888:
    - bResult: 'False'
    - OutDescEst: '' 
    - ErrorMessage: ''
0040945:
    - bResult: 'False'
    - OutDescEst: '' 
    - ErrorMessage: ''
0041072:
    - bResult: 'False'
    - OutDescEst: '' 
    - ErrorMessage: ''
0041073:
    - bResult: 'False'
    - OutDescEst: '' 
    - ErrorMessage: ''
0041084:
    - bResult: 'False'
    - OutDescEst: '' 
    - ErrorMessage: ''
0041086:
    - bResult: 'False'
    - OutDescEst: '' 
    - ErrorMessage: ''
0041092:
    - bResult: 'False'
    - OutDescEst: '' 
    - ErrorMessage: ''
0041101:
    - bResult: 'False'
    - OutDescEst: '' 
    - ErrorMessage: ''
0041102:
    - bResult: 'False'
    - OutDescEst: '' 
    - ErrorMessage: ''
0041108:
    - bResult: 'False'
    - OutDescEst: '' 
    - ErrorMessage: ''
0041124:
    - bResult: 'False'
    - OutDescEst: '' 
    - ErrorMessage: ''
0041128:
    - bResult: 'False'
    - OutDescEst: '' 
    - ErrorMessage: ''
0041135:
    - bResult: 'False'
    - OutDescEst: '' 
    - ErrorMessage: ''
0041136:
    - bResult: 'False'
    - OutDescEst: '' 
    - ErrorMessage: ''
0041241:
    - bResult: 'False'
    - OutDescEst: '' 
    - ErrorMessage: ''
0041326:
    - bResult: 'False'
    - OutDescEst: '' 
    - ErrorMessage: ''
0041333:
    - bResult: 'False'
    - OutDescEst: '' 
    - ErrorMessage: ''
0041338:
    - bResult: 'False'
    - OutDescEst: '' 
    - ErrorMessage: ''
0041347:
    - bResult: 'False'
    - OutDescEst: '' 
    - ErrorMessage: ''
0041353:
    - bResult: 'False'
    - OutDescEst: '' 
    - ErrorMessage: ''
0041355:
    - bResult: 'False'
    - OutDescEst: '' 
    - ErrorMessage: ''
0041356:
    - bResult: 'False'
    - OutDescEst: '' 
    - ErrorMessage: ''
0041385:
    - bResult: 'False'
    - OutDescEst: '' 
    - ErrorMessage: ''
0041406:
    - bResult: 'False'
    - OutDescEst: '' 
    - ErrorMessage: ''
0041424:
    - bResult: 'False'
    - OutDescEst: '' 
    - ErrorMessage: ''
0041428:
    - bResult: 'False'
    - OutDescEst: '' 
    - ErrorMessage: ''
0041441:
    - bResult: 'False'
    - OutDescEst: '' 
    - ErrorMessage: ''
0041452:
    - bResult: 'False'
    - OutDescEst: '' 
    - ErrorMessage: ''
0041503:
    - bResult: 'False'
    - OutDescEst: '' 
    - ErrorMessage: ''
0041505:
    - bResult: 'False'
    - OutDescEst: '' 
    - ErrorMessage: ''
0041508:
    - bResult: 'False'
    - OutDescEst: '' 
    - ErrorMessage: ''
0041512:
    - bResult: 'False'
    - OutDescEst: '' 
    - ErrorMessage: ''
0041522:
    - bResult: 'False'
    - OutDescEst: '' 
    - ErrorMessage: ''
0041525:
    - bResult: 'False'
    - OutDescEst: '' 
    - ErrorMessage: ''
0041555:
    - bResult: 'False'
    - OutDescEst: '' 
    - ErrorMessage: ''
0041602:
    - bResult: 'False'
    - OutDescEst: '' 
    - ErrorMessage: ''
0041624:
    - bResult: 'False'
    - OutDescEst: '' 
    - ErrorMessage: ''
0041871:
    - bResult: 'False'
    - OutDescEst: '' 
    - ErrorMessage: ''
0041880:
    - bResult: 'False'
    - OutDescEst: '' 
    - ErrorMessage: ''
0041904:
    - bResult: 'False'
    - OutDescEst: '' 
    - ErrorMessage: ''
0041909:
    - bResult: 'False'
    - OutDescEst: '' 
    - ErrorMessage: ''
0041918:
    - bResult: 'False'
    - OutDescEst: '' 
    - ErrorMessage: ''
0041939:
    - bResult: 'False'
    - OutDescEst: '' 
    - ErrorMessage: ''
0041971:
    - bResult: 'False'
    - OutDescEst: '' 
    - ErrorMessage: ''
0042026:
    - bResult: 'False'
    - OutDescEst: '' 
    - ErrorMessage: ''
0042098:
    - bResult: 'False'
    - OutDescEst: '' 
    - ErrorMessage: ''
0042099:
    - bResult: 'False'
    - OutDescEst: '' 
    - ErrorMessage: ''
0042136:
    - bResult: 'False'
    - OutDescEst: '' 
    - ErrorMessage: ''
0042141:
    - bResult: 'False'
    - OutDescEst: '' 
    - ErrorMessage: ''
0042151:
    - bResult: 'False'
    - OutDescEst: '' 
    - ErrorMessage: ''
0042156:
    - bResult: 'False'
    - OutDescEst: '' 
    - ErrorMessage: ''
0042161:
    - bResult: 'False'
    - OutDescEst: '' 
    - ErrorMessage: ''
0042163:
    - bResult: 'False'
    - OutDescEst: '' 
    - ErrorMessage: ''
0042168:
    - bResult: 'False'
    - OutDescEst: '' 
    - ErrorMessage: ''
0042174:
    - bResult: 'False'
    - OutDescEst: '' 
    - ErrorMessage: ''
0042207:
    - bResult: 'False'
    - OutDescEst: '' 
    - ErrorMessage: ''
0042209:
    - bResult: 'False'
    - OutDescEst: '' 
    - ErrorMessage: ''
0042215:
    - bResult: 'False'
    - OutDescEst: '' 
    - ErrorMessage: ''
0042291:
    - bResult: 'False'
    - OutDescEst: '' 
    - ErrorMessage: ''
0042365:
    - bResult: 'False'
    - OutDescEst: '' 
    - ErrorMessage: ''
0042375:
    - bResult: 'False'
    - OutDescEst: '' 
    - ErrorMessage: ''
0042381:
    - bResult: 'False'
    - OutDescEst: '' 
    - ErrorMessage: ''
0042451:
    - bResult: 'False'
    - OutDescEst: '' 
    - ErrorMessage: ''
0042462:
    - bResult: 'False'
    - OutDescEst: '' 
    - ErrorMessage: ''
0042473:
    - bResult: 'False'
    - OutDescEst: '' 
    - ErrorMessage: ''
0042475:
    - bResult: 'False'
    - OutDescEst: '' 
    - ErrorMessage: ''
0042481:
    - bResult: 'False'
    - OutDescEst: '' 
    - ErrorMessage: ''
0042502:
    - bResult: 'False'
    - OutDescEst: '' 
    - ErrorMessage: ''
0042538:
    - bResult: 'False'
    - OutDescEst: '' 
    - ErrorMessage: ''
0042573:
    - bResult: 'False'
    - OutDescEst: '' 
    - ErrorMessage: ''
0042575:
    - bResult: 'False'
    - OutDescEst: '' 
    - ErrorMessage: ''
0042618:
    - bResult: 'False'
    - OutDescEst: '' 
    - ErrorMessage: ''
0042620:
    - bResult: 'False'
    - OutDescEst: '' 
    - ErrorMessage: ''
0042637:
    - bResult: 'False'
    - OutDescEst: '' 
    - ErrorMessage: ''
0042648:
    - bResult: 'False'
    - OutDescEst: '' 
    - ErrorMessage: ''
0042657:
    - bResult: 'False'
    - OutDescEst: '' 
    - ErrorMessage: ''
0042661:
    - bResult: 'False'
    - OutDescEst: '' 
    - ErrorMessage: ''
0042662:
    - bResult: 'False'
    - OutDescEst: '' 
    - ErrorMessage: ''
0042670:
    - bResult: 'False'
    - OutDescEst: '' 
    - ErrorMessage: ''
0042680:
    - bResult: 'False'
    - OutDescEst: '' 
    - ErrorMessage: ''
0042688:
    - bResult: 'False'
    - OutDescEst: '' 
    - ErrorMessage: ''
0042703:
    - bResult: 'False'
    - OutDescEst: '' 
    - ErrorMessage: ''
0042721:
    - bResult: 'False'
    - OutDescEst: '' 
    - ErrorMessage: ''
0042784:
    - bResult: 'False'
    - OutDescEst: '' 
    - ErrorMessage: ''
0042790:
    - bResult: 'False'
    - OutDescEst: '' 
    - ErrorMessage: ''
0042800:
    - bResult: 'False'
    - OutDescEst: '' 
    - ErrorMessage: ''
0042809:
    - bResult: 'False'
    - OutDescEst: '' 
    - ErrorMessage: ''
0042813:
    - bResult: 'False'
    - OutDescEst: '' 
    - ErrorMessage: ''
0042937:
    - bResult: 'False'
    - OutDescEst: '' 
    - ErrorMessage: ''
0042947:
    - bResult: 'False'
    - OutDescEst: '' 
    - ErrorMessage: ''
0042949:
    - bResult: 'False'
    - OutDescEst: '' 
    - ErrorMessage: ''
0042974:
    - bResult: 'False'
    - OutDescEst: '' 
    - ErrorMessage: ''
0042977:
    - bResult: 'False'
    - OutDescEst: '' 
    - ErrorMessage: ''
0042989:
    - bResult: 'False'
    - OutDescEst: '' 
    - ErrorMessage: ''
0043042:
    - bResult: 'False'
    - OutDescEst: '' 
    - ErrorMessage: ''
0043105:
    - bResult: 'False'
    - OutDescEst: '' 
    - ErrorMessage: ''
0043115:
    - bResult: 'False'
    - OutDescEst: '' 
    - ErrorMessage: ''
0043116:
    - bResult: 'False'
    - OutDescEst: '' 
    - ErrorMessage: ''
0043122:
    - bResult: 'False'
    - OutDescEst: '' 
    - ErrorMessage: ''
0043123:
    - bResult: 'False'
    - OutDescEst: '' 
    - ErrorMessage: ''
0043129:
    - bResult: 'False'
    - OutDescEst: '' 
    - ErrorMessage: ''
0043212:
    - bResult: 'False'
    - OutDescEst: '' 
    - ErrorMessage: ''
0043222:
    - bResult: 'False'
    - OutDescEst: '' 
    - ErrorMessage: ''
0043230:
    - bResult: 'False'
    - OutDescEst: '' 
    - ErrorMessage: ''
0043236:
    - bResult: 'False'
    - OutDescEst: '' 
    - ErrorMessage: ''
0043240:
    - bResult: 'False'
    - OutDescEst: '' 
    - ErrorMessage: ''
0043254:
    - bResult: 'False'
    - OutDescEst: '' 
    - ErrorMessage: ''
0043269:
    - bResult: 'False'
    - OutDescEst: '' 
    - ErrorMessage: ''
0043284:
    - bResult: 'False'
    - OutDescEst: '' 
    - ErrorMessage: ''
0043286:
    - bResult: 'False'
    - OutDescEst: '' 
    - ErrorMessage: ''
0043419:
    - bResult: 'False'
    - OutDescEst: '' 
    - ErrorMessage: ''
0043525:
    - bResult: 'False'
    - OutDescEst: '' 
    - ErrorMessage: ''
0043544:
    - bResult: 'False'
    - OutDescEst: '' 
    - ErrorMessage: ''
0043545:
    - bResult: 'False'
    - OutDescEst: '' 
    - ErrorMessage: ''
0043546:
    - bResult: 'False'
    - OutDescEst: '' 
    - ErrorMessage: ''
0043564:
    - bResult: 'False'
    - OutDescEst: '' 
    - ErrorMessage: ''
0043565:
    - bResult: 'False'
    - OutDescEst: '' 
    - ErrorMessage: ''
0043566:
    - bResult: 'False'
    - OutDescEst: '' 
    - ErrorMessage: ''
0043651:
    - bResult: 'False'
    - OutDescEst: '' 
    - ErrorMessage: ''
0043674:
    - bResult: 'False'
    - OutDescEst: '' 
    - ErrorMessage: ''
0043676:
    - bResult: 'False'
    - OutDescEst: '' 
    - ErrorMessage: ''
0043683:
    - bResult: 'False'
    - OutDescEst: '' 
    - ErrorMessage: ''
0043689:
    - bResult: 'False'
    - OutDescEst: '' 
    - ErrorMessage: ''
0043730:
    - bResult: 'False'
    - OutDescEst: '' 
    - ErrorMessage: ''
0043733:
    - bResult: 'False'
    - OutDescEst: '' 
    - ErrorMessage: ''
0043744:
    - bResult: 'False'
    - OutDescEst: '' 
    - ErrorMessage: ''
0043806:
    - bResult: 'False'
    - OutDescEst: '' 
    - ErrorMessage: ''
0043815:
    - bResult: 'False'
    - OutDescEst: '' 
    - ErrorMessage: ''
0043820:
    - bResult: 'False'
    - OutDescEst: '' 
    - ErrorMessage: ''
0043836:
    - bResult: 'False'
    - OutDescEst: '' 
    - ErrorMessage: ''
0043838:
    - bResult: 'False'
    - OutDescEst: '' 
    - ErrorMessage: ''
0043897:
    - bResult: 'False'
    - OutDescEst: '' 
    - ErrorMessage: ''
0043901:
    - bResult: 'False'
    - OutDescEst: '' 
    - ErrorMessage: ''
0043903:
    - bResult: 'False'
    - OutDescEst: '' 
    - ErrorMessage: ''
0043915:
    - bResult: 'False'
    - OutDescEst: '' 
    - ErrorMessage: ''
0043939:
    - bResult: 'False'
    - OutDescEst: '' 
    - ErrorMessage: ''
0043961:
    - bResult: 'False'
    - OutDescEst: ' -  Bicchieri' 
    - ErrorMessage: ''
0043962:
    - bResult: 'False'
    - OutDescEst: ' -  Bicchieri' 
    - ErrorMessage: ''
0043963:
    - bResult: 'False'
    - OutDescEst: ' -  Bicchieri' 
    - ErrorMessage: ''
0043964:
    - bResult: 'False'
    - OutDescEst: ' -  Bicchieri' 
    - ErrorMessage: ''
0043965:
    - bResult: 'False'
    - OutDescEst: ' -  Bicchieri' 
    - ErrorMessage: ''
0044026:
    - bResult: 'False'
    - OutDescEst: '' 
    - ErrorMessage: ''
0044033:
    - bResult: 'False'
    - OutDescEst: '' 
    - ErrorMessage: ''
0044043:
    - bResult: 'False'
    - OutDescEst: '' 
    - ErrorMessage: ''
0044048:
    - bResult: 'False'
    - OutDescEst: '' 
    - ErrorMessage: ''
0044068:
    - bResult: 'False'
    - OutDescEst: '' 
    - ErrorMessage: ''
0044078:
    - bResult: 'False'
    - OutDescEst: '' 
    - ErrorMessage: ''
0044080:
    - bResult: 'False'
    - OutDescEst: '' 
    - ErrorMessage: ''
0044082:
    - bResult: 'False'
    - OutDescEst: '' 
    - ErrorMessage: ''
0044115:
    - bResult: 'False'
    - OutDescEst: '' 
    - ErrorMessage: ''
0044120:
    - bResult: 'False'
    - OutDescEst: '' 
    - ErrorMessage: ''
0044128:
    - bResult: 'False'
    - OutDescEst: '' 
    - ErrorMessage: ''
0044135:
    - bResult: 'False'
    - OutDescEst: '' 
    - ErrorMessage: ''
0044149:
    - bResult: 'False'
    - OutDescEst: '' 
    - ErrorMessage: ''
0044196:
    - bResult: 'False'
    - OutDescEst: '' 
    - ErrorMessage: ''
0044205:
    - bResult: 'False'
    - OutDescEst: '' 
    - ErrorMessage: ''
0044214:
    - bResult: 'False'
    - OutDescEst: '' 
    - ErrorMessage: ''
0044217:
    - bResult: 'False'
    - OutDescEst: '' 
    - ErrorMessage: ''
0044224:
    - bResult: 'False'
    - OutDescEst: '' 
    - ErrorMessage: ''
0044233:
    - bResult: 'False'
    - OutDescEst: '' 
    - ErrorMessage: ''
0044313:
    - bResult: 'False'
    - OutDescEst: '' 
    - ErrorMessage: ''
0044421:
    - bResult: 'False'
    - OutDescEst: '' 
    - ErrorMessage: ''
0044428:
    - bResult: 'False'
    - OutDescEst: '' 
    - ErrorMessage: ''
0044690:
    - bResult: 'False'
    - OutDescEst: '' 
    - ErrorMessage: ''
0044726:
    - bResult: 'False'
    - OutDescEst: '' 
    - ErrorMessage: ''
0044899:
    - bResult: 'False'
    - OutDescEst: '' 
    - ErrorMessage: ''
0044900:
    - bResult: 'False'
    - OutDescEst: '' 
    - ErrorMessage: ''
0044959:
    - bResult: 'False'
    - OutDescEst: '' 
    - ErrorMessage: ''
0044980:
    - bResult: 'False'
    - OutDescEst: '' 
    - ErrorMessage: ''
0045054:
    - bResult: 'False'
    - OutDescEst: '' 
    - ErrorMessage: ''
0045072:
    - bResult: 'False'
    - OutDescEst: '' 
    - ErrorMessage: ''
0045092:
    - bResult: 'False'
    - OutDescEst: '' 
    - ErrorMessage: ''
0045099:
    - bResult: 'False'
    - OutDescEst: '' 
    - ErrorMessage: ''
0045260:
    - bResult: 'False'
    - OutDescEst: '' 
    - ErrorMessage: ''
0045269:
    - bResult: 'False'
    - OutDescEst: '' 
    - ErrorMessage: ''
0045283:
    - bResult: 'False'
    - OutDescEst: '' 
    - ErrorMessage: ''
0045319:
    - bResult: 'False'
    - OutDescEst: '' 
    - ErrorMessage: ''
0045330:
    - bResult: 'False'
    - OutDescEst: '' 
    - ErrorMessage: ''
0045350:
    - bResult: 'False'
    - OutDescEst: '' 
    - ErrorMessage: ''
0045366:
    - bResult: 'False'
    - OutDescEst: '' 
    - ErrorMessage: ''
0045373:
    - bResult: 'False'
    - OutDescEst: '' 
    - ErrorMessage: ''
0045386:
    - bResult: 'False'
    - OutDescEst: '' 
    - ErrorMessage: ''
0045441:
    - bResult: 'False'
    - OutDescEst: '' 
    - ErrorMessage: ''
0045458:
    - bResult: 'False'
    - OutDescEst: '' 
    - ErrorMessage: ''
0045464:
    - bResult: 'False'
    - OutDescEst: '' 
    - ErrorMessage: ''
0045470:
    - bResult: 'False'
    - OutDescEst: '' 
    - ErrorMessage: ''
0045495:
    - bResult: 'False'
    - OutDescEst: '' 
    - ErrorMessage: ''
0045496:
    - bResult: 'False'
    - OutDescEst: '' 
    - ErrorMessage: ''
0045621:
    - bResult: 'False'
    - OutDescEst: '' 
    - ErrorMessage: ''
0045625:
    - bResult: 'False'
    - OutDescEst: '' 
    - ErrorMessage: ''
0045634:
    - bResult: 'False'
    - OutDescEst: '' 
    - ErrorMessage: ''
0045641:
    - bResult: 'False'
    - OutDescEst: '' 
    - ErrorMessage: ''
0045644:
    - bResult: 'False'
    - OutDescEst: '' 
    - ErrorMessage: ''
0045645:
    - bResult: 'False'
    - OutDescEst: '' 
    - ErrorMessage: ''
0045655:
    - bResult: 'False'
    - OutDescEst: '' 
    - ErrorMessage: ''
0045669:
    - bResult: 'False'
    - OutDescEst: '' 
    - ErrorMessage: ''
0045725:
    - bResult: 'False'
    - OutDescEst: '' 
    - ErrorMessage: ''
0045729:
    - bResult: 'False'
    - OutDescEst: '' 
    - ErrorMessage: ''
0045755:
    - bResult: 'False'
    - OutDescEst: '' 
    - ErrorMessage: ''
0045782:
    - bResult: 'False'
    - OutDescEst: '' 
    - ErrorMessage: ''
0045785:
    - bResult: 'False'
    - OutDescEst: '' 
    - ErrorMessage: ''
0045786:
    - bResult: 'False'
    - OutDescEst: '' 
    - ErrorMessage: ''
0045810:
    - bResult: 'False'
    - OutDescEst: '' 
    - ErrorMessage: ''
0045819:
    - bResult: 'False'
    - OutDescEst: '' 
    - ErrorMessage: ''
0045881:
    - bResult: 'False'
    - OutDescEst: '' 
    - ErrorMessage: ''
0045883:
    - bResult: 'False'
    - OutDescEst: '' 
    - ErrorMessage: ''
0045950:
    - bResult: 'False'
    - OutDescEst: '' 
    - ErrorMessage: ''
0046001:
    - bResult: 'False'
    - OutDescEst: '' 
    - ErrorMessage: ''
0046032:
    - bResult: 'False'
    - OutDescEst: '' 
    - ErrorMessage: ''
0046057:
    - bResult: 'False'
    - OutDescEst: '' 
    - ErrorMessage: ''
0046063:
    - bResult: 'False'
    - OutDescEst: '' 
    - ErrorMessage: ''
0046070:
    - bResult: 'False'
    - OutDescEst: '' 
    - ErrorMessage: ''
0046074:
    - bResult: 'False'
    - OutDescEst: '' 
    - ErrorMessage: ''
0046075:
    - bResult: 'False'
    - OutDescEst: '' 
    - ErrorMessage: ''
0046081:
    - bResult: 'False'
    - OutDescEst: '' 
    - ErrorMessage: ''
0046085:
    - bResult: 'False'
    - OutDescEst: '' 
    - ErrorMessage: ''
0046086:
    - bResult: 'False'
    - OutDescEst: '' 
    - ErrorMessage: ''
0046096:
    - bResult: 'False'
    - OutDescEst: '' 
    - ErrorMessage: ''
0046192:
    - bResult: 'False'
    - OutDescEst: '' 
    - ErrorMessage: ''
0046261:
    - bResult: 'False'
    - OutDescEst: '' 
    - ErrorMessage: ''
0046274:
    - bResult: 'False'
    - OutDescEst: '' 
    - ErrorMessage: ''
0046284:
    - bResult: 'False'
    - OutDescEst: '' 
    - ErrorMessage: ''
0046295:
    - bResult: 'False'
    - OutDescEst: '' 
    - ErrorMessage: ''
0046304:
    - bResult: 'False'
    - OutDescEst: '' 
    - ErrorMessage: ''
0046306:
    - bResult: 'False'
    - OutDescEst: '' 
    - ErrorMessage: ''
0046314:
    - bResult: 'False'
    - OutDescEst: '' 
    - ErrorMessage: ''
0046594:
    - bResult: 'False'
    - OutDescEst: '' 
    - ErrorMessage: ''
0046598:
    - bResult: 'False'
    - OutDescEst: '' 
    - ErrorMessage: ''
0046615:
    - bResult: 'False'
    - OutDescEst: '' 
    - ErrorMessage: ''
0046620:
    - bResult: 'False'
    - OutDescEst: '' 
    - ErrorMessage: ''
0046694:
    - bResult: 'False'
    - OutDescEst: '' 
    - ErrorMessage: ''
0046704:
    - bResult: 'False'
    - OutDescEst: '' 
    - ErrorMessage: ''
0046709:
    - bResult: 'False'
    - OutDescEst: '' 
    - ErrorMessage: ''
0046713:
    - bResult: 'False'
    - OutDescEst: '' 
    - ErrorMessage: ''
0046725:
    - bResult: 'False'
    - OutDescEst: '' 
    - ErrorMessage: ''
0046735:
    - bResult: 'False'
    - OutDescEst: '' 
    - ErrorMessage: ''
0046740:
    - bResult: 'False'
    - OutDescEst: '' 
    - ErrorMessage: ''
0046784:
    - bResult: 'False'
    - OutDescEst: '' 
    - ErrorMessage: ''
0046797:
    - bResult: 'False'
    - OutDescEst: '' 
    - ErrorMessage: ''
0046813:
    - bResult: 'False'
    - OutDescEst: '' 
    - ErrorMessage: ''
0046817:
    - bResult: 'False'
    - OutDescEst: '' 
    - ErrorMessage: ''
0046822:
    - bResult: 'False'
    - OutDescEst: '' 
    - ErrorMessage: ''
0046854:
    - bResult: 'False'
    - OutDescEst: '' 
    - ErrorMessage: ''
0046871:
    - bResult: 'False'
    - OutDescEst: '' 
    - ErrorMessage: ''
0046883:
    - bResult: 'False'
    - OutDescEst: '' 
    - ErrorMessage: ''
0046906:
    - bResult: 'False'
    - OutDescEst: '' 
    - ErrorMessage: ''
0046909:
    - bResult: 'False'
    - OutDescEst: '' 
    - ErrorMessage: ''
0046939:
    - bResult: 'False'
    - OutDescEst: '' 
    - ErrorMessage: ''
0046940:
    - bResult: 'False'
    - OutDescEst: '' 
    - ErrorMessage: ''
0046944:
    - bResult: 'False'
    - OutDescEst: '' 
    - ErrorMessage: ''
0046963:
    - bResult: 'False'
    - OutDescEst: '' 
    - ErrorMessage: ''
0047040:
    - bResult: 'False'
    - OutDescEst: '' 
    - ErrorMessage: ''
0047048:
    - bResult: 'False'
    - OutDescEst: '' 
    - ErrorMessage: ''
0047049:
    - bResult: 'False'
    - OutDescEst: '' 
    - ErrorMessage: ''
0047184:
    - bResult: 'False'
    - OutDescEst: '' 
    - ErrorMessage: ''
0047185:
    - bResult: 'False'
    - OutDescEst: '' 
    - ErrorMessage: ''
0047242:
    - bResult: 'False'
    - OutDescEst: '' 
    - ErrorMessage: ''
0047278:
    - bResult: 'False'
    - OutDescEst: '' 
    - ErrorMessage: ''
0047292:
    - bResult: 'False'
    - OutDescEst: '' 
    - ErrorMessage: ''
0047298:
    - bResult: 'False'
    - OutDescEst: '' 
    - ErrorMessage: ''
0047313:
    - bResult: 'False'
    - OutDescEst: '' 
    - ErrorMessage: ''
0047319:
    - bResult: 'False'
    - OutDescEst: '' 
    - ErrorMessage: ''
0047362:
    - bResult: 'False'
    - OutDescEst: '' 
    - ErrorMessage: ''
0047387:
    - bResult: 'False'
    - OutDescEst: '' 
    - ErrorMessage: ''
0047571:
    - bResult: 'False'
    - OutDescEst: '' 
    - ErrorMessage: ''
0047574:
    - bResult: 'False'
    - OutDescEst: '' 
    - ErrorMessage: ''
0047620:
    - bResult: 'False'
    - OutDescEst: '' 
    - ErrorMessage: ''
0047643:
    - bResult: 'False'
    - OutDescEst: '' 
    - ErrorMessage: ''
0047646:
    - bResult: 'False'
    - OutDescEst: '' 
    - ErrorMessage: ''
0047653:
    - bResult: 'False'
    - OutDescEst: '' 
    - ErrorMessage: ''
0047655:
    - bResult: 'False'
    - OutDescEst: '' 
    - ErrorMessage: ''
0047802:
    - bResult: 'False'
    - OutDescEst: '' 
    - ErrorMessage: ''
0047807:
    - bResult: 'False'
    - OutDescEst: '' 
    - ErrorMessage: ''
0047811:
    - bResult: 'False'
    - OutDescEst: '' 
    - ErrorMessage: ''
0047814:
    - bResult: 'False'
    - OutDescEst: '' 
    - ErrorMessage: ''
0047832:
    - bResult: 'False'
    - OutDescEst: '' 
    - ErrorMessage: ''
0047845:
    - bResult: 'False'
    - OutDescEst: '' 
    - ErrorMessage: ''
0047846:
    - bResult: 'False'
    - OutDescEst: '' 
    - ErrorMessage: ''
0047850:
    - bResult: 'False'
    - OutDescEst: '' 
    - ErrorMessage: ''
0047877:
    - bResult: 'False'
    - OutDescEst: '' 
    - ErrorMessage: ''
0047891:
    - bResult: 'False'
    - OutDescEst: '' 
    - ErrorMessage: ''
0048247:
    - bResult: 'False'
    - OutDescEst: '' 
    - ErrorMessage: ''
0048252:
    - bResult: 'False'
    - OutDescEst: '' 
    - ErrorMessage: ''
0048253:
    - bResult: 'False'
    - OutDescEst: '' 
    - ErrorMessage: ''
0048262:
    - bResult: 'False'
    - OutDescEst: '' 
    - ErrorMessage: ''
0048287:
    - bResult: 'False'
    - OutDescEst: '' 
    - ErrorMessage: ''
0048296:
    - bResult: 'False'
    - OutDescEst: '' 
    - ErrorMessage: ''
0048359:
    - bResult: 'False'
    - OutDescEst: '' 
    - ErrorMessage: ''
0048449:
    - bResult: 'False'
    - OutDescEst: '' 
    - ErrorMessage: ''
0048458:
    - bResult: 'False'
    - OutDescEst: '' 
    - ErrorMessage: ''
0048467:
    - bResult: 'False'
    - OutDescEst: '' 
    - ErrorMessage: ''
0048472:
    - bResult: 'False'
    - OutDescEst: '' 
    - ErrorMessage: ''
0048527:
    - bResult: 'False'
    - OutDescEst: '' 
    - ErrorMessage: ''
0048544:
    - bResult: 'False'
    - OutDescEst: '' 
    - ErrorMessage: ''
0048817:
    - bResult: 'False'
    - OutDescEst: '' 
    - ErrorMessage: ''
0048874:
    - bResult: 'False'
    - OutDescEst: '' 
    - ErrorMessage: ''
0048889:
    - bResult: 'False'
    - OutDescEst: '' 
    - ErrorMessage: ''
0048979:
    - bResult: 'False'
    - OutDescEst: '' 
    - ErrorMessage: ''
0049004:
    - bResult: 'False'
    - OutDescEst: '' 
    - ErrorMessage: ''
0049027:
    - bResult: 'False'
    - OutDescEst: '' 
    - ErrorMessage: ''
0049084:
    - bResult: 'False'
    - OutDescEst: '' 
    - ErrorMessage: ''
0049140:
    - bResult: 'False'
    - OutDescEst: '' 
    - ErrorMessage: ''
0049141:
    - bResult: 'False'
    - OutDescEst: '' 
    - ErrorMessage: ''
0049145:
    - bResult: 'False'
    - OutDescEst: '' 
    - ErrorMessage: ''
0049241:
    - bResult: 'False'
    - OutDescEst: '' 
    - ErrorMessage: ''
0049247:
    - bResult: 'False'
    - OutDescEst: '' 
    - ErrorMessage: ''
0049352:
    - bResult: 'False'
    - OutDescEst: '' 
    - ErrorMessage: ''
0049363:
    - bResult: 'False'
    - OutDescEst: '' 
    - ErrorMessage: ''
0049366:
    - bResult: 'False'
    - OutDescEst: '' 
    - ErrorMessage: ''
0049381:
    - bResult: 'False'
    - OutDescEst: '' 
    - ErrorMessage: ''
0049410:
    - bResult: 'False'
    - OutDescEst: '' 
    - ErrorMessage: ''
0049411:
    - bResult: 'False'
    - OutDescEst: '' 
    - ErrorMessage: ''
0049591:
    - bResult: 'False'
    - OutDescEst: '' 
    - ErrorMessage: ''
0049604:
    - bResult: 'False'
    - OutDescEst: '' 
    - ErrorMessage: ''
0049711:
    - bResult: 'False'
    - OutDescEst: '' 
    - ErrorMessage: ''
0049714:
    - bResult: 'False'
    - OutDescEst: '' 
    - ErrorMessage: ''
0049717:
    - bResult: 'False'
    - OutDescEst: '' 
    - ErrorMessage: ''
0049860:
    - bResult: 'False'
    - OutDescEst: '' 
    - ErrorMessage: ''
0049867:
    - bResult: 'False'
    - OutDescEst: '' 
    - ErrorMessage: ''
0049868:
    - bResult: 'False'
    - OutDescEst: '' 
    - ErrorMessage: ''
0049873:
    - bResult: 'False'
    - OutDescEst: '' 
    - ErrorMessage: ''
0050109:
    - bResult: 'False'
    - OutDescEst: '' 
    - ErrorMessage: ''
0050116:
    - bResult: 'False'
    - OutDescEst: '' 
    - ErrorMessage: ''
0050132:
    - bResult: 'False'
    - OutDescEst: '' 
    - ErrorMessage: ''
0050134:
    - bResult: 'False'
    - OutDescEst: '' 
    - ErrorMessage: ''
0050135:
    - bResult: 'False'
    - OutDescEst: '' 
    - ErrorMessage: ''
0050266:
    - bResult: 'False'
    - OutDescEst: '' 
    - ErrorMessage: ''
0050278:
    - bResult: 'False'
    - OutDescEst: '' 
    - ErrorMessage: ''
0050281:
    - bResult: 'False'
    - OutDescEst: '' 
    - ErrorMessage: ''
0050318:
    - bResult: 'False'
    - OutDescEst: '' 
    - ErrorMessage: ''
0050327:
    - bResult: 'False'
    - OutDescEst: '' 
    - ErrorMessage: ''
0050458:
    - bResult: 'False'
    - OutDescEst: '' 
    - ErrorMessage: ''
0050627:
    - bResult: 'False'
    - OutDescEst: '' 
    - ErrorMessage: ''
0050628:
    - bResult: 'False'
    - OutDescEst: '' 
    - ErrorMessage: ''
0050638:
    - bResult: 'False'
    - OutDescEst: '' 
    - ErrorMessage: ''
0050661:
    - bResult: 'False'
    - OutDescEst: '' 
    - ErrorMessage: ''
0050663:
    - bResult: 'False'
    - OutDescEst: '' 
    - ErrorMessage: ''
0050673:
    - bResult: 'False'
    - OutDescEst: '' 
    - ErrorMessage: ''
0050784:
    - bResult: 'False'
    - OutDescEst: '' 
    - ErrorMessage: ''
0050969:
    - bResult: 'False'
    - OutDescEst: '' 
    - ErrorMessage: ''
0050993:
    - bResult: 'False'
    - OutDescEst: '' 
    - ErrorMessage: ''
0051127:
    - bResult: 'False'
    - OutDescEst: '' 
    - ErrorMessage: ''
0051147:
    - bResult: 'False'
    - OutDescEst: '' 
    - ErrorMessage: ''
0051154:
    - bResult: 'False'
    - OutDescEst: '' 
    - ErrorMessage: ''
0051162:
    - bResult: 'False'
    - OutDescEst: '' 
    - ErrorMessage: ''
0051269:
    - bResult: 'False'
    - OutDescEst: '' 
    - ErrorMessage: ''
0051283:
    - bResult: 'False'
    - OutDescEst: '' 
    - ErrorMessage: ''
0051374:
    - bResult: 'False'
    - OutDescEst: '' 
    - ErrorMessage: ''
0051380:
    - bResult: 'False'
    - OutDescEst: '' 
    - ErrorMessage: ''
0051404:
    - bResult: 'False'
    - OutDescEst: '' 
    - ErrorMessage: ''
0051405:
    - bResult: 'False'
    - OutDescEst: '' 
    - ErrorMessage: ''
0051419:
    - bResult: 'False'
    - OutDescEst: '' 
    - ErrorMessage: ''
0051424:
    - bResult: 'False'
    - OutDescEst: '' 
    - ErrorMessage: ''
0051532:
    - bResult: 'False'
    - OutDescEst: '' 
    - ErrorMessage: ''
0051607:
    - bResult: 'False'
    - OutDescEst: '' 
    - ErrorMessage: ''
0051611:
    - bResult: 'False'
    - OutDescEst: '' 
    - ErrorMessage: ''
0051800:
    - bResult: 'False'
    - OutDescEst: '' 
    - ErrorMessage: ''
0051802:
    - bResult: 'False'
    - OutDescEst: '' 
    - ErrorMessage: ''
0051805:
    - bResult: 'False'
    - OutDescEst: '' 
    - ErrorMessage: ''
0051832:
    - bResult: 'False'
    - OutDescEst: '' 
    - ErrorMessage: ''
0051846:
    - bResult: 'False'
    - OutDescEst: '' 
    - ErrorMessage: ''
0051860:
    - bResult: 'False'
    - OutDescEst: '' 
    - ErrorMessage: ''
0051870:
    - bResult: 'False'
    - OutDescEst: '' 
    - ErrorMessage: ''
0051880:
    - bResult: 'False'
    - OutDescEst: '' 
    - ErrorMessage: ''
0051908:
    - bResult: 'False'
    - OutDescEst: '' 
    - ErrorMessage: ''
0051925:
    - bResult: 'False'
    - OutDescEst: '' 
    - ErrorMessage: ''
0051933:
    - bResult: 'False'
    - OutDescEst: '' 
    - ErrorMessage: ''
0052075:
    - bResult: 'False'
    - OutDescEst: '' 
    - ErrorMessage: ''
0052163:
    - bResult: 'False'
    - OutDescEst: '' 
    - ErrorMessage: ''
0052179:
    - bResult: 'False'
    - OutDescEst: '' 
    - ErrorMessage: ''
0052216:
    - bResult: 'False'
    - OutDescEst: '' 
    - ErrorMessage: ''
0052224:
    - bResult: 'False'
    - OutDescEst: '' 
    - ErrorMessage: ''
0052228:
    - bResult: 'False'
    - OutDescEst: '' 
    - ErrorMessage: ''
0052245:
    - bResult: 'False'
    - OutDescEst: '' 
    - ErrorMessage: ''
0052264:
    - bResult: 'False'
    - OutDescEst: '' 
    - ErrorMessage: ''
0052270:
    - bResult: 'False'
    - OutDescEst: '' 
    - ErrorMessage: ''
0052283:
    - bResult: 'False'
    - OutDescEst: '' 
    - ErrorMessage: ''
0052288:
    - bResult: 'False'
    - OutDescEst: '' 
    - ErrorMessage: ''
0052300:
    - bResult: 'False'
    - OutDescEst: '' 
    - ErrorMessage: ''
0052307:
    - bResult: 'False'
    - OutDescEst: '' 
    - ErrorMessage: ''
0052309:
    - bResult: 'False'
    - OutDescEst: '' 
    - ErrorMessage: ''
0052439:
    - bResult: 'False'
    - OutDescEst: '' 
    - ErrorMessage: ''
0052455:
    - bResult: 'False'
    - OutDescEst: '' 
    - ErrorMessage: ''
0052634:
    - bResult: 'False'
    - OutDescEst: '' 
    - ErrorMessage: ''
0052719:
    - bResult: 'False'
    - OutDescEst: '' 
    - ErrorMessage: ''
0052780:
    - bResult: 'False'
    - OutDescEst: '' 
    - ErrorMessage: ''
0052796:
    - bResult: 'False'
    - OutDescEst: '' 
    - ErrorMessage: ''
0053069:
    - bResult: 'False'
    - OutDescEst: '' 
    - ErrorMessage: ''
0053264:
    - bResult: 'False'
    - OutDescEst: '' 
    - ErrorMessage: ''
0053329:
    - bResult: 'False'
    - OutDescEst: '' 
    - ErrorMessage: ''
0053335:
    - bResult: 'False'
    - OutDescEst: '' 
    - ErrorMessage: ''
0053344:
    - bResult: 'False'
    - OutDescEst: '' 
    - ErrorMessage: ''
0053415:
    - bResult: 'False'
    - OutDescEst: '' 
    - ErrorMessage: ''
0053465:
    - bResult: 'False'
    - OutDescEst: '' 
    - ErrorMessage: ''
0053526:
    - bResult: 'False'
    - OutDescEst: '' 
    - ErrorMessage: ''
0053527:
    - bResult: 'False'
    - OutDescEst: '' 
    - ErrorMessage: ''
0053767:
    - bResult: 'False'
    - OutDescEst: '' 
    - ErrorMessage: ''
0053782:
    - bResult: 'False'
    - OutDescEst: '' 
    - ErrorMessage: ''
0053788:
    - bResult: 'False'
    - OutDescEst: '' 
    - ErrorMessage: ''
0053827:
    - bResult: 'False'
    - OutDescEst: '' 
    - ErrorMessage: ''
0053829:
    - bResult: 'False'
    - OutDescEst: '' 
    - ErrorMessage: ''
0053894:
    - bResult: 'False'
    - OutDescEst: '' 
    - ErrorMessage: ''
0053937:
    - bResult: 'False'
    - OutDescEst: '' 
    - ErrorMessage: ''
0053939:
    - bResult: 'False'
    - OutDescEst: '' 
    - ErrorMessage: ''
0053951:
    - bResult: 'False'
    - OutDescEst: '' 
    - ErrorMessage: ''
0053975:
    - bResult: 'False'
    - OutDescEst: '' 
    - ErrorMessage: ''
0053979:
    - bResult: 'False'
    - OutDescEst: '' 
    - ErrorMessage: ''
0053983:
    - bResult: 'False'
    - OutDescEst: '' 
    - ErrorMessage: ''
0053987:
    - bResult: 'False'
    - OutDescEst: '' 
    - ErrorMessage: ''
0054000:
    - bResult: 'False'
    - OutDescEst: '' 
    - ErrorMessage: ''
0054011:
    - bResult: 'False'
    - OutDescEst: '' 
    - ErrorMessage: ''
0054027:
    - bResult: 'False'
    - OutDescEst: '' 
    - ErrorMessage: ''
0054039:
    - bResult: 'False'
    - OutDescEst: '' 
    - ErrorMessage: ''
0054049:
    - bResult: 'False'
    - OutDescEst: '' 
    - ErrorMessage: ''
0054063:
    - bResult: 'False'
    - OutDescEst: '' 
    - ErrorMessage: ''
0054064:
    - bResult: 'False'
    - OutDescEst: '' 
    - ErrorMessage: ''
0054065:
    - bResult: 'False'
    - OutDescEst: '' 
    - ErrorMessage: ''
0054073:
    - bResult: 'False'
    - OutDescEst: '' 
    - ErrorMessage: ''
0054116:
    - bResult: 'False'
    - OutDescEst: '' 
    - ErrorMessage: ''
0054140:
    - bResult: 'False'
    - OutDescEst: '' 
    - ErrorMessage: ''
0054148:
    - bResult: 'False'
    - OutDescEst: '' 
    - ErrorMessage: ''
0054154:
    - bResult: 'False'
    - OutDescEst: '' 
    - ErrorMessage: ''
0054161:
    - bResult: 'False'
    - OutDescEst: '' 
    - ErrorMessage: ''
0054166:
    - bResult: 'False'
    - OutDescEst: '' 
    - ErrorMessage: ''
0054173:
    - bResult: 'False'
    - OutDescEst: '' 
    - ErrorMessage: ''
0054174:
    - bResult: 'False'
    - OutDescEst: '' 
    - ErrorMessage: ''
0054175:
    - bResult: 'False'
    - OutDescEst: '' 
    - ErrorMessage: ''
0054232:
    - bResult: 'False'
    - OutDescEst: '' 
    - ErrorMessage: ''
0054239:
    - bResult: 'False'
    - OutDescEst: '' 
    - ErrorMessage: ''
0054249:
    - bResult: 'False'
    - OutDescEst: '' 
    - ErrorMessage: ''
0054270:
    - bResult: 'False'
    - OutDescEst: '' 
    - ErrorMessage: ''
0054281:
    - bResult: 'False'
    - OutDescEst: '' 
    - ErrorMessage: ''
0054282:
    - bResult: 'False'
    - OutDescEst: '' 
    - ErrorMessage: ''
0054285:
    - bResult: 'False'
    - OutDescEst: '' 
    - ErrorMessage: ''
0054319:
    - bResult: 'False'
    - OutDescEst: '' 
    - ErrorMessage: ''
0054480:
    - bResult: 'False'
    - OutDescEst: '' 
    - ErrorMessage: ''
0054490:
    - bResult: 'False'
    - OutDescEst: '' 
    - ErrorMessage: ''
0054498:
    - bResult: 'False'
    - OutDescEst: '' 
    - ErrorMessage: ''
0054503:
    - bResult: 'False'
    - OutDescEst: '' 
    - ErrorMessage: ''
0054508:
    - bResult: 'False'
    - OutDescEst: '' 
    - ErrorMessage: ''
0054525:
    - bResult: 'False'
    - OutDescEst: '' 
    - ErrorMessage: ''
0054526:
    - bResult: 'False'
    - OutDescEst: '' 
    - ErrorMessage: ''
0054535:
    - bResult: 'False'
    - OutDescEst: '' 
    - ErrorMessage: ''
0054558:
    - bResult: 'False'
    - OutDescEst: '' 
    - ErrorMessage: ''
0054570:
    - bResult: 'False'
    - OutDescEst: '' 
    - ErrorMessage: ''
0054574:
    - bResult: 'False'
    - OutDescEst: '' 
    - ErrorMessage: ''
0054693:
    - bResult: 'False'
    - OutDescEst: '' 
    - ErrorMessage: ''
0054705:
    - bResult: 'False'
    - OutDescEst: '' 
    - ErrorMessage: ''
0054775:
    - bResult: 'False'
    - OutDescEst: '' 
    - ErrorMessage: ''
0054805:
    - bResult: 'False'
    - OutDescEst: '' 
    - ErrorMessage: ''
0054912:
    - bResult: 'False'
    - OutDescEst: '' 
    - ErrorMessage: ''
0054913:
    - bResult: 'False'
    - OutDescEst: '' 
    - ErrorMessage: ''
0054920:
    - bResult: 'False'
    - OutDescEst: '' 
    - ErrorMessage: ''
0054980:
    - bResult: 'False'
    - OutDescEst: '' 
    - ErrorMessage: ''
0054982:
    - bResult: 'False'
    - OutDescEst: '' 
    - ErrorMessage: ''
0054984:
    - bResult: 'False'
    - OutDescEst: '' 
    - ErrorMessage: ''
0055048:
    - bResult: 'False'
    - OutDescEst: '' 
    - ErrorMessage: ''
0055055:
    - bResult: 'False'
    - OutDescEst: '' 
    - ErrorMessage: ''
0055060:
    - bResult: 'False'
    - OutDescEst: '' 
    - ErrorMessage: ''
0055184:
    - bResult: 'False'
    - OutDescEst: '' 
    - ErrorMessage: ''
0055186:
    - bResult: 'False'
    - OutDescEst: '' 
    - ErrorMessage: ''
0055194:
    - bResult: 'False'
    - OutDescEst: '' 
    - ErrorMessage: ''
0055195:
    - bResult: 'False'
    - OutDescEst: '' 
    - ErrorMessage: ''
0055244:
    - bResult: 'False'
    - OutDescEst: '' 
    - ErrorMessage: ''
0055248:
    - bResult: 'False'
    - OutDescEst: '' 
    - ErrorMessage: ''
0055321:
    - bResult: 'False'
    - OutDescEst: '' 
    - ErrorMessage: ''
0055338:
    - bResult: 'False'
    - OutDescEst: '' 
    - ErrorMessage: ''
0055340:
    - bResult: 'False'
    - OutDescEst: '' 
    - ErrorMessage: ''
0055448:
    - bResult: 'False'
    - OutDescEst: '' 
    - ErrorMessage: ''
0055462:
    - bResult: 'False'
    - OutDescEst: '' 
    - ErrorMessage: ''
0055533:
    - bResult: 'False'
    - OutDescEst: '' 
    - ErrorMessage: ''
0055836:
    - bResult: 'False'
    - OutDescEst: '' 
    - ErrorMessage: ''
0055845:
    - bResult: 'False'
    - OutDescEst: '' 
    - ErrorMessage: ''
0055910:
    - bResult: 'False'
    - OutDescEst: '' 
    - ErrorMessage: ''
0055913:
    - bResult: 'False'
    - OutDescEst: '' 
    - ErrorMessage: ''
0055922:
    - bResult: 'False'
    - OutDescEst: '' 
    - ErrorMessage: ''
0055944:
    - bResult: 'False'
    - OutDescEst: '' 
    - ErrorMessage: ''
0055946:
    - bResult: 'False'
    - OutDescEst: '' 
    - ErrorMessage: ''
0055948:
    - bResult: 'False'
    - OutDescEst: '' 
    - ErrorMessage: ''
0055989:
    - bResult: 'False'
    - OutDescEst: '' 
    - ErrorMessage: ''
0055994:
    - bResult: 'False'
    - OutDescEst: '' 
    - ErrorMessage: ''
0055995:
    - bResult: 'False'
    - OutDescEst: '' 
    - ErrorMessage: ''
0056032:
    - bResult: 'False'
    - OutDescEst: '' 
    - ErrorMessage: ''
0056076:
    - bResult: 'False'
    - OutDescEst: '' 
    - ErrorMessage: ''
0056078:
    - bResult: 'False'
    - OutDescEst: '' 
    - ErrorMessage: ''
0056083:
    - bResult: 'False'
    - OutDescEst: '' 
    - ErrorMessage: ''
0056089:
    - bResult: 'False'
    - OutDescEst: '' 
    - ErrorMessage: ''
0056094:
    - bResult: 'False'
    - OutDescEst: '' 
    - ErrorMessage: ''
0056253:
    - bResult: 'False'
    - OutDescEst: '' 
    - ErrorMessage: ''
0056259:
    - bResult: 'False'
    - OutDescEst: '' 
    - ErrorMessage: ''
0056272:
    - bResult: 'False'
    - OutDescEst: '' 
    - ErrorMessage: ''
0056357:
    - bResult: 'False'
    - OutDescEst: '' 
    - ErrorMessage: ''
0056369:
    - bResult: 'False'
    - OutDescEst: '' 
    - ErrorMessage: ''
0056397:
    - bResult: 'False'
    - OutDescEst: '' 
    - ErrorMessage: ''
0056409:
    - bResult: 'False'
    - OutDescEst: '' 
    - ErrorMessage: ''
0056415:
    - bResult: 'False'
    - OutDescEst: '' 
    - ErrorMessage: ''
0056425:
    - bResult: 'False'
    - OutDescEst: '' 
    - ErrorMessage: ''
0056462:
    - bResult: 'False'
    - OutDescEst: '' 
    - ErrorMessage: ''
0056560:
    - bResult: 'False'
    - OutDescEst: '' 
    - ErrorMessage: ''
0056564:
    - bResult: 'False'
    - OutDescEst: '' 
    - ErrorMessage: ''
0056621:
    - bResult: 'False'
    - OutDescEst: '' 
    - ErrorMessage: ''
0056761:
    - bResult: 'False'
    - OutDescEst: '' 
    - ErrorMessage: ''
0056877:
    - bResult: 'False'
    - OutDescEst: '' 
    - ErrorMessage: ''
0056888:
    - bResult: 'False'
    - OutDescEst: '' 
    - ErrorMessage: ''
0057018:
    - bResult: 'False'
    - OutDescEst: '' 
    - ErrorMessage: ''
0057022:
    - bResult: 'False'
    - OutDescEst: '' 
    - ErrorMessage: ''
0057183:
    - bResult: 'False'
    - OutDescEst: '' 
    - ErrorMessage: ''
0057194:
    - bResult: 'False'
    - OutDescEst: '' 
    - ErrorMessage: ''
0057301:
    - bResult: 'False'
    - OutDescEst: '' 
    - ErrorMessage: ''
0057334:
    - bResult: 'False'
    - OutDescEst: '' 
    - ErrorMessage: ''
0057355:
    - bResult: 'False'
    - OutDescEst: '' 
    - ErrorMessage: ''
0057362:
    - bResult: 'False'
    - OutDescEst: '' 
    - ErrorMessage: ''
0057420:
    - bResult: 'False'
    - OutDescEst: '' 
    - ErrorMessage: ''
0057599:
    - bResult: 'False'
    - OutDescEst: '' 
    - ErrorMessage: ''
0057602:
    - bResult: 'False'
    - OutDescEst: '' 
    - ErrorMessage: ''
0057712:
    - bResult: 'False'
    - OutDescEst: '' 
    - ErrorMessage: ''
0057733:
    - bResult: 'False'
    - OutDescEst: '' 
    - ErrorMessage: ''
0057737:
    - bResult: 'False'
    - OutDescEst: '' 
    - ErrorMessage: ''
0057739:
    - bResult: 'False'
    - OutDescEst: '' 
    - ErrorMessage: ''
0057745:
    - bResult: 'False'
    - OutDescEst: '' 
    - ErrorMessage: ''
0057749:
    - bResult: 'False'
    - OutDescEst: '' 
    - ErrorMessage: ''
0057756:
    - bResult: 'False'
    - OutDescEst: '' 
    - ErrorMessage: ''
0057792:
    - bResult: 'False'
    - OutDescEst: ' -  Bicchieri' 
    - ErrorMessage: ''
0057799:
    - bResult: 'False'
    - OutDescEst: ' -  Bicchieri' 
    - ErrorMessage: ''
0057839:
    - bResult: 'False'
    - OutDescEst: ' -  Bicchieri' 
    - ErrorMessage: ''
0057842:
    - bResult: 'False'
    - OutDescEst: ' -  Bicchieri' 
    - ErrorMessage: ''
0057847:
    - bResult: 'False'
    - OutDescEst: ' -  Bicchieri' 
    - ErrorMessage: ''
0057859:
    - bResult: 'False'
    - OutDescEst: '' 
    - ErrorMessage: ''
0057866:
    - bResult: 'False'
    - OutDescEst: '' 
    - ErrorMessage: ''
0057879:
    - bResult: 'False'
    - OutDescEst: '' 
    - ErrorMessage: ''
0057917:
    - bResult: 'False'
    - OutDescEst: '' 
    - ErrorMessage: ''
0057918:
    - bResult: 'False'
    - OutDescEst: '' 
    - ErrorMessage: ''
0057926:
    - bResult: 'False'
    - OutDescEst: '' 
    - ErrorMessage: ''
0057930:
    - bResult: 'False'
    - OutDescEst: '' 
    - ErrorMessage: ''
0057934:
    - bResult: 'False'
    - OutDescEst: '' 
    - ErrorMessage: ''
0057936:
    - bResult: 'False'
    - OutDescEst: '' 
    - ErrorMessage: ''
0057939:
    - bResult: 'False'
    - OutDescEst: '' 
    - ErrorMessage: ''
0057943:
    - bResult: 'False'
    - OutDescEst: ' -  Bicchieri' 
    - ErrorMessage: ''
0058022:
    - bResult: 'False'
    - OutDescEst: '' 
    - ErrorMessage: ''
0058320:
    - bResult: 'False'
    - OutDescEst: '' 
    - ErrorMessage: ''
0058338:
    - bResult: 'False'
    - OutDescEst: '' 
    - ErrorMessage: ''
0058349:
    - bResult: 'False'
    - OutDescEst: '' 
    - ErrorMessage: ''
0058406:
    - bResult: 'False'
    - OutDescEst: '' 
    - ErrorMessage: ''
0058407:
    - bResult: 'False'
    - OutDescEst: '' 
    - ErrorMessage: ''
0058412:
    - bResult: 'False'
    - OutDescEst: '' 
    - ErrorMessage: ''
0058414:
    - bResult: 'False'
    - OutDescEst: '' 
    - ErrorMessage: ''
0058419:
    - bResult: 'False'
    - OutDescEst: '' 
    - ErrorMessage: ''
0058423:
    - bResult: 'False'
    - OutDescEst: '' 
    - ErrorMessage: ''
0058426:
    - bResult: 'False'
    - OutDescEst: '' 
    - ErrorMessage: ''
0058427:
    - bResult: 'False'
    - OutDescEst: '' 
    - ErrorMessage: ''
0058429:
    - bResult: 'False'
    - OutDescEst: '' 
    - ErrorMessage: ''
0058488:
    - bResult: 'False'
    - OutDescEst: '' 
    - ErrorMessage: ''
0058503:
    - bResult: 'False'
    - OutDescEst: '' 
    - ErrorMessage: ''
0058519:
    - bResult: 'False'
    - OutDescEst: '' 
    - ErrorMessage: ''
0058520:
    - bResult: 'False'
    - OutDescEst: '' 
    - ErrorMessage: ''
0058522:
    - bResult: 'False'
    - OutDescEst: '' 
    - ErrorMessage: ''
0058523:
    - bResult: 'False'
    - OutDescEst: '' 
    - ErrorMessage: ''
0058668:
    - bResult: 'False'
    - OutDescEst: '' 
    - ErrorMessage: ''
0058670:
    - bResult: 'False'
    - OutDescEst: '' 
    - ErrorMessage: ''
0058678:
    - bResult: 'False'
    - OutDescEst: '' 
    - ErrorMessage: ''
0058751:
    - bResult: 'False'
    - OutDescEst: '' 
    - ErrorMessage: ''
0058761:
    - bResult: 'False'
    - OutDescEst: '' 
    - ErrorMessage: ''
0058770:
    - bResult: 'False'
    - OutDescEst: '' 
    - ErrorMessage: ''
0058789:
    - bResult: 'False'
    - OutDescEst: '' 
    - ErrorMessage: ''
0058795:
    - bResult: 'False'
    - OutDescEst: '' 
    - ErrorMessage: ''
0058802:
    - bResult: 'False'
    - OutDescEst: '' 
    - ErrorMessage: ''
0058903:
    - bResult: 'False'
    - OutDescEst: '' 
    - ErrorMessage: ''
0058953:
    - bResult: 'False'
    - OutDescEst: '' 
    - ErrorMessage: ''
