0049172:
    - bResult: 'False'
    - OutDescEst: '' 
    - ErrorMessage: ''
0049203:
    - bResult: 'False'
    - OutDescEst: '' 
    - ErrorMessage: ''
0051339:
    - bResult: 'False'
    - OutDescEst: '' 
    - ErrorMessage: ''
0051344:
    - bResult: 'False'
    - OutDescEst: '' 
    - ErrorMessage: ''
0052166:
    - bResult: 'False'
    - OutDescEst: '' 
    - ErrorMessage: ''
0052275:
    - bResult: 'False'
    - OutDescEst: '' 
    - ErrorMessage: ''
0053922:
    - bResult: 'False'
    - OutDescEst: '' 
    - ErrorMessage: ''
0053925:
    - bResult: 'False'
    - OutDescEst: '' 
    - ErrorMessage: ''
0054853:
    - bResult: 'False'
    - OutDescEst: '' 
    - ErrorMessage: ''
0055094:
    - bResult: 'False'
    - OutDescEst: '' 
    - ErrorMessage: ''
0055097:
    - bResult: 'False'
    - OutDescEst: '' 
    - ErrorMessage: ''
0056537:
    - bResult: 'False'
    - OutDescEst: '' 
    - ErrorMessage: ''
0060923:
    - bResult: 'False'
    - OutDescEst: '' 
    - ErrorMessage: ''
0060926:
    - bResult: 'False'
    - OutDescEst: '' 
    - ErrorMessage: ''
0064665:
    - bResult: 'False'
    - OutDescEst: '' 
    - ErrorMessage: ''
0068810:
    - bResult: 'False'
    - OutDescEst: '' 
    - ErrorMessage: ''
0072291:
    - bResult: 'False'
    - OutDescEst: '' 
    - ErrorMessage: ''
0072292:
    - bResult: 'False'
    - OutDescEst: '' 
    - ErrorMessage: ''
0074736:
    - bResult: 'False'
    - OutDescEst: '' 
    - ErrorMessage: ''
0074738:
    - bResult: 'False'
    - OutDescEst: '' 
    - ErrorMessage: ''
0076663:
    - bResult: 'False'
    - OutDescEst: '' 
    - ErrorMessage: ''
0076726:
    - bResult: 'False'
    - OutDescEst: '' 
    - ErrorMessage: ''
0076727:
    - bResult: 'False'
    - OutDescEst: '' 
    - ErrorMessage: ''
0076728:
    - bResult: 'False'
    - OutDescEst: '' 
    - ErrorMessage: ''
0076729:
    - bResult: 'False'
    - OutDescEst: '' 
    - ErrorMessage: ''
0076730:
    - bResult: 'False'
    - OutDescEst: '' 
    - ErrorMessage: ''
0076731:
    - bResult: 'False'
    - OutDescEst: '' 
    - ErrorMessage: ''
0076732:
    - bResult: 'False'
    - OutDescEst: '' 
    - ErrorMessage: ''
0079397:
    - bResult: 'False'
    - OutDescEst: '' 
    - ErrorMessage: ''
0079398:
    - bResult: 'False'
    - OutDescEst: '' 
    - ErrorMessage: ''
0080385:
    - bResult: 'False'
    - OutDescEst: '' 
    - ErrorMessage: ''
0080388:
    - bResult: 'False'
    - OutDescEst: '' 
    - ErrorMessage: ''
0080902:
    - bResult: 'False'
    - OutDescEst: '' 
    - ErrorMessage: ''
0080905:
    - bResult: 'False'
    - OutDescEst: '' 
    - ErrorMessage: ''
0082020:
    - bResult: 'False'
    - OutDescEst: '' 
    - ErrorMessage: ''
0082021:
    - bResult: 'False'
    - OutDescEst: '' 
    - ErrorMessage: ''
0082024:
    - bResult: 'False'
    - OutDescEst: '' 
    - ErrorMessage: ''
0082025:
    - bResult: 'False'
    - OutDescEst: '' 
    - ErrorMessage: ''
0087628:
    - bResult: 'False'
    - OutDescEst: '' 
    - ErrorMessage: ''
0087629:
    - bResult: 'False'
    - OutDescEst: '' 
    - ErrorMessage: ''
0088842:
    - bResult: 'False'
    - OutDescEst: '' 
    - ErrorMessage: ''
0088843:
    - bResult: 'False'
    - OutDescEst: '' 
    - ErrorMessage: ''
0088846:
    - bResult: 'False'
    - OutDescEst: '' 
    - ErrorMessage: ''
0088847:
    - bResult: 'False'
    - OutDescEst: '' 
    - ErrorMessage: ''
0093628:
    - bResult: 'False'
    - OutDescEst: '' 
    - ErrorMessage: ''
0093629:
    - bResult: 'False'
    - OutDescEst: '' 
    - ErrorMessage: ''
0093914:
    - bResult: 'False'
    - OutDescEst: '' 
    - ErrorMessage: ''
0093915:
    - bResult: 'False'
    - OutDescEst: '' 
    - ErrorMessage: ''
0095867:
    - bResult: 'False'
    - OutDescEst: '' 
    - ErrorMessage: ''
0096484:
    - bResult: 'False'
    - OutDescEst: '' 
    - ErrorMessage: ''
0097748:
    - bResult: 'False'
    - OutDescEst: '' 
    - ErrorMessage: ''
0103467:
    - bResult: 'False'
    - OutDescEst: '' 
    - ErrorMessage: ''
0103898:
    - bResult: 'False'
    - OutDescEst: '' 
    - ErrorMessage: ''
0104875:
    - bResult: 'False'
    - OutDescEst: '' 
    - ErrorMessage: ''
0105978:
    - bResult: 'False'
    - OutDescEst: '' 
    - ErrorMessage: ''
0105982:
    - bResult: 'False'
    - OutDescEst: '' 
    - ErrorMessage: ''
0107755:
    - bResult: 'False'
    - OutDescEst: '' 
    - ErrorMessage: ''
0107758:
    - bResult: 'False'
    - OutDescEst: '' 
    - ErrorMessage: ''
0107763:
    - bResult: 'False'
    - OutDescEst: '' 
    - ErrorMessage: ''
0107764:
    - bResult: 'False'
    - OutDescEst: '' 
    - ErrorMessage: ''
0108941:
    - bResult: 'False'
    - OutDescEst: '' 
    - ErrorMessage: ''
0123770:
    - bResult: 'False'
    - OutDescEst: '' 
    - ErrorMessage: ''
0124597:
    - bResult: 'False'
    - OutDescEst: '' 
    - ErrorMessage: ''
0126273:
    - bResult: 'False'
    - OutDescEst: '' 
    - ErrorMessage: ''
0126274:
    - bResult: 'False'
    - OutDescEst: '' 
    - ErrorMessage: ''
0126908:
    - bResult: 'False'
    - OutDescEst: '' 
    - ErrorMessage: ''
0126909:
    - bResult: 'False'
    - OutDescEst: '' 
    - ErrorMessage: ''
0126931:
    - bResult: 'False'
    - OutDescEst: '' 
    - ErrorMessage: ''
0126932:
    - bResult: 'False'
    - OutDescEst: '' 
    - ErrorMessage: ''
0129497:
    - bResult: 'False'
    - OutDescEst: '' 
    - ErrorMessage: ''
0137231:
    - bResult: 'False'
    - OutDescEst: '' 
    - ErrorMessage: ''
0137236:
    - bResult: 'False'
    - OutDescEst: '' 
    - ErrorMessage: ''
0141270:
    - bResult: 'False'
    - OutDescEst: '' 
    - ErrorMessage: ''
0141271:
    - bResult: 'False'
    - OutDescEst: '' 
    - ErrorMessage: ''
0146675:
    - bResult: 'False'
    - OutDescEst: '' 
    - ErrorMessage: ''
0151622:
    - bResult: 'False'
    - OutDescEst: '' 
    - ErrorMessage: ''
0151623:
    - bResult: 'False'
    - OutDescEst: '' 
    - ErrorMessage: ''
0151931:
    - bResult: 'False'
    - OutDescEst: '' 
    - ErrorMessage: ''
0151934:
    - bResult: 'False'
    - OutDescEst: '' 
    - ErrorMessage: ''
0151937:
    - bResult: 'False'
    - OutDescEst: '' 
    - ErrorMessage: ''
0151938:
    - bResult: 'False'
    - OutDescEst: '' 
    - ErrorMessage: ''
0154089:
    - bResult: 'False'
    - OutDescEst: '' 
    - ErrorMessage: ''
0154696:
    - bResult: 'False'
    - OutDescEst: '' 
    - ErrorMessage: ''
0156314:
    - bResult: 'False'
    - OutDescEst: '' 
    - ErrorMessage: ''
0156590:
    - bResult: 'False'
    - OutDescEst: '' 
    - ErrorMessage: ''
0156591:
    - bResult: 'False'
    - OutDescEst: '' 
    - ErrorMessage: ''
0157057:
    - bResult: 'False'
    - OutDescEst: '' 
    - ErrorMessage: ''
0159055:
    - bResult: 'False'
    - OutDescEst: '' 
    - ErrorMessage: ''
0159061:
    - bResult: 'False'
    - OutDescEst: '' 
    - ErrorMessage: ''
0159102:
    - bResult: 'False'
    - OutDescEst: '' 
    - ErrorMessage: ''
0159259:
    - bResult: 'False'
    - OutDescEst: '' 
    - ErrorMessage: ''
0159290:
    - bResult: 'False'
    - OutDescEst: '' 
    - ErrorMessage: ''
0159499:
    - bResult: 'False'
    - OutDescEst: '' 
    - ErrorMessage: ''
0159502:
    - bResult: 'False'
    - OutDescEst: '' 
    - ErrorMessage: ''
0159506:
    - bResult: 'False'
    - OutDescEst: '' 
    - ErrorMessage: ''
0161352:
    - bResult: 'False'
    - OutDescEst: '' 
    - ErrorMessage: ''
0162055:
    - bResult: 'False'
    - OutDescEst: '' 
    - ErrorMessage: ''
0162328:
    - bResult: 'False'
    - OutDescEst: '' 
    - ErrorMessage: ''
0162394:
    - bResult: 'False'
    - OutDescEst: '' 
    - ErrorMessage: ''
0162398:
    - bResult: 'False'
    - OutDescEst: '' 
    - ErrorMessage: ''
0162402:
    - bResult: 'False'
    - OutDescEst: '' 
    - ErrorMessage: ''
0162410:
    - bResult: 'False'
    - OutDescEst: '' 
    - ErrorMessage: ''
0162434:
    - bResult: 'False'
    - OutDescEst: '' 
    - ErrorMessage: ''
0162645:
    - bResult: 'False'
    - OutDescEst: '' 
    - ErrorMessage: ''
0162654:
    - bResult: 'False'
    - OutDescEst: '' 
    - ErrorMessage: ''
0163623:
    - bResult: 'False'
    - OutDescEst: '' 
    - ErrorMessage: ''
0164700:
    - bResult: 'False'
    - OutDescEst: '' 
    - ErrorMessage: ''
0164703:
    - bResult: 'False'
    - OutDescEst: '' 
    - ErrorMessage: ''
0164706:
    - bResult: 'False'
    - OutDescEst: '' 
    - ErrorMessage: ''
0164709:
    - bResult: 'False'
    - OutDescEst: '' 
    - ErrorMessage: ''
0164712:
    - bResult: 'False'
    - OutDescEst: '' 
    - ErrorMessage: ''
0165488:
    - bResult: 'False'
    - OutDescEst: '' 
    - ErrorMessage: ''
0165494:
    - bResult: 'False'
    - OutDescEst: '' 
    - ErrorMessage: ''
0167159:
    - bResult: 'False'
    - OutDescEst: '' 
    - ErrorMessage: ''
0167162:
    - bResult: 'False'
    - OutDescEst: '' 
    - ErrorMessage: ''
0167201:
    - bResult: 'False'
    - OutDescEst: '' 
    - ErrorMessage: ''
0167764:
    - bResult: 'False'
    - OutDescEst: '' 
    - ErrorMessage: ''
0168005:
    - bResult: 'False'
    - OutDescEst: '' 
    - ErrorMessage: ''
0168008:
    - bResult: 'False'
    - OutDescEst: '' 
    - ErrorMessage: ''
0168088:
    - bResult: 'False'
    - OutDescEst: '' 
    - ErrorMessage: ''
0168227:
    - bResult: 'False'
    - OutDescEst: '' 
    - ErrorMessage: ''
0168367:
    - bResult: 'False'
    - OutDescEst: '' 
    - ErrorMessage: ''
0168971:
    - bResult: 'False'
    - OutDescEst: '' 
    - ErrorMessage: ''
0168974:
    - bResult: 'False'
    - OutDescEst: '' 
    - ErrorMessage: ''
0169258:
    - bResult: 'False'
    - OutDescEst: '' 
    - ErrorMessage: ''
0169443:
    - bResult: 'False'
    - OutDescEst: '' 
    - ErrorMessage: ''
0173688:
    - bResult: 'False'
    - OutDescEst: '' 
    - ErrorMessage: ''
0173711:
    - bResult: 'False'
    - OutDescEst: '' 
    - ErrorMessage: ''
0175327:
    - bResult: 'False'
    - OutDescEst: '' 
    - ErrorMessage: ''
0176554:
    - bResult: 'False'
    - OutDescEst: '' 
    - ErrorMessage: ''
0176558:
    - bResult: 'False'
    - OutDescEst: '' 
    - ErrorMessage: ''
0176855:
    - bResult: 'False'
    - OutDescEst: '' 
    - ErrorMessage: ''
0177946:
    - bResult: 'False'
    - OutDescEst: '' 
    - ErrorMessage: ''
0178595:
    - bResult: 'False'
    - OutDescEst: '' 
    - ErrorMessage: ''
0178598:
    - bResult: 'False'
    - OutDescEst: '' 
    - ErrorMessage: ''
0179411:
    - bResult: 'False'
    - OutDescEst: '' 
    - ErrorMessage: ''
0179755:
    - bResult: 'False'
    - OutDescEst: '' 
    - ErrorMessage: ''
0179861:
    - bResult: 'False'
    - OutDescEst: '' 
    - ErrorMessage: ''
0179878:
    - bResult: 'False'
    - OutDescEst: '' 
    - ErrorMessage: ''
0180856:
    - bResult: 'False'
    - OutDescEst: '' 
    - ErrorMessage: ''
0181578:
    - bResult: 'False'
    - OutDescEst: '' 
    - ErrorMessage: ''
0181830:
    - bResult: 'False'
    - OutDescEst: '' 
    - ErrorMessage: ''
0181834:
    - bResult: 'False'
    - OutDescEst: '' 
    - ErrorMessage: ''
0183274:
    - bResult: 'False'
    - OutDescEst: '' 
    - ErrorMessage: ''
0183537:
    - bResult: 'False'
    - OutDescEst: '' 
    - ErrorMessage: ''
0184401:
    - bResult: 'False'
    - OutDescEst: '' 
    - ErrorMessage: ''
0184405:
    - bResult: 'False'
    - OutDescEst: '' 
    - ErrorMessage: ''
0185816:
    - bResult: 'False'
    - OutDescEst: '' 
    - ErrorMessage: ''
0186255:
    - bResult: 'False'
    - OutDescEst: '' 
    - ErrorMessage: ''
0186264:
    - bResult: 'False'
    - OutDescEst: '' 
    - ErrorMessage: ''
0187162:
    - bResult: 'False'
    - OutDescEst: '' 
    - ErrorMessage: ''
0187163:
    - bResult: 'False'
    - OutDescEst: '' 
    - ErrorMessage: ''
0187364:
    - bResult: 'False'
    - OutDescEst: '' 
    - ErrorMessage: ''
0187370:
    - bResult: 'False'
    - OutDescEst: '' 
    - ErrorMessage: ''
0187503:
    - bResult: 'False'
    - OutDescEst: '' 
    - ErrorMessage: ''
0187538:
    - bResult: 'False'
    - OutDescEst: '' 
    - ErrorMessage: ''
0187917:
    - bResult: 'False'
    - OutDescEst: '' 
    - ErrorMessage: ''
0189500:
    - bResult: 'False'
    - OutDescEst: '' 
    - ErrorMessage: ''
0189877:
    - bResult: 'False'
    - OutDescEst: '' 
    - ErrorMessage: ''
0189878:
    - bResult: 'False'
    - OutDescEst: '' 
    - ErrorMessage: ''
0189879:
    - bResult: 'False'
    - OutDescEst: '' 
    - ErrorMessage: ''
0190387:
    - bResult: 'False'
    - OutDescEst: '' 
    - ErrorMessage: ''
0190393:
    - bResult: 'False'
    - OutDescEst: '' 
    - ErrorMessage: ''
0190397:
    - bResult: 'False'
    - OutDescEst: '' 
    - ErrorMessage: ''
0191897:
    - bResult: 'False'
    - OutDescEst: '' 
    - ErrorMessage: ''
0193554:
    - bResult: 'False'
    - OutDescEst: '' 
    - ErrorMessage: ''
0193558:
    - bResult: 'False'
    - OutDescEst: '' 
    - ErrorMessage: ''
0193618:
    - bResult: 'False'
    - OutDescEst: '' 
    - ErrorMessage: ''
0193619:
    - bResult: 'False'
    - OutDescEst: '' 
    - ErrorMessage: ''
0193620:
    - bResult: 'False'
    - OutDescEst: '' 
    - ErrorMessage: ''
0193621:
    - bResult: 'False'
    - OutDescEst: '' 
    - ErrorMessage: ''
0193628:
    - bResult: 'False'
    - OutDescEst: '' 
    - ErrorMessage: ''
0193829:
    - bResult: 'False'
    - OutDescEst: '' 
    - ErrorMessage: ''
0193830:
    - bResult: 'False'
    - OutDescEst: '' 
    - ErrorMessage: ''
0193831:
    - bResult: 'False'
    - OutDescEst: '' 
    - ErrorMessage: ''
0193832:
    - bResult: 'False'
    - OutDescEst: '' 
    - ErrorMessage: ''
0194326:
    - bResult: 'False'
    - OutDescEst: '' 
    - ErrorMessage: ''
0194327:
    - bResult: 'False'
    - OutDescEst: '' 
    - ErrorMessage: ''
0194330:
    - bResult: 'False'
    - OutDescEst: '' 
    - ErrorMessage: ''
0194426:
    - bResult: 'False'
    - OutDescEst: '' 
    - ErrorMessage: ''
0194461:
    - bResult: 'False'
    - OutDescEst: '' 
    - ErrorMessage: ''
0195097:
    - bResult: 'False'
    - OutDescEst: '' 
    - ErrorMessage: ''
0195098:
    - bResult: 'False'
    - OutDescEst: '' 
    - ErrorMessage: ''
0195099:
    - bResult: 'False'
    - OutDescEst: '' 
    - ErrorMessage: ''
0196413:
    - bResult: 'False'
    - OutDescEst: '' 
    - ErrorMessage: ''
0196467:
    - bResult: 'False'
    - OutDescEst: '' 
    - ErrorMessage: ''
0196569:
    - bResult: 'False'
    - OutDescEst: '' 
    - ErrorMessage: ''
0198402:
    - bResult: 'False'
    - OutDescEst: '' 
    - ErrorMessage: ''
0199191:
    - bResult: 'False'
    - OutDescEst: '' 
    - ErrorMessage: ''
0199192:
    - bResult: 'False'
    - OutDescEst: '' 
    - ErrorMessage: ''
0199193:
    - bResult: 'False'
    - OutDescEst: '' 
    - ErrorMessage: ''
0199275:
    - bResult: 'False'
    - OutDescEst: '' 
    - ErrorMessage: ''
0199530:
    - bResult: 'False'
    - OutDescEst: '' 
    - ErrorMessage: ''
0199967:
    - bResult: 'False'
    - OutDescEst: '' 
    - ErrorMessage: ''
0200867:
    - bResult: 'False'
    - OutDescEst: '' 
    - ErrorMessage: ''
0200913:
    - bResult: 'False'
    - OutDescEst: '' 
    - ErrorMessage: ''
0201151:
    - bResult: 'False'
    - OutDescEst: '' 
    - ErrorMessage: ''
0201245:
    - bResult: 'False'
    - OutDescEst: '' 
    - ErrorMessage: ''
0201397:
    - bResult: 'False'
    - OutDescEst: '' 
    - ErrorMessage: ''
0201401:
    - bResult: 'False'
    - OutDescEst: '' 
    - ErrorMessage: ''
0201522:
    - bResult: 'False'
    - OutDescEst: '' 
    - ErrorMessage: ''
0201575:
    - bResult: 'False'
    - OutDescEst: '' 
    - ErrorMessage: ''
0201649:
    - bResult: 'False'
    - OutDescEst: '' 
    - ErrorMessage: ''
0201807:
    - bResult: 'False'
    - OutDescEst: '' 
    - ErrorMessage: ''
0201949:
    - bResult: 'False'
    - OutDescEst: '' 
    - ErrorMessage: ''
0202344:
    - bResult: 'False'
    - OutDescEst: '' 
    - ErrorMessage: ''
0202352:
    - bResult: 'False'
    - OutDescEst: '' 
    - ErrorMessage: ''
0202416:
    - bResult: 'False'
    - OutDescEst: '' 
    - ErrorMessage: ''
0202417:
    - bResult: 'False'
    - OutDescEst: '' 
    - ErrorMessage: ''
0202430:
    - bResult: 'False'
    - OutDescEst: '' 
    - ErrorMessage: ''
0202576:
    - bResult: 'False'
    - OutDescEst: '' 
    - ErrorMessage: ''
0203680:
    - bResult: 'False'
    - OutDescEst: '' 
    - ErrorMessage: ''
0203681:
    - bResult: 'False'
    - OutDescEst: '' 
    - ErrorMessage: ''
0204510:
    - bResult: 'False'
    - OutDescEst: '' 
    - ErrorMessage: ''
0204602:
    - bResult: 'False'
    - OutDescEst: '' 
    - ErrorMessage: ''
0204742:
    - bResult: 'False'
    - OutDescEst: '' 
    - ErrorMessage: ''
0206584:
    - bResult: 'False'
    - OutDescEst: '' 
    - ErrorMessage: ''
0208670:
    - bResult: 'False'
    - OutDescEst: '' 
    - ErrorMessage: ''
0208671:
    - bResult: 'False'
    - OutDescEst: '' 
    - ErrorMessage: ''
0208674:
    - bResult: 'False'
    - OutDescEst: '' 
    - ErrorMessage: ''
0208675:
    - bResult: 'False'
    - OutDescEst: '' 
    - ErrorMessage: ''
0208678:
    - bResult: 'False'
    - OutDescEst: '' 
    - ErrorMessage: ''
0208679:
    - bResult: 'False'
    - OutDescEst: '' 
    - ErrorMessage: ''
0209121:
    - bResult: 'False'
    - OutDescEst: '' 
    - ErrorMessage: ''
0209123:
    - bResult: 'False'
    - OutDescEst: '' 
    - ErrorMessage: ''
0209129:
    - bResult: 'False'
    - OutDescEst: '' 
    - ErrorMessage: ''
0209130:
    - bResult: 'False'
    - OutDescEst: '' 
    - ErrorMessage: ''
0209135:
    - bResult: 'False'
    - OutDescEst: '' 
    - ErrorMessage: ''
0209265:
    - bResult: 'False'
    - OutDescEst: '' 
    - ErrorMessage: ''
0209267:
    - bResult: 'False'
    - OutDescEst: '' 
    - ErrorMessage: ''
0209363:
    - bResult: 'False'
    - OutDescEst: '' 
    - ErrorMessage: ''
0209364:
    - bResult: 'False'
    - OutDescEst: '' 
    - ErrorMessage: ''
0209365:
    - bResult: 'False'
    - OutDescEst: '' 
    - ErrorMessage: ''
0209366:
    - bResult: 'False'
    - OutDescEst: '' 
    - ErrorMessage: ''
0209407:
    - bResult: 'False'
    - OutDescEst: '' 
    - ErrorMessage: ''
0209739:
    - bResult: 'False'
    - OutDescEst: '' 
    - ErrorMessage: ''
0209740:
    - bResult: 'False'
    - OutDescEst: '' 
    - ErrorMessage: ''
0209741:
    - bResult: 'False'
    - OutDescEst: '' 
    - ErrorMessage: ''
0209742:
    - bResult: 'False'
    - OutDescEst: '' 
    - ErrorMessage: ''
0213095:
    - bResult: 'False'
    - OutDescEst: '' 
    - ErrorMessage: ''
0213429:
    - bResult: 'False'
    - OutDescEst: '' 
    - ErrorMessage: ''
0213430:
    - bResult: 'False'
    - OutDescEst: '' 
    - ErrorMessage: ''
0213481:
    - bResult: 'False'
    - OutDescEst: '' 
    - ErrorMessage: ''
0213482:
    - bResult: 'False'
    - OutDescEst: '' 
    - ErrorMessage: ''
0213588:
    - bResult: 'False'
    - OutDescEst: '' 
    - ErrorMessage: ''
0216859:
    - bResult: 'False'
    - OutDescEst: '' 
    - ErrorMessage: ''
0216860:
    - bResult: 'False'
    - OutDescEst: '' 
    - ErrorMessage: ''
0217124:
    - bResult: 'False'
    - OutDescEst: '' 
    - ErrorMessage: ''
0217725:
    - bResult: 'False'
    - OutDescEst: '' 
    - ErrorMessage: ''
0217726:
    - bResult: 'False'
    - OutDescEst: '' 
    - ErrorMessage: ''
0222287:
    - bResult: 'False'
    - OutDescEst: '' 
    - ErrorMessage: ''
0222288:
    - bResult: 'False'
    - OutDescEst: '' 
    - ErrorMessage: ''
0222289:
    - bResult: 'False'
    - OutDescEst: '' 
    - ErrorMessage: ''
0222916:
    - bResult: 'False'
    - OutDescEst: '' 
    - ErrorMessage: ''
0222917:
    - bResult: 'False'
    - OutDescEst: '' 
    - ErrorMessage: ''
0222918:
    - bResult: 'False'
    - OutDescEst: '' 
    - ErrorMessage: ''
0223701:
    - bResult: 'False'
    - OutDescEst: '' 
    - ErrorMessage: ''
0223702:
    - bResult: 'False'
    - OutDescEst: '' 
    - ErrorMessage: ''
0224718:
    - bResult: 'False'
    - OutDescEst: '' 
    - ErrorMessage: ''
0224719:
    - bResult: 'False'
    - OutDescEst: '' 
    - ErrorMessage: ''
0224720:
    - bResult: 'False'
    - OutDescEst: '' 
    - ErrorMessage: ''
0224721:
    - bResult: 'False'
    - OutDescEst: '' 
    - ErrorMessage: ''
0224722:
    - bResult: 'False'
    - OutDescEst: '' 
    - ErrorMessage: ''
0224723:
    - bResult: 'False'
    - OutDescEst: '' 
    - ErrorMessage: ''
0224724:
    - bResult: 'False'
    - OutDescEst: '' 
    - ErrorMessage: ''
0224815:
    - bResult: 'False'
    - OutDescEst: '' 
    - ErrorMessage: ''
0224819:
    - bResult: 'False'
    - OutDescEst: '' 
    - ErrorMessage: ''
0225836:
    - bResult: 'False'
    - OutDescEst: '' 
    - ErrorMessage: ''
0226753:
    - bResult: 'False'
    - OutDescEst: '' 
    - ErrorMessage: ''
0227043:
    - bResult: 'False'
    - OutDescEst: '' 
    - ErrorMessage: ''
0228172:
    - bResult: 'False'
    - OutDescEst: '' 
    - ErrorMessage: ''
0228173:
    - bResult: 'False'
    - OutDescEst: '' 
    - ErrorMessage: ''
0228174:
    - bResult: 'False'
    - OutDescEst: '' 
    - ErrorMessage: ''
0228175:
    - bResult: 'False'
    - OutDescEst: '' 
    - ErrorMessage: ''
0228176:
    - bResult: 'False'
    - OutDescEst: '' 
    - ErrorMessage: ''
0228383:
    - bResult: 'False'
    - OutDescEst: '' 
    - ErrorMessage: ''
0229168:
    - bResult: 'False'
    - OutDescEst: '' 
    - ErrorMessage: ''
0229169:
    - bResult: 'False'
    - OutDescEst: '' 
    - ErrorMessage: ''
0230669:
    - bResult: 'False'
    - OutDescEst: '' 
    - ErrorMessage: ''
0230719:
    - bResult: 'False'
    - OutDescEst: '' 
    - ErrorMessage: ''
0232368:
    - bResult: 'False'
    - OutDescEst: '' 
    - ErrorMessage: ''
0232741:
    - bResult: 'False'
    - OutDescEst: '' 
    - ErrorMessage: ''
0232742:
    - bResult: 'False'
    - OutDescEst: '' 
    - ErrorMessage: ''
0232916:
    - bResult: 'False'
    - OutDescEst: '' 
    - ErrorMessage: ''
0233054:
    - bResult: 'False'
    - OutDescEst: '' 
    - ErrorMessage: ''
0233283:
    - bResult: 'False'
    - OutDescEst: '' 
    - ErrorMessage: ''
0233964:
    - bResult: 'False'
    - OutDescEst: '' 
    - ErrorMessage: ''
0234961:
    - bResult: 'False'
    - OutDescEst: '' 
    - ErrorMessage: ''
0234962:
    - bResult: 'False'
    - OutDescEst: '' 
    - ErrorMessage: ''
0235910:
    - bResult: 'False'
    - OutDescEst: '' 
    - ErrorMessage: ''
0237342:
    - bResult: 'False'
    - OutDescEst: '' 
    - ErrorMessage: ''
0237354:
    - bResult: 'False'
    - OutDescEst: '' 
    - ErrorMessage: ''
0237355:
    - bResult: 'False'
    - OutDescEst: '' 
    - ErrorMessage: ''
0237697:
    - bResult: 'False'
    - OutDescEst: '' 
    - ErrorMessage: ''
0239164:
    - bResult: 'False'
    - OutDescEst: '' 
    - ErrorMessage: ''
0239525:
    - bResult: 'False'
    - OutDescEst: '' 
    - ErrorMessage: ''
0242541:
    - bResult: 'False'
    - OutDescEst: '' 
    - ErrorMessage: ''
0242542:
    - bResult: 'False'
    - OutDescEst: '' 
    - ErrorMessage: ''
0243501:
    - bResult: 'False'
    - OutDescEst: '' 
    - ErrorMessage: ''
0243502:
    - bResult: 'False'
    - OutDescEst: '' 
    - ErrorMessage: ''
0243503:
    - bResult: 'False'
    - OutDescEst: '' 
    - ErrorMessage: ''
0243660:
    - bResult: 'False'
    - OutDescEst: '' 
    - ErrorMessage: ''
0243713:
    - bResult: 'False'
    - OutDescEst: '' 
    - ErrorMessage: ''
0243722:
    - bResult: 'False'
    - OutDescEst: '' 
    - ErrorMessage: ''
0244611:
    - bResult: 'False'
    - OutDescEst: '' 
    - ErrorMessage: ''
0244842:
    - bResult: 'False'
    - OutDescEst: '' 
    - ErrorMessage: ''
0244857:
    - bResult: 'False'
    - OutDescEst: '' 
    - ErrorMessage: ''
0245948:
    - bResult: 'False'
    - OutDescEst: '' 
    - ErrorMessage: ''
0250584:
    - bResult: 'False'
    - OutDescEst: '' 
    - ErrorMessage: ''
0251309:
    - bResult: 'False'
    - OutDescEst: '' 
    - ErrorMessage: ''
0257906:
    - bResult: 'False'
    - OutDescEst: '' 
    - ErrorMessage: ''
0260679:
    - bResult: 'False'
    - OutDescEst: '' 
    - ErrorMessage: ''
0266672:
    - bResult: 'False'
    - OutDescEst: '' 
    - ErrorMessage: ''
0267758:
    - bResult: 'False'
    - OutDescEst: '' 
    - ErrorMessage: ''
0267759:
    - bResult: 'False'
    - OutDescEst: '' 
    - ErrorMessage: ''
0267760:
    - bResult: 'False'
    - OutDescEst: '' 
    - ErrorMessage: ''
0269626:
    - bResult: 'False'
    - OutDescEst: '' 
    - ErrorMessage: ''
0269627:
    - bResult: 'False'
    - OutDescEst: '' 
    - ErrorMessage: ''
0269633:
    - bResult: 'False'
    - OutDescEst: '' 
    - ErrorMessage: ''
0278389:
    - bResult: 'False'
    - OutDescEst: '' 
    - ErrorMessage: ''
0278391:
    - bResult: 'False'
    - OutDescEst: '' 
    - ErrorMessage: ''
0278393:
    - bResult: 'False'
    - OutDescEst: '' 
    - ErrorMessage: ''
0278397:
    - bResult: 'False'
    - OutDescEst: '' 
    - ErrorMessage: ''
0278398:
    - bResult: 'False'
    - OutDescEst: '' 
    - ErrorMessage: ''
0278404:
    - bResult: 'False'
    - OutDescEst: '' 
    - ErrorMessage: ''
0278405:
    - bResult: 'False'
    - OutDescEst: '' 
    - ErrorMessage: ''
0278407:
    - bResult: 'False'
    - OutDescEst: '' 
    - ErrorMessage: ''
0278408:
    - bResult: 'False'
    - OutDescEst: '' 
    - ErrorMessage: ''
0278409:
    - bResult: 'False'
    - OutDescEst: '' 
    - ErrorMessage: ''
0278413:
    - bResult: 'False'
    - OutDescEst: '' 
    - ErrorMessage: ''
0278420:
    - bResult: 'False'
    - OutDescEst: '' 
    - ErrorMessage: ''
0278423:
    - bResult: 'False'
    - OutDescEst: '' 
    - ErrorMessage: ''
0278446:
    - bResult: 'False'
    - OutDescEst: '' 
    - ErrorMessage: ''
0278448:
    - bResult: 'False'
    - OutDescEst: '' 
    - ErrorMessage: ''
0278449:
    - bResult: 'False'
    - OutDescEst: '' 
    - ErrorMessage: ''
0278451:
    - bResult: 'False'
    - OutDescEst: '' 
    - ErrorMessage: ''
0278453:
    - bResult: 'False'
    - OutDescEst: '' 
    - ErrorMessage: ''
0278454:
    - bResult: 'False'
    - OutDescEst: '' 
    - ErrorMessage: ''
0278456:
    - bResult: 'False'
    - OutDescEst: '' 
    - ErrorMessage: ''
0278457:
    - bResult: 'False'
    - OutDescEst: '' 
    - ErrorMessage: ''
0278458:
    - bResult: 'False'
    - OutDescEst: '' 
    - ErrorMessage: ''
0278459:
    - bResult: 'False'
    - OutDescEst: '' 
    - ErrorMessage: ''
0278461:
    - bResult: 'False'
    - OutDescEst: '' 
    - ErrorMessage: ''
0278462:
    - bResult: 'False'
    - OutDescEst: '' 
    - ErrorMessage: ''
0278468:
    - bResult: 'False'
    - OutDescEst: '' 
    - ErrorMessage: ''
0278470:
    - bResult: 'False'
    - OutDescEst: '' 
    - ErrorMessage: ''
0278475:
    - bResult: 'False'
    - OutDescEst: '' 
    - ErrorMessage: ''
0278477:
    - bResult: 'False'
    - OutDescEst: '' 
    - ErrorMessage: ''
0278478:
    - bResult: 'False'
    - OutDescEst: '' 
    - ErrorMessage: ''
0278481:
    - bResult: 'False'
    - OutDescEst: '' 
    - ErrorMessage: ''
0278482:
    - bResult: 'False'
    - OutDescEst: '' 
    - ErrorMessage: ''
0278483:
    - bResult: 'False'
    - OutDescEst: '' 
    - ErrorMessage: ''
0278485:
    - bResult: 'False'
    - OutDescEst: '' 
    - ErrorMessage: ''
0278486:
    - bResult: 'False'
    - OutDescEst: '' 
    - ErrorMessage: ''
0278487:
    - bResult: 'False'
    - OutDescEst: '' 
    - ErrorMessage: ''
0278488:
    - bResult: 'False'
    - OutDescEst: '' 
    - ErrorMessage: ''
0278492:
    - bResult: 'False'
    - OutDescEst: '' 
    - ErrorMessage: ''
0278493:
    - bResult: 'False'
    - OutDescEst: '' 
    - ErrorMessage: ''
0278501:
    - bResult: 'False'
    - OutDescEst: '' 
    - ErrorMessage: ''
0278503:
    - bResult: 'False'
    - OutDescEst: '' 
    - ErrorMessage: ''
0278520:
    - bResult: 'False'
    - OutDescEst: '' 
    - ErrorMessage: ''
0278524:
    - bResult: 'False'
    - OutDescEst: '' 
    - ErrorMessage: ''
0278525:
    - bResult: 'False'
    - OutDescEst: '' 
    - ErrorMessage: ''
0278527:
    - bResult: 'False'
    - OutDescEst: '' 
    - ErrorMessage: ''
0278529:
    - bResult: 'False'
    - OutDescEst: '' 
    - ErrorMessage: ''
0278531:
    - bResult: 'False'
    - OutDescEst: '' 
    - ErrorMessage: ''
0278532:
    - bResult: 'False'
    - OutDescEst: '' 
    - ErrorMessage: ''
0278533:
    - bResult: 'False'
    - OutDescEst: '' 
    - ErrorMessage: ''
0278534:
    - bResult: 'False'
    - OutDescEst: '' 
    - ErrorMessage: ''
0278539:
    - bResult: 'False'
    - OutDescEst: '' 
    - ErrorMessage: ''
0278540:
    - bResult: 'False'
    - OutDescEst: '' 
    - ErrorMessage: ''
0278552:
    - bResult: 'False'
    - OutDescEst: '' 
    - ErrorMessage: ''
0278553:
    - bResult: 'False'
    - OutDescEst: '' 
    - ErrorMessage: ''
0278558:
    - bResult: 'False'
    - OutDescEst: '' 
    - ErrorMessage: ''
0278559:
    - bResult: 'False'
    - OutDescEst: '' 
    - ErrorMessage: ''
0278561:
    - bResult: 'False'
    - OutDescEst: '' 
    - ErrorMessage: ''
0278562:
    - bResult: 'False'
    - OutDescEst: '' 
    - ErrorMessage: ''
0278563:
    - bResult: 'False'
    - OutDescEst: '' 
    - ErrorMessage: ''
0278564:
    - bResult: 'False'
    - OutDescEst: '' 
    - ErrorMessage: ''
0278565:
    - bResult: 'False'
    - OutDescEst: '' 
    - ErrorMessage: ''
0278566:
    - bResult: 'False'
    - OutDescEst: '' 
    - ErrorMessage: ''
0278567:
    - bResult: 'False'
    - OutDescEst: '' 
    - ErrorMessage: ''
0278568:
    - bResult: 'False'
    - OutDescEst: '' 
    - ErrorMessage: ''
0278571:
    - bResult: 'False'
    - OutDescEst: '' 
    - ErrorMessage: ''
0278575:
    - bResult: 'False'
    - OutDescEst: '' 
    - ErrorMessage: ''
0278577:
    - bResult: 'False'
    - OutDescEst: '' 
    - ErrorMessage: ''
0278578:
    - bResult: 'False'
    - OutDescEst: '' 
    - ErrorMessage: ''
0278579:
    - bResult: 'False'
    - OutDescEst: '' 
    - ErrorMessage: ''
0278582:
    - bResult: 'False'
    - OutDescEst: '' 
    - ErrorMessage: ''
0278584:
    - bResult: 'False'
    - OutDescEst: '' 
    - ErrorMessage: ''
0278588:
    - bResult: 'False'
    - OutDescEst: '' 
    - ErrorMessage: ''
0278636:
    - bResult: 'False'
    - OutDescEst: '' 
    - ErrorMessage: ''
0278639:
    - bResult: 'False'
    - OutDescEst: '' 
    - ErrorMessage: ''
0278642:
    - bResult: 'False'
    - OutDescEst: '' 
    - ErrorMessage: ''
0278643:
    - bResult: 'False'
    - OutDescEst: '' 
    - ErrorMessage: ''
0278646:
    - bResult: 'False'
    - OutDescEst: '' 
    - ErrorMessage: ''
0278647:
    - bResult: 'False'
    - OutDescEst: '' 
    - ErrorMessage: ''
0278648:
    - bResult: 'False'
    - OutDescEst: '' 
    - ErrorMessage: ''
0278649:
    - bResult: 'False'
    - OutDescEst: '' 
    - ErrorMessage: ''
0278680:
    - bResult: 'False'
    - OutDescEst: '' 
    - ErrorMessage: ''
0278684:
    - bResult: 'False'
    - OutDescEst: '' 
    - ErrorMessage: ''
0279667:
    - bResult: 'False'
    - OutDescEst: '' 
    - ErrorMessage: ''
0287735:
    - bResult: 'False'
    - OutDescEst: '' 
    - ErrorMessage: ''
1000518:
    - bResult: 'False'
    - OutDescEst: '' 
    - ErrorMessage: ''
1000526:
    - bResult: 'False'
    - OutDescEst: '' 
    - ErrorMessage: ''
1000529:
    - bResult: 'False'
    - OutDescEst: '' 
    - ErrorMessage: ''
1000532:
    - bResult: 'False'
    - OutDescEst: '' 
    - ErrorMessage: ''
1000535:
    - bResult: 'False'
    - OutDescEst: ' L tot= 2996' 
    - ErrorMessage: ''
1000632:
    - bResult: 'False'
    - OutDescEst: '' 
    - ErrorMessage: ''
1000693:
    - bResult: 'False'
    - OutDescEst: '' 
    - ErrorMessage: ''
1003366:
    - bResult: 'False'
    - OutDescEst: '' 
    - ErrorMessage: ''
1004833:
    - bResult: 'False'
    - OutDescEst: '' 
    - ErrorMessage: ''
1005030:
    - bResult: 'False'
    - OutDescEst: '' 
    - ErrorMessage: ''
1005031:
    - bResult: 'False'
    - OutDescEst: '' 
    - ErrorMessage: ''
1005033:
    - bResult: 'False'
    - OutDescEst: '' 
    - ErrorMessage: ''
1005042:
    - bResult: 'False'
    - OutDescEst: '' 
    - ErrorMessage: ''
1009606:
    - bResult: 'False'
    - OutDescEst: '' 
    - ErrorMessage: ''
1016970:
    - bResult: 'False'
    - OutDescEst: '' 
    - ErrorMessage: ''
1023763:
    - bResult: 'False'
    - OutDescEst: '' 
    - ErrorMessage: ''
