0106998:
    - bResult: 'False'
    - OutDescEst: '' 
    - ErrorMessage: ''
0107291:
    - bResult: 'False'
    - OutDescEst: '' 
    - ErrorMessage: ''
0107454:
    - bResult: 'False'
    - OutDescEst: '' 
    - ErrorMessage: ''
0149954:
    - bResult: 'False'
    - OutDescEst: '' 
    - ErrorMessage: ''
0153056:
    - bResult: 'False'
    - OutDescEst: '' 
    - ErrorMessage: ''
0169225:
    - bResult: 'False'
    - OutDescEst: '' 
    - ErrorMessage: ''
0169284:
    - bResult: 'False'
    - OutDescEst: '' 
    - ErrorMessage: ''
0173629:
    - bResult: 'False'
    - OutDescEst: '' 
    - ErrorMessage: ''
0173773:
    - bResult: 'False'
    - OutDescEst: '' 
    - ErrorMessage: ''
0173777:
    - bResult: 'False'
    - OutDescEst: '' 
    - ErrorMessage: ''
0174474:
    - bResult: 'False'
    - OutDescEst: '' 
    - ErrorMessage: ''
0174809:
    - bResult: 'False'
    - OutDescEst: '' 
    - ErrorMessage: ''
0174810:
    - bResult: 'False'
    - OutDescEst: '' 
    - ErrorMessage: ''
0174812:
    - bResult: 'False'
    - OutDescEst: '' 
    - ErrorMessage: ''
0175625:
    - bResult: 'False'
    - OutDescEst: '' 
    - ErrorMessage: ''
0176091:
    - bResult: 'False'
    - OutDescEst: '' 
    - ErrorMessage: ''
0176097:
    - bResult: 'False'
    - OutDescEst: '' 
    - ErrorMessage: ''
0176100:
    - bResult: 'False'
    - OutDescEst: '' 
    - ErrorMessage: ''
0176103:
    - bResult: 'False'
    - OutDescEst: '' 
    - ErrorMessage: ''
0176606:
    - bResult: 'False'
    - OutDescEst: '' 
    - ErrorMessage: ''
0176611:
    - bResult: 'False'
    - OutDescEst: '' 
    - ErrorMessage: ''
0177515:
    - bResult: 'False'
    - OutDescEst: '' 
    - ErrorMessage: ''
0177767:
    - bResult: 'False'
    - OutDescEst: '' 
    - ErrorMessage: ''
0177781:
    - bResult: 'False'
    - OutDescEst: '' 
    - ErrorMessage: ''
0178387:
    - bResult: 'False'
    - OutDescEst: '' 
    - ErrorMessage: ''
0180070:
    - bResult: 'False'
    - OutDescEst: '' 
    - ErrorMessage: ''
0181217:
    - bResult: 'False'
    - OutDescEst: '' 
    - ErrorMessage: ''
0182407:
    - bResult: 'False'
    - OutDescEst: '' 
    - ErrorMessage: ''
0182836:
    - bResult: 'False'
    - OutDescEst: '' 
    - ErrorMessage: ''
0182927:
    - bResult: 'False'
    - OutDescEst: '' 
    - ErrorMessage: ''
0183389:
    - bResult: 'False'
    - OutDescEst: '' 
    - ErrorMessage: ''
0183629:
    - bResult: 'False'
    - OutDescEst: '' 
    - ErrorMessage: ''
0184286:
    - bResult: 'False'
    - OutDescEst: '' 
    - ErrorMessage: ''
0184287:
    - bResult: 'False'
    - OutDescEst: '' 
    - ErrorMessage: ''
0184598:
    - bResult: 'False'
    - OutDescEst: '' 
    - ErrorMessage: ''
0185308:
    - bResult: 'False'
    - OutDescEst: '' 
    - ErrorMessage: ''
0185899:
    - bResult: 'False'
    - OutDescEst: '' 
    - ErrorMessage: ''
0186123:
    - bResult: 'False'
    - OutDescEst: '' 
    - ErrorMessage: ''
0186562:
    - bResult: 'False'
    - OutDescEst: '' 
    - ErrorMessage: ''
0187673:
    - bResult: 'False'
    - OutDescEst: '' 
    - ErrorMessage: ''
0187681:
    - bResult: 'False'
    - OutDescEst: '' 
    - ErrorMessage: ''
0187685:
    - bResult: 'False'
    - OutDescEst: '' 
    - ErrorMessage: ''
0187687:
    - bResult: 'False'
    - OutDescEst: '' 
    - ErrorMessage: ''
0189099:
    - bResult: 'False'
    - OutDescEst: '' 
    - ErrorMessage: ''
0190538:
    - bResult: 'False'
    - OutDescEst: '' 
    - ErrorMessage: ''
0190689:
    - bResult: 'False'
    - OutDescEst: '' 
    - ErrorMessage: ''
0191631:
    - bResult: 'False'
    - OutDescEst: '' 
    - ErrorMessage: ''
0191847:
    - bResult: 'False'
    - OutDescEst: '' 
    - ErrorMessage: ''
0193780:
    - bResult: 'False'
    - OutDescEst: '' 
    - ErrorMessage: ''
0193783:
    - bResult: 'False'
    - OutDescEst: '' 
    - ErrorMessage: ''
0194656:
    - bResult: 'False'
    - OutDescEst: '' 
    - ErrorMessage: ''
0195455:
    - bResult: 'False'
    - OutDescEst: '' 
    - ErrorMessage: ''
0196150:
    - bResult: 'False'
    - OutDescEst: '' 
    - ErrorMessage: ''
0196153:
    - bResult: 'False'
    - OutDescEst: '' 
    - ErrorMessage: ''
0197110:
    - bResult: 'False'
    - OutDescEst: '' 
    - ErrorMessage: ''
0197111:
    - bResult: 'False'
    - OutDescEst: '' 
    - ErrorMessage: ''
0197724:
    - bResult: 'False'
    - OutDescEst: '' 
    - ErrorMessage: ''
0197727:
    - bResult: 'False'
    - OutDescEst: '' 
    - ErrorMessage: ''
0199241:
    - bResult: 'False'
    - OutDescEst: '' 
    - ErrorMessage: ''
0200343:
    - bResult: 'False'
    - OutDescEst: '' 
    - ErrorMessage: ''
0201296:
    - bResult: 'False'
    - OutDescEst: '' 
    - ErrorMessage: ''
0201563:
    - bResult: 'False'
    - OutDescEst: '' 
    - ErrorMessage: ''
0201794:
    - bResult: 'False'
    - OutDescEst: '' 
    - ErrorMessage: ''
0203558:
    - bResult: 'False'
    - OutDescEst: '' 
    - ErrorMessage: ''
0206709:
    - bResult: 'False'
    - OutDescEst: '' 
    - ErrorMessage: ''
0210547:
    - bResult: 'False'
    - OutDescEst: '' 
    - ErrorMessage: ''
0210560:
    - bResult: 'False'
    - OutDescEst: '' 
    - ErrorMessage: ''
0211709:
    - bResult: 'False'
    - OutDescEst: '' 
    - ErrorMessage: ''
0212457:
    - bResult: 'False'
    - OutDescEst: '' 
    - ErrorMessage: ''
0212512:
    - bResult: 'False'
    - OutDescEst: '' 
    - ErrorMessage: ''
0214324:
    - bResult: 'False'
    - OutDescEst: '' 
    - ErrorMessage: ''
0214325:
    - bResult: 'False'
    - OutDescEst: '' 
    - ErrorMessage: ''
0215412:
    - bResult: 'False'
    - OutDescEst: '' 
    - ErrorMessage: ''
0215525:
    - bResult: 'False'
    - OutDescEst: '' 
    - ErrorMessage: ''
0215526:
    - bResult: 'False'
    - OutDescEst: '' 
    - ErrorMessage: ''
0217721:
    - bResult: 'False'
    - OutDescEst: '' 
    - ErrorMessage: ''
0217722:
    - bResult: 'False'
    - OutDescEst: '' 
    - ErrorMessage: ''
0219717:
    - bResult: 'False'
    - OutDescEst: '' 
    - ErrorMessage: ''
0219718:
    - bResult: 'False'
    - OutDescEst: '' 
    - ErrorMessage: ''
0219719:
    - bResult: 'False'
    - OutDescEst: '' 
    - ErrorMessage: ''
0219720:
    - bResult: 'False'
    - OutDescEst: '' 
    - ErrorMessage: ''
0219721:
    - bResult: 'False'
    - OutDescEst: '' 
    - ErrorMessage: ''
0219722:
    - bResult: 'False'
    - OutDescEst: '' 
    - ErrorMessage: ''
0219723:
    - bResult: 'False'
    - OutDescEst: '' 
    - ErrorMessage: ''
0219724:
    - bResult: 'False'
    - OutDescEst: '' 
    - ErrorMessage: ''
0219725:
    - bResult: 'False'
    - OutDescEst: '' 
    - ErrorMessage: ''
0219726:
    - bResult: 'False'
    - OutDescEst: '' 
    - ErrorMessage: ''
0219727:
    - bResult: 'False'
    - OutDescEst: '' 
    - ErrorMessage: ''
0219728:
    - bResult: 'False'
    - OutDescEst: '' 
    - ErrorMessage: ''
0219729:
    - bResult: 'False'
    - OutDescEst: '' 
    - ErrorMessage: ''
0219730:
    - bResult: 'False'
    - OutDescEst: '' 
    - ErrorMessage: ''
0219731:
    - bResult: 'False'
    - OutDescEst: '' 
    - ErrorMessage: ''
0219732:
    - bResult: 'False'
    - OutDescEst: '' 
    - ErrorMessage: ''
0220494:
    - bResult: 'False'
    - OutDescEst: '' 
    - ErrorMessage: ''
0221390:
    - bResult: 'False'
    - OutDescEst: '' 
    - ErrorMessage: ''
0221424:
    - bResult: 'False'
    - OutDescEst: '' 
    - ErrorMessage: ''
0221477:
    - bResult: 'False'
    - OutDescEst: '' 
    - ErrorMessage: ''
0221482:
    - bResult: 'False'
    - OutDescEst: '' 
    - ErrorMessage: ''
0221744:
    - bResult: 'False'
    - OutDescEst: '' 
    - ErrorMessage: ''
0222190:
    - bResult: 'False'
    - OutDescEst: '' 
    - ErrorMessage: ''
0222469:
    - bResult: 'False'
    - OutDescEst: '' 
    - ErrorMessage: ''
0222591:
    - bResult: 'False'
    - OutDescEst: '' 
    - ErrorMessage: ''
0222731:
    - bResult: 'False'
    - OutDescEst: '' 
    - ErrorMessage: ''
0222732:
    - bResult: 'False'
    - OutDescEst: '' 
    - ErrorMessage: ''
0222733:
    - bResult: 'False'
    - OutDescEst: '' 
    - ErrorMessage: ''
0222737:
    - bResult: 'False'
    - OutDescEst: '' 
    - ErrorMessage: ''
0222738:
    - bResult: 'False'
    - OutDescEst: '' 
    - ErrorMessage: ''
0222739:
    - bResult: 'False'
    - OutDescEst: '' 
    - ErrorMessage: ''
0223513:
    - bResult: 'False'
    - OutDescEst: '' 
    - ErrorMessage: ''
0223548:
    - bResult: 'False'
    - OutDescEst: '' 
    - ErrorMessage: ''
0223651:
    - bResult: 'False'
    - OutDescEst: '' 
    - ErrorMessage: ''
0223654:
    - bResult: 'False'
    - OutDescEst: '' 
    - ErrorMessage: ''
0223900:
    - bResult: 'False'
    - OutDescEst: '' 
    - ErrorMessage: ''
0223903:
    - bResult: 'False'
    - OutDescEst: '' 
    - ErrorMessage: ''
0224858:
    - bResult: 'False'
    - OutDescEst: '' 
    - ErrorMessage: ''
0225121:
    - bResult: 'False'
    - OutDescEst: '' 
    - ErrorMessage: ''
0225238:
    - bResult: 'False'
    - OutDescEst: '' 
    - ErrorMessage: ''
0225242:
    - bResult: 'False'
    - OutDescEst: '' 
    - ErrorMessage: ''
0225489:
    - bResult: 'False'
    - OutDescEst: '' 
    - ErrorMessage: ''
0225490:
    - bResult: 'False'
    - OutDescEst: '' 
    - ErrorMessage: ''
0225491:
    - bResult: 'False'
    - OutDescEst: '' 
    - ErrorMessage: ''
0225492:
    - bResult: 'False'
    - OutDescEst: '' 
    - ErrorMessage: ''
0225512:
    - bResult: 'False'
    - OutDescEst: '' 
    - ErrorMessage: ''
0225513:
    - bResult: 'False'
    - OutDescEst: '' 
    - ErrorMessage: ''
0225814:
    - bResult: 'False'
    - OutDescEst: '' 
    - ErrorMessage: ''
0227503:
    - bResult: 'False'
    - OutDescEst: '' 
    - ErrorMessage: ''
0228357:
    - bResult: 'False'
    - OutDescEst: '' 
    - ErrorMessage: ''
0229686:
    - bResult: 'False'
    - OutDescEst: '' 
    - ErrorMessage: ''
0230096:
    - bResult: 'False'
    - OutDescEst: '' 
    - ErrorMessage: ''
0230184:
    - bResult: 'False'
    - OutDescEst: '' 
    - ErrorMessage: ''
0231599:
    - bResult: 'False'
    - OutDescEst: '' 
    - ErrorMessage: ''
0231635:
    - bResult: 'False'
    - OutDescEst: '' 
    - ErrorMessage: ''
0231703:
    - bResult: 'False'
    - OutDescEst: '' 
    - ErrorMessage: ''
0231738:
    - bResult: 'False'
    - OutDescEst: '' 
    - ErrorMessage: ''
0231754:
    - bResult: 'False'
    - OutDescEst: '' 
    - ErrorMessage: ''
0231971:
    - bResult: 'False'
    - OutDescEst: '' 
    - ErrorMessage: ''
0231976:
    - bResult: 'False'
    - OutDescEst: '' 
    - ErrorMessage: ''
0232376:
    - bResult: 'False'
    - OutDescEst: '' 
    - ErrorMessage: ''
0232484:
    - bResult: 'False'
    - OutDescEst: '' 
    - ErrorMessage: ''
0232498:
    - bResult: 'False'
    - OutDescEst: '' 
    - ErrorMessage: ''
0233416:
    - bResult: 'False'
    - OutDescEst: '' 
    - ErrorMessage: ''
0233417:
    - bResult: 'False'
    - OutDescEst: '' 
    - ErrorMessage: ''
0233418:
    - bResult: 'False'
    - OutDescEst: '' 
    - ErrorMessage: ''
0233903:
    - bResult: 'False'
    - OutDescEst: '' 
    - ErrorMessage: ''
0233904:
    - bResult: 'False'
    - OutDescEst: '' 
    - ErrorMessage: ''
0234629:
    - bResult: 'False'
    - OutDescEst: '' 
    - ErrorMessage: ''
0234661:
    - bResult: 'False'
    - OutDescEst: '' 
    - ErrorMessage: ''
0234664:
    - bResult: 'False'
    - OutDescEst: '' 
    - ErrorMessage: ''
0234886:
    - bResult: 'False'
    - OutDescEst: '' 
    - ErrorMessage: ''
0234887:
    - bResult: 'False'
    - OutDescEst: '' 
    - ErrorMessage: ''
0235187:
    - bResult: 'False'
    - OutDescEst: '' 
    - ErrorMessage: ''
0235624:
    - bResult: 'False'
    - OutDescEst: '' 
    - ErrorMessage: ''
0236482:
    - bResult: 'False'
    - OutDescEst: '' 
    - ErrorMessage: ''
0236493:
    - bResult: 'False'
    - OutDescEst: '' 
    - ErrorMessage: ''
0236530:
    - bResult: 'False'
    - OutDescEst: '' 
    - ErrorMessage: ''
0236609:
    - bResult: 'False'
    - OutDescEst: '' 
    - ErrorMessage: ''
0236610:
    - bResult: 'False'
    - OutDescEst: '' 
    - ErrorMessage: ''
0236704:
    - bResult: 'False'
    - OutDescEst: '' 
    - ErrorMessage: ''
0237274:
    - bResult: 'False'
    - OutDescEst: '' 
    - ErrorMessage: ''
0237404:
    - bResult: 'False'
    - OutDescEst: '' 
    - ErrorMessage: ''
0237599:
    - bResult: 'False'
    - OutDescEst: '' 
    - ErrorMessage: ''
0237678:
    - bResult: 'False'
    - OutDescEst: '' 
    - ErrorMessage: ''
0237829:
    - bResult: 'False'
    - OutDescEst: '' 
    - ErrorMessage: ''
0237830:
    - bResult: 'False'
    - OutDescEst: '' 
    - ErrorMessage: ''
0237906:
    - bResult: 'False'
    - OutDescEst: '' 
    - ErrorMessage: ''
0237907:
    - bResult: 'False'
    - OutDescEst: '' 
    - ErrorMessage: ''
0238062:
    - bResult: 'False'
    - OutDescEst: '' 
    - ErrorMessage: ''
0239432:
    - bResult: 'False'
    - OutDescEst: '' 
    - ErrorMessage: ''
0239822:
    - bResult: 'False'
    - OutDescEst: '' 
    - ErrorMessage: ''
0240321:
    - bResult: 'False'
    - OutDescEst: '' 
    - ErrorMessage: ''
0241783:
    - bResult: 'False'
    - OutDescEst: '' 
    - ErrorMessage: ''
0241831:
    - bResult: 'False'
    - OutDescEst: '' 
    - ErrorMessage: ''
0242453:
    - bResult: 'False'
    - OutDescEst: '' 
    - ErrorMessage: ''
0242967:
    - bResult: 'False'
    - OutDescEst: '' 
    - ErrorMessage: ''
0243200:
    - bResult: 'False'
    - OutDescEst: '' 
    - ErrorMessage: ''
0243914:
    - bResult: 'False'
    - OutDescEst: '' 
    - ErrorMessage: ''
0243948:
    - bResult: 'False'
    - OutDescEst: '' 
    - ErrorMessage: ''
0244090:
    - bResult: 'False'
    - OutDescEst: '' 
    - ErrorMessage: ''
0245620:
    - bResult: 'False'
    - OutDescEst: '' 
    - ErrorMessage: ''
0245998:
    - bResult: 'False'
    - OutDescEst: '' 
    - ErrorMessage: ''
0246352:
    - bResult: 'False'
    - OutDescEst: '' 
    - ErrorMessage: ''
0246549:
    - bResult: 'False'
    - OutDescEst: '' 
    - ErrorMessage: ''
0247088:
    - bResult: 'False'
    - OutDescEst: '' 
    - ErrorMessage: ''
0247099:
    - bResult: 'False'
    - OutDescEst: '' 
    - ErrorMessage: ''
0247676:
    - bResult: 'False'
    - OutDescEst: '' 
    - ErrorMessage: ''
0248052:
    - bResult: 'False'
    - OutDescEst: '' 
    - ErrorMessage: ''
0248304:
    - bResult: 'False'
    - OutDescEst: '' 
    - ErrorMessage: ''
0248305:
    - bResult: 'False'
    - OutDescEst: '' 
    - ErrorMessage: ''
0248336:
    - bResult: 'False'
    - OutDescEst: '' 
    - ErrorMessage: ''
0248337:
    - bResult: 'False'
    - OutDescEst: '' 
    - ErrorMessage: ''
0248340:
    - bResult: 'False'
    - OutDescEst: '' 
    - ErrorMessage: ''
0248461:
    - bResult: 'False'
    - OutDescEst: '' 
    - ErrorMessage: ''
0248489:
    - bResult: 'False'
    - OutDescEst: '' 
    - ErrorMessage: ''
0248558:
    - bResult: 'False'
    - OutDescEst: '' 
    - ErrorMessage: ''
0248623:
    - bResult: 'False'
    - OutDescEst: '' 
    - ErrorMessage: ''
0248797:
    - bResult: 'False'
    - OutDescEst: '' 
    - ErrorMessage: ''
0248996:
    - bResult: 'False'
    - OutDescEst: '' 
    - ErrorMessage: ''
0249038:
    - bResult: 'False'
    - OutDescEst: '' 
    - ErrorMessage: ''
0249115:
    - bResult: 'False'
    - OutDescEst: '' 
    - ErrorMessage: ''
0249174:
    - bResult: 'False'
    - OutDescEst: '' 
    - ErrorMessage: ''
0249234:
    - bResult: 'False'
    - OutDescEst: '' 
    - ErrorMessage: ''
0249595:
    - bResult: 'False'
    - OutDescEst: '' 
    - ErrorMessage: ''
0250511:
    - bResult: 'False'
    - OutDescEst: '' 
    - ErrorMessage: ''
0250665:
    - bResult: 'False'
    - OutDescEst: '' 
    - ErrorMessage: ''
0250708:
    - bResult: 'False'
    - OutDescEst: '' 
    - ErrorMessage: ''
0250814:
    - bResult: 'False'
    - OutDescEst: '' 
    - ErrorMessage: ''
0251466:
    - bResult: 'False'
    - OutDescEst: '' 
    - ErrorMessage: ''
0251736:
    - bResult: 'False'
    - OutDescEst: '' 
    - ErrorMessage: ''
0251916:
    - bResult: 'False'
    - OutDescEst: '' 
    - ErrorMessage: ''
0254890:
    - bResult: 'False'
    - OutDescEst: '' 
    - ErrorMessage: ''
0254891:
    - bResult: 'False'
    - OutDescEst: '' 
    - ErrorMessage: ''
0255106:
    - bResult: 'False'
    - OutDescEst: '' 
    - ErrorMessage: ''
0255115:
    - bResult: 'False'
    - OutDescEst: '' 
    - ErrorMessage: ''
0255224:
    - bResult: 'False'
    - OutDescEst: '' 
    - ErrorMessage: ''
0255356:
    - bResult: 'False'
    - OutDescEst: '' 
    - ErrorMessage: ''
0255366:
    - bResult: 'False'
    - OutDescEst: '' 
    - ErrorMessage: ''
0255489:
    - bResult: 'False'
    - OutDescEst: '' 
    - ErrorMessage: ''
0255604:
    - bResult: 'False'
    - OutDescEst: '' 
    - ErrorMessage: ''
0255605:
    - bResult: 'False'
    - OutDescEst: '' 
    - ErrorMessage: ''
0255621:
    - bResult: 'False'
    - OutDescEst: '' 
    - ErrorMessage: ''
0256382:
    - bResult: 'False'
    - OutDescEst: '' 
    - ErrorMessage: ''
0256979:
    - bResult: 'False'
    - OutDescEst: '' 
    - ErrorMessage: ''
0256990:
    - bResult: 'False'
    - OutDescEst: '' 
    - ErrorMessage: ''
0257060:
    - bResult: 'False'
    - OutDescEst: '' 
    - ErrorMessage: ''
0257061:
    - bResult: 'False'
    - OutDescEst: '' 
    - ErrorMessage: ''
0257872:
    - bResult: 'False'
    - OutDescEst: '' 
    - ErrorMessage: ''
0259876:
    - bResult: 'False'
    - OutDescEst: '' 
    - ErrorMessage: ''
0259930:
    - bResult: 'False'
    - OutDescEst: '' 
    - ErrorMessage: ''
0259931:
    - bResult: 'False'
    - OutDescEst: '' 
    - ErrorMessage: ''
0259932:
    - bResult: 'False'
    - OutDescEst: '' 
    - ErrorMessage: ''
0259935:
    - bResult: 'False'
    - OutDescEst: '' 
    - ErrorMessage: ''
0259939:
    - bResult: 'False'
    - OutDescEst: '' 
    - ErrorMessage: ''
0259940:
    - bResult: 'False'
    - OutDescEst: '' 
    - ErrorMessage: ''
0259941:
    - bResult: 'False'
    - OutDescEst: '' 
    - ErrorMessage: ''
0260456:
    - bResult: 'False'
    - OutDescEst: '' 
    - ErrorMessage: ''
0261464:
    - bResult: 'False'
    - OutDescEst: '' 
    - ErrorMessage: ''
0261722:
    - bResult: 'False'
    - OutDescEst: '' 
    - ErrorMessage: ''
0261723:
    - bResult: 'False'
    - OutDescEst: '' 
    - ErrorMessage: ''
0262054:
    - bResult: 'False'
    - OutDescEst: '' 
    - ErrorMessage: ''
0262070:
    - bResult: 'False'
    - OutDescEst: '' 
    - ErrorMessage: ''
0262909:
    - bResult: 'False'
    - OutDescEst: '' 
    - ErrorMessage: ''
0263103:
    - bResult: 'False'
    - OutDescEst: '' 
    - ErrorMessage: ''
0263386:
    - bResult: 'False'
    - OutDescEst: '' 
    - ErrorMessage: ''
0263387:
    - bResult: 'False'
    - OutDescEst: '' 
    - ErrorMessage: ''
0263465:
    - bResult: 'False'
    - OutDescEst: '' 
    - ErrorMessage: ''
0263857:
    - bResult: 'False'
    - OutDescEst: '' 
    - ErrorMessage: ''
0266108:
    - bResult: 'False'
    - OutDescEst: '' 
    - ErrorMessage: ''
0267023:
    - bResult: 'False'
    - OutDescEst: '' 
    - ErrorMessage: ''
0267221:
    - bResult: 'False'
    - OutDescEst: '' 
    - ErrorMessage: ''
0267251:
    - bResult: 'False'
    - OutDescEst: '' 
    - ErrorMessage: ''
0267254:
    - bResult: 'False'
    - OutDescEst: '' 
    - ErrorMessage: ''
0267685:
    - bResult: 'False'
    - OutDescEst: '' 
    - ErrorMessage: ''
0271666:
    - bResult: 'False'
    - OutDescEst: '' 
    - ErrorMessage: ''
0273050:
    - bResult: 'False'
    - OutDescEst: '' 
    - ErrorMessage: ''
0273579:
    - bResult: 'False'
    - OutDescEst: '' 
    - ErrorMessage: ''
0275055:
    - bResult: 'False'
    - OutDescEst: '' 
    - ErrorMessage: ''
0276355:
    - bResult: 'False'
    - OutDescEst: '' 
    - ErrorMessage: ''
0276377:
    - bResult: 'False'
    - OutDescEst: '' 
    - ErrorMessage: ''
0277077:
    - bResult: 'False'
    - OutDescEst: '' 
    - ErrorMessage: ''
0279251:
    - bResult: 'False'
    - OutDescEst: 'Tutto verniciato ' 
    - ErrorMessage: ''
0280633:
    - bResult: 'False'
    - OutDescEst: '' 
    - ErrorMessage: ''
0280855:
    - bResult: 'False'
    - OutDescEst: '' 
    - ErrorMessage: ''
0281291:
    - bResult: 'False'
    - OutDescEst: '' 
    - ErrorMessage: ''
0282902:
    - bResult: 'False'
    - OutDescEst: '' 
    - ErrorMessage: ''
0282903:
    - bResult: 'False'
    - OutDescEst: '' 
    - ErrorMessage: ''
0283251:
    - bResult: 'False'
    - OutDescEst: '' 
    - ErrorMessage: ''
0287855:
    - bResult: 'False'
    - OutDescEst: '' 
    - ErrorMessage: ''
0288430:
    - bResult: 'False'
    - OutDescEst: '' 
    - ErrorMessage: ''
