0034138:
    - bResult: 'False'
    - OutDescEst: 'Rastremata' 
    - ErrorMessage: ''
0034163:
    - bResult: 'False'
    - OutDescEst: 'Rastremata' 
    - ErrorMessage: ''
0034178:
    - bResult: 'False'
    - OutDescEst: 'Rastremata' 
    - ErrorMessage: ''
0034241:
    - bResult: 'False'
    - OutDescEst: 'Rastremata' 
    - ErrorMessage: ''
0034263:
    - bResult: 'False'
    - OutDescEst: 'Rastremata' 
    - ErrorMessage: ''
0034278:
    - bResult: 'False'
    - OutDescEst: 'Rastremata' 
    - ErrorMessage: ''
0034299:
    - bResult: 'False'
    - OutDescEst: 'Rastremata' 
    - ErrorMessage: ''
0034320:
    - bResult: 'False'
    - OutDescEst: 'Rastremata' 
    - ErrorMessage: ''
0034336:
    - bResult: 'False'
    - OutDescEst: 'Rastremata' 
    - ErrorMessage: ''
0034368:
    - bResult: 'False'
    - OutDescEst: 'Rastremata' 
    - ErrorMessage: ''
0034378:
    - bResult: 'False'
    - OutDescEst: 'Rastremata' 
    - ErrorMessage: ''
0034408:
    - bResult: 'False'
    - OutDescEst: 'Rastremata' 
    - ErrorMessage: ''
0034433:
    - bResult: 'False'
    - OutDescEst: 'Rastremata' 
    - ErrorMessage: ''
0034465:
    - bResult: 'False'
    - OutDescEst: 'Rastremata' 
    - ErrorMessage: ''
0034468:
    - bResult: 'False'
    - OutDescEst: 'Rastremata' 
    - ErrorMessage: ''
0034471:
    - bResult: 'False'
    - OutDescEst: 'Rastremata' 
    - ErrorMessage: ''
0034474:
    - bResult: 'False'
    - OutDescEst: 'Rastremata' 
    - ErrorMessage: ''
0034487:
    - bResult: 'False'
    - OutDescEst: 'Rastremata' 
    - ErrorMessage: ''
0034499:
    - bResult: 'False'
    - OutDescEst: 'Rastremata' 
    - ErrorMessage: ''
0034507:
    - bResult: 'False'
    - OutDescEst: 'Rastremata' 
    - ErrorMessage: ''
0034632:
    - bResult: 'False'
    - OutDescEst: 'Rastremata' 
    - ErrorMessage: ''
0034635:
    - bResult: 'False'
    - OutDescEst: 'Rastremata' 
    - ErrorMessage: ''
0034650:
    - bResult: 'False'
    - OutDescEst: 'Rastremata' 
    - ErrorMessage: ''
0034669:
    - bResult: 'False'
    - OutDescEst: 'Rastremata' 
    - ErrorMessage: ''
0034690:
    - bResult: 'False'
    - OutDescEst: 'Rastremata' 
    - ErrorMessage: ''
0034710:
    - bResult: 'False'
    - OutDescEst: 'Rastremata' 
    - ErrorMessage: ''
0034725:
    - bResult: 'False'
    - OutDescEst: 'Rastremata' 
    - ErrorMessage: ''
0034730:
    - bResult: 'False'
    - OutDescEst: 'Rastremata' 
    - ErrorMessage: ''
0034758:
    - bResult: 'False'
    - OutDescEst: 'Rastremata' 
    - ErrorMessage: ''
0034774:
    - bResult: 'False'
    - OutDescEst: 'Rastremata' 
    - ErrorMessage: ''
0034884:
    - bResult: 'False'
    - OutDescEst: 'Rastremata' 
    - ErrorMessage: ''
0034947:
    - bResult: 'False'
    - OutDescEst: 'Rastremata' 
    - ErrorMessage: ''
0034978:
    - bResult: 'False'
    - OutDescEst: 'Rastremata' 
    - ErrorMessage: ''
0034983:
    - bResult: 'False'
    - OutDescEst: 'Rastremata' 
    - ErrorMessage: ''
0034998:
    - bResult: 'False'
    - OutDescEst: 'Rastremata' 
    - ErrorMessage: ''
0035044:
    - bResult: 'False'
    - OutDescEst: 'Rastremata' 
    - ErrorMessage: ''
0035206:
    - bResult: 'False'
    - OutDescEst: 'Rastremata' 
    - ErrorMessage: ''
0035223:
    - bResult: 'False'
    - OutDescEst: 'Rastremata' 
    - ErrorMessage: ''
0035229:
    - bResult: 'False'
    - OutDescEst: 'Rastremata' 
    - ErrorMessage: ''
0035380:
    - bResult: 'False'
    - OutDescEst: 'Rastremata' 
    - ErrorMessage: ''
0035416:
    - bResult: 'False'
    - OutDescEst: 'Rastremata' 
    - ErrorMessage: ''
0035473:
    - bResult: 'False'
    - OutDescEst: 'Rastremata' 
    - ErrorMessage: ''
0035544:
    - bResult: 'False'
    - OutDescEst: 'Rastremata' 
    - ErrorMessage: ''
0035547:
    - bResult: 'False'
    - OutDescEst: 'Rastremata' 
    - ErrorMessage: ''
0035752:
    - bResult: 'False'
    - OutDescEst: 'Rastremata' 
    - ErrorMessage: ''
0035763:
    - bResult: 'False'
    - OutDescEst: 'Rastremata' 
    - ErrorMessage: ''
0035801:
    - bResult: 'False'
    - OutDescEst: 'Rastremata' 
    - ErrorMessage: ''
0035822:
    - bResult: 'False'
    - OutDescEst: 'Rastremata' 
    - ErrorMessage: ''
0035973:
    - bResult: 'False'
    - OutDescEst: 'Rastremata' 
    - ErrorMessage: ''
0035992:
    - bResult: 'False'
    - OutDescEst: 'Rastremata' 
    - ErrorMessage: ''
0036102:
    - bResult: 'False'
    - OutDescEst: 'Rastremata' 
    - ErrorMessage: ''
0036110:
    - bResult: 'False'
    - OutDescEst: 'Rastremata' 
    - ErrorMessage: ''
0036155:
    - bResult: 'False'
    - OutDescEst: 'Parallela' 
    - ErrorMessage: ''
0036170:
    - bResult: 'False'
    - OutDescEst: 'Rastremata' 
    - ErrorMessage: ''
0036182:
    - bResult: 'False'
    - OutDescEst: 'Rastremata' 
    - ErrorMessage: ''
0036205:
    - bResult: 'False'
    - OutDescEst: 'Rastremata' 
    - ErrorMessage: ''
0036234:
    - bResult: 'False'
    - OutDescEst: 'Rastremata' 
    - ErrorMessage: ''
0036288:
    - bResult: 'False'
    - OutDescEst: 'Rastremata' 
    - ErrorMessage: ''
0036308:
    - bResult: 'False'
    - OutDescEst: 'Rastremata' 
    - ErrorMessage: ''
0036426:
    - bResult: 'False'
    - OutDescEst: 'Rastremata' 
    - ErrorMessage: ''
0036444:
    - bResult: 'False'
    - OutDescEst: 'Rastremata' 
    - ErrorMessage: ''
0036481:
    - bResult: 'False'
    - OutDescEst: 'Rastremata' 
    - ErrorMessage: ''
0036533:
    - bResult: 'False'
    - OutDescEst: 'Rastremata' 
    - ErrorMessage: ''
0036553:
    - bResult: 'False'
    - OutDescEst: 'Rastremata' 
    - ErrorMessage: ''
0036630:
    - bResult: 'False'
    - OutDescEst: 'Rastremata' 
    - ErrorMessage: ''
0036647:
    - bResult: 'False'
    - OutDescEst: 'Rastremata' 
    - ErrorMessage: ''
0036656:
    - bResult: 'False'
    - OutDescEst: 'Rastremata' 
    - ErrorMessage: ''
0036714:
    - bResult: 'False'
    - OutDescEst: 'Rastremata' 
    - ErrorMessage: ''
0036728:
    - bResult: 'False'
    - OutDescEst: 'Rastremata' 
    - ErrorMessage: ''
0036744:
    - bResult: 'False'
    - OutDescEst: 'Rastremata' 
    - ErrorMessage: ''
0036774:
    - bResult: 'False'
    - OutDescEst: 'Rastremata' 
    - ErrorMessage: ''
0036794:
    - bResult: 'False'
    - OutDescEst: 'Rastremata' 
    - ErrorMessage: ''
0036820:
    - bResult: 'False'
    - OutDescEst: 'Rastremata' 
    - ErrorMessage: ''
0036856:
    - bResult: 'False'
    - OutDescEst: 'Rastremata' 
    - ErrorMessage: ''
0036890:
    - bResult: 'False'
    - OutDescEst: 'Rastremata' 
    - ErrorMessage: ''
0037026:
    - bResult: 'False'
    - OutDescEst: 'Rastremata' 
    - ErrorMessage: ''
0037031:
    - bResult: 'False'
    - OutDescEst: 'Parallela' 
    - ErrorMessage: ''
0037043:
    - bResult: 'False'
    - OutDescEst: 'Parallela' 
    - ErrorMessage: ''
0037046:
    - bResult: 'False'
    - OutDescEst: 'Parallela' 
    - ErrorMessage: ''
0037049:
    - bResult: 'False'
    - OutDescEst: 'Parallela' 
    - ErrorMessage: ''
0037055:
    - bResult: 'False'
    - OutDescEst: 'Parallela' 
    - ErrorMessage: ''
0037066:
    - bResult: 'False'
    - OutDescEst: 'Parallela' 
    - ErrorMessage: ''
0037084:
    - bResult: 'False'
    - OutDescEst: 'Rastremata' 
    - ErrorMessage: ''
0037129:
    - bResult: 'False'
    - OutDescEst: 'Rastremata' 
    - ErrorMessage: ''
0037163:
    - bResult: 'False'
    - OutDescEst: 'Rastremata' 
    - ErrorMessage: ''
0037178:
    - bResult: 'False'
    - OutDescEst: 'Rastremata' 
    - ErrorMessage: ''
0037355:
    - bResult: 'False'
    - OutDescEst: 'Rastremata' 
    - ErrorMessage: ''
0037359:
    - bResult: 'False'
    - OutDescEst: 'Rastremata' 
    - ErrorMessage: ''
0037412:
    - bResult: 'False'
    - OutDescEst: 'Rastremata' 
    - ErrorMessage: ''
0037548:
    - bResult: 'False'
    - OutDescEst: 'Rastremata' 
    - ErrorMessage: ''
0037669:
    - bResult: 'False'
    - OutDescEst: 'Rastremata' 
    - ErrorMessage: ''
0037710:
    - bResult: 'False'
    - OutDescEst: 'Rastremata' 
    - ErrorMessage: ''
0037906:
    - bResult: 'False'
    - OutDescEst: 'Rastremata' 
    - ErrorMessage: ''
0037918:
    - bResult: 'False'
    - OutDescEst: 'Rastremata' 
    - ErrorMessage: ''
0037966:
    - bResult: 'False'
    - OutDescEst: 'Rastremata' 
    - ErrorMessage: ''
0038006:
    - bResult: 'False'
    - OutDescEst: 'Rastremata' 
    - ErrorMessage: ''
0038056:
    - bResult: 'False'
    - OutDescEst: 'Parallela' 
    - ErrorMessage: ''
0038071:
    - bResult: 'False'
    - OutDescEst: 'Rastremata' 
    - ErrorMessage: ''
0038074:
    - bResult: 'False'
    - OutDescEst: 'Rastremata' 
    - ErrorMessage: ''
0038112:
    - bResult: 'False'
    - OutDescEst: 'Rastremata' 
    - ErrorMessage: ''
0038145:
    - bResult: 'False'
    - OutDescEst: 'Rastremata' 
    - ErrorMessage: ''
0038276:
    - bResult: 'False'
    - OutDescEst: 'Rastremata' 
    - ErrorMessage: ''
0038468:
    - bResult: 'False'
    - OutDescEst: 'Rastremata' 
    - ErrorMessage: ''
0038646:
    - bResult: 'False'
    - OutDescEst: 'Parallela' 
    - ErrorMessage: ''
0038650:
    - bResult: 'False'
    - OutDescEst: 'Rastremata' 
    - ErrorMessage: ''
0038668:
    - bResult: 'False'
    - OutDescEst: 'Rastremata' 
    - ErrorMessage: ''
0038688:
    - bResult: 'False'
    - OutDescEst: 'Rastremata' 
    - ErrorMessage: ''
0038729:
    - bResult: 'False'
    - OutDescEst: 'Rastremata' 
    - ErrorMessage: ''
0038781:
    - bResult: 'False'
    - OutDescEst: 'Parallela' 
    - ErrorMessage: ''
0038787:
    - bResult: 'False'
    - OutDescEst: 'Rastremata' 
    - ErrorMessage: ''
0038852:
    - bResult: 'False'
    - OutDescEst: 'Rastremata' 
    - ErrorMessage: ''
0039098:
    - bResult: 'False'
    - OutDescEst: 'Parallela' 
    - ErrorMessage: ''
0039125:
    - bResult: 'False'
    - OutDescEst: 'Rastremata' 
    - ErrorMessage: ''
0039146:
    - bResult: 'False'
    - OutDescEst: 'Rastremata' 
    - ErrorMessage: ''
0039353:
    - bResult: 'False'
    - OutDescEst: 'Rastremata' 
    - ErrorMessage: ''
0039400:
    - bResult: 'False'
    - OutDescEst: 'Rastremata' 
    - ErrorMessage: ''
0039472:
    - bResult: 'False'
    - OutDescEst: 'Rastremata' 
    - ErrorMessage: ''
0039572:
    - bResult: 'False'
    - OutDescEst: 'Rastremata' 
    - ErrorMessage: ''
0039632:
    - bResult: 'False'
    - OutDescEst: 'Rastremata' 
    - ErrorMessage: ''
0039642:
    - bResult: 'False'
    - OutDescEst: 'Rastremata' 
    - ErrorMessage: ''
0039657:
    - bResult: 'False'
    - OutDescEst: 'Rastremata' 
    - ErrorMessage: ''
0039660:
    - bResult: 'False'
    - OutDescEst: 'Rastremata' 
    - ErrorMessage: ''
0039701:
    - bResult: 'False'
    - OutDescEst: 'Rastremata' 
    - ErrorMessage: ''
0039711:
    - bResult: 'False'
    - OutDescEst: 'Rastremata' 
    - ErrorMessage: ''
0039803:
    - bResult: 'False'
    - OutDescEst: 'Rastremata' 
    - ErrorMessage: ''
0039950:
    - bResult: 'False'
    - OutDescEst: 'Rastremata' 
    - ErrorMessage: ''
0040001:
    - bResult: 'False'
    - OutDescEst: 'Rastremata' 
    - ErrorMessage: ''
0040013:
    - bResult: 'False'
    - OutDescEst: 'Rastremata' 
    - ErrorMessage: ''
0040040:
    - bResult: 'False'
    - OutDescEst: 'Rastremata' 
    - ErrorMessage: ''
0040121:
    - bResult: 'False'
    - OutDescEst: 'Rastremata' 
    - ErrorMessage: ''
0040124:
    - bResult: 'False'
    - OutDescEst: 'Rastremata' 
    - ErrorMessage: ''
0040226:
    - bResult: 'False'
    - OutDescEst: 'Rastremata' 
    - ErrorMessage: ''
0040275:
    - bResult: 'False'
    - OutDescEst: 'Rastremata' 
    - ErrorMessage: ''
0040358:
    - bResult: 'False'
    - OutDescEst: 'Rastremata' 
    - ErrorMessage: ''
0040439:
    - bResult: 'False'
    - OutDescEst: 'Rastremata' 
    - ErrorMessage: ''
0040450:
    - bResult: 'False'
    - OutDescEst: 'Rastremata' 
    - ErrorMessage: ''
0040503:
    - bResult: 'False'
    - OutDescEst: 'Rastremata' 
    - ErrorMessage: ''
0040626:
    - bResult: 'False'
    - OutDescEst: 'Rastremata' 
    - ErrorMessage: ''
0040709:
    - bResult: 'False'
    - OutDescEst: 'Rastremata' 
    - ErrorMessage: ''
0040952:
    - bResult: 'False'
    - OutDescEst: 'Rastremata' 
    - ErrorMessage: ''
0041056:
    - bResult: 'False'
    - OutDescEst: 'Rastremata' 
    - ErrorMessage: ''
0041081:
    - bResult: 'False'
    - OutDescEst: 'Rastremata' 
    - ErrorMessage: ''
0041437:
    - bResult: 'False'
    - OutDescEst: 'Rastremata' 
    - ErrorMessage: ''
0041449:
    - bResult: 'False'
    - OutDescEst: 'Rastremata' 
    - ErrorMessage: ''
0041925:
    - bResult: 'False'
    - OutDescEst: 'Parallela' 
    - ErrorMessage: ''
0041928:
    - bResult: 'False'
    - OutDescEst: 'Rastremata' 
    - ErrorMessage: ''
0041945:
    - bResult: 'False'
    - OutDescEst: 'Rastremata' 
    - ErrorMessage: ''
0041959:
    - bResult: 'False'
    - OutDescEst: 'Rastremata' 
    - ErrorMessage: ''
0042092:
    - bResult: 'False'
    - OutDescEst: 'Rastremata' 
    - ErrorMessage: ''
0042103:
    - bResult: 'False'
    - OutDescEst: 'Rastremata' 
    - ErrorMessage: ''
0042149:
    - bResult: 'False'
    - OutDescEst: 'Rastremata' 
    - ErrorMessage: ''
0042455:
    - bResult: 'False'
    - OutDescEst: 'Rastremata' 
    - ErrorMessage: ''
0042458:
    - bResult: 'False'
    - OutDescEst: 'Parallela' 
    - ErrorMessage: ''
0042489:
    - bResult: 'False'
    - OutDescEst: 'Parallela' 
    - ErrorMessage: ''
0042586:
    - bResult: 'False'
    - OutDescEst: 'Parallela' 
    - ErrorMessage: ''
0042592:
    - bResult: 'False'
    - OutDescEst: 'Rastremata' 
    - ErrorMessage: ''
0042633:
    - bResult: 'False'
    - OutDescEst: 'Rastremata' 
    - ErrorMessage: ''
0042636:
    - bResult: 'False'
    - OutDescEst: 'Rastremata' 
    - ErrorMessage: ''
0042678:
    - bResult: 'False'
    - OutDescEst: 'Rastremata' 
    - ErrorMessage: ''
0042799:
    - bResult: 'False'
    - OutDescEst: 'Parallela' 
    - ErrorMessage: ''
0042959:
    - bResult: 'False'
    - OutDescEst: 'Rastremata' 
    - ErrorMessage: ''
0042987:
    - bResult: 'False'
    - OutDescEst: 'Rastremata' 
    - ErrorMessage: ''
0042996:
    - bResult: 'False'
    - OutDescEst: 'Parallela' 
    - ErrorMessage: ''
0043009:
    - bResult: 'False'
    - OutDescEst: 'Rastremata' 
    - ErrorMessage: ''
0043221:
    - bResult: 'False'
    - OutDescEst: 'Rastremata' 
    - ErrorMessage: ''
0043266:
    - bResult: 'False'
    - OutDescEst: 'Rastremata' 
    - ErrorMessage: ''
0043281:
    - bResult: 'False'
    - OutDescEst: 'Rastremata' 
    - ErrorMessage: ''
0043523:
    - bResult: 'False'
    - OutDescEst: 'Rastremata' 
    - ErrorMessage: ''
0043553:
    - bResult: 'False'
    - OutDescEst: 'Rastremata' 
    - ErrorMessage: ''
0043691:
    - bResult: 'False'
    - OutDescEst: 'Rastremata' 
    - ErrorMessage: ''
0043693:
    - bResult: 'False'
    - OutDescEst: 'Rastremata' 
    - ErrorMessage: ''
0043812:
    - bResult: 'False'
    - OutDescEst: 'Rastremata' 
    - ErrorMessage: ''
0043823:
    - bResult: 'False'
    - OutDescEst: 'Parallela' 
    - ErrorMessage: ''
0043936:
    - bResult: 'False'
    - OutDescEst: 'Rastremata' 
    - ErrorMessage: ''
0044089:
    - bResult: 'False'
    - OutDescEst: 'Rastremata' 
    - ErrorMessage: ''
0044107:
    - bResult: 'False'
    - OutDescEst: 'Rastremata' 
    - ErrorMessage: ''
0044213:
    - bResult: 'False'
    - OutDescEst: 'Rastremata' 
    - ErrorMessage: ''
0044986:
    - bResult: 'False'
    - OutDescEst: 'Parallela' 
    - ErrorMessage: ''
0045402:
    - bResult: 'False'
    - OutDescEst: 'Parallela' 
    - ErrorMessage: ''
0045633:
    - bResult: 'False'
    - OutDescEst: 'Rastremata' 
    - ErrorMessage: ''
0045663:
    - bResult: 'False'
    - OutDescEst: 'Rastremata' 
    - ErrorMessage: ''
0045704:
    - bResult: 'False'
    - OutDescEst: 'Parallela' 
    - ErrorMessage: ''
0045960:
    - bResult: 'False'
    - OutDescEst: 'Rastremata' 
    - ErrorMessage: ''
0046006:
    - bResult: 'False'
    - OutDescEst: 'Rastremata' 
    - ErrorMessage: ''
0046031:
    - bResult: 'False'
    - OutDescEst: 'Rastremata' 
    - ErrorMessage: ''
0046108:
    - bResult: 'False'
    - OutDescEst: 'Parallela' 
    - ErrorMessage: ''
0046163:
    - bResult: 'False'
    - OutDescEst: 'Rastremata' 
    - ErrorMessage: ''
0046322:
    - bResult: 'False'
    - OutDescEst: 'Rastremata' 
    - ErrorMessage: ''
0046703:
    - bResult: 'False'
    - OutDescEst: 'Rastremata' 
    - ErrorMessage: ''
0046707:
    - bResult: 'False'
    - OutDescEst: 'Rastremata' 
    - ErrorMessage: ''
0046830:
    - bResult: 'False'
    - OutDescEst: 'Rastremata' 
    - ErrorMessage: ''
0046833:
    - bResult: 'False'
    - OutDescEst: 'Parallela' 
    - ErrorMessage: ''
0046893:
    - bResult: 'False'
    - OutDescEst: 'Rastremata' 
    - ErrorMessage: ''
0047227:
    - bResult: 'False'
    - OutDescEst: 'Parallela' 
    - ErrorMessage: ''
0047230:
    - bResult: 'False'
    - OutDescEst: 'Parallela' 
    - ErrorMessage: ''
0047267:
    - bResult: 'False'
    - OutDescEst: 'Rastremata' 
    - ErrorMessage: ''
0047303:
    - bResult: 'False'
    - OutDescEst: 'Rastremata' 
    - ErrorMessage: ''
0047318:
    - bResult: 'False'
    - OutDescEst: 'Rastremata' 
    - ErrorMessage: ''
0047636:
    - bResult: 'False'
    - OutDescEst: 'Rastremata' 
    - ErrorMessage: ''
0047639:
    - bResult: 'False'
    - OutDescEst: 'Rastremata' 
    - ErrorMessage: ''
0047835:
    - bResult: 'False'
    - OutDescEst: 'Rastremata' 
    - ErrorMessage: ''
0047838:
    - bResult: 'False'
    - OutDescEst: 'Parallela' 
    - ErrorMessage: ''
0047856:
    - bResult: 'False'
    - OutDescEst: 'Rastremata' 
    - ErrorMessage: ''
0047860:
    - bResult: 'False'
    - OutDescEst: 'Rastremata' 
    - ErrorMessage: ''
0048461:
    - bResult: 'False'
    - OutDescEst: 'Rastremata' 
    - ErrorMessage: ''
0048550:
    - bResult: 'False'
    - OutDescEst: 'Parallela' 
    - ErrorMessage: ''
0048823:
    - bResult: 'False'
    - OutDescEst: 'Parallela' 
    - ErrorMessage: ''
0049007:
    - bResult: 'False'
    - OutDescEst: 'Parallela' 
    - ErrorMessage: ''
0049035:
    - bResult: 'False'
    - OutDescEst: 'Parallela' 
    - ErrorMessage: ''
0049040:
    - bResult: 'False'
    - OutDescEst: 'Parallela' 
    - ErrorMessage: ''
0049150:
    - bResult: 'False'
    - OutDescEst: 'Parallela' 
    - ErrorMessage: ''
0049156:
    - bResult: 'False'
    - OutDescEst: 'Rastremata' 
    - ErrorMessage: ''
0049312:
    - bResult: 'False'
    - OutDescEst: 'Rastremata' 
    - ErrorMessage: ''
0049356:
    - bResult: 'False'
    - OutDescEst: 'Rastremata' 
    - ErrorMessage: ''
0049585:
    - bResult: 'False'
    - OutDescEst: 'Rastremata' 
    - ErrorMessage: ''
0049881:
    - bResult: 'False'
    - OutDescEst: 'Rastremata' 
    - ErrorMessage: ''
0050124:
    - bResult: 'False'
    - OutDescEst: 'Rastremata' 
    - ErrorMessage: ''
0050141:
    - bResult: 'False'
    - OutDescEst: 'Rastremata' 
    - ErrorMessage: ''
0050280:
    - bResult: 'False'
    - OutDescEst: 'Parallela' 
    - ErrorMessage: ''
0050972:
    - bResult: 'False'
    - OutDescEst: 'Rastremata' 
    - ErrorMessage: ''
0050979:
    - bResult: 'False'
    - OutDescEst: 'Parallela' 
    - ErrorMessage: ''
0050997:
    - bResult: 'False'
    - OutDescEst: 'Rastremata' 
    - ErrorMessage: ''
0051388:
    - bResult: 'False'
    - OutDescEst: 'Rastremata' 
    - ErrorMessage: ''
0051415:
    - bResult: 'False'
    - OutDescEst: 'Rastremata' 
    - ErrorMessage: ''
0051418:
    - bResult: 'False'
    - OutDescEst: 'Rastremata' 
    - ErrorMessage: ''
0051535:
    - bResult: 'False'
    - OutDescEst: 'Rastremata' 
    - ErrorMessage: ''
0051538:
    - bResult: 'False'
    - OutDescEst: 'Parallela' 
    - ErrorMessage: ''
0051902:
    - bResult: 'False'
    - OutDescEst: 'Rastremata' 
    - ErrorMessage: ''
0051907:
    - bResult: 'False'
    - OutDescEst: 'Rastremata' 
    - ErrorMessage: ''
0052299:
    - bResult: 'False'
    - OutDescEst: 'Rastremata' 
    - ErrorMessage: ''
0052800:
    - bResult: 'False'
    - OutDescEst: 'Parallela' 
    - ErrorMessage: ''
0053079:
    - bResult: 'False'
    - OutDescEst: 'Parallela' 
    - ErrorMessage: ''
0053219:
    - bResult: 'False'
    - OutDescEst: 'Parallela' 
    - ErrorMessage: ''
0053347:
    - bResult: 'False'
    - OutDescEst: 'Rastremata' 
    - ErrorMessage: ''
0053464:
    - bResult: 'False'
    - OutDescEst: 'Rastremata' 
    - ErrorMessage: ''
0053536:
    - bResult: 'False'
    - OutDescEst: 'Parallela' 
    - ErrorMessage: ''
0053787:
    - bResult: 'False'
    - OutDescEst: 'Rastremata' 
    - ErrorMessage: ''
0054047:
    - bResult: 'False'
    - OutDescEst: 'Rastremata' 
    - ErrorMessage: ''
0054277:
    - bResult: 'False'
    - OutDescEst: 'Rastremata' 
    - ErrorMessage: ''
0054494:
    - bResult: 'False'
    - OutDescEst: 'Rastremata' 
    - ErrorMessage: ''
0054514:
    - bResult: 'False'
    - OutDescEst: 'Parallela' 
    - ErrorMessage: ''
0054520:
    - bResult: 'False'
    - OutDescEst: 'Rastremata' 
    - ErrorMessage: ''
0054963:
    - bResult: 'False'
    - OutDescEst: 'Rastremata' 
    - ErrorMessage: ''
0054966:
    - bResult: 'False'
    - OutDescEst: 'Rastremata' 
    - ErrorMessage: ''
0054969:
    - bResult: 'False'
    - OutDescEst: 'Rastremata' 
    - ErrorMessage: ''
0055325:
    - bResult: 'False'
    - OutDescEst: 'Rastremata' 
    - ErrorMessage: ''
0055984:
    - bResult: 'False'
    - OutDescEst: 'Parallela' 
    - ErrorMessage: ''
0056242:
    - bResult: 'False'
    - OutDescEst: 'Parallela' 
    - ErrorMessage: ''
0056892:
    - bResult: 'False'
    - OutDescEst: 'Rastremata' 
    - ErrorMessage: ''
0057338:
    - bResult: 'False'
    - OutDescEst: 'Rastremata' 
    - ErrorMessage: ''
0057694:
    - bResult: 'False'
    - OutDescEst: 'Rastremata' 
    - ErrorMessage: ''
0058495:
    - bResult: 'False'
    - OutDescEst: 'Rastremata' 
    - ErrorMessage: ''
0058499:
    - bResult: 'False'
    - OutDescEst: 'Rastremata' 
    - ErrorMessage: ''
0058516:
    - bResult: 'False'
    - OutDescEst: 'Rastremata' 
    - ErrorMessage: ''
0058787:
    - bResult: 'False'
    - OutDescEst: 'Rastremata' 
    - ErrorMessage: ''
0059257:
    - bResult: 'False'
    - OutDescEst: 'Rastremata' 
    - ErrorMessage: ''
0059269:
    - bResult: 'False'
    - OutDescEst: 'Parallela' 
    - ErrorMessage: ''
0059272:
    - bResult: 'False'
    - OutDescEst: 'Parallela' 
    - ErrorMessage: ''
0059435:
    - bResult: 'False'
    - OutDescEst: 'Rastremata' 
    - ErrorMessage: ''
0059502:
    - bResult: 'False'
    - OutDescEst: 'Parallela' 
    - ErrorMessage: ''
0059577:
    - bResult: 'False'
    - OutDescEst: 'Rastremata' 
    - ErrorMessage: ''
0061658:
    - bResult: 'False'
    - OutDescEst: 'Rastremata' 
    - ErrorMessage: ''
0062600:
    - bResult: 'False'
    - OutDescEst: 'Parallela' 
    - ErrorMessage: ''
0062993:
    - bResult: 'False'
    - OutDescEst: 'Parallela' 
    - ErrorMessage: ''
0063314:
    - bResult: 'False'
    - OutDescEst: 'Rastremata' 
    - ErrorMessage: ''
0063708:
    - bResult: 'False'
    - OutDescEst: 'Rastremata' 
    - ErrorMessage: ''
0063967:
    - bResult: 'False'
    - OutDescEst: 'Rastremata' 
    - ErrorMessage: ''
0063973:
    - bResult: 'False'
    - OutDescEst: 'Rastremata' 
    - ErrorMessage: ''
0064155:
    - bResult: 'False'
    - OutDescEst: 'Parallela' 
    - ErrorMessage: ''
0064641:
    - bResult: 'False'
    - OutDescEst: 'Parallela' 
    - ErrorMessage: ''
0064645:
    - bResult: 'False'
    - OutDescEst: 'Rastremata' 
    - ErrorMessage: ''
0064757:
    - bResult: 'False'
    - OutDescEst: 'Rastremata' 
    - ErrorMessage: ''
0064818:
    - bResult: 'False'
    - OutDescEst: 'Rastremata' 
    - ErrorMessage: ''
0064826:
    - bResult: 'False'
    - OutDescEst: 'Rastremata' 
    - ErrorMessage: ''
0065257:
    - bResult: 'False'
    - OutDescEst: 'Rastremata' 
    - ErrorMessage: ''
0065262:
    - bResult: 'False'
    - OutDescEst: 'Parallela' 
    - ErrorMessage: ''
0065277:
    - bResult: 'False'
    - OutDescEst: 'Parallela' 
    - ErrorMessage: ''
0065323:
    - bResult: 'False'
    - OutDescEst: 'Rastremata' 
    - ErrorMessage: ''
0065324:
    - bResult: 'False'
    - OutDescEst: 'Parallela' 
    - ErrorMessage: ''
0065370:
    - bResult: 'False'
    - OutDescEst: 'Parallela' 
    - ErrorMessage: ''
0066267:
    - bResult: 'False'
    - OutDescEst: 'Parallela' 
    - ErrorMessage: ''
0066320:
    - bResult: 'False'
    - OutDescEst: 'Parallela' 
    - ErrorMessage: ''
0066481:
    - bResult: 'False'
    - OutDescEst: 'Rastremata' 
    - ErrorMessage: ''
0066484:
    - bResult: 'False'
    - OutDescEst: 'Parallela' 
    - ErrorMessage: ''
0066677:
    - bResult: 'False'
    - OutDescEst: 'Rastremata' 
    - ErrorMessage: ''
0066983:
    - bResult: 'False'
    - OutDescEst: 'Rastremata' 
    - ErrorMessage: ''
0066986:
    - bResult: 'False'
    - OutDescEst: 'Rastremata' 
    - ErrorMessage: ''
0067048:
    - bResult: 'False'
    - OutDescEst: 'Parallela' 
    - ErrorMessage: ''
0067049:
    - bResult: 'False'
    - OutDescEst: 'Rastremata' 
    - ErrorMessage: ''
0067759:
    - bResult: 'False'
    - OutDescEst: 'Rastremata' 
    - ErrorMessage: ''
0069165:
    - bResult: 'False'
    - OutDescEst: 'Rastremata' 
    - ErrorMessage: ''
0069168:
    - bResult: 'False'
    - OutDescEst: 'Parallela' 
    - ErrorMessage: ''
0069316:
    - bResult: 'False'
    - OutDescEst: 'Rastremata' 
    - ErrorMessage: ''
0069377:
    - bResult: 'False'
    - OutDescEst: 'Parallela' 
    - ErrorMessage: ''
0069490:
    - bResult: 'False'
    - OutDescEst: 'Rastremata' 
    - ErrorMessage: ''
0069751:
    - bResult: 'False'
    - OutDescEst: 'Rastremata' 
    - ErrorMessage: ''
0069889:
    - bResult: 'False'
    - OutDescEst: 'Rastremata' 
    - ErrorMessage: ''
0069901:
    - bResult: 'False'
    - OutDescEst: 'Rastremata' 
    - ErrorMessage: ''
0071758:
    - bResult: 'False'
    - OutDescEst: 'Rastremata' 
    - ErrorMessage: ''
0073324:
    - bResult: 'False'
    - OutDescEst: 'Parallela' 
    - ErrorMessage: ''
0074207:
    - bResult: 'False'
    - OutDescEst: 'Rastremata' 
    - ErrorMessage: ''
0074384:
    - bResult: 'False'
    - OutDescEst: 'Rastremata' 
    - ErrorMessage: ''
0074583:
    - bResult: 'False'
    - OutDescEst: 'Rastremata' 
    - ErrorMessage: ''
0075072:
    - bResult: 'False'
    - OutDescEst: 'Rastremata' 
    - ErrorMessage: ''
0075086:
    - bResult: 'False'
    - OutDescEst: 'Parallela' 
    - ErrorMessage: ''
0075090:
    - bResult: 'False'
    - OutDescEst: 'Rastremata' 
    - ErrorMessage: ''
0075366:
    - bResult: 'False'
    - OutDescEst: 'Rastremata' 
    - ErrorMessage: ''
0075852:
    - bResult: 'False'
    - OutDescEst: 'Rastremata' 
    - ErrorMessage: ''
0075988:
    - bResult: 'False'
    - OutDescEst: 'Parallela' 
    - ErrorMessage: ''
0078017:
    - bResult: 'False'
    - OutDescEst: 'Parallela' 
    - ErrorMessage: ''
0078868:
    - bResult: 'False'
    - OutDescEst: 'Rastremata' 
    - ErrorMessage: ''
0078984:
    - bResult: 'False'
    - OutDescEst: 'Parallela' 
    - ErrorMessage: ''
0079208:
    - bResult: 'False'
    - OutDescEst: 'Parallela' 
    - ErrorMessage: ''
0079797:
    - bResult: 'False'
    - OutDescEst: 'Rastremata' 
    - ErrorMessage: ''
0080805:
    - bResult: 'False'
    - OutDescEst: 'Rastremata' 
    - ErrorMessage: ''
0081045:
    - bResult: 'False'
    - OutDescEst: 'Rastremata' 
    - ErrorMessage: ''
0081805:
    - bResult: 'False'
    - OutDescEst: 'Rastremata' 
    - ErrorMessage: ''
0081869:
    - bResult: 'False'
    - OutDescEst: 'Rastremata' 
    - ErrorMessage: ''
0081872:
    - bResult: 'False'
    - OutDescEst: 'Rastremata' 
    - ErrorMessage: ''
0081893:
    - bResult: 'False'
    - OutDescEst: 'Rastremata' 
    - ErrorMessage: ''
0082285:
    - bResult: 'False'
    - OutDescEst: 'Rastremata' 
    - ErrorMessage: ''
0082409:
    - bResult: 'False'
    - OutDescEst: 'Rastremata' 
    - ErrorMessage: ''
0082938:
    - bResult: 'False'
    - OutDescEst: 'Rastremata' 
    - ErrorMessage: ''
0083443:
    - bResult: 'False'
    - OutDescEst: 'Rastremata' 
    - ErrorMessage: ''
0084412:
    - bResult: 'False'
    - OutDescEst: 'Rastremata' 
    - ErrorMessage: ''
0085285:
    - bResult: 'False'
    - OutDescEst: 'Rastremata' 
    - ErrorMessage: ''
0085317:
    - bResult: 'False'
    - OutDescEst: 'Rastremata' 
    - ErrorMessage: ''
0085629:
    - bResult: 'False'
    - OutDescEst: 'Rastremata' 
    - ErrorMessage: ''
0085940:
    - bResult: 'False'
    - OutDescEst: 'Parallela' 
    - ErrorMessage: ''
0085951:
    - bResult: 'False'
    - OutDescEst: 'Rastremata' 
    - ErrorMessage: ''
0085980:
    - bResult: 'False'
    - OutDescEst: 'Rastremata' 
    - ErrorMessage: ''
0086894:
    - bResult: 'False'
    - OutDescEst: 'Rastremata' 
    - ErrorMessage: ''
0086911:
    - bResult: 'False'
    - OutDescEst: 'Rastremata' 
    - ErrorMessage: ''
0088612:
    - bResult: 'False'
    - OutDescEst: 'Parallela' 
    - ErrorMessage: ''
0088758:
    - bResult: 'False'
    - OutDescEst: 'Rastremata' 
    - ErrorMessage: ''
0089224:
    - bResult: 'False'
    - OutDescEst: 'Rastremata' 
    - ErrorMessage: ''
0090121:
    - bResult: 'False'
    - OutDescEst: 'Rastremata' 
    - ErrorMessage: ''
0090139:
    - bResult: 'False'
    - OutDescEst: 'Rastremata' 
    - ErrorMessage: ''
0090655:
    - bResult: 'False'
    - OutDescEst: 'Rastremata' 
    - ErrorMessage: ''
0090658:
    - bResult: 'False'
    - OutDescEst: 'Rastremata' 
    - ErrorMessage: ''
0090661:
    - bResult: 'False'
    - OutDescEst: 'Parallela' 
    - ErrorMessage: ''
0090664:
    - bResult: 'False'
    - OutDescEst: 'Parallela' 
    - ErrorMessage: ''
0090776:
    - bResult: 'False'
    - OutDescEst: 'Rastremata' 
    - ErrorMessage: ''
0091406:
    - bResult: 'False'
    - OutDescEst: 'Rastremata' 
    - ErrorMessage: ''
0091409:
    - bResult: 'False'
    - OutDescEst: 'Rastremata' 
    - ErrorMessage: ''
0091860:
    - bResult: 'False'
    - OutDescEst: 'Rastremata' 
    - ErrorMessage: ''
0093036:
    - bResult: 'False'
    - OutDescEst: 'Parallela' 
    - ErrorMessage: ''
0093037:
    - bResult: 'False'
    - OutDescEst: 'Parallela' 
    - ErrorMessage: ''
0093371:
    - bResult: 'False'
    - OutDescEst: 'Parallela' 
    - ErrorMessage: ''
0093984:
    - bResult: 'False'
    - OutDescEst: 'Rastremata' 
    - ErrorMessage: ''
0094166:
    - bResult: 'False'
    - OutDescEst: 'Parallela' 
    - ErrorMessage: ''
0094169:
    - bResult: 'False'
    - OutDescEst: 'Parallela' 
    - ErrorMessage: ''
0094196:
    - bResult: 'False'
    - OutDescEst: 'Rastremata' 
    - ErrorMessage: ''
0094403:
    - bResult: 'False'
    - OutDescEst: 'Rastremata' 
    - ErrorMessage: ''
0094742:
    - bResult: 'False'
    - OutDescEst: 'Rastremata' 
    - ErrorMessage: ''
0094801:
    - bResult: 'False'
    - OutDescEst: 'Rastremata' 
    - ErrorMessage: ''
0094802:
    - bResult: 'False'
    - OutDescEst: 'Parallela' 
    - ErrorMessage: ''
0095228:
    - bResult: 'False'
    - OutDescEst: 'Rastremata' 
    - ErrorMessage: ''
0095343:
    - bResult: 'False'
    - OutDescEst: 'Rastremata' 
    - ErrorMessage: ''
0095400:
    - bResult: 'False'
    - OutDescEst: 'Rastremata' 
    - ErrorMessage: ''
0095401:
    - bResult: 'False'
    - OutDescEst: 'Rastremata' 
    - ErrorMessage: ''
0095427:
    - bResult: 'False'
    - OutDescEst: 'Rastremata' 
    - ErrorMessage: ''
0095430:
    - bResult: 'False'
    - OutDescEst: 'Rastremata' 
    - ErrorMessage: ''
0095528:
    - bResult: 'False'
    - OutDescEst: 'Rastremata' 
    - ErrorMessage: ''
0095847:
    - bResult: 'False'
    - OutDescEst: 'Parallela' 
    - ErrorMessage: ''
0096547:
    - bResult: 'False'
    - OutDescEst: 'Parallela' 
    - ErrorMessage: ''
0096745:
    - bResult: 'False'
    - OutDescEst: 'Rastremata' 
    - ErrorMessage: ''
0096884:
    - bResult: 'False'
    - OutDescEst: 'Rastremata' 
    - ErrorMessage: ''
0097047:
    - bResult: 'False'
    - OutDescEst: 'Rastremata' 
    - ErrorMessage: ''
0097742:
    - bResult: 'False'
    - OutDescEst: 'Rastremata' 
    - ErrorMessage: ''
0098453:
    - bResult: 'False'
    - OutDescEst: 'Rastremata' 
    - ErrorMessage: ''
0098799:
    - bResult: 'False'
    - OutDescEst: 'Parallela' 
    - ErrorMessage: ''
0099217:
    - bResult: 'False'
    - OutDescEst: 'Rastremata' 
    - ErrorMessage: ''
0100268:
    - bResult: 'False'
    - OutDescEst: 'Rastremata' 
    - ErrorMessage: ''
0100514:
    - bResult: 'False'
    - OutDescEst: 'Parallela' 
    - ErrorMessage: ''
0100765:
    - bResult: 'False'
    - OutDescEst: 'Rastremata' 
    - ErrorMessage: ''
0100994:
    - bResult: 'False'
    - OutDescEst: 'Rastremata' 
    - ErrorMessage: ''
0102108:
    - bResult: 'False'
    - OutDescEst: 'Parallela' 
    - ErrorMessage: ''
0103406:
    - bResult: 'False'
    - OutDescEst: 'Parallela' 
    - ErrorMessage: ''
0103445:
    - bResult: 'False'
    - OutDescEst: 'Rastremata' 
    - ErrorMessage: ''
0104825:
    - bResult: 'False'
    - OutDescEst: 'Rastremata' 
    - ErrorMessage: ''
0104826:
    - bResult: 'False'
    - OutDescEst: 'Rastremata' 
    - ErrorMessage: ''
0104836:
    - bResult: 'False'
    - OutDescEst: 'Rastremata' 
    - ErrorMessage: ''
0104837:
    - bResult: 'False'
    - OutDescEst: 'Rastremata' 
    - ErrorMessage: ''
0104851:
    - bResult: 'False'
    - OutDescEst: 'Rastremata' 
    - ErrorMessage: ''
0104852:
    - bResult: 'False'
    - OutDescEst: 'Rastremata' 
    - ErrorMessage: ''
0104894:
    - bResult: 'False'
    - OutDescEst: 'Rastremata' 
    - ErrorMessage: ''
0105587:
    - bResult: 'False'
    - OutDescEst: 'Parallela' 
    - ErrorMessage: ''
0105935:
    - bResult: 'False'
    - OutDescEst: 'Rastremata' 
    - ErrorMessage: ''
0106621:
    - bResult: 'False'
    - OutDescEst: 'Parallela' 
    - ErrorMessage: ''
0106628:
    - bResult: 'False'
    - OutDescEst: 'Parallela' 
    - ErrorMessage: ''
0107110:
    - bResult: 'False'
    - OutDescEst: 'Parallela' 
    - ErrorMessage: ''
0107154:
    - bResult: 'False'
    - OutDescEst: 'Rastremata' 
    - ErrorMessage: ''
0108385:
    - bResult: 'False'
    - OutDescEst: 'Parallela' 
    - ErrorMessage: ''
0108388:
    - bResult: 'False'
    - OutDescEst: 'Parallela' 
    - ErrorMessage: ''
0109152:
    - bResult: 'False'
    - OutDescEst: 'Rastremata' 
    - ErrorMessage: ''
0109155:
    - bResult: 'False'
    - OutDescEst: 'Rastremata' 
    - ErrorMessage: ''
0110099:
    - bResult: 'False'
    - OutDescEst: 'Rastremata' 
    - ErrorMessage: ''
0110206:
    - bResult: 'False'
    - OutDescEst: 'Parallela' 
    - ErrorMessage: ''
0110885:
    - bResult: 'False'
    - OutDescEst: 'Rastremata' 
    - ErrorMessage: ''
0112209:
    - bResult: 'False'
    - OutDescEst: 'Rastremata' 
    - ErrorMessage: ''
0113190:
    - bResult: 'False'
    - OutDescEst: 'Rastremata' 
    - ErrorMessage: ''
0115213:
    - bResult: 'False'
    - OutDescEst: 'Parallela' 
    - ErrorMessage: ''
0115925:
    - bResult: 'False'
    - OutDescEst: 'Parallela' 
    - ErrorMessage: ''
0116204:
    - bResult: 'False'
    - OutDescEst: 'Rastremata' 
    - ErrorMessage: ''
0116207:
    - bResult: 'False'
    - OutDescEst: 'Rastremata' 
    - ErrorMessage: ''
0116342:
    - bResult: 'False'
    - OutDescEst: 'Rastremata' 
    - ErrorMessage: ''
0116722:
    - bResult: 'False'
    - OutDescEst: 'Rastremata' 
    - ErrorMessage: ''
0116723:
    - bResult: 'False'
    - OutDescEst: 'Rastremata' 
    - ErrorMessage: ''
0118363:
    - bResult: 'False'
    - OutDescEst: 'Rastremata' 
    - ErrorMessage: ''
0119396:
    - bResult: 'False'
    - OutDescEst: 'Parallela' 
    - ErrorMessage: ''
0119397:
    - bResult: 'False'
    - OutDescEst: 'Parallela' 
    - ErrorMessage: ''
0120088:
    - bResult: 'False'
    - OutDescEst: 'Parallela' 
    - ErrorMessage: ''
0120089:
    - bResult: 'False'
    - OutDescEst: 'Parallela' 
    - ErrorMessage: ''
0120511:
    - bResult: 'False'
    - OutDescEst: 'Parallela' 
    - ErrorMessage: ''
0120532:
    - bResult: 'False'
    - OutDescEst: 'Rastremata' 
    - ErrorMessage: ''
0120544:
    - bResult: 'False'
    - OutDescEst: 'Rastremata' 
    - ErrorMessage: ''
0121706:
    - bResult: 'False'
    - OutDescEst: 'Rastremata' 
    - ErrorMessage: ''
0121791:
    - bResult: 'False'
    - OutDescEst: 'Rastremata' 
    - ErrorMessage: ''
0122694:
    - bResult: 'False'
    - OutDescEst: 'Rastremata' 
    - ErrorMessage: ''
0122965:
    - bResult: 'False'
    - OutDescEst: 'Rastremata' 
    - ErrorMessage: ''
0122966:
    - bResult: 'False'
    - OutDescEst: 'Rastremata' 
    - ErrorMessage: ''
0123146:
    - bResult: 'False'
    - OutDescEst: 'Rastremata' 
    - ErrorMessage: ''
0124037:
    - bResult: 'False'
    - OutDescEst: 'Rastremata' 
    - ErrorMessage: ''
0125095:
    - bResult: 'False'
    - OutDescEst: 'Parallela' 
    - ErrorMessage: ''
0125359:
    - bResult: 'False'
    - OutDescEst: 'Rastremata' 
    - ErrorMessage: ''
0125696:
    - bResult: 'False'
    - OutDescEst: 'Parallela' 
    - ErrorMessage: ''
0127128:
    - bResult: 'False'
    - OutDescEst: 'Rastremata' 
    - ErrorMessage: ''
0127131:
    - bResult: 'False'
    - OutDescEst: 'Parallela' 
    - ErrorMessage: ''
0129179:
    - bResult: 'False'
    - OutDescEst: 'Parallela' 
    - ErrorMessage: ''
0129739:
    - bResult: 'False'
    - OutDescEst: 'Rastremata' 
    - ErrorMessage: ''
0130517:
    - bResult: 'False'
    - OutDescEst: 'Rastremata' 
    - ErrorMessage: ''
0131942:
    - bResult: 'False'
    - OutDescEst: 'Rastremata' 
    - ErrorMessage: ''
0132474:
    - bResult: 'False'
    - OutDescEst: 'Parallela' 
    - ErrorMessage: ''
0133269:
    - bResult: 'False'
    - OutDescEst: 'Rastremata' 
    - ErrorMessage: ''
0133271:
    - bResult: 'False'
    - OutDescEst: 'Rastremata' 
    - ErrorMessage: ''
0133273:
    - bResult: 'False'
    - OutDescEst: 'Rastremata' 
    - ErrorMessage: ''
0133274:
    - bResult: 'False'
    - OutDescEst: 'Rastremata' 
    - ErrorMessage: ''
0133275:
    - bResult: 'False'
    - OutDescEst: 'Rastremata' 
    - ErrorMessage: ''
0133276:
    - bResult: 'False'
    - OutDescEst: 'Rastremata' 
    - ErrorMessage: ''
0134344:
    - bResult: 'False'
    - OutDescEst: 'Rastremata' 
    - ErrorMessage: ''
0134373:
    - bResult: 'False'
    - OutDescEst: 'Rastremata' 
    - ErrorMessage: ''
0134546:
    - bResult: 'False'
    - OutDescEst: 'Rastremata' 
    - ErrorMessage: ''
0134883:
    - bResult: 'False'
    - OutDescEst: 'Rastremata' 
    - ErrorMessage: ''
0135149:
    - bResult: 'False'
    - OutDescEst: 'Rastremata' 
    - ErrorMessage: ''
0135307:
    - bResult: 'False'
    - OutDescEst: 'Rastremata' 
    - ErrorMessage: ''
0136513:
    - bResult: 'False'
    - OutDescEst: 'Rastremata' 
    - ErrorMessage: ''
0136590:
    - bResult: 'False'
    - OutDescEst: 'Rastremata' 
    - ErrorMessage: ''
0136593:
    - bResult: 'False'
    - OutDescEst: 'Rastremata' 
    - ErrorMessage: ''
0136941:
    - bResult: 'False'
    - OutDescEst: 'Rastremata' 
    - ErrorMessage: ''
0137740:
    - bResult: 'False'
    - OutDescEst: 'Rastremata' 
    - ErrorMessage: ''
0139115:
    - bResult: 'False'
    - OutDescEst: 'Parallela' 
    - ErrorMessage: ''
0139271:
    - bResult: 'False'
    - OutDescEst: 'Rastremata' 
    - ErrorMessage: ''
0139384:
    - bResult: 'False'
    - OutDescEst: 'Rastremata' 
    - ErrorMessage: ''
0139823:
    - bResult: 'False'
    - OutDescEst: 'Rastremata' 
    - ErrorMessage: ''
0141919:
    - bResult: 'False'
    - OutDescEst: 'Parallela' 
    - ErrorMessage: ''
0141920:
    - bResult: 'False'
    - OutDescEst: 'Parallela' 
    - ErrorMessage: ''
0142278:
    - bResult: 'False'
    - OutDescEst: 'Parallela' 
    - ErrorMessage: ''
0143838:
    - bResult: 'False'
    - OutDescEst: 'Rastremata' 
    - ErrorMessage: ''
0144188:
    - bResult: 'False'
    - OutDescEst: 'Rastremata' 
    - ErrorMessage: ''
0144191:
    - bResult: 'False'
    - OutDescEst: 'Rastremata' 
    - ErrorMessage: ''
0144658:
    - bResult: 'False'
    - OutDescEst: 'Parallela' 
    - ErrorMessage: ''
0144672:
    - bResult: 'False'
    - OutDescEst: 'Parallela' 
    - ErrorMessage: ''
0145053:
    - bResult: 'False'
    - OutDescEst: 'Rastremata' 
    - ErrorMessage: ''
0145056:
    - bResult: 'False'
    - OutDescEst: 'Parallela' 
    - ErrorMessage: ''
0146405:
    - bResult: 'False'
    - OutDescEst: 'Rastremata' 
    - ErrorMessage: ''
0146860:
    - bResult: 'False'
    - OutDescEst: 'Rastremata' 
    - ErrorMessage: ''
0146972:
    - bResult: 'False'
    - OutDescEst: 'Parallela' 
    - ErrorMessage: ''
0147923:
    - bResult: 'False'
    - OutDescEst: 'Rastremata' 
    - ErrorMessage: ''
0148652:
    - bResult: 'False'
    - OutDescEst: 'Parallela' 
    - ErrorMessage: ''
0149498:
    - bResult: 'False'
    - OutDescEst: 'Rastremata' 
    - ErrorMessage: ''
0149501:
    - bResult: 'False'
    - OutDescEst: 'Parallela' 
    - ErrorMessage: ''
0149554:
    - bResult: 'False'
    - OutDescEst: 'Rastremata' 
    - ErrorMessage: ''
0150349:
    - bResult: 'False'
    - OutDescEst: 'Rastremata' 
    - ErrorMessage: ''
0150403:
    - bResult: 'False'
    - OutDescEst: 'Rastremata' 
    - ErrorMessage: ''
0150404:
    - bResult: 'False'
    - OutDescEst: 'Rastremata' 
    - ErrorMessage: ''
0150446:
    - bResult: 'False'
    - OutDescEst: 'Rastremata' 
    - ErrorMessage: ''
0150447:
    - bResult: 'False'
    - OutDescEst: 'Rastremata' 
    - ErrorMessage: ''
0150790:
    - bResult: 'False'
    - OutDescEst: 'Rastremata' 
    - ErrorMessage: ''
0151097:
    - bResult: 'False'
    - OutDescEst: 'Rastremata' 
    - ErrorMessage: ''
0151538:
    - bResult: 'False'
    - OutDescEst: 'Parallela' 
    - ErrorMessage: ''
0152883:
    - bResult: 'False'
    - OutDescEst: 'Parallela' 
    - ErrorMessage: ''
0153074:
    - bResult: 'False'
    - OutDescEst: 'Parallela' 
    - ErrorMessage: ''
0153834:
    - bResult: 'False'
    - OutDescEst: 'Parallela' 
    - ErrorMessage: ''
0153842:
    - bResult: 'False'
    - OutDescEst: 'Rastremata' 
    - ErrorMessage: ''
0153911:
    - bResult: 'False'
    - OutDescEst: 'Rastremata' 
    - ErrorMessage: ''
0153914:
    - bResult: 'False'
    - OutDescEst: 'Rastremata' 
    - ErrorMessage: ''
0153917:
    - bResult: 'False'
    - OutDescEst: 'Rastremata' 
    - ErrorMessage: ''
0154636:
    - bResult: 'False'
    - OutDescEst: 'Rastremata' 
    - ErrorMessage: ''
0154639:
    - bResult: 'False'
    - OutDescEst: 'Parallela' 
    - ErrorMessage: ''
0154822:
    - bResult: 'False'
    - OutDescEst: 'Rastremata' 
    - ErrorMessage: ''
0155208:
    - bResult: 'False'
    - OutDescEst: 'Parallela' 
    - ErrorMessage: ''
0155944:
    - bResult: 'False'
    - OutDescEst: 'Rastremata' 
    - ErrorMessage: ''
0156209:
    - bResult: 'False'
    - OutDescEst: 'Parallela' 
    - ErrorMessage: ''
0156223:
    - bResult: 'False'
    - OutDescEst: 'Rastremata' 
    - ErrorMessage: ''
0159177:
    - bResult: 'False'
    - OutDescEst: 'Rastremata' 
    - ErrorMessage: ''
0159472:
    - bResult: 'False'
    - OutDescEst: 'Rastremata' 
    - ErrorMessage: ''
0159908:
    - bResult: 'False'
    - OutDescEst: 'Parallela' 
    - ErrorMessage: ''
0160031:
    - bResult: 'False'
    - OutDescEst: 'Parallela' 
    - ErrorMessage: ''
0160038:
    - bResult: 'False'
    - OutDescEst: 'Rastremata' 
    - ErrorMessage: ''
0160175:
    - bResult: 'False'
    - OutDescEst: 'Rastremata' 
    - ErrorMessage: ''
0160186:
    - bResult: 'False'
    - OutDescEst: 'Rastremata' 
    - ErrorMessage: ''
0160272:
    - bResult: 'False'
    - OutDescEst: 'Parallela' 
    - ErrorMessage: ''
0160677:
    - bResult: 'False'
    - OutDescEst: 'Rastremata' 
    - ErrorMessage: ''
0161394:
    - bResult: 'False'
    - OutDescEst: 'Parallela' 
    - ErrorMessage: ''
0161509:
    - bResult: 'False'
    - OutDescEst: 'Parallela' 
    - ErrorMessage: ''
0162283:
    - bResult: 'False'
    - OutDescEst: 'Parallela' 
    - ErrorMessage: ''
0162419:
    - bResult: 'False'
    - OutDescEst: 'Parallela' 
    - ErrorMessage: ''
0162619:
    - bResult: 'False'
    - OutDescEst: 'Parallela' 
    - ErrorMessage: ''
0162991:
    - bResult: 'False'
    - OutDescEst: 'Rastremata' 
    - ErrorMessage: ''
0162992:
    - bResult: 'False'
    - OutDescEst: 'Rastremata' 
    - ErrorMessage: ''
0162993:
    - bResult: 'False'
    - OutDescEst: 'Rastremata' 
    - ErrorMessage: ''
0163038:
    - bResult: 'False'
    - OutDescEst: 'Rastremata' 
    - ErrorMessage: ''
0163944:
    - bResult: 'False'
    - OutDescEst: 'Rastremata' 
    - ErrorMessage: ''
0164098:
    - bResult: 'False'
    - OutDescEst: 'Rastremata' 
    - ErrorMessage: ''
0164398:
    - bResult: 'False'
    - OutDescEst: 'Rastremata' 
    - ErrorMessage: ''
0164487:
    - bResult: 'False'
    - OutDescEst: 'Rastremata' 
    - ErrorMessage: ''
0166696:
    - bResult: 'False'
    - OutDescEst: 'Parallela' 
    - ErrorMessage: ''
0167089:
    - bResult: 'False'
    - OutDescEst: 'Rastremata' 
    - ErrorMessage: ''
0167423:
    - bResult: 'False'
    - OutDescEst: 'Rastremata' 
    - ErrorMessage: ''
0167426:
    - bResult: 'False'
    - OutDescEst: 'Rastremata' 
    - ErrorMessage: ''
0167429:
    - bResult: 'False'
    - OutDescEst: 'Rastremata' 
    - ErrorMessage: ''
0167435:
    - bResult: 'False'
    - OutDescEst: 'Rastremata' 
    - ErrorMessage: ''
0167438:
    - bResult: 'False'
    - OutDescEst: 'Rastremata' 
    - ErrorMessage: ''
0167675:
    - bResult: 'False'
    - OutDescEst: 'Parallela' 
    - ErrorMessage: ''
0167705:
    - bResult: 'False'
    - OutDescEst: 'Rastremata' 
    - ErrorMessage: ''
0169019:
    - bResult: 'False'
    - OutDescEst: 'Rastremata' 
    - ErrorMessage: ''
0169802:
    - bResult: 'False'
    - OutDescEst: 'Rastremata' 
    - ErrorMessage: ''
0170880:
    - bResult: 'False'
    - OutDescEst: 'Rastremata' 
    - ErrorMessage: ''
0170944:
    - bResult: 'False'
    - OutDescEst: 'Parallela' 
    - ErrorMessage: ''
0172392:
    - bResult: 'False'
    - OutDescEst: 'Parallela' 
    - ErrorMessage: ''
0172608:
    - bResult: 'False'
    - OutDescEst: 'Rastremata' 
    - ErrorMessage: ''
0177069:
    - bResult: 'False'
    - OutDescEst: 'Rastremata' 
    - ErrorMessage: ''
0178373:
    - bResult: 'False'
    - OutDescEst: 'Rastremata' 
    - ErrorMessage: ''
0179049:
    - bResult: 'False'
    - OutDescEst: 'Parallela' 
    - ErrorMessage: ''
0179068:
    - bResult: 'False'
    - OutDescEst: 'Parallela' 
    - ErrorMessage: ''
0179451:
    - bResult: 'False'
    - OutDescEst: 'Rastremata' 
    - ErrorMessage: ''
0179452:
    - bResult: 'False'
    - OutDescEst: 'Rastremata' 
    - ErrorMessage: ''
0179453:
    - bResult: 'False'
    - OutDescEst: 'Rastremata' 
    - ErrorMessage: ''
0179454:
    - bResult: 'False'
    - OutDescEst: 'Rastremata' 
    - ErrorMessage: ''
0181162:
    - bResult: 'False'
    - OutDescEst: 'Rastremata' 
    - ErrorMessage: ''
0181163:
    - bResult: 'False'
    - OutDescEst: 'Parallela' 
    - ErrorMessage: ''
0181206:
    - bResult: 'False'
    - OutDescEst: 'Rastremata' 
    - ErrorMessage: ''
0181587:
    - bResult: 'False'
    - OutDescEst: 'Parallela' 
    - ErrorMessage: ''
0181594:
    - bResult: 'False'
    - OutDescEst: 'Parallela' 
    - ErrorMessage: ''
0182269:
    - bResult: 'False'
    - OutDescEst: 'Rastremata' 
    - ErrorMessage: ''
0183409:
    - bResult: 'False'
    - OutDescEst: 'Rastremata' 
    - ErrorMessage: ''
0184068:
    - bResult: 'False'
    - OutDescEst: 'Rastremata' 
    - ErrorMessage: ''
0184091:
    - bResult: 'False'
    - OutDescEst: 'Parallela' 
    - ErrorMessage: ''
0184324:
    - bResult: 'False'
    - OutDescEst: 'Rastremata' 
    - ErrorMessage: ''
0184327:
    - bResult: 'False'
    - OutDescEst: 'Parallela' 
    - ErrorMessage: ''
0184544:
    - bResult: 'False'
    - OutDescEst: 'Parallela' 
    - ErrorMessage: ''
0184582:
    - bResult: 'False'
    - OutDescEst: 'Rastremata' 
    - ErrorMessage: ''
0187388:
    - bResult: 'False'
    - OutDescEst: 'Rastremata' 
    - ErrorMessage: ''
0187956:
    - bResult: 'False'
    - OutDescEst: 'Rastremata' 
    - ErrorMessage: ''
0188881:
    - bResult: 'False'
    - OutDescEst: 'Parallela' 
    - ErrorMessage: ''
0189236:
    - bResult: 'False'
    - OutDescEst: 'Parallela' 
    - ErrorMessage: ''
0189330:
    - bResult: 'False'
    - OutDescEst: 'Parallela' 
    - ErrorMessage: ''
0189574:
    - bResult: 'False'
    - OutDescEst: 'Rastremata' 
    - ErrorMessage: ''
0189577:
    - bResult: 'False'
    - OutDescEst: 'Rastremata' 
    - ErrorMessage: ''
0189580:
    - bResult: 'False'
    - OutDescEst: 'Rastremata' 
    - ErrorMessage: ''
0189583:
    - bResult: 'False'
    - OutDescEst: 'Rastremata' 
    - ErrorMessage: ''
0190374:
    - bResult: 'False'
    - OutDescEst: 'Rastremata' 
    - ErrorMessage: ''
0190377:
    - bResult: 'False'
    - OutDescEst: 'Parallela' 
    - ErrorMessage: ''
0190469:
    - bResult: 'False'
    - OutDescEst: 'Rastremata' 
    - ErrorMessage: ''
0192301:
    - bResult: 'False'
    - OutDescEst: 'Rastremata' 
    - ErrorMessage: ''
0193290:
    - bResult: 'False'
    - OutDescEst: 'Rastremata' 
    - ErrorMessage: ''
0193293:
    - bResult: 'False'
    - OutDescEst: 'Rastremata' 
    - ErrorMessage: ''
0193509:
    - bResult: 'False'
    - OutDescEst: 'Rastremata' 
    - ErrorMessage: ''
0194642:
    - bResult: 'False'
    - OutDescEst: 'Rastremata' 
    - ErrorMessage: ''
0194643:
    - bResult: 'False'
    - OutDescEst: 'Rastremata' 
    - ErrorMessage: ''
0195430:
    - bResult: 'False'
    - OutDescEst: 'Rastremata' 
    - ErrorMessage: ''
0195616:
    - bResult: 'False'
    - OutDescEst: 'Rastremata' 
    - ErrorMessage: ''
0196643:
    - bResult: 'False'
    - OutDescEst: 'Rastremata' 
    - ErrorMessage: ''
0196644:
    - bResult: 'False'
    - OutDescEst: 'Rastremata' 
    - ErrorMessage: ''
0196645:
    - bResult: 'False'
    - OutDescEst: 'Rastremata' 
    - ErrorMessage: ''
0196646:
    - bResult: 'False'
    - OutDescEst: 'Rastremata' 
    - ErrorMessage: ''
0196808:
    - bResult: 'False'
    - OutDescEst: 'Rastremata' 
    - ErrorMessage: ''
0196825:
    - bResult: 'False'
    - OutDescEst: 'Rastremata' 
    - ErrorMessage: ''
0196831:
    - bResult: 'False'
    - OutDescEst: 'Rastremata' 
    - ErrorMessage: ''
0196833:
    - bResult: 'False'
    - OutDescEst: 'Rastremata' 
    - ErrorMessage: ''
0196837:
    - bResult: 'False'
    - OutDescEst: 'Rastremata' 
    - ErrorMessage: ''
0196840:
    - bResult: 'False'
    - OutDescEst: 'Rastremata' 
    - ErrorMessage: ''
0196841:
    - bResult: 'False'
    - OutDescEst: 'Rastremata' 
    - ErrorMessage: ''
0196842:
    - bResult: 'False'
    - OutDescEst: 'Rastremata' 
    - ErrorMessage: ''
0196843:
    - bResult: 'False'
    - OutDescEst: 'Rastremata' 
    - ErrorMessage: ''
0196917:
    - bResult: 'False'
    - OutDescEst: 'Rastremata' 
    - ErrorMessage: ''
0196918:
    - bResult: 'False'
    - OutDescEst: 'Rastremata' 
    - ErrorMessage: ''
0196919:
    - bResult: 'False'
    - OutDescEst: 'Rastremata' 
    - ErrorMessage: ''
0196920:
    - bResult: 'False'
    - OutDescEst: 'Rastremata' 
    - ErrorMessage: ''
0196921:
    - bResult: 'False'
    - OutDescEst: 'Rastremata' 
    - ErrorMessage: ''
0196922:
    - bResult: 'False'
    - OutDescEst: 'Rastremata' 
    - ErrorMessage: ''
0196923:
    - bResult: 'False'
    - OutDescEst: 'Rastremata' 
    - ErrorMessage: ''
0196924:
    - bResult: 'False'
    - OutDescEst: 'Rastremata' 
    - ErrorMessage: ''
0196925:
    - bResult: 'False'
    - OutDescEst: 'Rastremata' 
    - ErrorMessage: ''
0196926:
    - bResult: 'False'
    - OutDescEst: 'Rastremata' 
    - ErrorMessage: ''
0196927:
    - bResult: 'False'
    - OutDescEst: 'Rastremata' 
    - ErrorMessage: ''
0196954:
    - bResult: 'False'
    - OutDescEst: 'Rastremata' 
    - ErrorMessage: ''
0196955:
    - bResult: 'False'
    - OutDescEst: 'Rastremata' 
    - ErrorMessage: ''
0196956:
    - bResult: 'False'
    - OutDescEst: 'Rastremata' 
    - ErrorMessage: ''
0196957:
    - bResult: 'False'
    - OutDescEst: 'Rastremata' 
    - ErrorMessage: ''
0196958:
    - bResult: 'False'
    - OutDescEst: 'Rastremata' 
    - ErrorMessage: ''
0196959:
    - bResult: 'False'
    - OutDescEst: 'Rastremata' 
    - ErrorMessage: ''
0196960:
    - bResult: 'False'
    - OutDescEst: 'Rastremata' 
    - ErrorMessage: ''
0196961:
    - bResult: 'False'
    - OutDescEst: 'Rastremata' 
    - ErrorMessage: ''
0196962:
    - bResult: 'False'
    - OutDescEst: 'Rastremata' 
    - ErrorMessage: ''
0196963:
    - bResult: 'False'
    - OutDescEst: 'Rastremata' 
    - ErrorMessage: ''
0196964:
    - bResult: 'False'
    - OutDescEst: 'Rastremata' 
    - ErrorMessage: ''
0196969:
    - bResult: 'False'
    - OutDescEst: 'Rastremata' 
    - ErrorMessage: ''
0196970:
    - bResult: 'False'
    - OutDescEst: 'Rastremata' 
    - ErrorMessage: ''
0196971:
    - bResult: 'False'
    - OutDescEst: 'Rastremata' 
    - ErrorMessage: ''
0196972:
    - bResult: 'False'
    - OutDescEst: 'Rastremata' 
    - ErrorMessage: ''
0196973:
    - bResult: 'False'
    - OutDescEst: 'Rastremata' 
    - ErrorMessage: ''
0196993:
    - bResult: 'False'
    - OutDescEst: 'Rastremata' 
    - ErrorMessage: ''
0196994:
    - bResult: 'False'
    - OutDescEst: 'Rastremata' 
    - ErrorMessage: ''
0197001:
    - bResult: 'False'
    - OutDescEst: 'Rastremata' 
    - ErrorMessage: ''
0197002:
    - bResult: 'False'
    - OutDescEst: 'Rastremata' 
    - ErrorMessage: ''
0197003:
    - bResult: 'False'
    - OutDescEst: 'Rastremata' 
    - ErrorMessage: ''
0197004:
    - bResult: 'False'
    - OutDescEst: 'Rastremata' 
    - ErrorMessage: ''
0197005:
    - bResult: 'False'
    - OutDescEst: 'Rastremata' 
    - ErrorMessage: ''
0197006:
    - bResult: 'False'
    - OutDescEst: 'Rastremata' 
    - ErrorMessage: ''
0197007:
    - bResult: 'False'
    - OutDescEst: 'Rastremata' 
    - ErrorMessage: ''
0197008:
    - bResult: 'False'
    - OutDescEst: 'Rastremata' 
    - ErrorMessage: ''
0197009:
    - bResult: 'False'
    - OutDescEst: 'Rastremata' 
    - ErrorMessage: ''
0197010:
    - bResult: 'False'
    - OutDescEst: 'Rastremata' 
    - ErrorMessage: ''
0197011:
    - bResult: 'False'
    - OutDescEst: 'Rastremata' 
    - ErrorMessage: ''
0197012:
    - bResult: 'False'
    - OutDescEst: 'Rastremata' 
    - ErrorMessage: ''
0197013:
    - bResult: 'False'
    - OutDescEst: 'Rastremata' 
    - ErrorMessage: ''
0197014:
    - bResult: 'False'
    - OutDescEst: 'Rastremata' 
    - ErrorMessage: ''
0197015:
    - bResult: 'False'
    - OutDescEst: 'Rastremata' 
    - ErrorMessage: ''
0197016:
    - bResult: 'False'
    - OutDescEst: 'Rastremata' 
    - ErrorMessage: ''
0197017:
    - bResult: 'False'
    - OutDescEst: 'Rastremata' 
    - ErrorMessage: ''
0197018:
    - bResult: 'False'
    - OutDescEst: 'Rastremata' 
    - ErrorMessage: ''
0197019:
    - bResult: 'False'
    - OutDescEst: 'Rastremata' 
    - ErrorMessage: ''
0197020:
    - bResult: 'False'
    - OutDescEst: 'Rastremata' 
    - ErrorMessage: ''
0197021:
    - bResult: 'False'
    - OutDescEst: 'Rastremata' 
    - ErrorMessage: ''
0197023:
    - bResult: 'False'
    - OutDescEst: 'Rastremata' 
    - ErrorMessage: ''
0197024:
    - bResult: 'False'
    - OutDescEst: 'Rastremata' 
    - ErrorMessage: ''
0197025:
    - bResult: 'False'
    - OutDescEst: 'Rastremata' 
    - ErrorMessage: ''
0197026:
    - bResult: 'False'
    - OutDescEst: 'Rastremata' 
    - ErrorMessage: ''
0197309:
    - bResult: 'False'
    - OutDescEst: 'Rastremata' 
    - ErrorMessage: ''
0197311:
    - bResult: 'False'
    - OutDescEst: 'Rastremata' 
    - ErrorMessage: ''
0197312:
    - bResult: 'False'
    - OutDescEst: 'Rastremata' 
    - ErrorMessage: ''
0197316:
    - bResult: 'False'
    - OutDescEst: 'Rastremata' 
    - ErrorMessage: ''
0197317:
    - bResult: 'False'
    - OutDescEst: 'Rastremata' 
    - ErrorMessage: ''
0197318:
    - bResult: 'False'
    - OutDescEst: 'Rastremata' 
    - ErrorMessage: ''
0197320:
    - bResult: 'False'
    - OutDescEst: 'Rastremata' 
    - ErrorMessage: ''
0197380:
    - bResult: 'False'
    - OutDescEst: 'Rastremata' 
    - ErrorMessage: ''
0197402:
    - bResult: 'False'
    - OutDescEst: 'Rastremata' 
    - ErrorMessage: ''
0197403:
    - bResult: 'False'
    - OutDescEst: 'Rastremata' 
    - ErrorMessage: ''
0197411:
    - bResult: 'False'
    - OutDescEst: 'Rastremata' 
    - ErrorMessage: ''
0197412:
    - bResult: 'False'
    - OutDescEst: 'Rastremata' 
    - ErrorMessage: ''
0197413:
    - bResult: 'False'
    - OutDescEst: 'Rastremata' 
    - ErrorMessage: ''
0197414:
    - bResult: 'False'
    - OutDescEst: 'Rastremata' 
    - ErrorMessage: ''
0197415:
    - bResult: 'False'
    - OutDescEst: 'Rastremata' 
    - ErrorMessage: ''
0197416:
    - bResult: 'False'
    - OutDescEst: 'Rastremata' 
    - ErrorMessage: ''
0197417:
    - bResult: 'False'
    - OutDescEst: 'Rastremata' 
    - ErrorMessage: ''
0197422:
    - bResult: 'False'
    - OutDescEst: 'Rastremata' 
    - ErrorMessage: ''
0197428:
    - bResult: 'False'
    - OutDescEst: 'Rastremata' 
    - ErrorMessage: ''
0197429:
    - bResult: 'False'
    - OutDescEst: 'Rastremata' 
    - ErrorMessage: ''
0197430:
    - bResult: 'False'
    - OutDescEst: 'Rastremata' 
    - ErrorMessage: ''
0197497:
    - bResult: 'False'
    - OutDescEst: 'Rastremata' 
    - ErrorMessage: ''
0197500:
    - bResult: 'False'
    - OutDescEst: 'Rastremata' 
    - ErrorMessage: ''
0197502:
    - bResult: 'False'
    - OutDescEst: 'Rastremata' 
    - ErrorMessage: ''
0197507:
    - bResult: 'False'
    - OutDescEst: 'Rastremata' 
    - ErrorMessage: ''
0197508:
    - bResult: 'False'
    - OutDescEst: 'Rastremata' 
    - ErrorMessage: ''
0197519:
    - bResult: 'False'
    - OutDescEst: 'Rastremata' 
    - ErrorMessage: ''
0197520:
    - bResult: 'False'
    - OutDescEst: 'Rastremata' 
    - ErrorMessage: ''
0197521:
    - bResult: 'False'
    - OutDescEst: 'Rastremata' 
    - ErrorMessage: ''
0197522:
    - bResult: 'False'
    - OutDescEst: 'Rastremata' 
    - ErrorMessage: ''
0197528:
    - bResult: 'False'
    - OutDescEst: 'Rastremata' 
    - ErrorMessage: ''
0197529:
    - bResult: 'False'
    - OutDescEst: 'Rastremata' 
    - ErrorMessage: ''
0197530:
    - bResult: 'False'
    - OutDescEst: 'Rastremata' 
    - ErrorMessage: ''
0197531:
    - bResult: 'False'
    - OutDescEst: 'Rastremata' 
    - ErrorMessage: ''
0197532:
    - bResult: 'False'
    - OutDescEst: 'Rastremata' 
    - ErrorMessage: ''
0197533:
    - bResult: 'False'
    - OutDescEst: 'Rastremata' 
    - ErrorMessage: ''
0197534:
    - bResult: 'False'
    - OutDescEst: 'Rastremata' 
    - ErrorMessage: ''
0197535:
    - bResult: 'False'
    - OutDescEst: 'Rastremata' 
    - ErrorMessage: ''
0197536:
    - bResult: 'False'
    - OutDescEst: 'Rastremata' 
    - ErrorMessage: ''
0197537:
    - bResult: 'False'
    - OutDescEst: 'Rastremata' 
    - ErrorMessage: ''
0197538:
    - bResult: 'False'
    - OutDescEst: 'Rastremata' 
    - ErrorMessage: ''
0197539:
    - bResult: 'False'
    - OutDescEst: 'Rastremata' 
    - ErrorMessage: ''
0197540:
    - bResult: 'False'
    - OutDescEst: 'Rastremata' 
    - ErrorMessage: ''
0197647:
    - bResult: 'False'
    - OutDescEst: 'Rastremata' 
    - ErrorMessage: ''
0197648:
    - bResult: 'False'
    - OutDescEst: 'Rastremata' 
    - ErrorMessage: ''
0197649:
    - bResult: 'False'
    - OutDescEst: 'Rastremata' 
    - ErrorMessage: ''
0197650:
    - bResult: 'False'
    - OutDescEst: 'Rastremata' 
    - ErrorMessage: ''
0197651:
    - bResult: 'False'
    - OutDescEst: 'Rastremata' 
    - ErrorMessage: ''
0197652:
    - bResult: 'False'
    - OutDescEst: 'Rastremata' 
    - ErrorMessage: ''
0197653:
    - bResult: 'False'
    - OutDescEst: 'Rastremata' 
    - ErrorMessage: ''
0197654:
    - bResult: 'False'
    - OutDescEst: 'Rastremata' 
    - ErrorMessage: ''
0197655:
    - bResult: 'False'
    - OutDescEst: 'Rastremata' 
    - ErrorMessage: ''
0197656:
    - bResult: 'False'
    - OutDescEst: 'Rastremata' 
    - ErrorMessage: ''
0197685:
    - bResult: 'False'
    - OutDescEst: 'Rastremata' 
    - ErrorMessage: ''
0197686:
    - bResult: 'False'
    - OutDescEst: 'Rastremata' 
    - ErrorMessage: ''
0197687:
    - bResult: 'False'
    - OutDescEst: 'Rastremata' 
    - ErrorMessage: ''
0197688:
    - bResult: 'False'
    - OutDescEst: 'Rastremata' 
    - ErrorMessage: ''
0197689:
    - bResult: 'False'
    - OutDescEst: 'Rastremata' 
    - ErrorMessage: ''
0197690:
    - bResult: 'False'
    - OutDescEst: 'Rastremata' 
    - ErrorMessage: ''
0197691:
    - bResult: 'False'
    - OutDescEst: 'Rastremata' 
    - ErrorMessage: ''
0197692:
    - bResult: 'False'
    - OutDescEst: 'Rastremata' 
    - ErrorMessage: ''
0197693:
    - bResult: 'False'
    - OutDescEst: 'Rastremata' 
    - ErrorMessage: ''
0197694:
    - bResult: 'False'
    - OutDescEst: 'Rastremata' 
    - ErrorMessage: ''
0197695:
    - bResult: 'False'
    - OutDescEst: 'Rastremata' 
    - ErrorMessage: ''
0197719:
    - bResult: 'False'
    - OutDescEst: 'Rastremata' 
    - ErrorMessage: ''
0197720:
    - bResult: 'False'
    - OutDescEst: 'Rastremata' 
    - ErrorMessage: ''
0197721:
    - bResult: 'False'
    - OutDescEst: 'Rastremata' 
    - ErrorMessage: ''
0197722:
    - bResult: 'False'
    - OutDescEst: 'Rastremata' 
    - ErrorMessage: ''
0197723:
    - bResult: 'False'
    - OutDescEst: 'Rastremata' 
    - ErrorMessage: ''
0197789:
    - bResult: 'False'
    - OutDescEst: 'Rastremata' 
    - ErrorMessage: ''
0197790:
    - bResult: 'False'
    - OutDescEst: 'Rastremata' 
    - ErrorMessage: ''
0197791:
    - bResult: 'False'
    - OutDescEst: 'Rastremata' 
    - ErrorMessage: ''
0197792:
    - bResult: 'False'
    - OutDescEst: 'Rastremata' 
    - ErrorMessage: ''
0197793:
    - bResult: 'False'
    - OutDescEst: 'Rastremata' 
    - ErrorMessage: ''
0197794:
    - bResult: 'False'
    - OutDescEst: 'Rastremata' 
    - ErrorMessage: ''
0197810:
    - bResult: 'False'
    - OutDescEst: 'Rastremata' 
    - ErrorMessage: ''
0197811:
    - bResult: 'False'
    - OutDescEst: 'Rastremata' 
    - ErrorMessage: ''
0197812:
    - bResult: 'False'
    - OutDescEst: 'Rastremata' 
    - ErrorMessage: ''
0197813:
    - bResult: 'False'
    - OutDescEst: 'Rastremata' 
    - ErrorMessage: ''
0197814:
    - bResult: 'False'
    - OutDescEst: 'Rastremata' 
    - ErrorMessage: ''
0197815:
    - bResult: 'False'
    - OutDescEst: 'Rastremata' 
    - ErrorMessage: ''
0197816:
    - bResult: 'False'
    - OutDescEst: 'Rastremata' 
    - ErrorMessage: ''
0197817:
    - bResult: 'False'
    - OutDescEst: 'Rastremata' 
    - ErrorMessage: ''
0197818:
    - bResult: 'False'
    - OutDescEst: 'Rastremata' 
    - ErrorMessage: ''
0197819:
    - bResult: 'False'
    - OutDescEst: 'Rastremata' 
    - ErrorMessage: ''
0197821:
    - bResult: 'False'
    - OutDescEst: 'Rastremata' 
    - ErrorMessage: ''
0197822:
    - bResult: 'False'
    - OutDescEst: 'Rastremata' 
    - ErrorMessage: ''
0197823:
    - bResult: 'False'
    - OutDescEst: 'Rastremata' 
    - ErrorMessage: ''
0197824:
    - bResult: 'False'
    - OutDescEst: 'Rastremata' 
    - ErrorMessage: ''
0197825:
    - bResult: 'False'
    - OutDescEst: 'Rastremata' 
    - ErrorMessage: ''
0197826:
    - bResult: 'False'
    - OutDescEst: 'Rastremata' 
    - ErrorMessage: ''
0197827:
    - bResult: 'False'
    - OutDescEst: 'Rastremata' 
    - ErrorMessage: ''
0197828:
    - bResult: 'False'
    - OutDescEst: 'Rastremata' 
    - ErrorMessage: ''
0197829:
    - bResult: 'False'
    - OutDescEst: 'Rastremata' 
    - ErrorMessage: ''
0197830:
    - bResult: 'False'
    - OutDescEst: 'Rastremata' 
    - ErrorMessage: ''
0197831:
    - bResult: 'False'
    - OutDescEst: 'Rastremata' 
    - ErrorMessage: ''
0197833:
    - bResult: 'False'
    - OutDescEst: 'Rastremata' 
    - ErrorMessage: ''
0197834:
    - bResult: 'False'
    - OutDescEst: 'Rastremata' 
    - ErrorMessage: ''
0197835:
    - bResult: 'False'
    - OutDescEst: 'Rastremata' 
    - ErrorMessage: ''
0197836:
    - bResult: 'False'
    - OutDescEst: 'Rastremata' 
    - ErrorMessage: ''
0197837:
    - bResult: 'False'
    - OutDescEst: 'Rastremata' 
    - ErrorMessage: ''
0197838:
    - bResult: 'False'
    - OutDescEst: 'Rastremata' 
    - ErrorMessage: ''
0197839:
    - bResult: 'False'
    - OutDescEst: 'Rastremata' 
    - ErrorMessage: ''
0197840:
    - bResult: 'False'
    - OutDescEst: 'Rastremata' 
    - ErrorMessage: ''
0197841:
    - bResult: 'False'
    - OutDescEst: 'Rastremata' 
    - ErrorMessage: ''
0197842:
    - bResult: 'False'
    - OutDescEst: 'Rastremata' 
    - ErrorMessage: ''
0197843:
    - bResult: 'False'
    - OutDescEst: 'Rastremata' 
    - ErrorMessage: ''
0197844:
    - bResult: 'False'
    - OutDescEst: 'Rastremata' 
    - ErrorMessage: ''
0197845:
    - bResult: 'False'
    - OutDescEst: 'Rastremata' 
    - ErrorMessage: ''
0197846:
    - bResult: 'False'
    - OutDescEst: 'Rastremata' 
    - ErrorMessage: ''
0197847:
    - bResult: 'False'
    - OutDescEst: 'Rastremata' 
    - ErrorMessage: ''
0197852:
    - bResult: 'False'
    - OutDescEst: 'Rastremata' 
    - ErrorMessage: ''
0197853:
    - bResult: 'False'
    - OutDescEst: 'Rastremata' 
    - ErrorMessage: ''
0197854:
    - bResult: 'False'
    - OutDescEst: 'Rastremata' 
    - ErrorMessage: ''
0197855:
    - bResult: 'False'
    - OutDescEst: 'Rastremata' 
    - ErrorMessage: ''
0197856:
    - bResult: 'False'
    - OutDescEst: 'Rastremata' 
    - ErrorMessage: ''
0197857:
    - bResult: 'False'
    - OutDescEst: 'Rastremata' 
    - ErrorMessage: ''
0197858:
    - bResult: 'False'
    - OutDescEst: 'Rastremata' 
    - ErrorMessage: ''
0197859:
    - bResult: 'False'
    - OutDescEst: 'Rastremata' 
    - ErrorMessage: ''
0197860:
    - bResult: 'False'
    - OutDescEst: 'Rastremata' 
    - ErrorMessage: ''
0197861:
    - bResult: 'False'
    - OutDescEst: 'Rastremata' 
    - ErrorMessage: ''
0197862:
    - bResult: 'False'
    - OutDescEst: 'Rastremata' 
    - ErrorMessage: ''
0197893:
    - bResult: 'False'
    - OutDescEst: 'Rastremata' 
    - ErrorMessage: ''
0197894:
    - bResult: 'False'
    - OutDescEst: 'Rastremata' 
    - ErrorMessage: ''
0197895:
    - bResult: 'False'
    - OutDescEst: 'Rastremata' 
    - ErrorMessage: ''
0197896:
    - bResult: 'False'
    - OutDescEst: 'Rastremata' 
    - ErrorMessage: ''
0197897:
    - bResult: 'False'
    - OutDescEst: 'Rastremata' 
    - ErrorMessage: ''
0197898:
    - bResult: 'False'
    - OutDescEst: 'Rastremata' 
    - ErrorMessage: ''
0197899:
    - bResult: 'False'
    - OutDescEst: 'Rastremata' 
    - ErrorMessage: ''
0197900:
    - bResult: 'False'
    - OutDescEst: 'Rastremata' 
    - ErrorMessage: ''
0197901:
    - bResult: 'False'
    - OutDescEst: 'Rastremata' 
    - ErrorMessage: ''
0197902:
    - bResult: 'False'
    - OutDescEst: 'Rastremata' 
    - ErrorMessage: ''
0197903:
    - bResult: 'False'
    - OutDescEst: 'Rastremata' 
    - ErrorMessage: ''
0197904:
    - bResult: 'False'
    - OutDescEst: 'Rastremata' 
    - ErrorMessage: ''
0198615:
    - bResult: 'False'
    - OutDescEst: 'Rastremata' 
    - ErrorMessage: ''
0198819:
    - bResult: 'False'
    - OutDescEst: 'Parallela' 
    - ErrorMessage: ''
0200549:
    - bResult: 'False'
    - OutDescEst: 'Rastremata' 
    - ErrorMessage: ''
0200736:
    - bResult: 'False'
    - OutDescEst: 'Rastremata' 
    - ErrorMessage: ''
0200741:
    - bResult: 'False'
    - OutDescEst: 'Parallela' 
    - ErrorMessage: ''
0201042:
    - bResult: 'False'
    - OutDescEst: 'Parallela' 
    - ErrorMessage: ''
0201045:
    - bResult: 'False'
    - OutDescEst: 'Parallela' 
    - ErrorMessage: ''
0201071:
    - bResult: 'False'
    - OutDescEst: 'Parallela' 
    - ErrorMessage: ''
0201199:
    - bResult: 'False'
    - OutDescEst: 'Rastremata' 
    - ErrorMessage: ''
0201340:
    - bResult: 'False'
    - OutDescEst: 'Parallela' 
    - ErrorMessage: ''
0201343:
    - bResult: 'False'
    - OutDescEst: 'Parallela' 
    - ErrorMessage: ''
0201346:
    - bResult: 'False'
    - OutDescEst: 'Parallela' 
    - ErrorMessage: ''
0201604:
    - bResult: 'False'
    - OutDescEst: 'Parallela' 
    - ErrorMessage: ''
0201685:
    - bResult: 'False'
    - OutDescEst: 'Parallela' 
    - ErrorMessage: ''
0201857:
    - bResult: 'False'
    - OutDescEst: 'Rastremata' 
    - ErrorMessage: ''
0202730:
    - bResult: 'False'
    - OutDescEst: 'Rastremata' 
    - ErrorMessage: ''
0203156:
    - bResult: 'False'
    - OutDescEst: 'Rastremata' 
    - ErrorMessage: ''
0203309:
    - bResult: 'False'
    - OutDescEst: 'Rastremata' 
    - ErrorMessage: ''
0203312:
    - bResult: 'False'
    - OutDescEst: 'Parallela' 
    - ErrorMessage: ''
0203429:
    - bResult: 'False'
    - OutDescEst: 'Parallela' 
    - ErrorMessage: ''
0203722:
    - bResult: 'False'
    - OutDescEst: 'Rastremata' 
    - ErrorMessage: ''
0203811:
    - bResult: 'False'
    - OutDescEst: 'Rastremata' 
    - ErrorMessage: ''
0203929:
    - bResult: 'False'
    - OutDescEst: 'Rastremata' 
    - ErrorMessage: ''
0204097:
    - bResult: 'False'
    - OutDescEst: 'Parallela' 
    - ErrorMessage: ''
0204259:
    - bResult: 'False'
    - OutDescEst: 'Parallela' 
    - ErrorMessage: ''
0205001:
    - bResult: 'False'
    - OutDescEst: 'Parallela' 
    - ErrorMessage: ''
0205094:
    - bResult: 'False'
    - OutDescEst: 'Parallela' 
    - ErrorMessage: ''
0205237:
    - bResult: 'False'
    - OutDescEst: 'Rastremata' 
    - ErrorMessage: ''
0205951:
    - bResult: 'False'
    - OutDescEst: 'Rastremata' 
    - ErrorMessage: ''
0205954:
    - bResult: 'False'
    - OutDescEst: 'Rastremata' 
    - ErrorMessage: ''
0205957:
    - bResult: 'False'
    - OutDescEst: 'Rastremata' 
    - ErrorMessage: ''
0205960:
    - bResult: 'False'
    - OutDescEst: 'Rastremata' 
    - ErrorMessage: ''
0205961:
    - bResult: 'False'
    - OutDescEst: 'Rastremata' 
    - ErrorMessage: ''
0205964:
    - bResult: 'False'
    - OutDescEst: 'Rastremata' 
    - ErrorMessage: ''
0205970:
    - bResult: 'False'
    - OutDescEst: 'Rastremata' 
    - ErrorMessage: ''
0205973:
    - bResult: 'False'
    - OutDescEst: 'Rastremata' 
    - ErrorMessage: ''
0206001:
    - bResult: 'False'
    - OutDescEst: 'Parallela' 
    - ErrorMessage: ''
0206064:
    - bResult: 'False'
    - OutDescEst: 'Rastremata' 
    - ErrorMessage: ''
0206065:
    - bResult: 'False'
    - OutDescEst: 'Rastremata' 
    - ErrorMessage: ''
0206085:
    - bResult: 'False'
    - OutDescEst: 'Rastremata' 
    - ErrorMessage: ''
0206363:
    - bResult: 'False'
    - OutDescEst: 'Rastremata' 
    - ErrorMessage: ''
0207041:
    - bResult: 'False'
    - OutDescEst: 'Rastremata' 
    - ErrorMessage: ''
0207695:
    - bResult: 'False'
    - OutDescEst: 'Rastremata' 
    - ErrorMessage: ''
0208109:
    - bResult: 'False'
    - OutDescEst: 'Rastremata' 
    - ErrorMessage: ''
0208237:
    - bResult: 'False'
    - OutDescEst: 'Parallela' 
    - ErrorMessage: ''
0208625:
    - bResult: 'False'
    - OutDescEst: 'Parallela' 
    - ErrorMessage: ''
0209169:
    - bResult: 'False'
    - OutDescEst: 'Rastremata' 
    - ErrorMessage: ''
0209584:
    - bResult: 'False'
    - OutDescEst: 'Rastremata' 
    - ErrorMessage: ''
0209891:
    - bResult: 'False'
    - OutDescEst: 'Rastremata' 
    - ErrorMessage: ''
0210777:
    - bResult: 'False'
    - OutDescEst: 'Rastremata' 
    - ErrorMessage: ''
0211340:
    - bResult: 'False'
    - OutDescEst: 'Rastremata' 
    - ErrorMessage: ''
0212785:
    - bResult: 'False'
    - OutDescEst: 'Rastremata' 
    - ErrorMessage: ''
0212800:
    - bResult: 'False'
    - OutDescEst: 'Rastremata' 
    - ErrorMessage: ''
0213059:
    - bResult: 'False'
    - OutDescEst: 'Parallela' 
    - ErrorMessage: ''
0213431:
    - bResult: 'False'
    - OutDescEst: 'Parallela' 
    - ErrorMessage: ''
0213842:
    - bResult: 'False'
    - OutDescEst: 'Parallela' 
    - ErrorMessage: ''
0214763:
    - bResult: 'False'
    - OutDescEst: 'Parallela' 
    - ErrorMessage: ''
0215100:
    - bResult: 'False'
    - OutDescEst: 'Rastremata' 
    - ErrorMessage: ''
0215122:
    - bResult: 'False'
    - OutDescEst: 'Rastremata' 
    - ErrorMessage: ''
0215660:
    - bResult: 'False'
    - OutDescEst: 'Rastremata' 
    - ErrorMessage: ''
0215788:
    - bResult: 'False'
    - OutDescEst: 'Parallela' 
    - ErrorMessage: ''
0216137:
    - bResult: 'False'
    - OutDescEst: 'Parallela' 
    - ErrorMessage: ''
0216181:
    - bResult: 'False'
    - OutDescEst: 'Rastremata' 
    - ErrorMessage: ''
0216413:
    - bResult: 'False'
    - OutDescEst: 'Rastremata' 
    - ErrorMessage: ''
0216508:
    - bResult: 'False'
    - OutDescEst: 'Rastremata' 
    - ErrorMessage: ''
0216973:
    - bResult: 'False'
    - OutDescEst: 'Rastremata' 
    - ErrorMessage: ''
0218109:
    - bResult: 'False'
    - OutDescEst: 'Parallela' 
    - ErrorMessage: ''
0218110:
    - bResult: 'False'
    - OutDescEst: 'Parallela' 
    - ErrorMessage: ''
0219124:
    - bResult: 'False'
    - OutDescEst: 'Rastremata' 
    - ErrorMessage: ''
0219125:
    - bResult: 'False'
    - OutDescEst: 'Rastremata' 
    - ErrorMessage: ''
0219816:
    - bResult: 'False'
    - OutDescEst: 'Parallela' 
    - ErrorMessage: ''
0220061:
    - bResult: 'False'
    - OutDescEst: 'Rastremata' 
    - ErrorMessage: ''
0220447:
    - bResult: 'False'
    - OutDescEst: 'Rastremata' 
    - ErrorMessage: ''
0220471:
    - bResult: 'False'
    - OutDescEst: 'Rastremata' 
    - ErrorMessage: ''
0220649:
    - bResult: 'False'
    - OutDescEst: 'Rastremata' 
    - ErrorMessage: ''
0220730:
    - bResult: 'False'
    - OutDescEst: 'Rastremata' 
    - ErrorMessage: ''
0221219:
    - bResult: 'False'
    - OutDescEst: 'Rastremata' 
    - ErrorMessage: ''
0221927:
    - bResult: 'False'
    - OutDescEst: 'Rastremata' 
    - ErrorMessage: ''
0222433:
    - bResult: 'False'
    - OutDescEst: 'Rastremata' 
    - ErrorMessage: ''
0223075:
    - bResult: 'False'
    - OutDescEst: 'Rastremata' 
    - ErrorMessage: ''
0223214:
    - bResult: 'False'
    - OutDescEst: 'Rastremata' 
    - ErrorMessage: ''
0223215:
    - bResult: 'False'
    - OutDescEst: 'Rastremata' 
    - ErrorMessage: ''
0223485:
    - bResult: 'False'
    - OutDescEst: 'Rastremata' 
    - ErrorMessage: ''
0223486:
    - bResult: 'False'
    - OutDescEst: 'Rastremata' 
    - ErrorMessage: ''
0226018:
    - bResult: 'False'
    - OutDescEst: 'Rastremata' 
    - ErrorMessage: ''
0226019:
    - bResult: 'False'
    - OutDescEst: 'Rastremata' 
    - ErrorMessage: ''
0226366:
    - bResult: 'False'
    - OutDescEst: 'Parallela' 
    - ErrorMessage: ''
0226375:
    - bResult: 'False'
    - OutDescEst: 'Parallela' 
    - ErrorMessage: ''
0226413:
    - bResult: 'False'
    - OutDescEst: 'Parallela' 
    - ErrorMessage: ''
0226414:
    - bResult: 'False'
    - OutDescEst: 'Rastremata' 
    - ErrorMessage: ''
0226450:
    - bResult: 'False'
    - OutDescEst: 'Rastremata' 
    - ErrorMessage: ''
0227130:
    - bResult: 'False'
    - OutDescEst: 'Parallela' 
    - ErrorMessage: ''
0227137:
    - bResult: 'False'
    - OutDescEst: 'Parallela' 
    - ErrorMessage: ''
0227851:
    - bResult: 'False'
    - OutDescEst: 'Rastremata' 
    - ErrorMessage: ''
0228544:
    - bResult: 'False'
    - OutDescEst: 'Rastremata' 
    - ErrorMessage: ''
0228545:
    - bResult: 'False'
    - OutDescEst: 'Rastremata' 
    - ErrorMessage: ''
0228546:
    - bResult: 'False'
    - OutDescEst: 'Rastremata' 
    - ErrorMessage: ''
0228547:
    - bResult: 'False'
    - OutDescEst: 'Rastremata' 
    - ErrorMessage: ''
0228862:
    - bResult: 'False'
    - OutDescEst: 'Rastremata' 
    - ErrorMessage: ''
0228991:
    - bResult: 'False'
    - OutDescEst: 'Rastremata' 
    - ErrorMessage: ''
0230152:
    - bResult: 'False'
    - OutDescEst: 'Parallela' 
    - ErrorMessage: ''
0231546:
    - bResult: 'False'
    - OutDescEst: 'Rastremata' 
    - ErrorMessage: ''
0231684:
    - bResult: 'False'
    - OutDescEst: 'Rastremata' 
    - ErrorMessage: ''
0231857:
    - bResult: 'False'
    - OutDescEst: 'Rastremata' 
    - ErrorMessage: ''
0232634:
    - bResult: 'False'
    - OutDescEst: 'Rastremata' 
    - ErrorMessage: ''
0232635:
    - bResult: 'False'
    - OutDescEst: 'Rastremata' 
    - ErrorMessage: ''
0233125:
    - bResult: 'False'
    - OutDescEst: 'Rastremata' 
    - ErrorMessage: ''
0233167:
    - bResult: 'False'
    - OutDescEst: 'Parallela' 
    - ErrorMessage: ''
0233170:
    - bResult: 'False'
    - OutDescEst: 'Parallela' 
    - ErrorMessage: ''
0233428:
    - bResult: 'False'
    - OutDescEst: 'Parallela' 
    - ErrorMessage: ''
0233432:
    - bResult: 'False'
    - OutDescEst: 'Parallela' 
    - ErrorMessage: ''
0233435:
    - bResult: 'False'
    - OutDescEst: 'Parallela' 
    - ErrorMessage: ''
0233486:
    - bResult: 'False'
    - OutDescEst: 'Rastremata' 
    - ErrorMessage: ''
0233641:
    - bResult: 'False'
    - OutDescEst: 'Rastremata' 
    - ErrorMessage: ''
0234163:
    - bResult: 'False'
    - OutDescEst: 'Rastremata' 
    - ErrorMessage: ''
0234427:
    - bResult: 'False'
    - OutDescEst: 'Rastremata' 
    - ErrorMessage: ''
0235731:
    - bResult: 'False'
    - OutDescEst: 'Rastremata' 
    - ErrorMessage: ''
0237031:
    - bResult: 'False'
    - OutDescEst: 'Rastremata' 
    - ErrorMessage: ''
0237456:
    - bResult: 'False'
    - OutDescEst: 'Rastremata' 
    - ErrorMessage: ''
0238000:
    - bResult: 'False'
    - OutDescEst: 'Rastremata' 
    - ErrorMessage: ''
0238098:
    - bResult: 'False'
    - OutDescEst: 'Rastremata' 
    - ErrorMessage: ''
0238099:
    - bResult: 'False'
    - OutDescEst: 'Rastremata' 
    - ErrorMessage: ''
0238201:
    - bResult: 'False'
    - OutDescEst: 'Rastremata' 
    - ErrorMessage: ''
0238517:
    - bResult: 'False'
    - OutDescEst: 'Parallela' 
    - ErrorMessage: ''
0238789:
    - bResult: 'False'
    - OutDescEst: 'Rastremata' 
    - ErrorMessage: ''
0238836:
    - bResult: 'False'
    - OutDescEst: 'Rastremata' 
    - ErrorMessage: ''
0238896:
    - bResult: 'False'
    - OutDescEst: 'Parallela' 
    - ErrorMessage: ''
0238897:
    - bResult: 'False'
    - OutDescEst: 'Rastremata' 
    - ErrorMessage: ''
0238898:
    - bResult: 'False'
    - OutDescEst: 'Rastremata' 
    - ErrorMessage: ''
0238909:
    - bResult: 'False'
    - OutDescEst: 'Parallela' 
    - ErrorMessage: ''
0238920:
    - bResult: 'False'
    - OutDescEst: 'Rastremata' 
    - ErrorMessage: ''
0238921:
    - bResult: 'False'
    - OutDescEst: 'Rastremata' 
    - ErrorMessage: ''
0239200:
    - bResult: 'False'
    - OutDescEst: 'Parallela' 
    - ErrorMessage: ''
0239567:
    - bResult: 'False'
    - OutDescEst: 'Rastremata' 
    - ErrorMessage: ''
0239568:
    - bResult: 'False'
    - OutDescEst: 'Rastremata' 
    - ErrorMessage: ''
0239728:
    - bResult: 'False'
    - OutDescEst: 'Rastremata' 
    - ErrorMessage: ''
0239729:
    - bResult: 'False'
    - OutDescEst: 'Parallela' 
    - ErrorMessage: ''
0239730:
    - bResult: 'False'
    - OutDescEst: 'Rastremata' 
    - ErrorMessage: ''
0240031:
    - bResult: 'False'
    - OutDescEst: 'Parallela' 
    - ErrorMessage: ''
0240690:
    - bResult: 'False'
    - OutDescEst: 'Rastremata' 
    - ErrorMessage: ''
0241263:
    - bResult: 'False'
    - OutDescEst: 'Rastremata' 
    - ErrorMessage: ''
0241702:
    - bResult: 'False'
    - OutDescEst: 'Rastremata' 
    - ErrorMessage: ''
0241742:
    - bResult: 'False'
    - OutDescEst: 'Rastremata' 
    - ErrorMessage: ''
0242297:
    - bResult: 'False'
    - OutDescEst: 'Rastremata' 
    - ErrorMessage: ''
0242352:
    - bResult: 'False'
    - OutDescEst: 'Rastremata' 
    - ErrorMessage: ''
0242355:
    - bResult: 'False'
    - OutDescEst: 'Parallela' 
    - ErrorMessage: ''
0242379:
    - bResult: 'False'
    - OutDescEst: 'Rastremata' 
    - ErrorMessage: ''
0242791:
    - bResult: 'False'
    - OutDescEst: 'Rastremata' 
    - ErrorMessage: ''
0242814:
    - bResult: 'False'
    - OutDescEst: 'Rastremata' 
    - ErrorMessage: ''
0244388:
    - bResult: 'False'
    - OutDescEst: 'Rastremata' 
    - ErrorMessage: ''
0244700:
    - bResult: 'False'
    - OutDescEst: 'Rastremata' 
    - ErrorMessage: ''
0245312:
    - bResult: 'False'
    - OutDescEst: 'Rastremata' 
    - ErrorMessage: ''
0245313:
    - bResult: 'False'
    - OutDescEst: 'Rastremata' 
    - ErrorMessage: ''
0245406:
    - bResult: 'False'
    - OutDescEst: 'Rastremata' 
    - ErrorMessage: ''
0245407:
    - bResult: 'False'
    - OutDescEst: 'Rastremata' 
    - ErrorMessage: ''
0245544:
    - bResult: 'False'
    - OutDescEst: 'Parallela' 
    - ErrorMessage: ''
0245545:
    - bResult: 'False'
    - OutDescEst: 'Parallela' 
    - ErrorMessage: ''
0246069:
    - bResult: 'False'
    - OutDescEst: 'Parallela' 
    - ErrorMessage: ''
0247406:
    - bResult: 'False'
    - OutDescEst: 'Rastremata' 
    - ErrorMessage: ''
0247910:
    - bResult: 'False'
    - OutDescEst: 'Rastremata' 
    - ErrorMessage: ''
0248648:
    - bResult: 'False'
    - OutDescEst: 'Parallela' 
    - ErrorMessage: ''
0248718:
    - bResult: 'False'
    - OutDescEst: 'Parallela' 
    - ErrorMessage: ''
0249509:
    - bResult: 'False'
    - OutDescEst: 'Rastremata' 
    - ErrorMessage: ''
0249760:
    - bResult: 'False'
    - OutDescEst: 'Rastremata' 
    - ErrorMessage: ''
0249772:
    - bResult: 'False'
    - OutDescEst: 'Parallela' 
    - ErrorMessage: ''
0249958:
    - bResult: 'False'
    - OutDescEst: 'Parallela' 
    - ErrorMessage: ''
0249959:
    - bResult: 'False'
    - OutDescEst: 'Rastremata' 
    - ErrorMessage: ''
0249970:
    - bResult: 'False'
    - OutDescEst: 'Parallela' 
    - ErrorMessage: ''
0249971:
    - bResult: 'False'
    - OutDescEst: 'Rastremata' 
    - ErrorMessage: ''
0249972:
    - bResult: 'False'
    - OutDescEst: 'Rastremata' 
    - ErrorMessage: ''
0250366:
    - bResult: 'False'
    - OutDescEst: 'Parallela' 
    - ErrorMessage: ''
0250811:
    - bResult: 'False'
    - OutDescEst: 'Rastremata' 
    - ErrorMessage: ''
0251038:
    - bResult: 'False'
    - OutDescEst: 'Rastremata' 
    - ErrorMessage: ''
0251172:
    - bResult: 'False'
    - OutDescEst: 'Rastremata' 
    - ErrorMessage: ''
0251173:
    - bResult: 'False'
    - OutDescEst: 'Rastremata' 
    - ErrorMessage: ''
0251174:
    - bResult: 'False'
    - OutDescEst: 'Parallela' 
    - ErrorMessage: ''
0251192:
    - bResult: 'False'
    - OutDescEst: 'Parallela' 
    - ErrorMessage: ''
0251234:
    - bResult: 'False'
    - OutDescEst: 'Rastremata' 
    - ErrorMessage: ''
0251398:
    - bResult: 'False'
    - OutDescEst: 'Parallela' 
    - ErrorMessage: ''
0251863:
    - bResult: 'False'
    - OutDescEst: 'Parallela' 
    - ErrorMessage: ''
0253177:
    - bResult: 'False'
    - OutDescEst: 'Rastremata' 
    - ErrorMessage: ''
0253178:
    - bResult: 'False'
    - OutDescEst: 'Rastremata' 
    - ErrorMessage: ''
0253179:
    - bResult: 'False'
    - OutDescEst: 'Rastremata' 
    - ErrorMessage: ''
0253586:
    - bResult: 'False'
    - OutDescEst: 'Parallela' 
    - ErrorMessage: ''
0253587:
    - bResult: 'False'
    - OutDescEst: 'Rastremata' 
    - ErrorMessage: ''
0254587:
    - bResult: 'False'
    - OutDescEst: 'Rastremata' 
    - ErrorMessage: ''
0255368:
    - bResult: 'False'
    - OutDescEst: 'Rastremata' 
    - ErrorMessage: ''
0255491:
    - bResult: 'False'
    - OutDescEst: 'Rastremata' 
    - ErrorMessage: ''
0255555:
    - bResult: 'False'
    - OutDescEst: 'Parallela' 
    - ErrorMessage: ''
0257974:
    - bResult: 'False'
    - OutDescEst: 'Rastremata' 
    - ErrorMessage: ''
0258320:
    - bResult: 'False'
    - OutDescEst: 'Rastremata' 
    - ErrorMessage: ''
0258321:
    - bResult: 'False'
    - OutDescEst: 'Rastremata' 
    - ErrorMessage: ''
0258324:
    - bResult: 'False'
    - OutDescEst: 'Rastremata' 
    - ErrorMessage: ''
0258325:
    - bResult: 'False'
    - OutDescEst: 'Rastremata' 
    - ErrorMessage: ''
0258438:
    - bResult: 'False'
    - OutDescEst: 'Parallela' 
    - ErrorMessage: ''
0258970:
    - bResult: 'False'
    - OutDescEst: 'Parallela' 
    - ErrorMessage: ''
0258971:
    - bResult: 'False'
    - OutDescEst: 'Parallela' 
    - ErrorMessage: ''
0259642:
    - bResult: 'False'
    - OutDescEst: 'Rastremata' 
    - ErrorMessage: ''
0259853:
    - bResult: 'False'
    - OutDescEst: 'Parallela' 
    - ErrorMessage: ''
0259862:
    - bResult: 'False'
    - OutDescEst: 'Parallela' 
    - ErrorMessage: ''
0260208:
    - bResult: 'False'
    - OutDescEst: 'Rastremata' 
    - ErrorMessage: ''
0260209:
    - bResult: 'False'
    - OutDescEst: 'Rastremata' 
    - ErrorMessage: ''
0260353:
    - bResult: 'False'
    - OutDescEst: 'Parallela' 
    - ErrorMessage: ''
0260798:
    - bResult: 'False'
    - OutDescEst: 'Parallela' 
    - ErrorMessage: ''
0261167:
    - bResult: 'False'
    - OutDescEst: 'Parallela' 
    - ErrorMessage: ''
0262210:
    - bResult: 'False'
    - OutDescEst: 'Rastremata' 
    - ErrorMessage: ''
0262275:
    - bResult: 'False'
    - OutDescEst: 'Rastremata' 
    - ErrorMessage: ''
0262363:
    - bResult: 'False'
    - OutDescEst: 'Parallela' 
    - ErrorMessage: ''
0262568:
    - bResult: 'False'
    - OutDescEst: 'Rastremata' 
    - ErrorMessage: ''
0263584:
    - bResult: 'False'
    - OutDescEst: 'Rastremata' 
    - ErrorMessage: ''
0263626:
    - bResult: 'False'
    - OutDescEst: 'Rastremata' 
    - ErrorMessage: ''
0266198:
    - bResult: 'False'
    - OutDescEst: 'Rastremata' 
    - ErrorMessage: ''
0267498:
    - bResult: 'False'
    - OutDescEst: 'Rastremata' 
    - ErrorMessage: ''
0267503:
    - bResult: 'False'
    - OutDescEst: 'Rastremata' 
    - ErrorMessage: ''
0267537:
    - bResult: 'False'
    - OutDescEst: 'Parallela' 
    - ErrorMessage: ''
0268164:
    - bResult: 'False'
    - OutDescEst: 'Parallela' 
    - ErrorMessage: ''
0268165:
    - bResult: 'False'
    - OutDescEst: 'Parallela' 
    - ErrorMessage: ''
0268950:
    - bResult: 'False'
    - OutDescEst: 'Parallela' 
    - ErrorMessage: ''
0268953:
    - bResult: 'False'
    - OutDescEst: 'Parallela' 
    - ErrorMessage: ''
0268954:
    - bResult: 'False'
    - OutDescEst: 'Parallela' 
    - ErrorMessage: ''
0269405:
    - bResult: 'False'
    - OutDescEst: 'Parallela' 
    - ErrorMessage: ''
0271699:
    - bResult: 'False'
    - OutDescEst: 'Parallela' 
    - ErrorMessage: ''
0271700:
    - bResult: 'False'
    - OutDescEst: 'Parallela' 
    - ErrorMessage: ''
0271769:
    - bResult: 'False'
    - OutDescEst: 'Parallela' 
    - ErrorMessage: ''
0271770:
    - bResult: 'False'
    - OutDescEst: 'Parallela' 
    - ErrorMessage: ''
0278768:
    - bResult: 'False'
    - OutDescEst: 'Parallela' 
    - ErrorMessage: ''
0281506:
    - bResult: 'False'
    - OutDescEst: 'Rastremata' 
    - ErrorMessage: ''
0287295:
    - bResult: 'False'
    - OutDescEst: 'Parallela' 
    - ErrorMessage: ''
0288235:
    - bResult: 'False'
    - OutDescEst: 'Rastremata' 
    - ErrorMessage: ''
0288249:
    - bResult: 'False'
    - OutDescEst: 'Rastremata' 
    - ErrorMessage: ''
0288250:
    - bResult: 'False'
    - OutDescEst: 'Rastremata' 
    - ErrorMessage: ''
0288251:
    - bResult: 'False'
    - OutDescEst: 'Rastremata' 
    - ErrorMessage: ''
0288252:
    - bResult: 'False'
    - OutDescEst: 'Rastremata' 
    - ErrorMessage: ''
0288253:
    - bResult: 'False'
    - OutDescEst: 'Rastremata' 
    - ErrorMessage: ''
0288254:
    - bResult: 'False'
    - OutDescEst: 'Rastremata' 
    - ErrorMessage: ''
0288255:
    - bResult: 'False'
    - OutDescEst: 'Rastremata' 
    - ErrorMessage: ''
0288256:
    - bResult: 'False'
    - OutDescEst: 'Rastremata' 
    - ErrorMessage: ''
0288257:
    - bResult: 'False'
    - OutDescEst: 'Rastremata' 
    - ErrorMessage: ''
0288357:
    - bResult: 'False'
    - OutDescEst: 'Rastremata' 
    - ErrorMessage: ''
0288358:
    - bResult: 'False'
    - OutDescEst: 'Rastremata' 
    - ErrorMessage: ''
0288604:
    - bResult: 'False'
    - OutDescEst: 'Parallela' 
    - ErrorMessage: ''
0288605:
    - bResult: 'False'
    - OutDescEst: 'Parallela' 
    - ErrorMessage: ''
0289501:
    - bResult: 'False'
    - OutDescEst: 'Parallela' 
    - ErrorMessage: ''
1000431:
    - bResult: 'True'
    - OutDescEst: 'Parallela' 
    - ErrorMessage: 'No properties for this Code: 1000431 []'
1000434:
    - bResult: 'False'
    - OutDescEst: '' 
    - ErrorMessage: ''
1001508:
    - bResult: 'False'
    - OutDescEst: 'Rastremata' 
    - ErrorMessage: ''
1011476:
    - bResult: 'False'
    - OutDescEst: 'Rastremata' 
    - ErrorMessage: ''
1018648:
    - bResult: 'False'
    - OutDescEst: 'Rastremata' 
    - ErrorMessage: ''
