0037786:
    - bResult: 'False'
    - OutDescEst: '  Sald.Filo Lato' 
    - ErrorMessage: ''
0037787:
    - bResult: 'False'
    - OutDescEst: '  Sald.Filo Lato' 
    - ErrorMessage: ''
0041687:
    - bResult: 'False'
    - OutDescEst: '  Sald.Filo Lato' 
    - ErrorMessage: ''
0045198:
    - bResult: 'False'
    - OutDescEst: '  Sald.Filo Lato' 
    - ErrorMessage: ''
0045597:
    - bResult: 'False'
    - OutDescEst: '  Sald.Filo Lato' 
    - ErrorMessage: ''
0047021:
    - bResult: 'False'
    - OutDescEst: '  Sald.Filo Lato' 
    - ErrorMessage: ''
0047529:
    - bResult: 'False'
    - OutDescEst: '  Sald.Filo Lato' 
    - ErrorMessage: ''
0047729:
    - bResult: 'False'
    - OutDescEst: '  Sald.Filo Lato' 
    - ErrorMessage: ''
0047730:
    - bResult: 'False'
    - OutDescEst: '  Sald.Filo Lato' 
    - ErrorMessage: ''
0049954:
    - bResult: 'False'
    - OutDescEst: '  Sald.Filo Lato' 
    - ErrorMessage: ''
0050225:
    - bResult: 'False'
    - OutDescEst: '  Sald.Filo Lato' 
    - ErrorMessage: ''
0050226:
    - bResult: 'False'
    - OutDescEst: '  Sald.Filo Lato' 
    - ErrorMessage: ''
0051797:
    - bResult: 'False'
    - OutDescEst: '  Sald.Filo Lato' 
    - ErrorMessage: ''
0051798:
    - bResult: 'False'
    - OutDescEst: '  Sald.Filo Lato' 
    - ErrorMessage: ''
0052521:
    - bResult: 'False'
    - OutDescEst: '  Sald.Filo Lato' 
    - ErrorMessage: ''
0052522:
    - bResult: 'False'
    - OutDescEst: '  Sald.Filo Lato' 
    - ErrorMessage: ''
0058108:
    - bResult: 'False'
    - OutDescEst: '  Sald.Filo Lato' 
    - ErrorMessage: ''
0059291:
    - bResult: 'False'
    - OutDescEst: '  Sald.Filo Lato' 
    - ErrorMessage: ''
0059747:
    - bResult: 'False'
    - OutDescEst: '  Sald.Filo Lato' 
    - ErrorMessage: ''
0059878:
    - bResult: 'False'
    - OutDescEst: '  Sald.Filo Lato' 
    - ErrorMessage: ''
0059879:
    - bResult: 'False'
    - OutDescEst: '  Sald.Filo Lato' 
    - ErrorMessage: ''
0062391:
    - bResult: 'False'
    - OutDescEst: '  Sald.Filo Lato' 
    - ErrorMessage: ''
0062392:
    - bResult: 'False'
    - OutDescEst: '  Sald.Filo Lato' 
    - ErrorMessage: ''
0063510:
    - bResult: 'False'
    - OutDescEst: '  Sald.Filo Lato' 
    - ErrorMessage: ''
0067127:
    - bResult: 'False'
    - OutDescEst: '  Sald.Filo Lato' 
    - ErrorMessage: ''
0067128:
    - bResult: 'False'
    - OutDescEst: '  Sald.Filo Lato' 
    - ErrorMessage: ''
0067800:
    - bResult: 'False'
    - OutDescEst: '  Sald.Filo Lato' 
    - ErrorMessage: ''
0068290:
    - bResult: 'False'
    - OutDescEst: '  Sald.Filo Lato' 
    - ErrorMessage: ''
0068948:
    - bResult: 'False'
    - OutDescEst: '  Sald.Filo Lato' 
    - ErrorMessage: ''
0068949:
    - bResult: 'False'
    - OutDescEst: '  Sald.Filo Lato' 
    - ErrorMessage: ''
0069211:
    - bResult: 'False'
    - OutDescEst: '  Sald.Filo Lato' 
    - ErrorMessage: ''
0069212:
    - bResult: 'False'
    - OutDescEst: '  Sald.Filo Lato' 
    - ErrorMessage: ''
0077369:
    - bResult: 'False'
    - OutDescEst: '  Sald.Filo Lato' 
    - ErrorMessage: ''
0077370:
    - bResult: 'False'
    - OutDescEst: '  Sald.Filo Lato' 
    - ErrorMessage: ''
0077371:
    - bResult: 'False'
    - OutDescEst: ' piastra 200x200x6 Sald.Filo Lato' 
    - ErrorMessage: ''
0077372:
    - bResult: 'False'
    - OutDescEst: ' piastra 200x200x6 Sald.Filo Lato' 
    - ErrorMessage: ''
0077374:
    - bResult: 'False'
    - OutDescEst: ' ang.106x106x6 L=200 Sald.Filo Lato' 
    - ErrorMessage: ''
0077398:
    - bResult: 'False'
    - OutDescEst: ' ang.106x106x6 L=200 Sald.Filo Lato' 
    - ErrorMessage: ''
0077644:
    - bResult: 'False'
    - OutDescEst: '  Sald.Filo Lato' 
    - ErrorMessage: ''
0077645:
    - bResult: 'False'
    - OutDescEst: '  Sald.Filo Lato' 
    - ErrorMessage: ''
0078180:
    - bResult: 'False'
    - OutDescEst: '  Sald.Filo Lato' 
    - ErrorMessage: ''
0080677:
    - bResult: 'False'
    - OutDescEst: '  Sald.Filo Lato' 
    - ErrorMessage: ''
0080678:
    - bResult: 'False'
    - OutDescEst: '  Sald.Filo Lato' 
    - ErrorMessage: ''
0082269:
    - bResult: 'False'
    - OutDescEst: '  Sald.Filo Lato' 
    - ErrorMessage: ''
0082270:
    - bResult: 'False'
    - OutDescEst: '  Sald.Filo Lato' 
    - ErrorMessage: ''
0086131:
    - bResult: 'False'
    - OutDescEst: '  Sald.Filo Lato' 
    - ErrorMessage: ''
0089847:
    - bResult: 'False'
    - OutDescEst: '  Sald.Filo Lato' 
    - ErrorMessage: ''
0089848:
    - bResult: 'False'
    - OutDescEst: '  Sald.Filo Lato' 
    - ErrorMessage: ''
0090519:
    - bResult: 'False'
    - OutDescEst: ' piastra 200x200x6 Sald.Filo Lato' 
    - ErrorMessage: ''
0090520:
    - bResult: 'False'
    - OutDescEst: ' piastra 200x200x6 Sald.Filo Lato' 
    - ErrorMessage: ''
0093684:
    - bResult: 'False'
    - OutDescEst: '  Sald.Filo Lato' 
    - ErrorMessage: ''
0094291:
    - bResult: 'False'
    - OutDescEst: '  Sald.Filo Lato' 
    - ErrorMessage: ''
0095369:
    - bResult: 'False'
    - OutDescEst: '  Sald.Filo Lato' 
    - ErrorMessage: ''
0095874:
    - bResult: 'False'
    - OutDescEst: ' ang.106x106x6 L=200 Sald.Filo Lato' 
    - ErrorMessage: ''
0096034:
    - bResult: 'False'
    - OutDescEst: '  Sald.Filo Lato' 
    - ErrorMessage: ''
0096035:
    - bResult: 'False'
    - OutDescEst: '  Sald.Filo Lato' 
    - ErrorMessage: ''
0096037:
    - bResult: 'False'
    - OutDescEst: '  Sald.Filo Lato' 
    - ErrorMessage: ''
0096038:
    - bResult: 'False'
    - OutDescEst: '  Sald.Filo Lato' 
    - ErrorMessage: ''
0096948:
    - bResult: 'False'
    - OutDescEst: '  Sald.Filo Lato' 
    - ErrorMessage: ''
0096949:
    - bResult: 'False'
    - OutDescEst: '  Sald.Filo Lato' 
    - ErrorMessage: ''
0097105:
    - bResult: 'False'
    - OutDescEst: ' piastra 200x200x6 Sald.Filo Lato' 
    - ErrorMessage: ''
0099405:
    - bResult: 'False'
    - OutDescEst: '  Sald.Filo Lato' 
    - ErrorMessage: ''
0099406:
    - bResult: 'False'
    - OutDescEst: '  Sald.Filo Lato' 
    - ErrorMessage: ''
0104328:
    - bResult: 'False'
    - OutDescEst: ' ang.106x106x6 L=200 Sald.Filo Lato' 
    - ErrorMessage: ''
0105329:
    - bResult: 'False'
    - OutDescEst: ' ang.106x106x6 L=200 Sald.Filo Lato' 
    - ErrorMessage: ''
0109998:
    - bResult: 'False'
    - OutDescEst: '  Sald.Filo Lato' 
    - ErrorMessage: ''
0110135:
    - bResult: 'False'
    - OutDescEst: ' piastra 200x200x6 Sald.Filo Lato' 
    - ErrorMessage: ''
0110140:
    - bResult: 'False'
    - OutDescEst: ' piastra 200x200x6 Sald.Filo Lato' 
    - ErrorMessage: ''
0110281:
    - bResult: 'False'
    - OutDescEst: '  Sald.Filo Lato' 
    - ErrorMessage: ''
0110282:
    - bResult: 'False'
    - OutDescEst: '  Sald.Filo Lato' 
    - ErrorMessage: ''
0110482:
    - bResult: 'False'
    - OutDescEst: '  Sald.Filo Lato' 
    - ErrorMessage: ''
0111606:
    - bResult: 'False'
    - OutDescEst: '  Sald.Filo Lato' 
    - ErrorMessage: ''
0111607:
    - bResult: 'False'
    - OutDescEst: '  Sald.Filo Lato' 
    - ErrorMessage: ''
0111687:
    - bResult: 'False'
    - OutDescEst: '  Sald.Filo Lato' 
    - ErrorMessage: ''
0114204:
    - bResult: 'False'
    - OutDescEst: '  Sald.Filo Lato' 
    - ErrorMessage: ''
0114392:
    - bResult: 'False'
    - OutDescEst: '  Sald.Filo Lato' 
    - ErrorMessage: ''
0114393:
    - bResult: 'False'
    - OutDescEst: '  Sald.Filo Lato' 
    - ErrorMessage: ''
0114394:
    - bResult: 'False'
    - OutDescEst: '  Sald.Filo Lato' 
    - ErrorMessage: ''
0114395:
    - bResult: 'False'
    - OutDescEst: '  Sald.Filo Lato' 
    - ErrorMessage: ''
0114984:
    - bResult: 'False'
    - OutDescEst: ' piastra 200x200x6 Sald.Filo Lato' 
    - ErrorMessage: ''
0114985:
    - bResult: 'False'
    - OutDescEst: ' piastra 200x200x6 Sald.Filo Lato' 
    - ErrorMessage: ''
0117565:
    - bResult: 'False'
    - OutDescEst: '  Sald.Filo Lato' 
    - ErrorMessage: ''
0119044:
    - bResult: 'False'
    - OutDescEst: '  Sald.Filo Lato' 
    - ErrorMessage: ''
0119045:
    - bResult: 'False'
    - OutDescEst: '  Sald.Filo Lato' 
    - ErrorMessage: ''
0119615:
    - bResult: 'False'
    - OutDescEst: '  Sald.Filo Lato' 
    - ErrorMessage: ''
0119616:
    - bResult: 'False'
    - OutDescEst: '  Sald.Filo Lato' 
    - ErrorMessage: ''
0119644:
    - bResult: 'False'
    - OutDescEst: ' piastra 200x200x6 Sald.Filo Lato' 
    - ErrorMessage: ''
0119649:
    - bResult: 'False'
    - OutDescEst: ' piastra 200x200x6 Sald.Filo Lato' 
    - ErrorMessage: ''
0120110:
    - bResult: 'False'
    - OutDescEst: '  Sald.Filo Lato' 
    - ErrorMessage: ''
0120805:
    - bResult: 'False'
    - OutDescEst: '  Sald.Filo Lato' 
    - ErrorMessage: ''
0122081:
    - bResult: 'False'
    - OutDescEst: '  Sald.Filo Lato' 
    - ErrorMessage: ''
0122082:
    - bResult: 'False'
    - OutDescEst: '  Sald.Filo Lato' 
    - ErrorMessage: ''
0122083:
    - bResult: 'False'
    - OutDescEst: '  Sald.Filo Lato' 
    - ErrorMessage: ''
0122084:
    - bResult: 'False'
    - OutDescEst: '  Sald.Filo Lato' 
    - ErrorMessage: ''
0122086:
    - bResult: 'False'
    - OutDescEst: '  Sald.Filo Lato' 
    - ErrorMessage: ''
0122115:
    - bResult: 'False'
    - OutDescEst: '  Sald.Filo Lato' 
    - ErrorMessage: ''
0122129:
    - bResult: 'False'
    - OutDescEst: '  Sald.Filo Lato' 
    - ErrorMessage: ''
0122133:
    - bResult: 'False'
    - OutDescEst: '  Sald.Filo Lato' 
    - ErrorMessage: ''
0127236:
    - bResult: 'False'
    - OutDescEst: '  Sald.Filo Lato' 
    - ErrorMessage: ''
0130066:
    - bResult: 'False'
    - OutDescEst: '  Sald.Filo Lato' 
    - ErrorMessage: ''
0132388:
    - bResult: 'False'
    - OutDescEst: '  Sald.Filo Lato' 
    - ErrorMessage: ''
0132389:
    - bResult: 'False'
    - OutDescEst: '  Sald.Filo Lato' 
    - ErrorMessage: ''
0133681:
    - bResult: 'False'
    - OutDescEst: '  Sald.Filo Lato' 
    - ErrorMessage: ''
0133682:
    - bResult: 'False'
    - OutDescEst: '  Sald.Filo Lato' 
    - ErrorMessage: ''
0135808:
    - bResult: 'False'
    - OutDescEst: '  Sald.Filo Lato' 
    - ErrorMessage: ''
0137335:
    - bResult: 'False'
    - OutDescEst: '  Sald.Filo Lato' 
    - ErrorMessage: ''
0138038:
    - bResult: 'False'
    - OutDescEst: '  Sald.Filo Lato' 
    - ErrorMessage: ''
0139219:
    - bResult: 'False'
    - OutDescEst: '  Sald.Filo Lato' 
    - ErrorMessage: ''
0140196:
    - bResult: 'False'
    - OutDescEst: '  Sald.Filo Lato' 
    - ErrorMessage: ''
0141769:
    - bResult: 'False'
    - OutDescEst: '  Sald.Filo Lato' 
    - ErrorMessage: ''
0141770:
    - bResult: 'False'
    - OutDescEst: '  Sald.Filo Lato' 
    - ErrorMessage: ''
0141913:
    - bResult: 'False'
    - OutDescEst: '  Sald.Filo Lato' 
    - ErrorMessage: ''
0142079:
    - bResult: 'False'
    - OutDescEst: '  Sald.Filo Lato' 
    - ErrorMessage: ''
0142080:
    - bResult: 'False'
    - OutDescEst: '  Sald.Filo Lato' 
    - ErrorMessage: ''
0142590:
    - bResult: 'False'
    - OutDescEst: '  Sald.Filo Lato' 
    - ErrorMessage: ''
0142591:
    - bResult: 'False'
    - OutDescEst: '  Sald.Filo Lato' 
    - ErrorMessage: ''
0145396:
    - bResult: 'False'
    - OutDescEst: ' piastra 200x200x6 Sald.Filo Lato' 
    - ErrorMessage: ''
0145397:
    - bResult: 'False'
    - OutDescEst: ' piastra 200x200x6 Sald.Filo Lato' 
    - ErrorMessage: ''
0147343:
    - bResult: 'False'
    - OutDescEst: '  Sald.Filo Lato' 
    - ErrorMessage: ''
0147421:
    - bResult: 'False'
    - OutDescEst: '  Sald.Filo Lato' 
    - ErrorMessage: ''
0147774:
    - bResult: 'False'
    - OutDescEst: '  Sald.Filo Lato' 
    - ErrorMessage: ''
0148015:
    - bResult: 'False'
    - OutDescEst: ' piastra 200x200x6 Sald.Filo Lato' 
    - ErrorMessage: ''
0150455:
    - bResult: 'False'
    - OutDescEst: '  Sald.Filo Lato' 
    - ErrorMessage: ''
0150456:
    - bResult: 'False'
    - OutDescEst: '  Sald.Filo Lato' 
    - ErrorMessage: ''
0152338:
    - bResult: 'False'
    - OutDescEst: '  Sald.Filo Lato' 
    - ErrorMessage: ''
0154109:
    - bResult: 'False'
    - OutDescEst: ' piastra 200x200x6 Sald.Filo Lato' 
    - ErrorMessage: ''
0154110:
    - bResult: 'False'
    - OutDescEst: ' piastra 200x200x6 Sald.Filo Lato' 
    - ErrorMessage: ''
0154111:
    - bResult: 'False'
    - OutDescEst: ' piastra 200x200x6 Sald.Filo Lato' 
    - ErrorMessage: ''
0154112:
    - bResult: 'False'
    - OutDescEst: ' piastra 200x200x6 Sald.Filo Lato' 
    - ErrorMessage: ''
0155897:
    - bResult: 'False'
    - OutDescEst: '  Sald.Filo Lato' 
    - ErrorMessage: ''
0158940:
    - bResult: 'False'
    - OutDescEst: '  Sald.Filo Lato' 
    - ErrorMessage: ''
0159587:
    - bResult: 'False'
    - OutDescEst: '  Sald.Filo Lato' 
    - ErrorMessage: ''
0159588:
    - bResult: 'False'
    - OutDescEst: '  Sald.Filo Lato' 
    - ErrorMessage: ''
0159589:
    - bResult: 'False'
    - OutDescEst: '  Sald.Filo Lato' 
    - ErrorMessage: ''
0161551:
    - bResult: 'False'
    - OutDescEst: '  Sald.Filo Lato' 
    - ErrorMessage: ''
0162763:
    - bResult: 'False'
    - OutDescEst: '  Sald.Filo Lato' 
    - ErrorMessage: ''
0164409:
    - bResult: 'False'
    - OutDescEst: ' piastra 200x200x6 Sald.Filo Lato' 
    - ErrorMessage: ''
0164410:
    - bResult: 'False'
    - OutDescEst: ' piastra 200x200x6 Sald.Filo Lato' 
    - ErrorMessage: ''
0166199:
    - bResult: 'False'
    - OutDescEst: '  Sald.Filo Lato' 
    - ErrorMessage: ''
0166200:
    - bResult: 'False'
    - OutDescEst: '  Sald.Filo Lato' 
    - ErrorMessage: ''
0173192:
    - bResult: 'False'
    - OutDescEst: '  Sald.Filo Lato' 
    - ErrorMessage: ''
0173193:
    - bResult: 'False'
    - OutDescEst: '  Sald.Filo Lato' 
    - ErrorMessage: ''
0173934:
    - bResult: 'False'
    - OutDescEst: '  Sald.Filo Lato' 
    - ErrorMessage: ''
0174274:
    - bResult: 'False'
    - OutDescEst: ' ang.106x106x6 L=200 Sald.Filo Lato' 
    - ErrorMessage: ''
0174275:
    - bResult: 'False'
    - OutDescEst: ' ang.106x106x6 L=200 Sald.Filo Lato' 
    - ErrorMessage: ''
0174345:
    - bResult: 'False'
    - OutDescEst: ' piastra 200x200x6 Sald.Sx' 
    - ErrorMessage: ''
0174346:
    - bResult: 'False'
    - OutDescEst: ' piastra 200x200x6 Sald.Sx' 
    - ErrorMessage: ''
0174347:
    - bResult: 'False'
    - OutDescEst: ' piastra 200x200x6 Sald.Dx' 
    - ErrorMessage: ''
0174348:
    - bResult: 'False'
    - OutDescEst: ' piastra 200x200x6 Sald.Dx' 
    - ErrorMessage: ''
0174510:
    - bResult: 'False'
    - OutDescEst: '  Sald.Filo Lato' 
    - ErrorMessage: ''
0175764:
    - bResult: 'False'
    - OutDescEst: '  Sald.Filo Lato' 
    - ErrorMessage: ''
0176534:
    - bResult: 'False'
    - OutDescEst: '  ""' 
    - ErrorMessage: ''
0176535:
    - bResult: 'False'
    - OutDescEst: '  ""' 
    - ErrorMessage: ''
0180336:
    - bResult: 'False'
    - OutDescEst: '  Sald.Filo Lato' 
    - ErrorMessage: ''
0181302:
    - bResult: 'False'
    - OutDescEst: '  Sald.Filo Lato' 
    - ErrorMessage: ''
0181303:
    - bResult: 'False'
    - OutDescEst: '  Sald.Filo Lato' 
    - ErrorMessage: ''
0183143:
    - bResult: 'False'
    - OutDescEst: ' piastra 200x200x6 Sald.Filo Lato' 
    - ErrorMessage: ''
0184699:
    - bResult: 'False'
    - OutDescEst: '  Sald.Filo Lato' 
    - ErrorMessage: ''
0184780:
    - bResult: 'False'
    - OutDescEst: ' piastra 200x200x6 Sald.Filo Lato' 
    - ErrorMessage: ''
0184781:
    - bResult: 'False'
    - OutDescEst: ' piastra 200x200x6 Sald.Filo Lato' 
    - ErrorMessage: ''
0185377:
    - bResult: 'False'
    - OutDescEst: '  Sald.Filo Lato' 
    - ErrorMessage: ''
0185929:
    - bResult: 'False'
    - OutDescEst: '  Sald.Filo Lato' 
    - ErrorMessage: ''
0186041:
    - bResult: 'False'
    - OutDescEst: '  Sald.Filo Lato' 
    - ErrorMessage: ''
0186042:
    - bResult: 'False'
    - OutDescEst: '  Sald.Filo Lato' 
    - ErrorMessage: ''
0186422:
    - bResult: 'False'
    - OutDescEst: ' ang.86x126x6 L=200 Sald.Filo Lato' 
    - ErrorMessage: ''
0186423:
    - bResult: 'False'
    - OutDescEst: ' ang.86x126x6 L=200 Sald.Filo Lato' 
    - ErrorMessage: ''
0186569:
    - bResult: 'False'
    - OutDescEst: '  Sald.Filo Lato' 
    - ErrorMessage: ''
0186570:
    - bResult: 'False'
    - OutDescEst: '  Sald.Filo Lato' 
    - ErrorMessage: ''
0187554:
    - bResult: 'False'
    - OutDescEst: '  Sald.Filo Lato' 
    - ErrorMessage: ''
0187555:
    - bResult: 'False'
    - OutDescEst: '  Sald.Filo Lato' 
    - ErrorMessage: ''
0188131:
    - bResult: 'False'
    - OutDescEst: ' piastra 200x200x6 Sald.Filo Lato' 
    - ErrorMessage: ''
0188470:
    - bResult: 'False'
    - OutDescEst: '  Sald.Filo Lato' 
    - ErrorMessage: ''
0188508:
    - bResult: 'False'
    - OutDescEst: '  Sald.Filo Lato' 
    - ErrorMessage: ''
0192524:
    - bResult: 'False'
    - OutDescEst: ' piastra 200x200x6 Sald.Filo Lato' 
    - ErrorMessage: ''
0192596:
    - bResult: 'False'
    - OutDescEst: '  Sald.Filo Lato' 
    - ErrorMessage: ''
0194140:
    - bResult: 'False'
    - OutDescEst: ' ang.106x106x6 L=200 Sald.Filo Lato' 
    - ErrorMessage: ''
0194141:
    - bResult: 'False'
    - OutDescEst: ' ang.106x106x6 L=200 Sald.Filo Lato' 
    - ErrorMessage: ''
0194142:
    - bResult: 'False'
    - OutDescEst: ' ang.106x106x6 L=200 Sald.Filo Lato' 
    - ErrorMessage: ''
0194143:
    - bResult: 'False'
    - OutDescEst: ' ang.106x106x6 L=200 Sald.Filo Lato' 
    - ErrorMessage: ''
0195006:
    - bResult: 'False'
    - OutDescEst: '  Sald.Filo Lato' 
    - ErrorMessage: ''
0195007:
    - bResult: 'False'
    - OutDescEst: '  Sald.Filo Lato' 
    - ErrorMessage: ''
0195238:
    - bResult: 'False'
    - OutDescEst: '  Sald.Filo Lato' 
    - ErrorMessage: ''
0195239:
    - bResult: 'False'
    - OutDescEst: '  Sald.Filo Lato' 
    - ErrorMessage: ''
0195240:
    - bResult: 'False'
    - OutDescEst: '  Sald.Filo Lato' 
    - ErrorMessage: ''
0195241:
    - bResult: 'False'
    - OutDescEst: '  Sald.Filo Lato' 
    - ErrorMessage: ''
0196623:
    - bResult: 'False'
    - OutDescEst: '  Sald.Sx' 
    - ErrorMessage: ''
0196624:
    - bResult: 'False'
    - OutDescEst: '  Sald.Sx' 
    - ErrorMessage: ''
0201311:
    - bResult: 'False'
    - OutDescEst: '  Sald.Filo Lato' 
    - ErrorMessage: ''
0201337:
    - bResult: 'False'
    - OutDescEst: '  Sald.Filo Lato' 
    - ErrorMessage: ''
0201338:
    - bResult: 'False'
    - OutDescEst: '  Sald.Filo Lato' 
    - ErrorMessage: ''
0210007:
    - bResult: 'False'
    - OutDescEst: '  Sald.Filo Lato' 
    - ErrorMessage: ''
0210008:
    - bResult: 'False'
    - OutDescEst: '  Sald.Filo Lato' 
    - ErrorMessage: ''
0218568:
    - bResult: 'False'
    - OutDescEst: '  Sald.Filo Lato' 
    - ErrorMessage: ''
0218569:
    - bResult: 'False'
    - OutDescEst: '  Sald.Filo Lato' 
    - ErrorMessage: ''
0221254:
    - bResult: 'False'
    - OutDescEst: '  Sald.Filo Lato' 
    - ErrorMessage: ''
0222470:
    - bResult: 'False'
    - OutDescEst: '  Sald.Filo Lato' 
    - ErrorMessage: ''
0222471:
    - bResult: 'False'
    - OutDescEst: '  Sald.Filo Lato' 
    - ErrorMessage: ''
0224540:
    - bResult: 'False'
    - OutDescEst: '  Sald.Filo Lato' 
    - ErrorMessage: ''
0224541:
    - bResult: 'False'
    - OutDescEst: '  Sald.Filo Lato' 
    - ErrorMessage: ''
0224960:
    - bResult: 'False'
    - OutDescEst: '  Sald.Filo Lato' 
    - ErrorMessage: ''
0224961:
    - bResult: 'False'
    - OutDescEst: '  Sald.Filo Lato' 
    - ErrorMessage: ''
0226193:
    - bResult: 'False'
    - OutDescEst: '  Sald.Filo Lato' 
    - ErrorMessage: ''
0226194:
    - bResult: 'False'
    - OutDescEst: '  Sald.Filo Lato' 
    - ErrorMessage: ''
0226608:
    - bResult: 'False'
    - OutDescEst: '  Sald.Filo Lato' 
    - ErrorMessage: ''
0226609:
    - bResult: 'False'
    - OutDescEst: '  Sald.Filo Lato' 
    - ErrorMessage: ''
0227775:
    - bResult: 'False'
    - OutDescEst: '  Sald.Filo Lato' 
    - ErrorMessage: ''
0230397:
    - bResult: 'False'
    - OutDescEst: '  Sald.Filo Lato' 
    - ErrorMessage: ''
0230398:
    - bResult: 'False'
    - OutDescEst: '  Sald.Filo Lato' 
    - ErrorMessage: ''
0230722:
    - bResult: 'False'
    - OutDescEst: '  Sald.Filo Lato' 
    - ErrorMessage: ''
0236005:
    - bResult: 'False'
    - OutDescEst: ' piastra 200x200x6 Sald.Filo Lato' 
    - ErrorMessage: ''
0236776:
    - bResult: 'False'
    - OutDescEst: '  Sald.Filo Lato' 
    - ErrorMessage: ''
0236777:
    - bResult: 'False'
    - OutDescEst: '  Sald.Filo Lato' 
    - ErrorMessage: ''
0238199:
    - bResult: 'False'
    - OutDescEst: '  Sald.Filo Lato' 
    - ErrorMessage: ''
0238200:
    - bResult: 'False'
    - OutDescEst: '  Sald.Filo Lato' 
    - ErrorMessage: ''
0238537:
    - bResult: 'False'
    - OutDescEst: '  Sald.Filo Lato' 
    - ErrorMessage: ''
0240996:
    - bResult: 'False'
    - OutDescEst: '  Sald.Filo Lato' 
    - ErrorMessage: ''
0246875:
    - bResult: 'False'
    - OutDescEst: '  Sald.Filo Lato' 
    - ErrorMessage: ''
0246876:
    - bResult: 'False'
    - OutDescEst: '  Sald.Filo Lato' 
    - ErrorMessage: ''
0247326:
    - bResult: 'False'
    - OutDescEst: '  Sald.Filo Lato' 
    - ErrorMessage: ''
0250549:
    - bResult: 'False'
    - OutDescEst: '  Sald.Filo Lato' 
    - ErrorMessage: ''
0250554:
    - bResult: 'False'
    - OutDescEst: '  Sald.Filo Lato' 
    - ErrorMessage: ''
0256836:
    - bResult: 'False'
    - OutDescEst: ' piastra 200x200x6 Sald.Filo Lato' 
    - ErrorMessage: ''
0257124:
    - bResult: 'False'
    - OutDescEst: ' piastra 200x200x6 Sald.Filo Lato' 
    - ErrorMessage: ''
0257355:
    - bResult: 'False'
    - OutDescEst: ' piastra 200x200x6 Sald.Filo Lato' 
    - ErrorMessage: ''
0258119:
    - bResult: 'False'
    - OutDescEst: '  Sald.Filo Lato' 
    - ErrorMessage: ''
0262718:
    - bResult: 'False'
    - OutDescEst: '  Sald.Filo Lato' 
    - ErrorMessage: ''
0263550:
    - bResult: 'False'
    - OutDescEst: '  Sald.Filo Lato' 
    - ErrorMessage: ''
0263551:
    - bResult: 'False'
    - OutDescEst: '  Sald.Filo Lato' 
    - ErrorMessage: ''
0275770:
    - bResult: 'False'
    - OutDescEst: '  Sald.Filo Lato' 
    - ErrorMessage: ''
0275771:
    - bResult: 'False'
    - OutDescEst: '  Sald.Filo Lato' 
    - ErrorMessage: ''
0284368:
    - bResult: 'False'
    - OutDescEst: '  ' 
    - ErrorMessage: ''
0284369:
    - bResult: 'False'
    - OutDescEst: '  ' 
    - ErrorMessage: ''
0284503:
    - bResult: 'False'
    - OutDescEst: '  ' 
    - ErrorMessage: ''
0285739:
    - bResult: 'False'
    - OutDescEst: '  ' 
    - ErrorMessage: ''
0288553:
    - bResult: 'False'
    - OutDescEst: '  ' 
    - ErrorMessage: ''
0288554:
    - bResult: 'False'
    - OutDescEst: '  ' 
    - ErrorMessage: ''
0288650:
    - bResult: 'False'
    - OutDescEst: '  ' 
    - ErrorMessage: ''
0288653:
    - bResult: 'False'
    - OutDescEst: '  ' 
    - ErrorMessage: ''
0288697:
    - bResult: 'False'
    - OutDescEst: '  ' 
    - ErrorMessage: ''
0288914:
    - bResult: 'False'
    - OutDescEst: '  ' 
    - ErrorMessage: ''
0288931:
    - bResult: 'False'
    - OutDescEst: '  ' 
    - ErrorMessage: ''
