0044000:
    - bResult: 'False'
    - OutDescEst: 'Conn. ganci  - L Taglio =  (mon.)' 
    - ErrorMessage: ''
0062945:
    - bResult: 'False'
    - OutDescEst: 'Conn.5 ganci norm. - L Taglio = 3827 (mon.A)' 
    - ErrorMessage: ''
0062946:
    - bResult: 'False'
    - OutDescEst: 'Conn.5 ganci norm. - L Taglio = 3827 (mon.A)' 
    - ErrorMessage: ''
0062947:
    - bResult: 'False'
    - OutDescEst: 'Conn.5 ganci norm. - L Taglio = 3827 (mon.A)' 
    - ErrorMessage: ''
0062948:
    - bResult: 'False'
    - OutDescEst: 'Conn.5 ganci norm. - L Taglio = 3827 (mon.A)' 
    - ErrorMessage: ''
0065383:
    - bResult: 'False'
    - OutDescEst: 'Conn.5 ganci norm. - L Taglio = 4643 (mon.D)' 
    - ErrorMessage: ''
0065384:
    - bResult: 'False'
    - OutDescEst: 'Conn.5 ganci norm. - L Taglio = 4643 (mon.D)' 
    - ErrorMessage: ''
0065385:
    - bResult: 'False'
    - OutDescEst: 'Conn.5 ganci norm. - L Taglio = 4643 (mon.D)' 
    - ErrorMessage: ''
0065386:
    - bResult: 'False'
    - OutDescEst: 'Conn.5 ganci norm. - L Taglio = 4643 (mon.D)' 
    - ErrorMessage: ''
0072917:
    - bResult: 'False'
    - OutDescEst: 'Conn.5 ganci norm. - L Taglio = 2753 (mon.C)' 
    - ErrorMessage: ''
0072918:
    - bResult: 'False'
    - OutDescEst: 'Conn.5 ganci norm. - L Taglio = 2753 (mon.C)' 
    - ErrorMessage: ''
0072919:
    - bResult: 'False'
    - OutDescEst: 'Conn.5 ganci norm. - L Taglio = 2753 (mon.C)' 
    - ErrorMessage: ''
0072920:
    - bResult: 'False'
    - OutDescEst: 'Conn.5 ganci norm. - L Taglio = 2753 (mon.C)' 
    - ErrorMessage: ''
0072941:
    - bResult: 'False'
    - OutDescEst: 'Conn.5 ganci norm. - L Taglio = 1983 (mon.B)' 
    - ErrorMessage: ''
0072942:
    - bResult: 'False'
    - OutDescEst: 'Conn.5 ganci norm. - L Taglio = 1983 (mon.B)' 
    - ErrorMessage: ''
0072943:
    - bResult: 'False'
    - OutDescEst: 'Conn.5 ganci norm. - L Taglio = 1983 (mon.B)' 
    - ErrorMessage: ''
0072944:
    - bResult: 'False'
    - OutDescEst: 'Conn.5 ganci norm. - L Taglio = 1983 (mon.B)' 
    - ErrorMessage: ''
0072949:
    - bResult: 'False'
    - OutDescEst: 'Conn.5 ganci norm. - L Taglio = 2923 (mon.D)' 
    - ErrorMessage: ''
0072950:
    - bResult: 'False'
    - OutDescEst: 'Conn.5 ganci norm. - L Taglio = 2923 (mon.D)' 
    - ErrorMessage: ''
0072951:
    - bResult: 'False'
    - OutDescEst: 'Conn.5 ganci norm. - L Taglio = 2923 (mon.D)' 
    - ErrorMessage: ''
0072952:
    - bResult: 'False'
    - OutDescEst: 'Conn.5 ganci norm. - L Taglio = 2923 (mon.D)' 
    - ErrorMessage: ''
0073823:
    - bResult: 'False'
    - OutDescEst: 'Conn.5 ganci norm. - L Taglio = 4053 (mon.C)' 
    - ErrorMessage: ''
0073824:
    - bResult: 'False'
    - OutDescEst: 'Conn.5 ganci norm. - L Taglio = 4053 (mon.C)' 
    - ErrorMessage: ''
0073825:
    - bResult: 'False'
    - OutDescEst: 'Conn.5 ganci norm. - L Taglio = 4053 (mon.C)' 
    - ErrorMessage: ''
0073826:
    - bResult: 'False'
    - OutDescEst: 'Conn.5 ganci norm. - L Taglio = 4053 (mon.C)' 
    - ErrorMessage: ''
0075031:
    - bResult: 'False'
    - OutDescEst: 'Conn.5 ganci norm. - L Taglio = 5874 (mon.A)' 
    - ErrorMessage: ''
0075032:
    - bResult: 'False'
    - OutDescEst: 'Conn.5 ganci norm. - L Taglio = 5874 (mon.A)' 
    - ErrorMessage: ''
0075033:
    - bResult: 'False'
    - OutDescEst: 'Conn.5 ganci norm. - L Taglio = 5874 (mon.A)' 
    - ErrorMessage: ''
0075034:
    - bResult: 'False'
    - OutDescEst: 'Conn.5 ganci norm. - L Taglio = 5874 (mon.A)' 
    - ErrorMessage: ''
0075550:
    - bResult: 'False'
    - OutDescEst: 'Conn.5 ganci norm. - L Taglio = 5017 (mon.C)' 
    - ErrorMessage: ''
0075551:
    - bResult: 'False'
    - OutDescEst: 'Conn.5 ganci norm. - L Taglio = 5017 (mon.C)' 
    - ErrorMessage: ''
0075552:
    - bResult: 'False'
    - OutDescEst: 'Conn.5 ganci norm. - L Taglio = 5017 (mon.C)' 
    - ErrorMessage: ''
0075553:
    - bResult: 'False'
    - OutDescEst: 'Conn.5 ganci norm. - L Taglio = 5017 (mon.C)' 
    - ErrorMessage: ''
0081169:
    - bResult: 'False'
    - OutDescEst: 'Conn.5 ganci norm. - L Taglio = 5009 (mon.C)' 
    - ErrorMessage: ''
0081170:
    - bResult: 'False'
    - OutDescEst: 'Conn.5 ganci norm. - L Taglio = 5009 (mon.C)' 
    - ErrorMessage: ''
0081196:
    - bResult: 'False'
    - OutDescEst: 'Conn.5 ganci norm. - L Taglio = 5009 (mon.C)' 
    - ErrorMessage: ''
0081197:
    - bResult: 'False'
    - OutDescEst: 'Conn.5 ganci norm. - L Taglio = 5009 (mon.C)' 
    - ErrorMessage: ''
0083805:
    - bResult: 'False'
    - OutDescEst: 'Conn.5 ganci norm. - L Taglio = 3873 (mon.D)' 
    - ErrorMessage: ''
0083806:
    - bResult: 'False'
    - OutDescEst: 'Conn.5 ganci norm. - L Taglio = 3873 (mon.D)' 
    - ErrorMessage: ''
0083814:
    - bResult: 'False'
    - OutDescEst: 'Conn.5 ganci norm. - L Taglio = 3873 (mon.D)' 
    - ErrorMessage: ''
0083815:
    - bResult: 'False'
    - OutDescEst: 'Conn.5 ganci norm. - L Taglio = 3873 (mon.D)' 
    - ErrorMessage: ''
0083873:
    - bResult: 'False'
    - OutDescEst: 'Conn.5 ganci norm. - L Taglio = 3873 (mon.D)' 
    - ErrorMessage: ''
0083875:
    - bResult: 'False'
    - OutDescEst: 'Conn.5 ganci norm. - L Taglio = 3873 (mon.D)' 
    - ErrorMessage: ''
0094752:
    - bResult: 'False'
    - OutDescEst: 'Conn.5 ganci norm. - L Taglio = 3803 (mon.C)' 
    - ErrorMessage: ''
0094753:
    - bResult: 'False'
    - OutDescEst: 'Conn.5 ganci norm. - L Taglio = 3803 (mon.C)' 
    - ErrorMessage: ''
0094755:
    - bResult: 'False'
    - OutDescEst: 'Conn.5 ganci norm. - L Taglio = 3803 (mon.C)' 
    - ErrorMessage: ''
0094756:
    - bResult: 'False'
    - OutDescEst: 'Conn.5 ganci norm. - L Taglio = 3803 (mon.C)' 
    - ErrorMessage: ''
0096435:
    - bResult: 'False'
    - OutDescEst: 'Conn.5 ganci norm. - L Taglio = 3803 (mon.C)' 
    - ErrorMessage: ''
0096436:
    - bResult: 'False'
    - OutDescEst: 'Conn.5 ganci norm. - L Taglio = 3803 (mon.C)' 
    - ErrorMessage: ''
0096441:
    - bResult: 'False'
    - OutDescEst: 'Conn.5 ganci norm. - L Taglio = 3803 (mon.C)' 
    - ErrorMessage: ''
0096442:
    - bResult: 'False'
    - OutDescEst: 'Conn.5 ganci norm. - L Taglio = 3803 (mon.C)' 
    - ErrorMessage: ''
0098219:
    - bResult: 'False'
    - OutDescEst: 'Conn.5 ganci norm. - L Taglio = 3803 (mon.C)' 
    - ErrorMessage: ''
0098220:
    - bResult: 'False'
    - OutDescEst: 'Conn.5 ganci norm. - L Taglio = 3803 (mon.C)' 
    - ErrorMessage: ''
0098222:
    - bResult: 'False'
    - OutDescEst: 'Conn.5 ganci norm. - L Taglio = 3803 (mon.C)' 
    - ErrorMessage: ''
0098223:
    - bResult: 'False'
    - OutDescEst: 'Conn.5 ganci norm. - L Taglio = 3803 (mon.C)' 
    - ErrorMessage: ''
0098225:
    - bResult: 'False'
    - OutDescEst: 'Conn.5 ganci F.S. - L Taglio = 3803 (mon.C)' 
    - ErrorMessage: ''
0098226:
    - bResult: 'False'
    - OutDescEst: 'Conn.5 ganci F.S. - L Taglio = 3803 (mon.C)' 
    - ErrorMessage: ''
0098227:
    - bResult: 'False'
    - OutDescEst: 'Conn.5 ganci F.S. - L Taglio = 3803 (mon.C)' 
    - ErrorMessage: ''
0098228:
    - bResult: 'False'
    - OutDescEst: 'Conn.5 ganci F.S. - L Taglio = 3803 (mon.C)' 
    - ErrorMessage: ''
0098303:
    - bResult: 'False'
    - OutDescEst: 'Conn. ganci  - L Taglio =  (mon.)' 
    - ErrorMessage: ''
0098304:
    - bResult: 'False'
    - OutDescEst: 'Conn. ganci  - L Taglio =  (mon.)' 
    - ErrorMessage: ''
0098305:
    - bResult: 'False'
    - OutDescEst: 'Conn. ganci  - L Taglio =  (mon.)' 
    - ErrorMessage: ''
0098306:
    - bResult: 'False'
    - OutDescEst: 'Conn. ganci  - L Taglio =  (mon.)' 
    - ErrorMessage: ''
0104941:
    - bResult: 'False'
    - OutDescEst: 'Conn.5 ganci F.S. - L Taglio = 4423 (mon.D)' 
    - ErrorMessage: ''
0104942:
    - bResult: 'False'
    - OutDescEst: 'Conn.5 ganci F.S. - L Taglio = 4423 (mon.D)' 
    - ErrorMessage: ''
0104944:
    - bResult: 'False'
    - OutDescEst: 'Conn.5 ganci norm. - L Taglio = 4423 (mon.D)' 
    - ErrorMessage: ''
0104945:
    - bResult: 'False'
    - OutDescEst: 'Conn.5 ganci norm. - L Taglio = 4423 (mon.D)' 
    - ErrorMessage: ''
0104946:
    - bResult: 'False'
    - OutDescEst: 'Conn.5 ganci norm. - L Taglio = 4423 (mon.D)' 
    - ErrorMessage: ''
0104947:
    - bResult: 'False'
    - OutDescEst: 'Conn.5 ganci norm. - L Taglio = 4423 (mon.D)' 
    - ErrorMessage: ''
0105144:
    - bResult: 'False'
    - OutDescEst: 'Conn.5 ganci norm. - L Taglio = 2923 (mon.D)' 
    - ErrorMessage: ''
0105145:
    - bResult: 'False'
    - OutDescEst: 'Conn.5 ganci norm. - L Taglio = 2923 (mon.D)' 
    - ErrorMessage: ''
0105162:
    - bResult: 'False'
    - OutDescEst: 'Conn.5 ganci norm. - L Taglio = 3823 (mon.D)' 
    - ErrorMessage: ''
0105163:
    - bResult: 'False'
    - OutDescEst: 'Conn.5 ganci norm. - L Taglio = 3823 (mon.D)' 
    - ErrorMessage: ''
0105168:
    - bResult: 'False'
    - OutDescEst: 'Conn.5 ganci norm. - L Taglio = 2923 (mon.D)' 
    - ErrorMessage: ''
0105169:
    - bResult: 'False'
    - OutDescEst: 'Conn.5 ganci norm. - L Taglio = 2923 (mon.D)' 
    - ErrorMessage: ''
0105172:
    - bResult: 'False'
    - OutDescEst: 'Conn.5 ganci norm. - L Taglio = 3823 (mon.D)' 
    - ErrorMessage: ''
0105173:
    - bResult: 'False'
    - OutDescEst: 'Conn.5 ganci norm. - L Taglio = 3823 (mon.D)' 
    - ErrorMessage: ''
0107301:
    - bResult: 'False'
    - OutDescEst: 'Conn.5 ganci norm. - L Taglio = 5659 (mon.C)' 
    - ErrorMessage: ''
0107302:
    - bResult: 'False'
    - OutDescEst: 'Conn.5 ganci norm. - L Taglio = 5659 (mon.C)' 
    - ErrorMessage: ''
0107304:
    - bResult: 'False'
    - OutDescEst: 'Conn.5 ganci norm. - L Taglio = 5659 (mon.C)' 
    - ErrorMessage: ''
0107305:
    - bResult: 'False'
    - OutDescEst: 'Conn.5 ganci norm. - L Taglio = 5659 (mon.C)' 
    - ErrorMessage: ''
0107313:
    - bResult: 'False'
    - OutDescEst: 'Conn.5 ganci norm. - L Taglio = 4323 (mon.D)' 
    - ErrorMessage: ''
0107314:
    - bResult: 'False'
    - OutDescEst: 'Conn.5 ganci norm. - L Taglio = 4323 (mon.D)' 
    - ErrorMessage: ''
0107316:
    - bResult: 'False'
    - OutDescEst: 'Conn.5 ganci norm. - L Taglio = 4323 (mon.D)' 
    - ErrorMessage: ''
0107317:
    - bResult: 'False'
    - OutDescEst: 'Conn.5 ganci norm. - L Taglio = 4323 (mon.D)' 
    - ErrorMessage: ''
0107742:
    - bResult: 'False'
    - OutDescEst: 'Conn.5 ganci norm. - L Taglio = 3723 (mon.D)' 
    - ErrorMessage: ''
0107743:
    - bResult: 'False'
    - OutDescEst: 'Conn.5 ganci norm. - L Taglio = 3723 (mon.D)' 
    - ErrorMessage: ''
0107745:
    - bResult: 'False'
    - OutDescEst: 'Conn.5 ganci norm. - L Taglio = 3723 (mon.D)' 
    - ErrorMessage: ''
0107746:
    - bResult: 'False'
    - OutDescEst: 'Conn.5 ganci norm. - L Taglio = 3723 (mon.D)' 
    - ErrorMessage: ''
0108400:
    - bResult: 'False'
    - OutDescEst: 'Conn.5 ganci norm. - L Taglio = 3773 (mon.D)' 
    - ErrorMessage: ''
0108401:
    - bResult: 'False'
    - OutDescEst: 'Conn.5 ganci norm. - L Taglio = 3773 (mon.D)' 
    - ErrorMessage: ''
0108412:
    - bResult: 'False'
    - OutDescEst: 'Conn.5 ganci norm. - L Taglio = 3773 (mon.D)' 
    - ErrorMessage: ''
0108413:
    - bResult: 'False'
    - OutDescEst: 'Conn.5 ganci norm. - L Taglio = 3773 (mon.D)' 
    - ErrorMessage: ''
0109069:
    - bResult: 'False'
    - OutDescEst: 'Conn.5 ganci F.S. - L Taglio = 4423 (mon.D)' 
    - ErrorMessage: ''
0109072:
    - bResult: 'False'
    - OutDescEst: 'Conn.5 ganci F.S. - L Taglio = 4423 (mon.D)' 
    - ErrorMessage: ''
0111418:
    - bResult: 'False'
    - OutDescEst: 'Conn.5 ganci norm. - L Taglio = 4123 (mon.D)' 
    - ErrorMessage: ''
0111419:
    - bResult: 'False'
    - OutDescEst: 'Conn.5 ganci norm. - L Taglio = 4123 (mon.D)' 
    - ErrorMessage: ''
0111453:
    - bResult: 'False'
    - OutDescEst: 'Conn.5 ganci norm. - L Taglio = 4123 (mon.D)' 
    - ErrorMessage: ''
0111454:
    - bResult: 'False'
    - OutDescEst: 'Conn.5 ganci norm. - L Taglio = 4123 (mon.D)' 
    - ErrorMessage: ''
0118437:
    - bResult: 'False'
    - OutDescEst: 'Conn.5 ganci norm. - L Taglio = 3083 (mon.B)' 
    - ErrorMessage: ''
0118438:
    - bResult: 'False'
    - OutDescEst: 'Conn.5 ganci norm. - L Taglio = 3083 (mon.B)' 
    - ErrorMessage: ''
0118440:
    - bResult: 'False'
    - OutDescEst: 'Conn.5 ganci norm. - L Taglio = 3083 (mon.B)' 
    - ErrorMessage: ''
0118441:
    - bResult: 'False'
    - OutDescEst: 'Conn.5 ganci norm. - L Taglio = 3083 (mon.B)' 
    - ErrorMessage: ''
0118926:
    - bResult: 'False'
    - OutDescEst: 'Conn.5 ganci norm. - L Taglio = 3767 (mon.C)' 
    - ErrorMessage: ''
0118927:
    - bResult: 'False'
    - OutDescEst: 'Conn.5 ganci norm. - L Taglio = 3767 (mon.C)' 
    - ErrorMessage: ''
0118929:
    - bResult: 'False'
    - OutDescEst: 'Conn.5 ganci norm. - L Taglio = 3767 (mon.C)' 
    - ErrorMessage: ''
0118930:
    - bResult: 'False'
    - OutDescEst: 'Conn.5 ganci norm. - L Taglio = 3767 (mon.C)' 
    - ErrorMessage: ''
0119030:
    - bResult: 'False'
    - OutDescEst: 'Conn. ganci  - L Taglio =  (mon.)' 
    - ErrorMessage: ''
0119031:
    - bResult: 'False'
    - OutDescEst: 'Conn. ganci  - L Taglio =  (mon.)' 
    - ErrorMessage: ''
0119909:
    - bResult: 'False'
    - OutDescEst: 'Conn.5 ganci norm. - L Taglio = 3803 (mon.C)' 
    - ErrorMessage: ''
0119910:
    - bResult: 'False'
    - OutDescEst: 'Conn.5 ganci norm. - L Taglio = 3803 (mon.C)' 
    - ErrorMessage: ''
0119912:
    - bResult: 'False'
    - OutDescEst: 'Conn.5 ganci norm. - L Taglio = 3803 (mon.C)' 
    - ErrorMessage: ''
0119913:
    - bResult: 'False'
    - OutDescEst: 'Conn.5 ganci norm. - L Taglio = 3803 (mon.C)' 
    - ErrorMessage: ''
0122598:
    - bResult: 'False'
    - OutDescEst: 'Conn.5 ganci norm. - L Taglio = 4723 (mon.D)' 
    - ErrorMessage: ''
0122599:
    - bResult: 'False'
    - OutDescEst: 'Conn.5 ganci norm. - L Taglio = 4723 (mon.D)' 
    - ErrorMessage: ''
0122601:
    - bResult: 'False'
    - OutDescEst: 'Conn.5 ganci norm. - L Taglio = 4723 (mon.D)' 
    - ErrorMessage: ''
0122602:
    - bResult: 'False'
    - OutDescEst: 'Conn.5 ganci norm. - L Taglio = 4723 (mon.D)' 
    - ErrorMessage: ''
0127175:
    - bResult: 'False'
    - OutDescEst: 'Conn.5 ganci norm. - L Taglio = 4903 (mon.C)' 
    - ErrorMessage: ''
0127176:
    - bResult: 'False'
    - OutDescEst: 'Conn.5 ganci norm. - L Taglio = 4903 (mon.C)' 
    - ErrorMessage: ''
0127183:
    - bResult: 'False'
    - OutDescEst: 'Conn.5 ganci norm. - L Taglio = 4903 (mon.C)' 
    - ErrorMessage: ''
0127184:
    - bResult: 'False'
    - OutDescEst: 'Conn.5 ganci norm. - L Taglio = 4903 (mon.C)' 
    - ErrorMessage: ''
0129628:
    - bResult: 'False'
    - OutDescEst: 'Conn.5 ganci norm. - L Taglio = 3803 (mon.C)' 
    - ErrorMessage: ''
0129629:
    - bResult: 'False'
    - OutDescEst: 'Conn.5 ganci norm. - L Taglio = 3803 (mon.C)' 
    - ErrorMessage: ''
0130229:
    - bResult: 'False'
    - OutDescEst: 'Conn.5 ganci F.S. - L Taglio = 2473 (mon.D)' 
    - ErrorMessage: ''
0130230:
    - bResult: 'False'
    - OutDescEst: 'Conn.5 ganci F.S. - L Taglio = 2473 (mon.D)' 
    - ErrorMessage: ''
0130232:
    - bResult: 'False'
    - OutDescEst: 'Conn.5 ganci F.S. - L Taglio = 3873 (mon.D)' 
    - ErrorMessage: ''
0130233:
    - bResult: 'False'
    - OutDescEst: 'Conn.5 ganci F.S. - L Taglio = 3873 (mon.D)' 
    - ErrorMessage: ''
0130234:
    - bResult: 'False'
    - OutDescEst: 'Conn.5 ganci F.S. - L Taglio =  (mon.)' 
    - ErrorMessage: ''
0130235:
    - bResult: 'False'
    - OutDescEst: 'Conn.5 ganci F.S. - L Taglio =  (mon.)' 
    - ErrorMessage: ''
0130236:
    - bResult: 'False'
    - OutDescEst: 'Conn.5 ganci F.S. - L Taglio =  (mon.)' 
    - ErrorMessage: ''
0130237:
    - bResult: 'False'
    - OutDescEst: 'Conn.5 ganci F.S. - L Taglio =  (mon.)' 
    - ErrorMessage: ''
0131766:
    - bResult: 'False'
    - OutDescEst: 'Conn.5 ganci norm. - L Taglio = 5747 (mon.B)' 
    - ErrorMessage: ''
0131767:
    - bResult: 'False'
    - OutDescEst: 'Conn.5 ganci norm. - L Taglio = 5747 (mon.B)' 
    - ErrorMessage: ''
0131770:
    - bResult: 'False'
    - OutDescEst: 'Conn.5 ganci norm. - L Taglio = 5747 (mon.B)' 
    - ErrorMessage: ''
0131771:
    - bResult: 'False'
    - OutDescEst: 'Conn.5 ganci norm. - L Taglio = 5747 (mon.B)' 
    - ErrorMessage: ''
0131906:
    - bResult: 'False'
    - OutDescEst: 'Conn.5 ganci norm. - L Taglio = 4683 (mon.B)' 
    - ErrorMessage: ''
0131907:
    - bResult: 'False'
    - OutDescEst: 'Conn.5 ganci norm. - L Taglio = 4683 (mon.B)' 
    - ErrorMessage: ''
0131909:
    - bResult: 'False'
    - OutDescEst: 'Conn.5 ganci norm. - L Taglio = 4683 (mon.B)' 
    - ErrorMessage: ''
0131910:
    - bResult: 'False'
    - OutDescEst: 'Conn.5 ganci norm. - L Taglio = 4683 (mon.B)' 
    - ErrorMessage: ''
0133097:
    - bResult: 'False'
    - OutDescEst: 'Conn.5 ganci norm. - L Taglio = 3683 (mon.B)' 
    - ErrorMessage: ''
0133098:
    - bResult: 'False'
    - OutDescEst: 'Conn.5 ganci norm. - L Taglio = 3683 (mon.B)' 
    - ErrorMessage: ''
0133100:
    - bResult: 'False'
    - OutDescEst: 'Conn.5 ganci norm. - L Taglio = 3683 (mon.B)' 
    - ErrorMessage: ''
0133101:
    - bResult: 'False'
    - OutDescEst: 'Conn.5 ganci norm. - L Taglio = 3683 (mon.B)' 
    - ErrorMessage: ''
0133111:
    - bResult: 'False'
    - OutDescEst: 'Conn.5 ganci norm. - L Taglio = 4603 (mon.C)' 
    - ErrorMessage: ''
0133112:
    - bResult: 'False'
    - OutDescEst: 'Conn.5 ganci norm. - L Taglio = 4603 (mon.C)' 
    - ErrorMessage: ''
0133114:
    - bResult: 'False'
    - OutDescEst: 'Conn.5 ganci norm. - L Taglio = 4603 (mon.C)' 
    - ErrorMessage: ''
0133115:
    - bResult: 'False'
    - OutDescEst: 'Conn.5 ganci norm. - L Taglio = 4603 (mon.C)' 
    - ErrorMessage: ''
0133800:
    - bResult: 'False'
    - OutDescEst: 'Conn.5 ganci norm. - L Taglio = 3703 (mon.C)' 
    - ErrorMessage: ''
0133801:
    - bResult: 'False'
    - OutDescEst: 'Conn.5 ganci norm. - L Taglio = 3703 (mon.C)' 
    - ErrorMessage: ''
0133803:
    - bResult: 'False'
    - OutDescEst: 'Conn.5 ganci norm. - L Taglio = 3703 (mon.C)' 
    - ErrorMessage: ''
0133804:
    - bResult: 'False'
    - OutDescEst: 'Conn.5 ganci norm. - L Taglio = 3703 (mon.C)' 
    - ErrorMessage: ''
0134530:
    - bResult: 'False'
    - OutDescEst: 'Conn.5 ganci norm. - L Taglio = 3903 (mon.C)' 
    - ErrorMessage: ''
0134531:
    - bResult: 'False'
    - OutDescEst: 'Conn.5 ganci norm. - L Taglio = 3903 (mon.C)' 
    - ErrorMessage: ''
0134533:
    - bResult: 'False'
    - OutDescEst: 'Conn.5 ganci norm. - L Taglio = 3903 (mon.C)' 
    - ErrorMessage: ''
0134534:
    - bResult: 'False'
    - OutDescEst: 'Conn.5 ganci norm. - L Taglio = 3903 (mon.C)' 
    - ErrorMessage: ''
0135958:
    - bResult: 'False'
    - OutDescEst: 'Conn.5 ganci norm. - L Taglio = 4683 (mon.B)' 
    - ErrorMessage: ''
0135963:
    - bResult: 'False'
    - OutDescEst: 'Conn.5 ganci norm. - L Taglio = 4683 (mon.B)' 
    - ErrorMessage: ''
0138441:
    - bResult: 'False'
    - OutDescEst: 'Conn.5 ganci norm. - L Taglio = 3683 (mon.B)' 
    - ErrorMessage: ''
0138442:
    - bResult: 'False'
    - OutDescEst: 'Conn.5 ganci norm. - L Taglio = 3683 (mon.B)' 
    - ErrorMessage: ''
0138444:
    - bResult: 'False'
    - OutDescEst: 'Conn.5 ganci norm. - L Taglio = 3680 (mon.B)' 
    - ErrorMessage: ''
0138445:
    - bResult: 'False'
    - OutDescEst: 'Conn.5 ganci norm. - L Taglio = 3680 (mon.B)' 
    - ErrorMessage: ''
0140848:
    - bResult: 'False'
    - OutDescEst: 'Conn.5 ganci norm. - L Taglio = 2786 (mon.B)' 
    - ErrorMessage: ''
0140849:
    - bResult: 'False'
    - OutDescEst: 'Conn.5 ganci norm. - L Taglio = 2786 (mon.B)' 
    - ErrorMessage: ''
0140851:
    - bResult: 'False'
    - OutDescEst: 'Conn.5 ganci norm. - L Taglio = 2786 (mon.B)' 
    - ErrorMessage: ''
0140852:
    - bResult: 'False'
    - OutDescEst: 'Conn.5 ganci norm. - L Taglio = 2786 (mon.B)' 
    - ErrorMessage: ''
0140853:
    - bResult: 'False'
    - OutDescEst: 'Conn.5 ganci norm. - L Taglio = 3686 (mon.B)' 
    - ErrorMessage: ''
0140854:
    - bResult: 'False'
    - OutDescEst: 'Conn.5 ganci norm. - L Taglio = 3686 (mon.B)' 
    - ErrorMessage: ''
0140856:
    - bResult: 'False'
    - OutDescEst: 'Conn.5 ganci norm. - L Taglio = 3686 (mon.B)' 
    - ErrorMessage: ''
0140857:
    - bResult: 'False'
    - OutDescEst: 'Conn.5 ganci norm. - L Taglio = 3686 (mon.B)' 
    - ErrorMessage: ''
0145961:
    - bResult: 'False'
    - OutDescEst: 'Conn.5 ganci norm. - L Taglio = 4733 (mon.B)' 
    - ErrorMessage: ''
0145962:
    - bResult: 'False'
    - OutDescEst: 'Conn.5 ganci norm. - L Taglio = 4733 (mon.B)' 
    - ErrorMessage: ''
0145964:
    - bResult: 'False'
    - OutDescEst: 'Conn.5 ganci norm. - L Taglio = 4733 (mon.B)' 
    - ErrorMessage: ''
0145965:
    - bResult: 'False'
    - OutDescEst: 'Conn.5 ganci norm. - L Taglio = 4733 (mon.B)' 
    - ErrorMessage: ''
0149192:
    - bResult: 'False'
    - OutDescEst: 'Conn.5 ganci norm. - L Taglio = 3883 (mon.C)' 
    - ErrorMessage: ''
0149193:
    - bResult: 'False'
    - OutDescEst: 'Conn.5 ganci norm. - L Taglio = 3883 (mon.C)' 
    - ErrorMessage: ''
0149195:
    - bResult: 'False'
    - OutDescEst: 'Conn.5 ganci norm. - L Taglio = 3883 (mon.C)' 
    - ErrorMessage: ''
0149196:
    - bResult: 'False'
    - OutDescEst: 'Conn.5 ganci norm. - L Taglio = 3883 (mon.C)' 
    - ErrorMessage: ''
0151266:
    - bResult: 'False'
    - OutDescEst: 'Conn.5 ganci norm. - L Taglio = 2883 (mon.B)' 
    - ErrorMessage: ''
0151267:
    - bResult: 'False'
    - OutDescEst: 'Conn.5 ganci norm. - L Taglio = 2883 (mon.B)' 
    - ErrorMessage: ''
0151269:
    - bResult: 'False'
    - OutDescEst: 'Conn.5 ganci norm. - L Taglio = 2883 (mon.B)' 
    - ErrorMessage: ''
0151270:
    - bResult: 'False'
    - OutDescEst: 'Conn.5 ganci norm. - L Taglio = 2883 (mon.B)' 
    - ErrorMessage: ''
0151301:
    - bResult: 'False'
    - OutDescEst: 'Conn.5 ganci norm. - L Taglio =  (mon.)' 
    - ErrorMessage: ''
0151302:
    - bResult: 'False'
    - OutDescEst: 'Conn.5 ganci norm. - L Taglio =  (mon.)' 
    - ErrorMessage: ''
0151303:
    - bResult: 'False'
    - OutDescEst: 'Conn.5 ganci norm. - L Taglio =  (mon.)' 
    - ErrorMessage: ''
0151304:
    - bResult: 'False'
    - OutDescEst: 'Conn.5 ganci norm. - L Taglio =  (mon.)' 
    - ErrorMessage: ''
0151305:
    - bResult: 'False'
    - OutDescEst: 'Conn.5 ganci norm. - L Taglio =  (mon.)' 
    - ErrorMessage: ''
0151306:
    - bResult: 'False'
    - OutDescEst: 'Conn.5 ganci norm. - L Taglio =  (mon.)' 
    - ErrorMessage: ''
0151307:
    - bResult: 'False'
    - OutDescEst: 'Conn.5 ganci norm. - L Taglio =  (mon.)' 
    - ErrorMessage: ''
0151308:
    - bResult: 'False'
    - OutDescEst: 'Conn.5 ganci norm. - L Taglio =  (mon.)' 
    - ErrorMessage: ''
0152199:
    - bResult: 'False'
    - OutDescEst: 'Conn.5 ganci norm. - L Taglio = 3954 (mon.A)' 
    - ErrorMessage: ''
0152200:
    - bResult: 'False'
    - OutDescEst: 'Conn.5 ganci norm. - L Taglio = 3954 (mon.A)' 
    - ErrorMessage: ''
0152202:
    - bResult: 'False'
    - OutDescEst: 'Conn.5 ganci norm. - L Taglio = 3954 (mon.A)' 
    - ErrorMessage: ''
0152203:
    - bResult: 'False'
    - OutDescEst: 'Conn.5 ganci norm. - L Taglio = 3954 (mon.A)' 
    - ErrorMessage: ''
0152511:
    - bResult: 'False'
    - OutDescEst: 'Conn.5 ganci norm. - L Taglio = 2883 (mon.B)' 
    - ErrorMessage: ''
0152512:
    - bResult: 'False'
    - OutDescEst: 'Conn.5 ganci norm. - L Taglio = 2883 (mon.B)' 
    - ErrorMessage: ''
0152514:
    - bResult: 'False'
    - OutDescEst: 'Conn.5 ganci norm. - L Taglio = 2883 (mon.B)' 
    - ErrorMessage: ''
0152515:
    - bResult: 'False'
    - OutDescEst: 'Conn.5 ganci norm. - L Taglio = 2883 (mon.B)' 
    - ErrorMessage: ''
0158698:
    - bResult: 'False'
    - OutDescEst: 'Conn.5 ganci norm. - L Taglio = 4436 (mon.B)' 
    - ErrorMessage: ''
0158699:
    - bResult: 'False'
    - OutDescEst: 'Conn.5 ganci norm. - L Taglio = 4436 (mon.B)' 
    - ErrorMessage: ''
0160392:
    - bResult: 'False'
    - OutDescEst: 'Conn.5 ganci norm. - L Taglio = 3983 (mon.B)' 
    - ErrorMessage: ''
0160393:
    - bResult: 'False'
    - OutDescEst: 'Conn.5 ganci norm. - L Taglio = 3983 (mon.B)' 
    - ErrorMessage: ''
0160395:
    - bResult: 'False'
    - OutDescEst: 'Conn.5 ganci norm. - L Taglio = 3983 (mon.B)' 
    - ErrorMessage: ''
0160396:
    - bResult: 'False'
    - OutDescEst: 'Conn.5 ganci norm. - L Taglio = 3983 (mon.B)' 
    - ErrorMessage: ''
0161350:
    - bResult: 'False'
    - OutDescEst: 'Conn.5 ganci norm. - L Taglio = 2743 (mon.D)' 
    - ErrorMessage: ''
0161351:
    - bResult: 'False'
    - OutDescEst: 'Conn.5 ganci norm. - L Taglio = 2743 (mon.D)' 
    - ErrorMessage: ''
0161353:
    - bResult: 'False'
    - OutDescEst: 'Conn.5 ganci norm. - L Taglio = 2743 (mon.D)' 
    - ErrorMessage: ''
0161354:
    - bResult: 'False'
    - OutDescEst: 'Conn.5 ganci norm. - L Taglio = 2743 (mon.D)' 
    - ErrorMessage: ''
0161592:
    - bResult: 'False'
    - OutDescEst: 'Conn.5 ganci norm. - L Taglio = 4043 (mon.D)' 
    - ErrorMessage: ''
0161593:
    - bResult: 'False'
    - OutDescEst: 'Conn.5 ganci norm. - L Taglio = 4043 (mon.D)' 
    - ErrorMessage: ''
0165252:
    - bResult: 'False'
    - OutDescEst: 'Conn.5 ganci norm. - L Taglio = 3803 (mon.C)' 
    - ErrorMessage: ''
0165253:
    - bResult: 'False'
    - OutDescEst: 'Conn.5 ganci norm. - L Taglio = 3803 (mon.C)' 
    - ErrorMessage: ''
0165428:
    - bResult: 'False'
    - OutDescEst: 'Conn.5 ganci norm. - L Taglio = 4803 (mon.C)' 
    - ErrorMessage: ''
0165429:
    - bResult: 'False'
    - OutDescEst: 'Conn.5 ganci norm. - L Taglio = 4803 (mon.C)' 
    - ErrorMessage: ''
0165431:
    - bResult: 'False'
    - OutDescEst: 'Conn.5 ganci norm. - L Taglio = 4783 (mon.B)' 
    - ErrorMessage: ''
0165432:
    - bResult: 'False'
    - OutDescEst: 'Conn.5 ganci norm. - L Taglio = 4783 (mon.B)' 
    - ErrorMessage: ''
0166999:
    - bResult: 'False'
    - OutDescEst: 'Conn.5 ganci norm. - L Taglio = 3783 (mon.B)' 
    - ErrorMessage: ''
0167000:
    - bResult: 'False'
    - OutDescEst: 'Conn.5 ganci norm. - L Taglio = 3783 (mon.B)' 
    - ErrorMessage: ''
0167002:
    - bResult: 'False'
    - OutDescEst: 'Conn.5 ganci norm. - L Taglio = 3783 (mon.B)' 
    - ErrorMessage: ''
0167003:
    - bResult: 'False'
    - OutDescEst: 'Conn.5 ganci norm. - L Taglio = 3783 (mon.B)' 
    - ErrorMessage: ''
0167557:
    - bResult: 'False'
    - OutDescEst: 'Conn.5 ganci norm. - L Taglio = 3003 (mon.C)' 
    - ErrorMessage: ''
0167558:
    - bResult: 'False'
    - OutDescEst: 'Conn.5 ganci norm. - L Taglio = 3003 (mon.C)' 
    - ErrorMessage: ''
0167560:
    - bResult: 'False'
    - OutDescEst: 'Conn.5 ganci norm. - L Taglio = 3003 (mon.C)' 
    - ErrorMessage: ''
0167561:
    - bResult: 'False'
    - OutDescEst: 'Conn.5 ganci norm. - L Taglio = 3003 (mon.C)' 
    - ErrorMessage: ''
0167567:
    - bResult: 'False'
    - OutDescEst: 'Conn.5 ganci F.S. - L Taglio = 2988 (mon.C)' 
    - ErrorMessage: ''
0167568:
    - bResult: 'False'
    - OutDescEst: 'Conn.5 ganci F.S. - L Taglio = 2988 (mon.C)' 
    - ErrorMessage: ''
0167570:
    - bResult: 'False'
    - OutDescEst: 'Conn.5 ganci F.S. - L Taglio = 2988 (mon.C)' 
    - ErrorMessage: ''
0167571:
    - bResult: 'False'
    - OutDescEst: 'Conn.5 ganci F.S. - L Taglio = 2988 (mon.C)' 
    - ErrorMessage: ''
0167585:
    - bResult: 'False'
    - OutDescEst: 'Conn.5 ganci norm. - L Taglio = 3003 (mon.C)' 
    - ErrorMessage: ''
0167586:
    - bResult: 'False'
    - OutDescEst: 'Conn.5 ganci norm. - L Taglio = 3003 (mon.C)' 
    - ErrorMessage: ''
0167587:
    - bResult: 'False'
    - OutDescEst: 'Conn.5 ganci norm. - L Taglio = 3003 (mon.C)' 
    - ErrorMessage: ''
0167588:
    - bResult: 'False'
    - OutDescEst: 'Conn.5 ganci norm. - L Taglio = 3003 (mon.C)' 
    - ErrorMessage: ''
0167589:
    - bResult: 'False'
    - OutDescEst: 'Conn.5 ganci F.S. - L Taglio = 2988 (mon.C)' 
    - ErrorMessage: ''
0167590:
    - bResult: 'False'
    - OutDescEst: 'Conn.5 ganci F.S. - L Taglio = 2988 (mon.C)' 
    - ErrorMessage: ''
0167592:
    - bResult: 'False'
    - OutDescEst: 'Conn.5 ganci F.S. - L Taglio = 2988 (mon.C)' 
    - ErrorMessage: ''
0167593:
    - bResult: 'False'
    - OutDescEst: 'Conn.5 ganci F.S. - L Taglio = 2988 (mon.C)' 
    - ErrorMessage: ''
0167718:
    - bResult: 'False'
    - OutDescEst: 'Conn.5 ganci norm. - L Taglio = 3153 (mon.D)' 
    - ErrorMessage: ''
0167719:
    - bResult: 'False'
    - OutDescEst: 'Conn.5 ganci norm. - L Taglio = 3153 (mon.D)' 
    - ErrorMessage: ''
0167721:
    - bResult: 'False'
    - OutDescEst: 'Conn.5 ganci norm. - L Taglio = 3153 (mon.D)' 
    - ErrorMessage: ''
0167722:
    - bResult: 'False'
    - OutDescEst: 'Conn.5 ganci norm. - L Taglio = 3153 (mon.D)' 
    - ErrorMessage: ''
0167926:
    - bResult: 'False'
    - OutDescEst: 'Conn.5 ganci norm. - L Taglio = 3903 (mon.C)' 
    - ErrorMessage: ''
0167927:
    - bResult: 'False'
    - OutDescEst: 'Conn.5 ganci norm. - L Taglio = 3903 (mon.C)' 
    - ErrorMessage: ''
0167929:
    - bResult: 'False'
    - OutDescEst: 'Conn.5 ganci norm. - L Taglio = 3903 (mon.C)' 
    - ErrorMessage: ''
0167930:
    - bResult: 'False'
    - OutDescEst: 'Conn.5 ganci norm. - L Taglio = 3903 (mon.C)' 
    - ErrorMessage: ''
0168666:
    - bResult: 'False'
    - OutDescEst: 'Conn.5 ganci norm. - L Taglio = 3023 (mon.D)' 
    - ErrorMessage: ''
0168667:
    - bResult: 'False'
    - OutDescEst: 'Conn.5 ganci norm. - L Taglio = 3023 (mon.D)' 
    - ErrorMessage: ''
0168669:
    - bResult: 'False'
    - OutDescEst: 'Conn.5 ganci norm. - L Taglio = 3023 (mon.D)' 
    - ErrorMessage: ''
0168670:
    - bResult: 'False'
    - OutDescEst: 'Conn.5 ganci norm. - L Taglio = 3023 (mon.D)' 
    - ErrorMessage: ''
0168677:
    - bResult: 'False'
    - OutDescEst: 'Conn.5 ganci norm. - L Taglio = 3023 (mon.D)' 
    - ErrorMessage: ''
0168678:
    - bResult: 'False'
    - OutDescEst: 'Conn.5 ganci norm. - L Taglio = 3023 (mon.D)' 
    - ErrorMessage: ''
0168679:
    - bResult: 'False'
    - OutDescEst: 'Conn.5 ganci norm. - L Taglio = 3023 (mon.D)' 
    - ErrorMessage: ''
0168680:
    - bResult: 'False'
    - OutDescEst: 'Conn.5 ganci norm. - L Taglio = 3023 (mon.D)' 
    - ErrorMessage: ''
0169054:
    - bResult: 'False'
    - OutDescEst: 'Conn.5 ganci norm. - L Taglio = 5596 (mon.A)' 
    - ErrorMessage: ''
0169055:
    - bResult: 'False'
    - OutDescEst: 'Conn.5 ganci norm. - L Taglio = 5596 (mon.A)' 
    - ErrorMessage: ''
0169057:
    - bResult: 'False'
    - OutDescEst: 'Conn.5 ganci norm. - L Taglio = 5596 (mon.A)' 
    - ErrorMessage: ''
0169058:
    - bResult: 'False'
    - OutDescEst: 'Conn.5 ganci norm. - L Taglio = 5596 (mon.A)' 
    - ErrorMessage: ''
0169086:
    - bResult: 'False'
    - OutDescEst: 'Conn.5 ganci norm. - L Taglio = 6789 (mon.B)' 
    - ErrorMessage: ''
0169087:
    - bResult: 'False'
    - OutDescEst: 'Conn.5 ganci norm. - L Taglio = 6789 (mon.B)' 
    - ErrorMessage: ''
0169089:
    - bResult: 'False'
    - OutDescEst: 'Conn.5 ganci norm. - L Taglio = 6789 (mon.B)' 
    - ErrorMessage: ''
0169090:
    - bResult: 'False'
    - OutDescEst: 'Conn.5 ganci norm. - L Taglio = 6789 (mon.B)' 
    - ErrorMessage: ''
0169112:
    - bResult: 'False'
    - OutDescEst: 'Conn.5 ganci norm. - L Taglio = 5611 (mon.B)' 
    - ErrorMessage: ''
0169113:
    - bResult: 'False'
    - OutDescEst: 'Conn.5 ganci norm. - L Taglio = 5611 (mon.B)' 
    - ErrorMessage: ''
0169115:
    - bResult: 'False'
    - OutDescEst: 'Conn.5 ganci norm. - L Taglio = 5611 (mon.B)' 
    - ErrorMessage: ''
0169116:
    - bResult: 'False'
    - OutDescEst: 'Conn.5 ganci norm. - L Taglio = 5611 (mon.B)' 
    - ErrorMessage: ''
0169143:
    - bResult: 'False'
    - OutDescEst: 'Conn.5 ganci norm. - L Taglio = 3378 (mon.A)' 
    - ErrorMessage: ''
0169144:
    - bResult: 'False'
    - OutDescEst: 'Conn.5 ganci norm. - L Taglio = 3378 (mon.A)' 
    - ErrorMessage: ''
0169146:
    - bResult: 'False'
    - OutDescEst: 'Conn.5 ganci norm. - L Taglio = 3378 (mon.A)' 
    - ErrorMessage: ''
0169147:
    - bResult: 'False'
    - OutDescEst: 'Conn.5 ganci norm. - L Taglio = 3378 (mon.A)' 
    - ErrorMessage: ''
0169148:
    - bResult: 'False'
    - OutDescEst: 'Conn.5 ganci norm. - L Taglio = 4278 (mon.A)' 
    - ErrorMessage: ''
0169149:
    - bResult: 'False'
    - OutDescEst: 'Conn.5 ganci norm. - L Taglio = 4278 (mon.A)' 
    - ErrorMessage: ''
0169151:
    - bResult: 'False'
    - OutDescEst: 'Conn.5 ganci norm. - L Taglio = 4278 (mon.A)' 
    - ErrorMessage: ''
0169152:
    - bResult: 'False'
    - OutDescEst: 'Conn.5 ganci norm. - L Taglio = 4278 (mon.A)' 
    - ErrorMessage: ''
0169189:
    - bResult: 'False'
    - OutDescEst: 'Conn.5 ganci norm. - L Taglio = 5487 (mon.A)' 
    - ErrorMessage: ''
0169190:
    - bResult: 'False'
    - OutDescEst: 'Conn.5 ganci norm. - L Taglio = 5487 (mon.A)' 
    - ErrorMessage: ''
0169192:
    - bResult: 'False'
    - OutDescEst: 'Conn.5 ganci norm. - L Taglio = 5487 (mon.A)' 
    - ErrorMessage: ''
0169193:
    - bResult: 'False'
    - OutDescEst: 'Conn.5 ganci norm. - L Taglio = 5487 (mon.A)' 
    - ErrorMessage: ''
0169754:
    - bResult: 'False'
    - OutDescEst: 'Conn.5 ganci norm. - L Taglio = 4783 (mon.B)' 
    - ErrorMessage: ''
0169755:
    - bResult: 'False'
    - OutDescEst: 'Conn.5 ganci norm. - L Taglio = 4783 (mon.B)' 
    - ErrorMessage: ''
0169775:
    - bResult: 'False'
    - OutDescEst: 'Conn.5 ganci norm. - L Taglio = 4023 (mon.D)' 
    - ErrorMessage: ''
0169776:
    - bResult: 'False'
    - OutDescEst: 'Conn.5 ganci norm. - L Taglio = 4023 (mon.D)' 
    - ErrorMessage: ''
0169778:
    - bResult: 'False'
    - OutDescEst: 'Conn.5 ganci norm. - L Taglio = 4023 (mon.D)' 
    - ErrorMessage: ''
0169779:
    - bResult: 'False'
    - OutDescEst: 'Conn.5 ganci norm. - L Taglio = 4023 (mon.D)' 
    - ErrorMessage: ''
0171648:
    - bResult: 'False'
    - OutDescEst: 'Conn.5 ganci norm. - L Taglio = 2723 (mon.D)' 
    - ErrorMessage: ''
0171649:
    - bResult: 'False'
    - OutDescEst: 'Conn.5 ganci norm. - L Taglio = 2723 (mon.D)' 
    - ErrorMessage: ''
0171651:
    - bResult: 'False'
    - OutDescEst: 'Conn.5 ganci norm. - L Taglio = 2723 (mon.D)' 
    - ErrorMessage: ''
0171652:
    - bResult: 'False'
    - OutDescEst: 'Conn.5 ganci norm. - L Taglio = 2723 (mon.D)' 
    - ErrorMessage: ''
0176426:
    - bResult: 'False'
    - OutDescEst: 'Conn.5 ganci norm. - L Taglio = 3857 (mon.C)' 
    - ErrorMessage: ''
0176427:
    - bResult: 'False'
    - OutDescEst: 'Conn.5 ganci norm. - L Taglio = 3857 (mon.C)' 
    - ErrorMessage: ''
0176432:
    - bResult: 'False'
    - OutDescEst: 'Conn.5 ganci norm. - L Taglio = 3857 (mon.C)' 
    - ErrorMessage: ''
0176433:
    - bResult: 'False'
    - OutDescEst: 'Conn.5 ganci norm. - L Taglio = 3857 (mon.C)' 
    - ErrorMessage: ''
0176987:
    - bResult: 'False'
    - OutDescEst: 'Conn.5 ganci norm. - L Taglio = 1997 (mon.C)' 
    - ErrorMessage: ''
0176988:
    - bResult: 'False'
    - OutDescEst: 'Conn.5 ganci norm. - L Taglio = 1997 (mon.C)' 
    - ErrorMessage: ''
0176990:
    - bResult: 'False'
    - OutDescEst: 'Conn.5 ganci norm. - L Taglio = 1997 (mon.C)' 
    - ErrorMessage: ''
0176991:
    - bResult: 'False'
    - OutDescEst: 'Conn.5 ganci norm. - L Taglio = 1997 (mon.C)' 
    - ErrorMessage: ''
0178419:
    - bResult: 'False'
    - OutDescEst: 'Conn.5 ganci norm. - L Taglio = 4083 (mon.B)' 
    - ErrorMessage: ''
0178420:
    - bResult: 'False'
    - OutDescEst: 'Conn.5 ganci norm. - L Taglio = 4083 (mon.B)' 
    - ErrorMessage: ''
0178422:
    - bResult: 'False'
    - OutDescEst: 'Conn.5 ganci norm. - L Taglio = 4083 (mon.B)' 
    - ErrorMessage: ''
0178423:
    - bResult: 'False'
    - OutDescEst: 'Conn.5 ganci norm. - L Taglio = 4083 (mon.B)' 
    - ErrorMessage: ''
0180809:
    - bResult: 'False'
    - OutDescEst: 'Conn.5 ganci norm. - L Taglio = 3747 (mon.D)' 
    - ErrorMessage: ''
0180810:
    - bResult: 'False'
    - OutDescEst: 'Conn.5 ganci norm. - L Taglio = 3747 (mon.D)' 
    - ErrorMessage: ''
0180812:
    - bResult: 'False'
    - OutDescEst: 'Conn.5 ganci norm. - L Taglio = 3747 (mon.D)' 
    - ErrorMessage: ''
0180813:
    - bResult: 'False'
    - OutDescEst: 'Conn.5 ganci norm. - L Taglio = 3747 (mon.D)' 
    - ErrorMessage: ''
0180826:
    - bResult: 'False'
    - OutDescEst: 'Conn.5 ganci norm. - L Taglio =  (mon.)' 
    - ErrorMessage: ''
0180827:
    - bResult: 'False'
    - OutDescEst: 'Conn.5 ganci norm. - L Taglio =  (mon.30)' 
    - ErrorMessage: ''
0180828:
    - bResult: 'False'
    - OutDescEst: 'Conn.5 ganci norm. - L Taglio =  (mon.)' 
    - ErrorMessage: ''
0180829:
    - bResult: 'False'
    - OutDescEst: 'Conn.5 ganci norm. - L Taglio =  (mon.)' 
    - ErrorMessage: ''
0181087:
    - bResult: 'False'
    - OutDescEst: 'Conn.5 ganci norm. - L Taglio = 4074 (mon.A)' 
    - ErrorMessage: ''
0181088:
    - bResult: 'False'
    - OutDescEst: 'Conn.5 ganci norm. - L Taglio = 4074 (mon.A)' 
    - ErrorMessage: ''
0181089:
    - bResult: 'False'
    - OutDescEst: 'Conn.5 ganci norm. - L Taglio = 4074 (mon.A)' 
    - ErrorMessage: ''
0181090:
    - bResult: 'False'
    - OutDescEst: 'Conn.5 ganci norm. - L Taglio = 4074 (mon.A)' 
    - ErrorMessage: ''
0182520:
    - bResult: 'False'
    - OutDescEst: 'Conn.5 ganci norm. - L Taglio =  (mon.)' 
    - ErrorMessage: ''
0182521:
    - bResult: 'False'
    - OutDescEst: 'Conn.5 ganci norm. - L Taglio =  (mon.)' 
    - ErrorMessage: ''
0183447:
    - bResult: 'False'
    - OutDescEst: 'Conn.5 ganci norm. - L Taglio = 4003 (mon.C)' 
    - ErrorMessage: ''
0183448:
    - bResult: 'False'
    - OutDescEst: 'Conn.5 ganci norm. - L Taglio = 4003 (mon.C)' 
    - ErrorMessage: ''
0183450:
    - bResult: 'False'
    - OutDescEst: 'Conn.5 ganci norm. - L Taglio = 4003 (mon.C)' 
    - ErrorMessage: ''
0183451:
    - bResult: 'False'
    - OutDescEst: 'Conn.5 ganci norm. - L Taglio = 4003 (mon.C)' 
    - ErrorMessage: ''
0183650:
    - bResult: 'False'
    - OutDescEst: 'Conn.5 ganci norm. - L Taglio =  (mon.)' 
    - ErrorMessage: ''
0183651:
    - bResult: 'False'
    - OutDescEst: 'Conn.5 ganci norm. - L Taglio =  (mon.)' 
    - ErrorMessage: ''
0185794:
    - bResult: 'False'
    - OutDescEst: 'Conn.5 ganci norm. - L Taglio = 4083 (mon.B)' 
    - ErrorMessage: ''
0185795:
    - bResult: 'False'
    - OutDescEst: 'Conn.5 ganci norm. - L Taglio = 4083 (mon.B)' 
    - ErrorMessage: ''
0185796:
    - bResult: 'False'
    - OutDescEst: 'Conn.5 ganci norm. - L Taglio = 4083 (mon.B)' 
    - ErrorMessage: ''
0185797:
    - bResult: 'False'
    - OutDescEst: 'Conn.5 ganci norm. - L Taglio = 4083 (mon.B)' 
    - ErrorMessage: ''
0187320:
    - bResult: 'False'
    - OutDescEst: 'Conn.5 ganci norm. - L Taglio = 2953 (mon.C)' 
    - ErrorMessage: ''
0187321:
    - bResult: 'False'
    - OutDescEst: 'Conn.5 ganci norm. - L Taglio = 2953 (mon.C)' 
    - ErrorMessage: ''
0187323:
    - bResult: 'False'
    - OutDescEst: 'Conn.5 ganci norm. - L Taglio = 2953 (mon.C)' 
    - ErrorMessage: ''
0187324:
    - bResult: 'False'
    - OutDescEst: 'Conn.5 ganci norm. - L Taglio = 2953 (mon.C)' 
    - ErrorMessage: ''
0190888:
    - bResult: 'False'
    - OutDescEst: 'Conn.5 ganci norm. - L Taglio = 3683 (mon.B)' 
    - ErrorMessage: ''
0190889:
    - bResult: 'False'
    - OutDescEst: 'Conn.5 ganci norm. - L Taglio = 3683 (mon.B)' 
    - ErrorMessage: ''
0191440:
    - bResult: 'False'
    - OutDescEst: 'Conn.5 ganci norm. - L Taglio = 4106 (mon.C)' 
    - ErrorMessage: ''
0191441:
    - bResult: 'False'
    - OutDescEst: 'Conn.5 ganci norm. - L Taglio = 4106 (mon.C)' 
    - ErrorMessage: ''
0191444:
    - bResult: 'False'
    - OutDescEst: 'Conn.5 ganci norm. - L Taglio = 4106 (mon.C)' 
    - ErrorMessage: ''
0191445:
    - bResult: 'False'
    - OutDescEst: 'Conn.5 ganci norm. - L Taglio = 4106 (mon.C)' 
    - ErrorMessage: ''
0192022:
    - bResult: 'False'
    - OutDescEst: 'Conn.5 ganci norm. - L Taglio = 4106 (mon.C)' 
    - ErrorMessage: ''
0192023:
    - bResult: 'False'
    - OutDescEst: 'Conn.5 ganci norm. - L Taglio = 4106 (mon.C)' 
    - ErrorMessage: ''
0193896:
    - bResult: 'False'
    - OutDescEst: 'Conn.5 ganci norm. - L Taglio = 3773 (mon.D)' 
    - ErrorMessage: ''
0193910:
    - bResult: 'False'
    - OutDescEst: 'Conn.5 ganci norm. - L Taglio = 3773 (mon.D)' 
    - ErrorMessage: ''
0196058:
    - bResult: 'False'
    - OutDescEst: 'Conn.5 ganci norm. - L Taglio = 3823 (mon.D)' 
    - ErrorMessage: ''
0196059:
    - bResult: 'False'
    - OutDescEst: 'Conn.5 ganci norm. - L Taglio = 3823 (mon.D)' 
    - ErrorMessage: ''
0196061:
    - bResult: 'False'
    - OutDescEst: 'Conn.5 ganci norm. - L Taglio = 3823 (mon.D)' 
    - ErrorMessage: ''
0196062:
    - bResult: 'False'
    - OutDescEst: 'Conn.5 ganci norm. - L Taglio = 3823 (mon.D)' 
    - ErrorMessage: ''
0198308:
    - bResult: 'False'
    - OutDescEst: 'Conn.5 ganci norm. - L Taglio = 3374 (mon.A)' 
    - ErrorMessage: ''
0198309:
    - bResult: 'False'
    - OutDescEst: 'Conn.5 ganci norm. - L Taglio = 3374 (mon.A)' 
    - ErrorMessage: ''
0198310:
    - bResult: 'False'
    - OutDescEst: 'Conn.5 ganci norm. - L Taglio = 3374 (mon.A)' 
    - ErrorMessage: ''
0198311:
    - bResult: 'False'
    - OutDescEst: 'Conn.5 ganci norm. - L Taglio = 3374 (mon.A)' 
    - ErrorMessage: ''
0198313:
    - bResult: 'False'
    - OutDescEst: 'Conn.5 ganci norm. - L Taglio = 3374 (mon.A)' 
    - ErrorMessage: ''
0198314:
    - bResult: 'False'
    - OutDescEst: 'Conn.5 ganci norm. - L Taglio = 3374 (mon.A)' 
    - ErrorMessage: ''
0198315:
    - bResult: 'False'
    - OutDescEst: 'Conn.5 ganci norm. - L Taglio = 3374 (mon.A)' 
    - ErrorMessage: ''
0198316:
    - bResult: 'False'
    - OutDescEst: 'Conn.5 ganci norm. - L Taglio = 3374 (mon.A)' 
    - ErrorMessage: ''
0201568:
    - bResult: 'False'
    - OutDescEst: 'Conn.5 ganci norm. - L Taglio = 3723 (mon.D)' 
    - ErrorMessage: ''
0201570:
    - bResult: 'False'
    - OutDescEst: 'Conn.5 ganci norm. - L Taglio = 3723 (mon.D)' 
    - ErrorMessage: ''
0204041:
    - bResult: 'False'
    - OutDescEst: 'Conn.5 ganci norm. - L Taglio = 2633 (mon.B)' 
    - ErrorMessage: ''
0204042:
    - bResult: 'False'
    - OutDescEst: 'Conn.5 ganci norm. - L Taglio = 2633 (mon.B)' 
    - ErrorMessage: ''
0204044:
    - bResult: 'False'
    - OutDescEst: 'Conn.5 ganci norm. - L Taglio = 2633 (mon.B)' 
    - ErrorMessage: ''
0204045:
    - bResult: 'False'
    - OutDescEst: 'Conn.5 ganci norm. - L Taglio = 2633 (mon.B)' 
    - ErrorMessage: ''
0204508:
    - bResult: 'False'
    - OutDescEst: 'Conn.5 ganci norm. - L Taglio = 4126 (mon.D)' 
    - ErrorMessage: ''
0204509:
    - bResult: 'False'
    - OutDescEst: 'Conn.5 ganci norm. - L Taglio = 4126 (mon.D)' 
    - ErrorMessage: ''
0204743:
    - bResult: 'False'
    - OutDescEst: 'Conn.5 ganci norm. - L Taglio = 3923 (mon.D)' 
    - ErrorMessage: ''
0204744:
    - bResult: 'False'
    - OutDescEst: 'Conn.5 ganci norm. - L Taglio = 3923 (mon.D)' 
    - ErrorMessage: ''
0205466:
    - bResult: 'False'
    - OutDescEst: 'Conn.5 ganci norm. - L Taglio = 3206 (mon.D)' 
    - ErrorMessage: ''
0205467:
    - bResult: 'False'
    - OutDescEst: 'Conn.5 ganci norm. - L Taglio = 3206 (mon.D)' 
    - ErrorMessage: ''
0205683:
    - bResult: 'False'
    - OutDescEst: 'Conn.5 ganci norm. - L Taglio = 3823 (mon.D)' 
    - ErrorMessage: ''
0205684:
    - bResult: 'False'
    - OutDescEst: 'Conn.5 ganci norm. - L Taglio = 3823 (mon.D)' 
    - ErrorMessage: ''
0205691:
    - bResult: 'False'
    - OutDescEst: 'Conn.5 ganci norm. - L Taglio = 3823 (mon.D)' 
    - ErrorMessage: ''
0205692:
    - bResult: 'False'
    - OutDescEst: 'Conn.5 ganci norm. - L Taglio = 3823 (mon.D)' 
    - ErrorMessage: ''
0205884:
    - bResult: 'False'
    - OutDescEst: 'Conn.5 ganci norm. - L Taglio = 2843 (mon.D)' 
    - ErrorMessage: ''
0205885:
    - bResult: 'False'
    - OutDescEst: 'Conn.5 ganci norm. - L Taglio = 2843 (mon.D)' 
    - ErrorMessage: ''
0205887:
    - bResult: 'False'
    - OutDescEst: 'Conn.5 ganci norm. - L Taglio = 2843 (mon.D)' 
    - ErrorMessage: ''
0205888:
    - bResult: 'False'
    - OutDescEst: 'Conn.5 ganci norm. - L Taglio = 2843 (mon.D)' 
    - ErrorMessage: ''
0206940:
    - bResult: 'False'
    - OutDescEst: 'Conn.5 ganci norm. - L Taglio = 4723 (mon.D)' 
    - ErrorMessage: ''
0206941:
    - bResult: 'False'
    - OutDescEst: 'Conn.5 ganci norm. - L Taglio = 4723 (mon.D)' 
    - ErrorMessage: ''
0206942:
    - bResult: 'False'
    - OutDescEst: 'Conn.5 ganci norm. - L Taglio = 4723 (mon.D)' 
    - ErrorMessage: ''
0206943:
    - bResult: 'False'
    - OutDescEst: 'Conn.5 ganci norm. - L Taglio = 4723 (mon.D)' 
    - ErrorMessage: ''
0207307:
    - bResult: 'False'
    - OutDescEst: 'Conn.5 ganci norm. - L Taglio = 3823 (mon.D)' 
    - ErrorMessage: ''
0207309:
    - bResult: 'False'
    - OutDescEst: 'Conn.5 ganci norm. - L Taglio = 3823 (mon.D)' 
    - ErrorMessage: ''
0208227:
    - bResult: 'False'
    - OutDescEst: 'Conn.5 ganci norm. - L Taglio = 4184 (mon.F)' 
    - ErrorMessage: ''
0208228:
    - bResult: 'False'
    - OutDescEst: 'Conn.5 ganci norm. - L Taglio = 4184 (mon.F)' 
    - ErrorMessage: ''
0208229:
    - bResult: 'False'
    - OutDescEst: 'Conn.5 ganci norm. - L Taglio = 4184 (mon.F)' 
    - ErrorMessage: ''
0208230:
    - bResult: 'False'
    - OutDescEst: 'Conn.5 ganci norm. - L Taglio = 4184 (mon.F)' 
    - ErrorMessage: ''
0208332:
    - bResult: 'False'
    - OutDescEst: 'Conn.5 ganci norm. - L Taglio = 4194 (mon.F)' 
    - ErrorMessage: ''
0208333:
    - bResult: 'False'
    - OutDescEst: 'Conn.5 ganci norm. - L Taglio = 4194 (mon.F)' 
    - ErrorMessage: ''
0208334:
    - bResult: 'False'
    - OutDescEst: 'Conn.5 ganci norm. - L Taglio = 4194 (mon.F)' 
    - ErrorMessage: ''
0208335:
    - bResult: 'False'
    - OutDescEst: 'Conn.5 ganci norm. - L Taglio = 4194 (mon.F)' 
    - ErrorMessage: ''
0208356:
    - bResult: 'False'
    - OutDescEst: 'Conn.5 ganci norm. - L Taglio = 4194 (mon.F)' 
    - ErrorMessage: ''
0208357:
    - bResult: 'False'
    - OutDescEst: 'Conn.5 ganci norm. - L Taglio = 4194 (mon.F)' 
    - ErrorMessage: ''
0208358:
    - bResult: 'False'
    - OutDescEst: 'Conn.5 ganci norm. - L Taglio = 4194 (mon.F)' 
    - ErrorMessage: ''
0208359:
    - bResult: 'False'
    - OutDescEst: 'Conn.5 ganci norm. - L Taglio = 4194 (mon.F)' 
    - ErrorMessage: ''
0211907:
    - bResult: 'False'
    - OutDescEst: 'Conn.5 ganci norm. - L Taglio = 3474 (mon.A)' 
    - ErrorMessage: ''
0211908:
    - bResult: 'False'
    - OutDescEst: 'Conn.5 ganci norm. - L Taglio = 3474 (mon.A)' 
    - ErrorMessage: ''
0211909:
    - bResult: 'False'
    - OutDescEst: 'Conn.5 ganci norm. - L Taglio = 3474 (mon.A)' 
    - ErrorMessage: ''
0211910:
    - bResult: 'False'
    - OutDescEst: 'Conn.5 ganci norm. - L Taglio = 3474 (mon.A)' 
    - ErrorMessage: ''
0211911:
    - bResult: 'False'
    - OutDescEst: 'Conn.5 ganci norm. - L Taglio = 4474 (mon.A)' 
    - ErrorMessage: ''
0211912:
    - bResult: 'False'
    - OutDescEst: 'Conn.5 ganci norm. - L Taglio = 4474 (mon.A)' 
    - ErrorMessage: ''
0211913:
    - bResult: 'False'
    - OutDescEst: 'Conn.5 ganci norm. - L Taglio = 4474 (mon.A)' 
    - ErrorMessage: ''
0211914:
    - bResult: 'False'
    - OutDescEst: 'Conn.5 ganci norm. - L Taglio = 4474 (mon.A)' 
    - ErrorMessage: ''
0218932:
    - bResult: 'False'
    - OutDescEst: 'Conn.5 ganci norm. - L Taglio = 3703 (mon.C)' 
    - ErrorMessage: ''
0218933:
    - bResult: 'False'
    - OutDescEst: 'Conn.5 ganci norm. - L Taglio = 3703 (mon.C)' 
    - ErrorMessage: ''
0218934:
    - bResult: 'False'
    - OutDescEst: 'Conn.5 ganci norm. - L Taglio = 3703 (mon.C)' 
    - ErrorMessage: ''
0218935:
    - bResult: 'False'
    - OutDescEst: 'Conn.5 ganci norm. - L Taglio = 3703 (mon.C)' 
    - ErrorMessage: ''
0222236:
    - bResult: 'False'
    - OutDescEst: 'Conn.5 ganci norm. - L Taglio = 2903 (mon.C)' 
    - ErrorMessage: ''
0222237:
    - bResult: 'False'
    - OutDescEst: 'Conn.5 ganci norm. - L Taglio = 2903 (mon.C)' 
    - ErrorMessage: ''
0222238:
    - bResult: 'False'
    - OutDescEst: 'Conn.5 ganci norm. - L Taglio = 2903 (mon.C)' 
    - ErrorMessage: ''
0222239:
    - bResult: 'False'
    - OutDescEst: 'Conn.5 ganci norm. - L Taglio = 2903 (mon.C)' 
    - ErrorMessage: ''
0223750:
    - bResult: 'False'
    - OutDescEst: 'Conn.5 ganci norm. - L Taglio = 3703 (mon.C)' 
    - ErrorMessage: ''
0223751:
    - bResult: 'False'
    - OutDescEst: 'Conn.5 ganci norm. - L Taglio = 3703 (mon.C)' 
    - ErrorMessage: ''
0223752:
    - bResult: 'False'
    - OutDescEst: 'Conn.5 ganci norm. - L Taglio = 3703 (mon.C)' 
    - ErrorMessage: ''
0223753:
    - bResult: 'False'
    - OutDescEst: 'Conn.5 ganci norm. - L Taglio = 3703 (mon.C)' 
    - ErrorMessage: ''
0224791:
    - bResult: 'False'
    - OutDescEst: 'Conn.5 ganci norm. - L Taglio = 4803 (mon.C)' 
    - ErrorMessage: ''
0224792:
    - bResult: 'False'
    - OutDescEst: 'Conn.5 ganci norm. - L Taglio = 4803 (mon.C)' 
    - ErrorMessage: ''
0224793:
    - bResult: 'False'
    - OutDescEst: 'Conn.5 ganci norm. - L Taglio = 4803 (mon.C)' 
    - ErrorMessage: ''
0224794:
    - bResult: 'False'
    - OutDescEst: 'Conn.5 ganci norm. - L Taglio = 4803 (mon.C)' 
    - ErrorMessage: ''
0229176:
    - bResult: 'False'
    - OutDescEst: 'Conn.5 ganci norm. - L Taglio = 3703 (mon.C)' 
    - ErrorMessage: ''
0229177:
    - bResult: 'False'
    - OutDescEst: 'Conn.5 ganci norm. - L Taglio = 3703 (mon.C)' 
    - ErrorMessage: ''
0230688:
    - bResult: 'False'
    - OutDescEst: 'Conn.5 ganci norm. - L Taglio = 4333 (mon.B)' 
    - ErrorMessage: ''
0230689:
    - bResult: 'False'
    - OutDescEst: 'Conn.5 ganci norm. - L Taglio = 4333 (mon.B)' 
    - ErrorMessage: ''
0230690:
    - bResult: 'False'
    - OutDescEst: 'Conn.5 ganci norm. - L Taglio = 4333 (mon.B)' 
    - ErrorMessage: ''
0230691:
    - bResult: 'False'
    - OutDescEst: 'Conn.5 ganci norm. - L Taglio = 4333 (mon.B)' 
    - ErrorMessage: ''
0232151:
    - bResult: 'False'
    - OutDescEst: 'Conn.5 ganci norm. - L Taglio = 3897 (mon.D)' 
    - ErrorMessage: ''
0232152:
    - bResult: 'False'
    - OutDescEst: 'Conn.5 ganci norm. - L Taglio = 3897 (mon.D)' 
    - ErrorMessage: ''
0232153:
    - bResult: 'False'
    - OutDescEst: 'Conn.5 ganci norm. - L Taglio = 3897 (mon.D)' 
    - ErrorMessage: ''
0232154:
    - bResult: 'False'
    - OutDescEst: 'Conn.5 ganci norm. - L Taglio = 3897 (mon.D)' 
    - ErrorMessage: ''
0232160:
    - bResult: 'False'
    - OutDescEst: 'Conn.5 ganci norm. - L Taglio = 3897 (mon.D)' 
    - ErrorMessage: ''
0232161:
    - bResult: 'False'
    - OutDescEst: 'Conn.5 ganci norm. - L Taglio = 3897 (mon.D)' 
    - ErrorMessage: ''
0232162:
    - bResult: 'False'
    - OutDescEst: 'Conn.5 ganci norm. - L Taglio = 3897 (mon.D)' 
    - ErrorMessage: ''
0232163:
    - bResult: 'False'
    - OutDescEst: 'Conn.5 ganci norm. - L Taglio = 3897 (mon.D)' 
    - ErrorMessage: ''
0232242:
    - bResult: 'False'
    - OutDescEst: 'Conn.5 ganci norm. - L Taglio = 3897 (mon.D)' 
    - ErrorMessage: ''
0232243:
    - bResult: 'False'
    - OutDescEst: 'Conn.5 ganci norm. - L Taglio = 3897 (mon.D)' 
    - ErrorMessage: ''
0232244:
    - bResult: 'False'
    - OutDescEst: 'Conn.5 ganci norm. - L Taglio = 3897 (mon.D)' 
    - ErrorMessage: ''
0232245:
    - bResult: 'False'
    - OutDescEst: 'Conn.5 ganci norm. - L Taglio = 3897 (mon.D)' 
    - ErrorMessage: ''
0232274:
    - bResult: 'False'
    - OutDescEst: 'Conn.5 ganci norm. - L Taglio = 2847 (mon.C)' 
    - ErrorMessage: ''
0232275:
    - bResult: 'False'
    - OutDescEst: 'Conn.5 ganci norm. - L Taglio = 2847 (mon.C)' 
    - ErrorMessage: ''
0232276:
    - bResult: 'False'
    - OutDescEst: 'Conn.5 ganci norm. - L Taglio = 2847 (mon.C)' 
    - ErrorMessage: ''
0232277:
    - bResult: 'False'
    - OutDescEst: 'Conn.5 ganci norm. - L Taglio = 2847 (mon.C)' 
    - ErrorMessage: ''
0232712:
    - bResult: 'False'
    - OutDescEst: 'Conn.5 ganci norm. - L Taglio = 1997 (mon.C)' 
    - ErrorMessage: ''
0232713:
    - bResult: 'False'
    - OutDescEst: 'Conn.5 ganci norm. - L Taglio = 1997 (mon.C)' 
    - ErrorMessage: ''
0232714:
    - bResult: 'False'
    - OutDescEst: 'Conn.5 ganci norm. - L Taglio = 1997 (mon.C)' 
    - ErrorMessage: ''
0232715:
    - bResult: 'False'
    - OutDescEst: 'Conn.5 ganci norm. - L Taglio = 1997 (mon.C)' 
    - ErrorMessage: ''
0232951:
    - bResult: 'False'
    - OutDescEst: 'Conn.5 ganci norm. - L Taglio = 3803 (mon.C)' 
    - ErrorMessage: ''
0232952:
    - bResult: 'False'
    - OutDescEst: 'Conn.5 ganci norm. - L Taglio = 3803 (mon.C)' 
    - ErrorMessage: ''
0235151:
    - bResult: 'False'
    - OutDescEst: 'Conn.5 ganci norm. - L Taglio = 4923 (mon.D)' 
    - ErrorMessage: ''
0235152:
    - bResult: 'False'
    - OutDescEst: 'Conn.5 ganci norm. - L Taglio = 4923 (mon.D)' 
    - ErrorMessage: ''
0235153:
    - bResult: 'False'
    - OutDescEst: 'Conn.5 ganci norm. - L Taglio = 4923 (mon.D)' 
    - ErrorMessage: ''
0235154:
    - bResult: 'False'
    - OutDescEst: 'Conn.5 ganci norm. - L Taglio = 4923 (mon.D)' 
    - ErrorMessage: ''
0236871:
    - bResult: 'False'
    - OutDescEst: 'Conn.5 ganci norm. - L Taglio = 3773 (mon.D)' 
    - ErrorMessage: ''
0236872:
    - bResult: 'False'
    - OutDescEst: 'Conn.5 ganci norm. - L Taglio = 3773 (mon.D)' 
    - ErrorMessage: ''
0236873:
    - bResult: 'False'
    - OutDescEst: 'Conn.5 ganci norm. - L Taglio = 3773 (mon.D)' 
    - ErrorMessage: ''
0236874:
    - bResult: 'False'
    - OutDescEst: 'Conn.5 ganci norm. - L Taglio = 3773 (mon.D)' 
    - ErrorMessage: ''
0237116:
    - bResult: 'False'
    - OutDescEst: 'Conn.5 ganci norm. - L Taglio = 3397 (mon.C)' 
    - ErrorMessage: ''
0237117:
    - bResult: 'False'
    - OutDescEst: 'Conn.5 ganci norm. - L Taglio = 3397 (mon.C)' 
    - ErrorMessage: ''
0237118:
    - bResult: 'False'
    - OutDescEst: 'Conn.5 ganci norm. - L Taglio = 3397 (mon.C)' 
    - ErrorMessage: ''
0237119:
    - bResult: 'False'
    - OutDescEst: 'Conn.5 ganci norm. - L Taglio = 3397 (mon.C)' 
    - ErrorMessage: ''
0237780:
    - bResult: 'False'
    - OutDescEst: 'Conn.5 ganci norm. - L Taglio = 4153 (mon.C)' 
    - ErrorMessage: ''
0237781:
    - bResult: 'False'
    - OutDescEst: 'Conn.5 ganci norm. - L Taglio = 4153 (mon.C)' 
    - ErrorMessage: ''
0237782:
    - bResult: 'False'
    - OutDescEst: 'Conn.5 ganci norm. - L Taglio = 4153 (mon.C)' 
    - ErrorMessage: ''
0237783:
    - bResult: 'False'
    - OutDescEst: 'Conn.5 ganci norm. - L Taglio = 4153 (mon.C)' 
    - ErrorMessage: ''
0241545:
    - bResult: 'False'
    - OutDescEst: 'Conn.5 ganci norm. - L Taglio = 3203 (mon.B)' 
    - ErrorMessage: ''
0241546:
    - bResult: 'False'
    - OutDescEst: 'Conn.5 ganci norm. - L Taglio = 3203 (mon.B)' 
    - ErrorMessage: ''
0241547:
    - bResult: 'False'
    - OutDescEst: 'Conn.5 ganci norm. - L Taglio = 3203 (mon.B)' 
    - ErrorMessage: ''
0241548:
    - bResult: 'False'
    - OutDescEst: 'Conn.5 ganci norm. - L Taglio = 3203 (mon.B)' 
    - ErrorMessage: ''
0241549:
    - bResult: 'False'
    - OutDescEst: 'Conn.5 ganci norm. - L Taglio = 4103 (mon.B)' 
    - ErrorMessage: ''
0241550:
    - bResult: 'False'
    - OutDescEst: 'Conn.5 ganci norm. - L Taglio = 4103 (mon.B)' 
    - ErrorMessage: ''
0241551:
    - bResult: 'False'
    - OutDescEst: 'Conn.5 ganci norm. - L Taglio = 5073 (mon.B)' 
    - ErrorMessage: ''
0241552:
    - bResult: 'False'
    - OutDescEst: 'Conn.5 ganci norm. - L Taglio = 5073 (mon.B)' 
    - ErrorMessage: ''
0241553:
    - bResult: 'False'
    - OutDescEst: 'Conn.5 ganci norm. - L Taglio = 4103 (mon.B)' 
    - ErrorMessage: ''
0241554:
    - bResult: 'False'
    - OutDescEst: 'Conn.5 ganci norm. - L Taglio = 4103 (mon.B)' 
    - ErrorMessage: ''
0241555:
    - bResult: 'False'
    - OutDescEst: 'Conn.5 ganci norm. - L Taglio = 5073 (mon.B)' 
    - ErrorMessage: ''
0241556:
    - bResult: 'False'
    - OutDescEst: 'Conn.5 ganci norm. - L Taglio = 5073 (mon.B)' 
    - ErrorMessage: ''
0242146:
    - bResult: 'False'
    - OutDescEst: 'Conn.5 ganci norm. - L Taglio = 4037 (mon.D)' 
    - ErrorMessage: ''
0242147:
    - bResult: 'False'
    - OutDescEst: 'Conn.5 ganci norm. - L Taglio = 4037 (mon.D)' 
    - ErrorMessage: ''
0242148:
    - bResult: 'False'
    - OutDescEst: 'Conn.5 ganci norm. - L Taglio = 4037 (mon.D)' 
    - ErrorMessage: ''
0242149:
    - bResult: 'False'
    - OutDescEst: 'Conn.5 ganci norm. - L Taglio = 4037 (mon.D)' 
    - ErrorMessage: ''
0243056:
    - bResult: 'False'
    - OutDescEst: 'Conn.5 ganci F.S. - L Taglio = 5427 (mon.A)' 
    - ErrorMessage: ''
0243057:
    - bResult: 'False'
    - OutDescEst: 'Conn.5 ganci F.S. - L Taglio = 5427 (mon.A)' 
    - ErrorMessage: ''
0243058:
    - bResult: 'False'
    - OutDescEst: 'Conn.5 ganci norm. - L Taglio = 5427 (mon.A)' 
    - ErrorMessage: ''
0243059:
    - bResult: 'False'
    - OutDescEst: 'Conn.5 ganci norm. - L Taglio = 5427 (mon.A)' 
    - ErrorMessage: ''
0243060:
    - bResult: 'False'
    - OutDescEst: 'Conn.5 ganci F.S. - L Taglio = 5427 (mon.A)' 
    - ErrorMessage: ''
0243061:
    - bResult: 'False'
    - OutDescEst: 'Conn.5 ganci F.S. - L Taglio = 5427 (mon.A)' 
    - ErrorMessage: ''
0243062:
    - bResult: 'False'
    - OutDescEst: 'Conn.5 ganci norm. - L Taglio = 5427 (mon.A)' 
    - ErrorMessage: ''
0243063:
    - bResult: 'False'
    - OutDescEst: 'Conn.5 ganci norm. - L Taglio = 5427 (mon.A)' 
    - ErrorMessage: ''
0243070:
    - bResult: 'False'
    - OutDescEst: 'Conn.5 ganci F.S. - L Taglio = 5430 (mon.A)' 
    - ErrorMessage: ''
0243071:
    - bResult: 'False'
    - OutDescEst: 'Conn.5 ganci F.S. - L Taglio = 5430 (mon.A)' 
    - ErrorMessage: ''
0243072:
    - bResult: 'False'
    - OutDescEst: 'Conn.5 ganci norm. - L Taglio = 5430 (mon.A)' 
    - ErrorMessage: ''
0243073:
    - bResult: 'False'
    - OutDescEst: 'Conn.5 ganci norm. - L Taglio = 5430 (mon.A)' 
    - ErrorMessage: ''
0243074:
    - bResult: 'False'
    - OutDescEst: 'Conn.5 ganci F.S. - L Taglio = 5430 (mon.A)' 
    - ErrorMessage: ''
0243075:
    - bResult: 'False'
    - OutDescEst: 'Conn.5 ganci F.S. - L Taglio = 5430 (mon.A)' 
    - ErrorMessage: ''
0243076:
    - bResult: 'False'
    - OutDescEst: 'Conn.5 ganci norm. - L Taglio = 5430 (mon.A)' 
    - ErrorMessage: ''
0243077:
    - bResult: 'False'
    - OutDescEst: 'Conn.5 ganci norm. - L Taglio = 5430 (mon.A)' 
    - ErrorMessage: ''
0244113:
    - bResult: 'False'
    - OutDescEst: 'Conn.5 ganci F.S. - L Taglio = 2523 (mon.D)' 
    - ErrorMessage: ''
0244114:
    - bResult: 'False'
    - OutDescEst: 'Conn.5 ganci F.S. - L Taglio = 2523 (mon.D)' 
    - ErrorMessage: ''
0244115:
    - bResult: 'False'
    - OutDescEst: 'Conn.5 ganci F.S. - L Taglio = 2523 (mon.D)' 
    - ErrorMessage: ''
0244116:
    - bResult: 'False'
    - OutDescEst: 'Conn.5 ganci F.S. - L Taglio = 2523 (mon.D)' 
    - ErrorMessage: ''
0251386:
    - bResult: 'False'
    - OutDescEst: 'Conn.5 ganci norm. - L Taglio = 5023 (mon.D)' 
    - ErrorMessage: ''
0251387:
    - bResult: 'False'
    - OutDescEst: 'Conn.5 ganci norm. - L Taglio = 5023 (mon.D)' 
    - ErrorMessage: ''
0254683:
    - bResult: 'False'
    - OutDescEst: 'Conn.5 ganci norm. - L Taglio = 4903 (mon.C)' 
    - ErrorMessage: ''
0254684:
    - bResult: 'False'
    - OutDescEst: 'Conn.5 ganci norm. - L Taglio = 4903 (mon.C)' 
    - ErrorMessage: ''
0254685:
    - bResult: 'False'
    - OutDescEst: 'Conn.5 ganci norm. - L Taglio = 4903 (mon.C)' 
    - ErrorMessage: ''
0254686:
    - bResult: 'False'
    - OutDescEst: 'Conn.5 ganci norm. - L Taglio = 4903 (mon.C)' 
    - ErrorMessage: ''
0254687:
    - bResult: 'False'
    - OutDescEst: 'Conn.5 ganci norm. - L Taglio = 4903 (mon.C)' 
    - ErrorMessage: ''
0254688:
    - bResult: 'False'
    - OutDescEst: 'Conn.5 ganci norm. - L Taglio = 4903 (mon.C)' 
    - ErrorMessage: ''
0254689:
    - bResult: 'False'
    - OutDescEst: 'Conn.5 ganci norm. - L Taglio = 4903 (mon.C)' 
    - ErrorMessage: ''
0254690:
    - bResult: 'False'
    - OutDescEst: 'Conn.5 ganci norm. - L Taglio = 4903 (mon.C)' 
    - ErrorMessage: ''
0255319:
    - bResult: 'False'
    - OutDescEst: 'Conn.5 ganci norm. - L Taglio = 3703 (mon.C)' 
    - ErrorMessage: ''
0255321:
    - bResult: 'False'
    - OutDescEst: 'Conn.5 ganci norm. - L Taglio = 3703 (mon.C)' 
    - ErrorMessage: ''
0255598:
    - bResult: 'False'
    - OutDescEst: 'Conn.5 ganci norm. - L Taglio = 3603 (mon.C)' 
    - ErrorMessage: ''
0255599:
    - bResult: 'False'
    - OutDescEst: 'Conn.5 ganci norm. - L Taglio = 3603 (mon.C)' 
    - ErrorMessage: ''
0255600:
    - bResult: 'False'
    - OutDescEst: 'Conn.5 ganci norm. - L Taglio = 3603 (mon.C)' 
    - ErrorMessage: ''
0255601:
    - bResult: 'False'
    - OutDescEst: 'Conn.5 ganci norm. - L Taglio = 3603 (mon.C)' 
    - ErrorMessage: ''
0256137:
    - bResult: 'False'
    - OutDescEst: 'Conn.5 ganci norm. - L Taglio = 2703 (mon.B)' 
    - ErrorMessage: ''
0256138:
    - bResult: 'False'
    - OutDescEst: 'Conn.5 ganci norm. - L Taglio = 2703 (mon.B)' 
    - ErrorMessage: ''
0256139:
    - bResult: 'False'
    - OutDescEst: 'Conn.5 ganci norm. - L Taglio = 2703 (mon.B)' 
    - ErrorMessage: ''
0256140:
    - bResult: 'False'
    - OutDescEst: 'Conn.5 ganci norm. - L Taglio = 2703 (mon.B)' 
    - ErrorMessage: ''
0258105:
    - bResult: 'False'
    - OutDescEst: 'Conn.5 ganci F.S. - L Taglio = 1250 (mon.A)' 
    - ErrorMessage: ''
0258106:
    - bResult: 'False'
    - OutDescEst: 'Conn.5 ganci F.S. - L Taglio = 1250 (mon.A)' 
    - ErrorMessage: ''
0258107:
    - bResult: 'False'
    - OutDescEst: 'Conn.5 ganci F.S. - L Taglio = 1250 (mon.A)' 
    - ErrorMessage: ''
0258108:
    - bResult: 'False'
    - OutDescEst: 'Conn.5 ganci F.S. - L Taglio = 1250 (mon.A)' 
    - ErrorMessage: ''
0258423:
    - bResult: 'False'
    - OutDescEst: 'Conn.5 ganci norm. - L Taglio = 2932 (mon.D)' 
    - ErrorMessage: ''
0258424:
    - bResult: 'False'
    - OutDescEst: 'Conn.5 ganci norm. - L Taglio = 2932 (mon.D)' 
    - ErrorMessage: ''
0258425:
    - bResult: 'False'
    - OutDescEst: 'Conn.5 ganci norm. - L Taglio = 2932 (mon.D)' 
    - ErrorMessage: ''
0258426:
    - bResult: 'False'
    - OutDescEst: 'Conn.5 ganci norm. - L Taglio = 2932 (mon.D)' 
    - ErrorMessage: ''
0258429:
    - bResult: 'False'
    - OutDescEst: 'Conn.5 ganci norm. - L Taglio = 2932 (mon.D)' 
    - ErrorMessage: ''
0258430:
    - bResult: 'False'
    - OutDescEst: 'Conn.5 ganci norm. - L Taglio = 2932 (mon.D)' 
    - ErrorMessage: ''
0258431:
    - bResult: 'False'
    - OutDescEst: 'Conn.5 ganci norm. - L Taglio = 2932 (mon.D)' 
    - ErrorMessage: ''
0258432:
    - bResult: 'False'
    - OutDescEst: 'Conn.5 ganci norm. - L Taglio = 2932 (mon.D)' 
    - ErrorMessage: ''
0258819:
    - bResult: 'False'
    - OutDescEst: 'Conn.5 ganci norm. - L Taglio = 3503 (mon.C)' 
    - ErrorMessage: ''
0258820:
    - bResult: 'False'
    - OutDescEst: 'Conn.5 ganci norm. - L Taglio = 3503 (mon.C)' 
    - ErrorMessage: ''
0258821:
    - bResult: 'False'
    - OutDescEst: 'Conn.5 ganci norm. - L Taglio = 3503 (mon.C)' 
    - ErrorMessage: ''
0258822:
    - bResult: 'False'
    - OutDescEst: 'Conn.5 ganci norm. - L Taglio = 3503 (mon.C)' 
    - ErrorMessage: ''
0258823:
    - bResult: 'False'
    - OutDescEst: 'Conn.5 ganci norm. - L Taglio = 3523 (mon.D)' 
    - ErrorMessage: ''
0258824:
    - bResult: 'False'
    - OutDescEst: 'Conn.5 ganci norm. - L Taglio = 3523 (mon.D)' 
    - ErrorMessage: ''
0258825:
    - bResult: 'False'
    - OutDescEst: 'Conn.5 ganci norm. - L Taglio = 3523 (mon.D)' 
    - ErrorMessage: ''
0258826:
    - bResult: 'False'
    - OutDescEst: 'Conn.5 ganci norm. - L Taglio = 3523 (mon.D)' 
    - ErrorMessage: ''
0259345:
    - bResult: 'False'
    - OutDescEst: 'Conn.5 ganci norm. - L Taglio = 4503 (mon.C)' 
    - ErrorMessage: ''
0259346:
    - bResult: 'False'
    - OutDescEst: 'Conn.5 ganci norm. - L Taglio = 4503 (mon.C)' 
    - ErrorMessage: ''
0259347:
    - bResult: 'False'
    - OutDescEst: 'Conn.5 ganci norm. - L Taglio = 4503 (mon.C)' 
    - ErrorMessage: ''
0259348:
    - bResult: 'False'
    - OutDescEst: 'Conn.5 ganci norm. - L Taglio = 4503 (mon.C)' 
    - ErrorMessage: ''
0260348:
    - bResult: 'False'
    - OutDescEst: 'Conn.5 ganci norm. - L Taglio = 3805 (mon.C)' 
    - ErrorMessage: ''
0260349:
    - bResult: 'False'
    - OutDescEst: 'Conn.5 ganci norm. - L Taglio = 3805 (mon.C)' 
    - ErrorMessage: ''
0260356:
    - bResult: 'False'
    - OutDescEst: 'Conn.5 ganci norm. - L Taglio = 3805 (mon.C)' 
    - ErrorMessage: ''
0260357:
    - bResult: 'False'
    - OutDescEst: 'Conn.5 ganci norm. - L Taglio = 3805 (mon.C)' 
    - ErrorMessage: ''
0263874:
    - bResult: 'False'
    - OutDescEst: 'Conn.5 ganci norm. - L Taglio = 3783 (mon.B)' 
    - ErrorMessage: ''
0263875:
    - bResult: 'False'
    - OutDescEst: 'Conn.5 ganci norm. - L Taglio = 3783 (mon.B)' 
    - ErrorMessage: ''
0264211:
    - bResult: 'False'
    - OutDescEst: 'Conn.5 ganci norm. - L Taglio = 4477 (mon.A)' 
    - ErrorMessage: ''
0264212:
    - bResult: 'False'
    - OutDescEst: 'Conn.5 ganci norm. - L Taglio = 4477 (mon.A)' 
    - ErrorMessage: ''
0264213:
    - bResult: 'False'
    - OutDescEst: 'Conn.5 ganci norm. - L Taglio = 4477 (mon.A)' 
    - ErrorMessage: ''
0264214:
    - bResult: 'False'
    - OutDescEst: 'Conn.5 ganci norm. - L Taglio = 4477 (mon.A)' 
    - ErrorMessage: ''
0264575:
    - bResult: 'False'
    - OutDescEst: 'Conn.5 ganci F.S. - L Taglio = 2159 (mon.B)' 
    - ErrorMessage: ''
0264576:
    - bResult: 'False'
    - OutDescEst: 'Conn.5 ganci F.S. - L Taglio = 2159 (mon.B)' 
    - ErrorMessage: ''
0264577:
    - bResult: 'False'
    - OutDescEst: 'Conn.5 ganci F.S. - L Taglio = 2162 (mon.B)' 
    - ErrorMessage: ''
0264578:
    - bResult: 'False'
    - OutDescEst: 'Conn.5 ganci F.S. - L Taglio = 2162 (mon.B)' 
    - ErrorMessage: ''
0264579:
    - bResult: 'False'
    - OutDescEst: 'Conn.5 ganci F.S. - L Taglio = 2162 (mon.B)' 
    - ErrorMessage: ''
0264580:
    - bResult: 'False'
    - OutDescEst: 'Conn.5 ganci F.S. - L Taglio = 2162 (mon.B)' 
    - ErrorMessage: ''
0264604:
    - bResult: 'False'
    - OutDescEst: 'Conn.5 ganci F.S. - L Taglio = 2162 (mon.B)' 
    - ErrorMessage: ''
0264605:
    - bResult: 'False'
    - OutDescEst: 'Conn.5 ganci F.S. - L Taglio = 2162 (mon.B)' 
    - ErrorMessage: ''
0264607:
    - bResult: 'False'
    - OutDescEst: 'Conn.5 ganci F.S. - L Taglio = 2162 (mon.B)' 
    - ErrorMessage: ''
0264609:
    - bResult: 'False'
    - OutDescEst: 'Conn.5 ganci F.S. - L Taglio = 2162 (mon.B)' 
    - ErrorMessage: ''
0265441:
    - bResult: 'False'
    - OutDescEst: 'Conn.5 ganci norm. - L Taglio = 4923 (mon.D)' 
    - ErrorMessage: ''
0265442:
    - bResult: 'False'
    - OutDescEst: 'Conn.5 ganci norm. - L Taglio = 4923 (mon.D)' 
    - ErrorMessage: ''
0274127:
    - bResult: 'False'
    - OutDescEst: 'Conn.5 ganci norm. - L Taglio = 3797 (mon.D)' 
    - ErrorMessage: ''
0274128:
    - bResult: 'False'
    - OutDescEst: 'Conn.5 ganci norm. - L Taglio = 3797 (mon.D)' 
    - ErrorMessage: ''
0274130:
    - bResult: 'False'
    - OutDescEst: 'Conn.5 ganci norm. - L Taglio = 3797 (mon.D)' 
    - ErrorMessage: ''
0274131:
    - bResult: 'False'
    - OutDescEst: 'Conn.5 ganci norm. - L Taglio = 3797 (mon.D)' 
    - ErrorMessage: ''
0283437:
    - bResult: 'False'
    - OutDescEst: 'Conn.5 ganci norm. - L Taglio =  (mon.9)' 
    - ErrorMessage: ''
0283438:
    - bResult: 'False'
    - OutDescEst: 'Conn.5 ganci norm. - L Taglio =  (mon.9)' 
    - ErrorMessage: ''
0283441:
    - bResult: 'False'
    - OutDescEst: 'Conn.5 ganci norm. - L Taglio =  (mon.9)' 
    - ErrorMessage: ''
0283442:
    - bResult: 'False'
    - OutDescEst: 'Conn.5 ganci norm. - L Taglio =  (mon.9)' 
    - ErrorMessage: ''
0283511:
    - bResult: 'False'
    - OutDescEst: 'Conn.5 ganci norm. - L Taglio =  (mon.9)' 
    - ErrorMessage: ''
0283512:
    - bResult: 'False'
    - OutDescEst: 'Conn.5 ganci norm. - L Taglio =  (mon.9)' 
    - ErrorMessage: ''
0283513:
    - bResult: 'False'
    - OutDescEst: 'Conn.5 ganci norm. - L Taglio =  (mon.9)' 
    - ErrorMessage: ''
0283514:
    - bResult: 'False'
    - OutDescEst: 'Conn.5 ganci norm. - L Taglio =  (mon.9)' 
    - ErrorMessage: ''
0284933:
    - bResult: 'False'
    - OutDescEst: 'Conn.5 ganci norm. - L Taglio = 2059 (mon.C)' 
    - ErrorMessage: ''
0284934:
    - bResult: 'False'
    - OutDescEst: 'Conn.5 ganci norm. - L Taglio = 2059 (mon.C)' 
    - ErrorMessage: ''
0284935:
    - bResult: 'False'
    - OutDescEst: 'Conn.5 ganci norm. - L Taglio = 2059 (mon.C)' 
    - ErrorMessage: ''
0284936:
    - bResult: 'False'
    - OutDescEst: 'Conn.5 ganci norm. - L Taglio = 2059 (mon.C)' 
    - ErrorMessage: ''
0286316:
    - bResult: 'False'
    - OutDescEst: 'Conn.5 ganci norm. - L Taglio = 1607 (mon.D)' 
    - ErrorMessage: ''
0286317:
    - bResult: 'False'
    - OutDescEst: 'Conn.5 ganci norm. - L Taglio = 1607 (mon.D)' 
    - ErrorMessage: ''
0286318:
    - bResult: 'False'
    - OutDescEst: 'Conn.5 ganci norm. - L Taglio = 1607 (mon.D)' 
    - ErrorMessage: ''
0286319:
    - bResult: 'False'
    - OutDescEst: 'Conn.5 ganci norm. - L Taglio = 1607 (mon.D)' 
    - ErrorMessage: ''
0286531:
    - bResult: 'False'
    - OutDescEst: 'Conn.5 ganci F.S. - L Taglio = 1717 (mon.D)' 
    - ErrorMessage: ''
0286532:
    - bResult: 'False'
    - OutDescEst: 'Conn.5 ganci F.S. - L Taglio = 1717 (mon.D)' 
    - ErrorMessage: ''
0286533:
    - bResult: 'False'
    - OutDescEst: 'Conn.5 ganci norm. - L Taglio = 1717 (mon.D)' 
    - ErrorMessage: ''
0286534:
    - bResult: 'False'
    - OutDescEst: 'Conn.5 ganci norm. - L Taglio = 1717 (mon.D)' 
    - ErrorMessage: ''
1000069:
    - bResult: 'True'
    - OutDescEst: 'Conn.5 ganci norm. - L Taglio = 1717 (mon.D)' 
    - ErrorMessage: 'No properties for this Code: 1000069 []'
1000070:
    - bResult: 'True'
    - OutDescEst: 'Conn.5 ganci norm. - L Taglio = 1717 (mon.D)' 
    - ErrorMessage: 'No properties for this Code: 1000070 []'
1000075:
    - bResult: 'True'
    - OutDescEst: 'Conn.5 ganci norm. - L Taglio = 1717 (mon.D)' 
    - ErrorMessage: 'No properties for this Code: 1000075 []'
1000076:
    - bResult: 'True'
    - OutDescEst: 'Conn.5 ganci norm. - L Taglio = 1717 (mon.D)' 
    - ErrorMessage: 'No properties for this Code: 1000076 []'
1000078:
    - bResult: 'False'
    - OutDescEst: 'Conn.5 ganci F.S. - Int. - Est.' 
    - ErrorMessage: ''
1000079:
    - bResult: 'False'
    - OutDescEst: 'Conn.5 ganci F.S. - Int. - Est.' 
    - ErrorMessage: ''
1000974:
    - bResult: 'False'
    - OutDescEst: 'Conn.5 ganci norm. - L Taglio = 3703 (mon.C)' 
    - ErrorMessage: ''
1000976:
    - bResult: 'False'
    - OutDescEst: 'Conn.5 ganci norm. - L Taglio = 3703 (mon.C)' 
    - ErrorMessage: ''
