0205122:
    - bResult: 'False'
    - OutDescEst: '' 
    - ErrorMessage: ''
0207159:
    - bResult: 'False'
    - OutDescEst: '' 
    - ErrorMessage: ''
0207185:
    - bResult: 'False'
    - OutDescEst: '' 
    - ErrorMessage: ''
0207186:
    - bResult: 'False'
    - OutDescEst: '' 
    - ErrorMessage: ''
0207196:
    - bResult: 'False'
    - OutDescEst: '' 
    - ErrorMessage: ''
0208185:
    - bResult: 'False'
    - OutDescEst: '' 
    - ErrorMessage: ''
0208186:
    - bResult: 'False'
    - OutDescEst: '' 
    - ErrorMessage: ''
0208557:
    - bResult: 'False'
    - OutDescEst: '' 
    - ErrorMessage: ''
0209354:
    - bResult: 'False'
    - OutDescEst: '' 
    - ErrorMessage: ''
0209358:
    - bResult: 'False'
    - OutDescEst: '' 
    - ErrorMessage: ''
0209523:
    - bResult: 'False'
    - OutDescEst: '' 
    - ErrorMessage: ''
0209524:
    - bResult: 'False'
    - OutDescEst: '' 
    - ErrorMessage: ''
0210090:
    - bResult: 'False'
    - OutDescEst: '' 
    - ErrorMessage: ''
0210271:
    - bResult: 'False'
    - OutDescEst: '' 
    - ErrorMessage: ''
0210273:
    - bResult: 'False'
    - OutDescEst: '' 
    - ErrorMessage: ''
0213299:
    - bResult: 'False'
    - OutDescEst: '' 
    - ErrorMessage: ''
0213300:
    - bResult: 'False'
    - OutDescEst: '' 
    - ErrorMessage: ''
0213461:
    - bResult: 'False'
    - OutDescEst: '' 
    - ErrorMessage: ''
0213463:
    - bResult: 'False'
    - OutDescEst: '' 
    - ErrorMessage: ''
0213537:
    - bResult: 'False'
    - OutDescEst: '' 
    - ErrorMessage: ''
0213925:
    - bResult: 'False'
    - OutDescEst: '' 
    - ErrorMessage: ''
0213926:
    - bResult: 'False'
    - OutDescEst: '' 
    - ErrorMessage: ''
0213935:
    - bResult: 'False'
    - OutDescEst: '' 
    - ErrorMessage: ''
0214148:
    - bResult: 'False'
    - OutDescEst: '' 
    - ErrorMessage: ''
0214149:
    - bResult: 'False'
    - OutDescEst: '' 
    - ErrorMessage: ''
0214245:
    - bResult: 'False'
    - OutDescEst: '' 
    - ErrorMessage: ''
0214453:
    - bResult: 'False'
    - OutDescEst: '' 
    - ErrorMessage: ''
0214598:
    - bResult: 'False'
    - OutDescEst: '' 
    - ErrorMessage: ''
0214599:
    - bResult: 'False'
    - OutDescEst: '' 
    - ErrorMessage: ''
0216048:
    - bResult: 'False'
    - OutDescEst: '' 
    - ErrorMessage: ''
0217150:
    - bResult: 'False'
    - OutDescEst: '' 
    - ErrorMessage: ''
0217151:
    - bResult: 'False'
    - OutDescEst: '' 
    - ErrorMessage: ''
0217152:
    - bResult: 'False'
    - OutDescEst: '' 
    - ErrorMessage: ''
0217156:
    - bResult: 'False'
    - OutDescEst: '' 
    - ErrorMessage: ''
0217157:
    - bResult: 'False'
    - OutDescEst: '' 
    - ErrorMessage: ''
0217158:
    - bResult: 'False'
    - OutDescEst: '' 
    - ErrorMessage: ''
0217277:
    - bResult: 'False'
    - OutDescEst: '' 
    - ErrorMessage: ''
0217278:
    - bResult: 'False'
    - OutDescEst: '' 
    - ErrorMessage: ''
0217283:
    - bResult: 'False'
    - OutDescEst: '' 
    - ErrorMessage: ''
0217292:
    - bResult: 'False'
    - OutDescEst: '' 
    - ErrorMessage: ''
0217294:
    - bResult: 'False'
    - OutDescEst: '' 
    - ErrorMessage: ''
0217297:
    - bResult: 'False'
    - OutDescEst: '' 
    - ErrorMessage: ''
0217326:
    - bResult: 'False'
    - OutDescEst: '' 
    - ErrorMessage: ''
0217328:
    - bResult: 'False'
    - OutDescEst: '' 
    - ErrorMessage: ''
0217330:
    - bResult: 'False'
    - OutDescEst: '' 
    - ErrorMessage: ''
0217894:
    - bResult: 'False'
    - OutDescEst: '' 
    - ErrorMessage: ''
0218127:
    - bResult: 'False'
    - OutDescEst: '' 
    - ErrorMessage: ''
0218181:
    - bResult: 'False'
    - OutDescEst: '' 
    - ErrorMessage: ''
0218262:
    - bResult: 'False'
    - OutDescEst: '' 
    - ErrorMessage: ''
0218264:
    - bResult: 'False'
    - OutDescEst: '' 
    - ErrorMessage: ''
0218270:
    - bResult: 'False'
    - OutDescEst: '' 
    - ErrorMessage: ''
0218271:
    - bResult: 'False'
    - OutDescEst: '' 
    - ErrorMessage: ''
0218277:
    - bResult: 'False'
    - OutDescEst: '' 
    - ErrorMessage: ''
0218355:
    - bResult: 'False'
    - OutDescEst: '' 
    - ErrorMessage: ''
0218356:
    - bResult: 'False'
    - OutDescEst: '' 
    - ErrorMessage: ''
0218667:
    - bResult: 'False'
    - OutDescEst: '' 
    - ErrorMessage: ''
0218668:
    - bResult: 'False'
    - OutDescEst: '' 
    - ErrorMessage: ''
0219299:
    - bResult: 'False'
    - OutDescEst: '' 
    - ErrorMessage: ''
0219301:
    - bResult: 'False'
    - OutDescEst: '' 
    - ErrorMessage: ''
0219303:
    - bResult: 'False'
    - OutDescEst: '' 
    - ErrorMessage: ''
0219304:
    - bResult: 'False'
    - OutDescEst: '' 
    - ErrorMessage: ''
0219305:
    - bResult: 'False'
    - OutDescEst: '' 
    - ErrorMessage: ''
0219306:
    - bResult: 'False'
    - OutDescEst: '' 
    - ErrorMessage: ''
0219307:
    - bResult: 'False'
    - OutDescEst: '' 
    - ErrorMessage: ''
0219454:
    - bResult: 'False'
    - OutDescEst: '' 
    - ErrorMessage: ''
0219455:
    - bResult: 'False'
    - OutDescEst: '' 
    - ErrorMessage: ''
0219458:
    - bResult: 'False'
    - OutDescEst: '' 
    - ErrorMessage: ''
0219866:
    - bResult: 'False'
    - OutDescEst: '' 
    - ErrorMessage: ''
0219867:
    - bResult: 'False'
    - OutDescEst: '' 
    - ErrorMessage: ''
0219923:
    - bResult: 'False'
    - OutDescEst: '' 
    - ErrorMessage: ''
0219928:
    - bResult: 'False'
    - OutDescEst: '' 
    - ErrorMessage: ''
0220525:
    - bResult: 'False'
    - OutDescEst: '' 
    - ErrorMessage: ''
0220529:
    - bResult: 'False'
    - OutDescEst: '' 
    - ErrorMessage: ''
0220532:
    - bResult: 'False'
    - OutDescEst: '' 
    - ErrorMessage: ''
0220537:
    - bResult: 'False'
    - OutDescEst: '' 
    - ErrorMessage: ''
0220538:
    - bResult: 'False'
    - OutDescEst: '' 
    - ErrorMessage: ''
0220539:
    - bResult: 'False'
    - OutDescEst: '' 
    - ErrorMessage: ''
0220826:
    - bResult: 'False'
    - OutDescEst: '' 
    - ErrorMessage: ''
0220827:
    - bResult: 'False'
    - OutDescEst: '' 
    - ErrorMessage: ''
0221139:
    - bResult: 'False'
    - OutDescEst: '' 
    - ErrorMessage: ''
0221469:
    - bResult: 'False'
    - OutDescEst: '' 
    - ErrorMessage: ''
0221562:
    - bResult: 'False'
    - OutDescEst: '' 
    - ErrorMessage: ''
0221564:
    - bResult: 'False'
    - OutDescEst: '' 
    - ErrorMessage: ''
0221583:
    - bResult: 'False'
    - OutDescEst: '' 
    - ErrorMessage: ''
0221584:
    - bResult: 'False'
    - OutDescEst: '' 
    - ErrorMessage: ''
0221912:
    - bResult: 'False'
    - OutDescEst: '' 
    - ErrorMessage: ''
0222141:
    - bResult: 'False'
    - OutDescEst: '' 
    - ErrorMessage: ''
0222149:
    - bResult: 'False'
    - OutDescEst: '' 
    - ErrorMessage: ''
0222152:
    - bResult: 'False'
    - OutDescEst: '' 
    - ErrorMessage: ''
0223263:
    - bResult: 'False'
    - OutDescEst: '' 
    - ErrorMessage: ''
0223292:
    - bResult: 'False'
    - OutDescEst: '' 
    - ErrorMessage: ''
0223293:
    - bResult: 'False'
    - OutDescEst: '' 
    - ErrorMessage: ''
0223295:
    - bResult: 'False'
    - OutDescEst: '' 
    - ErrorMessage: ''
0224087:
    - bResult: 'False'
    - OutDescEst: '' 
    - ErrorMessage: ''
0224146:
    - bResult: 'False'
    - OutDescEst: '' 
    - ErrorMessage: ''
0225168:
    - bResult: 'False'
    - OutDescEst: '' 
    - ErrorMessage: ''
0225396:
    - bResult: 'False'
    - OutDescEst: '' 
    - ErrorMessage: ''
0225398:
    - bResult: 'False'
    - OutDescEst: '' 
    - ErrorMessage: ''
0225399:
    - bResult: 'False'
    - OutDescEst: '' 
    - ErrorMessage: ''
0225400:
    - bResult: 'False'
    - OutDescEst: '' 
    - ErrorMessage: ''
0225401:
    - bResult: 'False'
    - OutDescEst: '' 
    - ErrorMessage: ''
0225612:
    - bResult: 'False'
    - OutDescEst: '' 
    - ErrorMessage: ''
0225614:
    - bResult: 'False'
    - OutDescEst: '' 
    - ErrorMessage: ''
0225715:
    - bResult: 'False'
    - OutDescEst: '' 
    - ErrorMessage: ''
0225716:
    - bResult: 'False'
    - OutDescEst: '' 
    - ErrorMessage: ''
0225717:
    - bResult: 'False'
    - OutDescEst: '' 
    - ErrorMessage: ''
0225718:
    - bResult: 'False'
    - OutDescEst: '' 
    - ErrorMessage: ''
0225719:
    - bResult: 'False'
    - OutDescEst: '' 
    - ErrorMessage: ''
0225769:
    - bResult: 'False'
    - OutDescEst: '' 
    - ErrorMessage: ''
0225770:
    - bResult: 'False'
    - OutDescEst: '' 
    - ErrorMessage: ''
0226975:
    - bResult: 'False'
    - OutDescEst: '' 
    - ErrorMessage: ''
0226976:
    - bResult: 'False'
    - OutDescEst: '' 
    - ErrorMessage: ''
0226979:
    - bResult: 'False'
    - OutDescEst: '' 
    - ErrorMessage: ''
0226983:
    - bResult: 'False'
    - OutDescEst: '' 
    - ErrorMessage: ''
0227101:
    - bResult: 'False'
    - OutDescEst: '' 
    - ErrorMessage: ''
0227102:
    - bResult: 'False'
    - OutDescEst: '' 
    - ErrorMessage: ''
0227103:
    - bResult: 'False'
    - OutDescEst: '' 
    - ErrorMessage: ''
0227399:
    - bResult: 'False'
    - OutDescEst: '' 
    - ErrorMessage: ''
0227403:
    - bResult: 'False'
    - OutDescEst: '' 
    - ErrorMessage: ''
0229300:
    - bResult: 'False'
    - OutDescEst: '' 
    - ErrorMessage: ''
0229302:
    - bResult: 'False'
    - OutDescEst: '' 
    - ErrorMessage: ''
0229304:
    - bResult: 'False'
    - OutDescEst: '' 
    - ErrorMessage: ''
0229667:
    - bResult: 'False'
    - OutDescEst: '' 
    - ErrorMessage: ''
0229832:
    - bResult: 'False'
    - OutDescEst: '' 
    - ErrorMessage: ''
0229984:
    - bResult: 'False'
    - OutDescEst: '' 
    - ErrorMessage: ''
0230048:
    - bResult: 'False'
    - OutDescEst: '' 
    - ErrorMessage: ''
0230053:
    - bResult: 'False'
    - OutDescEst: '' 
    - ErrorMessage: ''
0230620:
    - bResult: 'False'
    - OutDescEst: '' 
    - ErrorMessage: ''
0230621:
    - bResult: 'False'
    - OutDescEst: '' 
    - ErrorMessage: ''
0230794:
    - bResult: 'False'
    - OutDescEst: '' 
    - ErrorMessage: ''
0230796:
    - bResult: 'False'
    - OutDescEst: '' 
    - ErrorMessage: ''
0230798:
    - bResult: 'False'
    - OutDescEst: '' 
    - ErrorMessage: ''
0230827:
    - bResult: 'False'
    - OutDescEst: '' 
    - ErrorMessage: ''
0231117:
    - bResult: 'False'
    - OutDescEst: '' 
    - ErrorMessage: ''
0231120:
    - bResult: 'False'
    - OutDescEst: '' 
    - ErrorMessage: ''
0231123:
    - bResult: 'False'
    - OutDescEst: '' 
    - ErrorMessage: ''
0231342:
    - bResult: 'False'
    - OutDescEst: '' 
    - ErrorMessage: ''
0231343:
    - bResult: 'False'
    - OutDescEst: '' 
    - ErrorMessage: ''
0233340:
    - bResult: 'False'
    - OutDescEst: '' 
    - ErrorMessage: ''
0233346:
    - bResult: 'False'
    - OutDescEst: '' 
    - ErrorMessage: ''
0234084:
    - bResult: 'False'
    - OutDescEst: '' 
    - ErrorMessage: ''
0234085:
    - bResult: 'False'
    - OutDescEst: '' 
    - ErrorMessage: ''
0235428:
    - bResult: 'False'
    - OutDescEst: '' 
    - ErrorMessage: ''
0235429:
    - bResult: 'False'
    - OutDescEst: '' 
    - ErrorMessage: ''
0235431:
    - bResult: 'False'
    - OutDescEst: '' 
    - ErrorMessage: ''
0236605:
    - bResult: 'False'
    - OutDescEst: '' 
    - ErrorMessage: ''
0237179:
    - bResult: 'False'
    - OutDescEst: '' 
    - ErrorMessage: ''
0237229:
    - bResult: 'False'
    - OutDescEst: '' 
    - ErrorMessage: ''
0238796:
    - bResult: 'False'
    - OutDescEst: '' 
    - ErrorMessage: ''
0238998:
    - bResult: 'False'
    - OutDescEst: '' 
    - ErrorMessage: ''
0239001:
    - bResult: 'False'
    - OutDescEst: '' 
    - ErrorMessage: ''
0239009:
    - bResult: 'False'
    - OutDescEst: '' 
    - ErrorMessage: ''
0239693:
    - bResult: 'False'
    - OutDescEst: '' 
    - ErrorMessage: ''
0239697:
    - bResult: 'False'
    - OutDescEst: '' 
    - ErrorMessage: ''
0239698:
    - bResult: 'False'
    - OutDescEst: '' 
    - ErrorMessage: ''
0240178:
    - bResult: 'False'
    - OutDescEst: '' 
    - ErrorMessage: ''
0240179:
    - bResult: 'False'
    - OutDescEst: '' 
    - ErrorMessage: ''
0240180:
    - bResult: 'False'
    - OutDescEst: '' 
    - ErrorMessage: ''
0240181:
    - bResult: 'False'
    - OutDescEst: '' 
    - ErrorMessage: ''
0241191:
    - bResult: 'False'
    - OutDescEst: '' 
    - ErrorMessage: ''
0241305:
    - bResult: 'False'
    - OutDescEst: '' 
    - ErrorMessage: ''
0241306:
    - bResult: 'False'
    - OutDescEst: '' 
    - ErrorMessage: ''
0241308:
    - bResult: 'False'
    - OutDescEst: '' 
    - ErrorMessage: ''
0241315:
    - bResult: 'False'
    - OutDescEst: '' 
    - ErrorMessage: ''
0241362:
    - bResult: 'False'
    - OutDescEst: '' 
    - ErrorMessage: ''
0241589:
    - bResult: 'False'
    - OutDescEst: '' 
    - ErrorMessage: ''
0242645:
    - bResult: 'False'
    - OutDescEst: '' 
    - ErrorMessage: ''
0242646:
    - bResult: 'False'
    - OutDescEst: '' 
    - ErrorMessage: ''
0242853:
    - bResult: 'False'
    - OutDescEst: '' 
    - ErrorMessage: ''
0242854:
    - bResult: 'False'
    - OutDescEst: '' 
    - ErrorMessage: ''
0242855:
    - bResult: 'False'
    - OutDescEst: '' 
    - ErrorMessage: ''
0243662:
    - bResult: 'False'
    - OutDescEst: '' 
    - ErrorMessage: ''
0244100:
    - bResult: 'False'
    - OutDescEst: '' 
    - ErrorMessage: ''
0244101:
    - bResult: 'False'
    - OutDescEst: '' 
    - ErrorMessage: ''
0244152:
    - bResult: 'False'
    - OutDescEst: '' 
    - ErrorMessage: ''
0244158:
    - bResult: 'False'
    - OutDescEst: '' 
    - ErrorMessage: ''
0244186:
    - bResult: 'False'
    - OutDescEst: '' 
    - ErrorMessage: ''
0244189:
    - bResult: 'False'
    - OutDescEst: '' 
    - ErrorMessage: ''
0244647:
    - bResult: 'False'
    - OutDescEst: '' 
    - ErrorMessage: ''
0244871:
    - bResult: 'False'
    - OutDescEst: '' 
    - ErrorMessage: ''
0244875:
    - bResult: 'False'
    - OutDescEst: '' 
    - ErrorMessage: ''
0244910:
    - bResult: 'False'
    - OutDescEst: '' 
    - ErrorMessage: ''
0245684:
    - bResult: 'False'
    - OutDescEst: '' 
    - ErrorMessage: ''
0245692:
    - bResult: 'False'
    - OutDescEst: '' 
    - ErrorMessage: ''
0245696:
    - bResult: 'False'
    - OutDescEst: '' 
    - ErrorMessage: ''
0247183:
    - bResult: 'False'
    - OutDescEst: '' 
    - ErrorMessage: ''
0247469:
    - bResult: 'False'
    - OutDescEst: '' 
    - ErrorMessage: ''
0247984:
    - bResult: 'False'
    - OutDescEst: '' 
    - ErrorMessage: ''
0249061:
    - bResult: 'False'
    - OutDescEst: '' 
    - ErrorMessage: ''
0251867:
    - bResult: 'False'
    - OutDescEst: '' 
    - ErrorMessage: ''
0251868:
    - bResult: 'False'
    - OutDescEst: '' 
    - ErrorMessage: ''
0251869:
    - bResult: 'False'
    - OutDescEst: '' 
    - ErrorMessage: ''
0253126:
    - bResult: 'False'
    - OutDescEst: '' 
    - ErrorMessage: ''
0253452:
    - bResult: 'False'
    - OutDescEst: '' 
    - ErrorMessage: ''
0253455:
    - bResult: 'False'
    - OutDescEst: '' 
    - ErrorMessage: ''
0253912:
    - bResult: 'False'
    - OutDescEst: '' 
    - ErrorMessage: ''
0253918:
    - bResult: 'False'
    - OutDescEst: '' 
    - ErrorMessage: ''
0253921:
    - bResult: 'False'
    - OutDescEst: '' 
    - ErrorMessage: ''
0255673:
    - bResult: 'False'
    - OutDescEst: '' 
    - ErrorMessage: ''
0255674:
    - bResult: 'False'
    - OutDescEst: '' 
    - ErrorMessage: ''
0255675:
    - bResult: 'False'
    - OutDescEst: '' 
    - ErrorMessage: ''
0255676:
    - bResult: 'False'
    - OutDescEst: '' 
    - ErrorMessage: ''
0255677:
    - bResult: 'False'
    - OutDescEst: '' 
    - ErrorMessage: ''
0255687:
    - bResult: 'False'
    - OutDescEst: '' 
    - ErrorMessage: ''
0255688:
    - bResult: 'False'
    - OutDescEst: '' 
    - ErrorMessage: ''
0256849:
    - bResult: 'False'
    - OutDescEst: '' 
    - ErrorMessage: ''
0256851:
    - bResult: 'False'
    - OutDescEst: '' 
    - ErrorMessage: ''
0257781:
    - bResult: 'False'
    - OutDescEst: '' 
    - ErrorMessage: ''
0258786:
    - bResult: 'False'
    - OutDescEst: '' 
    - ErrorMessage: ''
0258793:
    - bResult: 'False'
    - OutDescEst: '' 
    - ErrorMessage: ''
0258797:
    - bResult: 'False'
    - OutDescEst: '' 
    - ErrorMessage: ''
0258805:
    - bResult: 'False'
    - OutDescEst: '' 
    - ErrorMessage: ''
0258940:
    - bResult: 'False'
    - OutDescEst: '' 
    - ErrorMessage: ''
0259431:
    - bResult: 'False'
    - OutDescEst: '' 
    - ErrorMessage: ''
0259436:
    - bResult: 'False'
    - OutDescEst: '' 
    - ErrorMessage: ''
0259438:
    - bResult: 'False'
    - OutDescEst: '' 
    - ErrorMessage: ''
0259544:
    - bResult: 'False'
    - OutDescEst: '' 
    - ErrorMessage: ''
0260570:
    - bResult: 'False'
    - OutDescEst: 'Viteria CE 1090' 
    - ErrorMessage: ''
0260571:
    - bResult: 'False'
    - OutDescEst: 'Viteria CE 1090' 
    - ErrorMessage: ''
0261172:
    - bResult: 'False'
    - OutDescEst: 'Viteria CE 1090' 
    - ErrorMessage: ''
0262142:
    - bResult: 'False'
    - OutDescEst: 'Viteria CE 1090' 
    - ErrorMessage: ''
0262143:
    - bResult: 'False'
    - OutDescEst: 'Viteria CE 1090' 
    - ErrorMessage: ''
0262232:
    - bResult: 'False'
    - OutDescEst: 'Viteria CE 1090' 
    - ErrorMessage: ''
0262233:
    - bResult: 'False'
    - OutDescEst: 'Viteria CE 1090' 
    - ErrorMessage: ''
0262422:
    - bResult: 'False'
    - OutDescEst: 'Viteria CE 1090' 
    - ErrorMessage: ''
0262428:
    - bResult: 'False'
    - OutDescEst: '' 
    - ErrorMessage: ''
0262567:
    - bResult: 'False'
    - OutDescEst: 'Viteria CE 1090' 
    - ErrorMessage: ''
0262591:
    - bResult: 'False'
    - OutDescEst: '' 
    - ErrorMessage: ''
0263064:
    - bResult: 'False'
    - OutDescEst: 'Viteria CE 1090' 
    - ErrorMessage: ''
0263091:
    - bResult: 'False'
    - OutDescEst: 'Viteria CE 1090' 
    - ErrorMessage: ''
0263092:
    - bResult: 'False'
    - OutDescEst: 'Viteria CE 1090' 
    - ErrorMessage: ''
0263172:
    - bResult: 'False'
    - OutDescEst: '' 
    - ErrorMessage: ''
0265739:
    - bResult: 'False'
    - OutDescEst: 'Viteria CE 1090' 
    - ErrorMessage: ''
0265740:
    - bResult: 'False'
    - OutDescEst: 'Viteria CE 1090' 
    - ErrorMessage: ''
0266076:
    - bResult: 'False'
    - OutDescEst: '' 
    - ErrorMessage: ''
0267029:
    - bResult: 'False'
    - OutDescEst: 'Viteria CE 1090' 
    - ErrorMessage: ''
0267030:
    - bResult: 'False'
    - OutDescEst: 'Viteria CE 1090' 
    - ErrorMessage: ''
0267742:
    - bResult: 'False'
    - OutDescEst: '' 
    - ErrorMessage: ''
0267998:
    - bResult: 'False'
    - OutDescEst: 'Viteria CE 1090' 
    - ErrorMessage: ''
0267999:
    - bResult: 'False'
    - OutDescEst: 'Viteria CE 1090' 
    - ErrorMessage: ''
0268341:
    - bResult: 'False'
    - OutDescEst: 'Viteria CE 1090' 
    - ErrorMessage: ''
0268342:
    - bResult: 'False'
    - OutDescEst: 'Viteria CE 1090' 
    - ErrorMessage: ''
0268343:
    - bResult: 'False'
    - OutDescEst: 'Viteria CE 1090' 
    - ErrorMessage: ''
0268345:
    - bResult: 'False'
    - OutDescEst: 'Viteria CE 1090' 
    - ErrorMessage: ''
0268347:
    - bResult: 'False'
    - OutDescEst: 'Viteria CE 1090' 
    - ErrorMessage: ''
0268353:
    - bResult: 'False'
    - OutDescEst: '' 
    - ErrorMessage: ''
0268929:
    - bResult: 'False'
    - OutDescEst: 'Viteria CE 1090' 
    - ErrorMessage: ''
0268991:
    - bResult: 'False'
    - OutDescEst: 'Viteria CE 1090' 
    - ErrorMessage: ''
0268992:
    - bResult: 'False'
    - OutDescEst: 'Viteria CE 1090' 
    - ErrorMessage: ''
0269101:
    - bResult: 'False'
    - OutDescEst: 'Viteria CE 1090' 
    - ErrorMessage: ''
0269161:
    - bResult: 'False'
    - OutDescEst: '' 
    - ErrorMessage: ''
0269617:
    - bResult: 'False'
    - OutDescEst: '' 
    - ErrorMessage: ''
0269780:
    - bResult: 'False'
    - OutDescEst: 'Viteria CE 1090' 
    - ErrorMessage: ''
0269892:
    - bResult: 'False'
    - OutDescEst: 'Viteria CE 1090' 
    - ErrorMessage: ''
0272120:
    - bResult: 'False'
    - OutDescEst: 'Viteria CE 1090' 
    - ErrorMessage: ''
0272124:
    - bResult: 'False'
    - OutDescEst: 'Viteria CE 1090' 
    - ErrorMessage: ''
0272125:
    - bResult: 'False'
    - OutDescEst: 'Viteria CE 1090' 
    - ErrorMessage: ''
0273739:
    - bResult: 'False'
    - OutDescEst: '' 
    - ErrorMessage: ''
0273745:
    - bResult: 'False'
    - OutDescEst: '' 
    - ErrorMessage: ''
0276385:
    - bResult: 'False'
    - OutDescEst: '' 
    - ErrorMessage: ''
0276389:
    - bResult: 'False'
    - OutDescEst: '' 
    - ErrorMessage: ''
0277537:
    - bResult: 'False'
    - OutDescEst: 'Viteria CE 1090' 
    - ErrorMessage: ''
0277549:
    - bResult: 'False'
    - OutDescEst: 'Viteria CE 1090' 
    - ErrorMessage: ''
0277553:
    - bResult: 'False'
    - OutDescEst: 'Viteria CE 1090' 
    - ErrorMessage: ''
0277575:
    - bResult: 'False'
    - OutDescEst: 'Viteria CE 1090' 
    - ErrorMessage: ''
0277579:
    - bResult: 'False'
    - OutDescEst: 'Viteria CE 1090' 
    - ErrorMessage: ''
0277586:
    - bResult: 'False'
    - OutDescEst: 'Viteria CE 1090' 
    - ErrorMessage: ''
0277590:
    - bResult: 'False'
    - OutDescEst: 'Viteria CE 1090' 
    - ErrorMessage: ''
0277594:
    - bResult: 'False'
    - OutDescEst: 'Viteria CE 1090' 
    - ErrorMessage: ''
0277602:
    - bResult: 'False'
    - OutDescEst: 'Viteria CE 1090' 
    - ErrorMessage: ''
0277620:
    - bResult: 'False'
    - OutDescEst: 'Viteria CE 1090' 
    - ErrorMessage: ''
0277624:
    - bResult: 'False'
    - OutDescEst: 'Viteria CE 1090' 
    - ErrorMessage: ''
0277807:
    - bResult: 'False'
    - OutDescEst: 'Viteria CE 1090' 
    - ErrorMessage: ''
0277811:
    - bResult: 'False'
    - OutDescEst: 'Viteria CE 1090' 
    - ErrorMessage: ''
0280505:
    - bResult: 'False'
    - OutDescEst: 'Viteria CE 1090' 
    - ErrorMessage: ''
0280506:
    - bResult: 'False'
    - OutDescEst: 'Viteria CE 1090' 
    - ErrorMessage: ''
0280507:
    - bResult: 'False'
    - OutDescEst: 'Viteria CE 1090' 
    - ErrorMessage: ''
0280508:
    - bResult: 'False'
    - OutDescEst: 'Viteria CE 1090' 
    - ErrorMessage: ''
0280969:
    - bResult: 'False'
    - OutDescEst: 'Viteria CE 1090' 
    - ErrorMessage: ''
0280970:
    - bResult: 'False'
    - OutDescEst: 'Viteria CE 1090' 
    - ErrorMessage: ''
1000451:
    - bResult: 'False'
    - OutDescEst: '' 
    - ErrorMessage: ''
