0044878:
    - bResult: 'False'
    - OutDescEst: 'conn. 5 ganci BT' 
    - ErrorMessage: ''
0044879:
    - bResult: 'False'
    - OutDescEst: 'conn. 5 ganci BT' 
    - ErrorMessage: ''
0047114:
    - bResult: 'False'
    - OutDescEst: 'conn. 5 ganci BT' 
    - ErrorMessage: ''
0047115:
    - bResult: 'False'
    - OutDescEst: 'conn. 5 ganci BT' 
    - ErrorMessage: ''
0047116:
    - bResult: 'False'
    - OutDescEst: 'conn. 5 ganci BT' 
    - ErrorMessage: ''
0047117:
    - bResult: 'False'
    - OutDescEst: 'conn. 5 ganci BT' 
    - ErrorMessage: ''
0047454:
    - bResult: 'False'
    - OutDescEst: 'conn. 5 ganci BT' 
    - ErrorMessage: ''
0047455:
    - bResult: 'False'
    - OutDescEst: 'conn. 5 ganci BT' 
    - ErrorMessage: ''
0047548:
    - bResult: 'False'
    - OutDescEst: 'conn. 5 ganci BT' 
    - ErrorMessage: ''
0047549:
    - bResult: 'False'
    - OutDescEst: 'conn. 5 ganci BT' 
    - ErrorMessage: ''
0048135:
    - bResult: 'False'
    - OutDescEst: 'conn. 5 ganci BT' 
    - ErrorMessage: ''
0048136:
    - bResult: 'False'
    - OutDescEst: 'conn. 5 ganci BT' 
    - ErrorMessage: ''
0048137:
    - bResult: 'False'
    - OutDescEst: 'conn. 5 ganci BT' 
    - ErrorMessage: ''
0048138:
    - bResult: 'False'
    - OutDescEst: 'conn. 5 ganci BT' 
    - ErrorMessage: ''
0049982:
    - bResult: 'False'
    - OutDescEst: 'conn. 5 ganci BT' 
    - ErrorMessage: ''
0049983:
    - bResult: 'False'
    - OutDescEst: 'conn. 5 ganci BT' 
    - ErrorMessage: ''
0049984:
    - bResult: 'False'
    - OutDescEst: 'conn. 5 ganci BT' 
    - ErrorMessage: ''
0049985:
    - bResult: 'False'
    - OutDescEst: 'conn. 5 ganci BT' 
    - ErrorMessage: ''
0052782:
    - bResult: 'False'
    - OutDescEst: 'conn. 5 ganci BT' 
    - ErrorMessage: ''
0052783:
    - bResult: 'False'
    - OutDescEst: 'conn. 5 ganci BT' 
    - ErrorMessage: ''
0055291:
    - bResult: 'False'
    - OutDescEst: 'conn. 5 ganci BT' 
    - ErrorMessage: ''
0055292:
    - bResult: 'False'
    - OutDescEst: 'conn. 5 ganci BT' 
    - ErrorMessage: ''
0055293:
    - bResult: 'False'
    - OutDescEst: 'conn. 5 ganci BT' 
    - ErrorMessage: ''
0055294:
    - bResult: 'False'
    - OutDescEst: 'conn. 5 ganci BT' 
    - ErrorMessage: ''
0058655:
    - bResult: 'False'
    - OutDescEst: 'conn. 5 ganci BT' 
    - ErrorMessage: ''
0058656:
    - bResult: 'False'
    - OutDescEst: 'conn. 5 ganci BT' 
    - ErrorMessage: ''
0062544:
    - bResult: 'False'
    - OutDescEst: 'conn. 5 ganci BT' 
    - ErrorMessage: ''
0062545:
    - bResult: 'False'
    - OutDescEst: 'conn. 5 ganci BT' 
    - ErrorMessage: ''
0068548:
    - bResult: 'False'
    - OutDescEst: 'conn. 5 ganci BT' 
    - ErrorMessage: ''
0068549:
    - bResult: 'False'
    - OutDescEst: 'conn. 5 ganci BT' 
    - ErrorMessage: ''
0069994:
    - bResult: 'False'
    - OutDescEst: 'conn. 5 ganci BT' 
    - ErrorMessage: ''
0072906:
    - bResult: 'False'
    - OutDescEst: 'conn. 5 ganci BT' 
    - ErrorMessage: ''
0072907:
    - bResult: 'False'
    - OutDescEst: 'conn. 5 ganci BT' 
    - ErrorMessage: ''
0073017:
    - bResult: 'False'
    - OutDescEst: 'conn. 5 ganci BT' 
    - ErrorMessage: ''
0073018:
    - bResult: 'False'
    - OutDescEst: 'conn. 5 ganci BT' 
    - ErrorMessage: ''
0073020:
    - bResult: 'False'
    - OutDescEst: 'conn. 5 ganci BT' 
    - ErrorMessage: ''
0073021:
    - bResult: 'False'
    - OutDescEst: 'conn. 5 ganci BT' 
    - ErrorMessage: ''
0073195:
    - bResult: 'False'
    - OutDescEst: 'conn. 5 ganci BT' 
    - ErrorMessage: ''
0073196:
    - bResult: 'False'
    - OutDescEst: 'conn. 5 ganci BT' 
    - ErrorMessage: ''
0074457:
    - bResult: 'False'
    - OutDescEst: 'conn. 5 ganci BT' 
    - ErrorMessage: ''
0074458:
    - bResult: 'False'
    - OutDescEst: 'conn. 5 ganci BT' 
    - ErrorMessage: ''
0075355:
    - bResult: 'False'
    - OutDescEst: 'conn. 5 ganci BT' 
    - ErrorMessage: ''
0075356:
    - bResult: 'False'
    - OutDescEst: 'conn. 5 ganci BT' 
    - ErrorMessage: ''
0075688:
    - bResult: 'False'
    - OutDescEst: 'conn. 5 ganci BT' 
    - ErrorMessage: ''
0075689:
    - bResult: 'False'
    - OutDescEst: 'conn. 5 ganci BT' 
    - ErrorMessage: ''
0075961:
    - bResult: 'False'
    - OutDescEst: 'conn. 5 ganci BT' 
    - ErrorMessage: ''
0075962:
    - bResult: 'False'
    - OutDescEst: 'conn. 5 ganci BT' 
    - ErrorMessage: ''
0075963:
    - bResult: 'False'
    - OutDescEst: 'conn. 5 ganci BT' 
    - ErrorMessage: ''
0075964:
    - bResult: 'False'
    - OutDescEst: 'conn. 5 ganci BT' 
    - ErrorMessage: ''
0076018:
    - bResult: 'False'
    - OutDescEst: 'conn. 5 ganci BT' 
    - ErrorMessage: ''
0076019:
    - bResult: 'False'
    - OutDescEst: 'conn. 5 ganci BT' 
    - ErrorMessage: ''
0076328:
    - bResult: 'False'
    - OutDescEst: 'conn. 5 ganci BT' 
    - ErrorMessage: ''
0077579:
    - bResult: 'False'
    - OutDescEst: 'conn. 5 ganci BT' 
    - ErrorMessage: ''
0077580:
    - bResult: 'False'
    - OutDescEst: 'conn. 5 ganci BT' 
    - ErrorMessage: ''
0077587:
    - bResult: 'False'
    - OutDescEst: 'conn. 5 ganci BT' 
    - ErrorMessage: ''
0077588:
    - bResult: 'False'
    - OutDescEst: 'conn. 5 ganci BT' 
    - ErrorMessage: ''
0077589:
    - bResult: 'False'
    - OutDescEst: 'conn. 5 ganci BT' 
    - ErrorMessage: ''
0077590:
    - bResult: 'False'
    - OutDescEst: 'conn. 5 ganci BT' 
    - ErrorMessage: ''
0077591:
    - bResult: 'False'
    - OutDescEst: 'conn. 5 ganci BT' 
    - ErrorMessage: ''
0077592:
    - bResult: 'False'
    - OutDescEst: 'conn. 5 ganci BT' 
    - ErrorMessage: ''
0077593:
    - bResult: 'False'
    - OutDescEst: 'conn. 5 ganci BT' 
    - ErrorMessage: ''
0077594:
    - bResult: 'False'
    - OutDescEst: 'conn. 5 ganci BT' 
    - ErrorMessage: ''
0077595:
    - bResult: 'False'
    - OutDescEst: 'conn. 5 ganci BT' 
    - ErrorMessage: ''
0077691:
    - bResult: 'False'
    - OutDescEst: 'conn. 5 ganci BT' 
    - ErrorMessage: ''
0077692:
    - bResult: 'False'
    - OutDescEst: 'conn. 5 ganci BT' 
    - ErrorMessage: ''
0077693:
    - bResult: 'False'
    - OutDescEst: 'conn. 5 ganci BT' 
    - ErrorMessage: ''
0077694:
    - bResult: 'False'
    - OutDescEst: 'conn. 5 ganci BT' 
    - ErrorMessage: ''
0077695:
    - bResult: 'False'
    - OutDescEst: 'conn. 5 ganci BT' 
    - ErrorMessage: ''
0077696:
    - bResult: 'False'
    - OutDescEst: 'conn. 5 ganci BT' 
    - ErrorMessage: ''
0077697:
    - bResult: 'False'
    - OutDescEst: 'conn. 5 ganci BT' 
    - ErrorMessage: ''
0077698:
    - bResult: 'False'
    - OutDescEst: 'conn. 5 ganci BT' 
    - ErrorMessage: ''
0077699:
    - bResult: 'False'
    - OutDescEst: 'conn. 5 ganci BT' 
    - ErrorMessage: ''
0077976:
    - bResult: 'False'
    - OutDescEst: 'conn. 5 ganci BT' 
    - ErrorMessage: ''
0077977:
    - bResult: 'False'
    - OutDescEst: 'conn. 5 ganci BT' 
    - ErrorMessage: ''
0078714:
    - bResult: 'False'
    - OutDescEst: 'conn. 5 ganci BT' 
    - ErrorMessage: ''
0078715:
    - bResult: 'False'
    - OutDescEst: 'conn. 5 ganci BT' 
    - ErrorMessage: ''
0078716:
    - bResult: 'False'
    - OutDescEst: 'conn. 5 ganci BT' 
    - ErrorMessage: ''
0078717:
    - bResult: 'False'
    - OutDescEst: 'conn. 5 ganci BT' 
    - ErrorMessage: ''
0079913:
    - bResult: 'False'
    - OutDescEst: 'conn. 5 ganci BT' 
    - ErrorMessage: ''
0079914:
    - bResult: 'False'
    - OutDescEst: 'conn. 5 ganci BT' 
    - ErrorMessage: ''
0079915:
    - bResult: 'False'
    - OutDescEst: 'conn. 5 ganci BT' 
    - ErrorMessage: ''
0079920:
    - bResult: 'False'
    - OutDescEst: 'conn. 5 ganci BT' 
    - ErrorMessage: ''
0080866:
    - bResult: 'False'
    - OutDescEst: 'conn. 5 ganci BT' 
    - ErrorMessage: ''
0080867:
    - bResult: 'False'
    - OutDescEst: 'conn. 5 ganci BT' 
    - ErrorMessage: ''
0080868:
    - bResult: 'False'
    - OutDescEst: 'conn. 5 ganci BT' 
    - ErrorMessage: ''
0080869:
    - bResult: 'False'
    - OutDescEst: 'conn. 5 ganci BT' 
    - ErrorMessage: ''
0080870:
    - bResult: 'False'
    - OutDescEst: 'conn. 5 ganci BT' 
    - ErrorMessage: ''
0080874:
    - bResult: 'False'
    - OutDescEst: 'conn. 5 ganci BT' 
    - ErrorMessage: ''
0080875:
    - bResult: 'False'
    - OutDescEst: 'conn. 5 ganci BT' 
    - ErrorMessage: ''
0080876:
    - bResult: 'False'
    - OutDescEst: 'conn. 5 ganci BT' 
    - ErrorMessage: ''
0080878:
    - bResult: 'False'
    - OutDescEst: 'conn. 5 ganci BT' 
    - ErrorMessage: ''
0081287:
    - bResult: 'False'
    - OutDescEst: 'conn. 5 ganci BT' 
    - ErrorMessage: ''
0081295:
    - bResult: 'False'
    - OutDescEst: 'conn. 5 ganci BT' 
    - ErrorMessage: ''
0081298:
    - bResult: 'False'
    - OutDescEst: 'conn. 5 ganci BT' 
    - ErrorMessage: ''
0081299:
    - bResult: 'False'
    - OutDescEst: 'conn. 5 ganci BT' 
    - ErrorMessage: ''
0081300:
    - bResult: 'False'
    - OutDescEst: 'conn. 5 ganci BT' 
    - ErrorMessage: ''
0081301:
    - bResult: 'False'
    - OutDescEst: 'conn. 5 ganci BT' 
    - ErrorMessage: ''
0081327:
    - bResult: 'False'
    - OutDescEst: 'conn. 5 ganci BT' 
    - ErrorMessage: ''
0081329:
    - bResult: 'False'
    - OutDescEst: 'conn. 5 ganci BT' 
    - ErrorMessage: ''
0081331:
    - bResult: 'False'
    - OutDescEst: 'conn. 5 ganci BT' 
    - ErrorMessage: ''
0081332:
    - bResult: 'False'
    - OutDescEst: 'conn. 5 ganci BT' 
    - ErrorMessage: ''
0081333:
    - bResult: 'False'
    - OutDescEst: 'conn. 5 ganci BT' 
    - ErrorMessage: ''
0081338:
    - bResult: 'False'
    - OutDescEst: 'conn. 5 ganci BT' 
    - ErrorMessage: ''
0081339:
    - bResult: 'False'
    - OutDescEst: 'conn. 5 ganci BT' 
    - ErrorMessage: ''
0081340:
    - bResult: 'False'
    - OutDescEst: 'conn. 5 ganci BT' 
    - ErrorMessage: ''
0081341:
    - bResult: 'False'
    - OutDescEst: 'conn. 5 ganci BT' 
    - ErrorMessage: ''
0081342:
    - bResult: 'False'
    - OutDescEst: 'conn. 5 ganci BT' 
    - ErrorMessage: ''
0082082:
    - bResult: 'False'
    - OutDescEst: 'conn. 5 ganci BT' 
    - ErrorMessage: ''
0082643:
    - bResult: 'False'
    - OutDescEst: 'conn. 5 ganci BT' 
    - ErrorMessage: ''
0082710:
    - bResult: 'False'
    - OutDescEst: 'conn. 5 ganci BT' 
    - ErrorMessage: ''
0082711:
    - bResult: 'False'
    - OutDescEst: 'conn. 5 ganci BT' 
    - ErrorMessage: ''
0083406:
    - bResult: 'False'
    - OutDescEst: 'conn. 5 ganci BT' 
    - ErrorMessage: ''
0084565:
    - bResult: 'False'
    - OutDescEst: 'conn. 5 ganci BT' 
    - ErrorMessage: ''
0084742:
    - bResult: 'False'
    - OutDescEst: 'conn. 5 ganci BT' 
    - ErrorMessage: ''
0084743:
    - bResult: 'False'
    - OutDescEst: 'conn. 5 ganci BT' 
    - ErrorMessage: ''
0084802:
    - bResult: 'False'
    - OutDescEst: 'conn. 5 ganci BT' 
    - ErrorMessage: ''
0084807:
    - bResult: 'False'
    - OutDescEst: 'conn. 5 ganci BT' 
    - ErrorMessage: ''
0084808:
    - bResult: 'False'
    - OutDescEst: 'conn. 5 ganci BT' 
    - ErrorMessage: ''
0084809:
    - bResult: 'False'
    - OutDescEst: 'conn. 5 ganci BT' 
    - ErrorMessage: ''
0085637:
    - bResult: 'False'
    - OutDescEst: 'conn. 5 ganci BT' 
    - ErrorMessage: ''
0085638:
    - bResult: 'False'
    - OutDescEst: 'conn. 5 ganci BT' 
    - ErrorMessage: ''
0085655:
    - bResult: 'False'
    - OutDescEst: 'conn. 5 ganci BT' 
    - ErrorMessage: ''
0085821:
    - bResult: 'False'
    - OutDescEst: 'conn. 5 ganci BT' 
    - ErrorMessage: ''
0085822:
    - bResult: 'False'
    - OutDescEst: 'conn. 5 ganci BT' 
    - ErrorMessage: ''
0085823:
    - bResult: 'False'
    - OutDescEst: 'conn. 5 ganci BT' 
    - ErrorMessage: ''
0085824:
    - bResult: 'False'
    - OutDescEst: 'conn. 5 ganci BT' 
    - ErrorMessage: ''
0087850:
    - bResult: 'False'
    - OutDescEst: 'conn. 5 ganci BT' 
    - ErrorMessage: ''
0088944:
    - bResult: 'False'
    - OutDescEst: 'conn. 5 ganci BT' 
    - ErrorMessage: ''
0088945:
    - bResult: 'False'
    - OutDescEst: 'conn. 5 ganci BT' 
    - ErrorMessage: ''
0088946:
    - bResult: 'False'
    - OutDescEst: 'conn. 5 ganci BT' 
    - ErrorMessage: ''
0089466:
    - bResult: 'False'
    - OutDescEst: 'conn. 5 ganci BT' 
    - ErrorMessage: ''
0092536:
    - bResult: 'False'
    - OutDescEst: 'conn. 5 ganci BT' 
    - ErrorMessage: ''
0092537:
    - bResult: 'False'
    - OutDescEst: 'conn. 5 ganci BT' 
    - ErrorMessage: ''
0092540:
    - bResult: 'False'
    - OutDescEst: 'conn. 5 ganci BT' 
    - ErrorMessage: ''
0092541:
    - bResult: 'False'
    - OutDescEst: 'conn. 5 ganci BT' 
    - ErrorMessage: ''
0093962:
    - bResult: 'False'
    - OutDescEst: 'conn. 5 ganci BT' 
    - ErrorMessage: ''
0093963:
    - bResult: 'False'
    - OutDescEst: 'conn. 5 ganci BT' 
    - ErrorMessage: ''
0093964:
    - bResult: 'False'
    - OutDescEst: 'conn. 5 ganci BT' 
    - ErrorMessage: ''
0093965:
    - bResult: 'False'
    - OutDescEst: 'conn. 5 ganci BT' 
    - ErrorMessage: ''
0094728:
    - bResult: 'False'
    - OutDescEst: 'conn. 5 ganci BT' 
    - ErrorMessage: ''
0094729:
    - bResult: 'False'
    - OutDescEst: 'conn. 5 ganci BT' 
    - ErrorMessage: ''
0095418:
    - bResult: 'False'
    - OutDescEst: 'conn. 5 ganci BT' 
    - ErrorMessage: ''
0095421:
    - bResult: 'False'
    - OutDescEst: 'conn. 5 ganci BT' 
    - ErrorMessage: ''
0095422:
    - bResult: 'False'
    - OutDescEst: 'conn. 5 ganci BT' 
    - ErrorMessage: ''
0096282:
    - bResult: 'False'
    - OutDescEst: 'conn. 5 ganci BT' 
    - ErrorMessage: ''
0096313:
    - bResult: 'False'
    - OutDescEst: 'conn. 5 ganci BT' 
    - ErrorMessage: ''
0096314:
    - bResult: 'False'
    - OutDescEst: 'conn. 5 ganci BT' 
    - ErrorMessage: ''
0097333:
    - bResult: 'False'
    - OutDescEst: 'conn. 5 ganci BT' 
    - ErrorMessage: ''
0097334:
    - bResult: 'False'
    - OutDescEst: 'conn. 5 ganci BT' 
    - ErrorMessage: ''
0097335:
    - bResult: 'False'
    - OutDescEst: 'conn. 5 ganci BT' 
    - ErrorMessage: ''
0097336:
    - bResult: 'False'
    - OutDescEst: 'conn. 5 ganci BT' 
    - ErrorMessage: ''
0097337:
    - bResult: 'False'
    - OutDescEst: 'conn. 5 ganci BT' 
    - ErrorMessage: ''
0097338:
    - bResult: 'False'
    - OutDescEst: 'conn. 5 ganci BT' 
    - ErrorMessage: ''
0097339:
    - bResult: 'False'
    - OutDescEst: 'conn. 5 ganci BT' 
    - ErrorMessage: ''
0097340:
    - bResult: 'False'
    - OutDescEst: 'conn. 5 ganci BT' 
    - ErrorMessage: ''
0099616:
    - bResult: 'False'
    - OutDescEst: 'conn. 5 ganci BT' 
    - ErrorMessage: ''
0099617:
    - bResult: 'False'
    - OutDescEst: 'conn. 5 ganci BT' 
    - ErrorMessage: ''
0101309:
    - bResult: 'False'
    - OutDescEst: 'conn. 5 ganci BT' 
    - ErrorMessage: ''
0101363:
    - bResult: 'False'
    - OutDescEst: 'conn. 5 ganci BT' 
    - ErrorMessage: ''
0101364:
    - bResult: 'False'
    - OutDescEst: 'conn. 5 ganci BT' 
    - ErrorMessage: ''
0102440:
    - bResult: 'False'
    - OutDescEst: 'conn. 5 ganci BT' 
    - ErrorMessage: ''
0102987:
    - bResult: 'False'
    - OutDescEst: 'conn. 5 ganci BT' 
    - ErrorMessage: ''
0103015:
    - bResult: 'False'
    - OutDescEst: 'conn. 5 ganci BT' 
    - ErrorMessage: ''
0103041:
    - bResult: 'False'
    - OutDescEst: 'conn. 5 ganci BT' 
    - ErrorMessage: ''
0103042:
    - bResult: 'False'
    - OutDescEst: 'conn. 5 ganci BT' 
    - ErrorMessage: ''
0103269:
    - bResult: 'False'
    - OutDescEst: 'conn. 5 ganci BT' 
    - ErrorMessage: ''
0103270:
    - bResult: 'False'
    - OutDescEst: 'conn. 5 ganci BT' 
    - ErrorMessage: ''
0103271:
    - bResult: 'False'
    - OutDescEst: 'conn. 5 ganci BT' 
    - ErrorMessage: ''
0104041:
    - bResult: 'False'
    - OutDescEst: 'conn. 5 ganci BT' 
    - ErrorMessage: ''
0104042:
    - bResult: 'False'
    - OutDescEst: 'conn. 5 ganci BT' 
    - ErrorMessage: ''
0104113:
    - bResult: 'False'
    - OutDescEst: 'conn. 5 ganci BT' 
    - ErrorMessage: ''
0104114:
    - bResult: 'False'
    - OutDescEst: 'conn. 5 ganci BT' 
    - ErrorMessage: ''
0106055:
    - bResult: 'False'
    - OutDescEst: 'conn. 5 ganci BT' 
    - ErrorMessage: ''
0106056:
    - bResult: 'False'
    - OutDescEst: 'conn. 5 ganci BT' 
    - ErrorMessage: ''
0106057:
    - bResult: 'False'
    - OutDescEst: 'conn. 5 ganci BT' 
    - ErrorMessage: ''
0106058:
    - bResult: 'False'
    - OutDescEst: 'conn. 5 ganci BT' 
    - ErrorMessage: ''
0106059:
    - bResult: 'False'
    - OutDescEst: 'conn. 5 ganci BT' 
    - ErrorMessage: ''
0106060:
    - bResult: 'False'
    - OutDescEst: 'conn. 5 ganci BT' 
    - ErrorMessage: ''
0106061:
    - bResult: 'False'
    - OutDescEst: 'conn. 5 ganci BT' 
    - ErrorMessage: ''
0106062:
    - bResult: 'False'
    - OutDescEst: 'conn. 5 ganci BT' 
    - ErrorMessage: ''
0106063:
    - bResult: 'False'
    - OutDescEst: 'conn. 5 ganci BT' 
    - ErrorMessage: ''
0106064:
    - bResult: 'False'
    - OutDescEst: 'conn. 5 ganci BT' 
    - ErrorMessage: ''
0106065:
    - bResult: 'False'
    - OutDescEst: 'conn. 5 ganci BT' 
    - ErrorMessage: ''
0106066:
    - bResult: 'False'
    - OutDescEst: 'conn. 5 ganci BT' 
    - ErrorMessage: ''
0106070:
    - bResult: 'False'
    - OutDescEst: 'conn. 5 ganci BT' 
    - ErrorMessage: ''
0106071:
    - bResult: 'False'
    - OutDescEst: 'conn. 5 ganci BT' 
    - ErrorMessage: ''
0107712:
    - bResult: 'False'
    - OutDescEst: 'conn. 5 ganci BT' 
    - ErrorMessage: ''
0107722:
    - bResult: 'False'
    - OutDescEst: 'conn. 5 ganci BT' 
    - ErrorMessage: ''
0111129:
    - bResult: 'False'
    - OutDescEst: 'conn. 5 ganci BT' 
    - ErrorMessage: ''
0111130:
    - bResult: 'False'
    - OutDescEst: 'conn. 5 ganci BT' 
    - ErrorMessage: ''
0111199:
    - bResult: 'False'
    - OutDescEst: 'conn. 5 ganci BT' 
    - ErrorMessage: ''
0111200:
    - bResult: 'False'
    - OutDescEst: 'conn. 5 ganci BT' 
    - ErrorMessage: ''
0111541:
    - bResult: 'False'
    - OutDescEst: 'conn. 5 ganci BT' 
    - ErrorMessage: ''
0111542:
    - bResult: 'False'
    - OutDescEst: 'conn. 5 ganci BT' 
    - ErrorMessage: ''
0112389:
    - bResult: 'False'
    - OutDescEst: 'conn. 5 ganci BT' 
    - ErrorMessage: ''
0115160:
    - bResult: 'False'
    - OutDescEst: 'conn. 5 ganci BT' 
    - ErrorMessage: ''
0115165:
    - bResult: 'False'
    - OutDescEst: 'conn. 5 ganci BT' 
    - ErrorMessage: ''
0115166:
    - bResult: 'False'
    - OutDescEst: 'conn. 5 ganci BT' 
    - ErrorMessage: ''
0115956:
    - bResult: 'False'
    - OutDescEst: 'conn. 5 ganci BT' 
    - ErrorMessage: ''
0115957:
    - bResult: 'False'
    - OutDescEst: 'conn. 5 ganci BT' 
    - ErrorMessage: ''
0120326:
    - bResult: 'False'
    - OutDescEst: 'conn. 5 ganci BT' 
    - ErrorMessage: ''
0120327:
    - bResult: 'False'
    - OutDescEst: 'conn. 5 ganci BT' 
    - ErrorMessage: ''
0120577:
    - bResult: 'False'
    - OutDescEst: 'conn. 5 ganci BT' 
    - ErrorMessage: ''
0120578:
    - bResult: 'False'
    - OutDescEst: 'conn. 5 ganci BT' 
    - ErrorMessage: ''
0120583:
    - bResult: 'False'
    - OutDescEst: 'conn. 5 ganci BT' 
    - ErrorMessage: ''
0121009:
    - bResult: 'False'
    - OutDescEst: 'conn. 5 ganci BT' 
    - ErrorMessage: ''
0121010:
    - bResult: 'False'
    - OutDescEst: 'conn. 5 ganci BT' 
    - ErrorMessage: ''
0121011:
    - bResult: 'False'
    - OutDescEst: 'conn. 5 ganci BT' 
    - ErrorMessage: ''
0121012:
    - bResult: 'False'
    - OutDescEst: 'conn. 5 ganci BT' 
    - ErrorMessage: ''
0121425:
    - bResult: 'False'
    - OutDescEst: 'conn. 5 ganci BT' 
    - ErrorMessage: ''
0121426:
    - bResult: 'False'
    - OutDescEst: 'conn. 5 ganci BT' 
    - ErrorMessage: ''
0126976:
    - bResult: 'False'
    - OutDescEst: 'conn. 5 ganci BT' 
    - ErrorMessage: ''
0126977:
    - bResult: 'False'
    - OutDescEst: 'conn. 5 ganci BT' 
    - ErrorMessage: ''
0131141:
    - bResult: 'False'
    - OutDescEst: 'conn. 5 ganci BT' 
    - ErrorMessage: ''
0131741:
    - bResult: 'False'
    - OutDescEst: 'conn. 5 ganci BT' 
    - ErrorMessage: ''
0132898:
    - bResult: 'False'
    - OutDescEst: 'conn. 5 ganci BT' 
    - ErrorMessage: ''
0132926:
    - bResult: 'False'
    - OutDescEst: 'conn. 5 ganci BT' 
    - ErrorMessage: ''
0132927:
    - bResult: 'False'
    - OutDescEst: 'conn. 5 ganci BT' 
    - ErrorMessage: ''
0133990:
    - bResult: 'False'
    - OutDescEst: 'conn. 5 ganci BT' 
    - ErrorMessage: ''
0134120:
    - bResult: 'False'
    - OutDescEst: 'conn. 5 ganci BT' 
    - ErrorMessage: ''
0134121:
    - bResult: 'False'
    - OutDescEst: 'conn. 5 ganci BT' 
    - ErrorMessage: ''
0134122:
    - bResult: 'False'
    - OutDescEst: 'conn. 5 ganci BT' 
    - ErrorMessage: ''
0134123:
    - bResult: 'False'
    - OutDescEst: 'conn. 5 ganci BT' 
    - ErrorMessage: ''
0134124:
    - bResult: 'False'
    - OutDescEst: 'conn. 5 ganci BT' 
    - ErrorMessage: ''
0134125:
    - bResult: 'False'
    - OutDescEst: 'conn. 5 ganci BT' 
    - ErrorMessage: ''
0134126:
    - bResult: 'False'
    - OutDescEst: 'conn. 5 ganci BT' 
    - ErrorMessage: ''
0134127:
    - bResult: 'False'
    - OutDescEst: 'conn. 5 ganci BT' 
    - ErrorMessage: ''
0134148:
    - bResult: 'False'
    - OutDescEst: 'conn. 5 ganci BT' 
    - ErrorMessage: ''
0134149:
    - bResult: 'False'
    - OutDescEst: 'conn. 5 ganci BT' 
    - ErrorMessage: ''
0134162:
    - bResult: 'False'
    - OutDescEst: 'conn. 5 ganci BT' 
    - ErrorMessage: ''
0134163:
    - bResult: 'False'
    - OutDescEst: 'conn. 5 ganci BT' 
    - ErrorMessage: ''
0134164:
    - bResult: 'False'
    - OutDescEst: 'conn. 5 ganci BT' 
    - ErrorMessage: ''
0134403:
    - bResult: 'False'
    - OutDescEst: 'conn. 5 ganci BT' 
    - ErrorMessage: ''
0134404:
    - bResult: 'False'
    - OutDescEst: 'conn. 5 ganci BT' 
    - ErrorMessage: ''
0134405:
    - bResult: 'False'
    - OutDescEst: 'conn. 5 ganci BT' 
    - ErrorMessage: ''
0134406:
    - bResult: 'False'
    - OutDescEst: '' 
    - ErrorMessage: ''
0134407:
    - bResult: 'False'
    - OutDescEst: '' 
    - ErrorMessage: ''
0134408:
    - bResult: 'False'
    - OutDescEst: '' 
    - ErrorMessage: ''
0134412:
    - bResult: 'False'
    - OutDescEst: 'conn. 5 ganci BT' 
    - ErrorMessage: ''
0134414:
    - bResult: 'False'
    - OutDescEst: 'conn. 5 ganci BT' 
    - ErrorMessage: ''
0134415:
    - bResult: 'False'
    - OutDescEst: 'conn. 5 ganci BT' 
    - ErrorMessage: ''
0134416:
    - bResult: 'False'
    - OutDescEst: '' 
    - ErrorMessage: ''
0134417:
    - bResult: 'False'
    - OutDescEst: '' 
    - ErrorMessage: ''
0134438:
    - bResult: 'False'
    - OutDescEst: 'conn. 5 ganci BT' 
    - ErrorMessage: ''
0134441:
    - bResult: 'False'
    - OutDescEst: 'conn. 5 ganci BT' 
    - ErrorMessage: ''
0134442:
    - bResult: 'False'
    - OutDescEst: 'conn. 5 ganci BT' 
    - ErrorMessage: ''
0134443:
    - bResult: 'False'
    - OutDescEst: 'conn. 5 ganci BT' 
    - ErrorMessage: ''
0134444:
    - bResult: 'False'
    - OutDescEst: 'conn. 5 ganci BT' 
    - ErrorMessage: ''
0134446:
    - bResult: 'False'
    - OutDescEst: 'conn. 5 ganci BT' 
    - ErrorMessage: ''
0137191:
    - bResult: 'False'
    - OutDescEst: 'conn. 5 ganci BT' 
    - ErrorMessage: ''
0140463:
    - bResult: 'False'
    - OutDescEst: 'conn. 5 ganci BT' 
    - ErrorMessage: ''
0140464:
    - bResult: 'False'
    - OutDescEst: 'conn. 5 ganci BT' 
    - ErrorMessage: ''
0140882:
    - bResult: 'False'
    - OutDescEst: 'conn. 5 ganci BT' 
    - ErrorMessage: ''
0141818:
    - bResult: 'False'
    - OutDescEst: 'conn. 5 ganci BT' 
    - ErrorMessage: ''
0141819:
    - bResult: 'False'
    - OutDescEst: 'conn. 5 ganci BT' 
    - ErrorMessage: ''
0142776:
    - bResult: 'False'
    - OutDescEst: 'conn. 5 ganci BT' 
    - ErrorMessage: ''
0142777:
    - bResult: 'False'
    - OutDescEst: 'conn. 5 ganci BT' 
    - ErrorMessage: ''
0143570:
    - bResult: 'False'
    - OutDescEst: 'conn. 5 ganci BT' 
    - ErrorMessage: ''
0143571:
    - bResult: 'False'
    - OutDescEst: 'conn. 5 ganci BT' 
    - ErrorMessage: ''
0143573:
    - bResult: 'False'
    - OutDescEst: 'conn. 5 ganci BT' 
    - ErrorMessage: ''
0143574:
    - bResult: 'False'
    - OutDescEst: 'conn. 5 ganci BT' 
    - ErrorMessage: ''
0143989:
    - bResult: 'False'
    - OutDescEst: 'conn. 5 ganci BT' 
    - ErrorMessage: ''
0144450:
    - bResult: 'False'
    - OutDescEst: 'conn. 5 ganci BT' 
    - ErrorMessage: ''
0144452:
    - bResult: 'False'
    - OutDescEst: 'conn. 5 ganci BT' 
    - ErrorMessage: ''
0146702:
    - bResult: 'False'
    - OutDescEst: 'conn. 5 ganci BT' 
    - ErrorMessage: ''
0146703:
    - bResult: 'False'
    - OutDescEst: 'conn. 5 ganci BT' 
    - ErrorMessage: ''
0148273:
    - bResult: 'False'
    - OutDescEst: 'conn. 5 ganci BT' 
    - ErrorMessage: ''
0148274:
    - bResult: 'False'
    - OutDescEst: 'conn. 5 ganci BT' 
    - ErrorMessage: ''
0148375:
    - bResult: 'False'
    - OutDescEst: 'conn. 5 ganci BT' 
    - ErrorMessage: ''
0148376:
    - bResult: 'False'
    - OutDescEst: 'conn. 5 ganci BT' 
    - ErrorMessage: ''
0148377:
    - bResult: 'False'
    - OutDescEst: 'conn. 5 ganci BT' 
    - ErrorMessage: ''
0148378:
    - bResult: 'False'
    - OutDescEst: 'conn. 5 ganci BT' 
    - ErrorMessage: ''
0148888:
    - bResult: 'False'
    - OutDescEst: 'conn. 5 ganci BT' 
    - ErrorMessage: ''
0149683:
    - bResult: 'False'
    - OutDescEst: 'conn. 5 ganci BT' 
    - ErrorMessage: ''
0149684:
    - bResult: 'False'
    - OutDescEst: 'conn. 5 ganci BT' 
    - ErrorMessage: ''
0149838:
    - bResult: 'False'
    - OutDescEst: 'conn. 5 ganci BT' 
    - ErrorMessage: ''
0149839:
    - bResult: 'False'
    - OutDescEst: 'conn. 5 ganci BT' 
    - ErrorMessage: ''
0153312:
    - bResult: 'False'
    - OutDescEst: 'conn. 5 ganci BT' 
    - ErrorMessage: ''
0153315:
    - bResult: 'False'
    - OutDescEst: 'conn. 5 ganci BT' 
    - ErrorMessage: ''
0153316:
    - bResult: 'False'
    - OutDescEst: 'conn. 5 ganci BT' 
    - ErrorMessage: ''
0155642:
    - bResult: 'False'
    - OutDescEst: 'conn. 5 ganci BT' 
    - ErrorMessage: ''
0156266:
    - bResult: 'False'
    - OutDescEst: 'conn. 5 ganci BT' 
    - ErrorMessage: ''
0156267:
    - bResult: 'False'
    - OutDescEst: 'conn. 5 ganci BT' 
    - ErrorMessage: ''
0158296:
    - bResult: 'False'
    - OutDescEst: 'conn. 5 ganci BT' 
    - ErrorMessage: ''
0158297:
    - bResult: 'False'
    - OutDescEst: 'conn. 5 ganci BT' 
    - ErrorMessage: ''
0161196:
    - bResult: 'False'
    - OutDescEst: 'conn. 5 ganci BT' 
    - ErrorMessage: ''
0161197:
    - bResult: 'False'
    - OutDescEst: 'conn. 5 ganci BT' 
    - ErrorMessage: ''
0163938:
    - bResult: 'False'
    - OutDescEst: 'conn. 5 ganci BT' 
    - ErrorMessage: ''
0163939:
    - bResult: 'False'
    - OutDescEst: 'conn. 5 ganci BT' 
    - ErrorMessage: ''
0165003:
    - bResult: 'False'
    - OutDescEst: 'conn. 5 ganci BT' 
    - ErrorMessage: ''
0165004:
    - bResult: 'False'
    - OutDescEst: 'conn. 5 ganci BT' 
    - ErrorMessage: ''
0165006:
    - bResult: 'False'
    - OutDescEst: 'conn. 5 ganci BT' 
    - ErrorMessage: ''
0165008:
    - bResult: 'False'
    - OutDescEst: 'conn. 5 ganci BT' 
    - ErrorMessage: ''
0165009:
    - bResult: 'False'
    - OutDescEst: 'conn. 5 ganci BT' 
    - ErrorMessage: ''
0165010:
    - bResult: 'False'
    - OutDescEst: 'conn. 5 ganci BT' 
    - ErrorMessage: ''
0165011:
    - bResult: 'False'
    - OutDescEst: 'conn. 5 ganci BT' 
    - ErrorMessage: ''
0165012:
    - bResult: 'False'
    - OutDescEst: 'conn. 5 ganci BT' 
    - ErrorMessage: ''
0165013:
    - bResult: 'False'
    - OutDescEst: 'conn. 5 ganci BT' 
    - ErrorMessage: ''
0165014:
    - bResult: 'False'
    - OutDescEst: 'conn. 5 ganci BT' 
    - ErrorMessage: ''
0165016:
    - bResult: 'False'
    - OutDescEst: 'conn. 5 ganci BT' 
    - ErrorMessage: ''
0165017:
    - bResult: 'False'
    - OutDescEst: 'conn. 5 ganci BT' 
    - ErrorMessage: ''
0165018:
    - bResult: 'False'
    - OutDescEst: 'conn. 5 ganci BT' 
    - ErrorMessage: ''
0165019:
    - bResult: 'False'
    - OutDescEst: 'conn. 5 ganci BT' 
    - ErrorMessage: ''
0165021:
    - bResult: 'False'
    - OutDescEst: 'conn. 5 ganci BT' 
    - ErrorMessage: ''
0165022:
    - bResult: 'False'
    - OutDescEst: 'conn. 5 ganci BT' 
    - ErrorMessage: ''
0165023:
    - bResult: 'False'
    - OutDescEst: 'conn. 5 ganci BT' 
    - ErrorMessage: ''
0165024:
    - bResult: 'False'
    - OutDescEst: 'conn. 5 ganci BT' 
    - ErrorMessage: ''
0165025:
    - bResult: 'False'
    - OutDescEst: 'conn. 5 ganci BT' 
    - ErrorMessage: ''
0165026:
    - bResult: 'False'
    - OutDescEst: 'conn. 5 ganci BT' 
    - ErrorMessage: ''
0165041:
    - bResult: 'False'
    - OutDescEst: 'conn. 5 ganci BT' 
    - ErrorMessage: ''
0165256:
    - bResult: 'False'
    - OutDescEst: 'conn. 5 ganci BT' 
    - ErrorMessage: ''
0165257:
    - bResult: 'False'
    - OutDescEst: 'conn. 5 ganci BT' 
    - ErrorMessage: ''
0165297:
    - bResult: 'False'
    - OutDescEst: 'conn. 5 ganci BT' 
    - ErrorMessage: ''
0165298:
    - bResult: 'False'
    - OutDescEst: 'conn. 5 ganci BT' 
    - ErrorMessage: ''
0168036:
    - bResult: 'False'
    - OutDescEst: 'conn. 5 ganci BT' 
    - ErrorMessage: ''
0168530:
    - bResult: 'False'
    - OutDescEst: 'conn. 5 ganci BT' 
    - ErrorMessage: ''
0168531:
    - bResult: 'False'
    - OutDescEst: 'conn. 5 ganci BT' 
    - ErrorMessage: ''
0169023:
    - bResult: 'False'
    - OutDescEst: 'conn. 5 ganci BT' 
    - ErrorMessage: ''
0170842:
    - bResult: 'False'
    - OutDescEst: 'conn. 5 ganci BT' 
    - ErrorMessage: ''
0170843:
    - bResult: 'False'
    - OutDescEst: 'conn. 5 ganci BT' 
    - ErrorMessage: ''
0170844:
    - bResult: 'False'
    - OutDescEst: 'conn. 5 ganci BT' 
    - ErrorMessage: ''
0171785:
    - bResult: 'False'
    - OutDescEst: 'conn. 5 ganci BT' 
    - ErrorMessage: ''
0171786:
    - bResult: 'False'
    - OutDescEst: 'conn. 5 ganci BT' 
    - ErrorMessage: ''
0171787:
    - bResult: 'False'
    - OutDescEst: 'conn. 5 ganci BT' 
    - ErrorMessage: ''
0171788:
    - bResult: 'False'
    - OutDescEst: 'conn. 5 ganci BT' 
    - ErrorMessage: ''
0174023:
    - bResult: 'False'
    - OutDescEst: 'conn. 5 ganci BT' 
    - ErrorMessage: ''
0176762:
    - bResult: 'False'
    - OutDescEst: 'conn. 5 ganci BT' 
    - ErrorMessage: ''
0176763:
    - bResult: 'False'
    - OutDescEst: 'conn. 5 ganci BT' 
    - ErrorMessage: ''
0176765:
    - bResult: 'False'
    - OutDescEst: 'conn. 5 ganci BT' 
    - ErrorMessage: ''
0176766:
    - bResult: 'False'
    - OutDescEst: 'conn. 5 ganci BT' 
    - ErrorMessage: ''
0176771:
    - bResult: 'False'
    - OutDescEst: 'conn. 5 ganci BT' 
    - ErrorMessage: ''
0179242:
    - bResult: 'False'
    - OutDescEst: 'conn. 5 ganci BT' 
    - ErrorMessage: ''
0179267:
    - bResult: 'False'
    - OutDescEst: 'conn. 5 ganci BT' 
    - ErrorMessage: ''
0180620:
    - bResult: 'False'
    - OutDescEst: 'conn. 5 ganci BT' 
    - ErrorMessage: ''
0180621:
    - bResult: 'False'
    - OutDescEst: 'conn. 5 ganci BT' 
    - ErrorMessage: ''
0183313:
    - bResult: 'False'
    - OutDescEst: 'conn. 5 ganci BT' 
    - ErrorMessage: ''
0183314:
    - bResult: 'False'
    - OutDescEst: 'conn. 5 ganci BT' 
    - ErrorMessage: ''
0186776:
    - bResult: 'False'
    - OutDescEst: 'conn. 5 ganci BT' 
    - ErrorMessage: ''
0186777:
    - bResult: 'False'
    - OutDescEst: 'conn. 5 ganci BT' 
    - ErrorMessage: ''
0186778:
    - bResult: 'False'
    - OutDescEst: 'conn. 5 ganci BT' 
    - ErrorMessage: ''
0186779:
    - bResult: 'False'
    - OutDescEst: 'conn. 5 ganci BT' 
    - ErrorMessage: ''
0188211:
    - bResult: 'False'
    - OutDescEst: 'conn. 5 ganci BT' 
    - ErrorMessage: ''
0188212:
    - bResult: 'False'
    - OutDescEst: 'conn. 5 ganci BT' 
    - ErrorMessage: ''
0188844:
    - bResult: 'False'
    - OutDescEst: 'conn. 5 ganci BT' 
    - ErrorMessage: ''
0188845:
    - bResult: 'False'
    - OutDescEst: 'conn. 5 ganci BT' 
    - ErrorMessage: ''
0188846:
    - bResult: 'False'
    - OutDescEst: 'conn. 5 ganci BT' 
    - ErrorMessage: ''
0190278:
    - bResult: 'False'
    - OutDescEst: 'conn. 5 ganci BT' 
    - ErrorMessage: ''
0190280:
    - bResult: 'False'
    - OutDescEst: 'conn. 5 ganci BT' 
    - ErrorMessage: ''
0191546:
    - bResult: 'False'
    - OutDescEst: 'conn. 5 ganci BT' 
    - ErrorMessage: ''
0191551:
    - bResult: 'False'
    - OutDescEst: 'conn. 5 ganci BT' 
    - ErrorMessage: ''
0191552:
    - bResult: 'False'
    - OutDescEst: 'conn. 5 ganci BT' 
    - ErrorMessage: ''
0192446:
    - bResult: 'False'
    - OutDescEst: 'conn. 5 ganci BT' 
    - ErrorMessage: ''
0192447:
    - bResult: 'False'
    - OutDescEst: 'conn. 5 ganci BT' 
    - ErrorMessage: ''
0194547:
    - bResult: 'False'
    - OutDescEst: 'conn. 5 ganci BT' 
    - ErrorMessage: ''
0194548:
    - bResult: 'False'
    - OutDescEst: 'conn. 5 ganci BT' 
    - ErrorMessage: ''
0194549:
    - bResult: 'False'
    - OutDescEst: 'conn. 5 ganci BT' 
    - ErrorMessage: ''
0194553:
    - bResult: 'False'
    - OutDescEst: 'conn. 5 ganci BT' 
    - ErrorMessage: ''
0194554:
    - bResult: 'False'
    - OutDescEst: 'conn. 5 ganci BT' 
    - ErrorMessage: ''
0195767:
    - bResult: 'False'
    - OutDescEst: 'conn. 5 ganci BT' 
    - ErrorMessage: ''
0195768:
    - bResult: 'False'
    - OutDescEst: 'conn. 5 ganci BT' 
    - ErrorMessage: ''
0195848:
    - bResult: 'False'
    - OutDescEst: 'conn. 5 ganci BT' 
    - ErrorMessage: ''
0195850:
    - bResult: 'False'
    - OutDescEst: 'conn. 5 ganci BT' 
    - ErrorMessage: ''
0201227:
    - bResult: 'False'
    - OutDescEst: 'conn. 5 ganci BT' 
    - ErrorMessage: ''
0201228:
    - bResult: 'False'
    - OutDescEst: 'conn. 5 ganci BT' 
    - ErrorMessage: ''
0205207:
    - bResult: 'False'
    - OutDescEst: 'conn. 5 ganci BT' 
    - ErrorMessage: ''
0205208:
    - bResult: 'False'
    - OutDescEst: 'conn. 5 ganci BT' 
    - ErrorMessage: ''
0212225:
    - bResult: 'False'
    - OutDescEst: 'conn. 5 ganci BT' 
    - ErrorMessage: ''
0212232:
    - bResult: 'False'
    - OutDescEst: 'conn. 5 ganci BT' 
    - ErrorMessage: ''
0212234:
    - bResult: 'False'
    - OutDescEst: 'conn. 5 ganci BT' 
    - ErrorMessage: ''
0212236:
    - bResult: 'False'
    - OutDescEst: 'conn. 5 ganci BT' 
    - ErrorMessage: ''
0212237:
    - bResult: 'False'
    - OutDescEst: 'conn. 5 ganci BT' 
    - ErrorMessage: ''
0212238:
    - bResult: 'False'
    - OutDescEst: 'conn. 5 ganci BT' 
    - ErrorMessage: ''
0212242:
    - bResult: 'False'
    - OutDescEst: 'conn. 5 ganci BT' 
    - ErrorMessage: ''
0212243:
    - bResult: 'False'
    - OutDescEst: 'conn. 5 ganci BT' 
    - ErrorMessage: ''
0214376:
    - bResult: 'False'
    - OutDescEst: 'conn. 5 ganci BT' 
    - ErrorMessage: ''
0214377:
    - bResult: 'False'
    - OutDescEst: 'conn. 5 ganci BT' 
    - ErrorMessage: ''
0216044:
    - bResult: 'False'
    - OutDescEst: 'conn. 5 ganci BT' 
    - ErrorMessage: ''
0216046:
    - bResult: 'False'
    - OutDescEst: 'conn. 5 ganci BT' 
    - ErrorMessage: ''
0216047:
    - bResult: 'False'
    - OutDescEst: 'conn. 5 ganci BT' 
    - ErrorMessage: ''
0222768:
    - bResult: 'False'
    - OutDescEst: 'conn. 5 ganci BT' 
    - ErrorMessage: ''
0222769:
    - bResult: 'False'
    - OutDescEst: 'conn. 5 ganci BT' 
    - ErrorMessage: ''
0222770:
    - bResult: 'False'
    - OutDescEst: 'conn. 5 ganci BT' 
    - ErrorMessage: ''
0222771:
    - bResult: 'False'
    - OutDescEst: 'conn. 5 ganci BT' 
    - ErrorMessage: ''
0231888:
    - bResult: 'False'
    - OutDescEst: 'conn. 5 ganci BT' 
    - ErrorMessage: ''
0231889:
    - bResult: 'False'
    - OutDescEst: 'conn. 5 ganci BT' 
    - ErrorMessage: ''
0231955:
    - bResult: 'False'
    - OutDescEst: 'conn. 5 ganci BT' 
    - ErrorMessage: ''
0231956:
    - bResult: 'False'
    - OutDescEst: 'conn. 5 ganci BT' 
    - ErrorMessage: ''
0231963:
    - bResult: 'False'
    - OutDescEst: 'conn. 5 ganci BT' 
    - ErrorMessage: ''
0232978:
    - bResult: 'False'
    - OutDescEst: 'conn. 5 ganci BT' 
    - ErrorMessage: ''
0232979:
    - bResult: 'False'
    - OutDescEst: 'conn. 5 ganci BT' 
    - ErrorMessage: ''
0236641:
    - bResult: 'False'
    - OutDescEst: 'conn. 5 ganci BT' 
    - ErrorMessage: ''
0236642:
    - bResult: 'False'
    - OutDescEst: 'conn. 5 ganci BT' 
    - ErrorMessage: ''
0248577:
    - bResult: 'False'
    - OutDescEst: 'conn. 5 ganci BT' 
    - ErrorMessage: ''
0260474:
    - bResult: 'False'
    - OutDescEst: 'conn. 5 ganci BT' 
    - ErrorMessage: ''
0260475:
    - bResult: 'False'
    - OutDescEst: 'conn. 5 ganci BT' 
    - ErrorMessage: ''
0260476:
    - bResult: 'False'
    - OutDescEst: 'conn. 5 ganci BT' 
    - ErrorMessage: ''
0260483:
    - bResult: 'False'
    - OutDescEst: 'conn. 5 ganci BT' 
    - ErrorMessage: ''
0264331:
    - bResult: 'False'
    - OutDescEst: 'conn. 5 ganci BT' 
    - ErrorMessage: ''
