0054354:
    - bResult: 'False'
    - OutDescEst: 'conn. 5 ganci BT DX' 
    - ErrorMessage: ''
0054355:
    - bResult: 'False'
    - OutDescEst: 'conn. 5 ganci BT DX' 
    - ErrorMessage: ''
0054358:
    - bResult: 'False'
    - OutDescEst: 'conn. 5 ganci BT SX' 
    - ErrorMessage: ''
0054359:
    - bResult: 'False'
    - OutDescEst: 'conn. 5 ganci BT SX' 
    - ErrorMessage: ''
0055686:
    - bResult: 'False'
    - OutDescEst: 'conn. 5 ganci BT DX' 
    - ErrorMessage: ''
0055687:
    - bResult: 'False'
    - OutDescEst: 'conn. 5 ganci BT SX' 
    - ErrorMessage: ''
0055688:
    - bResult: 'False'
    - OutDescEst: 'conn. 5 ganci BT DX' 
    - ErrorMessage: ''
0055689:
    - bResult: 'False'
    - OutDescEst: 'conn. 5 ganci BT SX' 
    - ErrorMessage: ''
0060805:
    - bResult: 'False'
    - OutDescEst: 'conn. 5 ganci BT SX' 
    - ErrorMessage: ''
0060806:
    - bResult: 'False'
    - OutDescEst: 'conn. 5 ganci BT DX' 
    - ErrorMessage: ''
0060807:
    - bResult: 'False'
    - OutDescEst: 'conn. 5 ganci BT SX' 
    - ErrorMessage: ''
0060808:
    - bResult: 'False'
    - OutDescEst: 'conn. 5 ganci BT DX' 
    - ErrorMessage: ''
0062877:
    - bResult: 'False'
    - OutDescEst: 'conn. 5 ganci BT SX' 
    - ErrorMessage: ''
0062878:
    - bResult: 'False'
    - OutDescEst: 'conn. 5 ganci BT DX' 
    - ErrorMessage: ''
0062879:
    - bResult: 'False'
    - OutDescEst: 'conn. 5 ganci BT SX' 
    - ErrorMessage: ''
0062880:
    - bResult: 'False'
    - OutDescEst: 'conn. 5 ganci BT DX' 
    - ErrorMessage: ''
0066087:
    - bResult: 'False'
    - OutDescEst: 'conn. 5 ganci BT DX' 
    - ErrorMessage: ''
0066088:
    - bResult: 'False'
    - OutDescEst: 'conn. 5 ganci BT DX' 
    - ErrorMessage: ''
0068461:
    - bResult: 'False'
    - OutDescEst: 'conn. 5 ganci BT DX' 
    - ErrorMessage: ''
0068462:
    - bResult: 'False'
    - OutDescEst: 'conn. 5 ganci BT SX' 
    - ErrorMessage: ''
0068463:
    - bResult: 'False'
    - OutDescEst: 'conn. 5 ganci BT SX' 
    - ErrorMessage: ''
0068464:
    - bResult: 'False'
    - OutDescEst: 'conn. 5 ganci BT DX' 
    - ErrorMessage: ''
0068540:
    - bResult: 'False'
    - OutDescEst: 'conn. 5 ganci BT DX' 
    - ErrorMessage: ''
0069995:
    - bResult: 'False'
    - OutDescEst: 'conn. 5 ganci BT DX' 
    - ErrorMessage: ''
0069996:
    - bResult: 'False'
    - OutDescEst: 'conn. 5 ganci BT SX' 
    - ErrorMessage: ''
0069997:
    - bResult: 'False'
    - OutDescEst: 'conn. 5 ganci BT DX' 
    - ErrorMessage: ''
0069998:
    - bResult: 'False'
    - OutDescEst: 'conn. 5 ganci BT SX' 
    - ErrorMessage: ''
0076020:
    - bResult: 'False'
    - OutDescEst: 'conn. 5 ganci BT DX' 
    - ErrorMessage: ''
0078719:
    - bResult: 'False'
    - OutDescEst: 'conn. 5 ganci BT DX' 
    - ErrorMessage: ''
0081549:
    - bResult: 'False'
    - OutDescEst: 'conn. 5 ganci BT SX' 
    - ErrorMessage: ''
0081550:
    - bResult: 'False'
    - OutDescEst: 'conn. 5 ganci BT DX' 
    - ErrorMessage: ''
0083407:
    - bResult: 'False'
    - OutDescEst: 'conn. 5 ganci BT DX' 
    - ErrorMessage: ''
0083409:
    - bResult: 'False'
    - OutDescEst: 'conn. 5 ganci BT SX' 
    - ErrorMessage: ''
0085657:
    - bResult: 'False'
    - OutDescEst: 'conn. 5 ganci BT DX' 
    - ErrorMessage: ''
0085661:
    - bResult: 'False'
    - OutDescEst: 'conn. 5 ganci BT SX' 
    - ErrorMessage: ''
0101520:
    - bResult: 'False'
    - OutDescEst: 'conn. 5 ganci BT DX' 
    - ErrorMessage: ''
0103016:
    - bResult: 'False'
    - OutDescEst: 'conn. 5 ganci BT SX' 
    - ErrorMessage: ''
0103017:
    - bResult: 'False'
    - OutDescEst: 'conn. 5 ganci BT DX' 
    - ErrorMessage: ''
0104086:
    - bResult: 'False'
    - OutDescEst: 'conn. 5 ganci BT DX' 
    - ErrorMessage: ''
0104129:
    - bResult: 'False'
    - OutDescEst: 'conn. 5 ganci BT DX' 
    - ErrorMessage: ''
0104130:
    - bResult: 'False'
    - OutDescEst: 'conn. 5 ganci BT DX' 
    - ErrorMessage: ''
0107723:
    - bResult: 'False'
    - OutDescEst: 'conn. 5 ganci BT DX' 
    - ErrorMessage: ''
0107724:
    - bResult: 'False'
    - OutDescEst: 'conn. 5 ganci BT SX' 
    - ErrorMessage: ''
0156277:
    - bResult: 'False'
    - OutDescEst: 'conn. 5 ganci BT DX' 
    - ErrorMessage: ''
0158347:
    - bResult: 'False'
    - OutDescEst: 'conn. 5 ganci BT SX' 
    - ErrorMessage: ''
0158348:
    - bResult: 'False'
    - OutDescEst: 'conn. 5 ganci BT SX' 
    - ErrorMessage: ''
0179244:
    - bResult: 'False'
    - OutDescEst: 'conn. 5 ganci BT SX' 
    - ErrorMessage: ''
0179246:
    - bResult: 'False'
    - OutDescEst: 'conn. 5 ganci BT DX' 
    - ErrorMessage: ''
0179247:
    - bResult: 'False'
    - OutDescEst: 'conn. 5 ganci BT SX' 
    - ErrorMessage: ''
0179248:
    - bResult: 'False'
    - OutDescEst: 'conn. 5 ganci BT DX' 
    - ErrorMessage: ''
0179249:
    - bResult: 'False'
    - OutDescEst: 'conn. 5 ganci BT SX' 
    - ErrorMessage: ''
