0044897:
    - bResult: 'False'
    - OutDescEst: 'Saldatura FS-20' 
    - ErrorMessage: ''
0048192:
    - bResult: 'False'
    - OutDescEst: 'Saldatura FS' 
    - ErrorMessage: ''
0048193:
    - bResult: 'False'
    - OutDescEst: 'Saldatura FS' 
    - ErrorMessage: ''
0048194:
    - bResult: 'False'
    - OutDescEst: 'Saldatura FS' 
    - ErrorMessage: ''
0048195:
    - bResult: 'False'
    - OutDescEst: 'Saldatura FS' 
    - ErrorMessage: ''
0048196:
    - bResult: 'False'
    - OutDescEst: 'Saldatura FS' 
    - ErrorMessage: ''
0048197:
    - bResult: 'False'
    - OutDescEst: 'Saldatura FS' 
    - ErrorMessage: ''
0048198:
    - bResult: 'False'
    - OutDescEst: 'Saldatura FS' 
    - ErrorMessage: ''
0048199:
    - bResult: 'False'
    - OutDescEst: 'Saldatura FS' 
    - ErrorMessage: ''
0048200:
    - bResult: 'False'
    - OutDescEst: 'Saldatura FS' 
    - ErrorMessage: ''
0048201:
    - bResult: 'False'
    - OutDescEst: 'Saldatura FS' 
    - ErrorMessage: ''
0048411:
    - bResult: 'False'
    - OutDescEst: 'Saldatura FS' 
    - ErrorMessage: ''
0048412:
    - bResult: 'False'
    - OutDescEst: 'Saldatura FS' 
    - ErrorMessage: ''
0049100:
    - bResult: 'False'
    - OutDescEst: 'Saldatura FS' 
    - ErrorMessage: ''
0049101:
    - bResult: 'False'
    - OutDescEst: 'Saldatura FS' 
    - ErrorMessage: ''
0049102:
    - bResult: 'False'
    - OutDescEst: 'Saldatura FS' 
    - ErrorMessage: ''
0049103:
    - bResult: 'False'
    - OutDescEst: 'Saldatura FS' 
    - ErrorMessage: ''
0049104:
    - bResult: 'False'
    - OutDescEst: 'Saldatura FS' 
    - ErrorMessage: ''
0049105:
    - bResult: 'False'
    - OutDescEst: 'Saldatura FS' 
    - ErrorMessage: ''
0049106:
    - bResult: 'False'
    - OutDescEst: 'Saldatura FS' 
    - ErrorMessage: ''
0049107:
    - bResult: 'False'
    - OutDescEst: 'Saldatura FS' 
    - ErrorMessage: ''
0049108:
    - bResult: 'False'
    - OutDescEst: 'Saldatura FS' 
    - ErrorMessage: ''
0049109:
    - bResult: 'False'
    - OutDescEst: 'Saldatura FS' 
    - ErrorMessage: ''
0049170:
    - bResult: 'False'
    - OutDescEst: 'Saldatura FS-20' 
    - ErrorMessage: ''
0049171:
    - bResult: 'False'
    - OutDescEst: 'Saldatura FS-20' 
    - ErrorMessage: ''
0049173:
    - bResult: 'False'
    - OutDescEst: 'Saldatura FS-20' 
    - ErrorMessage: ''
0049174:
    - bResult: 'False'
    - OutDescEst: 'Saldatura FS-20' 
    - ErrorMessage: ''
0049201:
    - bResult: 'False'
    - OutDescEst: 'Saldatura FS-20' 
    - ErrorMessage: ''
0049202:
    - bResult: 'False'
    - OutDescEst: 'Saldatura FS-20' 
    - ErrorMessage: ''
0049232:
    - bResult: 'False'
    - OutDescEst: 'Saldatura FS' 
    - ErrorMessage: ''
0049233:
    - bResult: 'False'
    - OutDescEst: 'Saldatura FS' 
    - ErrorMessage: ''
0049236:
    - bResult: 'False'
    - OutDescEst: 'Saldatura FS' 
    - ErrorMessage: ''
0049238:
    - bResult: 'False'
    - OutDescEst: 'Saldatura FS' 
    - ErrorMessage: ''
0049239:
    - bResult: 'False'
    - OutDescEst: 'Saldatura FS' 
    - ErrorMessage: ''
0049240:
    - bResult: 'False'
    - OutDescEst: 'Saldatura FS' 
    - ErrorMessage: ''
0049647:
    - bResult: 'False'
    - OutDescEst: 'Saldatura FS' 
    - ErrorMessage: ''
0049648:
    - bResult: 'False'
    - OutDescEst: 'Saldatura FS' 
    - ErrorMessage: ''
0049649:
    - bResult: 'False'
    - OutDescEst: 'Saldatura FS' 
    - ErrorMessage: ''
0049650:
    - bResult: 'False'
    - OutDescEst: 'Saldatura FS' 
    - ErrorMessage: ''
0049651:
    - bResult: 'False'
    - OutDescEst: 'Saldatura FS' 
    - ErrorMessage: ''
0049652:
    - bResult: 'False'
    - OutDescEst: 'Saldatura FS' 
    - ErrorMessage: ''
0050570:
    - bResult: 'False'
    - OutDescEst: 'Saldatura FS' 
    - ErrorMessage: ''
0050571:
    - bResult: 'False'
    - OutDescEst: 'Saldatura FS' 
    - ErrorMessage: ''
0050572:
    - bResult: 'False'
    - OutDescEst: 'Saldatura FS' 
    - ErrorMessage: ''
0050573:
    - bResult: 'False'
    - OutDescEst: 'Saldatura FS' 
    - ErrorMessage: ''
0050574:
    - bResult: 'False'
    - OutDescEst: 'Saldatura FS' 
    - ErrorMessage: ''
0050575:
    - bResult: 'False'
    - OutDescEst: 'Saldatura FS' 
    - ErrorMessage: ''
0050576:
    - bResult: 'False'
    - OutDescEst: 'Saldatura FS' 
    - ErrorMessage: ''
0050577:
    - bResult: 'False'
    - OutDescEst: 'Saldatura FS' 
    - ErrorMessage: ''
0050578:
    - bResult: 'False'
    - OutDescEst: 'Saldatura FS' 
    - ErrorMessage: ''
0050579:
    - bResult: 'False'
    - OutDescEst: 'Saldatura FS' 
    - ErrorMessage: ''
0051337:
    - bResult: 'False'
    - OutDescEst: 'Saldatura FS-20' 
    - ErrorMessage: ''
0051338:
    - bResult: 'False'
    - OutDescEst: 'Saldatura FS-20' 
    - ErrorMessage: ''
0051340:
    - bResult: 'False'
    - OutDescEst: 'Saldatura FS-20' 
    - ErrorMessage: ''
0051341:
    - bResult: 'False'
    - OutDescEst: 'Saldatura FS-20' 
    - ErrorMessage: ''
0051342:
    - bResult: 'False'
    - OutDescEst: 'Saldatura FS-20' 
    - ErrorMessage: ''
0051343:
    - bResult: 'False'
    - OutDescEst: 'Saldatura FS-20' 
    - ErrorMessage: ''
0051530:
    - bResult: 'False'
    - OutDescEst: 'Saldatura FS' 
    - ErrorMessage: ''
0051531:
    - bResult: 'False'
    - OutDescEst: 'Saldatura FS' 
    - ErrorMessage: ''
0051875:
    - bResult: 'False'
    - OutDescEst: 'Saldatura FS-20' 
    - ErrorMessage: ''
0051876:
    - bResult: 'False'
    - OutDescEst: 'Saldatura FS-20' 
    - ErrorMessage: ''
0051972:
    - bResult: 'False'
    - OutDescEst: 'Saldatura FS' 
    - ErrorMessage: ''
0051974:
    - bResult: 'False'
    - OutDescEst: 'Saldatura FS' 
    - ErrorMessage: ''
0051976:
    - bResult: 'False'
    - OutDescEst: 'Saldatura FS' 
    - ErrorMessage: ''
0051978:
    - bResult: 'False'
    - OutDescEst: 'Saldatura FS' 
    - ErrorMessage: ''
0051980:
    - bResult: 'False'
    - OutDescEst: 'Saldatura FS' 
    - ErrorMessage: ''
0052640:
    - bResult: 'False'
    - OutDescEst: 'Saldatura FS' 
    - ErrorMessage: ''
0052641:
    - bResult: 'False'
    - OutDescEst: 'Saldatura FS' 
    - ErrorMessage: ''
0052688:
    - bResult: 'False'
    - OutDescEst: 'Saldatura FS-20' 
    - ErrorMessage: ''
0052689:
    - bResult: 'False'
    - OutDescEst: 'Saldatura FS-20' 
    - ErrorMessage: ''
0052691:
    - bResult: 'False'
    - OutDescEst: 'Saldatura FS-20' 
    - ErrorMessage: ''
0052692:
    - bResult: 'False'
    - OutDescEst: 'Saldatura FS-20' 
    - ErrorMessage: ''
0052693:
    - bResult: 'False'
    - OutDescEst: 'Saldatura FS' 
    - ErrorMessage: ''
0052992:
    - bResult: 'False'
    - OutDescEst: 'Saldatura FS-20' 
    - ErrorMessage: ''
0052993:
    - bResult: 'False'
    - OutDescEst: 'Saldatura FS-20' 
    - ErrorMessage: ''
0052995:
    - bResult: 'False'
    - OutDescEst: 'Saldatura FS-20' 
    - ErrorMessage: ''
0052996:
    - bResult: 'False'
    - OutDescEst: 'Saldatura FS-20' 
    - ErrorMessage: ''
0052998:
    - bResult: 'False'
    - OutDescEst: 'Saldatura FS-20' 
    - ErrorMessage: ''
0052999:
    - bResult: 'False'
    - OutDescEst: 'Saldatura FS-20' 
    - ErrorMessage: ''
0053000:
    - bResult: 'False'
    - OutDescEst: 'Saldatura FS' 
    - ErrorMessage: ''
0053001:
    - bResult: 'False'
    - OutDescEst: 'Saldatura FS' 
    - ErrorMessage: ''
0053421:
    - bResult: 'False'
    - OutDescEst: 'Saldatura FS' 
    - ErrorMessage: ''
0053422:
    - bResult: 'False'
    - OutDescEst: 'Saldatura FS' 
    - ErrorMessage: ''
0053423:
    - bResult: 'False'
    - OutDescEst: 'Saldatura FS' 
    - ErrorMessage: ''
0053424:
    - bResult: 'False'
    - OutDescEst: 'Saldatura FS' 
    - ErrorMessage: ''
0053425:
    - bResult: 'False'
    - OutDescEst: 'Saldatura FS' 
    - ErrorMessage: ''
0053923:
    - bResult: 'False'
    - OutDescEst: 'Saldatura FS-20' 
    - ErrorMessage: ''
0053924:
    - bResult: 'False'
    - OutDescEst: 'Saldatura FS-20' 
    - ErrorMessage: ''
0053926:
    - bResult: 'False'
    - OutDescEst: 'Saldatura FS' 
    - ErrorMessage: ''
0054106:
    - bResult: 'False'
    - OutDescEst: 'Saldatura FS-20' 
    - ErrorMessage: ''
0055093:
    - bResult: 'False'
    - OutDescEst: 'Saldatura FS-20' 
    - ErrorMessage: ''
0055095:
    - bResult: 'False'
    - OutDescEst: 'Saldatura FS-20' 
    - ErrorMessage: ''
0055096:
    - bResult: 'False'
    - OutDescEst: 'Saldatura FS-20' 
    - ErrorMessage: ''
0055098:
    - bResult: 'False'
    - OutDescEst: 'Saldatura FS' 
    - ErrorMessage: ''
0055853:
    - bResult: 'False'
    - OutDescEst: 'Saldatura FS' 
    - ErrorMessage: ''
0055854:
    - bResult: 'False'
    - OutDescEst: 'Saldatura FS' 
    - ErrorMessage: ''
0055855:
    - bResult: 'False'
    - OutDescEst: 'Saldatura FS' 
    - ErrorMessage: ''
0055856:
    - bResult: 'False'
    - OutDescEst: 'Saldatura FS' 
    - ErrorMessage: ''
0055857:
    - bResult: 'False'
    - OutDescEst: 'Saldatura FS' 
    - ErrorMessage: ''
0055858:
    - bResult: 'False'
    - OutDescEst: 'Saldatura FS' 
    - ErrorMessage: ''
0055859:
    - bResult: 'False'
    - OutDescEst: 'Saldatura FS' 
    - ErrorMessage: ''
0055860:
    - bResult: 'False'
    - OutDescEst: 'Saldatura FS' 
    - ErrorMessage: ''
0055861:
    - bResult: 'False'
    - OutDescEst: 'Saldatura FS' 
    - ErrorMessage: ''
0055862:
    - bResult: 'False'
    - OutDescEst: 'Saldatura FS' 
    - ErrorMessage: ''
0055863:
    - bResult: 'False'
    - OutDescEst: 'Saldatura FS' 
    - ErrorMessage: ''
0055864:
    - bResult: 'False'
    - OutDescEst: 'Saldatura FS' 
    - ErrorMessage: ''
0055865:
    - bResult: 'False'
    - OutDescEst: 'Saldatura FS' 
    - ErrorMessage: ''
0056536:
    - bResult: 'False'
    - OutDescEst: 'Saldatura FS-20' 
    - ErrorMessage: ''
0056538:
    - bResult: 'False'
    - OutDescEst: 'Saldatura FS-20' 
    - ErrorMessage: ''
0056539:
    - bResult: 'False'
    - OutDescEst: 'Saldatura FS' 
    - ErrorMessage: ''
0056960:
    - bResult: 'False'
    - OutDescEst: 'Saldatura FS' 
    - ErrorMessage: ''
0056961:
    - bResult: 'False'
    - OutDescEst: 'Saldatura FS' 
    - ErrorMessage: ''
0056962:
    - bResult: 'False'
    - OutDescEst: 'Saldatura FS' 
    - ErrorMessage: ''
0056963:
    - bResult: 'False'
    - OutDescEst: 'Saldatura FS' 
    - ErrorMessage: ''
0056964:
    - bResult: 'False'
    - OutDescEst: 'Saldatura FS' 
    - ErrorMessage: ''
0056993:
    - bResult: 'False'
    - OutDescEst: 'Saldatura FS' 
    - ErrorMessage: ''
0056994:
    - bResult: 'False'
    - OutDescEst: 'Saldatura FS' 
    - ErrorMessage: ''
0056995:
    - bResult: 'False'
    - OutDescEst: 'Saldatura FS' 
    - ErrorMessage: ''
0056996:
    - bResult: 'False'
    - OutDescEst: 'Saldatura FS' 
    - ErrorMessage: ''
0057048:
    - bResult: 'False'
    - OutDescEst: 'Saldatura FS' 
    - ErrorMessage: ''
0057049:
    - bResult: 'False'
    - OutDescEst: 'Saldatura FS' 
    - ErrorMessage: ''
0057829:
    - bResult: 'False'
    - OutDescEst: 'Saldatura FS' 
    - ErrorMessage: ''
0057830:
    - bResult: 'False'
    - OutDescEst: 'Saldatura FS' 
    - ErrorMessage: ''
0058040:
    - bResult: 'False'
    - OutDescEst: 'Saldatura FS-20' 
    - ErrorMessage: ''
0058041:
    - bResult: 'False'
    - OutDescEst: 'Saldatura FS-20' 
    - ErrorMessage: ''
0058042:
    - bResult: 'False'
    - OutDescEst: 'Saldatura FS' 
    - ErrorMessage: ''
0058043:
    - bResult: 'False'
    - OutDescEst: 'Saldatura FS' 
    - ErrorMessage: ''
0058968:
    - bResult: 'False'
    - OutDescEst: 'Saldatura FS-20' 
    - ErrorMessage: ''
0058969:
    - bResult: 'False'
    - OutDescEst: 'Saldatura FS-20' 
    - ErrorMessage: ''
0060496:
    - bResult: 'False'
    - OutDescEst: 'Saldatura FS' 
    - ErrorMessage: ''
0060497:
    - bResult: 'False'
    - OutDescEst: 'Saldatura FS' 
    - ErrorMessage: ''
0060499:
    - bResult: 'False'
    - OutDescEst: 'Saldatura FS' 
    - ErrorMessage: ''
0060500:
    - bResult: 'False'
    - OutDescEst: 'Saldatura FS' 
    - ErrorMessage: ''
0060501:
    - bResult: 'False'
    - OutDescEst: 'Saldatura FS' 
    - ErrorMessage: ''
0060502:
    - bResult: 'False'
    - OutDescEst: 'Saldatura FS' 
    - ErrorMessage: ''
0060503:
    - bResult: 'False'
    - OutDescEst: 'Saldatura FS' 
    - ErrorMessage: ''
0060504:
    - bResult: 'False'
    - OutDescEst: 'Saldatura FS' 
    - ErrorMessage: ''
0060505:
    - bResult: 'False'
    - OutDescEst: 'Saldatura FS' 
    - ErrorMessage: ''
0060506:
    - bResult: 'False'
    - OutDescEst: 'Saldatura FS' 
    - ErrorMessage: ''
0060921:
    - bResult: 'False'
    - OutDescEst: 'Saldatura FS-20' 
    - ErrorMessage: ''
0060922:
    - bResult: 'False'
    - OutDescEst: 'Saldatura FS-20' 
    - ErrorMessage: ''
0060924:
    - bResult: 'False'
    - OutDescEst: 'Saldatura FS-20' 
    - ErrorMessage: ''
0060925:
    - bResult: 'False'
    - OutDescEst: 'Saldatura FS-20' 
    - ErrorMessage: ''
0060927:
    - bResult: 'False'
    - OutDescEst: 'Saldatura FS-20' 
    - ErrorMessage: ''
0060928:
    - bResult: 'False'
    - OutDescEst: 'Saldatura FS-20' 
    - ErrorMessage: ''
0060929:
    - bResult: 'False'
    - OutDescEst: 'Saldatura FS' 
    - ErrorMessage: ''
0060930:
    - bResult: 'False'
    - OutDescEst: 'Saldatura FS' 
    - ErrorMessage: ''
0061142:
    - bResult: 'False'
    - OutDescEst: 'Saldatura FS' 
    - ErrorMessage: ''
0061143:
    - bResult: 'False'
    - OutDescEst: 'Saldatura FS' 
    - ErrorMessage: ''
0061144:
    - bResult: 'False'
    - OutDescEst: 'Saldatura FS' 
    - ErrorMessage: ''
0061145:
    - bResult: 'False'
    - OutDescEst: 'Saldatura FS' 
    - ErrorMessage: ''
0061146:
    - bResult: 'False'
    - OutDescEst: 'Saldatura FS' 
    - ErrorMessage: ''
0061147:
    - bResult: 'False'
    - OutDescEst: 'Saldatura FS' 
    - ErrorMessage: ''
0061148:
    - bResult: 'False'
    - OutDescEst: 'Saldatura FS' 
    - ErrorMessage: ''
0061616:
    - bResult: 'False'
    - OutDescEst: 'Saldatura FS-20' 
    - ErrorMessage: ''
0061617:
    - bResult: 'False'
    - OutDescEst: 'Saldatura FS-20' 
    - ErrorMessage: ''
0061618:
    - bResult: 'False'
    - OutDescEst: 'Saldatura FS-20' 
    - ErrorMessage: ''
0061619:
    - bResult: 'False'
    - OutDescEst: 'Saldatura FS' 
    - ErrorMessage: ''
0061620:
    - bResult: 'False'
    - OutDescEst: 'Saldatura FS' 
    - ErrorMessage: ''
0061951:
    - bResult: 'False'
    - OutDescEst: 'Saldatura FS-20' 
    - ErrorMessage: ''
0061952:
    - bResult: 'False'
    - OutDescEst: 'Saldatura FS-20' 
    - ErrorMessage: ''
0061953:
    - bResult: 'False'
    - OutDescEst: 'Saldatura FS-20' 
    - ErrorMessage: ''
0061954:
    - bResult: 'False'
    - OutDescEst: 'Saldatura FS' 
    - ErrorMessage: ''
0062827:
    - bResult: 'False'
    - OutDescEst: 'Saldatura FS-20' 
    - ErrorMessage: ''
0062828:
    - bResult: 'False'
    - OutDescEst: 'Saldatura FS-20' 
    - ErrorMessage: ''
0064116:
    - bResult: 'False'
    - OutDescEst: 'Saldatura FS-20' 
    - ErrorMessage: ''
0064117:
    - bResult: 'False'
    - OutDescEst: 'Saldatura FS-20' 
    - ErrorMessage: ''
0064118:
    - bResult: 'False'
    - OutDescEst: 'Saldatura FS-20' 
    - ErrorMessage: ''
0064119:
    - bResult: 'False'
    - OutDescEst: 'Saldatura FS-20' 
    - ErrorMessage: ''
0064120:
    - bResult: 'False'
    - OutDescEst: 'Saldatura FS-20' 
    - ErrorMessage: ''
0064663:
    - bResult: 'False'
    - OutDescEst: 'Saldatura FS-20' 
    - ErrorMessage: ''
0064664:
    - bResult: 'False'
    - OutDescEst: 'Saldatura FS-20' 
    - ErrorMessage: ''
0064666:
    - bResult: 'False'
    - OutDescEst: 'Saldatura FS-20' 
    - ErrorMessage: ''
0064667:
    - bResult: 'False'
    - OutDescEst: 'Saldatura FS-20' 
    - ErrorMessage: ''
0064668:
    - bResult: 'False'
    - OutDescEst: 'Saldatura FS' 
    - ErrorMessage: ''
0064669:
    - bResult: 'False'
    - OutDescEst: 'Saldatura FS' 
    - ErrorMessage: ''
0064670:
    - bResult: 'False'
    - OutDescEst: 'Saldatura FS' 
    - ErrorMessage: ''
0064937:
    - bResult: 'False'
    - OutDescEst: 'Saldatura FS' 
    - ErrorMessage: ''
0064938:
    - bResult: 'False'
    - OutDescEst: 'Saldatura FS' 
    - ErrorMessage: ''
0065003:
    - bResult: 'False'
    - OutDescEst: 'Saldatura FS-20' 
    - ErrorMessage: ''
0065005:
    - bResult: 'False'
    - OutDescEst: 'Saldatura FS-20' 
    - ErrorMessage: ''
0065007:
    - bResult: 'False'
    - OutDescEst: 'Saldatura FS-20' 
    - ErrorMessage: ''
0065009:
    - bResult: 'False'
    - OutDescEst: 'Saldatura FS' 
    - ErrorMessage: ''
0066041:
    - bResult: 'False'
    - OutDescEst: 'Saldatura FS' 
    - ErrorMessage: ''
0066042:
    - bResult: 'False'
    - OutDescEst: 'Saldatura FS' 
    - ErrorMessage: ''
0066653:
    - bResult: 'False'
    - OutDescEst: 'Saldatura FS-20' 
    - ErrorMessage: ''
0066654:
    - bResult: 'False'
    - OutDescEst: 'Saldatura FS-20' 
    - ErrorMessage: ''
0066655:
    - bResult: 'False'
    - OutDescEst: 'Saldatura FS' 
    - ErrorMessage: ''
0066664:
    - bResult: 'False'
    - OutDescEst: 'Saldatura FS-20' 
    - ErrorMessage: ''
0066805:
    - bResult: 'False'
    - OutDescEst: 'Saldatura FS' 
    - ErrorMessage: ''
0066806:
    - bResult: 'False'
    - OutDescEst: 'Saldatura FS' 
    - ErrorMessage: ''
0066847:
    - bResult: 'False'
    - OutDescEst: 'Saldatura FS-20' 
    - ErrorMessage: ''
0066848:
    - bResult: 'False'
    - OutDescEst: 'Saldatura FS-20' 
    - ErrorMessage: ''
0066849:
    - bResult: 'False'
    - OutDescEst: 'Saldatura FS-20' 
    - ErrorMessage: ''
0066850:
    - bResult: 'False'
    - OutDescEst: 'Saldatura FS' 
    - ErrorMessage: ''
0068124:
    - bResult: 'False'
    - OutDescEst: 'Saldatura FS-20' 
    - ErrorMessage: ''
0068126:
    - bResult: 'False'
    - OutDescEst: 'Saldatura FS-20' 
    - ErrorMessage: ''
0068128:
    - bResult: 'False'
    - OutDescEst: 'Saldatura FS-20' 
    - ErrorMessage: ''
0068130:
    - bResult: 'False'
    - OutDescEst: 'Saldatura FS' 
    - ErrorMessage: ''
0069439:
    - bResult: 'False'
    - OutDescEst: 'Saldatura FS' 
    - ErrorMessage: ''
0069440:
    - bResult: 'False'
    - OutDescEst: 'Saldatura FS' 
    - ErrorMessage: ''
0069441:
    - bResult: 'False'
    - OutDescEst: 'Saldatura FS' 
    - ErrorMessage: ''
0069442:
    - bResult: 'False'
    - OutDescEst: 'Saldatura FS' 
    - ErrorMessage: ''
0070157:
    - bResult: 'False'
    - OutDescEst: 'Saldatura FS-20' 
    - ErrorMessage: ''
0070158:
    - bResult: 'False'
    - OutDescEst: 'Saldatura FS-20' 
    - ErrorMessage: ''
0070160:
    - bResult: 'False'
    - OutDescEst: 'Saldatura FS-20' 
    - ErrorMessage: ''
0070161:
    - bResult: 'False'
    - OutDescEst: 'Saldatura FS-20' 
    - ErrorMessage: ''
0070174:
    - bResult: 'False'
    - OutDescEst: 'Saldatura FS' 
    - ErrorMessage: ''
0070175:
    - bResult: 'False'
    - OutDescEst: 'Saldatura FS' 
    - ErrorMessage: ''
0070456:
    - bResult: 'False'
    - OutDescEst: 'Saldatura FS' 
    - ErrorMessage: ''
0070457:
    - bResult: 'False'
    - OutDescEst: 'Saldatura FS' 
    - ErrorMessage: ''
0070459:
    - bResult: 'False'
    - OutDescEst: 'Saldatura FS' 
    - ErrorMessage: ''
0070460:
    - bResult: 'False'
    - OutDescEst: 'Saldatura FS' 
    - ErrorMessage: ''
0070461:
    - bResult: 'False'
    - OutDescEst: 'Saldatura FS' 
    - ErrorMessage: ''
0070462:
    - bResult: 'False'
    - OutDescEst: 'Saldatura FS' 
    - ErrorMessage: ''
0072245:
    - bResult: 'False'
    - OutDescEst: 'Saldatura FS' 
    - ErrorMessage: ''
0072246:
    - bResult: 'False'
    - OutDescEst: 'Saldatura FS' 
    - ErrorMessage: ''
0074219:
    - bResult: 'False'
    - OutDescEst: 'Saldatura FS-20' 
    - ErrorMessage: ''
0074220:
    - bResult: 'False'
    - OutDescEst: 'Saldatura FS-20' 
    - ErrorMessage: ''
0074221:
    - bResult: 'False'
    - OutDescEst: 'Saldatura FS-20' 
    - ErrorMessage: ''
0074222:
    - bResult: 'False'
    - OutDescEst: 'Saldatura FS-20' 
    - ErrorMessage: ''
0074223:
    - bResult: 'False'
    - OutDescEst: 'Saldatura FS-20' 
    - ErrorMessage: ''
0074224:
    - bResult: 'False'
    - OutDescEst: 'Saldatura FS-20' 
    - ErrorMessage: ''
0074737:
    - bResult: 'False'
    - OutDescEst: 'Saldatura FS-20' 
    - ErrorMessage: ''
0074739:
    - bResult: 'False'
    - OutDescEst: 'Saldatura FS-20' 
    - ErrorMessage: ''
0074740:
    - bResult: 'False'
    - OutDescEst: 'Saldatura FS' 
    - ErrorMessage: ''
0075055:
    - bResult: 'False'
    - OutDescEst: 'Saldatura FS-20' 
    - ErrorMessage: ''
0075056:
    - bResult: 'False'
    - OutDescEst: 'Saldatura FS-20' 
    - ErrorMessage: ''
0075057:
    - bResult: 'False'
    - OutDescEst: 'Saldatura FS-20' 
    - ErrorMessage: ''
0075058:
    - bResult: 'False'
    - OutDescEst: 'Saldatura FS-20' 
    - ErrorMessage: ''
0075059:
    - bResult: 'False'
    - OutDescEst: 'Saldatura FS-20' 
    - ErrorMessage: ''
0075060:
    - bResult: 'False'
    - OutDescEst: 'Saldatura FS' 
    - ErrorMessage: ''
0077054:
    - bResult: 'False'
    - OutDescEst: 'Saldatura FS-20' 
    - ErrorMessage: ''
0077055:
    - bResult: 'False'
    - OutDescEst: 'Saldatura FS-20' 
    - ErrorMessage: ''
0077066:
    - bResult: 'False'
    - OutDescEst: 'Saldatura FS' 
    - ErrorMessage: ''
0079649:
    - bResult: 'False'
    - OutDescEst: 'Saldatura FS' 
    - ErrorMessage: ''
0080383:
    - bResult: 'False'
    - OutDescEst: 'Saldatura FS-20' 
    - ErrorMessage: ''
0080384:
    - bResult: 'False'
    - OutDescEst: 'Saldatura FS-20' 
    - ErrorMessage: ''
0080386:
    - bResult: 'False'
    - OutDescEst: 'Saldatura FS-20' 
    - ErrorMessage: ''
0080387:
    - bResult: 'False'
    - OutDescEst: 'Saldatura FS-20' 
    - ErrorMessage: ''
0080389:
    - bResult: 'False'
    - OutDescEst: 'Saldatura FS-20' 
    - ErrorMessage: ''
0080390:
    - bResult: 'False'
    - OutDescEst: 'Saldatura FS-20' 
    - ErrorMessage: ''
0080391:
    - bResult: 'False'
    - OutDescEst: 'Saldatura FS' 
    - ErrorMessage: ''
0080392:
    - bResult: 'False'
    - OutDescEst: 'Saldatura FS' 
    - ErrorMessage: ''
0080900:
    - bResult: 'False'
    - OutDescEst: 'Saldatura FS-20' 
    - ErrorMessage: ''
0080901:
    - bResult: 'False'
    - OutDescEst: 'Saldatura FS-20' 
    - ErrorMessage: ''
0080903:
    - bResult: 'False'
    - OutDescEst: 'Saldatura FS-20' 
    - ErrorMessage: ''
0080904:
    - bResult: 'False'
    - OutDescEst: 'Saldatura FS-20' 
    - ErrorMessage: ''
0082018:
    - bResult: 'False'
    - OutDescEst: 'Saldatura FS-20' 
    - ErrorMessage: ''
0082019:
    - bResult: 'False'
    - OutDescEst: 'Saldatura FS-20' 
    - ErrorMessage: ''
0082022:
    - bResult: 'False'
    - OutDescEst: 'Saldatura FS-20' 
    - ErrorMessage: ''
0082023:
    - bResult: 'False'
    - OutDescEst: 'Saldatura FS-20' 
    - ErrorMessage: ''
0082026:
    - bResult: 'False'
    - OutDescEst: 'Saldatura FS-20' 
    - ErrorMessage: ''
0082027:
    - bResult: 'False'
    - OutDescEst: 'Saldatura FS-20' 
    - ErrorMessage: ''
0082028:
    - bResult: 'False'
    - OutDescEst: 'Saldatura FS' 
    - ErrorMessage: ''
0082029:
    - bResult: 'False'
    - OutDescEst: 'Saldatura FS' 
    - ErrorMessage: ''
0082031:
    - bResult: 'False'
    - OutDescEst: 'Saldatura FS' 
    - ErrorMessage: ''
0082032:
    - bResult: 'False'
    - OutDescEst: 'Saldatura FS' 
    - ErrorMessage: ''
0082033:
    - bResult: 'False'
    - OutDescEst: 'Saldatura FS' 
    - ErrorMessage: ''
0082034:
    - bResult: 'False'
    - OutDescEst: 'Saldatura FS' 
    - ErrorMessage: ''
0082421:
    - bResult: 'False'
    - OutDescEst: 'Saldatura FS-20' 
    - ErrorMessage: ''
0082422:
    - bResult: 'False'
    - OutDescEst: 'Saldatura FS-20' 
    - ErrorMessage: ''
0084600:
    - bResult: 'False'
    - OutDescEst: 'Saldatura FS' 
    - ErrorMessage: ''
0084601:
    - bResult: 'False'
    - OutDescEst: 'Saldatura FS' 
    - ErrorMessage: ''
0085697:
    - bResult: 'False'
    - OutDescEst: 'Saldatura FS-20' 
    - ErrorMessage: ''
0085698:
    - bResult: 'False'
    - OutDescEst: 'Saldatura FS-20' 
    - ErrorMessage: ''
0085699:
    - bResult: 'False'
    - OutDescEst: 'Saldatura FS-20' 
    - ErrorMessage: ''
0085711:
    - bResult: 'False'
    - OutDescEst: 'Saldatura FS' 
    - ErrorMessage: ''
0085792:
    - bResult: 'False'
    - OutDescEst: 'Saldatura FS' 
    - ErrorMessage: ''
0085793:
    - bResult: 'False'
    - OutDescEst: 'Saldatura FS' 
    - ErrorMessage: ''
0085794:
    - bResult: 'False'
    - OutDescEst: 'Saldatura FS' 
    - ErrorMessage: ''
0085795:
    - bResult: 'False'
    - OutDescEst: 'Saldatura FS' 
    - ErrorMessage: ''
0087445:
    - bResult: 'False'
    - OutDescEst: 'Saldatura FS-20' 
    - ErrorMessage: ''
0087446:
    - bResult: 'False'
    - OutDescEst: 'Saldatura FS' 
    - ErrorMessage: ''
0087447:
    - bResult: 'False'
    - OutDescEst: 'Saldatura FS-20' 
    - ErrorMessage: ''
0087626:
    - bResult: 'False'
    - OutDescEst: 'Saldatura FS-20' 
    - ErrorMessage: ''
0087627:
    - bResult: 'False'
    - OutDescEst: 'Saldatura FS-20' 
    - ErrorMessage: ''
0087630:
    - bResult: 'False'
    - OutDescEst: 'Saldatura FS' 
    - ErrorMessage: ''
0087662:
    - bResult: 'False'
    - OutDescEst: 'Saldatura FS-20' 
    - ErrorMessage: ''
0087663:
    - bResult: 'False'
    - OutDescEst: 'Saldatura FS' 
    - ErrorMessage: ''
0087839:
    - bResult: 'False'
    - OutDescEst: 'Saldatura FS' 
    - ErrorMessage: ''
0087840:
    - bResult: 'False'
    - OutDescEst: 'Saldatura FS' 
    - ErrorMessage: ''
0087841:
    - bResult: 'False'
    - OutDescEst: 'Saldatura FS' 
    - ErrorMessage: ''
0087842:
    - bResult: 'False'
    - OutDescEst: 'Saldatura FS' 
    - ErrorMessage: ''
0088292:
    - bResult: 'False'
    - OutDescEst: 'Saldatura FS' 
    - ErrorMessage: ''
0088293:
    - bResult: 'False'
    - OutDescEst: 'Saldatura FS' 
    - ErrorMessage: ''
0088294:
    - bResult: 'False'
    - OutDescEst: 'Saldatura FS' 
    - ErrorMessage: ''
0088295:
    - bResult: 'False'
    - OutDescEst: 'Saldatura FS' 
    - ErrorMessage: ''
0088296:
    - bResult: 'False'
    - OutDescEst: 'Saldatura FS' 
    - ErrorMessage: ''
0088297:
    - bResult: 'False'
    - OutDescEst: 'Saldatura FS' 
    - ErrorMessage: ''
0088298:
    - bResult: 'False'
    - OutDescEst: 'Saldatura FS' 
    - ErrorMessage: ''
0088299:
    - bResult: 'False'
    - OutDescEst: 'Saldatura FS' 
    - ErrorMessage: ''
0088300:
    - bResult: 'False'
    - OutDescEst: 'Saldatura FS' 
    - ErrorMessage: ''
0088301:
    - bResult: 'False'
    - OutDescEst: 'Saldatura FS' 
    - ErrorMessage: ''
0088309:
    - bResult: 'False'
    - OutDescEst: 'Saldatura FS-20' 
    - ErrorMessage: ''
0088310:
    - bResult: 'False'
    - OutDescEst: 'Saldatura FS-20' 
    - ErrorMessage: ''
0088311:
    - bResult: 'False'
    - OutDescEst: 'Saldatura FS-20' 
    - ErrorMessage: ''
0088312:
    - bResult: 'False'
    - OutDescEst: 'Saldatura FS-20' 
    - ErrorMessage: ''
0088313:
    - bResult: 'False'
    - OutDescEst: 'Saldatura FS-20' 
    - ErrorMessage: ''
0088314:
    - bResult: 'False'
    - OutDescEst: 'Saldatura FS-20' 
    - ErrorMessage: ''
0088315:
    - bResult: 'False'
    - OutDescEst: 'Saldatura FS-20' 
    - ErrorMessage: ''
0088316:
    - bResult: 'False'
    - OutDescEst: 'Saldatura FS-20' 
    - ErrorMessage: ''
0088317:
    - bResult: 'False'
    - OutDescEst: 'Saldatura FS-20' 
    - ErrorMessage: ''
0088318:
    - bResult: 'False'
    - OutDescEst: 'Saldatura FS-20' 
    - ErrorMessage: ''
0088734:
    - bResult: 'False'
    - OutDescEst: 'Saldatura FS-20' 
    - ErrorMessage: ''
0088735:
    - bResult: 'False'
    - OutDescEst: 'Saldatura FS-20' 
    - ErrorMessage: ''
0088736:
    - bResult: 'False'
    - OutDescEst: 'Saldatura FS-20' 
    - ErrorMessage: ''
0088753:
    - bResult: 'False'
    - OutDescEst: 'Saldatura FS' 
    - ErrorMessage: ''
0088840:
    - bResult: 'False'
    - OutDescEst: 'Saldatura FS-20' 
    - ErrorMessage: ''
0088841:
    - bResult: 'False'
    - OutDescEst: 'Saldatura FS-20' 
    - ErrorMessage: ''
0088844:
    - bResult: 'False'
    - OutDescEst: 'Saldatura FS-20' 
    - ErrorMessage: ''
0088845:
    - bResult: 'False'
    - OutDescEst: 'Saldatura FS-20' 
    - ErrorMessage: ''
0088848:
    - bResult: 'False'
    - OutDescEst: 'Saldatura FS' 
    - ErrorMessage: ''
0088849:
    - bResult: 'False'
    - OutDescEst: 'Saldatura FS' 
    - ErrorMessage: ''
0088850:
    - bResult: 'False'
    - OutDescEst: 'Saldatura FS-20' 
    - ErrorMessage: ''
0088851:
    - bResult: 'False'
    - OutDescEst: 'Saldatura FS-20' 
    - ErrorMessage: ''
0088852:
    - bResult: 'False'
    - OutDescEst: 'Saldatura FS-20' 
    - ErrorMessage: ''
0088853:
    - bResult: 'False'
    - OutDescEst: 'Saldatura FS-20' 
    - ErrorMessage: ''
0089168:
    - bResult: 'False'
    - OutDescEst: 'Saldatura FS' 
    - ErrorMessage: ''
0089169:
    - bResult: 'False'
    - OutDescEst: 'Saldatura FS' 
    - ErrorMessage: ''
0089176:
    - bResult: 'False'
    - OutDescEst: 'Saldatura FS-20' 
    - ErrorMessage: ''
0089177:
    - bResult: 'False'
    - OutDescEst: 'Saldatura FS-20' 
    - ErrorMessage: ''
0089178:
    - bResult: 'False'
    - OutDescEst: 'Saldatura FS-20' 
    - ErrorMessage: ''
0089179:
    - bResult: 'False'
    - OutDescEst: 'Saldatura FS-20' 
    - ErrorMessage: ''
0089180:
    - bResult: 'False'
    - OutDescEst: 'Saldatura FS-20' 
    - ErrorMessage: ''
0089181:
    - bResult: 'False'
    - OutDescEst: 'Saldatura FS-20' 
    - ErrorMessage: ''
0093626:
    - bResult: 'False'
    - OutDescEst: 'Saldatura FS-20' 
    - ErrorMessage: ''
0093627:
    - bResult: 'False'
    - OutDescEst: 'Saldatura FS-20' 
    - ErrorMessage: ''
0093630:
    - bResult: 'False'
    - OutDescEst: 'Saldatura FS-20' 
    - ErrorMessage: ''
0093631:
    - bResult: 'False'
    - OutDescEst: 'Saldatura FS-20' 
    - ErrorMessage: ''
0093632:
    - bResult: 'False'
    - OutDescEst: 'Saldatura FS-20' 
    - ErrorMessage: ''
0093633:
    - bResult: 'False'
    - OutDescEst: 'Saldatura FS-20' 
    - ErrorMessage: ''
0093634:
    - bResult: 'False'
    - OutDescEst: 'Saldatura FS' 
    - ErrorMessage: ''
0093635:
    - bResult: 'False'
    - OutDescEst: 'Saldatura FS' 
    - ErrorMessage: ''
0093912:
    - bResult: 'False'
    - OutDescEst: 'Saldatura FS-20' 
    - ErrorMessage: ''
0093913:
    - bResult: 'False'
    - OutDescEst: 'Saldatura FS-20' 
    - ErrorMessage: ''
0093916:
    - bResult: 'False'
    - OutDescEst: 'Saldatura FS-20' 
    - ErrorMessage: ''
0093917:
    - bResult: 'False'
    - OutDescEst: 'Saldatura FS-20' 
    - ErrorMessage: ''
0093918:
    - bResult: 'False'
    - OutDescEst: 'Saldatura FS-20' 
    - ErrorMessage: ''
0093919:
    - bResult: 'False'
    - OutDescEst: 'Saldatura FS-20' 
    - ErrorMessage: ''
0093920:
    - bResult: 'False'
    - OutDescEst: 'Saldatura FS' 
    - ErrorMessage: ''
0093921:
    - bResult: 'False'
    - OutDescEst: 'Saldatura FS' 
    - ErrorMessage: ''
0096481:
    - bResult: 'False'
    - OutDescEst: 'Saldatura FS-20' 
    - ErrorMessage: ''
0096482:
    - bResult: 'False'
    - OutDescEst: 'Saldatura FS-20' 
    - ErrorMessage: ''
0096483:
    - bResult: 'False'
    - OutDescEst: 'Saldatura FS-20' 
    - ErrorMessage: ''
0099717:
    - bResult: 'False'
    - OutDescEst: 'Saldatura FS-20' 
    - ErrorMessage: ''
0099718:
    - bResult: 'False'
    - OutDescEst: 'Saldatura FS-20' 
    - ErrorMessage: ''
0099719:
    - bResult: 'False'
    - OutDescEst: 'Saldatura FS-20' 
    - ErrorMessage: ''
0099720:
    - bResult: 'False'
    - OutDescEst: 'Saldatura FS' 
    - ErrorMessage: ''
0101970:
    - bResult: 'False'
    - OutDescEst: 'Saldatura FS' 
    - ErrorMessage: ''
0101971:
    - bResult: 'False'
    - OutDescEst: 'Saldatura FS' 
    - ErrorMessage: ''
0101972:
    - bResult: 'False'
    - OutDescEst: 'Saldatura FS' 
    - ErrorMessage: ''
0101973:
    - bResult: 'False'
    - OutDescEst: 'Saldatura FS' 
    - ErrorMessage: ''
0101974:
    - bResult: 'False'
    - OutDescEst: 'Saldatura FS' 
    - ErrorMessage: ''
0101975:
    - bResult: 'False'
    - OutDescEst: 'Saldatura FS' 
    - ErrorMessage: ''
0102188:
    - bResult: 'False'
    - OutDescEst: 'Saldatura FS-20' 
    - ErrorMessage: ''
0102189:
    - bResult: 'False'
    - OutDescEst: 'Saldatura FS-20' 
    - ErrorMessage: ''
0102190:
    - bResult: 'False'
    - OutDescEst: 'Saldatura FS-20' 
    - ErrorMessage: ''
0102191:
    - bResult: 'False'
    - OutDescEst: 'Saldatura FS' 
    - ErrorMessage: ''
0103510:
    - bResult: 'False'
    - OutDescEst: 'Saldatura FS' 
    - ErrorMessage: ''
0103511:
    - bResult: 'False'
    - OutDescEst: 'Saldatura FS' 
    - ErrorMessage: ''
0103512:
    - bResult: 'False'
    - OutDescEst: 'Saldatura FS' 
    - ErrorMessage: ''
0103513:
    - bResult: 'False'
    - OutDescEst: 'Saldatura FS' 
    - ErrorMessage: ''
0103544:
    - bResult: 'False'
    - OutDescEst: 'Saldatura FS-20' 
    - ErrorMessage: ''
0103545:
    - bResult: 'False'
    - OutDescEst: 'Saldatura FS-20' 
    - ErrorMessage: ''
0103546:
    - bResult: 'False'
    - OutDescEst: 'Saldatura FS' 
    - ErrorMessage: ''
0103620:
    - bResult: 'False'
    - OutDescEst: 'Saldatura FS' 
    - ErrorMessage: ''
0103621:
    - bResult: 'False'
    - OutDescEst: 'Saldatura FS' 
    - ErrorMessage: ''
0103651:
    - bResult: 'False'
    - OutDescEst: 'Saldatura FS' 
    - ErrorMessage: ''
0103652:
    - bResult: 'False'
    - OutDescEst: 'Saldatura FS' 
    - ErrorMessage: ''
0103655:
    - bResult: 'False'
    - OutDescEst: 'Saldatura FS-20' 
    - ErrorMessage: ''
0103656:
    - bResult: 'False'
    - OutDescEst: 'Saldatura FS-20' 
    - ErrorMessage: ''
0103773:
    - bResult: 'False'
    - OutDescEst: 'Saldatura FS' 
    - ErrorMessage: ''
0103896:
    - bResult: 'False'
    - OutDescEst: 'Saldatura FS-20' 
    - ErrorMessage: ''
0103897:
    - bResult: 'False'
    - OutDescEst: 'Saldatura FS-20' 
    - ErrorMessage: ''
0104673:
    - bResult: 'False'
    - OutDescEst: 'Saldatura FS-20' 
    - ErrorMessage: ''
0104675:
    - bResult: 'False'
    - OutDescEst: 'Saldatura FS-20' 
    - ErrorMessage: ''
0104677:
    - bResult: 'False'
    - OutDescEst: 'Saldatura FS' 
    - ErrorMessage: ''
0105976:
    - bResult: 'False'
    - OutDescEst: 'Saldatura FS-20' 
    - ErrorMessage: ''
0105977:
    - bResult: 'False'
    - OutDescEst: 'Saldatura FS-20' 
    - ErrorMessage: ''
0105980:
    - bResult: 'False'
    - OutDescEst: 'Saldatura FS-20' 
    - ErrorMessage: ''
0105981:
    - bResult: 'False'
    - OutDescEst: 'Saldatura FS-20' 
    - ErrorMessage: ''
0105983:
    - bResult: 'False'
    - OutDescEst: 'Saldatura FS-20' 
    - ErrorMessage: ''
0105984:
    - bResult: 'False'
    - OutDescEst: 'Saldatura FS-20' 
    - ErrorMessage: ''
0105985:
    - bResult: 'False'
    - OutDescEst: 'Saldatura FS' 
    - ErrorMessage: ''
0106555:
    - bResult: 'False'
    - OutDescEst: 'Saldatura FS-20' 
    - ErrorMessage: ''
0106556:
    - bResult: 'False'
    - OutDescEst: 'Saldatura FS-20' 
    - ErrorMessage: ''
0106557:
    - bResult: 'False'
    - OutDescEst: 'Saldatura FS-20' 
    - ErrorMessage: ''
0106558:
    - bResult: 'False'
    - OutDescEst: 'Saldatura FS' 
    - ErrorMessage: ''
0106564:
    - bResult: 'False'
    - OutDescEst: 'Saldatura FS-20' 
    - ErrorMessage: ''
0106565:
    - bResult: 'False'
    - OutDescEst: 'Saldatura FS-20' 
    - ErrorMessage: ''
0106566:
    - bResult: 'False'
    - OutDescEst: 'Saldatura FS-20' 
    - ErrorMessage: ''
0106567:
    - bResult: 'False'
    - OutDescEst: 'Saldatura FS' 
    - ErrorMessage: ''
0107753:
    - bResult: 'False'
    - OutDescEst: 'Saldatura FS-20' 
    - ErrorMessage: ''
0107754:
    - bResult: 'False'
    - OutDescEst: 'Saldatura FS-20' 
    - ErrorMessage: ''
0107756:
    - bResult: 'False'
    - OutDescEst: 'Saldatura FS-20' 
    - ErrorMessage: ''
0107757:
    - bResult: 'False'
    - OutDescEst: 'Saldatura FS-20' 
    - ErrorMessage: ''
0107759:
    - bResult: 'False'
    - OutDescEst: 'Saldatura FS-20' 
    - ErrorMessage: ''
0107760:
    - bResult: 'False'
    - OutDescEst: 'Saldatura FS-20' 
    - ErrorMessage: ''
0107761:
    - bResult: 'False'
    - OutDescEst: 'Saldatura FS-20' 
    - ErrorMessage: ''
0107762:
    - bResult: 'False'
    - OutDescEst: 'Saldatura FS-20' 
    - ErrorMessage: ''
0107765:
    - bResult: 'False'
    - OutDescEst: 'Saldatura FS-20' 
    - ErrorMessage: ''
0107766:
    - bResult: 'False'
    - OutDescEst: 'Saldatura FS-20' 
    - ErrorMessage: ''
0107767:
    - bResult: 'False'
    - OutDescEst: 'Saldatura FS' 
    - ErrorMessage: ''
0107768:
    - bResult: 'False'
    - OutDescEst: 'Saldatura FS' 
    - ErrorMessage: ''
0107769:
    - bResult: 'False'
    - OutDescEst: 'Saldatura FS' 
    - ErrorMessage: ''
0107770:
    - bResult: 'False'
    - OutDescEst: 'Saldatura FS' 
    - ErrorMessage: ''
0107953:
    - bResult: 'False'
    - OutDescEst: 'Saldatura FS-20' 
    - ErrorMessage: ''
0107954:
    - bResult: 'False'
    - OutDescEst: 'Saldatura FS-20' 
    - ErrorMessage: ''
0107955:
    - bResult: 'False'
    - OutDescEst: 'Saldatura FS-20' 
    - ErrorMessage: ''
0107956:
    - bResult: 'False'
    - OutDescEst: 'Saldatura FS-20' 
    - ErrorMessage: ''
0110322:
    - bResult: 'False'
    - OutDescEst: 'Saldatura FS' 
    - ErrorMessage: ''
0110323:
    - bResult: 'False'
    - OutDescEst: 'Saldatura FS' 
    - ErrorMessage: ''
0110324:
    - bResult: 'False'
    - OutDescEst: 'Saldatura FS' 
    - ErrorMessage: ''
0110329:
    - bResult: 'False'
    - OutDescEst: 'Saldatura FS' 
    - ErrorMessage: ''
0110330:
    - bResult: 'False'
    - OutDescEst: 'Saldatura FS' 
    - ErrorMessage: ''
0110332:
    - bResult: 'False'
    - OutDescEst: 'Saldatura FS' 
    - ErrorMessage: ''
0110350:
    - bResult: 'False'
    - OutDescEst: 'Saldatura FS' 
    - ErrorMessage: ''
0110351:
    - bResult: 'False'
    - OutDescEst: 'Saldatura FS' 
    - ErrorMessage: ''
0110359:
    - bResult: 'False'
    - OutDescEst: 'Saldatura FS' 
    - ErrorMessage: ''
0110360:
    - bResult: 'False'
    - OutDescEst: 'Saldatura FS' 
    - ErrorMessage: ''
0110361:
    - bResult: 'False'
    - OutDescEst: 'Saldatura FS' 
    - ErrorMessage: ''
0110362:
    - bResult: 'False'
    - OutDescEst: 'Saldatura FS' 
    - ErrorMessage: ''
0110363:
    - bResult: 'False'
    - OutDescEst: 'Saldatura FS' 
    - ErrorMessage: ''
0110364:
    - bResult: 'False'
    - OutDescEst: 'Saldatura FS' 
    - ErrorMessage: ''
0110383:
    - bResult: 'False'
    - OutDescEst: 'Saldatura FS' 
    - ErrorMessage: ''
0118969:
    - bResult: 'False'
    - OutDescEst: 'Saldatura FS-20' 
    - ErrorMessage: ''
0118970:
    - bResult: 'False'
    - OutDescEst: 'Saldatura FS-20' 
    - ErrorMessage: ''
0123671:
    - bResult: 'False'
    - OutDescEst: 'Saldatura FS-20' 
    - ErrorMessage: ''
0125178:
    - bResult: 'False'
    - OutDescEst: 'Saldatura FS' 
    - ErrorMessage: ''
0125179:
    - bResult: 'False'
    - OutDescEst: 'Saldatura FS' 
    - ErrorMessage: ''
0125181:
    - bResult: 'False'
    - OutDescEst: 'Saldatura FS' 
    - ErrorMessage: ''
0125182:
    - bResult: 'False'
    - OutDescEst: 'Saldatura FS' 
    - ErrorMessage: ''
0125183:
    - bResult: 'False'
    - OutDescEst: 'Saldatura FS' 
    - ErrorMessage: ''
0125184:
    - bResult: 'False'
    - OutDescEst: 'Saldatura FS' 
    - ErrorMessage: ''
0125185:
    - bResult: 'False'
    - OutDescEst: 'Saldatura FS' 
    - ErrorMessage: ''
0125186:
    - bResult: 'False'
    - OutDescEst: 'Saldatura FS' 
    - ErrorMessage: ''
0125187:
    - bResult: 'False'
    - OutDescEst: 'Saldatura FS' 
    - ErrorMessage: ''
0125188:
    - bResult: 'False'
    - OutDescEst: 'Saldatura FS' 
    - ErrorMessage: ''
0126271:
    - bResult: 'False'
    - OutDescEst: 'Saldatura FS-20' 
    - ErrorMessage: ''
0126272:
    - bResult: 'False'
    - OutDescEst: 'Saldatura FS-20' 
    - ErrorMessage: ''
0126725:
    - bResult: 'False'
    - OutDescEst: 'Saldatura FS-20' 
    - ErrorMessage: ''
0126726:
    - bResult: 'False'
    - OutDescEst: 'Saldatura FS-20' 
    - ErrorMessage: ''
0126906:
    - bResult: 'False'
    - OutDescEst: 'Saldatura FS-20' 
    - ErrorMessage: ''
0126907:
    - bResult: 'False'
    - OutDescEst: 'Saldatura FS-20' 
    - ErrorMessage: ''
0126910:
    - bResult: 'False'
    - OutDescEst: 'Saldatura FS-20' 
    - ErrorMessage: ''
0126911:
    - bResult: 'False'
    - OutDescEst: 'Saldatura FS-20' 
    - ErrorMessage: ''
0126912:
    - bResult: 'False'
    - OutDescEst: 'Saldatura FS-20' 
    - ErrorMessage: ''
0126913:
    - bResult: 'False'
    - OutDescEst: 'Saldatura FS-20' 
    - ErrorMessage: ''
0126914:
    - bResult: 'False'
    - OutDescEst: 'Saldatura FS' 
    - ErrorMessage: ''
0126915:
    - bResult: 'False'
    - OutDescEst: 'Saldatura FS' 
    - ErrorMessage: ''
0126929:
    - bResult: 'False'
    - OutDescEst: 'Saldatura FS-20' 
    - ErrorMessage: ''
0126930:
    - bResult: 'False'
    - OutDescEst: 'Saldatura FS-20' 
    - ErrorMessage: ''
0126933:
    - bResult: 'False'
    - OutDescEst: 'Saldatura FS-20' 
    - ErrorMessage: ''
0126934:
    - bResult: 'False'
    - OutDescEst: 'Saldatura FS-20' 
    - ErrorMessage: ''
0126935:
    - bResult: 'False'
    - OutDescEst: 'Saldatura FS-20' 
    - ErrorMessage: ''
0126936:
    - bResult: 'False'
    - OutDescEst: 'Saldatura FS-20' 
    - ErrorMessage: ''
0127119:
    - bResult: 'False'
    - OutDescEst: 'Saldatura FS-20' 
    - ErrorMessage: ''
0127120:
    - bResult: 'False'
    - OutDescEst: 'Saldatura FS-20' 
    - ErrorMessage: ''
0127548:
    - bResult: 'False'
    - OutDescEst: 'Saldatura FS' 
    - ErrorMessage: ''
0127549:
    - bResult: 'False'
    - OutDescEst: 'Saldatura FS' 
    - ErrorMessage: ''
0129007:
    - bResult: 'False'
    - OutDescEst: 'Saldatura FS-20' 
    - ErrorMessage: ''
0131636:
    - bResult: 'False'
    - OutDescEst: 'Saldatura FS' 
    - ErrorMessage: ''
0131637:
    - bResult: 'False'
    - OutDescEst: 'Saldatura FS' 
    - ErrorMessage: ''
0131638:
    - bResult: 'False'
    - OutDescEst: 'Saldatura FS' 
    - ErrorMessage: ''
0131639:
    - bResult: 'False'
    - OutDescEst: 'Saldatura FS' 
    - ErrorMessage: ''
0131640:
    - bResult: 'False'
    - OutDescEst: 'Saldatura FS' 
    - ErrorMessage: ''
0131641:
    - bResult: 'False'
    - OutDescEst: 'Saldatura FS' 
    - ErrorMessage: ''
0131642:
    - bResult: 'False'
    - OutDescEst: 'Saldatura FS' 
    - ErrorMessage: ''
0131643:
    - bResult: 'False'
    - OutDescEst: 'Saldatura FS' 
    - ErrorMessage: ''
0132340:
    - bResult: 'False'
    - OutDescEst: 'Saldatura FS' 
    - ErrorMessage: ''
0132341:
    - bResult: 'False'
    - OutDescEst: 'Saldatura FS' 
    - ErrorMessage: ''
0132342:
    - bResult: 'False'
    - OutDescEst: 'Saldatura FS' 
    - ErrorMessage: ''
0132343:
    - bResult: 'False'
    - OutDescEst: 'Saldatura FS' 
    - ErrorMessage: ''
0132344:
    - bResult: 'False'
    - OutDescEst: 'Saldatura FS' 
    - ErrorMessage: ''
0132345:
    - bResult: 'False'
    - OutDescEst: 'Saldatura FS' 
    - ErrorMessage: ''
0132346:
    - bResult: 'False'
    - OutDescEst: 'Saldatura FS' 
    - ErrorMessage: ''
0132347:
    - bResult: 'False'
    - OutDescEst: 'Saldatura FS' 
    - ErrorMessage: ''
0132829:
    - bResult: 'False'
    - OutDescEst: 'Saldatura FS-20' 
    - ErrorMessage: ''
0132830:
    - bResult: 'False'
    - OutDescEst: 'Saldatura FS-20' 
    - ErrorMessage: ''
0132831:
    - bResult: 'False'
    - OutDescEst: 'Saldatura FS-20' 
    - ErrorMessage: ''
0132832:
    - bResult: 'False'
    - OutDescEst: 'Saldatura FS' 
    - ErrorMessage: ''
0133767:
    - bResult: 'False'
    - OutDescEst: 'Saldatura FS' 
    - ErrorMessage: ''
0133768:
    - bResult: 'False'
    - OutDescEst: 'Saldatura FS' 
    - ErrorMessage: ''
0133769:
    - bResult: 'False'
    - OutDescEst: 'Saldatura FS' 
    - ErrorMessage: ''
0133770:
    - bResult: 'False'
    - OutDescEst: 'Saldatura FS' 
    - ErrorMessage: ''
0133771:
    - bResult: 'False'
    - OutDescEst: 'Saldatura FS' 
    - ErrorMessage: ''
0134648:
    - bResult: 'False'
    - OutDescEst: 'Saldatura FS' 
    - ErrorMessage: ''
0136020:
    - bResult: 'False'
    - OutDescEst: 'Saldatura FS' 
    - ErrorMessage: ''
0136021:
    - bResult: 'False'
    - OutDescEst: 'Saldatura FS' 
    - ErrorMessage: ''
0137843:
    - bResult: 'False'
    - OutDescEst: 'Saldatura FS' 
    - ErrorMessage: ''
0137844:
    - bResult: 'False'
    - OutDescEst: 'Saldatura FS' 
    - ErrorMessage: ''
0137846:
    - bResult: 'False'
    - OutDescEst: 'Saldatura FS' 
    - ErrorMessage: ''
0137847:
    - bResult: 'False'
    - OutDescEst: 'Saldatura FS' 
    - ErrorMessage: ''
0137848:
    - bResult: 'False'
    - OutDescEst: 'Saldatura FS' 
    - ErrorMessage: ''
0137849:
    - bResult: 'False'
    - OutDescEst: 'Saldatura FS' 
    - ErrorMessage: ''
0137851:
    - bResult: 'False'
    - OutDescEst: 'Saldatura FS' 
    - ErrorMessage: ''
0137852:
    - bResult: 'False'
    - OutDescEst: 'Saldatura FS' 
    - ErrorMessage: ''
0137866:
    - bResult: 'False'
    - OutDescEst: 'Saldatura FS' 
    - ErrorMessage: ''
0137867:
    - bResult: 'False'
    - OutDescEst: 'Saldatura FS' 
    - ErrorMessage: ''
0137869:
    - bResult: 'False'
    - OutDescEst: 'Saldatura FS' 
    - ErrorMessage: ''
0137870:
    - bResult: 'False'
    - OutDescEst: 'Saldatura FS' 
    - ErrorMessage: ''
0138688:
    - bResult: 'False'
    - OutDescEst: 'Saldatura FS' 
    - ErrorMessage: ''
0138689:
    - bResult: 'False'
    - OutDescEst: 'Saldatura FS' 
    - ErrorMessage: ''
0138690:
    - bResult: 'False'
    - OutDescEst: 'Saldatura FS' 
    - ErrorMessage: ''
0138691:
    - bResult: 'False'
    - OutDescEst: 'Saldatura FS' 
    - ErrorMessage: ''
0138692:
    - bResult: 'False'
    - OutDescEst: 'Saldatura FS' 
    - ErrorMessage: ''
0138693:
    - bResult: 'False'
    - OutDescEst: 'Saldatura FS' 
    - ErrorMessage: ''
0138694:
    - bResult: 'False'
    - OutDescEst: 'Saldatura FS' 
    - ErrorMessage: ''
0138695:
    - bResult: 'False'
    - OutDescEst: 'Saldatura FS' 
    - ErrorMessage: ''
0138696:
    - bResult: 'False'
    - OutDescEst: 'Saldatura FS' 
    - ErrorMessage: ''
0138697:
    - bResult: 'False'
    - OutDescEst: 'Saldatura FS' 
    - ErrorMessage: ''
0138832:
    - bResult: 'False'
    - OutDescEst: 'Saldatura FS' 
    - ErrorMessage: ''
0138833:
    - bResult: 'False'
    - OutDescEst: 'Saldatura FS' 
    - ErrorMessage: ''
0138834:
    - bResult: 'False'
    - OutDescEst: 'Saldatura FS' 
    - ErrorMessage: ''
0138835:
    - bResult: 'False'
    - OutDescEst: 'Saldatura FS' 
    - ErrorMessage: ''
0138836:
    - bResult: 'False'
    - OutDescEst: 'Saldatura FS' 
    - ErrorMessage: ''
0138837:
    - bResult: 'False'
    - OutDescEst: 'Saldatura FS' 
    - ErrorMessage: ''
0138838:
    - bResult: 'False'
    - OutDescEst: 'Saldatura FS' 
    - ErrorMessage: ''
0138839:
    - bResult: 'False'
    - OutDescEst: 'Saldatura FS' 
    - ErrorMessage: ''
0138859:
    - bResult: 'False'
    - OutDescEst: 'Saldatura FS' 
    - ErrorMessage: ''
0138860:
    - bResult: 'False'
    - OutDescEst: 'Saldatura FS' 
    - ErrorMessage: ''
0138861:
    - bResult: 'False'
    - OutDescEst: 'Saldatura FS' 
    - ErrorMessage: ''
0138862:
    - bResult: 'False'
    - OutDescEst: 'Saldatura FS' 
    - ErrorMessage: ''
0138863:
    - bResult: 'False'
    - OutDescEst: 'Saldatura FS' 
    - ErrorMessage: ''
0138864:
    - bResult: 'False'
    - OutDescEst: 'Saldatura FS' 
    - ErrorMessage: ''
0138865:
    - bResult: 'False'
    - OutDescEst: 'Saldatura FS' 
    - ErrorMessage: ''
0138866:
    - bResult: 'False'
    - OutDescEst: 'Saldatura FS' 
    - ErrorMessage: ''
0139555:
    - bResult: 'False'
    - OutDescEst: 'Saldatura FS-20' 
    - ErrorMessage: ''
0139556:
    - bResult: 'False'
    - OutDescEst: 'Saldatura FS-20' 
    - ErrorMessage: ''
0139562:
    - bResult: 'False'
    - OutDescEst: 'Saldatura FS-20' 
    - ErrorMessage: ''
0139563:
    - bResult: 'False'
    - OutDescEst: 'Saldatura FS-20' 
    - ErrorMessage: ''
0139564:
    - bResult: 'False'
    - OutDescEst: 'Saldatura FS' 
    - ErrorMessage: ''
0139713:
    - bResult: 'False'
    - OutDescEst: 'Saldatura FS-20' 
    - ErrorMessage: ''
0139714:
    - bResult: 'False'
    - OutDescEst: 'Saldatura FS-20' 
    - ErrorMessage: ''
0139715:
    - bResult: 'False'
    - OutDescEst: 'Saldatura FS-20' 
    - ErrorMessage: ''
0139716:
    - bResult: 'False'
    - OutDescEst: 'Saldatura FS-20' 
    - ErrorMessage: ''
0140396:
    - bResult: 'False'
    - OutDescEst: 'Saldatura FS' 
    - ErrorMessage: ''
0140397:
    - bResult: 'False'
    - OutDescEst: 'Saldatura FS' 
    - ErrorMessage: ''
0140921:
    - bResult: 'False'
    - OutDescEst: 'Saldatura FS' 
    - ErrorMessage: ''
0140922:
    - bResult: 'False'
    - OutDescEst: 'Saldatura FS' 
    - ErrorMessage: ''
0140923:
    - bResult: 'False'
    - OutDescEst: 'Saldatura FS' 
    - ErrorMessage: ''
0140924:
    - bResult: 'False'
    - OutDescEst: 'Saldatura FS' 
    - ErrorMessage: ''
0141011:
    - bResult: 'False'
    - OutDescEst: 'Saldatura FS' 
    - ErrorMessage: ''
0141012:
    - bResult: 'False'
    - OutDescEst: 'Saldatura FS' 
    - ErrorMessage: ''
0141014:
    - bResult: 'False'
    - OutDescEst: 'Saldatura FS' 
    - ErrorMessage: ''
0141015:
    - bResult: 'False'
    - OutDescEst: 'Saldatura FS' 
    - ErrorMessage: ''
0141016:
    - bResult: 'False'
    - OutDescEst: 'Saldatura FS' 
    - ErrorMessage: ''
0141017:
    - bResult: 'False'
    - OutDescEst: 'Saldatura FS' 
    - ErrorMessage: ''
0141018:
    - bResult: 'False'
    - OutDescEst: 'Saldatura FS' 
    - ErrorMessage: ''
0141019:
    - bResult: 'False'
    - OutDescEst: 'Saldatura FS' 
    - ErrorMessage: ''
0141041:
    - bResult: 'False'
    - OutDescEst: 'Saldatura FS' 
    - ErrorMessage: ''
0141042:
    - bResult: 'False'
    - OutDescEst: 'Saldatura FS' 
    - ErrorMessage: ''
0141268:
    - bResult: 'False'
    - OutDescEst: 'Saldatura FS-20' 
    - ErrorMessage: ''
0141269:
    - bResult: 'False'
    - OutDescEst: 'Saldatura FS-20' 
    - ErrorMessage: ''
0141272:
    - bResult: 'False'
    - OutDescEst: 'Saldatura FS-20' 
    - ErrorMessage: ''
0141273:
    - bResult: 'False'
    - OutDescEst: 'Saldatura FS-20' 
    - ErrorMessage: ''
0141274:
    - bResult: 'False'
    - OutDescEst: 'Saldatura FS-20' 
    - ErrorMessage: ''
0141275:
    - bResult: 'False'
    - OutDescEst: 'Saldatura FS-20' 
    - ErrorMessage: ''
0141276:
    - bResult: 'False'
    - OutDescEst: 'Saldatura FS' 
    - ErrorMessage: ''
0141277:
    - bResult: 'False'
    - OutDescEst: 'Saldatura FS' 
    - ErrorMessage: ''
0141315:
    - bResult: 'False'
    - OutDescEst: 'Saldatura FS' 
    - ErrorMessage: ''
0141316:
    - bResult: 'False'
    - OutDescEst: 'Saldatura FS' 
    - ErrorMessage: ''
0141317:
    - bResult: 'False'
    - OutDescEst: 'Saldatura FS' 
    - ErrorMessage: ''
0141318:
    - bResult: 'False'
    - OutDescEst: 'Saldatura FS' 
    - ErrorMessage: ''
0141319:
    - bResult: 'False'
    - OutDescEst: 'Saldatura FS' 
    - ErrorMessage: ''
0141320:
    - bResult: 'False'
    - OutDescEst: 'Saldatura FS' 
    - ErrorMessage: ''
0141321:
    - bResult: 'False'
    - OutDescEst: 'Saldatura FS' 
    - ErrorMessage: ''
0141322:
    - bResult: 'False'
    - OutDescEst: 'Saldatura FS' 
    - ErrorMessage: ''
0141371:
    - bResult: 'False'
    - OutDescEst: 'Saldatura FS' 
    - ErrorMessage: ''
0141372:
    - bResult: 'False'
    - OutDescEst: 'Saldatura FS' 
    - ErrorMessage: ''
0141374:
    - bResult: 'False'
    - OutDescEst: 'Saldatura FS' 
    - ErrorMessage: ''
0141375:
    - bResult: 'False'
    - OutDescEst: 'Saldatura FS' 
    - ErrorMessage: ''
0141376:
    - bResult: 'False'
    - OutDescEst: 'Saldatura FS' 
    - ErrorMessage: ''
0141377:
    - bResult: 'False'
    - OutDescEst: 'Saldatura FS' 
    - ErrorMessage: ''
0141378:
    - bResult: 'False'
    - OutDescEst: 'Saldatura FS' 
    - ErrorMessage: ''
0141379:
    - bResult: 'False'
    - OutDescEst: 'Saldatura FS' 
    - ErrorMessage: ''
0141380:
    - bResult: 'False'
    - OutDescEst: 'Saldatura FS' 
    - ErrorMessage: ''
0141381:
    - bResult: 'False'
    - OutDescEst: 'Saldatura FS' 
    - ErrorMessage: ''
0141405:
    - bResult: 'False'
    - OutDescEst: 'Saldatura FS' 
    - ErrorMessage: ''
0141406:
    - bResult: 'False'
    - OutDescEst: 'Saldatura FS' 
    - ErrorMessage: ''
0141407:
    - bResult: 'False'
    - OutDescEst: 'Saldatura FS' 
    - ErrorMessage: ''
0141408:
    - bResult: 'False'
    - OutDescEst: 'Saldatura FS' 
    - ErrorMessage: ''
0142110:
    - bResult: 'False'
    - OutDescEst: 'Saldatura FS-20' 
    - ErrorMessage: ''
0142111:
    - bResult: 'False'
    - OutDescEst: 'Saldatura FS-20' 
    - ErrorMessage: ''
0142112:
    - bResult: 'False'
    - OutDescEst: 'Saldatura FS-20' 
    - ErrorMessage: ''
0142113:
    - bResult: 'False'
    - OutDescEst: 'Saldatura FS-20' 
    - ErrorMessage: ''
0142114:
    - bResult: 'False'
    - OutDescEst: 'Saldatura FS-20' 
    - ErrorMessage: ''
0142115:
    - bResult: 'False'
    - OutDescEst: 'Saldatura FS-20' 
    - ErrorMessage: ''
0142116:
    - bResult: 'False'
    - OutDescEst: 'Saldatura FS-20' 
    - ErrorMessage: ''
0142117:
    - bResult: 'False'
    - OutDescEst: 'Saldatura FS-20' 
    - ErrorMessage: ''
0142142:
    - bResult: 'False'
    - OutDescEst: 'Saldatura FS' 
    - ErrorMessage: ''
0142853:
    - bResult: 'False'
    - OutDescEst: 'Saldatura FS' 
    - ErrorMessage: ''
0142854:
    - bResult: 'False'
    - OutDescEst: 'Saldatura FS' 
    - ErrorMessage: ''
0143155:
    - bResult: 'False'
    - OutDescEst: 'Saldatura FS' 
    - ErrorMessage: ''
0143156:
    - bResult: 'False'
    - OutDescEst: 'Saldatura FS' 
    - ErrorMessage: ''
0143157:
    - bResult: 'False'
    - OutDescEst: 'Saldatura FS' 
    - ErrorMessage: ''
0143158:
    - bResult: 'False'
    - OutDescEst: 'Saldatura FS' 
    - ErrorMessage: ''
0143720:
    - bResult: 'False'
    - OutDescEst: 'Saldatura FS' 
    - ErrorMessage: ''
0145472:
    - bResult: 'False'
    - OutDescEst: 'Saldatura FS' 
    - ErrorMessage: ''
0145473:
    - bResult: 'False'
    - OutDescEst: 'Saldatura FS' 
    - ErrorMessage: ''
0145475:
    - bResult: 'False'
    - OutDescEst: 'Saldatura FS' 
    - ErrorMessage: ''
0145476:
    - bResult: 'False'
    - OutDescEst: 'Saldatura FS' 
    - ErrorMessage: ''
0145478:
    - bResult: 'False'
    - OutDescEst: 'Saldatura FS' 
    - ErrorMessage: ''
0145479:
    - bResult: 'False'
    - OutDescEst: 'Saldatura FS' 
    - ErrorMessage: ''
0145481:
    - bResult: 'False'
    - OutDescEst: 'Saldatura FS' 
    - ErrorMessage: ''
0145482:
    - bResult: 'False'
    - OutDescEst: 'Saldatura FS' 
    - ErrorMessage: ''
0145484:
    - bResult: 'False'
    - OutDescEst: 'Saldatura FS' 
    - ErrorMessage: ''
0146673:
    - bResult: 'False'
    - OutDescEst: 'Saldatura FS-20' 
    - ErrorMessage: ''
0146674:
    - bResult: 'False'
    - OutDescEst: 'Saldatura FS-20' 
    - ErrorMessage: ''
0149794:
    - bResult: 'False'
    - OutDescEst: 'Saldatura FS' 
    - ErrorMessage: ''
0149795:
    - bResult: 'False'
    - OutDescEst: 'Saldatura FS' 
    - ErrorMessage: ''
0149796:
    - bResult: 'False'
    - OutDescEst: 'Saldatura FS' 
    - ErrorMessage: ''
0149797:
    - bResult: 'False'
    - OutDescEst: 'Saldatura FS' 
    - ErrorMessage: ''
0151620:
    - bResult: 'False'
    - OutDescEst: 'Saldatura FS-20' 
    - ErrorMessage: ''
0151621:
    - bResult: 'False'
    - OutDescEst: 'Saldatura FS-20' 
    - ErrorMessage: ''
0151624:
    - bResult: 'False'
    - OutDescEst: 'Saldatura FS-20' 
    - ErrorMessage: ''
0151625:
    - bResult: 'False'
    - OutDescEst: 'Saldatura FS-20' 
    - ErrorMessage: ''
0151626:
    - bResult: 'False'
    - OutDescEst: 'Saldatura FS-20' 
    - ErrorMessage: ''
0151627:
    - bResult: 'False'
    - OutDescEst: 'Saldatura FS-20' 
    - ErrorMessage: ''
0151929:
    - bResult: 'False'
    - OutDescEst: 'Saldatura FS-20' 
    - ErrorMessage: ''
0151930:
    - bResult: 'False'
    - OutDescEst: 'Saldatura FS-20' 
    - ErrorMessage: ''
0151932:
    - bResult: 'False'
    - OutDescEst: 'Saldatura FS-20' 
    - ErrorMessage: ''
0151933:
    - bResult: 'False'
    - OutDescEst: 'Saldatura FS-20' 
    - ErrorMessage: ''
0151935:
    - bResult: 'False'
    - OutDescEst: 'Saldatura FS-20' 
    - ErrorMessage: ''
0151936:
    - bResult: 'False'
    - OutDescEst: 'Saldatura FS-20' 
    - ErrorMessage: ''
0151939:
    - bResult: 'False'
    - OutDescEst: 'Saldatura FS' 
    - ErrorMessage: ''
0151940:
    - bResult: 'False'
    - OutDescEst: 'Saldatura FS' 
    - ErrorMessage: ''
0151941:
    - bResult: 'False'
    - OutDescEst: 'Saldatura FS' 
    - ErrorMessage: ''
0151942:
    - bResult: 'False'
    - OutDescEst: 'Saldatura FS' 
    - ErrorMessage: ''
0152152:
    - bResult: 'False'
    - OutDescEst: 'Saldatura FS-20' 
    - ErrorMessage: ''
0152153:
    - bResult: 'False'
    - OutDescEst: 'Saldatura FS-20' 
    - ErrorMessage: ''
0152154:
    - bResult: 'False'
    - OutDescEst: 'Saldatura FS-20' 
    - ErrorMessage: ''
0152155:
    - bResult: 'False'
    - OutDescEst: 'Saldatura FS-20' 
    - ErrorMessage: ''
0152156:
    - bResult: 'False'
    - OutDescEst: 'Saldatura FS-20' 
    - ErrorMessage: ''
0152157:
    - bResult: 'False'
    - OutDescEst: 'Saldatura FS-20' 
    - ErrorMessage: ''
0152158:
    - bResult: 'False'
    - OutDescEst: 'Saldatura FS-20' 
    - ErrorMessage: ''
0152159:
    - bResult: 'False'
    - OutDescEst: 'Saldatura FS-20' 
    - ErrorMessage: ''
0152176:
    - bResult: 'False'
    - OutDescEst: 'Saldatura FS-20' 
    - ErrorMessage: ''
0152177:
    - bResult: 'False'
    - OutDescEst: 'Saldatura FS-20' 
    - ErrorMessage: ''
0152178:
    - bResult: 'False'
    - OutDescEst: 'Saldatura FS-20' 
    - ErrorMessage: ''
0152179:
    - bResult: 'False'
    - OutDescEst: 'Saldatura FS-20' 
    - ErrorMessage: ''
0152180:
    - bResult: 'False'
    - OutDescEst: 'Saldatura FS-20' 
    - ErrorMessage: ''
0152181:
    - bResult: 'False'
    - OutDescEst: 'Saldatura FS-20' 
    - ErrorMessage: ''
0152182:
    - bResult: 'False'
    - OutDescEst: 'Saldatura FS-20' 
    - ErrorMessage: ''
0152183:
    - bResult: 'False'
    - OutDescEst: 'Saldatura FS-20' 
    - ErrorMessage: ''
0155043:
    - bResult: 'False'
    - OutDescEst: 'Saldatura FS' 
    - ErrorMessage: ''
0155044:
    - bResult: 'False'
    - OutDescEst: 'Saldatura FS' 
    - ErrorMessage: ''
0155045:
    - bResult: 'False'
    - OutDescEst: 'Saldatura FS' 
    - ErrorMessage: ''
0155046:
    - bResult: 'False'
    - OutDescEst: 'Saldatura FS' 
    - ErrorMessage: ''
0155047:
    - bResult: 'False'
    - OutDescEst: 'Saldatura FS' 
    - ErrorMessage: ''
0155048:
    - bResult: 'False'
    - OutDescEst: 'Saldatura FS' 
    - ErrorMessage: ''
0155049:
    - bResult: 'False'
    - OutDescEst: 'Saldatura FS' 
    - ErrorMessage: ''
0155050:
    - bResult: 'False'
    - OutDescEst: 'Saldatura FS' 
    - ErrorMessage: ''
0155534:
    - bResult: 'False'
    - OutDescEst: 'Saldatura FS' 
    - ErrorMessage: ''
0155535:
    - bResult: 'False'
    - OutDescEst: 'Saldatura FS' 
    - ErrorMessage: ''
0155536:
    - bResult: 'False'
    - OutDescEst: 'Saldatura FS' 
    - ErrorMessage: ''
0155537:
    - bResult: 'False'
    - OutDescEst: 'Saldatura FS' 
    - ErrorMessage: ''
0155538:
    - bResult: 'False'
    - OutDescEst: 'Saldatura FS' 
    - ErrorMessage: ''
0155558:
    - bResult: 'False'
    - OutDescEst: 'Saldatura FS' 
    - ErrorMessage: ''
0155559:
    - bResult: 'False'
    - OutDescEst: 'Saldatura FS' 
    - ErrorMessage: ''
0155560:
    - bResult: 'False'
    - OutDescEst: 'Saldatura FS' 
    - ErrorMessage: ''
0155561:
    - bResult: 'False'
    - OutDescEst: 'Saldatura FS' 
    - ErrorMessage: ''
0155562:
    - bResult: 'False'
    - OutDescEst: 'Saldatura FS' 
    - ErrorMessage: ''
0155563:
    - bResult: 'False'
    - OutDescEst: 'Saldatura FS' 
    - ErrorMessage: ''
0155564:
    - bResult: 'False'
    - OutDescEst: 'Saldatura FS' 
    - ErrorMessage: ''
0155565:
    - bResult: 'False'
    - OutDescEst: 'Saldatura FS' 
    - ErrorMessage: ''
0155566:
    - bResult: 'False'
    - OutDescEst: 'Saldatura FS' 
    - ErrorMessage: ''
0155567:
    - bResult: 'False'
    - OutDescEst: 'Saldatura FS' 
    - ErrorMessage: ''
0155645:
    - bResult: 'False'
    - OutDescEst: 'Saldatura FS-20' 
    - ErrorMessage: ''
0155647:
    - bResult: 'False'
    - OutDescEst: 'Saldatura FS-20' 
    - ErrorMessage: ''
0155648:
    - bResult: 'False'
    - OutDescEst: 'Saldatura FS-20' 
    - ErrorMessage: ''
0155649:
    - bResult: 'False'
    - OutDescEst: 'Saldatura FS-20' 
    - ErrorMessage: ''
0156588:
    - bResult: 'False'
    - OutDescEst: 'Saldatura FS-20' 
    - ErrorMessage: ''
0156589:
    - bResult: 'False'
    - OutDescEst: 'Saldatura FS-20' 
    - ErrorMessage: ''
0156592:
    - bResult: 'False'
    - OutDescEst: 'Saldatura FS-20' 
    - ErrorMessage: ''
0156593:
    - bResult: 'False'
    - OutDescEst: 'Saldatura FS-20' 
    - ErrorMessage: ''
0156594:
    - bResult: 'False'
    - OutDescEst: 'Saldatura FS-20' 
    - ErrorMessage: ''
0156595:
    - bResult: 'False'
    - OutDescEst: 'Saldatura FS-20' 
    - ErrorMessage: ''
0156596:
    - bResult: 'False'
    - OutDescEst: 'Saldatura FS' 
    - ErrorMessage: ''
0156597:
    - bResult: 'False'
    - OutDescEst: 'Saldatura FS' 
    - ErrorMessage: ''
0158198:
    - bResult: 'False'
    - OutDescEst: 'Saldatura FS-20' 
    - ErrorMessage: ''
0158199:
    - bResult: 'False'
    - OutDescEst: 'Saldatura FS-20' 
    - ErrorMessage: ''
0158818:
    - bResult: 'False'
    - OutDescEst: 'Saldatura FS-20' 
    - ErrorMessage: ''
0158819:
    - bResult: 'False'
    - OutDescEst: 'Saldatura FS-20' 
    - ErrorMessage: ''
0158820:
    - bResult: 'False'
    - OutDescEst: 'Saldatura FS' 
    - ErrorMessage: ''
0158821:
    - bResult: 'False'
    - OutDescEst: 'Saldatura FS' 
    - ErrorMessage: ''
0158822:
    - bResult: 'False'
    - OutDescEst: 'Saldatura FS' 
    - ErrorMessage: ''
0158823:
    - bResult: 'False'
    - OutDescEst: 'Saldatura FS' 
    - ErrorMessage: ''
0159355:
    - bResult: 'False'
    - OutDescEst: 'Saldatura FS-20' 
    - ErrorMessage: ''
0159356:
    - bResult: 'False'
    - OutDescEst: 'Saldatura FS-20' 
    - ErrorMessage: ''
0159357:
    - bResult: 'False'
    - OutDescEst: 'Saldatura FS-20' 
    - ErrorMessage: ''
0159358:
    - bResult: 'False'
    - OutDescEst: 'Saldatura FS' 
    - ErrorMessage: ''
0161872:
    - bResult: 'False'
    - OutDescEst: 'Saldatura FS-20' 
    - ErrorMessage: ''
0161873:
    - bResult: 'False'
    - OutDescEst: 'Saldatura FS-20' 
    - ErrorMessage: ''
0164365:
    - bResult: 'False'
    - OutDescEst: 'Saldatura FS-20' 
    - ErrorMessage: ''
0164366:
    - bResult: 'False'
    - OutDescEst: 'Saldatura FS-20' 
    - ErrorMessage: ''
0164368:
    - bResult: 'False'
    - OutDescEst: 'Saldatura FS-20' 
    - ErrorMessage: ''
0164369:
    - bResult: 'False'
    - OutDescEst: 'Saldatura FS-20' 
    - ErrorMessage: ''
0164662:
    - bResult: 'False'
    - OutDescEst: 'Saldatura FS' 
    - ErrorMessage: ''
0164663:
    - bResult: 'False'
    - OutDescEst: 'Saldatura FS' 
    - ErrorMessage: ''
0164664:
    - bResult: 'False'
    - OutDescEst: 'Saldatura FS' 
    - ErrorMessage: ''
0164665:
    - bResult: 'False'
    - OutDescEst: 'Saldatura FS' 
    - ErrorMessage: ''
0164666:
    - bResult: 'False'
    - OutDescEst: 'Saldatura FS' 
    - ErrorMessage: ''
0165684:
    - bResult: 'False'
    - OutDescEst: 'Saldatura FS-20' 
    - ErrorMessage: ''
0165685:
    - bResult: 'False'
    - OutDescEst: 'Saldatura FS-20' 
    - ErrorMessage: ''
0165686:
    - bResult: 'False'
    - OutDescEst: 'Saldatura FS' 
    - ErrorMessage: ''
0165687:
    - bResult: 'False'
    - OutDescEst: 'Saldatura FS' 
    - ErrorMessage: ''
0165801:
    - bResult: 'False'
    - OutDescEst: 'Saldatura FS-20' 
    - ErrorMessage: ''
0165809:
    - bResult: 'False'
    - OutDescEst: 'Saldatura FS-20' 
    - ErrorMessage: ''
0173157:
    - bResult: 'False'
    - OutDescEst: 'Saldatura FS-20' 
    - ErrorMessage: ''
0173158:
    - bResult: 'False'
    - OutDescEst: 'Saldatura FS-20' 
    - ErrorMessage: ''
0173159:
    - bResult: 'False'
    - OutDescEst: 'Saldatura FS-20' 
    - ErrorMessage: ''
0174420:
    - bResult: 'False'
    - OutDescEst: 'Saldatura FS' 
    - ErrorMessage: ''
0174421:
    - bResult: 'False'
    - OutDescEst: 'Saldatura FS' 
    - ErrorMessage: ''
0174422:
    - bResult: 'False'
    - OutDescEst: 'Saldatura FS' 
    - ErrorMessage: ''
0174423:
    - bResult: 'False'
    - OutDescEst: 'Saldatura FS' 
    - ErrorMessage: ''
0174424:
    - bResult: 'False'
    - OutDescEst: 'Saldatura FS' 
    - ErrorMessage: ''
0174425:
    - bResult: 'False'
    - OutDescEst: 'Saldatura FS' 
    - ErrorMessage: ''
0174426:
    - bResult: 'False'
    - OutDescEst: 'Saldatura FS' 
    - ErrorMessage: ''
0174427:
    - bResult: 'False'
    - OutDescEst: 'Saldatura FS' 
    - ErrorMessage: ''
0174428:
    - bResult: 'False'
    - OutDescEst: 'Saldatura FS' 
    - ErrorMessage: ''
0174429:
    - bResult: 'False'
    - OutDescEst: 'Saldatura FS' 
    - ErrorMessage: ''
0174430:
    - bResult: 'False'
    - OutDescEst: 'Saldatura FS' 
    - ErrorMessage: ''
0174431:
    - bResult: 'False'
    - OutDescEst: 'Saldatura FS' 
    - ErrorMessage: ''
0174432:
    - bResult: 'False'
    - OutDescEst: 'Saldatura FS' 
    - ErrorMessage: ''
0174433:
    - bResult: 'False'
    - OutDescEst: 'Saldatura FS' 
    - ErrorMessage: ''
0174434:
    - bResult: 'False'
    - OutDescEst: 'Saldatura FS' 
    - ErrorMessage: ''
0174435:
    - bResult: 'False'
    - OutDescEst: 'Saldatura FS' 
    - ErrorMessage: ''
0174436:
    - bResult: 'False'
    - OutDescEst: 'Saldatura FS' 
    - ErrorMessage: ''
0174437:
    - bResult: 'False'
    - OutDescEst: 'Saldatura FS' 
    - ErrorMessage: ''
0174438:
    - bResult: 'False'
    - OutDescEst: 'Saldatura FS' 
    - ErrorMessage: ''
0174439:
    - bResult: 'False'
    - OutDescEst: 'Saldatura FS' 
    - ErrorMessage: ''
0179176:
    - bResult: 'False'
    - OutDescEst: 'Saldatura FS' 
    - ErrorMessage: ''
0179177:
    - bResult: 'False'
    - OutDescEst: 'Saldatura FS' 
    - ErrorMessage: ''
0179178:
    - bResult: 'False'
    - OutDescEst: 'Saldatura FS' 
    - ErrorMessage: ''
0179179:
    - bResult: 'False'
    - OutDescEst: 'Saldatura FS' 
    - ErrorMessage: ''
0179180:
    - bResult: 'False'
    - OutDescEst: 'Saldatura FS' 
    - ErrorMessage: ''
0179181:
    - bResult: 'False'
    - OutDescEst: 'Saldatura FS' 
    - ErrorMessage: ''
0179182:
    - bResult: 'False'
    - OutDescEst: 'Saldatura FS' 
    - ErrorMessage: ''
0179183:
    - bResult: 'False'
    - OutDescEst: 'Saldatura FS' 
    - ErrorMessage: ''
0182867:
    - bResult: 'False'
    - OutDescEst: 'Saldatura FS' 
    - ErrorMessage: ''
0182868:
    - bResult: 'False'
    - OutDescEst: 'Saldatura FS' 
    - ErrorMessage: ''
0186966:
    - bResult: 'False'
    - OutDescEst: 'Saldatura FS-20' 
    - ErrorMessage: ''
0186967:
    - bResult: 'False'
    - OutDescEst: 'Saldatura FS-20' 
    - ErrorMessage: ''
0187160:
    - bResult: 'False'
    - OutDescEst: 'Saldatura FS-20' 
    - ErrorMessage: ''
0187161:
    - bResult: 'False'
    - OutDescEst: 'Saldatura FS-20' 
    - ErrorMessage: ''
0187493:
    - bResult: 'False'
    - OutDescEst: 'Saldatura FS' 
    - ErrorMessage: ''
0187494:
    - bResult: 'False'
    - OutDescEst: 'Saldatura FS' 
    - ErrorMessage: ''
0187495:
    - bResult: 'False'
    - OutDescEst: 'Saldatura FS' 
    - ErrorMessage: ''
0187496:
    - bResult: 'False'
    - OutDescEst: 'Saldatura FS' 
    - ErrorMessage: ''
0187497:
    - bResult: 'False'
    - OutDescEst: 'Saldatura FS' 
    - ErrorMessage: ''
0187498:
    - bResult: 'False'
    - OutDescEst: 'Saldatura FS' 
    - ErrorMessage: ''
0187499:
    - bResult: 'False'
    - OutDescEst: 'Saldatura FS' 
    - ErrorMessage: ''
0187500:
    - bResult: 'False'
    - OutDescEst: 'Saldatura FS' 
    - ErrorMessage: ''
0187501:
    - bResult: 'False'
    - OutDescEst: 'Saldatura FS' 
    - ErrorMessage: ''
0187502:
    - bResult: 'False'
    - OutDescEst: 'Saldatura FS' 
    - ErrorMessage: ''
0190755:
    - bResult: 'False'
    - OutDescEst: 'Saldatura FS-20' 
    - ErrorMessage: ''
0191267:
    - bResult: 'False'
    - OutDescEst: 'Saldatura FS' 
    - ErrorMessage: ''
0191268:
    - bResult: 'False'
    - OutDescEst: 'Saldatura FS' 
    - ErrorMessage: ''
0191269:
    - bResult: 'False'
    - OutDescEst: 'Saldatura FS' 
    - ErrorMessage: ''
0191934:
    - bResult: 'False'
    - OutDescEst: 'Saldatura FS-20' 
    - ErrorMessage: ''
0191935:
    - bResult: 'False'
    - OutDescEst: 'Saldatura FS-20' 
    - ErrorMessage: ''
0192191:
    - bResult: 'False'
    - OutDescEst: 'Saldatura FS' 
    - ErrorMessage: ''
0192192:
    - bResult: 'False'
    - OutDescEst: 'Saldatura FS' 
    - ErrorMessage: ''
0192193:
    - bResult: 'False'
    - OutDescEst: 'Saldatura FS' 
    - ErrorMessage: ''
0192194:
    - bResult: 'False'
    - OutDescEst: 'Saldatura FS' 
    - ErrorMessage: ''
0192195:
    - bResult: 'False'
    - OutDescEst: 'Saldatura FS' 
    - ErrorMessage: ''
0192196:
    - bResult: 'False'
    - OutDescEst: 'Saldatura FS' 
    - ErrorMessage: ''
0192197:
    - bResult: 'False'
    - OutDescEst: 'Saldatura FS' 
    - ErrorMessage: ''
0192199:
    - bResult: 'False'
    - OutDescEst: 'Saldatura FS' 
    - ErrorMessage: ''
0197222:
    - bResult: 'False'
    - OutDescEst: 'Saldatura FS' 
    - ErrorMessage: ''
0197223:
    - bResult: 'False'
    - OutDescEst: 'Saldatura FS' 
    - ErrorMessage: ''
0201647:
    - bResult: 'False'
    - OutDescEst: 'Saldatura FS-20' 
    - ErrorMessage: ''
0201648:
    - bResult: 'False'
    - OutDescEst: 'Saldatura FS-20' 
    - ErrorMessage: ''
0202415:
    - bResult: 'False'
    - OutDescEst: 'Saldatura FS-20' 
    - ErrorMessage: ''
0202418:
    - bResult: 'False'
    - OutDescEst: 'Saldatura FS-20' 
    - ErrorMessage: ''
0202419:
    - bResult: 'False'
    - OutDescEst: 'Saldatura FS' 
    - ErrorMessage: ''
0202492:
    - bResult: 'False'
    - OutDescEst: 'Saldatura FS-20' 
    - ErrorMessage: ''
0202740:
    - bResult: 'False'
    - OutDescEst: 'Saldatura FS' 
    - ErrorMessage: ''
0202741:
    - bResult: 'False'
    - OutDescEst: 'Saldatura FS' 
    - ErrorMessage: ''
0202742:
    - bResult: 'False'
    - OutDescEst: 'Saldatura FS' 
    - ErrorMessage: ''
0202743:
    - bResult: 'False'
    - OutDescEst: 'Saldatura FS' 
    - ErrorMessage: ''
0202744:
    - bResult: 'False'
    - OutDescEst: 'Saldatura FS' 
    - ErrorMessage: ''
0202745:
    - bResult: 'False'
    - OutDescEst: 'Saldatura FS' 
    - ErrorMessage: ''
0202746:
    - bResult: 'False'
    - OutDescEst: 'Saldatura FS' 
    - ErrorMessage: ''
0202747:
    - bResult: 'False'
    - OutDescEst: 'Saldatura FS' 
    - ErrorMessage: ''
0202748:
    - bResult: 'False'
    - OutDescEst: 'Saldatura FS' 
    - ErrorMessage: ''
0202749:
    - bResult: 'False'
    - OutDescEst: 'Saldatura FS' 
    - ErrorMessage: ''
0203678:
    - bResult: 'False'
    - OutDescEst: 'Saldatura FS-20' 
    - ErrorMessage: ''
0203679:
    - bResult: 'False'
    - OutDescEst: 'Saldatura FS-20' 
    - ErrorMessage: ''
0203682:
    - bResult: 'False'
    - OutDescEst: 'Saldatura FS-20' 
    - ErrorMessage: ''
0203683:
    - bResult: 'False'
    - OutDescEst: 'Saldatura FS' 
    - ErrorMessage: ''
0203684:
    - bResult: 'False'
    - OutDescEst: 'Saldatura FS' 
    - ErrorMessage: ''
0208752:
    - bResult: 'False'
    - OutDescEst: 'Saldatura FS' 
    - ErrorMessage: ''
0208753:
    - bResult: 'False'
    - OutDescEst: 'Saldatura FS' 
    - ErrorMessage: ''
0208754:
    - bResult: 'False'
    - OutDescEst: 'Saldatura FS' 
    - ErrorMessage: ''
0208755:
    - bResult: 'False'
    - OutDescEst: 'Saldatura FS' 
    - ErrorMessage: ''
0208756:
    - bResult: 'False'
    - OutDescEst: 'Saldatura FS' 
    - ErrorMessage: ''
0208757:
    - bResult: 'False'
    - OutDescEst: 'Saldatura FS' 
    - ErrorMessage: ''
0208912:
    - bResult: 'False'
    - OutDescEst: 'Saldatura FS' 
    - ErrorMessage: ''
0208913:
    - bResult: 'False'
    - OutDescEst: 'Saldatura FS' 
    - ErrorMessage: ''
0208914:
    - bResult: 'False'
    - OutDescEst: 'Saldatura FS' 
    - ErrorMessage: ''
0208915:
    - bResult: 'False'
    - OutDescEst: 'Saldatura FS' 
    - ErrorMessage: ''
0208916:
    - bResult: 'False'
    - OutDescEst: 'Saldatura FS' 
    - ErrorMessage: ''
0208917:
    - bResult: 'False'
    - OutDescEst: 'Saldatura FS' 
    - ErrorMessage: ''
0208918:
    - bResult: 'False'
    - OutDescEst: 'Saldatura FS' 
    - ErrorMessage: ''
0208919:
    - bResult: 'False'
    - OutDescEst: 'Saldatura FS' 
    - ErrorMessage: ''
0208920:
    - bResult: 'False'
    - OutDescEst: 'Saldatura FS' 
    - ErrorMessage: ''
0208921:
    - bResult: 'False'
    - OutDescEst: 'Saldatura FS' 
    - ErrorMessage: ''
0209025:
    - bResult: 'False'
    - OutDescEst: 'Saldatura FS' 
    - ErrorMessage: ''
0209026:
    - bResult: 'False'
    - OutDescEst: 'Saldatura FS' 
    - ErrorMessage: ''
0209027:
    - bResult: 'False'
    - OutDescEst: 'Saldatura FS' 
    - ErrorMessage: ''
0209028:
    - bResult: 'False'
    - OutDescEst: 'Saldatura FS' 
    - ErrorMessage: ''
0209029:
    - bResult: 'False'
    - OutDescEst: 'Saldatura FS' 
    - ErrorMessage: ''
0209030:
    - bResult: 'False'
    - OutDescEst: 'Saldatura FS' 
    - ErrorMessage: ''
0209031:
    - bResult: 'False'
    - OutDescEst: 'Saldatura FS' 
    - ErrorMessage: ''
0209032:
    - bResult: 'False'
    - OutDescEst: 'Saldatura FS' 
    - ErrorMessage: ''
0209033:
    - bResult: 'False'
    - OutDescEst: 'Saldatura FS' 
    - ErrorMessage: ''
0209034:
    - bResult: 'False'
    - OutDescEst: 'Saldatura FS' 
    - ErrorMessage: ''
0209360:
    - bResult: 'False'
    - OutDescEst: 'Saldatura FS-20' 
    - ErrorMessage: ''
0209361:
    - bResult: 'False'
    - OutDescEst: 'Saldatura FS-20' 
    - ErrorMessage: ''
0210683:
    - bResult: 'False'
    - OutDescEst: 'Saldatura FS' 
    - ErrorMessage: ''
0210684:
    - bResult: 'False'
    - OutDescEst: 'Saldatura FS' 
    - ErrorMessage: ''
0210685:
    - bResult: 'False'
    - OutDescEst: 'Saldatura FS' 
    - ErrorMessage: ''
0210686:
    - bResult: 'False'
    - OutDescEst: 'Saldatura FS' 
    - ErrorMessage: ''
0211038:
    - bResult: 'False'
    - OutDescEst: 'Saldatura FS' 
    - ErrorMessage: ''
0211039:
    - bResult: 'False'
    - OutDescEst: 'Saldatura FS' 
    - ErrorMessage: ''
0211040:
    - bResult: 'False'
    - OutDescEst: 'Saldatura FS' 
    - ErrorMessage: ''
0211041:
    - bResult: 'False'
    - OutDescEst: 'Saldatura FS' 
    - ErrorMessage: ''
0211042:
    - bResult: 'False'
    - OutDescEst: 'Saldatura FS' 
    - ErrorMessage: ''
0211043:
    - bResult: 'False'
    - OutDescEst: 'Saldatura FS' 
    - ErrorMessage: ''
0211044:
    - bResult: 'False'
    - OutDescEst: 'Saldatura FS' 
    - ErrorMessage: ''
0211045:
    - bResult: 'False'
    - OutDescEst: 'Saldatura FS' 
    - ErrorMessage: ''
0211046:
    - bResult: 'False'
    - OutDescEst: 'Saldatura FS' 
    - ErrorMessage: ''
0211047:
    - bResult: 'False'
    - OutDescEst: 'Saldatura FS' 
    - ErrorMessage: ''
0212850:
    - bResult: 'False'
    - OutDescEst: 'Saldatura FS' 
    - ErrorMessage: ''
0212851:
    - bResult: 'False'
    - OutDescEst: 'Saldatura FS' 
    - ErrorMessage: ''
0212852:
    - bResult: 'False'
    - OutDescEst: 'Saldatura FS' 
    - ErrorMessage: ''
0212853:
    - bResult: 'False'
    - OutDescEst: 'Saldatura FS' 
    - ErrorMessage: ''
0212854:
    - bResult: 'False'
    - OutDescEst: 'Saldatura FS' 
    - ErrorMessage: ''
0212855:
    - bResult: 'False'
    - OutDescEst: 'Saldatura FS' 
    - ErrorMessage: ''
0213474:
    - bResult: 'False'
    - OutDescEst: 'Saldatura FS-20' 
    - ErrorMessage: ''
0213476:
    - bResult: 'False'
    - OutDescEst: 'Saldatura FS-20' 
    - ErrorMessage: ''
0213477:
    - bResult: 'False'
    - OutDescEst: 'Saldatura FS-20' 
    - ErrorMessage: ''
0213673:
    - bResult: 'False'
    - OutDescEst: 'Saldatura FS-20' 
    - ErrorMessage: ''
0214567:
    - bResult: 'False'
    - OutDescEst: 'Saldatura FS-20' 
    - ErrorMessage: ''
0215328:
    - bResult: 'False'
    - OutDescEst: 'Saldatura FS-20' 
    - ErrorMessage: ''
0215329:
    - bResult: 'False'
    - OutDescEst: 'Saldatura FS-20' 
    - ErrorMessage: ''
0215330:
    - bResult: 'False'
    - OutDescEst: 'Saldatura FS' 
    - ErrorMessage: ''
0215331:
    - bResult: 'False'
    - OutDescEst: 'Saldatura FS' 
    - ErrorMessage: ''
0215521:
    - bResult: 'False'
    - OutDescEst: 'Saldatura FS-20' 
    - ErrorMessage: ''
0215522:
    - bResult: 'False'
    - OutDescEst: 'Saldatura FS-20' 
    - ErrorMessage: ''
0215546:
    - bResult: 'False'
    - OutDescEst: 'Saldatura FS' 
    - ErrorMessage: ''
0215547:
    - bResult: 'False'
    - OutDescEst: 'Saldatura FS' 
    - ErrorMessage: ''
0215548:
    - bResult: 'False'
    - OutDescEst: 'Saldatura FS' 
    - ErrorMessage: ''
0215549:
    - bResult: 'False'
    - OutDescEst: 'Saldatura FS' 
    - ErrorMessage: ''
0215550:
    - bResult: 'False'
    - OutDescEst: 'Saldatura FS' 
    - ErrorMessage: ''
0215551:
    - bResult: 'False'
    - OutDescEst: 'Saldatura FS' 
    - ErrorMessage: ''
0215552:
    - bResult: 'False'
    - OutDescEst: 'Saldatura FS' 
    - ErrorMessage: ''
0215649:
    - bResult: 'False'
    - OutDescEst: 'Saldatura FS' 
    - ErrorMessage: ''
0215650:
    - bResult: 'False'
    - OutDescEst: 'Saldatura FS' 
    - ErrorMessage: ''
0215974:
    - bResult: 'False'
    - OutDescEst: 'Saldatura FS' 
    - ErrorMessage: ''
0215975:
    - bResult: 'False'
    - OutDescEst: 'Saldatura FS' 
    - ErrorMessage: ''
0216051:
    - bResult: 'False'
    - OutDescEst: 'Saldatura FS' 
    - ErrorMessage: ''
0216052:
    - bResult: 'False'
    - OutDescEst: 'Saldatura FS' 
    - ErrorMessage: ''
0216053:
    - bResult: 'False'
    - OutDescEst: 'Saldatura FS' 
    - ErrorMessage: ''
0216066:
    - bResult: 'False'
    - OutDescEst: 'Saldatura FS-20' 
    - ErrorMessage: ''
0216067:
    - bResult: 'False'
    - OutDescEst: 'Saldatura FS-20' 
    - ErrorMessage: ''
0216068:
    - bResult: 'False'
    - OutDescEst: 'Saldatura FS' 
    - ErrorMessage: ''
0216648:
    - bResult: 'False'
    - OutDescEst: 'Saldatura FS' 
    - ErrorMessage: ''
0216649:
    - bResult: 'False'
    - OutDescEst: 'Saldatura FS' 
    - ErrorMessage: ''
0216650:
    - bResult: 'False'
    - OutDescEst: 'Saldatura FS' 
    - ErrorMessage: ''
0216651:
    - bResult: 'False'
    - OutDescEst: 'Saldatura FS' 
    - ErrorMessage: ''
0216652:
    - bResult: 'False'
    - OutDescEst: 'Saldatura FS' 
    - ErrorMessage: ''
0216653:
    - bResult: 'False'
    - OutDescEst: 'Saldatura FS' 
    - ErrorMessage: ''
0216654:
    - bResult: 'False'
    - OutDescEst: 'Saldatura FS' 
    - ErrorMessage: ''
0216655:
    - bResult: 'False'
    - OutDescEst: 'Saldatura FS' 
    - ErrorMessage: ''
0216816:
    - bResult: 'False'
    - OutDescEst: 'Saldatura FS' 
    - ErrorMessage: ''
0216817:
    - bResult: 'False'
    - OutDescEst: 'Saldatura FS' 
    - ErrorMessage: ''
0217056:
    - bResult: 'False'
    - OutDescEst: 'Saldatura FS' 
    - ErrorMessage: ''
0217057:
    - bResult: 'False'
    - OutDescEst: 'Saldatura FS' 
    - ErrorMessage: ''
0217115:
    - bResult: 'False'
    - OutDescEst: 'Saldatura FS-20' 
    - ErrorMessage: ''
0217116:
    - bResult: 'False'
    - OutDescEst: 'Saldatura FS-20' 
    - ErrorMessage: ''
0217117:
    - bResult: 'False'
    - OutDescEst: 'Saldatura FS-20' 
    - ErrorMessage: ''
0217118:
    - bResult: 'False'
    - OutDescEst: 'Saldatura FS-20' 
    - ErrorMessage: ''
0217119:
    - bResult: 'False'
    - OutDescEst: 'Saldatura FS-20' 
    - ErrorMessage: ''
0217120:
    - bResult: 'False'
    - OutDescEst: 'Saldatura FS-20' 
    - ErrorMessage: ''
0217723:
    - bResult: 'False'
    - OutDescEst: 'Saldatura FS-20' 
    - ErrorMessage: ''
0217724:
    - bResult: 'False'
    - OutDescEst: 'Saldatura FS-20' 
    - ErrorMessage: ''
0218379:
    - bResult: 'False'
    - OutDescEst: 'Saldatura FS' 
    - ErrorMessage: ''
0218380:
    - bResult: 'False'
    - OutDescEst: 'Saldatura FS' 
    - ErrorMessage: ''
0218454:
    - bResult: 'False'
    - OutDescEst: 'Saldatura FS-20' 
    - ErrorMessage: ''
0218455:
    - bResult: 'False'
    - OutDescEst: 'Saldatura FS-20' 
    - ErrorMessage: ''
0218456:
    - bResult: 'False'
    - OutDescEst: 'Saldatura FS-20' 
    - ErrorMessage: ''
0218457:
    - bResult: 'False'
    - OutDescEst: 'Saldatura FS-20' 
    - ErrorMessage: ''
0219147:
    - bResult: 'False'
    - OutDescEst: 'Saldatura FS' 
    - ErrorMessage: ''
0219148:
    - bResult: 'False'
    - OutDescEst: 'Saldatura FS' 
    - ErrorMessage: ''
0219149:
    - bResult: 'False'
    - OutDescEst: 'Saldatura FS' 
    - ErrorMessage: ''
0219150:
    - bResult: 'False'
    - OutDescEst: 'Saldatura FS' 
    - ErrorMessage: ''
0219151:
    - bResult: 'False'
    - OutDescEst: 'Saldatura FS' 
    - ErrorMessage: ''
0219152:
    - bResult: 'False'
    - OutDescEst: 'Saldatura FS' 
    - ErrorMessage: ''
0219153:
    - bResult: 'False'
    - OutDescEst: 'Saldatura FS' 
    - ErrorMessage: ''
0219154:
    - bResult: 'False'
    - OutDescEst: 'Saldatura FS' 
    - ErrorMessage: ''
0219692:
    - bResult: 'False'
    - OutDescEst: 'Saldatura FS' 
    - ErrorMessage: ''
0219757:
    - bResult: 'False'
    - OutDescEst: 'Saldatura FS' 
    - ErrorMessage: ''
0219758:
    - bResult: 'False'
    - OutDescEst: 'Saldatura FS' 
    - ErrorMessage: ''
0219759:
    - bResult: 'False'
    - OutDescEst: 'Saldatura FS' 
    - ErrorMessage: ''
0219760:
    - bResult: 'False'
    - OutDescEst: 'Saldatura FS' 
    - ErrorMessage: ''
0219761:
    - bResult: 'False'
    - OutDescEst: 'Saldatura FS' 
    - ErrorMessage: ''
0219762:
    - bResult: 'False'
    - OutDescEst: 'Saldatura FS' 
    - ErrorMessage: ''
0219763:
    - bResult: 'False'
    - OutDescEst: 'Saldatura FS' 
    - ErrorMessage: ''
0219764:
    - bResult: 'False'
    - OutDescEst: 'Saldatura FS' 
    - ErrorMessage: ''
0219771:
    - bResult: 'False'
    - OutDescEst: 'Saldatura FS-20' 
    - ErrorMessage: ''
0219772:
    - bResult: 'False'
    - OutDescEst: 'Saldatura FS-20' 
    - ErrorMessage: ''
0219773:
    - bResult: 'False'
    - OutDescEst: 'Saldatura FS-20' 
    - ErrorMessage: ''
0219774:
    - bResult: 'False'
    - OutDescEst: 'Saldatura FS-20' 
    - ErrorMessage: ''
0219775:
    - bResult: 'False'
    - OutDescEst: 'Saldatura FS-20' 
    - ErrorMessage: ''
0219776:
    - bResult: 'False'
    - OutDescEst: 'Saldatura FS-20' 
    - ErrorMessage: ''
0219777:
    - bResult: 'False'
    - OutDescEst: 'Saldatura FS-20' 
    - ErrorMessage: ''
0219778:
    - bResult: 'False'
    - OutDescEst: 'Saldatura FS-20' 
    - ErrorMessage: ''
0219795:
    - bResult: 'False'
    - OutDescEst: 'Saldatura FS' 
    - ErrorMessage: ''
0219796:
    - bResult: 'False'
    - OutDescEst: 'Saldatura FS' 
    - ErrorMessage: ''
0219797:
    - bResult: 'False'
    - OutDescEst: 'Saldatura FS' 
    - ErrorMessage: ''
0219798:
    - bResult: 'False'
    - OutDescEst: 'Saldatura FS' 
    - ErrorMessage: ''
0219799:
    - bResult: 'False'
    - OutDescEst: 'Saldatura FS-20' 
    - ErrorMessage: ''
0219800:
    - bResult: 'False'
    - OutDescEst: 'Saldatura FS-20' 
    - ErrorMessage: ''
0219801:
    - bResult: 'False'
    - OutDescEst: 'Saldatura FS-20' 
    - ErrorMessage: ''
0219802:
    - bResult: 'False'
    - OutDescEst: 'Saldatura FS-20' 
    - ErrorMessage: ''
0220444:
    - bResult: 'False'
    - OutDescEst: 'Saldatura FS' 
    - ErrorMessage: ''
0220450:
    - bResult: 'False'
    - OutDescEst: 'Saldatura FS-20' 
    - ErrorMessage: ''
0220451:
    - bResult: 'False'
    - OutDescEst: 'Saldatura FS-20' 
    - ErrorMessage: ''
0220586:
    - bResult: 'False'
    - OutDescEst: 'Saldatura FS' 
    - ErrorMessage: ''
0220587:
    - bResult: 'False'
    - OutDescEst: 'Saldatura FS' 
    - ErrorMessage: ''
0220588:
    - bResult: 'False'
    - OutDescEst: 'Saldatura FS' 
    - ErrorMessage: ''
0220589:
    - bResult: 'False'
    - OutDescEst: 'Saldatura FS' 
    - ErrorMessage: ''
0220590:
    - bResult: 'False'
    - OutDescEst: 'Saldatura FS' 
    - ErrorMessage: ''
0220591:
    - bResult: 'False'
    - OutDescEst: 'Saldatura FS' 
    - ErrorMessage: ''
0220592:
    - bResult: 'False'
    - OutDescEst: 'Saldatura FS' 
    - ErrorMessage: ''
0220593:
    - bResult: 'False'
    - OutDescEst: 'Saldatura FS' 
    - ErrorMessage: ''
0222667:
    - bResult: 'False'
    - OutDescEst: 'Saldatura FS-20' 
    - ErrorMessage: ''
0222668:
    - bResult: 'False'
    - OutDescEst: 'Saldatura FS-20' 
    - ErrorMessage: ''
0222669:
    - bResult: 'False'
    - OutDescEst: 'Saldatura FS-20' 
    - ErrorMessage: ''
0222670:
    - bResult: 'False'
    - OutDescEst: 'Saldatura FS-20' 
    - ErrorMessage: ''
0222671:
    - bResult: 'False'
    - OutDescEst: 'Saldatura FS-20' 
    - ErrorMessage: ''
0222672:
    - bResult: 'False'
    - OutDescEst: 'Saldatura FS' 
    - ErrorMessage: ''
0222673:
    - bResult: 'False'
    - OutDescEst: 'Saldatura FS' 
    - ErrorMessage: ''
0222674:
    - bResult: 'False'
    - OutDescEst: 'Saldatura FS' 
    - ErrorMessage: ''
0222675:
    - bResult: 'False'
    - OutDescEst: 'Saldatura FS' 
    - ErrorMessage: ''
0222676:
    - bResult: 'False'
    - OutDescEst: 'Saldatura FS' 
    - ErrorMessage: ''
0222831:
    - bResult: 'False'
    - OutDescEst: 'Saldatura FS' 
    - ErrorMessage: ''
0223687:
    - bResult: 'False'
    - OutDescEst: 'Saldatura FS-20' 
    - ErrorMessage: ''
0223688:
    - bResult: 'False'
    - OutDescEst: 'Saldatura FS-20' 
    - ErrorMessage: ''
0223689:
    - bResult: 'False'
    - OutDescEst: 'Saldatura FS-20' 
    - ErrorMessage: ''
0223690:
    - bResult: 'False'
    - OutDescEst: 'Saldatura FS-20' 
    - ErrorMessage: ''
0223758:
    - bResult: 'False'
    - OutDescEst: 'Saldatura FS-20' 
    - ErrorMessage: ''
0223759:
    - bResult: 'False'
    - OutDescEst: 'Saldatura FS-20' 
    - ErrorMessage: ''
0223762:
    - bResult: 'False'
    - OutDescEst: 'Saldatura FS-20' 
    - ErrorMessage: ''
0223763:
    - bResult: 'False'
    - OutDescEst: 'Saldatura FS-20' 
    - ErrorMessage: ''
0223764:
    - bResult: 'False'
    - OutDescEst: 'Saldatura FS-20' 
    - ErrorMessage: ''
0223765:
    - bResult: 'False'
    - OutDescEst: 'Saldatura FS' 
    - ErrorMessage: ''
0224901:
    - bResult: 'False'
    - OutDescEst: 'Saldatura FS' 
    - ErrorMessage: ''
0224902:
    - bResult: 'False'
    - OutDescEst: 'Saldatura FS' 
    - ErrorMessage: ''
0224903:
    - bResult: 'False'
    - OutDescEst: 'Saldatura FS' 
    - ErrorMessage: ''
0224904:
    - bResult: 'False'
    - OutDescEst: 'Saldatura FS' 
    - ErrorMessage: ''
0228699:
    - bResult: 'False'
    - OutDescEst: 'Saldatura FS-20' 
    - ErrorMessage: ''
0228700:
    - bResult: 'False'
    - OutDescEst: 'Saldatura FS-20' 
    - ErrorMessage: ''
0230148:
    - bResult: 'False'
    - OutDescEst: 'Saldatura FS' 
    - ErrorMessage: ''
0230149:
    - bResult: 'False'
    - OutDescEst: 'Saldatura FS' 
    - ErrorMessage: ''
0230150:
    - bResult: 'False'
    - OutDescEst: 'Saldatura FS' 
    - ErrorMessage: ''
0230151:
    - bResult: 'False'
    - OutDescEst: 'Saldatura FS' 
    - ErrorMessage: ''
0231283:
    - bResult: 'False'
    - OutDescEst: 'Saldatura FS-20' 
    - ErrorMessage: ''
0231284:
    - bResult: 'False'
    - OutDescEst: 'Saldatura FS-20' 
    - ErrorMessage: ''
0231285:
    - bResult: 'False'
    - OutDescEst: 'Saldatura FS-20' 
    - ErrorMessage: ''
0231286:
    - bResult: 'False'
    - OutDescEst: 'Saldatura FS' 
    - ErrorMessage: ''
0231287:
    - bResult: 'False'
    - OutDescEst: 'Saldatura FS' 
    - ErrorMessage: ''
0231999:
    - bResult: 'False'
    - OutDescEst: 'Saldatura FS' 
    - ErrorMessage: ''
0232000:
    - bResult: 'False'
    - OutDescEst: 'Saldatura FS' 
    - ErrorMessage: ''
0232001:
    - bResult: 'False'
    - OutDescEst: 'Saldatura FS' 
    - ErrorMessage: ''
0232002:
    - bResult: 'False'
    - OutDescEst: 'Saldatura FS' 
    - ErrorMessage: ''
0232336:
    - bResult: 'False'
    - OutDescEst: 'Saldatura FS-20' 
    - ErrorMessage: ''
0232337:
    - bResult: 'False'
    - OutDescEst: 'Saldatura FS-20' 
    - ErrorMessage: ''
0232338:
    - bResult: 'False'
    - OutDescEst: 'Saldatura FS-20' 
    - ErrorMessage: ''
0232339:
    - bResult: 'False'
    - OutDescEst: 'Saldatura FS' 
    - ErrorMessage: ''
0232340:
    - bResult: 'False'
    - OutDescEst: 'Saldatura FS' 
    - ErrorMessage: ''
0234910:
    - bResult: 'False'
    - OutDescEst: 'Saldatura FS-20' 
    - ErrorMessage: ''
0234911:
    - bResult: 'False'
    - OutDescEst: 'Saldatura FS-20' 
    - ErrorMessage: ''
0234912:
    - bResult: 'False'
    - OutDescEst: 'Saldatura FS-20' 
    - ErrorMessage: ''
0234913:
    - bResult: 'False'
    - OutDescEst: 'Saldatura FS-20' 
    - ErrorMessage: ''
0234914:
    - bResult: 'False'
    - OutDescEst: 'Saldatura FS' 
    - ErrorMessage: ''
0234915:
    - bResult: 'False'
    - OutDescEst: 'Saldatura FS' 
    - ErrorMessage: ''
0234916:
    - bResult: 'False'
    - OutDescEst: 'Saldatura FS' 
    - ErrorMessage: ''
0234917:
    - bResult: 'False'
    - OutDescEst: 'Saldatura FS' 
    - ErrorMessage: ''
0239285:
    - bResult: 'False'
    - OutDescEst: 'Saldatura FS-20' 
    - ErrorMessage: ''
0239286:
    - bResult: 'False'
    - OutDescEst: 'Saldatura FS-20' 
    - ErrorMessage: ''
0239287:
    - bResult: 'False'
    - OutDescEst: 'Saldatura FS-20' 
    - ErrorMessage: ''
0239288:
    - bResult: 'False'
    - OutDescEst: 'Saldatura FS-20' 
    - ErrorMessage: ''
0239289:
    - bResult: 'False'
    - OutDescEst: 'Saldatura FS-20' 
    - ErrorMessage: ''
0239290:
    - bResult: 'False'
    - OutDescEst: 'Saldatura FS-20' 
    - ErrorMessage: ''
0239291:
    - bResult: 'False'
    - OutDescEst: 'Saldatura FS-20' 
    - ErrorMessage: ''
0239292:
    - bResult: 'False'
    - OutDescEst: 'Saldatura FS-20' 
    - ErrorMessage: ''
0239293:
    - bResult: 'False'
    - OutDescEst: 'Saldatura FS-20' 
    - ErrorMessage: ''
0239294:
    - bResult: 'False'
    - OutDescEst: 'Saldatura FS-20' 
    - ErrorMessage: ''
0239575:
    - bResult: 'False'
    - OutDescEst: 'Saldatura FS' 
    - ErrorMessage: ''
0239576:
    - bResult: 'False'
    - OutDescEst: 'Saldatura FS' 
    - ErrorMessage: ''
0239577:
    - bResult: 'False'
    - OutDescEst: 'Saldatura FS' 
    - ErrorMessage: ''
0239578:
    - bResult: 'False'
    - OutDescEst: 'Saldatura FS' 
    - ErrorMessage: ''
0239579:
    - bResult: 'False'
    - OutDescEst: 'Saldatura FS' 
    - ErrorMessage: ''
0240201:
    - bResult: 'False'
    - OutDescEst: 'Saldatura FS-20' 
    - ErrorMessage: ''
0240202:
    - bResult: 'False'
    - OutDescEst: 'Saldatura FS-20' 
    - ErrorMessage: ''
0241772:
    - bResult: 'False'
    - OutDescEst: 'Saldatura FS-20' 
    - ErrorMessage: ''
0241773:
    - bResult: 'False'
    - OutDescEst: 'Saldatura FS-20' 
    - ErrorMessage: ''
0244613:
    - bResult: 'False'
    - OutDescEst: 'Saldatura FS-20' 
    - ErrorMessage: ''
0244614:
    - bResult: 'False'
    - OutDescEst: 'Saldatura FS-20' 
    - ErrorMessage: ''
0245818:
    - bResult: 'False'
    - OutDescEst: 'Saldatura FS-20' 
    - ErrorMessage: ''
0245819:
    - bResult: 'False'
    - OutDescEst: 'Saldatura FS-20' 
    - ErrorMessage: ''
0245820:
    - bResult: 'False'
    - OutDescEst: 'Saldatura FS-20' 
    - ErrorMessage: ''
0245824:
    - bResult: 'False'
    - OutDescEst: 'Saldatura FS-20' 
    - ErrorMessage: ''
0251074:
    - bResult: 'False'
    - OutDescEst: 'Saldatura FS' 
    - ErrorMessage: ''
0251075:
    - bResult: 'False'
    - OutDescEst: 'Saldatura FS' 
    - ErrorMessage: ''
0251143:
    - bResult: 'False'
    - OutDescEst: 'Saldatura FS' 
    - ErrorMessage: ''
0251144:
    - bResult: 'False'
    - OutDescEst: 'Saldatura FS' 
    - ErrorMessage: ''
0251145:
    - bResult: 'False'
    - OutDescEst: 'Saldatura FS' 
    - ErrorMessage: ''
0253322:
    - bResult: 'False'
    - OutDescEst: 'Saldatura FS' 
    - ErrorMessage: ''
0253323:
    - bResult: 'False'
    - OutDescEst: 'Saldatura FS' 
    - ErrorMessage: ''
0253759:
    - bResult: 'False'
    - OutDescEst: 'Saldatura FS' 
    - ErrorMessage: ''
0253760:
    - bResult: 'False'
    - OutDescEst: 'Saldatura FS' 
    - ErrorMessage: ''
0253761:
    - bResult: 'False'
    - OutDescEst: 'Saldatura FS' 
    - ErrorMessage: ''
0253762:
    - bResult: 'False'
    - OutDescEst: 'Saldatura FS' 
    - ErrorMessage: ''
0253763:
    - bResult: 'False'
    - OutDescEst: 'Saldatura FS' 
    - ErrorMessage: ''
0253764:
    - bResult: 'False'
    - OutDescEst: 'Saldatura FS' 
    - ErrorMessage: ''
0253765:
    - bResult: 'False'
    - OutDescEst: 'Saldatura FS-20' 
    - ErrorMessage: ''
0253766:
    - bResult: 'False'
    - OutDescEst: 'Saldatura FS-20' 
    - ErrorMessage: ''
0253767:
    - bResult: 'False'
    - OutDescEst: 'Saldatura FS-20' 
    - ErrorMessage: ''
0253768:
    - bResult: 'False'
    - OutDescEst: 'Saldatura FS-20' 
    - ErrorMessage: ''
0253769:
    - bResult: 'False'
    - OutDescEst: 'Saldatura FS-20' 
    - ErrorMessage: ''
0253770:
    - bResult: 'False'
    - OutDescEst: 'Saldatura FS-20' 
    - ErrorMessage: ''
0255010:
    - bResult: 'False'
    - OutDescEst: 'Saldatura FS' 
    - ErrorMessage: ''
0255011:
    - bResult: 'False'
    - OutDescEst: 'Saldatura FS' 
    - ErrorMessage: ''
0255029:
    - bResult: 'False'
    - OutDescEst: 'Saldatura FS-20' 
    - ErrorMessage: ''
0255030:
    - bResult: 'False'
    - OutDescEst: 'Saldatura FS-20' 
    - ErrorMessage: ''
0255031:
    - bResult: 'False'
    - OutDescEst: 'Saldatura FS-20' 
    - ErrorMessage: ''
0255032:
    - bResult: 'False'
    - OutDescEst: 'Saldatura FS-20' 
    - ErrorMessage: ''
0255036:
    - bResult: 'False'
    - OutDescEst: 'Saldatura FS-20' 
    - ErrorMessage: ''
0255037:
    - bResult: 'False'
    - OutDescEst: 'Saldatura FS-20' 
    - ErrorMessage: ''
0255038:
    - bResult: 'False'
    - OutDescEst: 'Saldatura FS-20' 
    - ErrorMessage: ''
0255039:
    - bResult: 'False'
    - OutDescEst: 'Saldatura FS-20' 
    - ErrorMessage: ''
0255040:
    - bResult: 'False'
    - OutDescEst: 'Saldatura FS-20' 
    - ErrorMessage: ''
0255041:
    - bResult: 'False'
    - OutDescEst: 'Saldatura FS' 
    - ErrorMessage: ''
0255042:
    - bResult: 'False'
    - OutDescEst: 'Saldatura FS' 
    - ErrorMessage: ''
0255043:
    - bResult: 'False'
    - OutDescEst: 'Saldatura FS' 
    - ErrorMessage: ''
0255044:
    - bResult: 'False'
    - OutDescEst: 'Saldatura FS' 
    - ErrorMessage: ''
0255045:
    - bResult: 'False'
    - OutDescEst: 'Saldatura FS' 
    - ErrorMessage: ''
0255046:
    - bResult: 'False'
    - OutDescEst: 'Saldatura FS' 
    - ErrorMessage: ''
0258944:
    - bResult: 'False'
    - OutDescEst: 'Saldatura FS-20' 
    - ErrorMessage: ''
0258945:
    - bResult: 'False'
    - OutDescEst: 'Saldatura FS-20' 
    - ErrorMessage: ''
0258946:
    - bResult: 'False'
    - OutDescEst: 'Saldatura FS-20' 
    - ErrorMessage: ''
0258947:
    - bResult: 'False'
    - OutDescEst: 'Saldatura FS' 
    - ErrorMessage: ''
0260673:
    - bResult: 'False'
    - OutDescEst: 'Saldatura FS-20' 
    - ErrorMessage: ''
0260674:
    - bResult: 'False'
    - OutDescEst: 'Saldatura FS-20' 
    - ErrorMessage: ''
0260675:
    - bResult: 'False'
    - OutDescEst: 'Saldatura FS' 
    - ErrorMessage: ''
0260676:
    - bResult: 'False'
    - OutDescEst: 'Saldatura FS' 
    - ErrorMessage: ''
0261050:
    - bResult: 'False'
    - OutDescEst: 'Saldatura FS-20' 
    - ErrorMessage: ''
0261051:
    - bResult: 'False'
    - OutDescEst: 'Saldatura FS-20' 
    - ErrorMessage: ''
0261052:
    - bResult: 'False'
    - OutDescEst: 'Saldatura FS-20' 
    - ErrorMessage: ''
0261053:
    - bResult: 'False'
    - OutDescEst: 'Saldatura FS-20' 
    - ErrorMessage: ''
0261062:
    - bResult: 'False'
    - OutDescEst: 'Saldatura FS-20' 
    - ErrorMessage: ''
0261063:
    - bResult: 'False'
    - OutDescEst: 'Saldatura FS-20' 
    - ErrorMessage: ''
0261065:
    - bResult: 'False'
    - OutDescEst: 'Saldatura FS-20' 
    - ErrorMessage: ''
0261066:
    - bResult: 'False'
    - OutDescEst: 'Saldatura FS-20' 
    - ErrorMessage: ''
0261067:
    - bResult: 'False'
    - OutDescEst: 'Saldatura FS-20' 
    - ErrorMessage: ''
0261068:
    - bResult: 'False'
    - OutDescEst: 'Saldatura FS-20' 
    - ErrorMessage: ''
0261069:
    - bResult: 'False'
    - OutDescEst: 'Saldatura FS-20' 
    - ErrorMessage: ''
0261452:
    - bResult: 'False'
    - OutDescEst: 'Saldatura FS' 
    - ErrorMessage: ''
0261453:
    - bResult: 'False'
    - OutDescEst: 'Saldatura FS' 
    - ErrorMessage: ''
0261454:
    - bResult: 'False'
    - OutDescEst: 'Saldatura FS' 
    - ErrorMessage: ''
0261455:
    - bResult: 'False'
    - OutDescEst: 'Saldatura FS' 
    - ErrorMessage: ''
0261456:
    - bResult: 'False'
    - OutDescEst: 'Saldatura FS' 
    - ErrorMessage: ''
0261457:
    - bResult: 'False'
    - OutDescEst: 'Saldatura FS' 
    - ErrorMessage: ''
0261458:
    - bResult: 'False'
    - OutDescEst: 'Saldatura FS' 
    - ErrorMessage: ''
0261459:
    - bResult: 'False'
    - OutDescEst: 'Saldatura FS' 
    - ErrorMessage: ''
0261465:
    - bResult: 'False'
    - OutDescEst: 'Saldatura FS' 
    - ErrorMessage: ''
0261466:
    - bResult: 'False'
    - OutDescEst: 'Saldatura FS' 
    - ErrorMessage: ''
0266031:
    - bResult: 'False'
    - OutDescEst: 'Saldatura FS' 
    - ErrorMessage: ''
0266032:
    - bResult: 'False'
    - OutDescEst: 'Saldatura FS' 
    - ErrorMessage: ''
0269624:
    - bResult: 'False'
    - OutDescEst: 'Saldatura FS-20' 
    - ErrorMessage: ''
0269625:
    - bResult: 'False'
    - OutDescEst: 'Saldatura FS-20' 
    - ErrorMessage: ''
0269631:
    - bResult: 'False'
    - OutDescEst: 'Saldatura FS-20' 
    - ErrorMessage: ''
0269632:
    - bResult: 'False'
    - OutDescEst: 'Saldatura FS-20' 
    - ErrorMessage: ''
0273057:
    - bResult: 'False'
    - OutDescEst: 'Saldatura FS' 
    - ErrorMessage: ''
0273058:
    - bResult: 'False'
    - OutDescEst: 'Saldatura FS' 
    - ErrorMessage: ''
0273059:
    - bResult: 'False'
    - OutDescEst: 'Saldatura FS-20' 
    - ErrorMessage: ''
0273060:
    - bResult: 'False'
    - OutDescEst: 'Saldatura FS-20' 
    - ErrorMessage: ''
0285323:
    - bResult: 'False'
    - OutDescEst: 'Saldatura FS-20' 
    - ErrorMessage: ''
0285324:
    - bResult: 'False'
    - OutDescEst: 'Saldatura FS-20' 
    - ErrorMessage: ''
0287736:
    - bResult: 'False'
    - OutDescEst: 'Saldatura FS-20' 
    - ErrorMessage: ''
0287737:
    - bResult: 'False'
    - OutDescEst: 'Saldatura FS-20' 
    - ErrorMessage: ''
0287738:
    - bResult: 'False'
    - OutDescEst: 'Saldatura FS-20' 
    - ErrorMessage: ''
0287739:
    - bResult: 'False'
    - OutDescEst: 'Saldatura FS-20' 
    - ErrorMessage: ''
