0047118:
    - bResult: 'False'
    - OutDescEst: 'conn. 5 ganci BT' 
    - ErrorMessage: ''
0047119:
    - bResult: 'False'
    - OutDescEst: 'conn. 5 ganci BT' 
    - ErrorMessage: ''
0048519:
    - bResult: 'False'
    - OutDescEst: 'conn. 5 ganci BT' 
    - ErrorMessage: ''
0048520:
    - bResult: 'False'
    - OutDescEst: 'conn. 5 ganci BT' 
    - ErrorMessage: ''
0048521:
    - bResult: 'False'
    - OutDescEst: 'conn. 5 ganci BT' 
    - ErrorMessage: ''
0048522:
    - bResult: 'False'
    - OutDescEst: 'conn. 5 ganci BT' 
    - ErrorMessage: ''
0048523:
    - bResult: 'False'
    - OutDescEst: 'conn. 5 ganci BT' 
    - ErrorMessage: ''
0048524:
    - bResult: 'False'
    - OutDescEst: 'conn. 5 ganci BT' 
    - ErrorMessage: ''
0049339:
    - bResult: 'False'
    - OutDescEst: 'conn. 5 ganci BT' 
    - ErrorMessage: ''
0049340:
    - bResult: 'False'
    - OutDescEst: 'conn. 5 ganci BT' 
    - ErrorMessage: ''
0049638:
    - bResult: 'False'
    - OutDescEst: 'conn. 5 ganci BT' 
    - ErrorMessage: ''
0063546:
    - bResult: 'False'
    - OutDescEst: 'conn. 5 ganci BT' 
    - ErrorMessage: ''
0069967:
    - bResult: 'False'
    - OutDescEst: 'conn. 5 ganci BT' 
    - ErrorMessage: ''
0069968:
    - bResult: 'False'
    - OutDescEst: 'conn. 5 ganci BT' 
    - ErrorMessage: ''
0077758:
    - bResult: 'False'
    - OutDescEst: 'conn. 5 ganci BT' 
    - ErrorMessage: ''
0077801:
    - bResult: 'False'
    - OutDescEst: 'conn. 5 ganci BT' 
    - ErrorMessage: ''
0077802:
    - bResult: 'False'
    - OutDescEst: 'conn. 5 ganci BT' 
    - ErrorMessage: ''
0077803:
    - bResult: 'False'
    - OutDescEst: 'conn. 5 ganci BT' 
    - ErrorMessage: ''
0077804:
    - bResult: 'False'
    - OutDescEst: 'conn. 5 ganci BT' 
    - ErrorMessage: ''
0077805:
    - bResult: 'False'
    - OutDescEst: 'conn. 5 ganci BT' 
    - ErrorMessage: ''
0077806:
    - bResult: 'False'
    - OutDescEst: 'conn. 5 ganci BT' 
    - ErrorMessage: ''
0077807:
    - bResult: 'False'
    - OutDescEst: 'conn. 5 ganci BT' 
    - ErrorMessage: ''
0103020:
    - bResult: 'False'
    - OutDescEst: 'conn. 5 ganci BT' 
    - ErrorMessage: ''
0103021:
    - bResult: 'False'
    - OutDescEst: 'conn. 5 ganci BT' 
    - ErrorMessage: ''
0116103:
    - bResult: 'False'
    - OutDescEst: 'conn. 5 ganci BT' 
    - ErrorMessage: ''
0116104:
    - bResult: 'False'
    - OutDescEst: 'conn. 5 ganci BT' 
    - ErrorMessage: ''
0126867:
    - bResult: 'False'
    - OutDescEst: 'conn. 5 ganci BT' 
    - ErrorMessage: ''
0126868:
    - bResult: 'False'
    - OutDescEst: 'conn. 5 ganci BT' 
    - ErrorMessage: ''
0126869:
    - bResult: 'False'
    - OutDescEst: 'conn. 5 ganci BT' 
    - ErrorMessage: ''
0126870:
    - bResult: 'False'
    - OutDescEst: 'conn. 5 ganci BT' 
    - ErrorMessage: ''
0134668:
    - bResult: 'False'
    - OutDescEst: 'conn. 5 ganci BT' 
    - ErrorMessage: ''
0134669:
    - bResult: 'False'
    - OutDescEst: 'conn. 5 ganci BT' 
    - ErrorMessage: ''
0134670:
    - bResult: 'False'
    - OutDescEst: 'conn. 5 ganci BT' 
    - ErrorMessage: ''
0134671:
    - bResult: 'False'
    - OutDescEst: 'conn. 5 ganci BT' 
    - ErrorMessage: ''
0149528:
    - bResult: 'False'
    - OutDescEst: 'conn. 5 ganci BT' 
    - ErrorMessage: ''
0149612:
    - bResult: 'False'
    - OutDescEst: 'conn. 5 ganci BT' 
    - ErrorMessage: ''
0163940:
    - bResult: 'False'
    - OutDescEst: 'conn. 5 ganci BT' 
    - ErrorMessage: ''
0163941:
    - bResult: 'False'
    - OutDescEst: 'conn. 5 ganci BT' 
    - ErrorMessage: ''
0212245:
    - bResult: 'False'
    - OutDescEst: 'conn. 5 ganci BT' 
    - ErrorMessage: ''
0212246:
    - bResult: 'False'
    - OutDescEst: 'conn. 5 ganci BT' 
    - ErrorMessage: ''
0212247:
    - bResult: 'False'
    - OutDescEst: 'conn. 5 ganci BT' 
    - ErrorMessage: ''
0212315:
    - bResult: 'False'
    - OutDescEst: '' 
    - ErrorMessage: ''
0213063:
    - bResult: 'False'
    - OutDescEst: 'conn. 5 ganci BT' 
    - ErrorMessage: ''
0213064:
    - bResult: 'False'
    - OutDescEst: 'conn. 5 ganci BT' 
    - ErrorMessage: ''
