0034136:
    - bResult: 'False'
    - OutDescEst: ' ' 
    - ErrorMessage: ''
0034137:
    - bResult: 'False'
    - OutDescEst: ' ' 
    - ErrorMessage: ''
0034161:
    - bResult: 'False'
    - OutDescEst: ' ' 
    - ErrorMessage: ''
0034162:
    - bResult: 'False'
    - OutDescEst: ' ' 
    - ErrorMessage: ''
0034176:
    - bResult: 'False'
    - OutDescEst: ' ' 
    - ErrorMessage: ''
0034177:
    - bResult: 'False'
    - OutDescEst: ' ' 
    - ErrorMessage: ''
0034239:
    - bResult: 'False'
    - OutDescEst: ' ' 
    - ErrorMessage: ''
0034240:
    - bResult: 'False'
    - OutDescEst: ' ' 
    - ErrorMessage: ''
0034261:
    - bResult: 'False'
    - OutDescEst: ' ' 
    - ErrorMessage: ''
0034262:
    - bResult: 'False'
    - OutDescEst: ' ' 
    - ErrorMessage: ''
0034276:
    - bResult: 'False'
    - OutDescEst: ' ' 
    - ErrorMessage: ''
0034277:
    - bResult: 'False'
    - OutDescEst: ' ' 
    - ErrorMessage: ''
0034297:
    - bResult: 'False'
    - OutDescEst: ' ' 
    - ErrorMessage: ''
0034298:
    - bResult: 'False'
    - OutDescEst: ' ' 
    - ErrorMessage: ''
0034318:
    - bResult: 'False'
    - OutDescEst: ' 1Bicch. - ' 
    - ErrorMessage: ''
0034319:
    - bResult: 'False'
    - OutDescEst: ' 1Bicch. - ' 
    - ErrorMessage: ''
0034334:
    - bResult: 'False'
    - OutDescEst: ' 1Bicch. - ' 
    - ErrorMessage: ''
0034335:
    - bResult: 'False'
    - OutDescEst: ' 1Bicch. - ' 
    - ErrorMessage: ''
0034366:
    - bResult: 'False'
    - OutDescEst: ' ' 
    - ErrorMessage: ''
0034367:
    - bResult: 'False'
    - OutDescEst: ' ' 
    - ErrorMessage: ''
0034376:
    - bResult: 'False'
    - OutDescEst: ' ' 
    - ErrorMessage: ''
0034377:
    - bResult: 'False'
    - OutDescEst: ' ' 
    - ErrorMessage: ''
0034406:
    - bResult: 'False'
    - OutDescEst: ' ' 
    - ErrorMessage: ''
0034407:
    - bResult: 'False'
    - OutDescEst: ' ' 
    - ErrorMessage: ''
0034431:
    - bResult: 'False'
    - OutDescEst: ' ' 
    - ErrorMessage: ''
0034432:
    - bResult: 'False'
    - OutDescEst: ' ' 
    - ErrorMessage: ''
0034463:
    - bResult: 'False'
    - OutDescEst: ' ' 
    - ErrorMessage: ''
0034464:
    - bResult: 'False'
    - OutDescEst: ' ' 
    - ErrorMessage: ''
0034466:
    - bResult: 'False'
    - OutDescEst: ' ' 
    - ErrorMessage: ''
0034467:
    - bResult: 'False'
    - OutDescEst: ' ' 
    - ErrorMessage: ''
0034469:
    - bResult: 'False'
    - OutDescEst: ' ' 
    - ErrorMessage: ''
0034470:
    - bResult: 'False'
    - OutDescEst: ' ' 
    - ErrorMessage: ''
0034472:
    - bResult: 'False'
    - OutDescEst: ' ' 
    - ErrorMessage: ''
0034473:
    - bResult: 'False'
    - OutDescEst: ' ' 
    - ErrorMessage: ''
0034485:
    - bResult: 'False'
    - OutDescEst: ' ' 
    - ErrorMessage: ''
0034486:
    - bResult: 'False'
    - OutDescEst: ' ' 
    - ErrorMessage: ''
0034497:
    - bResult: 'False'
    - OutDescEst: ' ' 
    - ErrorMessage: ''
0034498:
    - bResult: 'False'
    - OutDescEst: ' ' 
    - ErrorMessage: ''
0034505:
    - bResult: 'False'
    - OutDescEst: ' ' 
    - ErrorMessage: ''
0034506:
    - bResult: 'False'
    - OutDescEst: ' ' 
    - ErrorMessage: ''
0034532:
    - bResult: 'False'
    - OutDescEst: ' ' 
    - ErrorMessage: ''
0034533:
    - bResult: 'False'
    - OutDescEst: ' ' 
    - ErrorMessage: ''
0034534:
    - bResult: 'False'
    - OutDescEst: ' ' 
    - ErrorMessage: ''
0034568:
    - bResult: 'False'
    - OutDescEst: ' ' 
    - ErrorMessage: ''
0034569:
    - bResult: 'False'
    - OutDescEst: ' ' 
    - ErrorMessage: ''
0034630:
    - bResult: 'False'
    - OutDescEst: ' ' 
    - ErrorMessage: ''
0034631:
    - bResult: 'False'
    - OutDescEst: ' ' 
    - ErrorMessage: ''
0034633:
    - bResult: 'False'
    - OutDescEst: ' ' 
    - ErrorMessage: ''
0034634:
    - bResult: 'False'
    - OutDescEst: ' ' 
    - ErrorMessage: ''
0034648:
    - bResult: 'False'
    - OutDescEst: ' ' 
    - ErrorMessage: ''
0034667:
    - bResult: 'False'
    - OutDescEst: ' ' 
    - ErrorMessage: ''
0034668:
    - bResult: 'False'
    - OutDescEst: ' ' 
    - ErrorMessage: ''
0034688:
    - bResult: 'False'
    - OutDescEst: ' ' 
    - ErrorMessage: ''
0034689:
    - bResult: 'False'
    - OutDescEst: ' ' 
    - ErrorMessage: ''
0034708:
    - bResult: 'False'
    - OutDescEst: ' ' 
    - ErrorMessage: ''
0034709:
    - bResult: 'False'
    - OutDescEst: ' ' 
    - ErrorMessage: ''
0034722:
    - bResult: 'False'
    - OutDescEst: ' ' 
    - ErrorMessage: ''
0034723:
    - bResult: 'False'
    - OutDescEst: ' ' 
    - ErrorMessage: ''
0034724:
    - bResult: 'False'
    - OutDescEst: ' ' 
    - ErrorMessage: ''
0034726:
    - bResult: 'False'
    - OutDescEst: ' ' 
    - ErrorMessage: ''
0034727:
    - bResult: 'False'
    - OutDescEst: ' ' 
    - ErrorMessage: ''
0034728:
    - bResult: 'False'
    - OutDescEst: ' ' 
    - ErrorMessage: ''
0034729:
    - bResult: 'False'
    - OutDescEst: ' ' 
    - ErrorMessage: ''
0034741:
    - bResult: 'False'
    - OutDescEst: ' ' 
    - ErrorMessage: ''
0034742:
    - bResult: 'False'
    - OutDescEst: ' ' 
    - ErrorMessage: ''
0034755:
    - bResult: 'False'
    - OutDescEst: ' ' 
    - ErrorMessage: ''
0034756:
    - bResult: 'False'
    - OutDescEst: ' ' 
    - ErrorMessage: ''
0034757:
    - bResult: 'False'
    - OutDescEst: ' ' 
    - ErrorMessage: ''
0034772:
    - bResult: 'False'
    - OutDescEst: ' 1Bicch. - ' 
    - ErrorMessage: ''
0034773:
    - bResult: 'False'
    - OutDescEst: ' 1Bicch. - ' 
    - ErrorMessage: ''
0034882:
    - bResult: 'False'
    - OutDescEst: ' ' 
    - ErrorMessage: ''
0034883:
    - bResult: 'False'
    - OutDescEst: ' ' 
    - ErrorMessage: ''
0034886:
    - bResult: 'False'
    - OutDescEst: ' ' 
    - ErrorMessage: ''
0034900:
    - bResult: 'False'
    - OutDescEst: ' ' 
    - ErrorMessage: ''
0034938:
    - bResult: 'False'
    - OutDescEst: ' ' 
    - ErrorMessage: ''
0034945:
    - bResult: 'False'
    - OutDescEst: ' ' 
    - ErrorMessage: ''
0034946:
    - bResult: 'False'
    - OutDescEst: ' ' 
    - ErrorMessage: ''
0034954:
    - bResult: 'False'
    - OutDescEst: ' ' 
    - ErrorMessage: ''
0034976:
    - bResult: 'False'
    - OutDescEst: ' ' 
    - ErrorMessage: ''
0034977:
    - bResult: 'False'
    - OutDescEst: ' ' 
    - ErrorMessage: ''
0034979:
    - bResult: 'False'
    - OutDescEst: ' ' 
    - ErrorMessage: ''
0034980:
    - bResult: 'False'
    - OutDescEst: ' ' 
    - ErrorMessage: ''
0034981:
    - bResult: 'False'
    - OutDescEst: ' ' 
    - ErrorMessage: ''
0034982:
    - bResult: 'False'
    - OutDescEst: ' ' 
    - ErrorMessage: ''
0034996:
    - bResult: 'False'
    - OutDescEst: ' ' 
    - ErrorMessage: ''
0034997:
    - bResult: 'False'
    - OutDescEst: ' ' 
    - ErrorMessage: ''
0035010:
    - bResult: 'False'
    - OutDescEst: ' ' 
    - ErrorMessage: ''
0035011:
    - bResult: 'False'
    - OutDescEst: ' ' 
    - ErrorMessage: ''
0035042:
    - bResult: 'False'
    - OutDescEst: ' ' 
    - ErrorMessage: ''
0035043:
    - bResult: 'False'
    - OutDescEst: ' ' 
    - ErrorMessage: ''
0035084:
    - bResult: 'False'
    - OutDescEst: ' ' 
    - ErrorMessage: ''
0035129:
    - bResult: 'False'
    - OutDescEst: ' ' 
    - ErrorMessage: ''
0035204:
    - bResult: 'False'
    - OutDescEst: ' 1Bicch. - ' 
    - ErrorMessage: ''
0035205:
    - bResult: 'False'
    - OutDescEst: ' 1Bicch. - ' 
    - ErrorMessage: ''
0035221:
    - bResult: 'False'
    - OutDescEst: ' ' 
    - ErrorMessage: ''
0035222:
    - bResult: 'False'
    - OutDescEst: ' ' 
    - ErrorMessage: ''
0035227:
    - bResult: 'False'
    - OutDescEst: ' ' 
    - ErrorMessage: ''
0035228:
    - bResult: 'False'
    - OutDescEst: ' ' 
    - ErrorMessage: ''
0035240:
    - bResult: 'False'
    - OutDescEst: ' ' 
    - ErrorMessage: ''
0035241:
    - bResult: 'False'
    - OutDescEst: ' ' 
    - ErrorMessage: ''
0035268:
    - bResult: 'False'
    - OutDescEst: ' ' 
    - ErrorMessage: ''
0035269:
    - bResult: 'False'
    - OutDescEst: ' ' 
    - ErrorMessage: ''
0035283:
    - bResult: 'False'
    - OutDescEst: '' 
    - ErrorMessage: ''
0035378:
    - bResult: 'False'
    - OutDescEst: ' ' 
    - ErrorMessage: ''
0035379:
    - bResult: 'False'
    - OutDescEst: ' ' 
    - ErrorMessage: ''
0035406:
    - bResult: 'False'
    - OutDescEst: ' ' 
    - ErrorMessage: ''
0035408:
    - bResult: 'False'
    - OutDescEst: ' ' 
    - ErrorMessage: ''
0035409:
    - bResult: 'False'
    - OutDescEst: ' ' 
    - ErrorMessage: ''
0035414:
    - bResult: 'False'
    - OutDescEst: ' ' 
    - ErrorMessage: ''
0035415:
    - bResult: 'False'
    - OutDescEst: ' ' 
    - ErrorMessage: ''
0035436:
    - bResult: 'False'
    - OutDescEst: ' ' 
    - ErrorMessage: ''
0035452:
    - bResult: 'False'
    - OutDescEst: ' ' 
    - ErrorMessage: ''
0035471:
    - bResult: 'False'
    - OutDescEst: ' ' 
    - ErrorMessage: ''
0035472:
    - bResult: 'False'
    - OutDescEst: ' ' 
    - ErrorMessage: ''
0035502:
    - bResult: 'False'
    - OutDescEst: ' ' 
    - ErrorMessage: ''
0035523:
    - bResult: 'False'
    - OutDescEst: ' ' 
    - ErrorMessage: ''
0035542:
    - bResult: 'False'
    - OutDescEst: ' ' 
    - ErrorMessage: ''
0035543:
    - bResult: 'False'
    - OutDescEst: ' ' 
    - ErrorMessage: ''
0035545:
    - bResult: 'False'
    - OutDescEst: ' ' 
    - ErrorMessage: ''
0035546:
    - bResult: 'False'
    - OutDescEst: ' ' 
    - ErrorMessage: ''
0035562:
    - bResult: 'False'
    - OutDescEst: ' ' 
    - ErrorMessage: ''
0035572:
    - bResult: 'False'
    - OutDescEst: ' ' 
    - ErrorMessage: ''
0035578:
    - bResult: 'False'
    - OutDescEst: ' ' 
    - ErrorMessage: ''
0035594:
    - bResult: 'False'
    - OutDescEst: ' ' 
    - ErrorMessage: ''
0035644:
    - bResult: 'False'
    - OutDescEst: ' ' 
    - ErrorMessage: ''
0035725:
    - bResult: 'False'
    - OutDescEst: ' ' 
    - ErrorMessage: ''
0035726:
    - bResult: 'False'
    - OutDescEst: ' ' 
    - ErrorMessage: ''
0035750:
    - bResult: 'False'
    - OutDescEst: ' ' 
    - ErrorMessage: ''
0035751:
    - bResult: 'False'
    - OutDescEst: ' ' 
    - ErrorMessage: ''
0035761:
    - bResult: 'False'
    - OutDescEst: ' ' 
    - ErrorMessage: ''
0035762:
    - bResult: 'False'
    - OutDescEst: ' ' 
    - ErrorMessage: ''
0035768:
    - bResult: 'False'
    - OutDescEst: ' ' 
    - ErrorMessage: ''
0035769:
    - bResult: 'False'
    - OutDescEst: ' ' 
    - ErrorMessage: ''
0035784:
    - bResult: 'False'
    - OutDescEst: ' ' 
    - ErrorMessage: ''
0035791:
    - bResult: 'False'
    - OutDescEst: ' ' 
    - ErrorMessage: ''
0035799:
    - bResult: 'False'
    - OutDescEst: ' ' 
    - ErrorMessage: ''
0035800:
    - bResult: 'False'
    - OutDescEst: ' ' 
    - ErrorMessage: ''
0035803:
    - bResult: 'False'
    - OutDescEst: ' ' 
    - ErrorMessage: ''
0035820:
    - bResult: 'False'
    - OutDescEst: ' ' 
    - ErrorMessage: ''
0035821:
    - bResult: 'False'
    - OutDescEst: ' ' 
    - ErrorMessage: ''
0035905:
    - bResult: 'False'
    - OutDescEst: ' ' 
    - ErrorMessage: ''
0035948:
    - bResult: 'False'
    - OutDescEst: ' ' 
    - ErrorMessage: ''
0035949:
    - bResult: 'False'
    - OutDescEst: ' ' 
    - ErrorMessage: ''
0035967:
    - bResult: 'False'
    - OutDescEst: ' ' 
    - ErrorMessage: ''
0035971:
    - bResult: 'False'
    - OutDescEst: ' ' 
    - ErrorMessage: ''
0035972:
    - bResult: 'False'
    - OutDescEst: ' ' 
    - ErrorMessage: ''
0035985:
    - bResult: 'False'
    - OutDescEst: ' ' 
    - ErrorMessage: ''
0035988:
    - bResult: 'False'
    - OutDescEst: ' ' 
    - ErrorMessage: ''
0035990:
    - bResult: 'False'
    - OutDescEst: ' ' 
    - ErrorMessage: ''
0035991:
    - bResult: 'False'
    - OutDescEst: ' ' 
    - ErrorMessage: ''
0035999:
    - bResult: 'False'
    - OutDescEst: ' ' 
    - ErrorMessage: ''
0036000:
    - bResult: 'False'
    - OutDescEst: ' ' 
    - ErrorMessage: ''
0036051:
    - bResult: 'False'
    - OutDescEst: ' ' 
    - ErrorMessage: ''
0036100:
    - bResult: 'False'
    - OutDescEst: ' ' 
    - ErrorMessage: ''
0036101:
    - bResult: 'False'
    - OutDescEst: ' ' 
    - ErrorMessage: ''
0036108:
    - bResult: 'False'
    - OutDescEst: ' ' 
    - ErrorMessage: ''
0036109:
    - bResult: 'False'
    - OutDescEst: ' ' 
    - ErrorMessage: ''
0036153:
    - bResult: 'False'
    - OutDescEst: ' 1Bicch. - ' 
    - ErrorMessage: ''
0036154:
    - bResult: 'False'
    - OutDescEst: ' 1Bicch. - ' 
    - ErrorMessage: ''
0036167:
    - bResult: 'False'
    - OutDescEst: ' ' 
    - ErrorMessage: ''
0036168:
    - bResult: 'False'
    - OutDescEst: ' ' 
    - ErrorMessage: ''
0036169:
    - bResult: 'False'
    - OutDescEst: ' ' 
    - ErrorMessage: ''
0036172:
    - bResult: 'False'
    - OutDescEst: ' ' 
    - ErrorMessage: ''
0036173:
    - bResult: 'False'
    - OutDescEst: ' ' 
    - ErrorMessage: ''
0036180:
    - bResult: 'False'
    - OutDescEst: ' ' 
    - ErrorMessage: ''
0036181:
    - bResult: 'False'
    - OutDescEst: ' ' 
    - ErrorMessage: ''
0036188:
    - bResult: 'False'
    - OutDescEst: ' ' 
    - ErrorMessage: ''
0036203:
    - bResult: 'False'
    - OutDescEst: ' 1Bicch. - ' 
    - ErrorMessage: ''
0036204:
    - bResult: 'False'
    - OutDescEst: ' 1Bicch. - ' 
    - ErrorMessage: ''
0036231:
    - bResult: 'False'
    - OutDescEst: ' ' 
    - ErrorMessage: ''
0036232:
    - bResult: 'False'
    - OutDescEst: ' ' 
    - ErrorMessage: ''
0036233:
    - bResult: 'False'
    - OutDescEst: ' ' 
    - ErrorMessage: ''
0036235:
    - bResult: 'False'
    - OutDescEst: ' ' 
    - ErrorMessage: ''
0036286:
    - bResult: 'False'
    - OutDescEst: ' ' 
    - ErrorMessage: ''
0036287:
    - bResult: 'False'
    - OutDescEst: ' ' 
    - ErrorMessage: ''
0036289:
    - bResult: 'False'
    - OutDescEst: ' ' 
    - ErrorMessage: ''
0036306:
    - bResult: 'False'
    - OutDescEst: ' ' 
    - ErrorMessage: ''
0036307:
    - bResult: 'False'
    - OutDescEst: ' ' 
    - ErrorMessage: ''
0036321:
    - bResult: 'False'
    - OutDescEst: ' ' 
    - ErrorMessage: ''
0036322:
    - bResult: 'False'
    - OutDescEst: ' ' 
    - ErrorMessage: ''
0036323:
    - bResult: 'False'
    - OutDescEst: ' ' 
    - ErrorMessage: ''
0036395:
    - bResult: 'False'
    - OutDescEst: ' ' 
    - ErrorMessage: ''
0036424:
    - bResult: 'False'
    - OutDescEst: ' ' 
    - ErrorMessage: ''
0036425:
    - bResult: 'False'
    - OutDescEst: ' ' 
    - ErrorMessage: ''
0036435:
    - bResult: 'False'
    - OutDescEst: ' ' 
    - ErrorMessage: ''
0036436:
    - bResult: 'False'
    - OutDescEst: ' ' 
    - ErrorMessage: ''
0036442:
    - bResult: 'False'
    - OutDescEst: ' ' 
    - ErrorMessage: ''
0036443:
    - bResult: 'False'
    - OutDescEst: ' ' 
    - ErrorMessage: ''
0036479:
    - bResult: 'False'
    - OutDescEst: ' ' 
    - ErrorMessage: ''
0036480:
    - bResult: 'False'
    - OutDescEst: ' ' 
    - ErrorMessage: ''
0036484:
    - bResult: 'False'
    - OutDescEst: ' ' 
    - ErrorMessage: ''
0036521:
    - bResult: 'False'
    - OutDescEst: ' ' 
    - ErrorMessage: ''
0036531:
    - bResult: 'False'
    - OutDescEst: ' ' 
    - ErrorMessage: ''
0036532:
    - bResult: 'False'
    - OutDescEst: ' ' 
    - ErrorMessage: ''
0036551:
    - bResult: 'False'
    - OutDescEst: ' ' 
    - ErrorMessage: ''
0036552:
    - bResult: 'False'
    - OutDescEst: ' ' 
    - ErrorMessage: ''
0036594:
    - bResult: 'False'
    - OutDescEst: ' ' 
    - ErrorMessage: ''
0036628:
    - bResult: 'False'
    - OutDescEst: ' 1Bicch. - ' 
    - ErrorMessage: ''
0036629:
    - bResult: 'False'
    - OutDescEst: ' 1Bicch. - ' 
    - ErrorMessage: ''
0036646:
    - bResult: 'False'
    - OutDescEst: ' ' 
    - ErrorMessage: ''
0036654:
    - bResult: 'False'
    - OutDescEst: ' ' 
    - ErrorMessage: ''
0036655:
    - bResult: 'False'
    - OutDescEst: ' ' 
    - ErrorMessage: ''
0036662:
    - bResult: 'False'
    - OutDescEst: ' 4Bicch. - ' 
    - ErrorMessage: ''
0036663:
    - bResult: 'False'
    - OutDescEst: ' 4Bicch. - ' 
    - ErrorMessage: ''
0036664:
    - bResult: 'False'
    - OutDescEst: ' ' 
    - ErrorMessage: ''
0036712:
    - bResult: 'False'
    - OutDescEst: ' ' 
    - ErrorMessage: ''
0036713:
    - bResult: 'False'
    - OutDescEst: ' ' 
    - ErrorMessage: ''
0036717:
    - bResult: 'False'
    - OutDescEst: ' 1Bicch. - ' 
    - ErrorMessage: ''
0036726:
    - bResult: 'False'
    - OutDescEst: ' ' 
    - ErrorMessage: ''
0036727:
    - bResult: 'False'
    - OutDescEst: ' ' 
    - ErrorMessage: ''
0036742:
    - bResult: 'False'
    - OutDescEst: ' ' 
    - ErrorMessage: ''
0036743:
    - bResult: 'False'
    - OutDescEst: ' ' 
    - ErrorMessage: ''
0036749:
    - bResult: 'False'
    - OutDescEst: ' ' 
    - ErrorMessage: ''
0036772:
    - bResult: 'False'
    - OutDescEst: ' 1Bicch. - ' 
    - ErrorMessage: ''
0036773:
    - bResult: 'False'
    - OutDescEst: ' 1Bicch. - ' 
    - ErrorMessage: ''
0036775:
    - bResult: 'False'
    - OutDescEst: ' ' 
    - ErrorMessage: ''
0036776:
    - bResult: 'False'
    - OutDescEst: ' ' 
    - ErrorMessage: ''
0036792:
    - bResult: 'False'
    - OutDescEst: ' ' 
    - ErrorMessage: ''
0036793:
    - bResult: 'False'
    - OutDescEst: ' ' 
    - ErrorMessage: ''
0036795:
    - bResult: 'False'
    - OutDescEst: ' ' 
    - ErrorMessage: ''
0036818:
    - bResult: 'False'
    - OutDescEst: ' ' 
    - ErrorMessage: ''
0036819:
    - bResult: 'False'
    - OutDescEst: ' ' 
    - ErrorMessage: ''
0036854:
    - bResult: 'False'
    - OutDescEst: ' ' 
    - ErrorMessage: ''
0036855:
    - bResult: 'False'
    - OutDescEst: ' ' 
    - ErrorMessage: ''
0036888:
    - bResult: 'False'
    - OutDescEst: ' 1Bicch. - ' 
    - ErrorMessage: ''
0036889:
    - bResult: 'False'
    - OutDescEst: ' 1Bicch. - ' 
    - ErrorMessage: ''
0036940:
    - bResult: 'False'
    - OutDescEst: ' ' 
    - ErrorMessage: ''
0036941:
    - bResult: 'False'
    - OutDescEst: ' ' 
    - ErrorMessage: ''
0036943:
    - bResult: 'False'
    - OutDescEst: ' ' 
    - ErrorMessage: ''
0036944:
    - bResult: 'False'
    - OutDescEst: ' ' 
    - ErrorMessage: ''
0037025:
    - bResult: 'False'
    - OutDescEst: ' ' 
    - ErrorMessage: ''
0037029:
    - bResult: 'False'
    - OutDescEst: ' ' 
    - ErrorMessage: ''
0037030:
    - bResult: 'False'
    - OutDescEst: ' ' 
    - ErrorMessage: ''
0037041:
    - bResult: 'False'
    - OutDescEst: ' ' 
    - ErrorMessage: ''
0037042:
    - bResult: 'False'
    - OutDescEst: ' ' 
    - ErrorMessage: ''
0037044:
    - bResult: 'False'
    - OutDescEst: ' ' 
    - ErrorMessage: ''
0037045:
    - bResult: 'False'
    - OutDescEst: ' ' 
    - ErrorMessage: ''
0037047:
    - bResult: 'False'
    - OutDescEst: ' ' 
    - ErrorMessage: ''
0037048:
    - bResult: 'False'
    - OutDescEst: ' ' 
    - ErrorMessage: ''
0037053:
    - bResult: 'False'
    - OutDescEst: ' ' 
    - ErrorMessage: ''
0037054:
    - bResult: 'False'
    - OutDescEst: ' ' 
    - ErrorMessage: ''
0037064:
    - bResult: 'False'
    - OutDescEst: ' ' 
    - ErrorMessage: ''
0037065:
    - bResult: 'False'
    - OutDescEst: ' ' 
    - ErrorMessage: ''
0037070:
    - bResult: 'False'
    - OutDescEst: ' ' 
    - ErrorMessage: ''
0037082:
    - bResult: 'False'
    - OutDescEst: ' ' 
    - ErrorMessage: ''
0037083:
    - bResult: 'False'
    - OutDescEst: ' ' 
    - ErrorMessage: ''
0037127:
    - bResult: 'False'
    - OutDescEst: ' ' 
    - ErrorMessage: ''
0037128:
    - bResult: 'False'
    - OutDescEst: ' ' 
    - ErrorMessage: ''
0037161:
    - bResult: 'False'
    - OutDescEst: ' ' 
    - ErrorMessage: ''
0037162:
    - bResult: 'False'
    - OutDescEst: ' ' 
    - ErrorMessage: ''
0037166:
    - bResult: 'False'
    - OutDescEst: ' ' 
    - ErrorMessage: ''
0037167:
    - bResult: 'False'
    - OutDescEst: ' ' 
    - ErrorMessage: ''
0037168:
    - bResult: 'False'
    - OutDescEst: ' ' 
    - ErrorMessage: ''
0037177:
    - bResult: 'False'
    - OutDescEst: ' ' 
    - ErrorMessage: ''
0037259:
    - bResult: 'False'
    - OutDescEst: ' ' 
    - ErrorMessage: ''
0037260:
    - bResult: 'False'
    - OutDescEst: ' APG DX - ' 
    - ErrorMessage: ''
0037261:
    - bResult: 'False'
    - OutDescEst: ' APG DX - ' 
    - ErrorMessage: ''
0037263:
    - bResult: 'False'
    - OutDescEst: ' APG SX - ' 
    - ErrorMessage: ''
0037264:
    - bResult: 'False'
    - OutDescEst: ' APG SX - ' 
    - ErrorMessage: ''
0037265:
    - bResult: 'False'
    - OutDescEst: ' APG DX+SX - ' 
    - ErrorMessage: ''
0037266:
    - bResult: 'False'
    - OutDescEst: ' APG DX+SX - ' 
    - ErrorMessage: ''
0037324:
    - bResult: 'False'
    - OutDescEst: ' ' 
    - ErrorMessage: ''
0037331:
    - bResult: 'False'
    - OutDescEst: ' ' 
    - ErrorMessage: ''
0037353:
    - bResult: 'False'
    - OutDescEst: ' ' 
    - ErrorMessage: ''
0037354:
    - bResult: 'False'
    - OutDescEst: ' ' 
    - ErrorMessage: ''
0037357:
    - bResult: 'False'
    - OutDescEst: ' ' 
    - ErrorMessage: ''
0037358:
    - bResult: 'False'
    - OutDescEst: ' ' 
    - ErrorMessage: ''
0037380:
    - bResult: 'False'
    - OutDescEst: ' ' 
    - ErrorMessage: ''
0037398:
    - bResult: 'False'
    - OutDescEst: ' ' 
    - ErrorMessage: ''
0037410:
    - bResult: 'False'
    - OutDescEst: ' ' 
    - ErrorMessage: ''
0037411:
    - bResult: 'False'
    - OutDescEst: ' ' 
    - ErrorMessage: ''
0037477:
    - bResult: 'False'
    - OutDescEst: ' ' 
    - ErrorMessage: ''
0037488:
    - bResult: 'False'
    - OutDescEst: ' ' 
    - ErrorMessage: ''
0037519:
    - bResult: 'False'
    - OutDescEst: ' ' 
    - ErrorMessage: ''
0037520:
    - bResult: 'False'
    - OutDescEst: ' ' 
    - ErrorMessage: ''
0037521:
    - bResult: 'False'
    - OutDescEst: ' ' 
    - ErrorMessage: ''
0037522:
    - bResult: 'False'
    - OutDescEst: ' ' 
    - ErrorMessage: ''
0037546:
    - bResult: 'False'
    - OutDescEst: ' ' 
    - ErrorMessage: ''
0037547:
    - bResult: 'False'
    - OutDescEst: ' ' 
    - ErrorMessage: ''
0037550:
    - bResult: 'False'
    - OutDescEst: ' ' 
    - ErrorMessage: ''
0037551:
    - bResult: 'False'
    - OutDescEst: ' ' 
    - ErrorMessage: ''
0037589:
    - bResult: 'False'
    - OutDescEst: ' ' 
    - ErrorMessage: ''
0037590:
    - bResult: 'False'
    - OutDescEst: ' ' 
    - ErrorMessage: ''
0037667:
    - bResult: 'False'
    - OutDescEst: ' ' 
    - ErrorMessage: ''
0037668:
    - bResult: 'False'
    - OutDescEst: ' ' 
    - ErrorMessage: ''
0037708:
    - bResult: 'False'
    - OutDescEst: ' 1Bicch. - ' 
    - ErrorMessage: ''
0037709:
    - bResult: 'False'
    - OutDescEst: ' 1Bicch. - ' 
    - ErrorMessage: ''
0037739:
    - bResult: 'False'
    - OutDescEst: ' 2Bicch. - ' 
    - ErrorMessage: ''
0037740:
    - bResult: 'False'
    - OutDescEst: ' 2Bicch. - ' 
    - ErrorMessage: ''
0037748:
    - bResult: 'False'
    - OutDescEst: ' 2Bicch. - ' 
    - ErrorMessage: ''
0037749:
    - bResult: 'False'
    - OutDescEst: ' 2Bicch. - ' 
    - ErrorMessage: ''
0037760:
    - bResult: 'False'
    - OutDescEst: ' ' 
    - ErrorMessage: ''
0037761:
    - bResult: 'False'
    - OutDescEst: ' ' 
    - ErrorMessage: ''
0037770:
    - bResult: 'False'
    - OutDescEst: ' ' 
    - ErrorMessage: ''
0037892:
    - bResult: 'False'
    - OutDescEst: ' 1Bicch. - ' 
    - ErrorMessage: ''
0037893:
    - bResult: 'False'
    - OutDescEst: ' 1Bicch. - ' 
    - ErrorMessage: ''
0037894:
    - bResult: 'False'
    - OutDescEst: ' 1Bicch. - ' 
    - ErrorMessage: ''
0037895:
    - bResult: 'False'
    - OutDescEst: ' 1Bicch. - ' 
    - ErrorMessage: ''
0037896:
    - bResult: 'False'
    - OutDescEst: ' 1Bicch. - ' 
    - ErrorMessage: ''
0037897:
    - bResult: 'False'
    - OutDescEst: ' 1Bicch. - ' 
    - ErrorMessage: ''
0037899:
    - bResult: 'False'
    - OutDescEst: ' ' 
    - ErrorMessage: ''
0037904:
    - bResult: 'False'
    - OutDescEst: ' ' 
    - ErrorMessage: ''
0037905:
    - bResult: 'False'
    - OutDescEst: ' ' 
    - ErrorMessage: ''
0037916:
    - bResult: 'False'
    - OutDescEst: ' ' 
    - ErrorMessage: ''
0037917:
    - bResult: 'False'
    - OutDescEst: ' ' 
    - ErrorMessage: ''
0037924:
    - bResult: 'False'
    - OutDescEst: ' ' 
    - ErrorMessage: ''
0037964:
    - bResult: 'False'
    - OutDescEst: ' ' 
    - ErrorMessage: ''
0037965:
    - bResult: 'False'
    - OutDescEst: ' ' 
    - ErrorMessage: ''
0038004:
    - bResult: 'False'
    - OutDescEst: ' ' 
    - ErrorMessage: ''
0038005:
    - bResult: 'False'
    - OutDescEst: ' ' 
    - ErrorMessage: ''
0038042:
    - bResult: 'False'
    - OutDescEst: ' 1Bicch. - ' 
    - ErrorMessage: ''
0038043:
    - bResult: 'False'
    - OutDescEst: ' 1Bicch. - ' 
    - ErrorMessage: ''
0038054:
    - bResult: 'False'
    - OutDescEst: ' ' 
    - ErrorMessage: ''
0038055:
    - bResult: 'False'
    - OutDescEst: ' ' 
    - ErrorMessage: ''
0038069:
    - bResult: 'False'
    - OutDescEst: ' ' 
    - ErrorMessage: ''
0038070:
    - bResult: 'False'
    - OutDescEst: ' ' 
    - ErrorMessage: ''
0038072:
    - bResult: 'False'
    - OutDescEst: ' ' 
    - ErrorMessage: ''
0038073:
    - bResult: 'False'
    - OutDescEst: ' ' 
    - ErrorMessage: ''
0038077:
    - bResult: 'False'
    - OutDescEst: ' ' 
    - ErrorMessage: ''
0038105:
    - bResult: 'False'
    - OutDescEst: ' ' 
    - ErrorMessage: ''
0038108:
    - bResult: 'False'
    - OutDescEst: ' ' 
    - ErrorMessage: ''
0038109:
    - bResult: 'False'
    - OutDescEst: ' ' 
    - ErrorMessage: ''
0038110:
    - bResult: 'False'
    - OutDescEst: ' ' 
    - ErrorMessage: ''
0038111:
    - bResult: 'False'
    - OutDescEst: ' ' 
    - ErrorMessage: ''
0038143:
    - bResult: 'False'
    - OutDescEst: ' ' 
    - ErrorMessage: ''
0038144:
    - bResult: 'False'
    - OutDescEst: ' ' 
    - ErrorMessage: ''
0038231:
    - bResult: 'False'
    - OutDescEst: ' 1Bicch. - ' 
    - ErrorMessage: ''
0038232:
    - bResult: 'False'
    - OutDescEst: ' ' 
    - ErrorMessage: ''
0038244:
    - bResult: 'False'
    - OutDescEst: ' ' 
    - ErrorMessage: ''
0038261:
    - bResult: 'False'
    - OutDescEst: ' ' 
    - ErrorMessage: ''
0038274:
    - bResult: 'False'
    - OutDescEst: ' ' 
    - ErrorMessage: ''
0038275:
    - bResult: 'False'
    - OutDescEst: ' ' 
    - ErrorMessage: ''
0038328:
    - bResult: 'False'
    - OutDescEst: ' 1Bicch. - ' 
    - ErrorMessage: ''
0038329:
    - bResult: 'False'
    - OutDescEst: ' 1Bicch. - ' 
    - ErrorMessage: ''
0038333:
    - bResult: 'False'
    - OutDescEst: ' ' 
    - ErrorMessage: ''
0038334:
    - bResult: 'False'
    - OutDescEst: ' ' 
    - ErrorMessage: ''
0038380:
    - bResult: 'False'
    - OutDescEst: ' ' 
    - ErrorMessage: ''
0038398:
    - bResult: 'False'
    - OutDescEst: ' ' 
    - ErrorMessage: ''
0038399:
    - bResult: 'False'
    - OutDescEst: ' ' 
    - ErrorMessage: ''
0038405:
    - bResult: 'False'
    - OutDescEst: ' 1Bicch. - ' 
    - ErrorMessage: ''
0038406:
    - bResult: 'False'
    - OutDescEst: ' 1Bicch. - ' 
    - ErrorMessage: ''
0038411:
    - bResult: 'False'
    - OutDescEst: ' 1Bicch. - ' 
    - ErrorMessage: ''
0038412:
    - bResult: 'False'
    - OutDescEst: ' 1Bicch. - ' 
    - ErrorMessage: ''
0038417:
    - bResult: 'False'
    - OutDescEst: ' ' 
    - ErrorMessage: ''
0038418:
    - bResult: 'False'
    - OutDescEst: ' ' 
    - ErrorMessage: ''
0038456:
    - bResult: 'False'
    - OutDescEst: ' ' 
    - ErrorMessage: ''
0038457:
    - bResult: 'False'
    - OutDescEst: ' ' 
    - ErrorMessage: ''
0038466:
    - bResult: 'False'
    - OutDescEst: ' ' 
    - ErrorMessage: ''
0038467:
    - bResult: 'False'
    - OutDescEst: ' ' 
    - ErrorMessage: ''
0038482:
    - bResult: 'False'
    - OutDescEst: ' ' 
    - ErrorMessage: ''
0038502:
    - bResult: 'False'
    - OutDescEst: ' ' 
    - ErrorMessage: ''
0038511:
    - bResult: 'False'
    - OutDescEst: ' ' 
    - ErrorMessage: ''
0038516:
    - bResult: 'False'
    - OutDescEst: ' ' 
    - ErrorMessage: ''
0038521:
    - bResult: 'False'
    - OutDescEst: ' ' 
    - ErrorMessage: ''
0038522:
    - bResult: 'False'
    - OutDescEst: ' ' 
    - ErrorMessage: ''
0038527:
    - bResult: 'False'
    - OutDescEst: ' ' 
    - ErrorMessage: ''
0038530:
    - bResult: 'False'
    - OutDescEst: ' ' 
    - ErrorMessage: ''
0038533:
    - bResult: 'False'
    - OutDescEst: ' 1Bicch. - ' 
    - ErrorMessage: ''
0038534:
    - bResult: 'False'
    - OutDescEst: ' 1Bicch. - ' 
    - ErrorMessage: ''
0038644:
    - bResult: 'False'
    - OutDescEst: ' ' 
    - ErrorMessage: ''
0038645:
    - bResult: 'False'
    - OutDescEst: ' ' 
    - ErrorMessage: ''
0038648:
    - bResult: 'False'
    - OutDescEst: ' ' 
    - ErrorMessage: ''
0038649:
    - bResult: 'False'
    - OutDescEst: ' ' 
    - ErrorMessage: ''
0038666:
    - bResult: 'False'
    - OutDescEst: ' ' 
    - ErrorMessage: ''
0038667:
    - bResult: 'False'
    - OutDescEst: ' ' 
    - ErrorMessage: ''
0038674:
    - bResult: 'False'
    - OutDescEst: ' ' 
    - ErrorMessage: ''
0038675:
    - bResult: 'False'
    - OutDescEst: ' ' 
    - ErrorMessage: ''
0038676:
    - bResult: 'False'
    - OutDescEst: ' ' 
    - ErrorMessage: ''
0038686:
    - bResult: 'False'
    - OutDescEst: ' ' 
    - ErrorMessage: ''
0038687:
    - bResult: 'False'
    - OutDescEst: ' ' 
    - ErrorMessage: ''
0038706:
    - bResult: 'False'
    - OutDescEst: ' ' 
    - ErrorMessage: ''
0038707:
    - bResult: 'False'
    - OutDescEst: ' ' 
    - ErrorMessage: ''
0038715:
    - bResult: 'False'
    - OutDescEst: ' ' 
    - ErrorMessage: ''
0038716:
    - bResult: 'False'
    - OutDescEst: ' ' 
    - ErrorMessage: ''
0038726:
    - bResult: 'False'
    - OutDescEst: ' ' 
    - ErrorMessage: ''
0038727:
    - bResult: 'False'
    - OutDescEst: ' ' 
    - ErrorMessage: ''
0038728:
    - bResult: 'False'
    - OutDescEst: ' ' 
    - ErrorMessage: ''
0038743:
    - bResult: 'False'
    - OutDescEst: ' ' 
    - ErrorMessage: ''
0038744:
    - bResult: 'False'
    - OutDescEst: ' ' 
    - ErrorMessage: ''
0038757:
    - bResult: 'False'
    - OutDescEst: ' 1Bicch. - ' 
    - ErrorMessage: ''
0038779:
    - bResult: 'False'
    - OutDescEst: ' ' 
    - ErrorMessage: ''
0038780:
    - bResult: 'False'
    - OutDescEst: ' ' 
    - ErrorMessage: ''
0038785:
    - bResult: 'False'
    - OutDescEst: ' ' 
    - ErrorMessage: ''
0038786:
    - bResult: 'False'
    - OutDescEst: ' ' 
    - ErrorMessage: ''
0038811:
    - bResult: 'False'
    - OutDescEst: ' ' 
    - ErrorMessage: ''
0038812:
    - bResult: 'False'
    - OutDescEst: ' ' 
    - ErrorMessage: ''
0038839:
    - bResult: 'False'
    - OutDescEst: ' ' 
    - ErrorMessage: ''
0038849:
    - bResult: 'False'
    - OutDescEst: ' ' 
    - ErrorMessage: ''
0038850:
    - bResult: 'False'
    - OutDescEst: ' ' 
    - ErrorMessage: ''
0038851:
    - bResult: 'False'
    - OutDescEst: ' ' 
    - ErrorMessage: ''
0038926:
    - bResult: 'False'
    - OutDescEst: ' 1Bicch. - ' 
    - ErrorMessage: ''
0038927:
    - bResult: 'False'
    - OutDescEst: ' 1Bicch. - ' 
    - ErrorMessage: ''
0038928:
    - bResult: 'False'
    - OutDescEst: ' ' 
    - ErrorMessage: ''
0038959:
    - bResult: 'False'
    - OutDescEst: ' ' 
    - ErrorMessage: ''
0038960:
    - bResult: 'False'
    - OutDescEst: ' ' 
    - ErrorMessage: ''
0038961:
    - bResult: 'False'
    - OutDescEst: ' ' 
    - ErrorMessage: ''
0038964:
    - bResult: 'False'
    - OutDescEst: ' ' 
    - ErrorMessage: ''
0038965:
    - bResult: 'False'
    - OutDescEst: ' ' 
    - ErrorMessage: ''
0039096:
    - bResult: 'False'
    - OutDescEst: ' ' 
    - ErrorMessage: ''
0039097:
    - bResult: 'False'
    - OutDescEst: ' ' 
    - ErrorMessage: ''
0039123:
    - bResult: 'False'
    - OutDescEst: ' ' 
    - ErrorMessage: ''
0039124:
    - bResult: 'False'
    - OutDescEst: ' ' 
    - ErrorMessage: ''
0039144:
    - bResult: 'False'
    - OutDescEst: ' ' 
    - ErrorMessage: ''
0039145:
    - bResult: 'False'
    - OutDescEst: ' ' 
    - ErrorMessage: ''
0039159:
    - bResult: 'False'
    - OutDescEst: ' ' 
    - ErrorMessage: ''
0039183:
    - bResult: 'False'
    - OutDescEst: ' ' 
    - ErrorMessage: ''
0039184:
    - bResult: 'False'
    - OutDescEst: ' 1Bicch. - ' 
    - ErrorMessage: ''
0039185:
    - bResult: 'False'
    - OutDescEst: ' 1Bicch. - ' 
    - ErrorMessage: ''
0039216:
    - bResult: 'False'
    - OutDescEst: ' ' 
    - ErrorMessage: ''
0039230:
    - bResult: 'False'
    - OutDescEst: ' ' 
    - ErrorMessage: ''
0039231:
    - bResult: 'False'
    - OutDescEst: ' ' 
    - ErrorMessage: ''
0039239:
    - bResult: 'False'
    - OutDescEst: ' ' 
    - ErrorMessage: ''
0039248:
    - bResult: 'False'
    - OutDescEst: ' 1Bicch. - ' 
    - ErrorMessage: ''
0039249:
    - bResult: 'False'
    - OutDescEst: ' 1Bicch. - ' 
    - ErrorMessage: ''
0039351:
    - bResult: 'False'
    - OutDescEst: ' ' 
    - ErrorMessage: ''
0039352:
    - bResult: 'False'
    - OutDescEst: ' ' 
    - ErrorMessage: ''
0039398:
    - bResult: 'False'
    - OutDescEst: ' ' 
    - ErrorMessage: ''
0039399:
    - bResult: 'False'
    - OutDescEst: ' ' 
    - ErrorMessage: ''
0039405:
    - bResult: 'False'
    - OutDescEst: ' ' 
    - ErrorMessage: ''
0039406:
    - bResult: 'False'
    - OutDescEst: ' ' 
    - ErrorMessage: ''
0039407:
    - bResult: 'False'
    - OutDescEst: ' ' 
    - ErrorMessage: ''
0039414:
    - bResult: 'False'
    - OutDescEst: ' ' 
    - ErrorMessage: ''
0039457:
    - bResult: 'False'
    - OutDescEst: ' 1Bicch. - ' 
    - ErrorMessage: ''
0039458:
    - bResult: 'False'
    - OutDescEst: ' 1Bicch. - ' 
    - ErrorMessage: ''
0039470:
    - bResult: 'False'
    - OutDescEst: ' ' 
    - ErrorMessage: ''
0039471:
    - bResult: 'False'
    - OutDescEst: ' ' 
    - ErrorMessage: ''
0039523:
    - bResult: 'False'
    - OutDescEst: ' ' 
    - ErrorMessage: ''
0039529:
    - bResult: 'False'
    - OutDescEst: ' ' 
    - ErrorMessage: ''
0039534:
    - bResult: 'False'
    - OutDescEst: ' ' 
    - ErrorMessage: ''
0039535:
    - bResult: 'False'
    - OutDescEst: ' ' 
    - ErrorMessage: ''
0039538:
    - bResult: 'False'
    - OutDescEst: ' ' 
    - ErrorMessage: ''
0039570:
    - bResult: 'False'
    - OutDescEst: ' ' 
    - ErrorMessage: ''
0039571:
    - bResult: 'False'
    - OutDescEst: ' ' 
    - ErrorMessage: ''
0039583:
    - bResult: 'False'
    - OutDescEst: ' ' 
    - ErrorMessage: ''
0039624:
    - bResult: 'False'
    - OutDescEst: ' ' 
    - ErrorMessage: ''
0039630:
    - bResult: 'False'
    - OutDescEst: ' ' 
    - ErrorMessage: ''
0039631:
    - bResult: 'False'
    - OutDescEst: ' ' 
    - ErrorMessage: ''
0039638:
    - bResult: 'False'
    - OutDescEst: ' ' 
    - ErrorMessage: ''
0039639:
    - bResult: 'False'
    - OutDescEst: ' ' 
    - ErrorMessage: ''
0039640:
    - bResult: 'False'
    - OutDescEst: ' ' 
    - ErrorMessage: ''
0039641:
    - bResult: 'False'
    - OutDescEst: ' ' 
    - ErrorMessage: ''
0039653:
    - bResult: 'False'
    - OutDescEst: ' ' 
    - ErrorMessage: ''
0039654:
    - bResult: 'False'
    - OutDescEst: ' ' 
    - ErrorMessage: ''
0039655:
    - bResult: 'False'
    - OutDescEst: ' ' 
    - ErrorMessage: ''
0039656:
    - bResult: 'False'
    - OutDescEst: ' ' 
    - ErrorMessage: ''
0039658:
    - bResult: 'False'
    - OutDescEst: ' ' 
    - ErrorMessage: ''
0039659:
    - bResult: 'False'
    - OutDescEst: ' ' 
    - ErrorMessage: ''
0039661:
    - bResult: 'False'
    - OutDescEst: ' ' 
    - ErrorMessage: ''
0039671:
    - bResult: 'False'
    - OutDescEst: ' ' 
    - ErrorMessage: ''
0039672:
    - bResult: 'False'
    - OutDescEst: ' ' 
    - ErrorMessage: ''
0039673:
    - bResult: 'False'
    - OutDescEst: ' ' 
    - ErrorMessage: ''
0039682:
    - bResult: 'False'
    - OutDescEst: ' ' 
    - ErrorMessage: ''
0039696:
    - bResult: 'False'
    - OutDescEst: ' ' 
    - ErrorMessage: ''
0039700:
    - bResult: 'False'
    - OutDescEst: ' ' 
    - ErrorMessage: ''
0039709:
    - bResult: 'False'
    - OutDescEst: ' ' 
    - ErrorMessage: ''
0039710:
    - bResult: 'False'
    - OutDescEst: ' ' 
    - ErrorMessage: ''
0039719:
    - bResult: 'False'
    - OutDescEst: ' 1Bicch. - ' 
    - ErrorMessage: ''
0039720:
    - bResult: 'False'
    - OutDescEst: ' 1Bicch. - ' 
    - ErrorMessage: ''
0039721:
    - bResult: 'False'
    - OutDescEst: ' 1Bicch. - ' 
    - ErrorMessage: ''
0039724:
    - bResult: 'False'
    - OutDescEst: ' 2Bicch. - ' 
    - ErrorMessage: ''
0039725:
    - bResult: 'False'
    - OutDescEst: ' 2Bicch. - ' 
    - ErrorMessage: ''
0039765:
    - bResult: 'False'
    - OutDescEst: ' ' 
    - ErrorMessage: ''
0039818:
    - bResult: 'False'
    - OutDescEst: ' ' 
    - ErrorMessage: ''
0039880:
    - bResult: 'False'
    - OutDescEst: ' ' 
    - ErrorMessage: ''
0039933:
    - bResult: 'False'
    - OutDescEst: ' ' 
    - ErrorMessage: ''
0039935:
    - bResult: 'False'
    - OutDescEst: ' 1Bicch. - ' 
    - ErrorMessage: ''
0039936:
    - bResult: 'False'
    - OutDescEst: ' 1Bicch. - ' 
    - ErrorMessage: ''
0039943:
    - bResult: 'False'
    - OutDescEst: ' ' 
    - ErrorMessage: ''
0039944:
    - bResult: 'False'
    - OutDescEst: ' ' 
    - ErrorMessage: ''
0039948:
    - bResult: 'False'
    - OutDescEst: ' ' 
    - ErrorMessage: ''
0039949:
    - bResult: 'False'
    - OutDescEst: ' ' 
    - ErrorMessage: ''
0039966:
    - bResult: 'False'
    - OutDescEst: ' 1Bicch. - ' 
    - ErrorMessage: ''
0039967:
    - bResult: 'False'
    - OutDescEst: ' 1Bicch. - ' 
    - ErrorMessage: ''
0039979:
    - bResult: 'False'
    - OutDescEst: ' ' 
    - ErrorMessage: ''
0039990:
    - bResult: 'False'
    - OutDescEst: ' ' 
    - ErrorMessage: ''
0039991:
    - bResult: 'False'
    - OutDescEst: ' ' 
    - ErrorMessage: ''
0039999:
    - bResult: 'False'
    - OutDescEst: ' 1Bicch. - ' 
    - ErrorMessage: ''
0040000:
    - bResult: 'False'
    - OutDescEst: ' 1Bicch. - ' 
    - ErrorMessage: ''
0040005:
    - bResult: 'False'
    - OutDescEst: ' 1Bicch. - ' 
    - ErrorMessage: ''
0040006:
    - bResult: 'False'
    - OutDescEst: ' 1Bicch. - ' 
    - ErrorMessage: ''
0040011:
    - bResult: 'False'
    - OutDescEst: ' ' 
    - ErrorMessage: ''
0040012:
    - bResult: 'False'
    - OutDescEst: ' ' 
    - ErrorMessage: ''
0040036:
    - bResult: 'False'
    - OutDescEst: ' 1Bicch. - ' 
    - ErrorMessage: ''
0040037:
    - bResult: 'False'
    - OutDescEst: ' 1Bicch. - ' 
    - ErrorMessage: ''
0040038:
    - bResult: 'False'
    - OutDescEst: ' ' 
    - ErrorMessage: ''
0040039:
    - bResult: 'False'
    - OutDescEst: ' ' 
    - ErrorMessage: ''
0040055:
    - bResult: 'False'
    - OutDescEst: ' 1Bicch. - ' 
    - ErrorMessage: ''
0040056:
    - bResult: 'False'
    - OutDescEst: ' 1Bicch. - ' 
    - ErrorMessage: ''
0040120:
    - bResult: 'False'
    - OutDescEst: ' ' 
    - ErrorMessage: ''
0040122:
    - bResult: 'False'
    - OutDescEst: ' ' 
    - ErrorMessage: ''
0040123:
    - bResult: 'False'
    - OutDescEst: ' ' 
    - ErrorMessage: ''
0040133:
    - bResult: 'False'
    - OutDescEst: ' ' 
    - ErrorMessage: ''
0040224:
    - bResult: 'False'
    - OutDescEst: ' ' 
    - ErrorMessage: ''
0040225:
    - bResult: 'False'
    - OutDescEst: ' ' 
    - ErrorMessage: ''
0040230:
    - bResult: 'False'
    - OutDescEst: ' ' 
    - ErrorMessage: ''
0040231:
    - bResult: 'False'
    - OutDescEst: ' ' 
    - ErrorMessage: ''
0040273:
    - bResult: 'False'
    - OutDescEst: ' ' 
    - ErrorMessage: ''
0040274:
    - bResult: 'False'
    - OutDescEst: ' ' 
    - ErrorMessage: ''
0040294:
    - bResult: 'False'
    - OutDescEst: ' ' 
    - ErrorMessage: ''
0040356:
    - bResult: 'False'
    - OutDescEst: ' ' 
    - ErrorMessage: ''
0040357:
    - bResult: 'False'
    - OutDescEst: ' ' 
    - ErrorMessage: ''
0040431:
    - bResult: 'False'
    - OutDescEst: ' ' 
    - ErrorMessage: ''
0040436:
    - bResult: 'False'
    - OutDescEst: ' ' 
    - ErrorMessage: ''
0040437:
    - bResult: 'False'
    - OutDescEst: ' ' 
    - ErrorMessage: ''
0040438:
    - bResult: 'False'
    - OutDescEst: ' ' 
    - ErrorMessage: ''
0040448:
    - bResult: 'False'
    - OutDescEst: ' ' 
    - ErrorMessage: ''
