0250807:
    - bResult: 'False'
    - OutDescEst: '' 
    - ErrorMessage: ''
0250805:
    - bResult: 'False'
    - OutDescEst: '' 
    - ErrorMessage: ''
0250772:
    - bResult: 'False'
    - OutDescEst: '' 
    - ErrorMessage: ''
0250771:
    - bResult: 'False'
    - OutDescEst: '' 
    - ErrorMessage: ''
0250770:
    - bResult: 'False'
    - OutDescEst: '' 
    - ErrorMessage: ''
0250769:
    - bResult: 'False'
    - OutDescEst: '' 
    - ErrorMessage: ''
0250738:
    - bResult: 'False'
    - OutDescEst: '' 
    - ErrorMessage: ''
0250737:
    - bResult: 'False'
    - OutDescEst: '' 
    - ErrorMessage: ''
0250736:
    - bResult: 'False'
    - OutDescEst: '' 
    - ErrorMessage: ''
0250735:
    - bResult: 'False'
    - OutDescEst: '' 
    - ErrorMessage: ''
0250734:
    - bResult: 'False'
    - OutDescEst: '' 
    - ErrorMessage: ''
0250733:
    - bResult: 'False'
    - OutDescEst: '' 
    - ErrorMessage: ''
0250732:
    - bResult: 'False'
    - OutDescEst: '' 
    - ErrorMessage: ''
0250731:
    - bResult: 'False'
    - OutDescEst: '' 
    - ErrorMessage: ''
0250726:
    - bResult: 'False'
    - OutDescEst: '' 
    - ErrorMessage: ''
0250725:
    - bResult: 'False'
    - OutDescEst: '' 
    - ErrorMessage: ''
0250724:
    - bResult: 'False'
    - OutDescEst: '' 
    - ErrorMessage: ''
0250723:
    - bResult: 'False'
    - OutDescEst: '' 
    - ErrorMessage: ''
0250722:
    - bResult: 'False'
    - OutDescEst: '' 
    - ErrorMessage: ''
0250721:
    - bResult: 'False'
    - OutDescEst: '' 
    - ErrorMessage: ''
0250720:
    - bResult: 'False'
    - OutDescEst: ' Lato Lungo 0,000 fori, interasse 0 - Lato Corto 0 fori, interasse 0' 
    - ErrorMessage: ''
0250719:
    - bResult: 'False'
    - OutDescEst: ' Lato Lungo 0,000 fori, interasse 0 - Lato Corto 0 fori, interasse 0' 
    - ErrorMessage: ''
0250718:
    - bResult: 'False'
    - OutDescEst: '' 
    - ErrorMessage: ''
0250716:
    - bResult: 'False'
    - OutDescEst: '' 
    - ErrorMessage: ''
0250715:
    - bResult: 'False'
    - OutDescEst: '' 
    - ErrorMessage: ''
0250714:
    - bResult: 'False'
    - OutDescEst: '' 
    - ErrorMessage: ''
0250711:
    - bResult: 'False'
    - OutDescEst: '' 
    - ErrorMessage: ''
0250696:
    - bResult: 'False'
    - OutDescEst: '' 
    - ErrorMessage: ''
0250691:
    - bResult: 'False'
    - OutDescEst: '' 
    - ErrorMessage: ''
0250690:
    - bResult: 'False'
    - OutDescEst: '' 
    - ErrorMessage: ''
0250689:
    - bResult: 'False'
    - OutDescEst: '' 
    - ErrorMessage: ''
0250671:
    - bResult: 'False'
    - OutDescEst: '' 
    - ErrorMessage: ''
0250670:
    - bResult: 'False'
    - OutDescEst: '' 
    - ErrorMessage: ''
0250669:
    - bResult: 'False'
    - OutDescEst: '' 
    - ErrorMessage: ''
0250668:
    - bResult: 'False'
    - OutDescEst: '' 
    - ErrorMessage: ''
0250662:
    - bResult: 'False'
    - OutDescEst: '' 
    - ErrorMessage: ''
0250660:
    - bResult: 'False'
    - OutDescEst: '' 
    - ErrorMessage: ''
0250658:
    - bResult: 'False'
    - OutDescEst: 'Lam. grec. tamponamento' 
    - ErrorMessage: ''
0250587:
    - bResult: 'False'
    - OutDescEst: '' 
    - ErrorMessage: ''
0250586:
    - bResult: 'False'
    - OutDescEst: '' 
    - ErrorMessage: ''
0250585:
    - bResult: 'False'
    - OutDescEst: '' 
    - ErrorMessage: ''
0250584:
    - bResult: 'False'
    - OutDescEst: '' 
    - ErrorMessage: ''
0250583:
    - bResult: 'False'
    - OutDescEst: '' 
    - ErrorMessage: ''
0250582:
    - bResult: 'False'
    - OutDescEst: '' 
    - ErrorMessage: ''
0250581:
    - bResult: 'False'
    - OutDescEst: '' 
    - ErrorMessage: ''
0250580:
    - bResult: 'False'
    - OutDescEst: '' 
    - ErrorMessage: ''
0250579:
    - bResult: 'False'
    - OutDescEst: '' 
    - ErrorMessage: ''
0250578:
    - bResult: 'False'
    - OutDescEst: '' 
    - ErrorMessage: ''
0250577:
    - bResult: 'False'
    - OutDescEst: '' 
    - ErrorMessage: ''
0250576:
    - bResult: 'False'
    - OutDescEst: '' 
    - ErrorMessage: ''
0250572:
    - bResult: 'False'
    - OutDescEst: '' 
    - ErrorMessage: ''
0250570:
    - bResult: 'False'
    - OutDescEst: '' 
    - ErrorMessage: ''
0250569:
    - bResult: 'False'
    - OutDescEst: '' 
    - ErrorMessage: ''
0250568:
    - bResult: 'False'
    - OutDescEst: '' 
    - ErrorMessage: ''
0250567:
    - bResult: 'False'
    - OutDescEst: '' 
    - ErrorMessage: ''
0250566:
    - bResult: 'False'
    - OutDescEst: '' 
    - ErrorMessage: ''
0250557:
    - bResult: 'False'
    - OutDescEst: '' 
    - ErrorMessage: ''
0250556:
    - bResult: 'False'
    - OutDescEst: '' 
    - ErrorMessage: ''
0250555:
    - bResult: 'False'
    - OutDescEst: '' 
    - ErrorMessage: ''
0250550:
    - bResult: 'False'
    - OutDescEst: '' 
    - ErrorMessage: ''
0250546:
    - bResult: 'False'
    - OutDescEst: '' 
    - ErrorMessage: ''
0250541:
    - bResult: 'False'
    - OutDescEst: '' 
    - ErrorMessage: ''
0250537:
    - bResult: 'False'
    - OutDescEst: '' 
    - ErrorMessage: ''
0250490:
    - bResult: 'False'
    - OutDescEst: '' 
    - ErrorMessage: ''
0250489:
    - bResult: 'False'
    - OutDescEst: '' 
    - ErrorMessage: ''
0250482:
    - bResult: 'False'
    - OutDescEst: '' 
    - ErrorMessage: ''
0250481:
    - bResult: 'False'
    - OutDescEst: '' 
    - ErrorMessage: ''
0250480:
    - bResult: 'False'
    - OutDescEst: '' 
    - ErrorMessage: ''
0250479:
    - bResult: 'False'
    - OutDescEst: '' 
    - ErrorMessage: ''
0250478:
    - bResult: 'False'
    - OutDescEst: '' 
    - ErrorMessage: ''
0250477:
    - bResult: 'False'
    - OutDescEst: '' 
    - ErrorMessage: ''
0250465:
    - bResult: 'False'
    - OutDescEst: '' 
    - ErrorMessage: ''
0250464:
    - bResult: 'False'
    - OutDescEst: '' 
    - ErrorMessage: ''
0250463:
    - bResult: 'False'
    - OutDescEst: '' 
    - ErrorMessage: ''
0250459:
    - bResult: 'False'
    - OutDescEst: '' 
    - ErrorMessage: ''
0250458:
    - bResult: 'False'
    - OutDescEst: '' 
    - ErrorMessage: ''
0250457:
    - bResult: 'False'
    - OutDescEst: '' 
    - ErrorMessage: ''
0250456:
    - bResult: 'False'
    - OutDescEst: '' 
    - ErrorMessage: ''
0250455:
    - bResult: 'False'
    - OutDescEst: '' 
    - ErrorMessage: ''
0250436:
    - bResult: 'False'
    - OutDescEst: '' 
    - ErrorMessage: ''
0250435:
    - bResult: 'False'
    - OutDescEst: '' 
    - ErrorMessage: ''
0250404:
    - bResult: 'False'
    - OutDescEst: '' 
    - ErrorMessage: ''
0250403:
    - bResult: 'False'
    - OutDescEst: '' 
    - ErrorMessage: ''
0250402:
    - bResult: 'False'
    - OutDescEst: '' 
    - ErrorMessage: ''
0250401:
    - bResult: 'False'
    - OutDescEst: '' 
    - ErrorMessage: ''
0250400:
    - bResult: 'False'
    - OutDescEst: '' 
    - ErrorMessage: ''
0250399:
    - bResult: 'False'
    - OutDescEst: '' 
    - ErrorMessage: ''
0250398:
    - bResult: 'False'
    - OutDescEst: '' 
    - ErrorMessage: ''
0250397:
    - bResult: 'False'
    - OutDescEst: '' 
    - ErrorMessage: ''
0250396:
    - bResult: 'False'
    - OutDescEst: '' 
    - ErrorMessage: ''
0250384:
    - bResult: 'False'
    - OutDescEst: '' 
    - ErrorMessage: ''
0250383:
    - bResult: 'False'
    - OutDescEst: '' 
    - ErrorMessage: ''
0250382:
    - bResult: 'False'
    - OutDescEst: '' 
    - ErrorMessage: ''
0250381:
    - bResult: 'False'
    - OutDescEst: '' 
    - ErrorMessage: ''
0250380:
    - bResult: 'False'
    - OutDescEst: '' 
    - ErrorMessage: ''
0250377:
    - bResult: 'False'
    - OutDescEst: '' 
    - ErrorMessage: ''
0250372:
    - bResult: 'False'
    - OutDescEst: '' 
    - ErrorMessage: ''
0250357:
    - bResult: 'False'
    - OutDescEst: '' 
    - ErrorMessage: ''
0250356:
    - bResult: 'False'
    - OutDescEst: '' 
    - ErrorMessage: ''
0250337:
    - bResult: 'False'
    - OutDescEst: '' 
    - ErrorMessage: ''
0250336:
    - bResult: 'False'
    - OutDescEst: '' 
    - ErrorMessage: ''
0250327:
    - bResult: 'False'
    - OutDescEst: '' 
    - ErrorMessage: ''
0250326:
    - bResult: 'False'
    - OutDescEst: '' 
    - ErrorMessage: ''
0250322:
    - bResult: 'False'
    - OutDescEst: '' 
    - ErrorMessage: ''
0250321:
    - bResult: 'False'
    - OutDescEst: '' 
    - ErrorMessage: ''
0250320:
    - bResult: 'False'
    - OutDescEst: '' 
    - ErrorMessage: ''
0250264:
    - bResult: 'False'
    - OutDescEst: '' 
    - ErrorMessage: ''
0250263:
    - bResult: 'False'
    - OutDescEst: '' 
    - ErrorMessage: ''
0250262:
    - bResult: 'False'
    - OutDescEst: '' 
    - ErrorMessage: ''
0250261:
    - bResult: 'False'
    - OutDescEst: '' 
    - ErrorMessage: ''
0250260:
    - bResult: 'False'
    - OutDescEst: '' 
    - ErrorMessage: ''
0250259:
    - bResult: 'False'
    - OutDescEst: '' 
    - ErrorMessage: ''
0250258:
    - bResult: 'False'
    - OutDescEst: '' 
    - ErrorMessage: ''
0250257:
    - bResult: 'False'
    - OutDescEst: '' 
    - ErrorMessage: ''
0250256:
    - bResult: 'False'
    - OutDescEst: '' 
    - ErrorMessage: ''
0250205:
    - bResult: 'False'
    - OutDescEst: '' 
    - ErrorMessage: ''
0250204:
    - bResult: 'False'
    - OutDescEst: '' 
    - ErrorMessage: ''
0250203:
    - bResult: 'False'
    - OutDescEst: '' 
    - ErrorMessage: ''
0250202:
    - bResult: 'False'
    - OutDescEst: '' 
    - ErrorMessage: ''
0250201:
    - bResult: 'False'
    - OutDescEst: '' 
    - ErrorMessage: ''
0250200:
    - bResult: 'False'
    - OutDescEst: '' 
    - ErrorMessage: ''
0250199:
    - bResult: 'False'
    - OutDescEst: '' 
    - ErrorMessage: ''
0250196:
    - bResult: 'False'
    - OutDescEst: '' 
    - ErrorMessage: ''
0250188:
    - bResult: 'False'
    - OutDescEst: '' 
    - ErrorMessage: ''
0250172:
    - bResult: 'False'
    - OutDescEst: '' 
    - ErrorMessage: ''
0250167:
    - bResult: 'False'
    - OutDescEst: '' 
    - ErrorMessage: ''
0250163:
    - bResult: 'False'
    - OutDescEst: '' 
    - ErrorMessage: ''
0250162:
    - bResult: 'False'
    - OutDescEst: '' 
    - ErrorMessage: ''
0250161:
    - bResult: 'False'
    - OutDescEst: '' 
    - ErrorMessage: ''
0250160:
    - bResult: 'False'
    - OutDescEst: '' 
    - ErrorMessage: ''
0250159:
    - bResult: 'False'
    - OutDescEst: '' 
    - ErrorMessage: ''
0250158:
    - bResult: 'False'
    - OutDescEst: '' 
    - ErrorMessage: ''
0250144:
    - bResult: 'False'
    - OutDescEst: '' 
    - ErrorMessage: ''
0250143:
    - bResult: 'False'
    - OutDescEst: '' 
    - ErrorMessage: ''
0250142:
    - bResult: 'False'
    - OutDescEst: '' 
    - ErrorMessage: ''
0250141:
    - bResult: 'False'
    - OutDescEst: '' 
    - ErrorMessage: ''
0250136:
    - bResult: 'False'
    - OutDescEst: '' 
    - ErrorMessage: ''
0250133:
    - bResult: 'False'
    - OutDescEst: '' 
    - ErrorMessage: ''
0250132:
    - bResult: 'False'
    - OutDescEst: '' 
    - ErrorMessage: ''
0250129:
    - bResult: 'False'
    - OutDescEst: '' 
    - ErrorMessage: ''
0250126:
    - bResult: 'False'
    - OutDescEst: '' 
    - ErrorMessage: ''
0250125:
    - bResult: 'False'
    - OutDescEst: '' 
    - ErrorMessage: ''
0250105:
    - bResult: 'False'
    - OutDescEst: '' 
    - ErrorMessage: ''
0250088:
    - bResult: 'False'
    - OutDescEst: '' 
    - ErrorMessage: ''
0250083:
    - bResult: 'False'
    - OutDescEst: '' 
    - ErrorMessage: ''
0250075:
    - bResult: 'False'
    - OutDescEst: '' 
    - ErrorMessage: ''
0250072:
    - bResult: 'False'
    - OutDescEst: '' 
    - ErrorMessage: ''
0250070:
    - bResult: 'False'
    - OutDescEst: '' 
    - ErrorMessage: ''
0250069:
    - bResult: 'False'
    - OutDescEst: '' 
    - ErrorMessage: ''
0250064:
    - bResult: 'False'
    - OutDescEst: '' 
    - ErrorMessage: ''
0250062:
    - bResult: 'False'
    - OutDescEst: '' 
    - ErrorMessage: ''
0250050:
    - bResult: 'False'
    - OutDescEst: '' 
    - ErrorMessage: ''
0250048:
    - bResult: 'False'
    - OutDescEst: '' 
    - ErrorMessage: ''
0250047:
    - bResult: 'False'
    - OutDescEst: '' 
    - ErrorMessage: ''
0250038:
    - bResult: 'False'
    - OutDescEst: '' 
    - ErrorMessage: ''
0250037:
    - bResult: 'False'
    - OutDescEst: '' 
    - ErrorMessage: ''
0250021:
    - bResult: 'False'
    - OutDescEst: '' 
    - ErrorMessage: ''
0250020:
    - bResult: 'False'
    - OutDescEst: '' 
    - ErrorMessage: ''
0250019:
    - bResult: 'False'
    - OutDescEst: '' 
    - ErrorMessage: ''
0250018:
    - bResult: 'False'
    - OutDescEst: '' 
    - ErrorMessage: ''
0249982:
    - bResult: 'False'
    - OutDescEst: '' 
    - ErrorMessage: ''
0249981:
    - bResult: 'False'
    - OutDescEst: '' 
    - ErrorMessage: ''
0249980:
    - bResult: 'False'
    - OutDescEst: '' 
    - ErrorMessage: ''
0249966:
    - bResult: 'False'
    - OutDescEst: '' 
    - ErrorMessage: ''
0249950:
    - bResult: 'False'
    - OutDescEst: '' 
    - ErrorMessage: ''
0249949:
    - bResult: 'False'
    - OutDescEst: '' 
    - ErrorMessage: ''
0249948:
    - bResult: 'False'
    - OutDescEst: '' 
    - ErrorMessage: ''
0249946:
    - bResult: 'False'
    - OutDescEst: '' 
    - ErrorMessage: ''
0249945:
    - bResult: 'False'
    - OutDescEst: '' 
    - ErrorMessage: ''
0249944:
    - bResult: 'False'
    - OutDescEst: '' 
    - ErrorMessage: ''
0249942:
    - bResult: 'False'
    - OutDescEst: '' 
    - ErrorMessage: ''
0249916:
    - bResult: 'False'
    - OutDescEst: '' 
    - ErrorMessage: ''
0249915:
    - bResult: 'False'
    - OutDescEst: '' 
    - ErrorMessage: ''
0249914:
    - bResult: 'False'
    - OutDescEst: '' 
    - ErrorMessage: ''
0249913:
    - bResult: 'False'
    - OutDescEst: '' 
    - ErrorMessage: ''
0249912:
    - bResult: 'False'
    - OutDescEst: '' 
    - ErrorMessage: ''
0249911:
    - bResult: 'False'
    - OutDescEst: '' 
    - ErrorMessage: ''
0249890:
    - bResult: 'False'
    - OutDescEst: '' 
    - ErrorMessage: ''
0249889:
    - bResult: 'False'
    - OutDescEst: '' 
    - ErrorMessage: ''
0249888:
    - bResult: 'False'
    - OutDescEst: '' 
    - ErrorMessage: ''
0249881:
    - bResult: 'False'
    - OutDescEst: '' 
    - ErrorMessage: ''
0249878:
    - bResult: 'False'
    - OutDescEst: '' 
    - ErrorMessage: ''
0249871:
    - bResult: 'False'
    - OutDescEst: '' 
    - ErrorMessage: ''
0249870:
    - bResult: 'False'
    - OutDescEst: '' 
    - ErrorMessage: ''
0249849:
    - bResult: 'False'
    - OutDescEst: '' 
    - ErrorMessage: ''
0249846:
    - bResult: 'False'
    - OutDescEst: '' 
    - ErrorMessage: ''
0249845:
    - bResult: 'False'
    - OutDescEst: '' 
    - ErrorMessage: ''
0249844:
    - bResult: 'False'
    - OutDescEst: '' 
    - ErrorMessage: ''
0249838:
    - bResult: 'False'
    - OutDescEst: '' 
    - ErrorMessage: ''
0249837:
    - bResult: 'False'
    - OutDescEst: '' 
    - ErrorMessage: ''
0249836:
    - bResult: 'False'
    - OutDescEst: '' 
    - ErrorMessage: ''
0249835:
    - bResult: 'False'
    - OutDescEst: '' 
    - ErrorMessage: ''
0249834:
    - bResult: 'False'
    - OutDescEst: '' 
    - ErrorMessage: ''
0249833:
    - bResult: 'False'
    - OutDescEst: '' 
    - ErrorMessage: ''
0249832:
    - bResult: 'False'
    - OutDescEst: '' 
    - ErrorMessage: ''
0249831:
    - bResult: 'False'
    - OutDescEst: '' 
    - ErrorMessage: ''
0249830:
    - bResult: 'False'
    - OutDescEst: '' 
    - ErrorMessage: ''
0249829:
    - bResult: 'False'
    - OutDescEst: '' 
    - ErrorMessage: ''
0249828:
    - bResult: 'False'
    - OutDescEst: '' 
    - ErrorMessage: ''
0249822:
    - bResult: 'False'
    - OutDescEst: '' 
    - ErrorMessage: ''
0249800:
    - bResult: 'False'
    - OutDescEst: '' 
    - ErrorMessage: ''
0249799:
    - bResult: 'False'
    - OutDescEst: '' 
    - ErrorMessage: ''
0249798:
    - bResult: 'False'
    - OutDescEst: '' 
    - ErrorMessage: ''
0249797:
    - bResult: 'False'
    - OutDescEst: '' 
    - ErrorMessage: ''
0249796:
    - bResult: 'False'
    - OutDescEst: '' 
    - ErrorMessage: ''
0249795:
    - bResult: 'False'
    - OutDescEst: '' 
    - ErrorMessage: ''
0249794:
    - bResult: 'False'
    - OutDescEst: '' 
    - ErrorMessage: ''
0249793:
    - bResult: 'False'
    - OutDescEst: '' 
    - ErrorMessage: ''
0249792:
    - bResult: 'False'
    - OutDescEst: '' 
    - ErrorMessage: ''
0249785:
    - bResult: 'False'
    - OutDescEst: '' 
    - ErrorMessage: ''
0249784:
    - bResult: 'False'
    - OutDescEst: '' 
    - ErrorMessage: ''
0249732:
    - bResult: 'False'
    - OutDescEst: '' 
    - ErrorMessage: ''
0249730:
    - bResult: 'False'
    - OutDescEst: '' 
    - ErrorMessage: ''
0249729:
    - bResult: 'False'
    - OutDescEst: '' 
    - ErrorMessage: ''
0249727:
    - bResult: 'False'
    - OutDescEst: '' 
    - ErrorMessage: ''
0249725:
    - bResult: 'False'
    - OutDescEst: '' 
    - ErrorMessage: ''
0249724:
    - bResult: 'False'
    - OutDescEst: '' 
    - ErrorMessage: ''
0249723:
    - bResult: 'False'
    - OutDescEst: '' 
    - ErrorMessage: ''
0249722:
    - bResult: 'False'
    - OutDescEst: '' 
    - ErrorMessage: ''
0249721:
    - bResult: 'False'
    - OutDescEst: '' 
    - ErrorMessage: ''
0249720:
    - bResult: 'False'
    - OutDescEst: '' 
    - ErrorMessage: ''
0249719:
    - bResult: 'False'
    - OutDescEst: '' 
    - ErrorMessage: ''
0249717:
    - bResult: 'False'
    - OutDescEst: '' 
    - ErrorMessage: ''
0249716:
    - bResult: 'False'
    - OutDescEst: '' 
    - ErrorMessage: ''
0249715:
    - bResult: 'False'
    - OutDescEst: '' 
    - ErrorMessage: ''
0249714:
    - bResult: 'False'
    - OutDescEst: '' 
    - ErrorMessage: ''
0249713:
    - bResult: 'False'
    - OutDescEst: '' 
    - ErrorMessage: ''
0249712:
    - bResult: 'False'
    - OutDescEst: '' 
    - ErrorMessage: ''
0249711:
    - bResult: 'False'
    - OutDescEst: '' 
    - ErrorMessage: ''
0249710:
    - bResult: 'False'
    - OutDescEst: '' 
    - ErrorMessage: ''
0249709:
    - bResult: 'False'
    - OutDescEst: '' 
    - ErrorMessage: ''
0249708:
    - bResult: 'False'
    - OutDescEst: '' 
    - ErrorMessage: ''
0249707:
    - bResult: 'False'
    - OutDescEst: '' 
    - ErrorMessage: ''
0249706:
    - bResult: 'False'
    - OutDescEst: '' 
    - ErrorMessage: ''
0249705:
    - bResult: 'False'
    - OutDescEst: '' 
    - ErrorMessage: ''
0249704:
    - bResult: 'False'
    - OutDescEst: '' 
    - ErrorMessage: ''
0249703:
    - bResult: 'False'
    - OutDescEst: '' 
    - ErrorMessage: ''
0249702:
    - bResult: 'False'
    - OutDescEst: '' 
    - ErrorMessage: ''
0249701:
    - bResult: 'False'
    - OutDescEst: '' 
    - ErrorMessage: ''
0249700:
    - bResult: 'False'
    - OutDescEst: '' 
    - ErrorMessage: ''
0249664:
    - bResult: 'False'
    - OutDescEst: '' 
    - ErrorMessage: ''
0249663:
    - bResult: 'False'
    - OutDescEst: '' 
    - ErrorMessage: ''
0249645:
    - bResult: 'False'
    - OutDescEst: '' 
    - ErrorMessage: ''
0249644:
    - bResult: 'False'
    - OutDescEst: '' 
    - ErrorMessage: ''
0249643:
    - bResult: 'False'
    - OutDescEst: '' 
    - ErrorMessage: ''
0249642:
    - bResult: 'False'
    - OutDescEst: '' 
    - ErrorMessage: ''
0249641:
    - bResult: 'False'
    - OutDescEst: '' 
    - ErrorMessage: ''
0249640:
    - bResult: 'False'
    - OutDescEst: '' 
    - ErrorMessage: ''
0249639:
    - bResult: 'False'
    - OutDescEst: '' 
    - ErrorMessage: ''
0249638:
    - bResult: 'False'
    - OutDescEst: '' 
    - ErrorMessage: ''
0249637:
    - bResult: 'False'
    - OutDescEst: '' 
    - ErrorMessage: ''
0249636:
    - bResult: 'False'
    - OutDescEst: '' 
    - ErrorMessage: ''
0249635:
    - bResult: 'False'
    - OutDescEst: '' 
    - ErrorMessage: ''
0249634:
    - bResult: 'False'
    - OutDescEst: '' 
    - ErrorMessage: ''
0249633:
    - bResult: 'False'
    - OutDescEst: '' 
    - ErrorMessage: ''
0249632:
    - bResult: 'False'
    - OutDescEst: '' 
    - ErrorMessage: ''
0249631:
    - bResult: 'False'
    - OutDescEst: '' 
    - ErrorMessage: ''
0249630:
    - bResult: 'False'
    - OutDescEst: '' 
    - ErrorMessage: ''
0249625:
    - bResult: 'False'
    - OutDescEst: '' 
    - ErrorMessage: ''
0249622:
    - bResult: 'False'
    - OutDescEst: '' 
    - ErrorMessage: ''
0249615:
    - bResult: 'False'
    - OutDescEst: '' 
    - ErrorMessage: ''
0249608:
    - bResult: 'False'
    - OutDescEst: '' 
    - ErrorMessage: ''
0249592:
    - bResult: 'False'
    - OutDescEst: '' 
    - ErrorMessage: ''
0249591:
    - bResult: 'False'
    - OutDescEst: '' 
    - ErrorMessage: ''
0249590:
    - bResult: 'False'
    - OutDescEst: '' 
    - ErrorMessage: ''
0249588:
    - bResult: 'False'
    - OutDescEst: '' 
    - ErrorMessage: ''
0249587:
    - bResult: 'False'
    - OutDescEst: '' 
    - ErrorMessage: ''
0249569:
    - bResult: 'False'
    - OutDescEst: '' 
    - ErrorMessage: ''
0249568:
    - bResult: 'False'
    - OutDescEst: '' 
    - ErrorMessage: ''
0249567:
    - bResult: 'False'
    - OutDescEst: '' 
    - ErrorMessage: ''
0249566:
    - bResult: 'False'
    - OutDescEst: '' 
    - ErrorMessage: ''
0249565:
    - bResult: 'False'
    - OutDescEst: '' 
    - ErrorMessage: ''
0249564:
    - bResult: 'False'
    - OutDescEst: '' 
    - ErrorMessage: ''
0249563:
    - bResult: 'False'
    - OutDescEst: '' 
    - ErrorMessage: ''
0249562:
    - bResult: 'False'
    - OutDescEst: '' 
    - ErrorMessage: ''
0249561:
    - bResult: 'False'
    - OutDescEst: '' 
    - ErrorMessage: ''
0249558:
    - bResult: 'False'
    - OutDescEst: '' 
    - ErrorMessage: ''
0249557:
    - bResult: 'False'
    - OutDescEst: '' 
    - ErrorMessage: ''
0249556:
    - bResult: 'False'
    - OutDescEst: '' 
    - ErrorMessage: ''
0249555:
    - bResult: 'False'
    - OutDescEst: '' 
    - ErrorMessage: ''
0249554:
    - bResult: 'False'
    - OutDescEst: '' 
    - ErrorMessage: ''
0249552:
    - bResult: 'False'
    - OutDescEst: '' 
    - ErrorMessage: ''
0249551:
    - bResult: 'False'
    - OutDescEst: '' 
    - ErrorMessage: ''
0249549:
    - bResult: 'False'
    - OutDescEst: '' 
    - ErrorMessage: ''
0249548:
    - bResult: 'False'
    - OutDescEst: '' 
    - ErrorMessage: ''
0249547:
    - bResult: 'False'
    - OutDescEst: '' 
    - ErrorMessage: ''
0249545:
    - bResult: 'False'
    - OutDescEst: '' 
    - ErrorMessage: ''
0249544:
    - bResult: 'False'
    - OutDescEst: '' 
    - ErrorMessage: ''
0249542:
    - bResult: 'False'
    - OutDescEst: '' 
    - ErrorMessage: ''
0249541:
    - bResult: 'False'
    - OutDescEst: '' 
    - ErrorMessage: ''
0249540:
    - bResult: 'False'
    - OutDescEst: '' 
    - ErrorMessage: ''
0249539:
    - bResult: 'False'
    - OutDescEst: '' 
    - ErrorMessage: ''
0249538:
    - bResult: 'False'
    - OutDescEst: '' 
    - ErrorMessage: ''
0249537:
    - bResult: 'False'
    - OutDescEst: '' 
    - ErrorMessage: ''
0249536:
    - bResult: 'False'
    - OutDescEst: '' 
    - ErrorMessage: ''
0249535:
    - bResult: 'False'
    - OutDescEst: '' 
    - ErrorMessage: ''
0249534:
    - bResult: 'False'
    - OutDescEst: '' 
    - ErrorMessage: ''
0249533:
    - bResult: 'False'
    - OutDescEst: '' 
    - ErrorMessage: ''
0249531:
    - bResult: 'False'
    - OutDescEst: '' 
    - ErrorMessage: ''
0249530:
    - bResult: 'False'
    - OutDescEst: '' 
    - ErrorMessage: ''
0249528:
    - bResult: 'False'
    - OutDescEst: '' 
    - ErrorMessage: ''
0249526:
    - bResult: 'False'
    - OutDescEst: '' 
    - ErrorMessage: ''
0249525:
    - bResult: 'False'
    - OutDescEst: '' 
    - ErrorMessage: ''
0249523:
    - bResult: 'False'
    - OutDescEst: '' 
    - ErrorMessage: ''
0249521:
    - bResult: 'False'
    - OutDescEst: '' 
    - ErrorMessage: ''
0249485:
    - bResult: 'False'
    - OutDescEst: '' 
    - ErrorMessage: ''
0249484:
    - bResult: 'False'
    - OutDescEst: '' 
    - ErrorMessage: ''
0249483:
    - bResult: 'False'
    - OutDescEst: '' 
    - ErrorMessage: ''
0249482:
    - bResult: 'False'
    - OutDescEst: '' 
    - ErrorMessage: ''
0249480:
    - bResult: 'False'
    - OutDescEst: '' 
    - ErrorMessage: ''
0249476:
    - bResult: 'False'
    - OutDescEst: '' 
    - ErrorMessage: ''
0249475:
    - bResult: 'False'
    - OutDescEst: '' 
    - ErrorMessage: ''
0249470:
    - bResult: 'False'
    - OutDescEst: '' 
    - ErrorMessage: ''
0249469:
    - bResult: 'False'
    - OutDescEst: '' 
    - ErrorMessage: ''
0249466:
    - bResult: 'False'
    - OutDescEst: '' 
    - ErrorMessage: ''
0249461:
    - bResult: 'False'
    - OutDescEst: '' 
    - ErrorMessage: ''
0249460:
    - bResult: 'False'
    - OutDescEst: '' 
    - ErrorMessage: ''
0249456:
    - bResult: 'False'
    - OutDescEst: '' 
    - ErrorMessage: ''
0249448:
    - bResult: 'False'
    - OutDescEst: '' 
    - ErrorMessage: ''
0249447:
    - bResult: 'False'
    - OutDescEst: '' 
    - ErrorMessage: ''
0249442:
    - bResult: 'False'
    - OutDescEst: '' 
    - ErrorMessage: ''
0249441:
    - bResult: 'False'
    - OutDescEst: '' 
    - ErrorMessage: ''
0249440:
    - bResult: 'False'
    - OutDescEst: '' 
    - ErrorMessage: ''
0249437:
    - bResult: 'False'
    - OutDescEst: '' 
    - ErrorMessage: ''
0249436:
    - bResult: 'False'
    - OutDescEst: '' 
    - ErrorMessage: ''
0249435:
    - bResult: 'False'
    - OutDescEst: '' 
    - ErrorMessage: ''
0249432:
    - bResult: 'False'
    - OutDescEst: '' 
    - ErrorMessage: ''
0249427:
    - bResult: 'False'
    - OutDescEst: '' 
    - ErrorMessage: ''
0249423:
    - bResult: 'False'
    - OutDescEst: '' 
    - ErrorMessage: ''
0249422:
    - bResult: 'False'
    - OutDescEst: '' 
    - ErrorMessage: ''
0249421:
    - bResult: 'False'
    - OutDescEst: '' 
    - ErrorMessage: ''
0249409:
    - bResult: 'False'
    - OutDescEst: '' 
    - ErrorMessage: ''
0249373:
    - bResult: 'False'
    - OutDescEst: '' 
    - ErrorMessage: ''
0249372:
    - bResult: 'False'
    - OutDescEst: '' 
    - ErrorMessage: ''
0249371:
    - bResult: 'False'
    - OutDescEst: '' 
    - ErrorMessage: ''
0249370:
    - bResult: 'False'
    - OutDescEst: '' 
    - ErrorMessage: ''
0249369:
    - bResult: 'False'
    - OutDescEst: '' 
    - ErrorMessage: ''
0249362:
    - bResult: 'False'
    - OutDescEst: '' 
    - ErrorMessage: ''
0249358:
    - bResult: 'False'
    - OutDescEst: '' 
    - ErrorMessage: ''
0249357:
    - bResult: 'False'
    - OutDescEst: '' 
    - ErrorMessage: ''
0249356:
    - bResult: 'False'
    - OutDescEst: ' Lato Lungo 0,000 fori, interasse 0 - Lato Corto 0 fori, interasse 0' 
    - ErrorMessage: ''
0249353:
    - bResult: 'False'
    - OutDescEst: '' 
    - ErrorMessage: ''
0249352:
    - bResult: 'False'
    - OutDescEst: '' 
    - ErrorMessage: ''
0249343:
    - bResult: 'False'
    - OutDescEst: '' 
    - ErrorMessage: ''
0249342:
    - bResult: 'False'
    - OutDescEst: '' 
    - ErrorMessage: ''
0249341:
    - bResult: 'False'
    - OutDescEst: '' 
    - ErrorMessage: ''
0249334:
    - bResult: 'False'
    - OutDescEst: '' 
    - ErrorMessage: ''
0249327:
    - bResult: 'False'
    - OutDescEst: '' 
    - ErrorMessage: ''
0249305:
    - bResult: 'False'
    - OutDescEst: '' 
    - ErrorMessage: ''
0249296:
    - bResult: 'False'
    - OutDescEst: '' 
    - ErrorMessage: ''
0249281:
    - bResult: 'False'
    - OutDescEst: '' 
    - ErrorMessage: ''
0249280:
    - bResult: 'False'
    - OutDescEst: '' 
    - ErrorMessage: ''
0249279:
    - bResult: 'False'
    - OutDescEst: '' 
    - ErrorMessage: ''
0249278:
    - bResult: 'False'
    - OutDescEst: '' 
    - ErrorMessage: ''
0249277:
    - bResult: 'False'
    - OutDescEst: '' 
    - ErrorMessage: ''
0249276:
    - bResult: 'False'
    - OutDescEst: '' 
    - ErrorMessage: ''
0249269:
    - bResult: 'False'
    - OutDescEst: '' 
    - ErrorMessage: ''
0249268:
    - bResult: 'False'
    - OutDescEst: '' 
    - ErrorMessage: ''
0249267:
    - bResult: 'False'
    - OutDescEst: '' 
    - ErrorMessage: ''
0249266:
    - bResult: 'False'
    - OutDescEst: '' 
    - ErrorMessage: ''
0249265:
    - bResult: 'False'
    - OutDescEst: '' 
    - ErrorMessage: ''
0249264:
    - bResult: 'False'
    - OutDescEst: '' 
    - ErrorMessage: ''
0249263:
    - bResult: 'False'
    - OutDescEst: '' 
    - ErrorMessage: ''
0249262:
    - bResult: 'False'
    - OutDescEst: '' 
    - ErrorMessage: ''
0249247:
    - bResult: 'False'
    - OutDescEst: '' 
    - ErrorMessage: ''
0249224:
    - bResult: 'False'
    - OutDescEst: '' 
    - ErrorMessage: ''
0249223:
    - bResult: 'False'
    - OutDescEst: '' 
    - ErrorMessage: ''
0249222:
    - bResult: 'False'
    - OutDescEst: '' 
    - ErrorMessage: ''
0249221:
    - bResult: 'False'
    - OutDescEst: '' 
    - ErrorMessage: ''
0249220:
    - bResult: 'False'
    - OutDescEst: '' 
    - ErrorMessage: ''
0249219:
    - bResult: 'False'
    - OutDescEst: '' 
    - ErrorMessage: ''
0249218:
    - bResult: 'False'
    - OutDescEst: '' 
    - ErrorMessage: ''
0249217:
    - bResult: 'False'
    - OutDescEst: '' 
    - ErrorMessage: ''
0249216:
    - bResult: 'False'
    - OutDescEst: '' 
    - ErrorMessage: ''
0249215:
    - bResult: 'False'
    - OutDescEst: '' 
    - ErrorMessage: ''
0249214:
    - bResult: 'False'
    - OutDescEst: '' 
    - ErrorMessage: ''
0249213:
    - bResult: 'False'
    - OutDescEst: '' 
    - ErrorMessage: ''
0249212:
    - bResult: 'False'
    - OutDescEst: '' 
    - ErrorMessage: ''
0249211:
    - bResult: 'False'
    - OutDescEst: '' 
    - ErrorMessage: ''
0249210:
    - bResult: 'False'
    - OutDescEst: '' 
    - ErrorMessage: ''
0249209:
    - bResult: 'False'
    - OutDescEst: '' 
    - ErrorMessage: ''
0249208:
    - bResult: 'False'
    - OutDescEst: '' 
    - ErrorMessage: ''
0249207:
    - bResult: 'False'
    - OutDescEst: '' 
    - ErrorMessage: ''
0249206:
    - bResult: 'False'
    - OutDescEst: '' 
    - ErrorMessage: ''
0249205:
    - bResult: 'False'
    - OutDescEst: '' 
    - ErrorMessage: ''
0249203:
    - bResult: 'False'
    - OutDescEst: '' 
    - ErrorMessage: ''
0249202:
    - bResult: 'False'
    - OutDescEst: '' 
    - ErrorMessage: ''
0249201:
    - bResult: 'False'
    - OutDescEst: '' 
    - ErrorMessage: ''
0249199:
    - bResult: 'False'
    - OutDescEst: '' 
    - ErrorMessage: ''
0249198:
    - bResult: 'False'
    - OutDescEst: '' 
    - ErrorMessage: ''
0249197:
    - bResult: 'False'
    - OutDescEst: '' 
    - ErrorMessage: ''
0249196:
    - bResult: 'False'
    - OutDescEst: '' 
    - ErrorMessage: ''
0249188:
    - bResult: 'False'
    - OutDescEst: '' 
    - ErrorMessage: ''
0249184:
    - bResult: 'False'
    - OutDescEst: '' 
    - ErrorMessage: ''
0249172:
    - bResult: 'False'
    - OutDescEst: '' 
    - ErrorMessage: ''
0249153:
    - bResult: 'False'
    - OutDescEst: '' 
    - ErrorMessage: ''
0249151:
    - bResult: 'False'
    - OutDescEst: '' 
    - ErrorMessage: ''
0249141:
    - bResult: 'False'
    - OutDescEst: '' 
    - ErrorMessage: ''
0249121:
    - bResult: 'False'
    - OutDescEst: '' 
    - ErrorMessage: ''
0249118:
    - bResult: 'False'
    - OutDescEst: '' 
    - ErrorMessage: ''
0249102:
    - bResult: 'False'
    - OutDescEst: '' 
    - ErrorMessage: ''
0249101:
    - bResult: 'False'
    - OutDescEst: '' 
    - ErrorMessage: ''
0249097:
    - bResult: 'False'
    - OutDescEst: '' 
    - ErrorMessage: ''
0249096:
    - bResult: 'False'
    - OutDescEst: '' 
    - ErrorMessage: ''
0249095:
    - bResult: 'False'
    - OutDescEst: '' 
    - ErrorMessage: ''
0249094:
    - bResult: 'False'
    - OutDescEst: '' 
    - ErrorMessage: ''
0249093:
    - bResult: 'False'
    - OutDescEst: '' 
    - ErrorMessage: ''
0249092:
    - bResult: 'False'
    - OutDescEst: '' 
    - ErrorMessage: ''
0249091:
    - bResult: 'False'
    - OutDescEst: '' 
    - ErrorMessage: ''
0249090:
    - bResult: 'False'
    - OutDescEst: '' 
    - ErrorMessage: ''
