0025491:
    - bResult: 'False'
    - OutDescEst: '' 
    - ErrorMessage: ''
0025492:
    - bResult: 'False'
    - OutDescEst: '' 
    - ErrorMessage: ''
0025806:
    - bResult: 'False'
    - OutDescEst: '' 
    - ErrorMessage: ''
0025807:
    - bResult: 'False'
    - OutDescEst: '' 
    - ErrorMessage: ''
0026366:
    - bResult: 'False'
    - OutDescEst: '' 
    - ErrorMessage: ''
0026367:
    - bResult: 'False'
    - OutDescEst: '' 
    - ErrorMessage: ''
0027054:
    - bResult: 'False'
    - OutDescEst: '' 
    - ErrorMessage: ''
0027075:
    - bResult: 'False'
    - OutDescEst: '' 
    - ErrorMessage: ''
0027076:
    - bResult: 'False'
    - OutDescEst: '' 
    - ErrorMessage: ''
0027078:
    - bResult: 'False'
    - OutDescEst: '' 
    - ErrorMessage: ''
0027079:
    - bResult: 'False'
    - OutDescEst: '' 
    - ErrorMessage: ''
0027129:
    - bResult: 'False'
    - OutDescEst: '' 
    - ErrorMessage: ''
0027130:
    - bResult: 'False'
    - OutDescEst: '' 
    - ErrorMessage: ''
0027132:
    - bResult: 'False'
    - OutDescEst: '' 
    - ErrorMessage: ''
0027133:
    - bResult: 'False'
    - OutDescEst: '' 
    - ErrorMessage: ''
0027549:
    - bResult: 'False'
    - OutDescEst: '' 
    - ErrorMessage: ''
0028481:
    - bResult: 'False'
    - OutDescEst: '' 
    - ErrorMessage: ''
0029309:
    - bResult: 'False'
    - OutDescEst: '' 
    - ErrorMessage: ''
0029310:
    - bResult: 'False'
    - OutDescEst: '' 
    - ErrorMessage: ''
0029432:
    - bResult: 'False'
    - OutDescEst: '' 
    - ErrorMessage: ''
0029617:
    - bResult: 'False'
    - OutDescEst: '' 
    - ErrorMessage: ''
0029618:
    - bResult: 'False'
    - OutDescEst: '' 
    - ErrorMessage: ''
0029620:
    - bResult: 'False'
    - OutDescEst: '' 
    - ErrorMessage: ''
0029621:
    - bResult: 'False'
    - OutDescEst: '' 
    - ErrorMessage: ''
0029632:
    - bResult: 'False'
    - OutDescEst: '' 
    - ErrorMessage: ''
0029633:
    - bResult: 'False'
    - OutDescEst: '' 
    - ErrorMessage: ''
0030598:
    - bResult: 'False'
    - OutDescEst: '' 
    - ErrorMessage: ''
0030599:
    - bResult: 'False'
    - OutDescEst: '' 
    - ErrorMessage: ''
0030620:
    - bResult: 'False'
    - OutDescEst: '' 
    - ErrorMessage: ''
0031006:
    - bResult: 'False'
    - OutDescEst: '' 
    - ErrorMessage: ''
0031007:
    - bResult: 'False'
    - OutDescEst: '' 
    - ErrorMessage: ''
0031009:
    - bResult: 'False'
    - OutDescEst: '' 
    - ErrorMessage: ''
0031010:
    - bResult: 'False'
    - OutDescEst: '' 
    - ErrorMessage: ''
0031012:
    - bResult: 'False'
    - OutDescEst: '' 
    - ErrorMessage: ''
0031013:
    - bResult: 'False'
    - OutDescEst: '' 
    - ErrorMessage: ''
0031406:
    - bResult: 'False'
    - OutDescEst: '' 
    - ErrorMessage: ''
0031407:
    - bResult: 'False'
    - OutDescEst: '' 
    - ErrorMessage: ''
0031550:
    - bResult: 'False'
    - OutDescEst: '' 
    - ErrorMessage: ''
0031551:
    - bResult: 'False'
    - OutDescEst: '' 
    - ErrorMessage: ''
0031586:
    - bResult: 'False'
    - OutDescEst: '' 
    - ErrorMessage: ''
0031587:
    - bResult: 'False'
    - OutDescEst: '' 
    - ErrorMessage: ''
0031589:
    - bResult: 'False'
    - OutDescEst: '' 
    - ErrorMessage: ''
0031613:
    - bResult: 'False'
    - OutDescEst: '' 
    - ErrorMessage: ''
0031819:
    - bResult: 'False'
    - OutDescEst: '' 
    - ErrorMessage: ''
0031820:
    - bResult: 'False'
    - OutDescEst: '' 
    - ErrorMessage: ''
0032762:
    - bResult: 'False'
    - OutDescEst: '' 
    - ErrorMessage: ''
0032763:
    - bResult: 'False'
    - OutDescEst: '' 
    - ErrorMessage: ''
0033613:
    - bResult: 'False'
    - OutDescEst: '' 
    - ErrorMessage: ''
0033765:
    - bResult: 'False'
    - OutDescEst: '' 
    - ErrorMessage: ''
0033766:
    - bResult: 'False'
    - OutDescEst: '' 
    - ErrorMessage: ''
0035390:
    - bResult: 'False'
    - OutDescEst: '' 
    - ErrorMessage: ''
0035391:
    - bResult: 'False'
    - OutDescEst: '' 
    - ErrorMessage: ''
0037194:
    - bResult: 'False'
    - OutDescEst: '' 
    - ErrorMessage: ''
0037195:
    - bResult: 'False'
    - OutDescEst: '' 
    - ErrorMessage: ''
0037197:
    - bResult: 'False'
    - OutDescEst: '' 
    - ErrorMessage: ''
0037198:
    - bResult: 'False'
    - OutDescEst: '' 
    - ErrorMessage: ''
0038821:
    - bResult: 'False'
    - OutDescEst: '' 
    - ErrorMessage: ''
0038823:
    - bResult: 'False'
    - OutDescEst: '' 
    - ErrorMessage: ''
0038902:
    - bResult: 'False'
    - OutDescEst: '' 
    - ErrorMessage: ''
0040395:
    - bResult: 'False'
    - OutDescEst: '' 
    - ErrorMessage: ''
0040527:
    - bResult: 'False'
    - OutDescEst: '' 
    - ErrorMessage: ''
0040528:
    - bResult: 'False'
    - OutDescEst: '' 
    - ErrorMessage: ''
0041635:
    - bResult: 'False'
    - OutDescEst: '' 
    - ErrorMessage: ''
0041636:
    - bResult: 'False'
    - OutDescEst: '' 
    - ErrorMessage: ''
0041638:
    - bResult: 'False'
    - OutDescEst: '' 
    - ErrorMessage: ''
0041639:
    - bResult: 'False'
    - OutDescEst: '' 
    - ErrorMessage: ''
0041641:
    - bResult: 'False'
    - OutDescEst: '' 
    - ErrorMessage: ''
0041642:
    - bResult: 'False'
    - OutDescEst: '' 
    - ErrorMessage: ''
0041644:
    - bResult: 'False'
    - OutDescEst: '' 
    - ErrorMessage: ''
0041645:
    - bResult: 'False'
    - OutDescEst: '' 
    - ErrorMessage: ''
0041964:
    - bResult: 'False'
    - OutDescEst: '' 
    - ErrorMessage: ''
0041965:
    - bResult: 'False'
    - OutDescEst: '' 
    - ErrorMessage: ''
0042513:
    - bResult: 'False'
    - OutDescEst: '' 
    - ErrorMessage: ''
0042514:
    - bResult: 'False'
    - OutDescEst: '' 
    - ErrorMessage: ''
0042874:
    - bResult: 'False'
    - OutDescEst: '' 
    - ErrorMessage: ''
0042875:
    - bResult: 'False'
    - OutDescEst: '' 
    - ErrorMessage: ''
0042881:
    - bResult: 'False'
    - OutDescEst: '' 
    - ErrorMessage: ''
0043706:
    - bResult: 'False'
    - OutDescEst: '' 
    - ErrorMessage: ''
0044447:
    - bResult: 'False'
    - OutDescEst: '' 
    - ErrorMessage: ''
0044448:
    - bResult: 'False'
    - OutDescEst: '' 
    - ErrorMessage: ''
0044449:
    - bResult: 'False'
    - OutDescEst: '' 
    - ErrorMessage: ''
0047436:
    - bResult: 'False'
    - OutDescEst: '' 
    - ErrorMessage: ''
0048114:
    - bResult: 'False'
    - OutDescEst: '' 
    - ErrorMessage: ''
0049358:
    - bResult: 'False'
    - OutDescEst: '' 
    - ErrorMessage: ''
0049359:
    - bResult: 'False'
    - OutDescEst: '' 
    - ErrorMessage: ''
0049827:
    - bResult: 'False'
    - OutDescEst: '' 
    - ErrorMessage: ''
0049828:
    - bResult: 'False'
    - OutDescEst: '' 
    - ErrorMessage: ''
0049830:
    - bResult: 'False'
    - OutDescEst: '' 
    - ErrorMessage: ''
0049831:
    - bResult: 'False'
    - OutDescEst: '' 
    - ErrorMessage: ''
0049833:
    - bResult: 'False'
    - OutDescEst: '' 
    - ErrorMessage: ''
0049834:
    - bResult: 'False'
    - OutDescEst: '' 
    - ErrorMessage: ''
0049836:
    - bResult: 'False'
    - OutDescEst: '' 
    - ErrorMessage: ''
0049837:
    - bResult: 'False'
    - OutDescEst: '' 
    - ErrorMessage: ''
0053063:
    - bResult: 'False'
    - OutDescEst: '' 
    - ErrorMessage: ''
0053064:
    - bResult: 'False'
    - OutDescEst: '' 
    - ErrorMessage: ''
0053908:
    - bResult: 'False'
    - OutDescEst: '' 
    - ErrorMessage: ''
0053909:
    - bResult: 'False'
    - OutDescEst: '' 
    - ErrorMessage: ''
0054020:
    - bResult: 'False'
    - OutDescEst: '' 
    - ErrorMessage: ''
0054021:
    - bResult: 'False'
    - OutDescEst: '' 
    - ErrorMessage: ''
0054023:
    - bResult: 'False'
    - OutDescEst: '' 
    - ErrorMessage: ''
0054024:
    - bResult: 'False'
    - OutDescEst: '' 
    - ErrorMessage: ''
0054368:
    - bResult: 'False'
    - OutDescEst: '' 
    - ErrorMessage: ''
0055352:
    - bResult: 'False'
    - OutDescEst: '' 
    - ErrorMessage: ''
0055353:
    - bResult: 'False'
    - OutDescEst: '' 
    - ErrorMessage: ''
0055524:
    - bResult: 'False'
    - OutDescEst: '' 
    - ErrorMessage: ''
0055525:
    - bResult: 'False'
    - OutDescEst: '' 
    - ErrorMessage: ''
0057151:
    - bResult: 'False'
    - OutDescEst: '' 
    - ErrorMessage: ''
0057152:
    - bResult: 'False'
    - OutDescEst: '' 
    - ErrorMessage: ''
0057154:
    - bResult: 'False'
    - OutDescEst: '' 
    - ErrorMessage: ''
0057155:
    - bResult: 'False'
    - OutDescEst: '' 
    - ErrorMessage: ''
0057493:
    - bResult: 'False'
    - OutDescEst: '' 
    - ErrorMessage: ''
0057494:
    - bResult: 'False'
    - OutDescEst: '' 
    - ErrorMessage: ''
0057550:
    - bResult: 'False'
    - OutDescEst: '' 
    - ErrorMessage: ''
0057552:
    - bResult: 'False'
    - OutDescEst: '' 
    - ErrorMessage: ''
0057718:
    - bResult: 'False'
    - OutDescEst: '' 
    - ErrorMessage: ''
0057719:
    - bResult: 'False'
    - OutDescEst: '' 
    - ErrorMessage: ''
0057721:
    - bResult: 'False'
    - OutDescEst: '' 
    - ErrorMessage: ''
0057722:
    - bResult: 'False'
    - OutDescEst: '' 
    - ErrorMessage: ''
0060118:
    - bResult: 'False'
    - OutDescEst: '' 
    - ErrorMessage: ''
0062405:
    - bResult: 'False'
    - OutDescEst: '' 
    - ErrorMessage: ''
0062408:
    - bResult: 'False'
    - OutDescEst: '' 
    - ErrorMessage: ''
0062569:
    - bResult: 'False'
    - OutDescEst: '' 
    - ErrorMessage: ''
0062859:
    - bResult: 'False'
    - OutDescEst: '' 
    - ErrorMessage: ''
0062860:
    - bResult: 'False'
    - OutDescEst: '' 
    - ErrorMessage: ''
0065741:
    - bResult: 'False'
    - OutDescEst: '' 
    - ErrorMessage: ''
0065742:
    - bResult: 'False'
    - OutDescEst: '' 
    - ErrorMessage: ''
0066907:
    - bResult: 'False'
    - OutDescEst: '' 
    - ErrorMessage: ''
0066908:
    - bResult: 'False'
    - OutDescEst: '' 
    - ErrorMessage: ''
0067400:
    - bResult: 'False'
    - OutDescEst: '' 
    - ErrorMessage: ''
0067401:
    - bResult: 'False'
    - OutDescEst: '' 
    - ErrorMessage: ''
0068000:
    - bResult: 'False'
    - OutDescEst: '' 
    - ErrorMessage: ''
0068001:
    - bResult: 'False'
    - OutDescEst: '' 
    - ErrorMessage: ''
0068003:
    - bResult: 'False'
    - OutDescEst: '' 
    - ErrorMessage: ''
0068004:
    - bResult: 'False'
    - OutDescEst: '' 
    - ErrorMessage: ''
0068618:
    - bResult: 'False'
    - OutDescEst: '' 
    - ErrorMessage: ''
0068858:
    - bResult: 'False'
    - OutDescEst: '' 
    - ErrorMessage: ''
0068859:
    - bResult: 'False'
    - OutDescEst: '' 
    - ErrorMessage: ''
0068861:
    - bResult: 'False'
    - OutDescEst: '' 
    - ErrorMessage: ''
0068862:
    - bResult: 'False'
    - OutDescEst: '' 
    - ErrorMessage: ''
0068974:
    - bResult: 'False'
    - OutDescEst: '' 
    - ErrorMessage: ''
0068975:
    - bResult: 'False'
    - OutDescEst: '' 
    - ErrorMessage: ''
0069000:
    - bResult: 'False'
    - OutDescEst: '' 
    - ErrorMessage: ''
0069001:
    - bResult: 'False'
    - OutDescEst: '' 
    - ErrorMessage: ''
0069714:
    - bResult: 'False'
    - OutDescEst: '' 
    - ErrorMessage: ''
0069715:
    - bResult: 'False'
    - OutDescEst: '' 
    - ErrorMessage: ''
0069717:
    - bResult: 'False'
    - OutDescEst: '' 
    - ErrorMessage: ''
0069718:
    - bResult: 'False'
    - OutDescEst: '' 
    - ErrorMessage: ''
0070709:
    - bResult: 'False'
    - OutDescEst: '' 
    - ErrorMessage: ''
0071129:
    - bResult: 'False'
    - OutDescEst: '' 
    - ErrorMessage: ''
0071664:
    - bResult: 'False'
    - OutDescEst: '' 
    - ErrorMessage: ''
0071665:
    - bResult: 'False'
    - OutDescEst: '' 
    - ErrorMessage: ''
0071722:
    - bResult: 'False'
    - OutDescEst: '' 
    - ErrorMessage: ''
0076254:
    - bResult: 'False'
    - OutDescEst: '' 
    - ErrorMessage: ''
0078356:
    - bResult: 'False'
    - OutDescEst: '' 
    - ErrorMessage: ''
0078357:
    - bResult: 'False'
    - OutDescEst: '' 
    - ErrorMessage: ''
0078358:
    - bResult: 'False'
    - OutDescEst: '' 
    - ErrorMessage: ''
0078367:
    - bResult: 'False'
    - OutDescEst: '' 
    - ErrorMessage: ''
0078368:
    - bResult: 'False'
    - OutDescEst: '' 
    - ErrorMessage: ''
0079916:
    - bResult: 'False'
    - OutDescEst: '' 
    - ErrorMessage: ''
0079917:
    - bResult: 'False'
    - OutDescEst: '' 
    - ErrorMessage: ''
0079919:
    - bResult: 'False'
    - OutDescEst: '' 
    - ErrorMessage: ''
0079925:
    - bResult: 'False'
    - OutDescEst: '' 
    - ErrorMessage: ''
0079926:
    - bResult: 'False'
    - OutDescEst: '' 
    - ErrorMessage: ''
0084900:
    - bResult: 'False'
    - OutDescEst: '' 
    - ErrorMessage: ''
0084901:
    - bResult: 'False'
    - OutDescEst: '' 
    - ErrorMessage: ''
0084908:
    - bResult: 'False'
    - OutDescEst: '' 
    - ErrorMessage: ''
0084909:
    - bResult: 'False'
    - OutDescEst: '' 
    - ErrorMessage: ''
0084910:
    - bResult: 'False'
    - OutDescEst: '' 
    - ErrorMessage: ''
0085017:
    - bResult: 'False'
    - OutDescEst: '' 
    - ErrorMessage: ''
0085914:
    - bResult: 'False'
    - OutDescEst: '' 
    - ErrorMessage: ''
0086735:
    - bResult: 'False'
    - OutDescEst: '' 
    - ErrorMessage: ''
0086736:
    - bResult: 'False'
    - OutDescEst: '' 
    - ErrorMessage: ''
0086738:
    - bResult: 'False'
    - OutDescEst: '' 
    - ErrorMessage: ''
0086739:
    - bResult: 'False'
    - OutDescEst: '' 
    - ErrorMessage: ''
0086740:
    - bResult: 'False'
    - OutDescEst: '' 
    - ErrorMessage: ''
0086742:
    - bResult: 'False'
    - OutDescEst: '' 
    - ErrorMessage: ''
0086743:
    - bResult: 'False'
    - OutDescEst: '' 
    - ErrorMessage: ''
0086744:
    - bResult: 'False'
    - OutDescEst: '' 
    - ErrorMessage: ''
0086811:
    - bResult: 'False'
    - OutDescEst: '' 
    - ErrorMessage: ''
0086828:
    - bResult: 'False'
    - OutDescEst: '' 
    - ErrorMessage: ''
0086829:
    - bResult: 'False'
    - OutDescEst: '' 
    - ErrorMessage: ''
0086831:
    - bResult: 'False'
    - OutDescEst: '' 
    - ErrorMessage: ''
0086832:
    - bResult: 'False'
    - OutDescEst: '' 
    - ErrorMessage: ''
0090127:
    - bResult: 'False'
    - OutDescEst: '' 
    - ErrorMessage: ''
0090128:
    - bResult: 'False'
    - OutDescEst: '' 
    - ErrorMessage: ''
0090130:
    - bResult: 'False'
    - OutDescEst: '' 
    - ErrorMessage: ''
0090131:
    - bResult: 'False'
    - OutDescEst: '' 
    - ErrorMessage: ''
0090352:
    - bResult: 'False'
    - OutDescEst: '' 
    - ErrorMessage: ''
0090353:
    - bResult: 'False'
    - OutDescEst: '' 
    - ErrorMessage: ''
0090359:
    - bResult: 'False'
    - OutDescEst: '' 
    - ErrorMessage: ''
0090502:
    - bResult: 'False'
    - OutDescEst: '' 
    - ErrorMessage: ''
0090503:
    - bResult: 'False'
    - OutDescEst: '' 
    - ErrorMessage: ''
0093056:
    - bResult: 'False'
    - OutDescEst: '' 
    - ErrorMessage: ''
0093057:
    - bResult: 'False'
    - OutDescEst: '' 
    - ErrorMessage: ''
0094072:
    - bResult: 'False'
    - OutDescEst: '' 
    - ErrorMessage: ''
0094074:
    - bResult: 'False'
    - OutDescEst: '' 
    - ErrorMessage: ''
0094665:
    - bResult: 'False'
    - OutDescEst: '' 
    - ErrorMessage: ''
0094666:
    - bResult: 'False'
    - OutDescEst: '' 
    - ErrorMessage: ''
0094667:
    - bResult: 'False'
    - OutDescEst: '' 
    - ErrorMessage: ''
0094668:
    - bResult: 'False'
    - OutDescEst: '' 
    - ErrorMessage: ''
0094682:
    - bResult: 'False'
    - OutDescEst: '' 
    - ErrorMessage: ''
0094683:
    - bResult: 'False'
    - OutDescEst: '' 
    - ErrorMessage: ''
0094697:
    - bResult: 'False'
    - OutDescEst: '' 
    - ErrorMessage: ''
0094698:
    - bResult: 'False'
    - OutDescEst: '' 
    - ErrorMessage: ''
0095315:
    - bResult: 'False'
    - OutDescEst: '' 
    - ErrorMessage: ''
0095316:
    - bResult: 'False'
    - OutDescEst: '' 
    - ErrorMessage: ''
0095480:
    - bResult: 'False'
    - OutDescEst: '' 
    - ErrorMessage: ''
0096070:
    - bResult: 'False'
    - OutDescEst: '' 
    - ErrorMessage: ''
0096071:
    - bResult: 'False'
    - OutDescEst: '' 
    - ErrorMessage: ''
0096372:
    - bResult: 'False'
    - OutDescEst: '' 
    - ErrorMessage: ''
0096373:
    - bResult: 'False'
    - OutDescEst: '' 
    - ErrorMessage: ''
0098987:
    - bResult: 'False'
    - OutDescEst: '' 
    - ErrorMessage: ''
0098988:
    - bResult: 'False'
    - OutDescEst: '' 
    - ErrorMessage: ''
0099906:
    - bResult: 'False'
    - OutDescEst: '' 
    - ErrorMessage: ''
0099907:
    - bResult: 'False'
    - OutDescEst: '' 
    - ErrorMessage: ''
0099908:
    - bResult: 'False'
    - OutDescEst: '' 
    - ErrorMessage: ''
0103882:
    - bResult: 'False'
    - OutDescEst: '' 
    - ErrorMessage: ''
0103883:
    - bResult: 'False'
    - OutDescEst: '' 
    - ErrorMessage: ''
0103966:
    - bResult: 'False'
    - OutDescEst: '' 
    - ErrorMessage: ''
0103967:
    - bResult: 'False'
    - OutDescEst: '' 
    - ErrorMessage: ''
0104963:
    - bResult: 'False'
    - OutDescEst: '' 
    - ErrorMessage: ''
0104964:
    - bResult: 'False'
    - OutDescEst: '' 
    - ErrorMessage: ''
0104966:
    - bResult: 'False'
    - OutDescEst: '' 
    - ErrorMessage: ''
0104967:
    - bResult: 'False'
    - OutDescEst: '' 
    - ErrorMessage: ''
0104969:
    - bResult: 'False'
    - OutDescEst: '' 
    - ErrorMessage: ''
0104970:
    - bResult: 'False'
    - OutDescEst: '' 
    - ErrorMessage: ''
0104972:
    - bResult: 'False'
    - OutDescEst: '' 
    - ErrorMessage: ''
0104973:
    - bResult: 'False'
    - OutDescEst: '' 
    - ErrorMessage: ''
0105157:
    - bResult: 'False'
    - OutDescEst: '' 
    - ErrorMessage: ''
0105158:
    - bResult: 'False'
    - OutDescEst: '' 
    - ErrorMessage: ''
0105671:
    - bResult: 'False'
    - OutDescEst: '' 
    - ErrorMessage: ''
0105672:
    - bResult: 'False'
    - OutDescEst: '' 
    - ErrorMessage: ''
0105674:
    - bResult: 'False'
    - OutDescEst: '' 
    - ErrorMessage: ''
0105675:
    - bResult: 'False'
    - OutDescEst: '' 
    - ErrorMessage: ''
0105677:
    - bResult: 'False'
    - OutDescEst: '' 
    - ErrorMessage: ''
0105678:
    - bResult: 'False'
    - OutDescEst: '' 
    - ErrorMessage: ''
0105723:
    - bResult: 'False'
    - OutDescEst: '' 
    - ErrorMessage: ''
0105724:
    - bResult: 'False'
    - OutDescEst: '' 
    - ErrorMessage: ''
0107074:
    - bResult: 'False'
    - OutDescEst: '' 
    - ErrorMessage: ''
0107075:
    - bResult: 'False'
    - OutDescEst: '' 
    - ErrorMessage: ''
0107120:
    - bResult: 'False'
    - OutDescEst: '' 
    - ErrorMessage: ''
0107121:
    - bResult: 'False'
    - OutDescEst: '' 
    - ErrorMessage: ''
0107933:
    - bResult: 'False'
    - OutDescEst: '' 
    - ErrorMessage: ''
0107934:
    - bResult: 'False'
    - OutDescEst: '' 
    - ErrorMessage: ''
0110414:
    - bResult: 'False'
    - OutDescEst: '' 
    - ErrorMessage: ''
0110415:
    - bResult: 'False'
    - OutDescEst: '' 
    - ErrorMessage: ''
0111086:
    - bResult: 'False'
    - OutDescEst: '' 
    - ErrorMessage: ''
0111087:
    - bResult: 'False'
    - OutDescEst: '' 
    - ErrorMessage: ''
0111269:
    - bResult: 'False'
    - OutDescEst: '' 
    - ErrorMessage: ''
0111270:
    - bResult: 'False'
    - OutDescEst: '' 
    - ErrorMessage: ''
0111503:
    - bResult: 'False'
    - OutDescEst: '' 
    - ErrorMessage: ''
0111505:
    - bResult: 'False'
    - OutDescEst: '' 
    - ErrorMessage: ''
0111961:
    - bResult: 'False'
    - OutDescEst: '' 
    - ErrorMessage: ''
0111963:
    - bResult: 'False'
    - OutDescEst: '' 
    - ErrorMessage: ''
0111974:
    - bResult: 'False'
    - OutDescEst: '' 
    - ErrorMessage: ''
0111975:
    - bResult: 'False'
    - OutDescEst: '' 
    - ErrorMessage: ''
0111976:
    - bResult: 'False'
    - OutDescEst: '' 
    - ErrorMessage: ''
0114814:
    - bResult: 'False'
    - OutDescEst: '' 
    - ErrorMessage: ''
0114815:
    - bResult: 'False'
    - OutDescEst: '' 
    - ErrorMessage: ''
0116837:
    - bResult: 'False'
    - OutDescEst: '' 
    - ErrorMessage: ''
0116860:
    - bResult: 'False'
    - OutDescEst: '' 
    - ErrorMessage: ''
0118146:
    - bResult: 'False'
    - OutDescEst: '' 
    - ErrorMessage: ''
0118456:
    - bResult: 'False'
    - OutDescEst: '' 
    - ErrorMessage: ''
0118457:
    - bResult: 'False'
    - OutDescEst: '' 
    - ErrorMessage: ''
0119022:
    - bResult: 'False'
    - OutDescEst: '' 
    - ErrorMessage: ''
0119023:
    - bResult: 'False'
    - OutDescEst: '' 
    - ErrorMessage: ''
0120484:
    - bResult: 'False'
    - OutDescEst: '' 
    - ErrorMessage: ''
0121885:
    - bResult: 'False'
    - OutDescEst: '' 
    - ErrorMessage: ''
0121886:
    - bResult: 'False'
    - OutDescEst: '' 
    - ErrorMessage: ''
0122943:
    - bResult: 'False'
    - OutDescEst: '' 
    - ErrorMessage: ''
0122944:
    - bResult: 'False'
    - OutDescEst: '' 
    - ErrorMessage: ''
0122946:
    - bResult: 'False'
    - OutDescEst: '' 
    - ErrorMessage: ''
0122947:
    - bResult: 'False'
    - OutDescEst: '' 
    - ErrorMessage: ''
0123548:
    - bResult: 'False'
    - OutDescEst: '' 
    - ErrorMessage: ''
0123687:
    - bResult: 'False'
    - OutDescEst: '' 
    - ErrorMessage: ''
0123688:
    - bResult: 'False'
    - OutDescEst: '' 
    - ErrorMessage: ''
0123724:
    - bResult: 'False'
    - OutDescEst: '' 
    - ErrorMessage: ''
0123725:
    - bResult: 'False'
    - OutDescEst: '' 
    - ErrorMessage: ''
0125114:
    - bResult: 'False'
    - OutDescEst: '' 
    - ErrorMessage: ''
0125331:
    - bResult: 'False'
    - OutDescEst: '' 
    - ErrorMessage: ''
0125333:
    - bResult: 'False'
    - OutDescEst: '' 
    - ErrorMessage: ''
0125334:
    - bResult: 'False'
    - OutDescEst: '' 
    - ErrorMessage: ''
0125335:
    - bResult: 'False'
    - OutDescEst: '' 
    - ErrorMessage: ''
0125337:
    - bResult: 'False'
    - OutDescEst: '' 
    - ErrorMessage: ''
0125338:
    - bResult: 'False'
    - OutDescEst: '' 
    - ErrorMessage: ''
0125345:
    - bResult: 'False'
    - OutDescEst: '' 
    - ErrorMessage: ''
0125346:
    - bResult: 'False'
    - OutDescEst: '' 
    - ErrorMessage: ''
0125347:
    - bResult: 'False'
    - OutDescEst: '' 
    - ErrorMessage: ''
0128110:
    - bResult: 'False'
    - OutDescEst: '' 
    - ErrorMessage: ''
0128111:
    - bResult: 'False'
    - OutDescEst: '' 
    - ErrorMessage: ''
0128533:
    - bResult: 'False'
    - OutDescEst: '' 
    - ErrorMessage: ''
0128534:
    - bResult: 'False'
    - OutDescEst: '' 
    - ErrorMessage: ''
0128757:
    - bResult: 'False'
    - OutDescEst: '' 
    - ErrorMessage: ''
0128758:
    - bResult: 'False'
    - OutDescEst: '' 
    - ErrorMessage: ''
0129247:
    - bResult: 'False'
    - OutDescEst: '' 
    - ErrorMessage: ''
0129248:
    - bResult: 'False'
    - OutDescEst: '' 
    - ErrorMessage: ''
0129250:
    - bResult: 'False'
    - OutDescEst: '' 
    - ErrorMessage: ''
0129251:
    - bResult: 'False'
    - OutDescEst: '' 
    - ErrorMessage: ''
0130240:
    - bResult: 'False'
    - OutDescEst: '' 
    - ErrorMessage: ''
0130241:
    - bResult: 'False'
    - OutDescEst: '' 
    - ErrorMessage: ''
0130566:
    - bResult: 'False'
    - OutDescEst: '' 
    - ErrorMessage: ''
0130567:
    - bResult: 'False'
    - OutDescEst: '' 
    - ErrorMessage: ''
0130569:
    - bResult: 'False'
    - OutDescEst: '' 
    - ErrorMessage: ''
0130570:
    - bResult: 'False'
    - OutDescEst: '' 
    - ErrorMessage: ''
0131086:
    - bResult: 'False'
    - OutDescEst: '' 
    - ErrorMessage: ''
0131095:
    - bResult: 'False'
    - OutDescEst: '' 
    - ErrorMessage: ''
0131222:
    - bResult: 'False'
    - OutDescEst: '' 
    - ErrorMessage: ''
0131223:
    - bResult: 'False'
    - OutDescEst: '' 
    - ErrorMessage: ''
0131225:
    - bResult: 'False'
    - OutDescEst: '' 
    - ErrorMessage: ''
0131226:
    - bResult: 'False'
    - OutDescEst: '' 
    - ErrorMessage: ''
0131917:
    - bResult: 'False'
    - OutDescEst: '' 
    - ErrorMessage: ''
0131918:
    - bResult: 'False'
    - OutDescEst: '' 
    - ErrorMessage: ''
0132297:
    - bResult: 'False'
    - OutDescEst: '' 
    - ErrorMessage: ''
0132298:
    - bResult: 'False'
    - OutDescEst: '' 
    - ErrorMessage: ''
0133446:
    - bResult: 'False'
    - OutDescEst: '' 
    - ErrorMessage: ''
0133447:
    - bResult: 'False'
    - OutDescEst: '' 
    - ErrorMessage: ''
0133905:
    - bResult: 'False'
    - OutDescEst: '' 
    - ErrorMessage: ''
0133907:
    - bResult: 'False'
    - OutDescEst: '' 
    - ErrorMessage: ''
0133918:
    - bResult: 'False'
    - OutDescEst: '' 
    - ErrorMessage: ''
0135629:
    - bResult: 'False'
    - OutDescEst: '' 
    - ErrorMessage: ''
0135630:
    - bResult: 'False'
    - OutDescEst: '' 
    - ErrorMessage: ''
0135901:
    - bResult: 'False'
    - OutDescEst: '' 
    - ErrorMessage: ''
0135902:
    - bResult: 'False'
    - OutDescEst: '' 
    - ErrorMessage: ''
0135904:
    - bResult: 'False'
    - OutDescEst: '' 
    - ErrorMessage: ''
0135905:
    - bResult: 'False'
    - OutDescEst: '' 
    - ErrorMessage: ''
0136429:
    - bResult: 'False'
    - OutDescEst: '' 
    - ErrorMessage: ''
0136430:
    - bResult: 'False'
    - OutDescEst: '' 
    - ErrorMessage: ''
0136431:
    - bResult: 'False'
    - OutDescEst: '' 
    - ErrorMessage: ''
0136432:
    - bResult: 'False'
    - OutDescEst: '' 
    - ErrorMessage: ''
0136433:
    - bResult: 'False'
    - OutDescEst: '' 
    - ErrorMessage: ''
0136595:
    - bResult: 'False'
    - OutDescEst: '' 
    - ErrorMessage: ''
0136596:
    - bResult: 'False'
    - OutDescEst: '' 
    - ErrorMessage: ''
0136598:
    - bResult: 'False'
    - OutDescEst: '' 
    - ErrorMessage: ''
0136599:
    - bResult: 'False'
    - OutDescEst: '' 
    - ErrorMessage: ''
0137030:
    - bResult: 'False'
    - OutDescEst: '' 
    - ErrorMessage: ''
0137034:
    - bResult: 'False'
    - OutDescEst: '' 
    - ErrorMessage: ''
0137192:
    - bResult: 'False'
    - OutDescEst: '' 
    - ErrorMessage: ''
0137193:
    - bResult: 'False'
    - OutDescEst: '' 
    - ErrorMessage: ''
0137195:
    - bResult: 'False'
    - OutDescEst: '' 
    - ErrorMessage: ''
0137196:
    - bResult: 'False'
    - OutDescEst: '' 
    - ErrorMessage: ''
0137903:
    - bResult: 'False'
    - OutDescEst: '' 
    - ErrorMessage: ''
0137904:
    - bResult: 'False'
    - OutDescEst: '' 
    - ErrorMessage: ''
0138299:
    - bResult: 'False'
    - OutDescEst: '' 
    - ErrorMessage: ''
0138300:
    - bResult: 'False'
    - OutDescEst: '' 
    - ErrorMessage: ''
0138305:
    - bResult: 'False'
    - OutDescEst: '' 
    - ErrorMessage: ''
0138306:
    - bResult: 'False'
    - OutDescEst: '' 
    - ErrorMessage: ''
0139294:
    - bResult: 'False'
    - OutDescEst: '' 
    - ErrorMessage: ''
0139295:
    - bResult: 'False'
    - OutDescEst: '' 
    - ErrorMessage: ''
0144457:
    - bResult: 'False'
    - OutDescEst: '' 
    - ErrorMessage: ''
0144458:
    - bResult: 'False'
    - OutDescEst: '' 
    - ErrorMessage: ''
0146193:
    - bResult: 'False'
    - OutDescEst: '' 
    - ErrorMessage: ''
0146194:
    - bResult: 'False'
    - OutDescEst: '' 
    - ErrorMessage: ''
0146304:
    - bResult: 'False'
    - OutDescEst: '' 
    - ErrorMessage: ''
0146565:
    - bResult: 'False'
    - OutDescEst: '' 
    - ErrorMessage: ''
0146719:
    - bResult: 'False'
    - OutDescEst: '' 
    - ErrorMessage: ''
0146720:
    - bResult: 'False'
    - OutDescEst: '' 
    - ErrorMessage: ''
0146977:
    - bResult: 'False'
    - OutDescEst: '' 
    - ErrorMessage: ''
0146978:
    - bResult: 'False'
    - OutDescEst: '' 
    - ErrorMessage: ''
0148392:
    - bResult: 'False'
    - OutDescEst: '' 
    - ErrorMessage: ''
0148393:
    - bResult: 'False'
    - OutDescEst: '' 
    - ErrorMessage: ''
0148395:
    - bResult: 'False'
    - OutDescEst: '' 
    - ErrorMessage: ''
0148396:
    - bResult: 'False'
    - OutDescEst: '' 
    - ErrorMessage: ''
0148397:
    - bResult: 'False'
    - OutDescEst: '' 
    - ErrorMessage: ''
0148398:
    - bResult: 'False'
    - OutDescEst: '' 
    - ErrorMessage: ''
0148451:
    - bResult: 'False'
    - OutDescEst: '' 
    - ErrorMessage: ''
0148452:
    - bResult: 'False'
    - OutDescEst: '' 
    - ErrorMessage: ''
0148456:
    - bResult: 'False'
    - OutDescEst: '' 
    - ErrorMessage: ''
0148457:
    - bResult: 'False'
    - OutDescEst: '' 
    - ErrorMessage: ''
0148523:
    - bResult: 'False'
    - OutDescEst: '' 
    - ErrorMessage: ''
0148524:
    - bResult: 'False'
    - OutDescEst: '' 
    - ErrorMessage: ''
0150694:
    - bResult: 'False'
    - OutDescEst: '' 
    - ErrorMessage: ''
0150695:
    - bResult: 'False'
    - OutDescEst: '' 
    - ErrorMessage: ''
0150697:
    - bResult: 'False'
    - OutDescEst: '' 
    - ErrorMessage: ''
0150698:
    - bResult: 'False'
    - OutDescEst: '' 
    - ErrorMessage: ''
0151348:
    - bResult: 'False'
    - OutDescEst: '' 
    - ErrorMessage: ''
0151349:
    - bResult: 'False'
    - OutDescEst: '' 
    - ErrorMessage: ''
0151351:
    - bResult: 'False'
    - OutDescEst: '' 
    - ErrorMessage: ''
0151352:
    - bResult: 'False'
    - OutDescEst: '' 
    - ErrorMessage: ''
0151354:
    - bResult: 'False'
    - OutDescEst: '' 
    - ErrorMessage: ''
0151355:
    - bResult: 'False'
    - OutDescEst: '' 
    - ErrorMessage: ''
0151668:
    - bResult: 'False'
    - OutDescEst: '' 
    - ErrorMessage: ''
0151669:
    - bResult: 'False'
    - OutDescEst: '' 
    - ErrorMessage: ''
0151671:
    - bResult: 'False'
    - OutDescEst: '' 
    - ErrorMessage: ''
0151672:
    - bResult: 'False'
    - OutDescEst: '' 
    - ErrorMessage: ''
0151677:
    - bResult: 'False'
    - OutDescEst: '' 
    - ErrorMessage: ''
0151678:
    - bResult: 'False'
    - OutDescEst: '' 
    - ErrorMessage: ''
0152435:
    - bResult: 'False'
    - OutDescEst: '' 
    - ErrorMessage: ''
0152436:
    - bResult: 'False'
    - OutDescEst: '' 
    - ErrorMessage: ''
0152463:
    - bResult: 'False'
    - OutDescEst: '' 
    - ErrorMessage: ''
0152464:
    - bResult: 'False'
    - OutDescEst: '' 
    - ErrorMessage: ''
0152548:
    - bResult: 'False'
    - OutDescEst: '' 
    - ErrorMessage: ''
0152549:
    - bResult: 'False'
    - OutDescEst: '' 
    - ErrorMessage: ''
0152922:
    - bResult: 'False'
    - OutDescEst: '' 
    - ErrorMessage: ''
0152923:
    - bResult: 'False'
    - OutDescEst: '' 
    - ErrorMessage: ''
0152925:
    - bResult: 'False'
    - OutDescEst: '' 
    - ErrorMessage: ''
0152926:
    - bResult: 'False'
    - OutDescEst: '' 
    - ErrorMessage: ''
0153165:
    - bResult: 'False'
    - OutDescEst: '' 
    - ErrorMessage: ''
0153166:
    - bResult: 'False'
    - OutDescEst: '' 
    - ErrorMessage: ''
0153205:
    - bResult: 'False'
    - OutDescEst: '' 
    - ErrorMessage: ''
0153553:
    - bResult: 'False'
    - OutDescEst: '' 
    - ErrorMessage: ''
0153657:
    - bResult: 'False'
    - OutDescEst: '' 
    - ErrorMessage: ''
0153661:
    - bResult: 'False'
    - OutDescEst: '' 
    - ErrorMessage: ''
0154601:
    - bResult: 'False'
    - OutDescEst: '' 
    - ErrorMessage: ''
0154602:
    - bResult: 'False'
    - OutDescEst: '' 
    - ErrorMessage: ''
0154604:
    - bResult: 'False'
    - OutDescEst: '' 
    - ErrorMessage: ''
0154605:
    - bResult: 'False'
    - OutDescEst: '' 
    - ErrorMessage: ''
0154606:
    - bResult: 'False'
    - OutDescEst: '' 
    - ErrorMessage: ''
0154607:
    - bResult: 'False'
    - OutDescEst: '' 
    - ErrorMessage: ''
0154609:
    - bResult: 'False'
    - OutDescEst: '' 
    - ErrorMessage: ''
0154610:
    - bResult: 'False'
    - OutDescEst: '' 
    - ErrorMessage: ''
0156021:
    - bResult: 'False'
    - OutDescEst: '' 
    - ErrorMessage: ''
0156022:
    - bResult: 'False'
    - OutDescEst: '' 
    - ErrorMessage: ''
0156024:
    - bResult: 'False'
    - OutDescEst: '' 
    - ErrorMessage: ''
0156025:
    - bResult: 'False'
    - OutDescEst: '' 
    - ErrorMessage: ''
0156936:
    - bResult: 'False'
    - OutDescEst: '' 
    - ErrorMessage: ''
0156937:
    - bResult: 'False'
    - OutDescEst: '' 
    - ErrorMessage: ''
0156938:
    - bResult: 'False'
    - OutDescEst: '' 
    - ErrorMessage: ''
0156940:
    - bResult: 'False'
    - OutDescEst: '' 
    - ErrorMessage: ''
0156941:
    - bResult: 'False'
    - OutDescEst: '' 
    - ErrorMessage: ''
0158836:
    - bResult: 'False'
    - OutDescEst: '' 
    - ErrorMessage: ''
0159720:
    - bResult: 'False'
    - OutDescEst: '' 
    - ErrorMessage: ''
0159721:
    - bResult: 'False'
    - OutDescEst: '' 
    - ErrorMessage: ''
0160319:
    - bResult: 'False'
    - OutDescEst: '' 
    - ErrorMessage: ''
0160320:
    - bResult: 'False'
    - OutDescEst: '' 
    - ErrorMessage: ''
0160322:
    - bResult: 'False'
    - OutDescEst: '' 
    - ErrorMessage: ''
0160323:
    - bResult: 'False'
    - OutDescEst: '' 
    - ErrorMessage: ''
0160616:
    - bResult: 'False'
    - OutDescEst: '' 
    - ErrorMessage: ''
0160970:
    - bResult: 'False'
    - OutDescEst: '' 
    - ErrorMessage: ''
0160971:
    - bResult: 'False'
    - OutDescEst: '' 
    - ErrorMessage: ''
0161938:
    - bResult: 'False'
    - OutDescEst: '' 
    - ErrorMessage: ''
0161939:
    - bResult: 'False'
    - OutDescEst: '' 
    - ErrorMessage: ''
0163386:
    - bResult: 'False'
    - OutDescEst: '' 
    - ErrorMessage: ''
0163387:
    - bResult: 'False'
    - OutDescEst: '' 
    - ErrorMessage: ''
0164059:
    - bResult: 'False'
    - OutDescEst: '' 
    - ErrorMessage: ''
0164060:
    - bResult: 'False'
    - OutDescEst: '' 
    - ErrorMessage: ''
0164061:
    - bResult: 'False'
    - OutDescEst: '' 
    - ErrorMessage: ''
0164062:
    - bResult: 'False'
    - OutDescEst: '' 
    - ErrorMessage: ''
0164346:
    - bResult: 'False'
    - OutDescEst: '' 
    - ErrorMessage: ''
0164805:
    - bResult: 'False'
    - OutDescEst: '' 
    - ErrorMessage: ''
0164806:
    - bResult: 'False'
    - OutDescEst: '' 
    - ErrorMessage: ''
0166537:
    - bResult: 'False'
    - OutDescEst: '' 
    - ErrorMessage: ''
0166538:
    - bResult: 'False'
    - OutDescEst: '' 
    - ErrorMessage: ''
0167413:
    - bResult: 'False'
    - OutDescEst: '' 
    - ErrorMessage: ''
0167414:
    - bResult: 'False'
    - OutDescEst: '' 
    - ErrorMessage: ''
0167417:
    - bResult: 'False'
    - OutDescEst: '' 
    - ErrorMessage: ''
0167418:
    - bResult: 'False'
    - OutDescEst: '' 
    - ErrorMessage: ''
0168861:
    - bResult: 'False'
    - OutDescEst: '' 
    - ErrorMessage: ''
0168862:
    - bResult: 'False'
    - OutDescEst: '' 
    - ErrorMessage: ''
0169060:
    - bResult: 'False'
    - OutDescEst: '' 
    - ErrorMessage: ''
0169169:
    - bResult: 'False'
    - OutDescEst: '' 
    - ErrorMessage: ''
0169212:
    - bResult: 'False'
    - OutDescEst: '' 
    - ErrorMessage: ''
0169213:
    - bResult: 'False'
    - OutDescEst: '' 
    - ErrorMessage: ''
0169215:
    - bResult: 'False'
    - OutDescEst: '' 
    - ErrorMessage: ''
0169216:
    - bResult: 'False'
    - OutDescEst: '' 
    - ErrorMessage: ''
0169357:
    - bResult: 'False'
    - OutDescEst: '' 
    - ErrorMessage: ''
0169362:
    - bResult: 'False'
    - OutDescEst: '' 
    - ErrorMessage: ''
0171306:
    - bResult: 'False'
    - OutDescEst: '' 
    - ErrorMessage: ''
0171307:
    - bResult: 'False'
    - OutDescEst: '' 
    - ErrorMessage: ''
0171309:
    - bResult: 'False'
    - OutDescEst: '' 
    - ErrorMessage: ''
0171310:
    - bResult: 'False'
    - OutDescEst: '' 
    - ErrorMessage: ''
0171314:
    - bResult: 'False'
    - OutDescEst: '' 
    - ErrorMessage: ''
0171315:
    - bResult: 'False'
    - OutDescEst: '' 
    - ErrorMessage: ''
0173977:
    - bResult: 'False'
    - OutDescEst: '' 
    - ErrorMessage: ''
0173978:
    - bResult: 'False'
    - OutDescEst: '' 
    - ErrorMessage: ''
0174344:
    - bResult: 'False'
    - OutDescEst: '' 
    - ErrorMessage: ''
0174606:
    - bResult: 'False'
    - OutDescEst: '' 
    - ErrorMessage: ''
0174607:
    - bResult: 'False'
    - OutDescEst: '' 
    - ErrorMessage: ''
0176460:
    - bResult: 'False'
    - OutDescEst: '' 
    - ErrorMessage: ''
0176461:
    - bResult: 'False'
    - OutDescEst: '' 
    - ErrorMessage: ''
0177801:
    - bResult: 'False'
    - OutDescEst: '' 
    - ErrorMessage: ''
0177802:
    - bResult: 'False'
    - OutDescEst: '' 
    - ErrorMessage: ''
0178023:
    - bResult: 'False'
    - OutDescEst: '' 
    - ErrorMessage: ''
0178099:
    - bResult: 'False'
    - OutDescEst: '' 
    - ErrorMessage: ''
0178100:
    - bResult: 'False'
    - OutDescEst: '' 
    - ErrorMessage: ''
0179569:
    - bResult: 'False'
    - OutDescEst: '' 
    - ErrorMessage: ''
0180045:
    - bResult: 'False'
    - OutDescEst: '' 
    - ErrorMessage: ''
0180046:
    - bResult: 'False'
    - OutDescEst: '' 
    - ErrorMessage: ''
0180048:
    - bResult: 'False'
    - OutDescEst: '' 
    - ErrorMessage: ''
0180049:
    - bResult: 'False'
    - OutDescEst: '' 
    - ErrorMessage: ''
0181007:
    - bResult: 'False'
    - OutDescEst: '' 
    - ErrorMessage: ''
0181008:
    - bResult: 'False'
    - OutDescEst: '' 
    - ErrorMessage: ''
0181017:
    - bResult: 'False'
    - OutDescEst: '' 
    - ErrorMessage: ''
0181018:
    - bResult: 'False'
    - OutDescEst: '' 
    - ErrorMessage: ''
0181316:
    - bResult: 'False'
    - OutDescEst: '' 
    - ErrorMessage: ''
0182301:
    - bResult: 'False'
    - OutDescEst: '' 
    - ErrorMessage: ''
0182302:
    - bResult: 'False'
    - OutDescEst: '' 
    - ErrorMessage: ''
0183563:
    - bResult: 'False'
    - OutDescEst: '' 
    - ErrorMessage: ''
0185995:
    - bResult: 'False'
    - OutDescEst: '' 
    - ErrorMessage: ''
0185996:
    - bResult: 'False'
    - OutDescEst: '' 
    - ErrorMessage: ''
0185998:
    - bResult: 'False'
    - OutDescEst: '' 
    - ErrorMessage: ''
0185999:
    - bResult: 'False'
    - OutDescEst: '' 
    - ErrorMessage: ''
0186002:
    - bResult: 'False'
    - OutDescEst: '' 
    - ErrorMessage: ''
0186022:
    - bResult: 'False'
    - OutDescEst: '' 
    - ErrorMessage: ''
0186023:
    - bResult: 'False'
    - OutDescEst: '' 
    - ErrorMessage: ''
0186286:
    - bResult: 'False'
    - OutDescEst: '' 
    - ErrorMessage: ''
0186287:
    - bResult: 'False'
    - OutDescEst: '' 
    - ErrorMessage: ''
0186301:
    - bResult: 'False'
    - OutDescEst: '' 
    - ErrorMessage: ''
0186302:
    - bResult: 'False'
    - OutDescEst: '' 
    - ErrorMessage: ''
0186686:
    - bResult: 'False'
    - OutDescEst: '' 
    - ErrorMessage: ''
0187176:
    - bResult: 'False'
    - OutDescEst: '' 
    - ErrorMessage: ''
0187177:
    - bResult: 'False'
    - OutDescEst: '' 
    - ErrorMessage: ''
0187179:
    - bResult: 'False'
    - OutDescEst: '' 
    - ErrorMessage: ''
0187180:
    - bResult: 'False'
    - OutDescEst: '' 
    - ErrorMessage: ''
0187347:
    - bResult: 'False'
    - OutDescEst: '' 
    - ErrorMessage: ''
0187935:
    - bResult: 'False'
    - OutDescEst: '' 
    - ErrorMessage: ''
0187936:
    - bResult: 'False'
    - OutDescEst: '' 
    - ErrorMessage: ''
0188168:
    - bResult: 'False'
    - OutDescEst: '' 
    - ErrorMessage: ''
0188169:
    - bResult: 'False'
    - OutDescEst: '' 
    - ErrorMessage: ''
0188171:
    - bResult: 'False'
    - OutDescEst: '' 
    - ErrorMessage: ''
0188172:
    - bResult: 'False'
    - OutDescEst: '' 
    - ErrorMessage: ''
0188173:
    - bResult: 'False'
    - OutDescEst: '' 
    - ErrorMessage: ''
0188174:
    - bResult: 'False'
    - OutDescEst: '' 
    - ErrorMessage: ''
0188176:
    - bResult: 'False'
    - OutDescEst: '' 
    - ErrorMessage: ''
0188177:
    - bResult: 'False'
    - OutDescEst: '' 
    - ErrorMessage: ''
0189107:
    - bResult: 'False'
    - OutDescEst: '' 
    - ErrorMessage: ''
0189108:
    - bResult: 'False'
    - OutDescEst: '' 
    - ErrorMessage: ''
0189179:
    - bResult: 'False'
    - OutDescEst: '' 
    - ErrorMessage: ''
0189180:
    - bResult: 'False'
    - OutDescEst: '' 
    - ErrorMessage: ''
0191416:
    - bResult: 'False'
    - OutDescEst: '' 
    - ErrorMessage: ''
0191417:
    - bResult: 'False'
    - OutDescEst: '' 
    - ErrorMessage: ''
0193050:
    - bResult: 'False'
    - OutDescEst: '' 
    - ErrorMessage: ''
0193062:
    - bResult: 'False'
    - OutDescEst: '' 
    - ErrorMessage: ''
0193900:
    - bResult: 'False'
    - OutDescEst: '' 
    - ErrorMessage: ''
0193901:
    - bResult: 'False'
    - OutDescEst: '' 
    - ErrorMessage: ''
0193903:
    - bResult: 'False'
    - OutDescEst: '' 
    - ErrorMessage: ''
0193904:
    - bResult: 'False'
    - OutDescEst: '' 
    - ErrorMessage: ''
0194749:
    - bResult: 'False'
    - OutDescEst: '' 
    - ErrorMessage: ''
0194750:
    - bResult: 'False'
    - OutDescEst: '' 
    - ErrorMessage: ''
0196690:
    - bResult: 'False'
    - OutDescEst: '' 
    - ErrorMessage: ''
0196691:
    - bResult: 'False'
    - OutDescEst: '' 
    - ErrorMessage: ''
0196693:
    - bResult: 'False'
    - OutDescEst: '' 
    - ErrorMessage: ''
0196694:
    - bResult: 'False'
    - OutDescEst: '' 
    - ErrorMessage: ''
0196695:
    - bResult: 'False'
    - OutDescEst: '' 
    - ErrorMessage: ''
0196874:
    - bResult: 'False'
    - OutDescEst: '' 
    - ErrorMessage: ''
0196875:
    - bResult: 'False'
    - OutDescEst: '' 
    - ErrorMessage: ''
0196934:
    - bResult: 'False'
    - OutDescEst: '' 
    - ErrorMessage: ''
0199026:
    - bResult: 'False'
    - OutDescEst: '' 
    - ErrorMessage: ''
0199027:
    - bResult: 'False'
    - OutDescEst: '' 
    - ErrorMessage: ''
0199933:
    - bResult: 'False'
    - OutDescEst: '' 
    - ErrorMessage: ''
0199934:
    - bResult: 'False'
    - OutDescEst: '' 
    - ErrorMessage: ''
0200322:
    - bResult: 'False'
    - OutDescEst: '' 
    - ErrorMessage: ''
0202702:
    - bResult: 'False'
    - OutDescEst: '' 
    - ErrorMessage: ''
0202703:
    - bResult: 'False'
    - OutDescEst: '' 
    - ErrorMessage: ''
0203910:
    - bResult: 'False'
    - OutDescEst: '' 
    - ErrorMessage: ''
0203911:
    - bResult: 'False'
    - OutDescEst: '' 
    - ErrorMessage: ''
0204463:
    - bResult: 'False'
    - OutDescEst: '' 
    - ErrorMessage: ''
0204464:
    - bResult: 'False'
    - OutDescEst: '' 
    - ErrorMessage: ''
0204830:
    - bResult: 'False'
    - OutDescEst: '' 
    - ErrorMessage: ''
0204831:
    - bResult: 'False'
    - OutDescEst: '' 
    - ErrorMessage: ''
0205900:
    - bResult: 'False'
    - OutDescEst: '' 
    - ErrorMessage: ''
0205901:
    - bResult: 'False'
    - OutDescEst: '' 
    - ErrorMessage: ''
0205902:
    - bResult: 'False'
    - OutDescEst: '' 
    - ErrorMessage: ''
0205905:
    - bResult: 'False'
    - OutDescEst: '' 
    - ErrorMessage: ''
0205906:
    - bResult: 'False'
    - OutDescEst: '' 
    - ErrorMessage: ''
0205907:
    - bResult: 'False'
    - OutDescEst: '' 
    - ErrorMessage: ''
0205910:
    - bResult: 'False'
    - OutDescEst: '' 
    - ErrorMessage: ''
0205986:
    - bResult: 'False'
    - OutDescEst: '' 
    - ErrorMessage: ''
0205987:
    - bResult: 'False'
    - OutDescEst: '' 
    - ErrorMessage: ''
0205990:
    - bResult: 'False'
    - OutDescEst: '' 
    - ErrorMessage: ''
0206036:
    - bResult: 'False'
    - OutDescEst: '' 
    - ErrorMessage: ''
0206037:
    - bResult: 'False'
    - OutDescEst: '' 
    - ErrorMessage: ''
0207567:
    - bResult: 'False'
    - OutDescEst: '' 
    - ErrorMessage: ''
0207568:
    - bResult: 'False'
    - OutDescEst: '' 
    - ErrorMessage: ''
0207584:
    - bResult: 'False'
    - OutDescEst: '' 
    - ErrorMessage: ''
0208424:
    - bResult: 'False'
    - OutDescEst: '' 
    - ErrorMessage: ''
0208425:
    - bResult: 'False'
    - OutDescEst: '' 
    - ErrorMessage: ''
0208426:
    - bResult: 'False'
    - OutDescEst: '' 
    - ErrorMessage: ''
0208427:
    - bResult: 'False'
    - OutDescEst: '' 
    - ErrorMessage: ''
0208428:
    - bResult: 'False'
    - OutDescEst: '' 
    - ErrorMessage: ''
0208429:
    - bResult: 'False'
    - OutDescEst: '' 
    - ErrorMessage: ''
0209889:
    - bResult: 'False'
    - OutDescEst: '' 
    - ErrorMessage: ''
0210099:
    - bResult: 'False'
    - OutDescEst: '' 
    - ErrorMessage: ''
0210100:
    - bResult: 'False'
    - OutDescEst: '' 
    - ErrorMessage: ''
0210275:
    - bResult: 'False'
    - OutDescEst: '' 
    - ErrorMessage: ''
0210276:
    - bResult: 'False'
    - OutDescEst: '' 
    - ErrorMessage: ''
0210326:
    - bResult: 'False'
    - OutDescEst: '' 
    - ErrorMessage: ''
0210327:
    - bResult: 'False'
    - OutDescEst: '' 
    - ErrorMessage: ''
0210328:
    - bResult: 'False'
    - OutDescEst: '' 
    - ErrorMessage: ''
0210329:
    - bResult: 'False'
    - OutDescEst: '' 
    - ErrorMessage: ''
0210580:
    - bResult: 'False'
    - OutDescEst: '' 
    - ErrorMessage: ''
0210581:
    - bResult: 'False'
    - OutDescEst: '' 
    - ErrorMessage: ''
0210582:
    - bResult: 'False'
    - OutDescEst: '' 
    - ErrorMessage: ''
0210583:
    - bResult: 'False'
    - OutDescEst: '' 
    - ErrorMessage: ''
0211304:
    - bResult: 'False'
    - OutDescEst: '' 
    - ErrorMessage: ''
0211309:
    - bResult: 'False'
    - OutDescEst: '' 
    - ErrorMessage: ''
0211532:
    - bResult: 'False'
    - OutDescEst: '' 
    - ErrorMessage: ''
0211533:
    - bResult: 'False'
    - OutDescEst: '' 
    - ErrorMessage: ''
0212031:
    - bResult: 'False'
    - OutDescEst: '' 
    - ErrorMessage: ''
0212032:
    - bResult: 'False'
    - OutDescEst: '' 
    - ErrorMessage: ''
0212033:
    - bResult: 'False'
    - OutDescEst: '' 
    - ErrorMessage: ''
0212034:
    - bResult: 'False'
    - OutDescEst: '' 
    - ErrorMessage: ''
0212424:
    - bResult: 'False'
    - OutDescEst: ' foro ruotato 90°' 
    - ErrorMessage: ''
0212425:
    - bResult: 'False'
    - OutDescEst: ' foro ruotato 90°' 
    - ErrorMessage: ''
0212450:
    - bResult: 'False'
    - OutDescEst: '' 
    - ErrorMessage: ''
0212451:
    - bResult: 'False'
    - OutDescEst: '' 
    - ErrorMessage: ''
0213004:
    - bResult: 'False'
    - OutDescEst: '' 
    - ErrorMessage: ''
0213708:
    - bResult: 'False'
    - OutDescEst: '' 
    - ErrorMessage: ''
0213709:
    - bResult: 'False'
    - OutDescEst: '' 
    - ErrorMessage: ''
0213878:
    - bResult: 'False'
    - OutDescEst: '' 
    - ErrorMessage: ''
0213879:
    - bResult: 'False'
    - OutDescEst: '' 
    - ErrorMessage: ''
0213928:
    - bResult: 'False'
    - OutDescEst: '' 
    - ErrorMessage: ''
0213929:
    - bResult: 'False'
    - OutDescEst: '' 
    - ErrorMessage: ''
0214268:
    - bResult: 'False'
    - OutDescEst: '' 
    - ErrorMessage: ''
0214269:
    - bResult: 'False'
    - OutDescEst: '' 
    - ErrorMessage: ''
0214442:
    - bResult: 'False'
    - OutDescEst: '' 
    - ErrorMessage: ''
0214443:
    - bResult: 'False'
    - OutDescEst: '' 
    - ErrorMessage: ''
0214444:
    - bResult: 'False'
    - OutDescEst: '' 
    - ErrorMessage: ''
0214633:
    - bResult: 'False'
    - OutDescEst: '' 
    - ErrorMessage: ''
0214634:
    - bResult: 'False'
    - OutDescEst: '' 
    - ErrorMessage: ''
0214635:
    - bResult: 'False'
    - OutDescEst: '' 
    - ErrorMessage: ''
0214636:
    - bResult: 'False'
    - OutDescEst: '' 
    - ErrorMessage: ''
0214821:
    - bResult: 'False'
    - OutDescEst: '' 
    - ErrorMessage: ''
0214822:
    - bResult: 'False'
    - OutDescEst: '' 
    - ErrorMessage: ''
0214823:
    - bResult: 'False'
    - OutDescEst: '' 
    - ErrorMessage: ''
0214824:
    - bResult: 'False'
    - OutDescEst: '' 
    - ErrorMessage: ''
0214860:
    - bResult: 'False'
    - OutDescEst: '' 
    - ErrorMessage: ''
0214891:
    - bResult: 'False'
    - OutDescEst: '' 
    - ErrorMessage: ''
0214892:
    - bResult: 'False'
    - OutDescEst: '' 
    - ErrorMessage: ''
0214971:
    - bResult: 'False'
    - OutDescEst: '' 
    - ErrorMessage: ''
0214972:
    - bResult: 'False'
    - OutDescEst: '' 
    - ErrorMessage: ''
0217089:
    - bResult: 'False'
    - OutDescEst: '' 
    - ErrorMessage: ''
0217090:
    - bResult: 'False'
    - OutDescEst: '' 
    - ErrorMessage: ''
0217091:
    - bResult: 'False'
    - OutDescEst: '' 
    - ErrorMessage: ''
0217092:
    - bResult: 'False'
    - OutDescEst: '' 
    - ErrorMessage: ''
0217093:
    - bResult: 'False'
    - OutDescEst: '' 
    - ErrorMessage: ''
0217101:
    - bResult: 'False'
    - OutDescEst: '' 
    - ErrorMessage: ''
0217103:
    - bResult: 'False'
    - OutDescEst: '' 
    - ErrorMessage: ''
0217717:
    - bResult: 'False'
    - OutDescEst: '' 
    - ErrorMessage: ''
0217718:
    - bResult: 'False'
    - OutDescEst: '' 
    - ErrorMessage: ''
0217719:
    - bResult: 'False'
    - OutDescEst: '' 
    - ErrorMessage: ''
0217720:
    - bResult: 'False'
    - OutDescEst: '' 
    - ErrorMessage: ''
0218193:
    - bResult: 'False'
    - OutDescEst: '' 
    - ErrorMessage: ''
0218194:
    - bResult: 'False'
    - OutDescEst: '' 
    - ErrorMessage: ''
0218195:
    - bResult: 'False'
    - OutDescEst: '' 
    - ErrorMessage: ''
0218196:
    - bResult: 'False'
    - OutDescEst: '' 
    - ErrorMessage: ''
0218533:
    - bResult: 'False'
    - OutDescEst: '' 
    - ErrorMessage: ''
0218534:
    - bResult: 'False'
    - OutDescEst: '' 
    - ErrorMessage: ''
0218535:
    - bResult: 'False'
    - OutDescEst: '' 
    - ErrorMessage: ''
0218536:
    - bResult: 'False'
    - OutDescEst: '' 
    - ErrorMessage: ''
0220213:
    - bResult: 'False'
    - OutDescEst: '' 
    - ErrorMessage: ''
0220214:
    - bResult: 'False'
    - OutDescEst: '' 
    - ErrorMessage: ''
0220215:
    - bResult: 'False'
    - OutDescEst: '' 
    - ErrorMessage: ''
0220216:
    - bResult: 'False'
    - OutDescEst: '' 
    - ErrorMessage: ''
0220217:
    - bResult: 'False'
    - OutDescEst: '' 
    - ErrorMessage: ''
0220218:
    - bResult: 'False'
    - OutDescEst: '' 
    - ErrorMessage: ''
0220219:
    - bResult: 'False'
    - OutDescEst: '' 
    - ErrorMessage: ''
0220220:
    - bResult: 'False'
    - OutDescEst: '' 
    - ErrorMessage: ''
0220221:
    - bResult: 'False'
    - OutDescEst: '' 
    - ErrorMessage: ''
0220222:
    - bResult: 'False'
    - OutDescEst: '' 
    - ErrorMessage: ''
0220225:
    - bResult: 'False'
    - OutDescEst: '' 
    - ErrorMessage: ''
0220226:
    - bResult: 'False'
    - OutDescEst: '' 
    - ErrorMessage: ''
0220227:
    - bResult: 'False'
    - OutDescEst: '' 
    - ErrorMessage: ''
0220228:
    - bResult: 'False'
    - OutDescEst: '' 
    - ErrorMessage: ''
0220229:
    - bResult: 'False'
    - OutDescEst: '' 
    - ErrorMessage: ''
0220350:
    - bResult: 'False'
    - OutDescEst: '' 
    - ErrorMessage: ''
0220351:
    - bResult: 'False'
    - OutDescEst: '' 
    - ErrorMessage: ''
0220352:
    - bResult: 'False'
    - OutDescEst: '' 
    - ErrorMessage: ''
0220353:
    - bResult: 'False'
    - OutDescEst: '' 
    - ErrorMessage: ''
0222226:
    - bResult: 'False'
    - OutDescEst: '' 
    - ErrorMessage: ''
0222227:
    - bResult: 'False'
    - OutDescEst: '' 
    - ErrorMessage: ''
0222228:
    - bResult: 'False'
    - OutDescEst: '' 
    - ErrorMessage: ''
0222229:
    - bResult: 'False'
    - OutDescEst: '' 
    - ErrorMessage: ''
0222330:
    - bResult: 'False'
    - OutDescEst: '' 
    - ErrorMessage: ''
0222331:
    - bResult: 'False'
    - OutDescEst: '' 
    - ErrorMessage: ''
0223313:
    - bResult: 'False'
    - OutDescEst: '' 
    - ErrorMessage: ''
0223314:
    - bResult: 'False'
    - OutDescEst: '' 
    - ErrorMessage: ''
0223320:
    - bResult: 'False'
    - OutDescEst: '' 
    - ErrorMessage: ''
0223321:
    - bResult: 'False'
    - OutDescEst: '' 
    - ErrorMessage: ''
0223788:
    - bResult: 'False'
    - OutDescEst: '' 
    - ErrorMessage: ''
0223789:
    - bResult: 'False'
    - OutDescEst: '' 
    - ErrorMessage: ''
0223963:
    - bResult: 'False'
    - OutDescEst: '' 
    - ErrorMessage: ''
0223964:
    - bResult: 'False'
    - OutDescEst: '' 
    - ErrorMessage: ''
0223980:
    - bResult: 'False'
    - OutDescEst: '' 
    - ErrorMessage: ''
0223982:
    - bResult: 'False'
    - OutDescEst: '' 
    - ErrorMessage: ''
0224130:
    - bResult: 'False'
    - OutDescEst: '' 
    - ErrorMessage: ''
0224131:
    - bResult: 'False'
    - OutDescEst: '' 
    - ErrorMessage: ''
0224132:
    - bResult: 'False'
    - OutDescEst: '' 
    - ErrorMessage: ''
0224133:
    - bResult: 'False'
    - OutDescEst: '' 
    - ErrorMessage: ''
0224144:
    - bResult: 'False'
    - OutDescEst: '' 
    - ErrorMessage: ''
0224145:
    - bResult: 'False'
    - OutDescEst: '' 
    - ErrorMessage: ''
0224147:
    - bResult: 'False'
    - OutDescEst: '' 
    - ErrorMessage: ''
0224148:
    - bResult: 'False'
    - OutDescEst: '' 
    - ErrorMessage: ''
0224232:
    - bResult: 'False'
    - OutDescEst: '' 
    - ErrorMessage: ''
0224233:
    - bResult: 'False'
    - OutDescEst: '' 
    - ErrorMessage: ''
0224875:
    - bResult: 'False'
    - OutDescEst: '' 
    - ErrorMessage: ''
0224896:
    - bResult: 'False'
    - OutDescEst: '' 
    - ErrorMessage: ''
0224897:
    - bResult: 'False'
    - OutDescEst: '' 
    - ErrorMessage: ''
0224898:
    - bResult: 'False'
    - OutDescEst: '' 
    - ErrorMessage: ''
0224899:
    - bResult: 'False'
    - OutDescEst: '' 
    - ErrorMessage: ''
0225107:
    - bResult: 'False'
    - OutDescEst: '' 
    - ErrorMessage: ''
0225108:
    - bResult: 'False'
    - OutDescEst: '' 
    - ErrorMessage: ''
0225109:
    - bResult: 'False'
    - OutDescEst: '' 
    - ErrorMessage: ''
0225110:
    - bResult: 'False'
    - OutDescEst: '' 
    - ErrorMessage: ''
0225292:
    - bResult: 'False'
    - OutDescEst: '' 
    - ErrorMessage: ''
0225293:
    - bResult: 'False'
    - OutDescEst: '' 
    - ErrorMessage: ''
0225314:
    - bResult: 'False'
    - OutDescEst: '' 
    - ErrorMessage: ''
0225316:
    - bResult: 'False'
    - OutDescEst: '' 
    - ErrorMessage: ''
0225331:
    - bResult: 'False'
    - OutDescEst: '' 
    - ErrorMessage: ''
0225452:
    - bResult: 'False'
    - OutDescEst: '' 
    - ErrorMessage: ''
0225453:
    - bResult: 'False'
    - OutDescEst: '' 
    - ErrorMessage: ''
0225683:
    - bResult: 'False'
    - OutDescEst: '' 
    - ErrorMessage: ''
0225720:
    - bResult: 'False'
    - OutDescEst: '' 
    - ErrorMessage: ''
0225726:
    - bResult: 'False'
    - OutDescEst: '' 
    - ErrorMessage: ''
0225727:
    - bResult: 'False'
    - OutDescEst: '' 
    - ErrorMessage: ''
0227891:
    - bResult: 'False'
    - OutDescEst: '' 
    - ErrorMessage: ''
0227892:
    - bResult: 'False'
    - OutDescEst: '' 
    - ErrorMessage: ''
0228228:
    - bResult: 'False'
    - OutDescEst: '' 
    - ErrorMessage: ''
0228229:
    - bResult: 'False'
    - OutDescEst: '' 
    - ErrorMessage: ''
0228770:
    - bResult: 'False'
    - OutDescEst: '' 
    - ErrorMessage: ''
0228771:
    - bResult: 'False'
    - OutDescEst: '' 
    - ErrorMessage: ''
0228819:
    - bResult: 'False'
    - OutDescEst: '' 
    - ErrorMessage: ''
0229674:
    - bResult: 'False'
    - OutDescEst: '' 
    - ErrorMessage: ''
0229675:
    - bResult: 'False'
    - OutDescEst: '' 
    - ErrorMessage: ''
0230332:
    - bResult: 'False'
    - OutDescEst: '' 
    - ErrorMessage: ''
0230333:
    - bResult: 'False'
    - OutDescEst: '' 
    - ErrorMessage: ''
0230334:
    - bResult: 'False'
    - OutDescEst: '' 
    - ErrorMessage: ''
0230335:
    - bResult: 'False'
    - OutDescEst: '' 
    - ErrorMessage: ''
0231195:
    - bResult: 'False'
    - OutDescEst: '' 
    - ErrorMessage: ''
0231196:
    - bResult: 'False'
    - OutDescEst: '' 
    - ErrorMessage: ''
0231197:
    - bResult: 'False'
    - OutDescEst: '' 
    - ErrorMessage: ''
0231200:
    - bResult: 'False'
    - OutDescEst: ' foro ruotato 90°' 
    - ErrorMessage: ''
0231201:
    - bResult: 'False'
    - OutDescEst: ' foro ruotato 90°' 
    - ErrorMessage: ''
0231202:
    - bResult: 'False'
    - OutDescEst: '' 
    - ErrorMessage: ''
0231362:
    - bResult: 'False'
    - OutDescEst: '' 
    - ErrorMessage: ''
0231363:
    - bResult: 'False'
    - OutDescEst: '' 
    - ErrorMessage: ''
0231524:
    - bResult: 'False'
    - OutDescEst: '' 
    - ErrorMessage: ''
0231525:
    - bResult: 'False'
    - OutDescEst: '' 
    - ErrorMessage: ''
0231526:
    - bResult: 'False'
    - OutDescEst: '' 
    - ErrorMessage: ''
0231527:
    - bResult: 'False'
    - OutDescEst: '' 
    - ErrorMessage: ''
0231531:
    - bResult: 'False'
    - OutDescEst: ' foro ruotato 90°' 
    - ErrorMessage: ''
0231532:
    - bResult: 'False'
    - OutDescEst: ' foro ruotato 90°' 
    - ErrorMessage: ''
0231779:
    - bResult: 'False'
    - OutDescEst: '' 
    - ErrorMessage: ''
0231790:
    - bResult: 'False'
    - OutDescEst: '' 
    - ErrorMessage: ''
0231791:
    - bResult: 'False'
    - OutDescEst: '' 
    - ErrorMessage: ''
0231792:
    - bResult: 'False'
    - OutDescEst: '' 
    - ErrorMessage: ''
0231793:
    - bResult: 'False'
    - OutDescEst: '' 
    - ErrorMessage: ''
0232004:
    - bResult: 'False'
    - OutDescEst: '' 
    - ErrorMessage: ''
0232100:
    - bResult: 'False'
    - OutDescEst: '' 
    - ErrorMessage: ''
0232165:
    - bResult: 'False'
    - OutDescEst: '' 
    - ErrorMessage: ''
0232166:
    - bResult: 'False'
    - OutDescEst: '' 
    - ErrorMessage: ''
0232194:
    - bResult: 'False'
    - OutDescEst: '' 
    - ErrorMessage: ''
0232195:
    - bResult: 'False'
    - OutDescEst: '' 
    - ErrorMessage: ''
0232238:
    - bResult: 'False'
    - OutDescEst: '' 
    - ErrorMessage: ''
0232239:
    - bResult: 'False'
    - OutDescEst: '' 
    - ErrorMessage: ''
0233025:
    - bResult: 'False'
    - OutDescEst: '' 
    - ErrorMessage: ''
0233026:
    - bResult: 'False'
    - OutDescEst: '' 
    - ErrorMessage: ''
0233027:
    - bResult: 'False'
    - OutDescEst: '' 
    - ErrorMessage: ''
0233028:
    - bResult: 'False'
    - OutDescEst: '' 
    - ErrorMessage: ''
0233459:
    - bResult: 'False'
    - OutDescEst: '' 
    - ErrorMessage: ''
0233460:
    - bResult: 'False'
    - OutDescEst: '' 
    - ErrorMessage: ''
0233677:
    - bResult: 'False'
    - OutDescEst: ' foro ruotato 90°' 
    - ErrorMessage: ''
0233680:
    - bResult: 'False'
    - OutDescEst: ' foro ruotato 90°' 
    - ErrorMessage: ''
0234308:
    - bResult: 'False'
    - OutDescEst: '' 
    - ErrorMessage: ''
0234309:
    - bResult: 'False'
    - OutDescEst: '' 
    - ErrorMessage: ''
0234310:
    - bResult: 'False'
    - OutDescEst: '' 
    - ErrorMessage: ''
0234383:
    - bResult: 'False'
    - OutDescEst: '' 
    - ErrorMessage: ''
0234384:
    - bResult: 'False'
    - OutDescEst: '' 
    - ErrorMessage: ''
0234385:
    - bResult: 'False'
    - OutDescEst: '' 
    - ErrorMessage: ''
0234386:
    - bResult: 'False'
    - OutDescEst: '' 
    - ErrorMessage: ''
0234488:
    - bResult: 'False'
    - OutDescEst: '' 
    - ErrorMessage: ''
0234489:
    - bResult: 'False'
    - OutDescEst: '' 
    - ErrorMessage: ''
0234490:
    - bResult: 'False'
    - OutDescEst: '' 
    - ErrorMessage: ''
0234491:
    - bResult: 'False'
    - OutDescEst: '' 
    - ErrorMessage: ''
0235306:
    - bResult: 'False'
    - OutDescEst: '' 
    - ErrorMessage: ''
0235307:
    - bResult: 'False'
    - OutDescEst: '' 
    - ErrorMessage: ''
0235309:
    - bResult: 'False'
    - OutDescEst: '' 
    - ErrorMessage: ''
0235795:
    - bResult: 'False'
    - OutDescEst: '' 
    - ErrorMessage: ''
0235796:
    - bResult: 'False'
    - OutDescEst: '' 
    - ErrorMessage: ''
0235797:
    - bResult: 'False'
    - OutDescEst: '' 
    - ErrorMessage: ''
0235798:
    - bResult: 'False'
    - OutDescEst: '' 
    - ErrorMessage: ''
0235799:
    - bResult: 'False'
    - OutDescEst: '' 
    - ErrorMessage: ''
0235800:
    - bResult: 'False'
    - OutDescEst: '' 
    - ErrorMessage: ''
0236454:
    - bResult: 'False'
    - OutDescEst: '' 
    - ErrorMessage: ''
0239617:
    - bResult: 'False'
    - OutDescEst: '' 
    - ErrorMessage: ''
0239618:
    - bResult: 'False'
    - OutDescEst: '' 
    - ErrorMessage: ''
0240529:
    - bResult: 'False'
    - OutDescEst: '' 
    - ErrorMessage: ''
0240530:
    - bResult: 'False'
    - OutDescEst: '' 
    - ErrorMessage: ''
0240547:
    - bResult: 'False'
    - OutDescEst: '' 
    - ErrorMessage: ''
0240548:
    - bResult: 'False'
    - OutDescEst: '' 
    - ErrorMessage: ''
0241136:
    - bResult: 'False'
    - OutDescEst: '' 
    - ErrorMessage: ''
0241137:
    - bResult: 'False'
    - OutDescEst: '' 
    - ErrorMessage: ''
0242348:
    - bResult: 'False'
    - OutDescEst: '' 
    - ErrorMessage: ''
0242349:
    - bResult: 'False'
    - OutDescEst: '' 
    - ErrorMessage: ''
0243404:
    - bResult: 'False'
    - OutDescEst: '' 
    - ErrorMessage: ''
0244708:
    - bResult: 'False'
    - OutDescEst: '' 
    - ErrorMessage: ''
0244709:
    - bResult: 'False'
    - OutDescEst: '' 
    - ErrorMessage: ''
0244710:
    - bResult: 'False'
    - OutDescEst: '' 
    - ErrorMessage: ''
0244711:
    - bResult: 'False'
    - OutDescEst: '' 
    - ErrorMessage: ''
0245470:
    - bResult: 'False'
    - OutDescEst: '' 
    - ErrorMessage: ''
0245471:
    - bResult: 'False'
    - OutDescEst: '' 
    - ErrorMessage: ''
0245940:
    - bResult: 'False'
    - OutDescEst: '' 
    - ErrorMessage: ''
0245941:
    - bResult: 'False'
    - OutDescEst: '' 
    - ErrorMessage: ''
0245986:
    - bResult: 'False'
    - OutDescEst: ' foro ruotato 90°' 
    - ErrorMessage: ''
0245988:
    - bResult: 'False'
    - OutDescEst: ' foro ruotato 90°' 
    - ErrorMessage: ''
0245991:
    - bResult: 'False'
    - OutDescEst: '' 
    - ErrorMessage: ''
0245992:
    - bResult: 'False'
    - OutDescEst: '' 
    - ErrorMessage: ''
0245993:
    - bResult: 'False'
    - OutDescEst: '' 
    - ErrorMessage: ''
0245994:
    - bResult: 'False'
    - OutDescEst: '' 
    - ErrorMessage: ''
0247152:
    - bResult: 'False'
    - OutDescEst: '' 
    - ErrorMessage: ''
0247153:
    - bResult: 'False'
    - OutDescEst: '' 
    - ErrorMessage: ''
0248328:
    - bResult: 'False'
    - OutDescEst: '' 
    - ErrorMessage: ''
0248329:
    - bResult: 'False'
    - OutDescEst: '' 
    - ErrorMessage: ''
0248660:
    - bResult: 'False'
    - OutDescEst: '' 
    - ErrorMessage: ''
0248661:
    - bResult: 'False'
    - OutDescEst: '' 
    - ErrorMessage: ''
0249354:
    - bResult: 'False'
    - OutDescEst: '' 
    - ErrorMessage: ''
0249355:
    - bResult: 'False'
    - OutDescEst: '' 
    - ErrorMessage: ''
0249892:
    - bResult: 'False'
    - OutDescEst: '' 
    - ErrorMessage: ''
0249893:
    - bResult: 'False'
    - OutDescEst: '' 
    - ErrorMessage: ''
0250360:
    - bResult: 'False'
    - OutDescEst: '' 
    - ErrorMessage: ''
0250361:
    - bResult: 'False'
    - OutDescEst: '' 
    - ErrorMessage: ''
0250362:
    - bResult: 'False'
    - OutDescEst: '' 
    - ErrorMessage: ''
0250363:
    - bResult: 'False'
    - OutDescEst: '' 
    - ErrorMessage: ''
0250364:
    - bResult: 'False'
    - OutDescEst: '' 
    - ErrorMessage: ''
0250365:
    - bResult: 'False'
    - OutDescEst: '' 
    - ErrorMessage: ''
0250375:
    - bResult: 'False'
    - OutDescEst: '' 
    - ErrorMessage: ''
0250376:
    - bResult: 'False'
    - OutDescEst: '' 
    - ErrorMessage: ''
0250806:
    - bResult: 'False'
    - OutDescEst: '' 
    - ErrorMessage: ''
0251491:
    - bResult: 'False'
    - OutDescEst: '' 
    - ErrorMessage: ''
0251529:
    - bResult: 'False'
    - OutDescEst: '' 
    - ErrorMessage: ''
0251530:
    - bResult: 'False'
    - OutDescEst: '' 
    - ErrorMessage: ''
0251531:
    - bResult: 'False'
    - OutDescEst: '' 
    - ErrorMessage: ''
0251532:
    - bResult: 'False'
    - OutDescEst: '' 
    - ErrorMessage: ''
0251533:
    - bResult: 'False'
    - OutDescEst: '' 
    - ErrorMessage: ''
0251534:
    - bResult: 'False'
    - OutDescEst: '' 
    - ErrorMessage: ''
0251535:
    - bResult: 'False'
    - OutDescEst: '' 
    - ErrorMessage: ''
0251536:
    - bResult: 'False'
    - OutDescEst: '' 
    - ErrorMessage: ''
0251539:
    - bResult: 'False'
    - OutDescEst: '' 
    - ErrorMessage: ''
0251942:
    - bResult: 'False'
    - OutDescEst: '' 
    - ErrorMessage: ''
0251943:
    - bResult: 'False'
    - OutDescEst: '' 
    - ErrorMessage: ''
0254001:
    - bResult: 'False'
    - OutDescEst: '' 
    - ErrorMessage: ''
0254002:
    - bResult: 'False'
    - OutDescEst: '' 
    - ErrorMessage: ''
0254307:
    - bResult: 'False'
    - OutDescEst: '' 
    - ErrorMessage: ''
0254542:
    - bResult: 'False'
    - OutDescEst: '' 
    - ErrorMessage: ''
0254543:
    - bResult: 'False'
    - OutDescEst: '' 
    - ErrorMessage: ''
0254613:
    - bResult: 'False'
    - OutDescEst: '' 
    - ErrorMessage: ''
0254614:
    - bResult: 'False'
    - OutDescEst: '' 
    - ErrorMessage: ''
0255090:
    - bResult: 'False'
    - OutDescEst: '' 
    - ErrorMessage: ''
0255102:
    - bResult: 'False'
    - OutDescEst: '' 
    - ErrorMessage: ''
0255412:
    - bResult: 'False'
    - OutDescEst: '' 
    - ErrorMessage: ''
0255413:
    - bResult: 'False'
    - OutDescEst: '' 
    - ErrorMessage: ''
0255462:
    - bResult: 'False'
    - OutDescEst: '' 
    - ErrorMessage: ''
0255713:
    - bResult: 'False'
    - OutDescEst: '' 
    - ErrorMessage: ''
0256281:
    - bResult: 'False'
    - OutDescEst: '' 
    - ErrorMessage: ''
0256282:
    - bResult: 'False'
    - OutDescEst: '' 
    - ErrorMessage: ''
0257351:
    - bResult: 'False'
    - OutDescEst: '' 
    - ErrorMessage: ''
0257352:
    - bResult: 'False'
    - OutDescEst: '' 
    - ErrorMessage: ''
0257713:
    - bResult: 'False'
    - OutDescEst: '' 
    - ErrorMessage: ''
0257714:
    - bResult: 'False'
    - OutDescEst: '' 
    - ErrorMessage: ''
0257715:
    - bResult: 'False'
    - OutDescEst: '' 
    - ErrorMessage: ''
0257716:
    - bResult: 'False'
    - OutDescEst: '' 
    - ErrorMessage: ''
0260251:
    - bResult: 'False'
    - OutDescEst: '' 
    - ErrorMessage: ''
0260252:
    - bResult: 'False'
    - OutDescEst: '' 
    - ErrorMessage: ''
0260324:
    - bResult: 'False'
    - OutDescEst: '' 
    - ErrorMessage: ''
0260325:
    - bResult: 'False'
    - OutDescEst: '' 
    - ErrorMessage: ''
0260326:
    - bResult: 'False'
    - OutDescEst: '' 
    - ErrorMessage: ''
0260327:
    - bResult: 'False'
    - OutDescEst: '' 
    - ErrorMessage: ''
0260720:
    - bResult: 'False'
    - OutDescEst: '' 
    - ErrorMessage: ''
0260722:
    - bResult: 'False'
    - OutDescEst: '' 
    - ErrorMessage: ''
0260723:
    - bResult: 'False'
    - OutDescEst: '' 
    - ErrorMessage: ''
0260724:
    - bResult: 'False'
    - OutDescEst: '' 
    - ErrorMessage: ''
0261929:
    - bResult: 'False'
    - OutDescEst: '' 
    - ErrorMessage: ''
0261930:
    - bResult: 'False'
    - OutDescEst: '' 
    - ErrorMessage: ''
0261931:
    - bResult: 'False'
    - OutDescEst: '' 
    - ErrorMessage: ''
0261932:
    - bResult: 'False'
    - OutDescEst: '' 
    - ErrorMessage: ''
0261976:
    - bResult: 'False'
    - OutDescEst: '' 
    - ErrorMessage: ''
0262700:
    - bResult: 'False'
    - OutDescEst: '' 
    - ErrorMessage: ''
0263190:
    - bResult: 'False'
    - OutDescEst: '' 
    - ErrorMessage: ''
0263867:
    - bResult: 'False'
    - OutDescEst: '' 
    - ErrorMessage: ''
0263868:
    - bResult: 'False'
    - OutDescEst: '' 
    - ErrorMessage: ''
0263869:
    - bResult: 'False'
    - OutDescEst: '' 
    - ErrorMessage: ''
0264502:
    - bResult: 'False'
    - OutDescEst: '' 
    - ErrorMessage: ''
0264503:
    - bResult: 'False'
    - OutDescEst: '' 
    - ErrorMessage: ''
0267900:
    - bResult: 'False'
    - OutDescEst: '' 
    - ErrorMessage: ''
0267901:
    - bResult: 'False'
    - OutDescEst: '' 
    - ErrorMessage: ''
0268062:
    - bResult: 'False'
    - OutDescEst: '' 
    - ErrorMessage: ''
0268063:
    - bResult: 'False'
    - OutDescEst: '' 
    - ErrorMessage: ''
0270080:
    - bResult: 'False'
    - OutDescEst: '' 
    - ErrorMessage: ''
0270081:
    - bResult: 'False'
    - OutDescEst: '' 
    - ErrorMessage: ''
0271122:
    - bResult: 'False'
    - OutDescEst: '' 
    - ErrorMessage: ''
0271123:
    - bResult: 'False'
    - OutDescEst: '' 
    - ErrorMessage: ''
0271595:
    - bResult: 'False'
    - OutDescEst: ' foro ruotato 90°' 
    - ErrorMessage: ''
0271689:
    - bResult: 'False'
    - OutDescEst: '' 
    - ErrorMessage: ''
0271704:
    - bResult: 'False'
    - OutDescEst: '' 
    - ErrorMessage: ''
0272529:
    - bResult: 'False'
    - OutDescEst: '' 
    - ErrorMessage: ''
0272530:
    - bResult: 'False'
    - OutDescEst: '' 
    - ErrorMessage: ''
0272983:
    - bResult: 'False'
    - OutDescEst: '' 
    - ErrorMessage: ''
0272984:
    - bResult: 'False'
    - OutDescEst: '' 
    - ErrorMessage: ''
0272989:
    - bResult: 'False'
    - OutDescEst: '' 
    - ErrorMessage: ''
0272990:
    - bResult: 'False'
    - OutDescEst: '' 
    - ErrorMessage: ''
0272991:
    - bResult: 'False'
    - OutDescEst: '' 
    - ErrorMessage: ''
0272992:
    - bResult: 'False'
    - OutDescEst: '' 
    - ErrorMessage: ''
0273210:
    - bResult: 'False'
    - OutDescEst: '' 
    - ErrorMessage: ''
0273211:
    - bResult: 'False'
    - OutDescEst: '' 
    - ErrorMessage: ''
0273212:
    - bResult: 'False'
    - OutDescEst: '' 
    - ErrorMessage: ''
0273213:
    - bResult: 'False'
    - OutDescEst: '' 
    - ErrorMessage: ''
0273861:
    - bResult: 'False'
    - OutDescEst: '' 
    - ErrorMessage: ''
0273862:
    - bResult: 'False'
    - OutDescEst: '' 
    - ErrorMessage: ''
0275882:
    - bResult: 'False'
    - OutDescEst: '' 
    - ErrorMessage: ''
0275883:
    - bResult: 'False'
    - OutDescEst: '' 
    - ErrorMessage: ''
0276310:
    - bResult: 'False'
    - OutDescEst: '' 
    - ErrorMessage: ''
0276311:
    - bResult: 'False'
    - OutDescEst: '' 
    - ErrorMessage: ''
0277632:
    - bResult: 'False'
    - OutDescEst: '' 
    - ErrorMessage: ''
0277633:
    - bResult: 'False'
    - OutDescEst: '' 
    - ErrorMessage: ''
0278745:
    - bResult: 'False'
    - OutDescEst: '' 
    - ErrorMessage: ''
0278746:
    - bResult: 'False'
    - OutDescEst: '' 
    - ErrorMessage: ''
0279055:
    - bResult: 'False'
    - OutDescEst: '' 
    - ErrorMessage: ''
0279056:
    - bResult: 'False'
    - OutDescEst: '' 
    - ErrorMessage: ''
0279195:
    - bResult: 'False'
    - OutDescEst: '' 
    - ErrorMessage: ''
0279200:
    - bResult: 'False'
    - OutDescEst: '' 
    - ErrorMessage: ''
0279203:
    - bResult: 'False'
    - OutDescEst: '' 
    - ErrorMessage: ''
0279204:
    - bResult: 'False'
    - OutDescEst: '' 
    - ErrorMessage: ''
0279483:
    - bResult: 'False'
    - OutDescEst: '' 
    - ErrorMessage: ''
0279484:
    - bResult: 'False'
    - OutDescEst: '' 
    - ErrorMessage: ''
0279885:
    - bResult: 'False'
    - OutDescEst: '' 
    - ErrorMessage: ''
0279888:
    - bResult: 'False'
    - OutDescEst: '' 
    - ErrorMessage: ''
0279893:
    - bResult: 'False'
    - OutDescEst: '' 
    - ErrorMessage: ''
0279894:
    - bResult: 'False'
    - OutDescEst: '' 
    - ErrorMessage: ''
0289164:
    - bResult: 'False'
    - OutDescEst: '' 
    - ErrorMessage: ''
0289165:
    - bResult: 'False'
    - OutDescEst: '' 
    - ErrorMessage: ''
