0250787:
    - bResult: 'False'
    - OutDescEst: '' 
    - ErrorMessage: ''
0250786:
    - bResult: 'False'
    - OutDescEst: '' 
    - ErrorMessage: ''
0250785:
    - bResult: 'False'
    - OutDescEst: ' Agg.sup.st.42 - Spes.calp.sup.00 - Agg.inf.st.42 - Spes.calp.inf.00' 
    - ErrorMessage: ''
0250784:
    - bResult: 'False'
    - OutDescEst: ' Agg.sup.st.42 - Spes.calp.sup.00 - Agg.inf.st.42 - Spes.calp.inf.00' 
    - ErrorMessage: ''
0250783:
    - bResult: 'False'
    - OutDescEst: '' 
    - ErrorMessage: ''
0250782:
    - bResult: 'False'
    - OutDescEst: '' 
    - ErrorMessage: ''
0250781:
    - bResult: 'False'
    - OutDescEst: '' 
    - ErrorMessage: ''
0250780:
    - bResult: 'False'
    - OutDescEst: '' 
    - ErrorMessage: ''
0250779:
    - bResult: 'False'
    - OutDescEst: '' 
    - ErrorMessage: ''
0250778:
    - bResult: 'False'
    - OutDescEst: '' 
    - ErrorMessage: ''
0250777:
    - bResult: 'False'
    - OutDescEst: '' 
    - ErrorMessage: ''
0250776:
    - bResult: 'False'
    - OutDescEst: '' 
    - ErrorMessage: ''
0250775:
    - bResult: 'False'
    - OutDescEst: '' 
    - ErrorMessage: ''
0250774:
    - bResult: 'False'
    - OutDescEst: '' 
    - ErrorMessage: ''
0250773:
    - bResult: 'False'
    - OutDescEst: '' 
    - ErrorMessage: ''
0250663:
    - bResult: 'False'
    - OutDescEst: ' conn. 5 ganci F.S. - Rinforzo 35x10 - Int. - Est.' 
    - ErrorMessage: ''
0250661:
    - bResult: 'False'
    - OutDescEst: ' conn. 5 ganci F.S. - Rinforzo 35x10 - Int. - Est.' 
    - ErrorMessage: ''
0250657:
    - bResult: 'False'
    - OutDescEst: ' conn. 5 ganci F.S. - Int. - Est.' 
    - ErrorMessage: ''
0250656:
    - bResult: 'False'
    - OutDescEst: ' conn. 5 ganci F.S. - Int. - Est.' 
    - ErrorMessage: ''
0250655:
    - bResult: 'False'
    - OutDescEst: ' Piastra STD 200x6 Filo Angolo SX' 
    - ErrorMessage: ''
0250654:
    - bResult: 'False'
    - OutDescEst: ' Piastra STD 200x6 Filo Angolo DX' 
    - ErrorMessage: ''
0250645:
    - bResult: 'False'
    - OutDescEst: ' - Int. - Est.' 
    - ErrorMessage: ''
0250639:
    - bResult: 'False'
    - OutDescEst: '' 
    - ErrorMessage: ''
0250638:
    - bResult: 'False'
    - OutDescEst: ' Agg.sup.angolare - Spes.calp.sup.00 - Agg.inf.standard - Spes.calp.inf.00' 
    - ErrorMessage: ''
0250637:
    - bResult: 'False'
    - OutDescEst: ' Agg.sup.angolare - Spes.calp.sup.00 - Agg.inf.standard - Spes.calp.inf.00' 
    - ErrorMessage: ''
0250636:
    - bResult: 'False'
    - OutDescEst: ' Agg.sup.angolare - Spes.calp.sup.00 - Agg.inf.standard - Spes.calp.inf.00' 
    - ErrorMessage: ''
0250635:
    - bResult: 'False'
    - OutDescEst: ' Agg.sup.angolare - Spes.calp.sup.00 - Agg.inf.standard - Spes.calp.inf.00' 
    - ErrorMessage: ''
0250634:
    - bResult: 'False'
    - OutDescEst: '' 
    - ErrorMessage: ''
0250633:
    - bResult: 'False'
    - OutDescEst: '' 
    - ErrorMessage: ''
0250632:
    - bResult: 'False'
    - OutDescEst: '' 
    - ErrorMessage: ''
0250631:
    - bResult: 'False'
    - OutDescEst: '' 
    - ErrorMessage: ''
0250630:
    - bResult: 'False'
    - OutDescEst: '' 
    - ErrorMessage: ''
0250629:
    - bResult: 'False'
    - OutDescEst: '' 
    - ErrorMessage: ''
0250628:
    - bResult: 'False'
    - OutDescEst: '' 
    - ErrorMessage: ''
0250627:
    - bResult: 'False'
    - OutDescEst: '' 
    - ErrorMessage: ''
0250626:
    - bResult: 'False'
    - OutDescEst: '' 
    - ErrorMessage: ''
0250625:
    - bResult: 'False'
    - OutDescEst: '' 
    - ErrorMessage: ''
0250624:
    - bResult: 'False'
    - OutDescEst: '' 
    - ErrorMessage: ''
0250623:
    - bResult: 'False'
    - OutDescEst: '' 
    - ErrorMessage: ''
0250622:
    - bResult: 'False'
    - OutDescEst: '' 
    - ErrorMessage: ''
0250621:
    - bResult: 'False'
    - OutDescEst: '' 
    - ErrorMessage: ''
0250620:
    - bResult: 'False'
    - OutDescEst: '' 
    - ErrorMessage: ''
0250619:
    - bResult: 'False'
    - OutDescEst: '' 
    - ErrorMessage: ''
0250618:
    - bResult: 'False'
    - OutDescEst: '' 
    - ErrorMessage: ''
0250617:
    - bResult: 'False'
    - OutDescEst: '' 
    - ErrorMessage: ''
0250616:
    - bResult: 'False'
    - OutDescEst: '' 
    - ErrorMessage: ''
0250615:
    - bResult: 'False'
    - OutDescEst: '' 
    - ErrorMessage: ''
0250614:
    - bResult: 'False'
    - OutDescEst: '' 
    - ErrorMessage: ''
0250613:
    - bResult: 'False'
    - OutDescEst: '' 
    - ErrorMessage: ''
0250612:
    - bResult: 'False'
    - OutDescEst: ' conn. 5 ganci F.S. - Rinforzo 35x10 - Int. - Est.' 
    - ErrorMessage: ''
0250611:
    - bResult: 'False'
    - OutDescEst: ' conn. 5 ganci F.S. - Rinforzo 35x10 - Int. - Est.' 
    - ErrorMessage: ''
0250610:
    - bResult: 'False'
    - OutDescEst: ' Dx conn. 5 ganci F.S. - Sx staffa 47x3,5 - Int. - Est.' 
    - ErrorMessage: ''
0250609:
    - bResult: 'False'
    - OutDescEst: ' Dx conn. 5 ganci F.S. - Sx staffa 47x3,5 - Int. - Est.' 
    - ErrorMessage: ''
0250608:
    - bResult: 'False'
    - OutDescEst: ' conn. 5 ganci F.S. - Int. - Est.' 
    - ErrorMessage: ''
0250607:
    - bResult: 'False'
    - OutDescEst: ' conn. 5 ganci F.S. - Int. - Est.' 
    - ErrorMessage: ''
0250606:
    - bResult: 'False'
    - OutDescEst: ' conn. 5 ganci F.S. - Int. - Est.' 
    - ErrorMessage: ''
0250605:
    - bResult: 'False'
    - OutDescEst: ' Dx staffa 47x3,5 - Sx conn. 5 ganci F.S. - Int. - Est.' 
    - ErrorMessage: ''
0250604:
    - bResult: 'False'
    - OutDescEst: ' Dx staffa 47x3,5 - Sx conn. 5 ganci F.S. - Int. - Est.' 
    - ErrorMessage: ''
0250603:
    - bResult: 'False'
    - OutDescEst: ' Dx conn. 5 ganci F.S. - Sx staffa 47x3,5 - Int. - Est.' 
    - ErrorMessage: ''
0250602:
    - bResult: 'False'
    - OutDescEst: ' Dx conn. 5 ganci F.S. - Sx staffa 47x3,5 - Int. - Est.' 
    - ErrorMessage: ''
0250601:
    - bResult: 'False'
    - OutDescEst: ' conn. 5 ganci F.S. - Int. - Est.' 
    - ErrorMessage: ''
0250600:
    - bResult: 'False'
    - OutDescEst: ' conn. 5 ganci F.S. - Int. - Est.' 
    - ErrorMessage: ''
0250599:
    - bResult: 'False'
    - OutDescEst: ' conn. 5 ganci F.S. - Int. - Est.' 
    - ErrorMessage: ''
0250598:
    - bResult: 'False'
    - OutDescEst: ' conn. 5 ganci F.S. - Int. - Est.' 
    - ErrorMessage: ''
0250597:
    - bResult: 'False'
    - OutDescEst: ' conn. 5 ganci F.S. - Int. - Est.' 
    - ErrorMessage: ''
0250596:
    - bResult: 'False'
    - OutDescEst: ' conn. 5 ganci F.S. - Int. - Est.' 
    - ErrorMessage: ''
0250595:
    - bResult: 'False'
    - OutDescEst: ' conn. 5 ganci F.S. - Int. - Est.' 
    - ErrorMessage: ''
0250594:
    - bResult: 'False'
    - OutDescEst: ' conn. 5 ganci F.S. - Int. - Est.' 
    - ErrorMessage: ''
0250593:
    - bResult: 'False'
    - OutDescEst: ' conn. 5 ganci F.S. - Int. - Est.' 
    - ErrorMessage: ''
0250592:
    - bResult: 'False'
    - OutDescEst: ' conn. 5 ganci F.S. - Int. - Est.' 
    - ErrorMessage: ''
0250565:
    - bResult: 'False'
    - OutDescEst: '' 
    - ErrorMessage: ''
0250564:
    - bResult: 'False'
    - OutDescEst: '' 
    - ErrorMessage: ''
0250563:
    - bResult: 'False'
    - OutDescEst: '' 
    - ErrorMessage: ''
0250562:
    - bResult: 'False'
    - OutDescEst: '' 
    - ErrorMessage: ''
0250561:
    - bResult: 'False'
    - OutDescEst: '' 
    - ErrorMessage: ''
0250560:
    - bResult: 'False'
    - OutDescEst: '' 
    - ErrorMessage: ''
0250559:
    - bResult: 'False'
    - OutDescEst: '' 
    - ErrorMessage: ''
0250558:
    - bResult: 'False'
    - OutDescEst: '' 
    - ErrorMessage: ''
0250554:
    - bResult: 'False'
    - OutDescEst: '  Sald.Filo Lato' 
    - ErrorMessage: ''
0250549:
    - bResult: 'False'
    - OutDescEst: '  Sald.Filo Lato' 
    - ErrorMessage: ''
0250540:
    - bResult: 'False'
    - OutDescEst: '' 
    - ErrorMessage: ''
0250538:
    - bResult: 'False'
    - OutDescEst: '' 
    - ErrorMessage: ''
0250525:
    - bResult: 'False'
    - OutDescEst: '' 
    - ErrorMessage: ''
0250524:
    - bResult: 'False'
    - OutDescEst: '' 
    - ErrorMessage: ''
0250523:
    - bResult: 'False'
    - OutDescEst: '' 
    - ErrorMessage: ''
0250522:
    - bResult: 'False'
    - OutDescEst: '' 
    - ErrorMessage: ''
0250521:
    - bResult: 'False'
    - OutDescEst: '' 
    - ErrorMessage: ''
0250520:
    - bResult: 'False'
    - OutDescEst: '' 
    - ErrorMessage: ''
0250519:
    - bResult: 'False'
    - OutDescEst: '' 
    - ErrorMessage: ''
0250518:
    - bResult: 'False'
    - OutDescEst: '' 
    - ErrorMessage: ''
0250517:
    - bResult: 'False'
    - OutDescEst: '' 
    - ErrorMessage: ''
0250516:
    - bResult: 'False'
    - OutDescEst: '' 
    - ErrorMessage: ''
0250515:
    - bResult: 'False'
    - OutDescEst: '' 
    - ErrorMessage: ''
0250514:
    - bResult: 'False'
    - OutDescEst: '' 
    - ErrorMessage: ''
0250513:
    - bResult: 'False'
    - OutDescEst: '' 
    - ErrorMessage: ''
0250512:
    - bResult: 'False'
    - OutDescEst: '' 
    - ErrorMessage: ''
0250420:
    - bResult: 'False'
    - OutDescEst: '' 
    - ErrorMessage: ''
0250418:
    - bResult: 'False'
    - OutDescEst: '' 
    - ErrorMessage: ''
0250395:
    - bResult: 'False'
    - OutDescEst: '' 
    - ErrorMessage: ''
0250394:
    - bResult: 'False'
    - OutDescEst: '' 
    - ErrorMessage: ''
0250389:
    - bResult: 'False'
    - OutDescEst: '' 
    - ErrorMessage: ''
0250388:
    - bResult: 'False'
    - OutDescEst: ' Agg.sup.angolare - Spes.calp.sup.00 - Agg.inf.standard - Spes.calp.inf.00' 
    - ErrorMessage: ''
0250387:
    - bResult: 'False'
    - OutDescEst: ' Agg.sup.angolare - Spes.calp.sup.00 - Agg.inf.standard - Spes.calp.inf.00' 
    - ErrorMessage: ''
0250386:
    - bResult: 'False'
    - OutDescEst: ' Agg.sup.angolare - Spes.calp.sup.00 - Agg.inf.standard - Spes.calp.inf.00' 
    - ErrorMessage: ''
0250385:
    - bResult: 'False'
    - OutDescEst: ' Agg.sup.angolare - Spes.calp.sup.00 - Agg.inf.standard - Spes.calp.inf.00' 
    - ErrorMessage: ''
0250379:
    - bResult: 'False'
    - OutDescEst: ' Dx staffa 47x3,5 - Sx libero - Int. - Est.' 
    - ErrorMessage: ''
0250378:
    - bResult: 'False'
    - OutDescEst: ' Dx staffa 47x3,5 - Sx libero - Int. - Est.' 
    - ErrorMessage: ''
0250325:
    - bResult: 'False'
    - OutDescEst: '' 
    - ErrorMessage: ''
0250324:
    - bResult: 'False'
    - OutDescEst: ' Agg.sup.angolare - Spes.calp.sup.00 - Agg.inf.standard - Spes.calp.inf.00' 
    - ErrorMessage: ''
0250323:
    - bResult: 'False'
    - OutDescEst: ' Agg.sup.angolare - Spes.calp.sup.00 - Agg.inf.standard - Spes.calp.inf.00' 
    - ErrorMessage: ''
0250318:
    - bResult: 'False'
    - OutDescEst: ' conn. 5 ganci F.S. - Int. - Est.' 
    - ErrorMessage: ''
0250317:
    - bResult: 'False'
    - OutDescEst: ' conn. 5 ganci F.S. - Int. - Est.' 
    - ErrorMessage: ''
0250316:
    - bResult: 'False'
    - OutDescEst: ' conn. 5 ganci F.S. - Int. - Est.' 
    - ErrorMessage: ''
0250315:
    - bResult: 'False'
    - OutDescEst: ' conn. 5 ganci F.S. - Int. - Est.' 
    - ErrorMessage: ''
0250314:
    - bResult: 'False'
    - OutDescEst: ' conn. 5 ganci F.S. - Int. - Est.' 
    - ErrorMessage: ''
0250313:
    - bResult: 'False'
    - OutDescEst: ' conn. 5 ganci F.S. - Int. - Est.' 
    - ErrorMessage: ''
0250312:
    - bResult: 'False'
    - OutDescEst: ' Piastra STD 200x6 Filo Angolo SX' 
    - ErrorMessage: ''
0250311:
    - bResult: 'False'
    - OutDescEst: ' Piastra STD 200x6 Filo Angolo DX' 
    - ErrorMessage: ''
0250310:
    - bResult: 'False'
    - OutDescEst: ' Piastra STD 200x6 Filo Lato Lungo' 
    - ErrorMessage: ''
0250309:
    - bResult: 'False'
    - OutDescEst: ' Piastra STD 200x6 Filo Lato Lungo' 
    - ErrorMessage: ''
0250308:
    - bResult: 'False'
    - OutDescEst: ' Piastra STD 200x6 Filo Angolo SX' 
    - ErrorMessage: ''
0250307:
    - bResult: 'False'
    - OutDescEst: ' Piastra STD 200x6 Filo Angolo DX' 
    - ErrorMessage: ''
0250306:
    - bResult: 'False'
    - OutDescEst: '' 
    - ErrorMessage: ''
0250305:
    - bResult: 'False'
    - OutDescEst: '' 
    - ErrorMessage: ''
0250304:
    - bResult: 'False'
    - OutDescEst: ' Agg.sup.angolare - Spes.calp.sup.00 - Agg.inf.standard - Spes.calp.inf.00' 
    - ErrorMessage: ''
0250303:
    - bResult: 'False'
    - OutDescEst: ' Agg.sup.angolare - Spes.calp.sup.00 - Agg.inf.standard - Spes.calp.inf.00' 
    - ErrorMessage: ''
0250302:
    - bResult: 'False'
    - OutDescEst: ' Agg.sup.angolare - Spes.calp.sup.00 - Agg.inf.standard - Spes.calp.inf.00' 
    - ErrorMessage: ''
0250301:
    - bResult: 'False'
    - OutDescEst: ' Agg.sup.angolare - Spes.calp.sup.00 - Agg.inf.standard - Spes.calp.inf.00' 
    - ErrorMessage: ''
0250300:
    - bResult: 'False'
    - OutDescEst: ' Agg.sup.angolare - Spes.calp.sup.00 - Agg.inf.standard - Spes.calp.inf.00' 
    - ErrorMessage: ''
0250299:
    - bResult: 'False'
    - OutDescEst: ' Agg.sup.angolare - Spes.calp.sup.00 - Agg.inf.standard - Spes.calp.inf.00' 
    - ErrorMessage: ''
0250298:
    - bResult: 'False'
    - OutDescEst: ' Agg.sup.angolare - Spes.calp.sup.00 - Agg.inf.standard - Spes.calp.inf.00' 
    - ErrorMessage: ''
0250297:
    - bResult: 'False'
    - OutDescEst: ' Agg.sup.angolare - Spes.calp.sup.00 - Agg.inf.standard - Spes.calp.inf.00' 
    - ErrorMessage: ''
0250296:
    - bResult: 'False'
    - OutDescEst: '' 
    - ErrorMessage: ''
0250295:
    - bResult: 'False'
    - OutDescEst: '' 
    - ErrorMessage: ''
0250294:
    - bResult: 'False'
    - OutDescEst: '' 
    - ErrorMessage: ''
0250293:
    - bResult: 'False'
    - OutDescEst: ' Dx staffa 47x3,5 - Sx conn. 5 ganci F.S. - Int. - Est.' 
    - ErrorMessage: ''
0250292:
    - bResult: 'False'
    - OutDescEst: ' Dx staffa 47x3,5 - Sx conn. 5 ganci F.S. - Int. - Est.' 
    - ErrorMessage: ''
0250291:
    - bResult: 'False'
    - OutDescEst: ' conn. 5 ganci F.S. - Int. - Est.' 
    - ErrorMessage: ''
0250290:
    - bResult: 'False'
    - OutDescEst: ' conn. 5 ganci F.S. - Int. - Est.' 
    - ErrorMessage: ''
0250289:
    - bResult: 'False'
    - OutDescEst: ' conn. 5 ganci F.S. - Int. - Est.' 
    - ErrorMessage: ''
0250288:
    - bResult: 'False'
    - OutDescEst: ' conn. 5 ganci F.S. - Int. - Est.' 
    - ErrorMessage: ''
0250287:
    - bResult: 'False'
    - OutDescEst: ' conn. 5 ganci F.S. - Int. - Est.' 
    - ErrorMessage: ''
0250286:
    - bResult: 'False'
    - OutDescEst: ' conn. 5 ganci F.S. - Int. - Est.' 
    - ErrorMessage: ''
0250285:
    - bResult: 'False'
    - OutDescEst: ' conn. 5 ganci F.S. - Int. - Est.' 
    - ErrorMessage: ''
0250284:
    - bResult: 'False'
    - OutDescEst: ' conn. 5 ganci F.S. - Int. - Est.' 
    - ErrorMessage: ''
0250283:
    - bResult: 'False'
    - OutDescEst: ' conn. 5 ganci F.S. - Int. - Est.' 
    - ErrorMessage: ''
0250282:
    - bResult: 'False'
    - OutDescEst: ' conn. 5 ganci F.S. - Int. - Est.' 
    - ErrorMessage: ''
0250281:
    - bResult: 'False'
    - OutDescEst: ' conn. 5 ganci F.S. - Int. - Est.' 
    - ErrorMessage: ''
0250280:
    - bResult: 'False'
    - OutDescEst: ' conn. 5 ganci F.S. - Int. - Est.' 
    - ErrorMessage: ''
0250279:
    - bResult: 'False'
    - OutDescEst: ' conn. 5 ganci F.S. - Int. - Est.' 
    - ErrorMessage: ''
0250278:
    - bResult: 'False'
    - OutDescEst: ' conn. 5 ganci F.S. - Int. - Est.' 
    - ErrorMessage: ''
0250277:
    - bResult: 'False'
    - OutDescEst: ' conn. 5 ganci F.S. - Int. - Est.' 
    - ErrorMessage: ''
0250276:
    - bResult: 'False'
    - OutDescEst: ' Dx conn. 5 ganci F.S. - Sx staffa 47x3,5 - Int. - Est.' 
    - ErrorMessage: ''
0250275:
    - bResult: 'False'
    - OutDescEst: ' Dx conn. 5 ganci F.S. - Sx staffa 47x3,5 - Int. - Est.' 
    - ErrorMessage: ''
0250274:
    - bResult: 'False'
    - OutDescEst: ' conn. 5 ganci F.S. - Int. - Est.' 
    - ErrorMessage: ''
0250273:
    - bResult: 'False'
    - OutDescEst: ' conn. 5 ganci F.S. - Int. - Est.' 
    - ErrorMessage: ''
0250254:
    - bResult: 'False'
    - OutDescEst: ' conn. 5 ganci F.S. - Int. - Est.' 
    - ErrorMessage: ''
0250253:
    - bResult: 'False'
    - OutDescEst: ' conn. 5 ganci F.S. - Int. - Est.' 
    - ErrorMessage: ''
0250252:
    - bResult: 'False'
    - OutDescEst: ' conn. 5 ganci F.S. - Int. - Est.' 
    - ErrorMessage: ''
0250251:
    - bResult: 'False'
    - OutDescEst: ' conn. 5 ganci F.S. - Int. - Est.' 
    - ErrorMessage: ''
0250250:
    - bResult: 'False'
    - OutDescEst: ' Piastra STD 200x6 Filo Lato' 
    - ErrorMessage: ''
0250249:
    - bResult: 'False'
    - OutDescEst: ' Piastra STD 200x6 Filo Lato' 
    - ErrorMessage: ''
0250248:
    - bResult: 'False'
    - OutDescEst: ' Piastra STD 200x6 Filo Lato' 
    - ErrorMessage: ''
0250247:
    - bResult: 'False'
    - OutDescEst: ' Piastra STD 200x6 Filo Lato' 
    - ErrorMessage: ''
0250246:
    - bResult: 'False'
    - OutDescEst: ' Piastra STD 200x6 Filo Angolo SX' 
    - ErrorMessage: ''
0250245:
    - bResult: 'False'
    - OutDescEst: ' Piastra STD 200x6 Filo Lato' 
    - ErrorMessage: ''
0250244:
    - bResult: 'False'
    - OutDescEst: ' Piastra STD 200x6 Filo Lato' 
    - ErrorMessage: ''
0250243:
    - bResult: 'False'
    - OutDescEst: ' Piastra STD 200x6 Filo Lato' 
    - ErrorMessage: ''
0250242:
    - bResult: 'False'
    - OutDescEst: ' Piastra STD 200x6 Filo Angolo SX' 
    - ErrorMessage: ''
0250241:
    - bResult: 'False'
    - OutDescEst: ' Piastra STD 200x6 Filo Angolo DX' 
    - ErrorMessage: ''
0250240:
    - bResult: 'False'
    - OutDescEst: ' Piastra STD 200x6 Filo Angolo SX' 
    - ErrorMessage: ''
0250239:
    - bResult: 'False'
    - OutDescEst: ' Piastra STD 200x6 Filo Angolo DX' 
    - ErrorMessage: ''
0250238:
    - bResult: 'False'
    - OutDescEst: ' Piastra STD 200x6 Filo Angolo DX' 
    - ErrorMessage: ''
0250237:
    - bResult: 'False'
    - OutDescEst: ' Piastra STD 200x6 Filo Angolo SX' 
    - ErrorMessage: ''
0250236:
    - bResult: 'False'
    - OutDescEst: ' Piastra STD 200x6 Filo Angolo DX' 
    - ErrorMessage: ''
0250235:
    - bResult: 'False'
    - OutDescEst: '' 
    - ErrorMessage: ''
0250234:
    - bResult: 'False'
    - OutDescEst: ' Agg.sup.st.42 - Spes.calp.sup.00 - Agg.inf.standard - Spes.calp.inf.00' 
    - ErrorMessage: ''
0250233:
    - bResult: 'False'
    - OutDescEst: ' Agg.sup.st.42 - Spes.calp.sup.00 - Agg.inf.standard - Spes.calp.inf.00' 
    - ErrorMessage: ''
0250232:
    - bResult: 'False'
    - OutDescEst: ' Agg.sup.st.42 - Spes.calp.sup.00 - Agg.inf.standard - Spes.calp.inf.00' 
    - ErrorMessage: ''
0250231:
    - bResult: 'False'
    - OutDescEst: ' Agg.sup.st.42 - Spes.calp.sup.00 - Agg.inf.standard - Spes.calp.inf.00' 
    - ErrorMessage: ''
0250230:
    - bResult: 'False'
    - OutDescEst: '' 
    - ErrorMessage: ''
0250229:
    - bResult: 'False'
    - OutDescEst: '' 
    - ErrorMessage: ''
0250228:
    - bResult: 'False'
    - OutDescEst: '' 
    - ErrorMessage: ''
0250227:
    - bResult: 'False'
    - OutDescEst: '' 
    - ErrorMessage: ''
0250226:
    - bResult: 'False'
    - OutDescEst: '' 
    - ErrorMessage: ''
0250225:
    - bResult: 'False'
    - OutDescEst: '' 
    - ErrorMessage: ''
0250224:
    - bResult: 'False'
    - OutDescEst: '' 
    - ErrorMessage: ''
0250223:
    - bResult: 'False'
    - OutDescEst: '' 
    - ErrorMessage: ''
0250222:
    - bResult: 'False'
    - OutDescEst: '' 
    - ErrorMessage: ''
0250221:
    - bResult: 'False'
    - OutDescEst: '' 
    - ErrorMessage: ''
0250220:
    - bResult: 'False'
    - OutDescEst: '' 
    - ErrorMessage: ''
0250219:
    - bResult: 'False'
    - OutDescEst: ' conn. 5 ganci F.S. - Int. - Est.' 
    - ErrorMessage: ''
0250218:
    - bResult: 'False'
    - OutDescEst: ' conn. 5 ganci F.S. - Int. - Est.' 
    - ErrorMessage: ''
0250217:
    - bResult: 'False'
    - OutDescEst: ' conn. 5 ganci F.S. - Int. - Est.' 
    - ErrorMessage: ''
0250216:
    - bResult: 'False'
    - OutDescEst: ' conn. 5 ganci F.S. - Int. - Est.' 
    - ErrorMessage: ''
0250215:
    - bResult: 'False'
    - OutDescEst: ' conn. 5 ganci F.S. - Int. - Est.' 
    - ErrorMessage: ''
0250214:
    - bResult: 'False'
    - OutDescEst: ' conn. 5 ganci F.S. - Int. - Est.' 
    - ErrorMessage: ''
0250213:
    - bResult: 'False'
    - OutDescEst: ' conn. 5 ganci F.S. - Int. - Est.' 
    - ErrorMessage: ''
0250212:
    - bResult: 'False'
    - OutDescEst: ' conn. 5 ganci F.S. - Int. - Est.' 
    - ErrorMessage: ''
0250211:
    - bResult: 'False'
    - OutDescEst: ' conn. 5 ganci F.S. - Int. - Est.' 
    - ErrorMessage: ''
0250210:
    - bResult: 'False'
    - OutDescEst: ' conn. 5 ganci F.S. - Int. - Est.' 
    - ErrorMessage: ''
0250187:
    - bResult: 'False'
    - OutDescEst: '' 
    - ErrorMessage: ''
0250186:
    - bResult: 'False'
    - OutDescEst: '' 
    - ErrorMessage: ''
0250185:
    - bResult: 'False'
    - OutDescEst: '' 
    - ErrorMessage: ''
0250184:
    - bResult: 'False'
    - OutDescEst: ' conn. 5 ganci F.S. - Int. - Est.' 
    - ErrorMessage: ''
0250183:
    - bResult: 'False'
    - OutDescEst: ' conn. 5 ganci F.S. - Int. - Est.' 
    - ErrorMessage: ''
0250182:
    - bResult: 'False'
    - OutDescEst: ' conn. 5 ganci F.S. - Int. - Est.' 
    - ErrorMessage: ''
0250181:
    - bResult: 'False'
    - OutDescEst: ' conn. 5 ganci F.S. - Int. - Est.' 
    - ErrorMessage: ''
0250180:
    - bResult: 'False'
    - OutDescEst: ' Piastra STD 200x6 Filo Angolo' 
    - ErrorMessage: ''
0250179:
    - bResult: 'False'
    - OutDescEst: ' Piastra STD 200x6 Filo Angolo' 
    - ErrorMessage: ''
0250178:
    - bResult: 'False'
    - OutDescEst: ' Piastra STD 200x6 Filo Lato' 
    - ErrorMessage: ''
0250177:
    - bResult: 'False'
    - OutDescEst: ' Piastra STD 200x6 Filo Lato' 
    - ErrorMessage: ''
0250176:
    - bResult: 'False'
    - OutDescEst: ' Piastra STD 200x6 Filo Angolo' 
    - ErrorMessage: ''
0250175:
    - bResult: 'False'
    - OutDescEst: ' Piastra STD 200x6 Filo Lato' 
    - ErrorMessage: ''
0250174:
    - bResult: 'False'
    - OutDescEst: ' Piastra STD 200x6 Filo Lato' 
    - ErrorMessage: ''
0250154:
    - bResult: 'False'
    - OutDescEst: ' Piastra STD 200x6 Filo Angolo SX' 
    - ErrorMessage: ''
0250153:
    - bResult: 'False'
    - OutDescEst: ' Piastra STD 200x6 Filo Angolo SX' 
    - ErrorMessage: ''
0250152:
    - bResult: 'False'
    - OutDescEst: ' Piastra STD 200x6 Filo Angolo DX' 
    - ErrorMessage: ''
0250151:
    - bResult: 'False'
    - OutDescEst: ' Piastra STD 200x6 Filo Angolo DX' 
    - ErrorMessage: ''
0250150:
    - bResult: 'False'
    - OutDescEst: '' 
    - ErrorMessage: ''
0250149:
    - bResult: 'False'
    - OutDescEst: '' 
    - ErrorMessage: ''
0250148:
    - bResult: 'False'
    - OutDescEst: '' 
    - ErrorMessage: ''
0250147:
    - bResult: 'False'
    - OutDescEst: '' 
    - ErrorMessage: ''
0250146:
    - bResult: 'False'
    - OutDescEst: ' conn. 5 ganci F.S. - Int. - Est.' 
    - ErrorMessage: ''
0250145:
    - bResult: 'False'
    - OutDescEst: ' conn. 5 ganci F.S. - Int. - Est.' 
    - ErrorMessage: ''
0250140:
    - bResult: 'False'
    - OutDescEst: ' Piastra STD 200x6 Filo Angolo SX' 
    - ErrorMessage: ''
0250139:
    - bResult: 'False'
    - OutDescEst: ' Piastra STD 200x6 Filo Angolo SX' 
    - ErrorMessage: ''
0250137:
    - bResult: 'False'
    - OutDescEst: ' Piastra STD 200x6 Filo Angolo DX' 
    - ErrorMessage: ''
0250135:
    - bResult: 'False'
    - OutDescEst: ' Piastra STD 200x6 Filo Angolo DX' 
    - ErrorMessage: ''
0250134:
    - bResult: 'False'
    - OutDescEst: ' Piastra STD 200x6 Filo Angolo DX' 
    - ErrorMessage: ''
0250122:
    - bResult: 'False'
    - OutDescEst: '' 
    - ErrorMessage: ''
0250121:
    - bResult: 'False'
    - OutDescEst: ' Agg.sup.angolare - Spes.calp.sup.00 - Agg.inf.standard - Spes.calp.inf.00' 
    - ErrorMessage: ''
0250120:
    - bResult: 'False'
    - OutDescEst: ' Agg.sup.angolare - Spes.calp.sup.00 - Agg.inf.standard - Spes.calp.inf.00' 
    - ErrorMessage: ''
0250119:
    - bResult: 'False'
    - OutDescEst: '' 
    - ErrorMessage: ''
0250118:
    - bResult: 'False'
    - OutDescEst: '' 
    - ErrorMessage: ''
0250117:
    - bResult: 'False'
    - OutDescEst: ' Agg.sup.angolare - Spes.calp.sup.00 - Agg.inf.standard - Spes.calp.inf.00' 
    - ErrorMessage: ''
0250116:
    - bResult: 'False'
    - OutDescEst: ' Agg.sup.angolare - Spes.calp.sup.00 - Agg.inf.standard - Spes.calp.inf.00' 
    - ErrorMessage: ''
0250115:
    - bResult: 'False'
    - OutDescEst: ' Agg.sup.angolare - Spes.calp.sup.00 - Agg.inf.standard - Spes.calp.inf.00' 
    - ErrorMessage: ''
0250114:
    - bResult: 'False'
    - OutDescEst: ' Agg.sup.angolare - Spes.calp.sup.00 - Agg.inf.standard - Spes.calp.inf.00' 
    - ErrorMessage: ''
0250113:
    - bResult: 'False'
    - OutDescEst: ' Agg.sup.angolare - Spes.calp.sup.00 - Agg.inf.standard - Spes.calp.inf.00' 
    - ErrorMessage: ''
0250112:
    - bResult: 'False'
    - OutDescEst: ' Agg.sup.angolare - Spes.calp.sup.00 - Agg.inf.standard - Spes.calp.inf.00' 
    - ErrorMessage: ''
0250103:
    - bResult: 'False'
    - OutDescEst: '' 
    - ErrorMessage: ''
0250102:
    - bResult: 'False'
    - OutDescEst: '' 
    - ErrorMessage: ''
0250101:
    - bResult: 'False'
    - OutDescEst: ' Agg.sup.st.47 - Spes.calp.sup.00 - Agg.inf.standard - Spes.calp.inf.00' 
    - ErrorMessage: ''
0250100:
    - bResult: 'False'
    - OutDescEst: ' Agg.sup.st.47 - Spes.calp.sup.00 - Agg.inf.standard - Spes.calp.inf.00' 
    - ErrorMessage: ''
0250099:
    - bResult: 'False'
    - OutDescEst: ' Agg.sup.st.47 - Spes.calp.sup.00 - Agg.inf.standard - Spes.calp.inf.00' 
    - ErrorMessage: ''
0250098:
    - bResult: 'False'
    - OutDescEst: ' Agg.sup.st.47 - Spes.calp.sup.00 - Agg.inf.standard - Spes.calp.inf.00' 
    - ErrorMessage: ''
0250092:
    - bResult: 'False'
    - OutDescEst: ' Dx staffa 47x3,5 - Sx conn. 5 ganci F.S. - Int. - Est.' 
    - ErrorMessage: ''
0250091:
    - bResult: 'False'
    - OutDescEst: ' Dx staffa 47x3,5 - Sx conn. 5 ganci F.S. - Int. - Est.' 
    - ErrorMessage: ''
0250090:
    - bResult: 'False'
    - OutDescEst: ' Dx staffa 47x3,5 - Sx conn. 5 ganci F.S. - Int. - Est.' 
    - ErrorMessage: ''
0250089:
    - bResult: 'False'
    - OutDescEst: ' Dx staffa 47x3,5 - Sx conn. 5 ganci F.S. - Int. - Est.' 
    - ErrorMessage: ''
0250077:
    - bResult: 'False'
    - OutDescEst: ' Dx staffa 47x3,5 - Sx conn. 5 ganci F.S. - Int. - Est.' 
    - ErrorMessage: ''
0250076:
    - bResult: 'False'
    - OutDescEst: ' Dx staffa 47x3,5 - Sx conn. 5 ganci F.S. - Int. - Est.' 
    - ErrorMessage: ''
0250071:
    - bResult: 'False'
    - OutDescEst: '' 
    - ErrorMessage: ''
0250058:
    - bResult: 'False'
    - OutDescEst: '' 
    - ErrorMessage: ''
0250057:
    - bResult: 'False'
    - OutDescEst: '' 
    - ErrorMessage: ''
0250056:
    - bResult: 'False'
    - OutDescEst: '' 
    - ErrorMessage: ''
0250055:
    - bResult: 'False'
    - OutDescEst: '' 
    - ErrorMessage: ''
0250053:
    - bResult: 'False'
    - OutDescEst: ' Piastra STD 200x6 Filo Angolo' 
    - ErrorMessage: ''
0250052:
    - bResult: 'False'
    - OutDescEst: ' Piastra STD 200x6 Filo Angolo' 
    - ErrorMessage: ''
0250046:
    - bResult: 'False'
    - OutDescEst: ' conn. 5 ganci F.S. - Rinforzo 35x10 - Int. - Est.' 
    - ErrorMessage: ''
0250035:
    - bResult: 'False'
    - OutDescEst: ' conn. 5 ganci F.S. - Int. - Est.' 
    - ErrorMessage: ''
0250034:
    - bResult: 'False'
    - OutDescEst: ' conn. 5 ganci F.S. - Int. - Est.' 
    - ErrorMessage: ''
0250033:
    - bResult: 'False'
    - OutDescEst: ' conn. 5 ganci F.S. - Int. - Est.' 
    - ErrorMessage: ''
0250032:
    - bResult: 'False'
    - OutDescEst: ' conn. 5 ganci F.S. - Int. - Est.' 
    - ErrorMessage: ''
0250031:
    - bResult: 'False'
    - OutDescEst: ' conn. 5 ganci F.S. - Int. - Est.' 
    - ErrorMessage: ''
0250030:
    - bResult: 'False'
    - OutDescEst: ' conn. 5 ganci F.S. - Int. - Est.' 
    - ErrorMessage: ''
0250029:
    - bResult: 'False'
    - OutDescEst: ' conn. 5 ganci F.S. - Int. - Est.' 
    - ErrorMessage: ''
0250028:
    - bResult: 'False'
    - OutDescEst: ' conn. 5 ganci F.S. - Int. - Est.' 
    - ErrorMessage: ''
0250027:
    - bResult: 'False'
    - OutDescEst: ' conn. 5 ganci F.S. - Int. - Est.' 
    - ErrorMessage: ''
0250026:
    - bResult: 'False'
    - OutDescEst: ' conn. 5 ganci F.S. - Int. - Est.' 
    - ErrorMessage: ''
0250025:
    - bResult: 'False'
    - OutDescEst: ' conn. 5 ganci F.S. - Int. - Est.' 
    - ErrorMessage: ''
0250024:
    - bResult: 'False'
    - OutDescEst: ' conn. 5 ganci F.S. - Int. - Est.' 
    - ErrorMessage: ''
0250023:
    - bResult: 'False'
    - OutDescEst: ' conn. 5 ganci F.S. - Int. - Est.' 
    - ErrorMessage: ''
0250022:
    - bResult: 'False'
    - OutDescEst: ' conn. 5 ganci F.S. - Int. - Est.' 
    - ErrorMessage: ''
0250017:
    - bResult: 'False'
    - OutDescEst: '' 
    - ErrorMessage: ''
0250016:
    - bResult: 'False'
    - OutDescEst: '' 
    - ErrorMessage: ''
0250015:
    - bResult: 'False'
    - OutDescEst: ' Agg.sup.st.47 - Spes.calp.sup.00 - Agg.inf.standard - Spes.calp.inf.00' 
    - ErrorMessage: ''
0250014:
    - bResult: 'False'
    - OutDescEst: ' Agg.sup.st.47 - Spes.calp.sup.00 - Agg.inf.standard - Spes.calp.inf.00' 
    - ErrorMessage: ''
0250013:
    - bResult: 'False'
    - OutDescEst: ' Agg.sup.st.47 - Spes.calp.sup.00 - Agg.inf.standard - Spes.calp.inf.00' 
    - ErrorMessage: ''
0250012:
    - bResult: 'False'
    - OutDescEst: ' Agg.sup.st.47 - Spes.calp.sup.00 - Agg.inf.standard - Spes.calp.inf.00' 
    - ErrorMessage: ''
0250011:
    - bResult: 'False'
    - OutDescEst: ' Agg.sup.st.47 - Spes.calp.sup.00 - Agg.inf.standard - Spes.calp.inf.00' 
    - ErrorMessage: ''
0250010:
    - bResult: 'False'
    - OutDescEst: ' Agg.sup.st.47 - Spes.calp.sup.00 - Agg.inf.standard - Spes.calp.inf.00' 
    - ErrorMessage: ''
0250009:
    - bResult: 'False'
    - OutDescEst: ' Agg.sup.st.47 - Spes.calp.sup.00 - Agg.inf.standard - Spes.calp.inf.00' 
    - ErrorMessage: ''
0250008:
    - bResult: 'False'
    - OutDescEst: ' Agg.sup.st.47 - Spes.calp.sup.00 - Agg.inf.standard - Spes.calp.inf.00' 
    - ErrorMessage: ''
0250007:
    - bResult: 'False'
    - OutDescEst: '' 
    - ErrorMessage: ''
0250006:
    - bResult: 'False'
    - OutDescEst: '' 
    - ErrorMessage: ''
0250005:
    - bResult: 'False'
    - OutDescEst: '' 
    - ErrorMessage: ''
0250004:
    - bResult: 'False'
    - OutDescEst: '' 
    - ErrorMessage: ''
0250003:
    - bResult: 'False'
    - OutDescEst: '' 
    - ErrorMessage: ''
0250002:
    - bResult: 'False'
    - OutDescEst: '' 
    - ErrorMessage: ''
0250001:
    - bResult: 'False'
    - OutDescEst: '' 
    - ErrorMessage: ''
0250000:
    - bResult: 'False'
    - OutDescEst: '' 
    - ErrorMessage: ''
0249999:
    - bResult: 'False'
    - OutDescEst: '' 
    - ErrorMessage: ''
0249998:
    - bResult: 'False'
    - OutDescEst: '' 
    - ErrorMessage: ''
0249997:
    - bResult: 'False'
    - OutDescEst: '' 
    - ErrorMessage: ''
0249996:
    - bResult: 'False'
    - OutDescEst: '' 
    - ErrorMessage: ''
0249995:
    - bResult: 'False'
    - OutDescEst: '' 
    - ErrorMessage: ''
0249994:
    - bResult: 'False'
    - OutDescEst: '' 
    - ErrorMessage: ''
0249993:
    - bResult: 'False'
    - OutDescEst: '' 
    - ErrorMessage: ''
0249992:
    - bResult: 'False'
    - OutDescEst: '' 
    - ErrorMessage: ''
0249991:
    - bResult: 'False'
    - OutDescEst: '' 
    - ErrorMessage: ''
0249990:
    - bResult: 'False'
    - OutDescEst: '' 
    - ErrorMessage: ''
0249989:
    - bResult: 'False'
    - OutDescEst: '' 
    - ErrorMessage: ''
0249988:
    - bResult: 'False'
    - OutDescEst: ' Piastra STD 200x6 Filo Angolo' 
    - ErrorMessage: ''
0249987:
    - bResult: 'False'
    - OutDescEst: ' Piastra STD 200x6 Filo Angolo' 
    - ErrorMessage: ''
0249986:
    - bResult: 'False'
    - OutDescEst: ' Piastra STD 200x6 Filo Angolo' 
    - ErrorMessage: ''
0249985:
    - bResult: 'False'
    - OutDescEst: ' Piastra STD 200x6 Filo Angolo' 
    - ErrorMessage: ''
0249984:
    - bResult: 'False'
    - OutDescEst: ' Piastra STD 200x6 Filo Angolo' 
    - ErrorMessage: ''
0249983:
    - bResult: 'False'
    - OutDescEst: ' Piastra STD 200x6 Filo Angolo' 
    - ErrorMessage: ''
0249956:
    - bResult: 'False'
    - OutDescEst: '' 
    - ErrorMessage: ''
0249955:
    - bResult: 'False'
    - OutDescEst: '' 
    - ErrorMessage: ''
0249941:
    - bResult: 'False'
    - OutDescEst: '' 
    - ErrorMessage: ''
0249940:
    - bResult: 'False'
    - OutDescEst: ' Agg.sup.angolare - Spes.calp.sup.00 - Agg.inf.standard - Spes.calp.inf.00' 
    - ErrorMessage: ''
0249939:
    - bResult: 'False'
    - OutDescEst: ' Agg.sup.angolare - Spes.calp.sup.00 - Agg.inf.standard - Spes.calp.inf.00' 
    - ErrorMessage: ''
0249938:
    - bResult: 'False'
    - OutDescEst: '' 
    - ErrorMessage: ''
0249937:
    - bResult: 'False'
    - OutDescEst: '' 
    - ErrorMessage: ''
0249936:
    - bResult: 'False'
    - OutDescEst: '' 
    - ErrorMessage: ''
0249935:
    - bResult: 'False'
    - OutDescEst: '' 
    - ErrorMessage: ''
0249934:
    - bResult: 'False'
    - OutDescEst: '' 
    - ErrorMessage: ''
0249933:
    - bResult: 'False'
    - OutDescEst: '' 
    - ErrorMessage: ''
0249932:
    - bResult: 'False'
    - OutDescEst: '' 
    - ErrorMessage: ''
0249931:
    - bResult: 'False'
    - OutDescEst: '' 
    - ErrorMessage: ''
0249930:
    - bResult: 'False'
    - OutDescEst: '' 
    - ErrorMessage: ''
0249929:
    - bResult: 'False'
    - OutDescEst: '' 
    - ErrorMessage: ''
0249928:
    - bResult: 'False'
    - OutDescEst: '' 
    - ErrorMessage: ''
0249927:
    - bResult: 'False'
    - OutDescEst: ' conn. 5 ganci F.S. - Int. - Est.' 
    - ErrorMessage: ''
0249926:
    - bResult: 'False'
    - OutDescEst: ' conn. 5 ganci F.S. - Int. - Est.' 
    - ErrorMessage: ''
0249925:
    - bResult: 'False'
    - OutDescEst: ' conn. 5 ganci F.S. - Int. - Est.' 
    - ErrorMessage: ''
0249924:
    - bResult: 'False'
    - OutDescEst: ' conn. 5 ganci F.S. - Int. - Est.' 
    - ErrorMessage: ''
0249923:
    - bResult: 'False'
    - OutDescEst: ' conn. 5 ganci F.S. - Int. - Est.' 
    - ErrorMessage: ''
0249922:
    - bResult: 'False'
    - OutDescEst: ' conn. 5 ganci F.S. - Int. - Est.' 
    - ErrorMessage: ''
0249921:
    - bResult: 'False'
    - OutDescEst: ' conn. 5 ganci F.S. - Int. - Est.' 
    - ErrorMessage: ''
0249920:
    - bResult: 'False'
    - OutDescEst: ' conn. 5 ganci F.S. - Int. - Est.' 
    - ErrorMessage: ''
0249919:
    - bResult: 'False'
    - OutDescEst: ' conn. 5 ganci F.S. - Int. - Est.' 
    - ErrorMessage: ''
0249918:
    - bResult: 'False'
    - OutDescEst: ' Piastra STD 200x6 Centrale' 
    - ErrorMessage: ''
0249917:
    - bResult: 'False'
    - OutDescEst: ' Piastra STD 200x6 Centrale' 
    - ErrorMessage: ''
0249900:
    - bResult: 'False'
    - OutDescEst: '' 
    - ErrorMessage: ''
0249899:
    - bResult: 'False'
    - OutDescEst: '' 
    - ErrorMessage: ''
0249898:
    - bResult: 'False'
    - OutDescEst: '' 
    - ErrorMessage: ''
0249897:
    - bResult: 'False'
    - OutDescEst: '' 
    - ErrorMessage: ''
0249896:
    - bResult: 'False'
    - OutDescEst: '' 
    - ErrorMessage: ''
0249895:
    - bResult: 'False'
    - OutDescEst: '' 
    - ErrorMessage: ''
0249887:
    - bResult: 'False'
    - OutDescEst: '' 
    - ErrorMessage: ''
0249886:
    - bResult: 'False'
    - OutDescEst: '' 
    - ErrorMessage: ''
0249885:
    - bResult: 'False'
    - OutDescEst: '' 
    - ErrorMessage: ''
0249884:
    - bResult: 'False'
    - OutDescEst: '' 
    - ErrorMessage: ''
0249883:
    - bResult: 'False'
    - OutDescEst: '' 
    - ErrorMessage: ''
0249882:
    - bResult: 'False'
    - OutDescEst: '' 
    - ErrorMessage: ''
0249875:
    - bResult: 'False'
    - OutDescEst: '' 
    - ErrorMessage: ''
0249874:
    - bResult: 'False'
    - OutDescEst: '' 
    - ErrorMessage: ''
0249873:
    - bResult: 'False'
    - OutDescEst: '' 
    - ErrorMessage: ''
0249872:
    - bResult: 'False'
    - OutDescEst: '' 
    - ErrorMessage: ''
0249866:
    - bResult: 'False'
    - OutDescEst: '' 
    - ErrorMessage: ''
0249865:
    - bResult: 'False'
    - OutDescEst: '' 
    - ErrorMessage: ''
0249864:
    - bResult: 'False'
    - OutDescEst: ' Piastra STD 200x6 Filo Lato Lungo' 
    - ErrorMessage: ''
0249863:
    - bResult: 'False'
    - OutDescEst: ' Piastra STD 200x6 Filo Angolo DX' 
    - ErrorMessage: ''
0249862:
    - bResult: 'False'
    - OutDescEst: ' Piastra STD 200x6 Filo Angolo SX' 
    - ErrorMessage: ''
0249861:
    - bResult: 'False'
    - OutDescEst: ' Piastra STD 200x6 Filo Angolo SX' 
    - ErrorMessage: ''
0249860:
    - bResult: 'False'
    - OutDescEst: ' Piastra STD 200x6 Filo Angolo DX' 
    - ErrorMessage: ''
0249859:
    - bResult: 'False'
    - OutDescEst: ' Piastra STD 200x6 Filo Angolo SX' 
    - ErrorMessage: ''
0249858:
    - bResult: 'False'
    - OutDescEst: ' Piastra STD 200x6 Filo Angolo DX' 
    - ErrorMessage: ''
0249853:
    - bResult: 'False'
    - OutDescEst: '' 
    - ErrorMessage: ''
0249852:
    - bResult: 'False'
    - OutDescEst: '' 
    - ErrorMessage: ''
0249851:
    - bResult: 'False'
    - OutDescEst: '' 
    - ErrorMessage: ''
0249850:
    - bResult: 'False'
    - OutDescEst: '' 
    - ErrorMessage: ''
0249790:
    - bResult: 'False'
    - OutDescEst: ' Mont.A - ""' 
    - ErrorMessage: ''
0249683:
    - bResult: 'False'
    - OutDescEst: '' 
    - ErrorMessage: ''
0249682:
    - bResult: 'False'
    - OutDescEst: ' Agg.sup.st.47 - Spes.calp.sup.38 - Agg.inf.standard - Spes.calp.inf.00' 
    - ErrorMessage: ''
0249681:
    - bResult: 'False'
    - OutDescEst: ' Agg.sup.st.47 - Spes.calp.sup.38 - Agg.inf.standard - Spes.calp.inf.00' 
    - ErrorMessage: ''
0249680:
    - bResult: 'False'
    - OutDescEst: ' Agg.sup.st.47 - Spes.calp.sup.38 - Agg.inf.standard - Spes.calp.inf.00' 
    - ErrorMessage: ''
0249679:
    - bResult: 'False'
    - OutDescEst: ' Agg.sup.st.47 - Spes.calp.sup.38 - Agg.inf.standard - Spes.calp.inf.00' 
    - ErrorMessage: ''
0249678:
    - bResult: 'False'
    - OutDescEst: '' 
    - ErrorMessage: ''
0249677:
    - bResult: 'False'
    - OutDescEst: '' 
    - ErrorMessage: ''
0249676:
    - bResult: 'False'
    - OutDescEst: '' 
    - ErrorMessage: ''
0249675:
    - bResult: 'False'
    - OutDescEst: '' 
    - ErrorMessage: ''
0249674:
    - bResult: 'False'
    - OutDescEst: '' 
    - ErrorMessage: ''
0249673:
    - bResult: 'False'
    - OutDescEst: '' 
    - ErrorMessage: ''
0249672:
    - bResult: 'False'
    - OutDescEst: '' 
    - ErrorMessage: ''
0249671:
    - bResult: 'False'
    - OutDescEst: '' 
    - ErrorMessage: ''
0249670:
    - bResult: 'False'
    - OutDescEst: '' 
    - ErrorMessage: ''
0249669:
    - bResult: 'False'
    - OutDescEst: '' 
    - ErrorMessage: ''
0249668:
    - bResult: 'False'
    - OutDescEst: ' Dx conn. 5 ganci F.S. - Sx libero - Int. - Est.' 
    - ErrorMessage: ''
0249667:
    - bResult: 'False'
    - OutDescEst: ' Dx conn. 5 ganci F.S. - Sx libero - Int. - Est.' 
    - ErrorMessage: ''
0249666:
    - bResult: 'False'
    - OutDescEst: ' Dx libero - Sx conn. 5 ganci F.S. - Int. - Est.' 
    - ErrorMessage: ''
0249665:
    - bResult: 'False'
    - OutDescEst: ' Dx libero - Sx conn. 5 ganci F.S. - Int. - Est.' 
    - ErrorMessage: ''
0249661:
    - bResult: 'False'
    - OutDescEst: ' Piastra SP1 200x12 Centrale' 
    - ErrorMessage: ''
0249660:
    - bResult: 'False'
    - OutDescEst: ' Piastra SP1 200x12 Centrale' 
    - ErrorMessage: ''
0249629:
    - bResult: 'False'
    - OutDescEst: '' 
    - ErrorMessage: ''
0249628:
    - bResult: 'False'
    - OutDescEst: '' 
    - ErrorMessage: ''
0249627:
    - bResult: 'False'
    - OutDescEst: '' 
    - ErrorMessage: ''
0249626:
    - bResult: 'False'
    - OutDescEst: '' 
    - ErrorMessage: ''
0249621:
    - bResult: 'False'
    - OutDescEst: '' 
    - ErrorMessage: ''
0249620:
    - bResult: 'False'
    - OutDescEst: '' 
    - ErrorMessage: ''
0249605:
    - bResult: 'False'
    - OutDescEst: ' Dx staffa 47x3,5 - Sx conn. 5 ganci F.S. - Int. - Est.' 
    - ErrorMessage: ''
0249604:
    - bResult: 'False'
    - OutDescEst: ' Dx staffa 47x3,5 - Sx conn. 5 ganci F.S. - Int. - Est.' 
    - ErrorMessage: ''
0249602:
    - bResult: 'False'
    - OutDescEst: ' Dx conn. 5 ganci F.S. - Sx staffa 47x3,5 - Int. - Est.' 
    - ErrorMessage: ''
0249601:
    - bResult: 'False'
    - OutDescEst: ' Dx conn. 5 ganci F.S. - Sx staffa 47x3,5 - Int. - Est.' 
    - ErrorMessage: ''
0249586:
    - bResult: 'False'
    - OutDescEst: '' 
    - ErrorMessage: ''
0249585:
    - bResult: 'False'
    - OutDescEst: '' 
    - ErrorMessage: ''
0249584:
    - bResult: 'False'
    - OutDescEst: '' 
    - ErrorMessage: ''
0249583:
    - bResult: 'False'
    - OutDescEst: '' 
    - ErrorMessage: ''
0249582:
    - bResult: 'False'
    - OutDescEst: '' 
    - ErrorMessage: ''
0249581:
    - bResult: 'False'
    - OutDescEst: '' 
    - ErrorMessage: ''
0249580:
    - bResult: 'False'
    - OutDescEst: '' 
    - ErrorMessage: ''
0249579:
    - bResult: 'False'
    - OutDescEst: '' 
    - ErrorMessage: ''
0249578:
    - bResult: 'False'
    - OutDescEst: '' 
    - ErrorMessage: ''
0249577:
    - bResult: 'False'
    - OutDescEst: '' 
    - ErrorMessage: ''
0249576:
    - bResult: 'False'
    - OutDescEst: '' 
    - ErrorMessage: ''
0249575:
    - bResult: 'False'
    - OutDescEst: '' 
    - ErrorMessage: ''
0249574:
    - bResult: 'False'
    - OutDescEst: ' Dx staffa 47x3,5 - Sx conn. 5 ganci F.S. - Int. - Est.' 
    - ErrorMessage: ''
0249572:
    - bResult: 'False'
    - OutDescEst: ' Dx staffa 47x3,5 - Sx conn. 5 ganci F.S. - Int. - Est.' 
    - ErrorMessage: ''
0249571:
    - bResult: 'False'
    - OutDescEst: ' Dx conn. 5 ganci F.S. - Sx staffa 47x3,5 - Int. - Est.' 
    - ErrorMessage: ''
0249570:
    - bResult: 'False'
    - OutDescEst: ' Dx conn. 5 ganci F.S. - Sx staffa 47x3,5 - Int. - Est.' 
    - ErrorMessage: ''
0249481:
    - bResult: 'False'
    - OutDescEst: '' 
    - ErrorMessage: ''
0249478:
    - bResult: 'False'
    - OutDescEst: ' staffa 47x3,5 - Int. - Est.' 
    - ErrorMessage: ''
0249477:
    - bResult: 'False'
    - OutDescEst: ' staffa 47x3,5 - Int. - Est.' 
    - ErrorMessage: ''
0249474:
    - bResult: 'False'
    - OutDescEst: ' staffa 47x3,5 - Int. - Est.' 
    - ErrorMessage: ''
0249473:
    - bResult: 'False'
    - OutDescEst: ' staffa 47x3,5 - Int. - Est.' 
    - ErrorMessage: ''
0249465:
    - bResult: 'False'
    - OutDescEst: ' staffa 47x3,5 - Int. - Est.' 
    - ErrorMessage: ''
0249464:
    - bResult: 'False'
    - OutDescEst: ' staffa 47x3,5 - Int. - Est.' 
    - ErrorMessage: ''
0249463:
    - bResult: 'False'
    - OutDescEst: ' staffa 47x3,5 - Int. - Est.' 
    - ErrorMessage: ''
0249462:
    - bResult: 'False'
    - OutDescEst: ' staffa 47x3,5 - Int. - Est.' 
    - ErrorMessage: ''
0249452:
    - bResult: 'False'
    - OutDescEst: ' staffa 47x3,5 - Int. - Est.' 
    - ErrorMessage: ''
0249451:
    - bResult: 'False'
    - OutDescEst: ' staffa 47x3,5 - Int. - Est.' 
    - ErrorMessage: ''
0249450:
    - bResult: 'False'
    - OutDescEst: ' staffa 47x3,5 - Int. - Est.' 
    - ErrorMessage: ''
0249449:
    - bResult: 'False'
    - OutDescEst: ' staffa 47x3,5 - Int. - Est.' 
    - ErrorMessage: ''
0249439:
    - bResult: 'False'
    - OutDescEst: '  -  - Int. - Est.' 
    - ErrorMessage: ''
0249438:
    - bResult: 'False'
    - OutDescEst: '  -  - Int. - Est.' 
    - ErrorMessage: ''
0249434:
    - bResult: 'False'
    - OutDescEst: ' Dx conn. 5 ganci F.S. - Sx staffa 47x3,5 - Int. - Est.' 
    - ErrorMessage: ''
0249433:
    - bResult: 'False'
    - OutDescEst: ' Dx conn. 5 ganci F.S. - Sx staffa 47x3,5 - Int. - Est.' 
    - ErrorMessage: ''
0249417:
    - bResult: 'False'
    - OutDescEst: '' 
    - ErrorMessage: ''
0249416:
    - bResult: 'False'
    - OutDescEst: '' 
    - ErrorMessage: ''
0249415:
    - bResult: 'False'
    - OutDescEst: '' 
    - ErrorMessage: ''
0249414:
    - bResult: 'False'
    - OutDescEst: '' 
    - ErrorMessage: ''
0249413:
    - bResult: 'False'
    - OutDescEst: '' 
    - ErrorMessage: ''
0249412:
    - bResult: 'False'
    - OutDescEst: '' 
    - ErrorMessage: ''
0249411:
    - bResult: 'False'
    - OutDescEst: ' staffa 47x3,5 - Int. - Est.' 
    - ErrorMessage: ''
0249410:
    - bResult: 'False'
    - OutDescEst: ' staffa 47x3,5 - Int. - Est.' 
    - ErrorMessage: ''
0249407:
    - bResult: 'False'
    - OutDescEst: '' 
    - ErrorMessage: ''
0249406:
    - bResult: 'False'
    - OutDescEst: '' 
    - ErrorMessage: ''
0249405:
    - bResult: 'False'
    - OutDescEst: '' 
    - ErrorMessage: ''
0249404:
    - bResult: 'False'
    - OutDescEst: '' 
    - ErrorMessage: ''
0249403:
    - bResult: 'False'
    - OutDescEst: '' 
    - ErrorMessage: ''
0249402:
    - bResult: 'False'
    - OutDescEst: '' 
    - ErrorMessage: ''
0249401:
    - bResult: 'False'
    - OutDescEst: '' 
    - ErrorMessage: ''
0249400:
    - bResult: 'False'
    - OutDescEst: '' 
    - ErrorMessage: ''
0249399:
    - bResult: 'False'
    - OutDescEst: '' 
    - ErrorMessage: ''
0249398:
    - bResult: 'False'
    - OutDescEst: ' staffa 47x3,5 - Int. - Est.' 
    - ErrorMessage: ''
0249397:
    - bResult: 'False'
    - OutDescEst: ' staffa 47x3,5 - Int. - Est.' 
    - ErrorMessage: ''
0249396:
    - bResult: 'False'
    - OutDescEst: ' Dx staffa 47x3,5 - Sx conn. 5 ganci F.S. - Int. - Est.' 
    - ErrorMessage: ''
0249395:
    - bResult: 'False'
    - OutDescEst: ' Dx staffa 47x3,5 - Sx conn. 5 ganci F.S. - Int. - Est.' 
    - ErrorMessage: ''
0249394:
    - bResult: 'False'
    - OutDescEst: ' Dx conn. 5 ganci F.S. - Sx staffa 47x3,5 - Int. - Est.' 
    - ErrorMessage: ''
0249393:
    - bResult: 'False'
    - OutDescEst: ' Dx conn. 5 ganci F.S. - Sx staffa 47x3,5 - Int. - Est.' 
    - ErrorMessage: ''
0249392:
    - bResult: 'False'
    - OutDescEst: ' Piastra STD 200x6 Centrale' 
    - ErrorMessage: ''
0249368:
    - bResult: 'False'
    - OutDescEst: '' 
    - ErrorMessage: ''
0249367:
    - bResult: 'False'
    - OutDescEst: '' 
    - ErrorMessage: ''
0249366:
    - bResult: 'False'
    - OutDescEst: ' staffa 47x3,5 - Int. - Est.' 
    - ErrorMessage: ''
0249365:
    - bResult: 'False'
    - OutDescEst: ' staffa 47x3,5 - Int. - Est.' 
    - ErrorMessage: ''
0249349:
    - bResult: 'False'
    - OutDescEst: '' 
    - ErrorMessage: ''
0249348:
    - bResult: 'False'
    - OutDescEst: '' 
    - ErrorMessage: ''
0249347:
    - bResult: 'False'
    - OutDescEst: '' 
    - ErrorMessage: ''
0249346:
    - bResult: 'False'
    - OutDescEst: '' 
    - ErrorMessage: ''
0249345:
    - bResult: 'False'
    - OutDescEst: '' 
    - ErrorMessage: ''
0249344:
    - bResult: 'False'
    - OutDescEst: '' 
    - ErrorMessage: ''
0249340:
    - bResult: 'False'
    - OutDescEst: '' 
    - ErrorMessage: ''
0249339:
    - bResult: 'False'
    - OutDescEst: '' 
    - ErrorMessage: ''
0249338:
    - bResult: 'False'
    - OutDescEst: ' Agg.sup.st.47 - Spes.calp.sup.00 - Agg.inf.standard - Spes.calp.inf.00' 
    - ErrorMessage: ''
0249337:
    - bResult: 'False'
    - OutDescEst: ' Agg.sup.st.47 - Spes.calp.sup.00 - Agg.inf.standard - Spes.calp.inf.00' 
    - ErrorMessage: ''
0249336:
    - bResult: 'False'
    - OutDescEst: ' Agg.sup.st.47 - Spes.calp.sup.00 - Agg.inf.standard - Spes.calp.inf.00' 
    - ErrorMessage: ''
0249335:
    - bResult: 'False'
    - OutDescEst: ' Agg.sup.st.47 - Spes.calp.sup.00 - Agg.inf.standard - Spes.calp.inf.00' 
    - ErrorMessage: ''
0249304:
    - bResult: 'False'
    - OutDescEst: ' Dx staffa 47x3,5 - Sx conn. 5 ganci F.S. - Int. - Est.' 
    - ErrorMessage: ''
0249303:
    - bResult: 'False'
    - OutDescEst: ' Dx staffa 47x3,5 - Sx conn. 5 ganci F.S. - Int. - Est.' 
    - ErrorMessage: ''
0249302:
    - bResult: 'False'
    - OutDescEst: ' Dx conn. 5 ganci F.S. - Sx staffa 47x3,5 - Int. - Est.' 
    - ErrorMessage: ''
0249301:
    - bResult: 'False'
    - OutDescEst: ' Dx conn. 5 ganci F.S. - Sx staffa 47x3,5 - Int. - Est.' 
    - ErrorMessage: ''
0249300:
    - bResult: 'False'
    - OutDescEst: ' Dx staffa 47x3,5 - Sx conn. 5 ganci F.S. - Int. - Est.' 
    - ErrorMessage: ''
0249299:
    - bResult: 'False'
    - OutDescEst: ' Dx staffa 47x3,5 - Sx conn. 5 ganci F.S. - Int. - Est.' 
    - ErrorMessage: ''
0249298:
    - bResult: 'False'
    - OutDescEst: ' Dx conn. 5 ganci F.S. - Sx staffa 47x3,5 - Int. - Est.' 
    - ErrorMessage: ''
0249297:
    - bResult: 'False'
    - OutDescEst: ' Dx conn. 5 ganci F.S. - Sx staffa 47x3,5 - Int. - Est.' 
    - ErrorMessage: ''
0249295:
    - bResult: 'False'
    - OutDescEst: ' Dx staffa 47x3,5 - Sx conn. 5 ganci F.S. - Int. - Est.' 
    - ErrorMessage: ''
0249294:
    - bResult: 'False'
    - OutDescEst: ' Dx staffa 47x3,5 - Sx conn. 5 ganci F.S. - Int. - Est.' 
    - ErrorMessage: ''
0249293:
    - bResult: 'False'
    - OutDescEst: ' Dx conn. 5 ganci F.S. - Sx staffa 47x3,5 - Int. - Est.' 
    - ErrorMessage: ''
0249292:
    - bResult: 'False'
    - OutDescEst: ' Dx conn. 5 ganci F.S. - Sx staffa 47x3,5 - Int. - Est.' 
    - ErrorMessage: ''
0249291:
    - bResult: 'False'
    - OutDescEst: ' conn. 5 ganci F.S. - Int. - Est.' 
    - ErrorMessage: ''
0249290:
    - bResult: 'False'
    - OutDescEst: ' conn. 5 ganci F.S. - Int. - Est.' 
    - ErrorMessage: ''
0249289:
    - bResult: 'False'
    - OutDescEst: ' conn. 5 ganci F.S. - Int. - Est.' 
    - ErrorMessage: ''
0249288:
    - bResult: 'False'
    - OutDescEst: ' conn. 5 ganci F.S. - Int. - Est.' 
    - ErrorMessage: ''
0249287:
    - bResult: 'False'
    - OutDescEst: ' conn. 5 ganci F.S. - Int. - Est.' 
    - ErrorMessage: ''
0249286:
    - bResult: 'False'
    - OutDescEst: ' conn. 5 ganci F.S. - Int. - Est.' 
    - ErrorMessage: ''
0249285:
    - bResult: 'False'
    - OutDescEst: ' conn. 5 ganci F.S. - Int. - Est.' 
    - ErrorMessage: ''
0249284:
    - bResult: 'False'
    - OutDescEst: ' conn. 5 ganci F.S. - Int. - Est.' 
    - ErrorMessage: ''
0249283:
    - bResult: 'False'
    - OutDescEst: ' conn. 5 ganci F.S. - Int. - Est.' 
    - ErrorMessage: ''
0249282:
    - bResult: 'False'
    - OutDescEst: ' conn. 5 ganci F.S. - Int. - Est.' 
    - ErrorMessage: ''
0249272:
    - bResult: 'False'
    - OutDescEst: '' 
    - ErrorMessage: ''
0249271:
    - bResult: 'False'
    - OutDescEst: ' Agg.sup.angolare - Spes.calp.sup.00 - Agg.inf.standard - Spes.calp.inf.00' 
    - ErrorMessage: ''
0249270:
    - bResult: 'False'
    - OutDescEst: ' Agg.sup.angolare - Spes.calp.sup.00 - Agg.inf.standard - Spes.calp.inf.00' 
    - ErrorMessage: ''
0249244:
    - bResult: 'False'
    - OutDescEst: ' Piastra STD 200x6 Filo Lato' 
    - ErrorMessage: ''
0249243:
    - bResult: 'False'
    - OutDescEst: ' Piastra STD 200x6 Filo Lato' 
    - ErrorMessage: ''
0249176:
    - bResult: 'False'
    - OutDescEst: '' 
    - ErrorMessage: ''
0249175:
    - bResult: 'False'
    - OutDescEst: '' 
    - ErrorMessage: ''
0249139:
    - bResult: 'False'
    - OutDescEst: '' 
    - ErrorMessage: ''
0249138:
    - bResult: 'False'
    - OutDescEst: '' 
    - ErrorMessage: ''
0249134:
    - bResult: 'False'
    - OutDescEst: ' Piastra STD 200x6 Filo Angolo SX' 
    - ErrorMessage: ''
0249133:
    - bResult: 'False'
    - OutDescEst: ' Piastra STD 200x6 Filo Angolo DX' 
    - ErrorMessage: ''
0249128:
    - bResult: 'False'
    - OutDescEst: '' 
    - ErrorMessage: ''
0249126:
    - bResult: 'False'
    - OutDescEst: '' 
    - ErrorMessage: ''
0249124:
    - bResult: 'False'
    - OutDescEst: '' 
    - ErrorMessage: ''
0249120:
    - bResult: 'False'
    - OutDescEst: '' 
    - ErrorMessage: ''
0249114:
    - bResult: 'False'
    - OutDescEst: '' 
    - ErrorMessage: ''
0249113:
    - bResult: 'False'
    - OutDescEst: '' 
    - ErrorMessage: ''
0249112:
    - bResult: 'False'
    - OutDescEst: '' 
    - ErrorMessage: ''
0249111:
    - bResult: 'False'
    - OutDescEst: '' 
    - ErrorMessage: ''
0249110:
    - bResult: 'False'
    - OutDescEst: ' Dx staffa 42x3,5 - Sx conn. 5 ganci F.S. - Int. - Est.' 
    - ErrorMessage: ''
0249109:
    - bResult: 'False'
    - OutDescEst: ' Dx staffa 42x3,5 - Sx conn. 5 ganci F.S. - Int. - Est.' 
    - ErrorMessage: ''
0249108:
    - bResult: 'False'
    - OutDescEst: ' Dx conn. 5 ganci F.S. - Sx staffa 42x3,5 - Int. - Est.' 
    - ErrorMessage: ''
0249107:
    - bResult: 'False'
    - OutDescEst: ' Dx conn. 5 ganci F.S. - Sx staffa 42x3,5 - Int. - Est.' 
    - ErrorMessage: ''
0249106:
    - bResult: 'False'
    - OutDescEst: ' conn. 5 ganci F.S. - Int. - Est.' 
    - ErrorMessage: ''
0249105:
    - bResult: 'False'
    - OutDescEst: ' conn. 5 ganci F.S. - Int. - Est.' 
    - ErrorMessage: ''
0249104:
    - bResult: 'False'
    - OutDescEst: '' 
    - ErrorMessage: ''
0249103:
    - bResult: 'False'
    - OutDescEst: '' 
    - ErrorMessage: ''
0249088:
    - bResult: 'False'
    - OutDescEst: '' 
    - ErrorMessage: ''
0249087:
    - bResult: 'False'
    - OutDescEst: ' Agg.sup.angolare - Spes.calp.sup.00 - Agg.inf.standard - Spes.calp.inf.00' 
    - ErrorMessage: ''
0249086:
    - bResult: 'False'
    - OutDescEst: ' Agg.sup.angolare - Spes.calp.sup.00 - Agg.inf.standard - Spes.calp.inf.00' 
    - ErrorMessage: ''
0249085:
    - bResult: 'False'
    - OutDescEst: '' 
    - ErrorMessage: ''
0249084:
    - bResult: 'False'
    - OutDescEst: '' 
    - ErrorMessage: ''
0249083:
    - bResult: 'False'
    - OutDescEst: '' 
    - ErrorMessage: ''
0249082:
    - bResult: 'False'
    - OutDescEst: '' 
    - ErrorMessage: ''
0249081:
    - bResult: 'False'
    - OutDescEst: '' 
    - ErrorMessage: ''
0249080:
    - bResult: 'False'
    - OutDescEst: '' 
    - ErrorMessage: ''
0249079:
    - bResult: 'False'
    - OutDescEst: '' 
    - ErrorMessage: ''
0249078:
    - bResult: 'False'
    - OutDescEst: '' 
    - ErrorMessage: ''
0249077:
    - bResult: 'False'
    - OutDescEst: '' 
    - ErrorMessage: ''
0249076:
    - bResult: 'False'
    - OutDescEst: '' 
    - ErrorMessage: ''
0249075:
    - bResult: 'False'
    - OutDescEst: '' 
    - ErrorMessage: ''
0249074:
    - bResult: 'False'
    - OutDescEst: '' 
    - ErrorMessage: ''
0249069:
    - bResult: 'False'
    - OutDescEst: '' 
    - ErrorMessage: ''
0249050:
    - bResult: 'False'
    - OutDescEst: '' 
    - ErrorMessage: ''
0249049:
    - bResult: 'False'
    - OutDescEst: '' 
    - ErrorMessage: ''
0249045:
    - bResult: 'False'
    - OutDescEst: '' 
    - ErrorMessage: ''
0249044:
    - bResult: 'False'
    - OutDescEst: '' 
    - ErrorMessage: ''
0249043:
    - bResult: 'False'
    - OutDescEst: '' 
    - ErrorMessage: ''
0249042:
    - bResult: 'False'
    - OutDescEst: ' Agg.sup.st.47 - Spes.calp.sup.74 - Agg.inf.standard - Spes.calp.inf.00' 
    - ErrorMessage: ''
0249041:
    - bResult: 'False'
    - OutDescEst: ' Agg.sup.st.47 - Spes.calp.sup.74 - Agg.inf.standard - Spes.calp.inf.00' 
    - ErrorMessage: ''
0249040:
    - bResult: 'False'
    - OutDescEst: '' 
    - ErrorMessage: ''
0249039:
    - bResult: 'False'
    - OutDescEst: '' 
    - ErrorMessage: ''
0248983:
    - bResult: 'False'
    - OutDescEst: '' 
    - ErrorMessage: ''
0248982:
    - bResult: 'False'
    - OutDescEst: '' 
    - ErrorMessage: ''
0248981:
    - bResult: 'False'
    - OutDescEst: '' 
    - ErrorMessage: ''
0248980:
    - bResult: 'False'
    - OutDescEst: '' 
    - ErrorMessage: ''
0248979:
    - bResult: 'False'
    - OutDescEst: '' 
    - ErrorMessage: ''
0248978:
    - bResult: 'False'
    - OutDescEst: '' 
    - ErrorMessage: ''
0248977:
    - bResult: 'False'
    - OutDescEst: '' 
    - ErrorMessage: ''
0248974:
    - bResult: 'False'
    - OutDescEst: '' 
    - ErrorMessage: ''
0248562:
    - bResult: 'False'
    - OutDescEst: '' 
    - ErrorMessage: ''
0248561:
    - bResult: 'False'
    - OutDescEst: '' 
    - ErrorMessage: ''
0248560:
    - bResult: 'False'
    - OutDescEst: '' 
    - ErrorMessage: ''
0248559:
    - bResult: 'False'
    - OutDescEst: '' 
    - ErrorMessage: ''
0248495:
    - bResult: 'False'
    - OutDescEst: '' 
    - ErrorMessage: ''
0248494:
    - bResult: 'False'
    - OutDescEst: '' 
    - ErrorMessage: ''
0248493:
    - bResult: 'False'
    - OutDescEst: '' 
    - ErrorMessage: ''
0248492:
    - bResult: 'False'
    - OutDescEst: '' 
    - ErrorMessage: ''
0248490:
    - bResult: 'False'
    - OutDescEst: '' 
    - ErrorMessage: ''
0248481:
    - bResult: 'False'
    - OutDescEst: '' 
    - ErrorMessage: ''
0248479:
    - bResult: 'False'
    - OutDescEst: '' 
    - ErrorMessage: ''
0248474:
    - bResult: 'False'
    - OutDescEst: '' 
    - ErrorMessage: ''
0248473:
    - bResult: 'False'
    - OutDescEst: '' 
    - ErrorMessage: ''
0248472:
    - bResult: 'False'
    - OutDescEst: '' 
    - ErrorMessage: ''
0248471:
    - bResult: 'False'
    - OutDescEst: '' 
    - ErrorMessage: ''
0248470:
    - bResult: 'False'
    - OutDescEst: '' 
    - ErrorMessage: ''
0248469:
    - bResult: 'False'
    - OutDescEst: ' Agg.sup.st.42 - Spes.calp.sup.00 - Agg.inf.standard - Spes.calp.inf.00' 
    - ErrorMessage: ''
0248468:
    - bResult: 'False'
    - OutDescEst: ' Agg.sup.st.42 - Spes.calp.sup.00 - Agg.inf.standard - Spes.calp.inf.00' 
    - ErrorMessage: ''
0248467:
    - bResult: 'False'
    - OutDescEst: '' 
    - ErrorMessage: ''
0248466:
    - bResult: 'False'
    - OutDescEst: '' 
    - ErrorMessage: ''
0248465:
    - bResult: 'False'
    - OutDescEst: '' 
    - ErrorMessage: ''
0248464:
    - bResult: 'False'
    - OutDescEst: '' 
    - ErrorMessage: ''
0248463:
    - bResult: 'False'
    - OutDescEst: '' 
    - ErrorMessage: ''
0248462:
    - bResult: 'False'
    - OutDescEst: '' 
    - ErrorMessage: ''
0248288:
    - bResult: 'False'
    - OutDescEst: '' 
    - ErrorMessage: ''
0248287:
    - bResult: 'False'
    - OutDescEst: '' 
    - ErrorMessage: ''
0248286:
    - bResult: 'False'
    - OutDescEst: '' 
    - ErrorMessage: ''
0248285:
    - bResult: 'False'
    - OutDescEst: '' 
    - ErrorMessage: ''
0248284:
    - bResult: 'False'
    - OutDescEst: '' 
    - ErrorMessage: ''
0248283:
    - bResult: 'False'
    - OutDescEst: '' 
    - ErrorMessage: ''
0248264:
    - bResult: 'False'
    - OutDescEst: ' - Int. - Est.' 
    - ErrorMessage: ''
0248257:
    - bResult: 'False'
    - OutDescEst: ' conn. 5 ganci F.S. - Int. - Est.' 
    - ErrorMessage: ''
0248256:
    - bResult: 'False'
    - OutDescEst: ' conn. 5 ganci F.S. - Int. - Est.' 
    - ErrorMessage: ''
0248151:
    - bResult: 'False'
    - OutDescEst: '' 
    - ErrorMessage: ''
0248150:
    - bResult: 'False'
    - OutDescEst: '' 
    - ErrorMessage: ''
0248149:
    - bResult: 'False'
    - OutDescEst: '' 
    - ErrorMessage: ''
0248148:
    - bResult: 'False'
    - OutDescEst: '' 
    - ErrorMessage: ''
0248147:
    - bResult: 'False'
    - OutDescEst: ' staffa 47x3,5 - Int. - Est.' 
    - ErrorMessage: ''
0248146:
    - bResult: 'False'
    - OutDescEst: ' staffa 47x3,5 - Int. - Est.' 
    - ErrorMessage: ''
0247873:
    - bResult: 'False'
    - OutDescEst: '' 
    - ErrorMessage: ''
0247872:
    - bResult: 'False'
    - OutDescEst: ' Agg.sup.st.47 - Spes.calp.sup.00 - Agg.inf.st.47 - Spes.calp.inf.00' 
    - ErrorMessage: ''
0247871:
    - bResult: 'False'
    - OutDescEst: ' Agg.sup.st.47 - Spes.calp.sup.00 - Agg.inf.st.47 - Spes.calp.inf.00' 
    - ErrorMessage: ''
0247870:
    - bResult: 'False'
    - OutDescEst: ' Agg.sup.st.47 - Spes.calp.sup.00 - Agg.inf.st.47 - Spes.calp.inf.00' 
    - ErrorMessage: ''
0247869:
    - bResult: 'False'
    - OutDescEst: ' Agg.sup.st.47 - Spes.calp.sup.00 - Agg.inf.st.47 - Spes.calp.inf.00' 
    - ErrorMessage: ''
0247868:
    - bResult: 'False'
    - OutDescEst: '' 
    - ErrorMessage: ''
0247867:
    - bResult: 'False'
    - OutDescEst: ' Agg.sup.st.47 - Spes.calp.sup.00 - Agg.inf.st.47 - Spes.calp.inf.00' 
    - ErrorMessage: ''
0247866:
    - bResult: 'False'
    - OutDescEst: ' Agg.sup.st.47 - Spes.calp.sup.00 - Agg.inf.st.47 - Spes.calp.inf.00' 
    - ErrorMessage: ''
0247865:
    - bResult: 'False'
    - OutDescEst: ' Agg.sup.st.47 - Spes.calp.sup.00 - Agg.inf.st.47 - Spes.calp.inf.00' 
    - ErrorMessage: ''
0247864:
    - bResult: 'False'
    - OutDescEst: ' Agg.sup.st.47 - Spes.calp.sup.00 - Agg.inf.st.47 - Spes.calp.inf.00' 
    - ErrorMessage: ''
0247863:
    - bResult: 'False'
    - OutDescEst: '' 
    - ErrorMessage: ''
0247862:
    - bResult: 'False'
    - OutDescEst: ' Agg.sup.st.42 - Spes.calp.sup.00 - Agg.inf.st.47 - Spes.calp.inf.00' 
    - ErrorMessage: ''
0247861:
    - bResult: 'False'
    - OutDescEst: ' Agg.sup.st.42 - Spes.calp.sup.00 - Agg.inf.st.47 - Spes.calp.inf.00' 
    - ErrorMessage: ''
0247860:
    - bResult: 'False'
    - OutDescEst: ' Agg.sup.st.42 - Spes.calp.sup.00 - Agg.inf.st.47 - Spes.calp.inf.00' 
    - ErrorMessage: ''
0247858:
    - bResult: 'False'
    - OutDescEst: ' Agg.sup.st.42 - Spes.calp.sup.00 - Agg.inf.st.47 - Spes.calp.inf.00' 
    - ErrorMessage: ''
0247857:
    - bResult: 'False'
    - OutDescEst: '' 
    - ErrorMessage: ''
0247856:
    - bResult: 'False'
    - OutDescEst: ' Agg.sup.st.42 - Spes.calp.sup.00 - Agg.inf.standard - Spes.calp.inf.00' 
    - ErrorMessage: ''
0247855:
    - bResult: 'False'
    - OutDescEst: ' Agg.sup.st.42 - Spes.calp.sup.00 - Agg.inf.standard - Spes.calp.inf.00' 
    - ErrorMessage: ''
0247854:
    - bResult: 'False'
    - OutDescEst: ' Agg.sup.st.42 - Spes.calp.sup.00 - Agg.inf.standard - Spes.calp.inf.00' 
    - ErrorMessage: ''
0247851:
    - bResult: 'False'
    - OutDescEst: ' Agg.sup.st.42 - Spes.calp.sup.00 - Agg.inf.standard - Spes.calp.inf.00' 
    - ErrorMessage: ''
0247834:
    - bResult: 'False'
    - OutDescEst: '' 
    - ErrorMessage: ''
0247833:
    - bResult: 'False'
    - OutDescEst: '' 
    - ErrorMessage: ''
0247815:
    - bResult: 'False'
    - OutDescEst: '' 
    - ErrorMessage: ''
0247814:
    - bResult: 'False'
    - OutDescEst: '' 
    - ErrorMessage: ''
0247813:
    - bResult: 'False'
    - OutDescEst: '' 
    - ErrorMessage: ''
0247812:
    - bResult: 'False'
    - OutDescEst: ' Agg.sup.st.42 - Spes.calp.sup.00 - Agg.inf.st.47 - Spes.calp.inf.00' 
    - ErrorMessage: ''
0247811:
    - bResult: 'False'
    - OutDescEst: ' Agg.sup.st.42 - Spes.calp.sup.00 - Agg.inf.st.47 - Spes.calp.inf.00' 
    - ErrorMessage: ''
0247810:
    - bResult: 'False'
    - OutDescEst: ' Agg.sup.st.42 - Spes.calp.sup.00 - Agg.inf.standard - Spes.calp.inf.00' 
    - ErrorMessage: ''
0247809:
    - bResult: 'False'
    - OutDescEst: ' Agg.sup.st.42 - Spes.calp.sup.00 - Agg.inf.standard - Spes.calp.inf.00' 
    - ErrorMessage: ''
0247808:
    - bResult: 'False'
    - OutDescEst: ' Agg.sup.st.47 - Spes.calp.sup.00 -  - Spes.calp.inf.30' 
    - ErrorMessage: ''
0247807:
    - bResult: 'False'
    - OutDescEst: ' Agg.sup.st.47 - Spes.calp.sup.00 -  - Spes.calp.inf.30' 
    - ErrorMessage: ''
0247806:
    - bResult: 'False'
    - OutDescEst: ' Agg.sup.st.42 - Spes.calp.sup.00 - Agg.inf.st.47 - Spes.calp.inf.00' 
    - ErrorMessage: ''
0247805:
    - bResult: 'False'
    - OutDescEst: ' Agg.sup.st.42 - Spes.calp.sup.00 - Agg.inf.st.47 - Spes.calp.inf.00' 
    - ErrorMessage: ''
0247804:
    - bResult: 'False'
    - OutDescEst: ' Agg.sup.st.42 - Spes.calp.sup.00 - Agg.inf.standard - Spes.calp.inf.00' 
    - ErrorMessage: ''
0247803:
    - bResult: 'False'
    - OutDescEst: ' Agg.sup.st.42 - Spes.calp.sup.00 - Agg.inf.standard - Spes.calp.inf.00' 
    - ErrorMessage: ''
0247802:
    - bResult: 'False'
    - OutDescEst: ' Agg.sup.st.47 - Spes.calp.sup.00 -  - Spes.calp.inf.30' 
    - ErrorMessage: ''
0247801:
    - bResult: 'False'
    - OutDescEst: ' Agg.sup.st.47 - Spes.calp.sup.00 -  - Spes.calp.inf.30' 
    - ErrorMessage: ''
0247800:
    - bResult: 'False'
    - OutDescEst: '' 
    - ErrorMessage: ''
0247799:
    - bResult: 'False'
    - OutDescEst: '' 
    - ErrorMessage: ''
0247798:
    - bResult: 'False'
    - OutDescEst: '' 
    - ErrorMessage: ''
0247797:
    - bResult: 'False'
    - OutDescEst: '' 
    - ErrorMessage: ''
0247796:
    - bResult: 'False'
    - OutDescEst: '' 
    - ErrorMessage: ''
0247795:
    - bResult: 'False'
    - OutDescEst: '' 
    - ErrorMessage: ''
0247794:
    - bResult: 'False'
    - OutDescEst: ' Piastra STD 200x6 Filo Lato Lungo' 
    - ErrorMessage: ''
0247793:
    - bResult: 'False'
    - OutDescEst: ' Piastra STD 200x6 Filo Lato Lungo' 
    - ErrorMessage: ''
0247792:
    - bResult: 'False'
    - OutDescEst: ' Piastra STD 200x6 Centrale' 
    - ErrorMessage: ''
0247745:
    - bResult: 'False'
    - OutDescEst: '' 
    - ErrorMessage: ''
0247744:
    - bResult: 'False'
    - OutDescEst: '' 
    - ErrorMessage: ''
0247705:
    - bResult: 'False'
    - OutDescEst: '' 
    - ErrorMessage: ''
0247704:
    - bResult: 'False'
    - OutDescEst: '' 
    - ErrorMessage: ''
0247703:
    - bResult: 'False'
    - OutDescEst: '' 
    - ErrorMessage: ''
0247702:
    - bResult: 'False'
    - OutDescEst: '' 
    - ErrorMessage: ''
0247701:
    - bResult: 'False'
    - OutDescEst: '' 
    - ErrorMessage: ''
0247700:
    - bResult: 'False'
    - OutDescEst: '' 
    - ErrorMessage: ''
0247698:
    - bResult: 'False'
    - OutDescEst: '' 
    - ErrorMessage: ''
0247697:
    - bResult: 'False'
    - OutDescEst: '' 
    - ErrorMessage: ''
0247672:
    - bResult: 'False'
    - OutDescEst: ' Piastra STD 200x6 Centrale' 
    - ErrorMessage: ''
0247671:
    - bResult: 'False'
    - OutDescEst: ' Piastra STD 200x6 Centrale' 
    - ErrorMessage: ''
0247670:
    - bResult: 'False'
    - OutDescEst: ' Piastra STD 200x6 Centrale' 
    - ErrorMessage: ''
0247669:
    - bResult: 'False'
    - OutDescEst: ' Piastra STD 200x6 Centrale' 
    - ErrorMessage: ''
0247631:
    - bResult: 'False'
    - OutDescEst: '' 
    - ErrorMessage: ''
0247630:
    - bResult: 'False'
    - OutDescEst: '' 
    - ErrorMessage: ''
0247629:
    - bResult: 'False'
    - OutDescEst: '' 
    - ErrorMessage: ''
0247628:
    - bResult: 'False'
    - OutDescEst: '' 
    - ErrorMessage: ''
0247613:
    - bResult: 'False'
    - OutDescEst: '' 
    - ErrorMessage: ''
0247612:
    - bResult: 'False'
    - OutDescEst: '' 
    - ErrorMessage: ''
0247611:
    - bResult: 'False'
    - OutDescEst: '' 
    - ErrorMessage: ''
0247610:
    - bResult: 'False'
    - OutDescEst: '' 
    - ErrorMessage: ''
0247609:
    - bResult: 'False'
    - OutDescEst: '' 
    - ErrorMessage: ''
0247608:
    - bResult: 'False'
    - OutDescEst: '' 
    - ErrorMessage: ''
0247556:
    - bResult: 'False'
    - OutDescEst: ' conn. 5 ganci F.S. - Int. - Est. - Ang.CV vert.' 
    - ErrorMessage: ''
0247555:
    - bResult: 'False'
    - OutDescEst: ' conn. 5 ganci F.S. - Int. - Est. - Ang.CV vert.' 
    - ErrorMessage: ''
0247375:
    - bResult: 'False'
    - OutDescEst: '' 
    - ErrorMessage: ''
0247360:
    - bResult: 'False'
    - OutDescEst: ' Dx conn. 5 ganci F.S. - Sx libero - Int. - Est.' 
    - ErrorMessage: ''
0247347:
    - bResult: 'False'
    - OutDescEst: '' 
    - ErrorMessage: ''
0247346:
    - bResult: 'False'
    - OutDescEst: ' Agg.sup.angolare - Spes.calp.sup.00 - Agg.inf.standard - Spes.calp.inf.00' 
    - ErrorMessage: ''
0247345:
    - bResult: 'False'
    - OutDescEst: ' Agg.sup.angolare - Spes.calp.sup.00 - Agg.inf.standard - Spes.calp.inf.00' 
    - ErrorMessage: ''
0247344:
    - bResult: 'False'
    - OutDescEst: ' Agg.sup.angolare - Spes.calp.sup.00 - Agg.inf.standard - Spes.calp.inf.00' 
    - ErrorMessage: ''
0247343:
    - bResult: 'False'
    - OutDescEst: ' Agg.sup.angolare - Spes.calp.sup.00 - Agg.inf.standard - Spes.calp.inf.00' 
    - ErrorMessage: ''
0247342:
    - bResult: 'False'
    - OutDescEst: '' 
    - ErrorMessage: ''
0247341:
    - bResult: 'False'
    - OutDescEst: '' 
    - ErrorMessage: ''
0247340:
    - bResult: 'False'
    - OutDescEst: '' 
    - ErrorMessage: ''
0247339:
    - bResult: 'False'
    - OutDescEst: '' 
    - ErrorMessage: ''
0247338:
    - bResult: 'False'
    - OutDescEst: '' 
    - ErrorMessage: ''
0247337:
    - bResult: 'False'
    - OutDescEst: ' staffa 47x3,5 - Int. - Est.' 
    - ErrorMessage: ''
0247336:
    - bResult: 'False'
    - OutDescEst: ' staffa 47x3,5 - Int. - Est.' 
    - ErrorMessage: ''
0247335:
    - bResult: 'False'
    - OutDescEst: '  - Sx conn. 5 ganci F.S. - Int. - Est.' 
    - ErrorMessage: ''
0247334:
    - bResult: 'False'
    - OutDescEst: '  - Sx conn. 5 ganci F.S. - Int. - Est.' 
    - ErrorMessage: ''
0247333:
    - bResult: 'False'
    - OutDescEst: ' Dx staffa 47x3,5 - Sx conn. 5 ganci F.S. - Int. - Est.' 
    - ErrorMessage: ''
0247332:
    - bResult: 'False'
    - OutDescEst: ' Dx conn. 5 ganci F.S. -  - Int. - Est.' 
    - ErrorMessage: ''
0247331:
    - bResult: 'False'
    - OutDescEst: ' Dx conn. 5 ganci F.S. -  - Int. - Est.' 
    - ErrorMessage: ''
0247330:
    - bResult: 'False'
    - OutDescEst: ' Dx conn. 5 ganci F.S. - Sx staffa 47x3,5 - Int. - Est.' 
    - ErrorMessage: ''
0247329:
    - bResult: 'False'
    - OutDescEst: ' conn. 5 ganci F.S. - Int. - Est.' 
    - ErrorMessage: ''
0247328:
    - bResult: 'False'
    - OutDescEst: ' Piastra STD 200x6 Centrale' 
    - ErrorMessage: ''
0247327:
    - bResult: 'False'
    - OutDescEst: ' Piastra STD 200x6 Centrale' 
    - ErrorMessage: ''
0247326:
    - bResult: 'False'
    - OutDescEst: '  Sald.Filo Lato' 
    - ErrorMessage: ''
0247316:
    - bResult: 'False'
    - OutDescEst: ' conn. 5 ganci F.S. - Rinforzo 35x10 - Int. - Est.' 
    - ErrorMessage: ''
0247300:
    - bResult: 'False'
    - OutDescEst: '' 
    - ErrorMessage: ''
0247299:
    - bResult: 'False'
    - OutDescEst: '' 
    - ErrorMessage: ''
0247298:
    - bResult: 'False'
    - OutDescEst: '' 
    - ErrorMessage: ''
0247297:
    - bResult: 'False'
    - OutDescEst: '' 
    - ErrorMessage: ''
0247296:
    - bResult: 'False'
    - OutDescEst: '' 
    - ErrorMessage: ''
0247295:
    - bResult: 'False'
    - OutDescEst: '' 
    - ErrorMessage: ''
0247294:
    - bResult: 'False'
    - OutDescEst: '' 
    - ErrorMessage: ''
0247293:
    - bResult: 'False'
    - OutDescEst: '' 
    - ErrorMessage: ''
0247292:
    - bResult: 'False'
    - OutDescEst: '' 
    - ErrorMessage: ''
0247291:
    - bResult: 'False'
    - OutDescEst: '' 
    - ErrorMessage: ''
0247283:
    - bResult: 'False'
    - OutDescEst: ' staffa 47x3,5 - Int. - Est.' 
    - ErrorMessage: ''
0247282:
    - bResult: 'False'
    - OutDescEst: ' staffa 47x3,5 - Int. - Est.' 
    - ErrorMessage: ''
0247260:
    - bResult: 'False'
    - OutDescEst: '' 
    - ErrorMessage: ''
0247257:
    - bResult: 'False'
    - OutDescEst: ' conn. 5 ganci F.S. - Int. - Est.' 
    - ErrorMessage: ''
0247256:
    - bResult: 'False'
    - OutDescEst: ' conn. 5 ganci F.S. - Int. - Est.' 
    - ErrorMessage: ''
0247255:
    - bResult: 'False'
    - OutDescEst: ' conn. 5 ganci F.S. - Int. - Est.' 
    - ErrorMessage: ''
0247254:
    - bResult: 'False'
    - OutDescEst: ' conn. 5 ganci F.S. - Int. - Est.' 
    - ErrorMessage: ''
0247253:
    - bResult: 'False'
    - OutDescEst: ' conn. 5 ganci F.S. - Int. - Est.' 
    - ErrorMessage: ''
0247252:
    - bResult: 'False'
    - OutDescEst: ' conn. 5 ganci F.S. - Int. - Est.' 
    - ErrorMessage: ''
0247251:
    - bResult: 'False'
    - OutDescEst: ' conn. 5 ganci F.S. - Int. - Est.' 
    - ErrorMessage: ''
0247250:
    - bResult: 'False'
    - OutDescEst: ' conn. 5 ganci F.S. - Int. - Est.' 
    - ErrorMessage: ''
0247249:
    - bResult: 'False'
    - OutDescEst: ' staffa 47x3,5 - Int. - Est.' 
    - ErrorMessage: ''
0247248:
    - bResult: 'False'
    - OutDescEst: ' staffa 47x3,5 - Int. - Est.' 
    - ErrorMessage: ''
0247247:
    - bResult: 'False'
    - OutDescEst: ' Dx staffa 47x3,5 - Sx conn. 5 ganci F.S. - Int. - Est.' 
    - ErrorMessage: ''
0247246:
    - bResult: 'False'
    - OutDescEst: ' Dx staffa 47x3,5 - Sx conn. 5 ganci F.S. - Int. - Est.' 
    - ErrorMessage: ''
0247245:
    - bResult: 'False'
    - OutDescEst: ' Dx conn. 5 ganci F.S. - Sx staffa 47x3,5 - Int. - Est.' 
    - ErrorMessage: ''
0247244:
    - bResult: 'False'
    - OutDescEst: ' Dx conn. 5 ganci F.S. - Sx staffa 47x3,5 - Int. - Est.' 
    - ErrorMessage: ''
0247243:
    - bResult: 'False'
    - OutDescEst: ' staffa 47x3,5 - Int. - Est.' 
    - ErrorMessage: ''
0247242:
    - bResult: 'False'
    - OutDescEst: ' staffa 47x3,5 - Int. - Est.' 
    - ErrorMessage: ''
0247241:
    - bResult: 'False'
    - OutDescEst: ' conn. 5 ganci F.S. - Int. - Est.' 
    - ErrorMessage: ''
0247240:
    - bResult: 'False'
    - OutDescEst: ' Piastra STD 200x6 Filo Lato' 
    - ErrorMessage: ''
0247236:
    - bResult: 'False'
    - OutDescEst: '' 
    - ErrorMessage: ''
0247235:
    - bResult: 'False'
    - OutDescEst: ' Piastra STD 200x6 Centrale' 
    - ErrorMessage: ''
0247234:
    - bResult: 'False'
    - OutDescEst: '' 
    - ErrorMessage: ''
0247232:
    - bResult: 'False'
    - OutDescEst: '' 
    - ErrorMessage: ''
0247219:
    - bResult: 'False'
    - OutDescEst: ' Piastra STD 200x6 Filo Angolo' 
    - ErrorMessage: ''
0247218:
    - bResult: 'False'
    - OutDescEst: ' Piastra STD 200x6 Filo Angolo' 
    - ErrorMessage: ''
0247217:
    - bResult: 'False'
    - OutDescEst: '' 
    - ErrorMessage: ''
0247216:
    - bResult: 'False'
    - OutDescEst: ' Agg.sup.angolare - Spes.calp.sup.00 - Agg.inf.standard - Spes.calp.inf.00' 
    - ErrorMessage: ''
0247215:
    - bResult: 'False'
    - OutDescEst: ' Agg.sup.angolare - Spes.calp.sup.00 - Agg.inf.standard - Spes.calp.inf.00' 
    - ErrorMessage: ''
0247214:
    - bResult: 'False'
    - OutDescEst: '' 
    - ErrorMessage: ''
0247213:
    - bResult: 'False'
    - OutDescEst: '' 
    - ErrorMessage: ''
0247212:
    - bResult: 'False'
    - OutDescEst: '' 
    - ErrorMessage: ''
0247211:
    - bResult: 'False'
    - OutDescEst: '' 
    - ErrorMessage: ''
0247210:
    - bResult: 'False'
    - OutDescEst: '' 
    - ErrorMessage: ''
0247209:
    - bResult: 'False'
    - OutDescEst: '' 
    - ErrorMessage: ''
0247208:
    - bResult: 'False'
    - OutDescEst: ' staffa 47x3,5 - Int. - Est.' 
    - ErrorMessage: ''
0247207:
    - bResult: 'False'
    - OutDescEst: ' staffa 47x3,5 - Int. - Est.' 
    - ErrorMessage: ''
0247206:
    - bResult: 'False'
    - OutDescEst: ' Dx staffa 47x3,5 - Sx conn. 5 ganci F.S. - Int. - Est.' 
    - ErrorMessage: ''
0247205:
    - bResult: 'False'
    - OutDescEst: ' Dx staffa 47x3,5 - Sx conn. 5 ganci F.S. - Int. - Est.' 
    - ErrorMessage: ''
La descrizione estesa aggiornata di 0247205 :  Dx staffa 47x3,5 - Sx conn. 5 ganci F.S. - Int. - Est.
0247204:
    - bResult: 'False'
    - OutDescEst: ' Dx conn. 5 ganci F.S. - Sx staffa 47x3,5 - Int. - Est.' 
    - ErrorMessage: ''
La descrizione estesa aggiornata di 0247204 :  Dx conn. 5 ganci F.S. - Sx staffa 47x3,5 - Int. - Est.
0247203:
    - bResult: 'False'
    - OutDescEst: ' Dx conn. 5 ganci F.S. - Sx staffa 47x3,5 - Int. - Est.' 
    - ErrorMessage: ''
La descrizione estesa aggiornata di 0247203 :  Dx conn. 5 ganci F.S. - Sx staffa 47x3,5 - Int. - Est.
0247202:
    - bResult: 'False'
    - OutDescEst: ' conn. 5 ganci F.S. - Int. - Est.' 
    - ErrorMessage: ''
La descrizione estesa aggiornata di 0247202 :  conn. 5 ganci F.S. - Int. - Est.
0247201:
    - bResult: 'False'
    - OutDescEst: ' conn. 5 ganci F.S. - Int. - Est.' 
    - ErrorMessage: ''
La descrizione estesa aggiornata di 0247201 :  conn. 5 ganci F.S. - Int. - Est.
0247200:
    - bResult: 'False'
    - OutDescEst: ' Dx staffa 42x3,5 - Sx conn. 5 ganci F.S. - Int. - Est.' 
    - ErrorMessage: ''
La descrizione estesa aggiornata di 0247200 :  Dx staffa 42x3,5 - Sx conn. 5 ganci F.S. - Int. - Est.
0247199:
    - bResult: 'False'
    - OutDescEst: ' Dx staffa 42x3,5 - Sx conn. 5 ganci F.S. - Int. - Est.' 
    - ErrorMessage: ''
La descrizione estesa aggiornata di 0247199 :  Dx staffa 42x3,5 - Sx conn. 5 ganci F.S. - Int. - Est.
0247198:
    - bResult: 'False'
    - OutDescEst: ' Dx conn. 5 ganci F.S. - Sx staffa 42x3,5 - Int. - Est.' 
    - ErrorMessage: ''
La descrizione estesa aggiornata di 0247198 :  Dx conn. 5 ganci F.S. - Sx staffa 42x3,5 - Int. - Est.
0247197:
    - bResult: 'False'
    - OutDescEst: ' Dx conn. 5 ganci F.S. - Sx staffa 42x3,5 - Int. - Est.' 
    - ErrorMessage: ''
La descrizione estesa aggiornata di 0247197 :  Dx conn. 5 ganci F.S. - Sx staffa 42x3,5 - Int. - Est.
0247196:
    - bResult: 'False'
    - OutDescEst: ' Piastra STD 200x6 Centrale' 
    - ErrorMessage: ''
La descrizione estesa aggiornata di 0247196 :  Piastra STD 200x6 Centrale
0247195:
    - bResult: 'False'
    - OutDescEst: ' Piastra STD 200x6 Filo Angolo' 
    - ErrorMessage: ''
La descrizione estesa aggiornata di 0247195 :  Piastra STD 200x6 Filo Angolo
0247194:
    - bResult: 'False'
    - OutDescEst: ' Piastra STD 200x6 Filo Angolo' 
    - ErrorMessage: ''
La descrizione estesa aggiornata di 0247194 :  Piastra STD 200x6 Filo Angolo
0247116:
    - bResult: 'False'
    - OutDescEst: ' conn. 5 ganci F.S. - Int. - Est.' 
    - ErrorMessage: ''
La descrizione estesa aggiornata di 0247116 :  conn. 5 ganci F.S. - Int. - Est.
0247115:
    - bResult: 'False'
    - OutDescEst: ' conn. 5 ganci F.S. - Int. - Est.' 
    - ErrorMessage: ''
La descrizione estesa aggiornata di 0247115 :  conn. 5 ganci F.S. - Int. - Est.
0247114:
    - bResult: 'False'
    - OutDescEst: ' conn. 5 ganci F.S. - Int. - Est.' 
    - ErrorMessage: ''
La descrizione estesa aggiornata di 0247114 :  conn. 5 ganci F.S. - Int. - Est.
0247113:
    - bResult: 'False'
    - OutDescEst: ' conn. 5 ganci F.S. - Int. - Est.' 
    - ErrorMessage: ''
0247097:
    - bResult: 'False'
    - OutDescEst: ' staffa 47x3,5 - Int. - Est.' 
    - ErrorMessage: ''
0247096:
    - bResult: 'False'
    - OutDescEst: ' staffa 47x3,5 - Int. - Est.' 
    - ErrorMessage: ''
0247095:
    - bResult: 'False'
    - OutDescEst: ' conn. 5 ganci F.S. - Int. - Est.' 
    - ErrorMessage: ''
0247094:
    - bResult: 'False'
    - OutDescEst: ' Piastra STD 200x6 Centrale' 
    - ErrorMessage: ''
0247093:
    - bResult: 'False'
    - OutDescEst: ' Piastra STD 200x6 Centrale' 
    - ErrorMessage: ''
0247092:
    - bResult: 'False'
    - OutDescEst: ' Piastra STD 200x6 Centrale' 
    - ErrorMessage: ''
0247091:
    - bResult: 'False'
    - OutDescEst: ' Piastra STD 200x6 Centrale' 
    - ErrorMessage: ''
0247023:
    - bResult: 'False'
    - OutDescEst: ' conn. 5 ganci F.S. - Int. - Est.' 
    - ErrorMessage: ''
0247018:
    - bResult: 'False'
    - OutDescEst: ' conn. 5 ganci F.S. - Int. - Est.' 
    - ErrorMessage: ''
0246927:
    - bResult: 'False'
    - OutDescEst: '' 
    - ErrorMessage: ''
