0041321:
    - bResult: 'False'
    - OutDescEst: ' - taglio 45° e fori D13 alle estremità' 
    - ErrorMessage: ''
0041322:
    - bResult: 'False'
    - OutDescEst: ' - taglio 45° e fori D13 alle estremità' 
    - ErrorMessage: ''
0043143:
    - bResult: 'False'
    - OutDescEst: ' - taglio 45° e fori D13 alle estremità' 
    - ErrorMessage: ''
0043144:
    - bResult: 'False'
    - OutDescEst: ' - taglio 45° e fori D13 alle estremità' 
    - ErrorMessage: ''
0044926:
    - bResult: 'False'
    - OutDescEst: ' - taglio 45° e fori D13 alle estremità' 
    - ErrorMessage: ''
0049678:
    - bResult: 'False'
    - OutDescEst: ' - taglio 45° e fori D13 alle estremità' 
    - ErrorMessage: ''
0049679:
    - bResult: 'False'
    - OutDescEst: ' - taglio 45° e fori D13 alle estremità' 
    - ErrorMessage: ''
0049680:
    - bResult: 'False'
    - OutDescEst: ' - taglio 45° e fori D13 alle estremità' 
    - ErrorMessage: ''
0049681:
    - bResult: 'False'
    - OutDescEst: ' - taglio 45° e fori D13 alle estremità' 
    - ErrorMessage: ''
0052453:
    - bResult: 'False'
    - OutDescEst: ' - taglio 45° e fori D13 alle estremità' 
    - ErrorMessage: ''
0052454:
    - bResult: 'False'
    - OutDescEst: ' - taglio 45° e fori D13 alle estremità' 
    - ErrorMessage: ''
0063737:
    - bResult: 'False'
    - OutDescEst: ' - taglio 45° e fori D13 alle estremità' 
    - ErrorMessage: ''
0063738:
    - bResult: 'False'
    - OutDescEst: ' - taglio 45° e fori D13 alle estremità' 
    - ErrorMessage: ''
0064823:
    - bResult: 'False'
    - OutDescEst: ' - taglio 45° e fori D13 alle estremità' 
    - ErrorMessage: ''
0064824:
    - bResult: 'False'
    - OutDescEst: ' - taglio 45° e fori D13 alle estremità' 
    - ErrorMessage: ''
0064869:
    - bResult: 'False'
    - OutDescEst: ' - taglio 45° e fori D13 alle estremità' 
    - ErrorMessage: ''
0064870:
    - bResult: 'False'
    - OutDescEst: ' - taglio 45° e fori D13 alle estremità' 
    - ErrorMessage: ''
0064875:
    - bResult: 'False'
    - OutDescEst: ' - taglio 45° e fori D13 alle estremità' 
    - ErrorMessage: ''
0064880:
    - bResult: 'False'
    - OutDescEst: ' - taglio 45° e fori D13 alle estremità' 
    - ErrorMessage: ''
0066681:
    - bResult: 'False'
    - OutDescEst: ' - taglio 45° e fori D13 alle estremità' 
    - ErrorMessage: ''
0069549:
    - bResult: 'False'
    - OutDescEst: ' - taglio 45° e fori D13 alle estremità' 
    - ErrorMessage: ''
0069550:
    - bResult: 'False'
    - OutDescEst: ' - taglio 45° e fori D13 alle estremità' 
    - ErrorMessage: ''
0070441:
    - bResult: 'False'
    - OutDescEst: ' - taglio 45° e fori D13 alle estremità' 
    - ErrorMessage: ''
0070442:
    - bResult: 'False'
    - OutDescEst: ' - taglio 45° e fori D13 alle estremità' 
    - ErrorMessage: ''
0081357:
    - bResult: 'False'
    - OutDescEst: ' - taglio 45° e fori D13 alle estremità' 
    - ErrorMessage: ''
0081358:
    - bResult: 'False'
    - OutDescEst: ' - taglio 45° e fori D13 alle estremità' 
    - ErrorMessage: ''
0085474:
    - bResult: 'False'
    - OutDescEst: ' - taglio 45° e fori D13 alle estremità' 
    - ErrorMessage: ''
0085475:
    - bResult: 'False'
    - OutDescEst: ' - taglio 45° e fori D13 alle estremità' 
    - ErrorMessage: ''
0094188:
    - bResult: 'False'
    - OutDescEst: ' - taglio 45° e fori D13 alle estremità' 
    - ErrorMessage: ''
0095870:
    - bResult: 'False'
    - OutDescEst: ' - taglio 45° e fori D13 alle estremità' 
    - ErrorMessage: ''
0095871:
    - bResult: 'False'
    - OutDescEst: ' - taglio 45° e fori D13 alle estremità' 
    - ErrorMessage: ''
0096325:
    - bResult: 'False'
    - OutDescEst: ' - taglio 45° e fori D13 alle estremità' 
    - ErrorMessage: ''
0096326:
    - bResult: 'False'
    - OutDescEst: ' - taglio 45° e fori D13 alle estremità' 
    - ErrorMessage: ''
0096327:
    - bResult: 'False'
    - OutDescEst: ' - taglio 45° e fori D13 alle estremità' 
    - ErrorMessage: ''
0096328:
    - bResult: 'False'
    - OutDescEst: ' - taglio 45° e fori D13 alle estremità' 
    - ErrorMessage: ''
0105992:
    - bResult: 'False'
    - OutDescEst: ' - taglio 45° e fori D13 alle estremità' 
    - ErrorMessage: ''
0105993:
    - bResult: 'False'
    - OutDescEst: ' - taglio 45° e fori D13 alle estremità' 
    - ErrorMessage: ''
0110732:
    - bResult: 'False'
    - OutDescEst: ' - taglio 45° e fori D13 alle estremità' 
    - ErrorMessage: ''
0110733:
    - bResult: 'False'
    - OutDescEst: ' - taglio 45° e fori D13 alle estremità' 
    - ErrorMessage: ''
0114758:
    - bResult: 'False'
    - OutDescEst: ' - taglio 45° e fori D13 alle estremità' 
    - ErrorMessage: ''
0117224:
    - bResult: 'False'
    - OutDescEst: ' - taglio 45° e fori D13 alle estremità' 
    - ErrorMessage: ''
0117225:
    - bResult: 'False'
    - OutDescEst: ' - taglio 45° e fori D13 alle estremità' 
    - ErrorMessage: ''
0117226:
    - bResult: 'False'
    - OutDescEst: ' - taglio 45° e fori D13 alle estremità' 
    - ErrorMessage: ''
0117227:
    - bResult: 'False'
    - OutDescEst: ' - taglio 45° e fori D13 alle estremità' 
    - ErrorMessage: ''
0118356:
    - bResult: 'False'
    - OutDescEst: ' - taglio 45° e fori D13 alle estremità' 
    - ErrorMessage: ''
0118357:
    - bResult: 'False'
    - OutDescEst: ' - taglio 45° e fori D13 alle estremità' 
    - ErrorMessage: ''
0118855:
    - bResult: 'False'
    - OutDescEst: ' - taglio 45° e fori D13 alle estremità' 
    - ErrorMessage: ''
0118856:
    - bResult: 'False'
    - OutDescEst: ' - taglio 45° e fori D13 alle estremità' 
    - ErrorMessage: ''
0118862:
    - bResult: 'False'
    - OutDescEst: ' - taglio 45° e fori D13 alle estremità' 
    - ErrorMessage: ''
0121149:
    - bResult: 'False'
    - OutDescEst: ' - taglio 45° e fori D13 alle estremità' 
    - ErrorMessage: ''
0121150:
    - bResult: 'False'
    - OutDescEst: ' - taglio 45° e fori D13 alle estremità' 
    - ErrorMessage: ''
0121291:
    - bResult: 'False'
    - OutDescEst: ' - taglio 45° e fori D13 alle estremità' 
    - ErrorMessage: ''
0121292:
    - bResult: 'False'
    - OutDescEst: ' - taglio 45° e fori D13 alle estremità' 
    - ErrorMessage: ''
0121293:
    - bResult: 'False'
    - OutDescEst: ' - taglio 45° e fori D13 alle estremità' 
    - ErrorMessage: ''
0121294:
    - bResult: 'False'
    - OutDescEst: ' - taglio 45° e fori D13 alle estremità' 
    - ErrorMessage: ''
0123543:
    - bResult: 'False'
    - OutDescEst: ' - taglio 45° e fori D13 alle estremità' 
    - ErrorMessage: ''
0123544:
    - bResult: 'False'
    - OutDescEst: ' - taglio 45° e fori D13 alle estremità' 
    - ErrorMessage: ''
0128118:
    - bResult: 'False'
    - OutDescEst: ' - taglio 45° e fori D13 alle estremità' 
    - ErrorMessage: ''
0128119:
    - bResult: 'False'
    - OutDescEst: ' - taglio 45° e fori D13 alle estremità' 
    - ErrorMessage: ''
0128120:
    - bResult: 'False'
    - OutDescEst: ' - taglio 45° e fori D13 alle estremità' 
    - ErrorMessage: ''
0128121:
    - bResult: 'False'
    - OutDescEst: ' - taglio 45° e fori D13 alle estremità' 
    - ErrorMessage: ''
0128382:
    - bResult: 'False'
    - OutDescEst: ' - taglio 45° e fori D13 alle estremità' 
    - ErrorMessage: ''
0128383:
    - bResult: 'False'
    - OutDescEst: ' - taglio 45° e fori D13 alle estremità' 
    - ErrorMessage: ''
0130927:
    - bResult: 'False'
    - OutDescEst: ' - taglio 45° e fori D13 alle estremità' 
    - ErrorMessage: ''
0130928:
    - bResult: 'False'
    - OutDescEst: ' - taglio 45° e fori D13 alle estremità' 
    - ErrorMessage: ''
0130929:
    - bResult: 'False'
    - OutDescEst: ' - taglio 45° e fori D13 alle estremità' 
    - ErrorMessage: ''
0130930:
    - bResult: 'False'
    - OutDescEst: ' - taglio 45° e fori D13 alle estremità' 
    - ErrorMessage: ''
0132112:
    - bResult: 'False'
    - OutDescEst: ' - taglio 45° e fori D13 alle estremità' 
    - ErrorMessage: ''
0132113:
    - bResult: 'False'
    - OutDescEst: ' - taglio 45° e fori D13 alle estremità' 
    - ErrorMessage: ''
0132303:
    - bResult: 'False'
    - OutDescEst: ' - taglio 45° e fori D13 alle estremità' 
    - ErrorMessage: ''
0137459:
    - bResult: 'False'
    - OutDescEst: ' - taglio 45° e fori D13 alle estremità' 
    - ErrorMessage: ''
0137460:
    - bResult: 'False'
    - OutDescEst: ' - taglio 45° e fori D13 alle estremità' 
    - ErrorMessage: ''
0137461:
    - bResult: 'False'
    - OutDescEst: ' - taglio 45° e fori D13 alle estremità' 
    - ErrorMessage: ''
0137465:
    - bResult: 'False'
    - OutDescEst: ' - taglio 45° e fori D13 alle estremità' 
    - ErrorMessage: ''
0137466:
    - bResult: 'False'
    - OutDescEst: ' - taglio 45° e fori D13 alle estremità' 
    - ErrorMessage: ''
0138033:
    - bResult: 'False'
    - OutDescEst: ' - taglio 45° e fori D13 alle estremità' 
    - ErrorMessage: ''
0138034:
    - bResult: 'False'
    - OutDescEst: ' - taglio 45° e fori D13 alle estremità' 
    - ErrorMessage: ''
0138448:
    - bResult: 'False'
    - OutDescEst: ' - taglio 45° e fori D13 alle estremità' 
    - ErrorMessage: ''
0138449:
    - bResult: 'False'
    - OutDescEst: ' - taglio 45° e fori D13 alle estremità' 
    - ErrorMessage: ''
0139375:
    - bResult: 'False'
    - OutDescEst: ' - taglio 45° e fori D13 alle estremità' 
    - ErrorMessage: ''
0139376:
    - bResult: 'False'
    - OutDescEst: ' - taglio 45° e fori D13 alle estremità' 
    - ErrorMessage: ''
0141603:
    - bResult: 'False'
    - OutDescEst: ' - taglio 45° e fori D13 alle estremità' 
    - ErrorMessage: ''
0145690:
    - bResult: 'False'
    - OutDescEst: ' - taglio 45° e fori D13 alle estremità' 
    - ErrorMessage: ''
0145691:
    - bResult: 'False'
    - OutDescEst: ' - taglio 45° e fori D13 alle estremità' 
    - ErrorMessage: ''
0145758:
    - bResult: 'False'
    - OutDescEst: ' - taglio 45° e fori D13 alle estremità' 
    - ErrorMessage: ''
0145759:
    - bResult: 'False'
    - OutDescEst: ' - taglio 45° e fori D13 alle estremità' 
    - ErrorMessage: ''
0149529:
    - bResult: 'False'
    - OutDescEst: ' - taglio 45° e fori D13 alle estremità' 
    - ErrorMessage: ''
0149530:
    - bResult: 'False'
    - OutDescEst: ' - taglio 45° e fori D13 alle estremità' 
    - ErrorMessage: ''
0151740:
    - bResult: 'False'
    - OutDescEst: ' - taglio 45° e fori D13 alle estremità' 
    - ErrorMessage: ''
0151741:
    - bResult: 'False'
    - OutDescEst: ' - taglio 45° e fori D13 alle estremità' 
    - ErrorMessage: ''
0151742:
    - bResult: 'False'
    - OutDescEst: ' - taglio 45° e fori D13 alle estremità' 
    - ErrorMessage: ''
0151743:
    - bResult: 'False'
    - OutDescEst: ' - taglio 45° e fori D13 alle estremità' 
    - ErrorMessage: ''
0153036:
    - bResult: 'False'
    - OutDescEst: ' - taglio 45° e fori D13 alle estremità' 
    - ErrorMessage: ''
0153037:
    - bResult: 'False'
    - OutDescEst: ' - taglio 45° e fori D13 alle estremità' 
    - ErrorMessage: ''
0157515:
    - bResult: 'False'
    - OutDescEst: ' - taglio 45° e fori D13 alle estremità' 
    - ErrorMessage: ''
0157516:
    - bResult: 'False'
    - OutDescEst: ' - taglio 45° e fori D13 alle estremità' 
    - ErrorMessage: ''
0157974:
    - bResult: 'False'
    - OutDescEst: ' - taglio 45° e fori D13 alle estremità' 
    - ErrorMessage: ''
0157975:
    - bResult: 'False'
    - OutDescEst: ' - taglio 45° e fori D13 alle estremità' 
    - ErrorMessage: ''
0161390:
    - bResult: 'False'
    - OutDescEst: ' - taglio 45° e fori D13 alle estremità' 
    - ErrorMessage: ''
0161391:
    - bResult: 'False'
    - OutDescEst: ' - taglio 45° e fori D13 alle estremità' 
    - ErrorMessage: ''
0169419:
    - bResult: 'False'
    - OutDescEst: ' - taglio 45° e fori D13 alle estremità' 
    - ErrorMessage: ''
0169799:
    - bResult: 'False'
    - OutDescEst: ' - taglio 45° e fori D13 alle estremità' 
    - ErrorMessage: ''
0169800:
    - bResult: 'False'
    - OutDescEst: ' - taglio 45° e fori D13 alle estremità' 
    - ErrorMessage: ''
0170789:
    - bResult: 'False'
    - OutDescEst: ' - taglio 45° e fori D13 alle estremità' 
    - ErrorMessage: ''
0170790:
    - bResult: 'False'
    - OutDescEst: ' - taglio 45° e fori D13 alle estremità' 
    - ErrorMessage: ''
0175456:
    - bResult: 'False'
    - OutDescEst: ' - taglio 45° e fori D13 alle estremità' 
    - ErrorMessage: ''
0175457:
    - bResult: 'False'
    - OutDescEst: ' - taglio 45° e fori D13 alle estremità' 
    - ErrorMessage: ''
0175458:
    - bResult: 'False'
    - OutDescEst: ' - taglio 45° e fori D13 alle estremità' 
    - ErrorMessage: ''
0175459:
    - bResult: 'False'
    - OutDescEst: ' - taglio 45° e fori D13 alle estremità' 
    - ErrorMessage: ''
0175460:
    - bResult: 'False'
    - OutDescEst: ' - taglio 45° e fori D13 alle estremità' 
    - ErrorMessage: ''
0175461:
    - bResult: 'False'
    - OutDescEst: ' - taglio 45° e fori D13 alle estremità' 
    - ErrorMessage: ''
0175463:
    - bResult: 'False'
    - OutDescEst: ' - taglio 45° e fori D13 alle estremità' 
    - ErrorMessage: ''
0182092:
    - bResult: 'False'
    - OutDescEst: ' - taglio 45° e fori D13 alle estremità' 
    - ErrorMessage: ''
0182093:
    - bResult: 'False'
    - OutDescEst: ' - taglio 45° e fori D13 alle estremità' 
    - ErrorMessage: ''
0192931:
    - bResult: 'False'
    - OutDescEst: ' - taglio 45° e fori D13 alle estremità' 
    - ErrorMessage: ''
0200590:
    - bResult: 'False'
    - OutDescEst: ' - taglio 45° e fori D13 alle estremità' 
    - ErrorMessage: ''
0200591:
    - bResult: 'False'
    - OutDescEst: ' - taglio 45° e fori D13 alle estremità' 
    - ErrorMessage: ''
0204685:
    - bResult: 'False'
    - OutDescEst: ' - taglio 45° e fori D13 alle estremità' 
    - ErrorMessage: ''
0204686:
    - bResult: 'False'
    - OutDescEst: ' - taglio 45° e fori D13 alle estremità' 
    - ErrorMessage: ''
0204687:
    - bResult: 'False'
    - OutDescEst: ' - taglio 45° e fori D13 alle estremità' 
    - ErrorMessage: ''
0205379:
    - bResult: 'False'
    - OutDescEst: '' 
    - ErrorMessage: ''
0205382:
    - bResult: 'False'
    - OutDescEst: '' 
    - ErrorMessage: ''
0205384:
    - bResult: 'False'
    - OutDescEst: '' 
    - ErrorMessage: ''
0205391:
    - bResult: 'False'
    - OutDescEst: '' 
    - ErrorMessage: ''
0205392:
    - bResult: 'False'
    - OutDescEst: '' 
    - ErrorMessage: ''
0205393:
    - bResult: 'False'
    - OutDescEst: '' 
    - ErrorMessage: ''
0205394:
    - bResult: 'False'
    - OutDescEst: '' 
    - ErrorMessage: ''
0205395:
    - bResult: 'False'
    - OutDescEst: '' 
    - ErrorMessage: ''
0205401:
    - bResult: 'False'
    - OutDescEst: '' 
    - ErrorMessage: ''
0205402:
    - bResult: 'False'
    - OutDescEst: '' 
    - ErrorMessage: ''
0205406:
    - bResult: 'False'
    - OutDescEst: '' 
    - ErrorMessage: ''
0205407:
    - bResult: 'False'
    - OutDescEst: '' 
    - ErrorMessage: ''
0205408:
    - bResult: 'False'
    - OutDescEst: '' 
    - ErrorMessage: ''
0205409:
    - bResult: 'False'
    - OutDescEst: '' 
    - ErrorMessage: ''
0205410:
    - bResult: 'False'
    - OutDescEst: '' 
    - ErrorMessage: ''
0205414:
    - bResult: 'False'
    - OutDescEst: '' 
    - ErrorMessage: ''
0205425:
    - bResult: 'False'
    - OutDescEst: '' 
    - ErrorMessage: ''
0205426:
    - bResult: 'False'
    - OutDescEst: '' 
    - ErrorMessage: ''
0205427:
    - bResult: 'False'
    - OutDescEst: '' 
    - ErrorMessage: ''
0205428:
    - bResult: 'False'
    - OutDescEst: '' 
    - ErrorMessage: ''
0205429:
    - bResult: 'False'
    - OutDescEst: '' 
    - ErrorMessage: ''
0205430:
    - bResult: 'False'
    - OutDescEst: '' 
    - ErrorMessage: ''
0205431:
    - bResult: 'False'
    - OutDescEst: '' 
    - ErrorMessage: ''
0205432:
    - bResult: 'False'
    - OutDescEst: '' 
    - ErrorMessage: ''
0205433:
    - bResult: 'False'
    - OutDescEst: '' 
    - ErrorMessage: ''
0205434:
    - bResult: 'False'
    - OutDescEst: '' 
    - ErrorMessage: ''
0205435:
    - bResult: 'False'
    - OutDescEst: '' 
    - ErrorMessage: ''
0205436:
    - bResult: 'False'
    - OutDescEst: '' 
    - ErrorMessage: ''
0205437:
    - bResult: 'False'
    - OutDescEst: '' 
    - ErrorMessage: ''
0205438:
    - bResult: 'False'
    - OutDescEst: '' 
    - ErrorMessage: ''
0205439:
    - bResult: 'False'
    - OutDescEst: '' 
    - ErrorMessage: ''
0205440:
    - bResult: 'False'
    - OutDescEst: '' 
    - ErrorMessage: ''
0205441:
    - bResult: 'False'
    - OutDescEst: '' 
    - ErrorMessage: ''
0205442:
    - bResult: 'False'
    - OutDescEst: '' 
    - ErrorMessage: ''
0205443:
    - bResult: 'False'
    - OutDescEst: '' 
    - ErrorMessage: ''
0205444:
    - bResult: 'False'
    - OutDescEst: '' 
    - ErrorMessage: ''
0205445:
    - bResult: 'False'
    - OutDescEst: '' 
    - ErrorMessage: ''
0205446:
    - bResult: 'False'
    - OutDescEst: '' 
    - ErrorMessage: ''
0205447:
    - bResult: 'False'
    - OutDescEst: '' 
    - ErrorMessage: ''
0205448:
    - bResult: 'False'
    - OutDescEst: '' 
    - ErrorMessage: ''
0205449:
    - bResult: 'False'
    - OutDescEst: '' 
    - ErrorMessage: ''
0205450:
    - bResult: 'False'
    - OutDescEst: '' 
    - ErrorMessage: ''
0205451:
    - bResult: 'False'
    - OutDescEst: '' 
    - ErrorMessage: ''
0205452:
    - bResult: 'False'
    - OutDescEst: '' 
    - ErrorMessage: ''
0205453:
    - bResult: 'False'
    - OutDescEst: '' 
    - ErrorMessage: ''
0205454:
    - bResult: 'False'
    - OutDescEst: '' 
    - ErrorMessage: ''
0205455:
    - bResult: 'False'
    - OutDescEst: '' 
    - ErrorMessage: ''
0205456:
    - bResult: 'False'
    - OutDescEst: '' 
    - ErrorMessage: ''
0207659:
    - bResult: 'False'
    - OutDescEst: '' 
    - ErrorMessage: ''
0207660:
    - bResult: 'False'
    - OutDescEst: ' - taglio 45° e fori D13 alle estremità' 
    - ErrorMessage: ''
0207663:
    - bResult: 'False'
    - OutDescEst: ' - taglio 45° e fori D13 alle estremità' 
    - ErrorMessage: ''
0208848:
    - bResult: 'False'
    - OutDescEst: '' 
    - ErrorMessage: ''
0209212:
    - bResult: 'False'
    - OutDescEst: '' 
    - ErrorMessage: ''
0209397:
    - bResult: 'False'
    - OutDescEst: '' 
    - ErrorMessage: ''
0209640:
    - bResult: 'False'
    - OutDescEst: '' 
    - ErrorMessage: ''
0209659:
    - bResult: 'False'
    - OutDescEst: '' 
    - ErrorMessage: ''
0209795:
    - bResult: 'False'
    - OutDescEst: '' 
    - ErrorMessage: ''
0210210:
    - bResult: 'False'
    - OutDescEst: '' 
    - ErrorMessage: ''
0210562:
    - bResult: 'False'
    - OutDescEst: '' 
    - ErrorMessage: ''
0213266:
    - bResult: 'False'
    - OutDescEst: '' 
    - ErrorMessage: ''
0213267:
    - bResult: 'False'
    - OutDescEst: ' - taglio 45° e fori D13 alle estremità' 
    - ErrorMessage: ''
0213268:
    - bResult: 'False'
    - OutDescEst: ' - taglio 45° e fori D13 alle estremità' 
    - ErrorMessage: ''
0213269:
    - bResult: 'False'
    - OutDescEst: '' 
    - ErrorMessage: ''
0213270:
    - bResult: 'False'
    - OutDescEst: ' - taglio 45° e fori D13 alle estremità' 
    - ErrorMessage: ''
0213271:
    - bResult: 'False'
    - OutDescEst: ' - taglio 45° e fori D13 alle estremità' 
    - ErrorMessage: ''
0213916:
    - bResult: 'False'
    - OutDescEst: '' 
    - ErrorMessage: ''
0213917:
    - bResult: 'False'
    - OutDescEst: ' - taglio 45° e fori D13 alle estremità' 
    - ErrorMessage: ''
0213919:
    - bResult: 'False'
    - OutDescEst: ' - taglio 45° e fori D13 alle estremità' 
    - ErrorMessage: ''
0220719:
    - bResult: 'False'
    - OutDescEst: '' 
    - ErrorMessage: ''
0220720:
    - bResult: 'False'
    - OutDescEst: ' - taglio 45° e fori D13 alle estremità' 
    - ErrorMessage: ''
0220721:
    - bResult: 'False'
    - OutDescEst: ' - taglio 45° e fori D13 alle estremità' 
    - ErrorMessage: ''
0220722:
    - bResult: 'False'
    - OutDescEst: '' 
    - ErrorMessage: ''
0220723:
    - bResult: 'False'
    - OutDescEst: ' - taglio 45° e fori D13 alle estremità' 
    - ErrorMessage: ''
0220724:
    - bResult: 'False'
    - OutDescEst: ' - taglio 45° e fori D13 alle estremità' 
    - ErrorMessage: ''
0221506:
    - bResult: 'False'
    - OutDescEst: '' 
    - ErrorMessage: ''
0221507:
    - bResult: 'False'
    - OutDescEst: ' - taglio 45° e fori D13 alle estremità' 
    - ErrorMessage: ''
0221508:
    - bResult: 'False'
    - OutDescEst: ' - taglio 45° e fori D13 alle estremità' 
    - ErrorMessage: ''
0221511:
    - bResult: 'False'
    - OutDescEst: ' - taglio 45° e fori D13 alle estremità' 
    - ErrorMessage: ''
0221512:
    - bResult: 'False'
    - OutDescEst: ' - taglio 45° e fori D13 alle estremità' 
    - ErrorMessage: ''
0223067:
    - bResult: 'False'
    - OutDescEst: '' 
    - ErrorMessage: ''
0223068:
    - bResult: 'False'
    - OutDescEst: ' - taglio 45° e fori D13 alle estremità' 
    - ErrorMessage: ''
0223072:
    - bResult: 'False'
    - OutDescEst: ' - taglio 45° e fori D13 alle estremità' 
    - ErrorMessage: ''
0225166:
    - bResult: 'False'
    - OutDescEst: '' 
    - ErrorMessage: ''
0225167:
    - bResult: 'False'
    - OutDescEst: ' - taglio 45° e fori D13 alle estremità' 
    - ErrorMessage: ''
0225169:
    - bResult: 'False'
    - OutDescEst: ' - taglio 45° e fori D13 alle estremità' 
    - ErrorMessage: ''
0225170:
    - bResult: 'False'
    - OutDescEst: '' 
    - ErrorMessage: ''
0225171:
    - bResult: 'False'
    - OutDescEst: ' - taglio 45° e fori D13 alle estremità' 
    - ErrorMessage: ''
0225172:
    - bResult: 'False'
    - OutDescEst: ' - taglio 45° e fori D13 alle estremità' 
    - ErrorMessage: ''
0225173:
    - bResult: 'False'
    - OutDescEst: '' 
    - ErrorMessage: ''
0225174:
    - bResult: 'False'
    - OutDescEst: ' - taglio 45° e fori D13 alle estremità' 
    - ErrorMessage: ''
0225175:
    - bResult: 'False'
    - OutDescEst: ' - taglio 45° e fori D13 alle estremità' 
    - ErrorMessage: ''
0225414:
    - bResult: 'False'
    - OutDescEst: ' - taglio 45° e fori D13 alle estremità' 
    - ErrorMessage: ''
0225662:
    - bResult: 'False'
    - OutDescEst: ' - taglio 45° e fori D13 alle estremità' 
    - ErrorMessage: ''
0228313:
    - bResult: 'False'
    - OutDescEst: '' 
    - ErrorMessage: ''
0231619:
    - bResult: 'False'
    - OutDescEst: '' 
    - ErrorMessage: ''
0231620:
    - bResult: 'False'
    - OutDescEst: ' - taglio 45° e fori D13 alle estremità' 
    - ErrorMessage: ''
0231621:
    - bResult: 'False'
    - OutDescEst: ' - taglio 45° e fori D13 alle estremità' 
    - ErrorMessage: ''
0234984:
    - bResult: 'False'
    - OutDescEst: ' - taglio 45° e fori D13 alle estremità' 
    - ErrorMessage: ''
0234985:
    - bResult: 'False'
    - OutDescEst: '' 
    - ErrorMessage: ''
0234986:
    - bResult: 'False'
    - OutDescEst: ' - taglio 45° e fori D13 alle estremità' 
    - ErrorMessage: ''
0235718:
    - bResult: 'False'
    - OutDescEst: '' 
    - ErrorMessage: ''
0235719:
    - bResult: 'False'
    - OutDescEst: '' 
    - ErrorMessage: ''
0235720:
    - bResult: 'False'
    - OutDescEst: ' - taglio 45° e fori D13 alle estremità' 
    - ErrorMessage: ''
0235721:
    - bResult: 'False'
    - OutDescEst: '' 
    - ErrorMessage: ''
0235722:
    - bResult: 'False'
    - OutDescEst: ' - taglio 45° e fori D13 alle estremità' 
    - ErrorMessage: ''
0235726:
    - bResult: 'False'
    - OutDescEst: ' - taglio 45° e fori D13 alle estremità' 
    - ErrorMessage: ''
0235727:
    - bResult: 'False'
    - OutDescEst: ' - taglio 45° e fori D13 alle estremità' 
    - ErrorMessage: ''
0242233:
    - bResult: 'False'
    - OutDescEst: '' 
    - ErrorMessage: ''
0242234:
    - bResult: 'False'
    - OutDescEst: ' - taglio 45° e fori D13 alle estremità' 
    - ErrorMessage: ''
0242235:
    - bResult: 'False'
    - OutDescEst: ' - taglio 45° e fori D13 alle estremità' 
    - ErrorMessage: ''
0243132:
    - bResult: 'False'
    - OutDescEst: '' 
    - ErrorMessage: ''
0243133:
    - bResult: 'False'
    - OutDescEst: ' - taglio 45° e fori D13 alle estremità' 
    - ErrorMessage: ''
0243134:
    - bResult: 'False'
    - OutDescEst: ' - taglio 45° e fori D13 alle estremità' 
    - ErrorMessage: ''
0243135:
    - bResult: 'False'
    - OutDescEst: '' 
    - ErrorMessage: ''
0243137:
    - bResult: 'False'
    - OutDescEst: ' - taglio 45° e fori D13 alle estremità' 
    - ErrorMessage: ''
0243138:
    - bResult: 'False'
    - OutDescEst: ' - taglio 45° e fori D13 alle estremità' 
    - ErrorMessage: ''
0243139:
    - bResult: 'False'
    - OutDescEst: '' 
    - ErrorMessage: ''
0243140:
    - bResult: 'False'
    - OutDescEst: ' - taglio 45° e fori D13 alle estremità' 
    - ErrorMessage: ''
0243141:
    - bResult: 'False'
    - OutDescEst: ' - taglio 45° e fori D13 alle estremità' 
    - ErrorMessage: ''
0244399:
    - bResult: 'False'
    - OutDescEst: '' 
    - ErrorMessage: ''
0244402:
    - bResult: 'False'
    - OutDescEst: ' - taglio 45° e fori D13 alle estremità' 
    - ErrorMessage: ''
0244403:
    - bResult: 'False'
    - OutDescEst: ' - taglio 45° e fori D13 alle estremità' 
    - ErrorMessage: ''
0244977:
    - bResult: 'False'
    - OutDescEst: '' 
    - ErrorMessage: ''
0244978:
    - bResult: 'False'
    - OutDescEst: ' - taglio 45° e fori D13 alle estremità' 
    - ErrorMessage: ''
0244979:
    - bResult: 'False'
    - OutDescEst: ' - taglio 45° e fori D13 alle estremità' 
    - ErrorMessage: ''
0244980:
    - bResult: 'False'
    - OutDescEst: '' 
    - ErrorMessage: ''
0244981:
    - bResult: 'False'
    - OutDescEst: ' - taglio 45° e fori D13 alle estremità' 
    - ErrorMessage: ''
0244982:
    - bResult: 'False'
    - OutDescEst: ' - taglio 45° e fori D13 alle estremità' 
    - ErrorMessage: ''
0245026:
    - bResult: 'False'
    - OutDescEst: '' 
    - ErrorMessage: ''
0245027:
    - bResult: 'False'
    - OutDescEst: ' - taglio 45° e fori D13 alle estremità' 
    - ErrorMessage: ''
0245028:
    - bResult: 'False'
    - OutDescEst: ' - taglio 45° e fori D13 alle estremità' 
    - ErrorMessage: ''
0245915:
    - bResult: 'False'
    - OutDescEst: ' - taglio 45° e fori D13 alle estremità' 
    - ErrorMessage: ''
0248573:
    - bResult: 'False'
    - OutDescEst: '' 
    - ErrorMessage: ''
0248574:
    - bResult: 'False'
    - OutDescEst: ' - taglio 45° e fori D13 alle estremità' 
    - ErrorMessage: ''
0248575:
    - bResult: 'False'
    - OutDescEst: ' - taglio 45° e fori D13 alle estremità' 
    - ErrorMessage: ''
0248576:
    - bResult: 'False'
    - OutDescEst: ' - taglio 45° e fori D13 alle estremità' 
    - ErrorMessage: ''
0248578:
    - bResult: 'False'
    - OutDescEst: '' 
    - ErrorMessage: ''
0248592:
    - bResult: 'False'
    - OutDescEst: ' - taglio 45° e fori D13 alle estremità' 
    - ErrorMessage: ''
0252596:
    - bResult: 'False'
    - OutDescEst: ' - taglio 45° e fori D13 alle estremità' 
    - ErrorMessage: ''
0259380:
    - bResult: 'False'
    - OutDescEst: ' - taglio 45° e fori D13 alle estremità' 
    - ErrorMessage: ''
0259381:
    - bResult: 'False'
    - OutDescEst: '' 
    - ErrorMessage: ''
0259382:
    - bResult: 'False'
    - OutDescEst: ' - taglio 45° e fori D13 alle estremità' 
    - ErrorMessage: ''
0259383:
    - bResult: 'False'
    - OutDescEst: '' 
    - ErrorMessage: ''
0259384:
    - bResult: 'False'
    - OutDescEst: ' - taglio 45° e fori D13 alle estremità' 
    - ErrorMessage: ''
0259385:
    - bResult: 'False'
    - OutDescEst: ' - taglio 45° e fori D13 alle estremità' 
    - ErrorMessage: ''
0262973:
    - bResult: 'False'
    - OutDescEst: ' - taglio 45° e fori D13 alle estremità' 
    - ErrorMessage: ''
0269333:
    - bResult: 'False'
    - OutDescEst: ' - taglio 45° e fori D13 alle estremità' 
    - ErrorMessage: ''
0272734:
    - bResult: 'False'
    - OutDescEst: '' 
    - ErrorMessage: ''
0272735:
    - bResult: 'False'
    - OutDescEst: ' - taglio 45° e fori D13 alle estremità' 
    - ErrorMessage: ''
0272736:
    - bResult: 'False'
    - OutDescEst: ' - taglio 45° e fori D13 alle estremità' 
    - ErrorMessage: ''
0272966:
    - bResult: 'False'
    - OutDescEst: '' 
    - ErrorMessage: ''
0272967:
    - bResult: 'False'
    - OutDescEst: ' - taglio 45° e fori D13 alle estremità' 
    - ErrorMessage: ''
0272968:
    - bResult: 'False'
    - OutDescEst: ' - taglio 45° e fori D13 alle estremità' 
    - ErrorMessage: ''
0272971:
    - bResult: 'False'
    - OutDescEst: '' 
    - ErrorMessage: ''
0272972:
    - bResult: 'False'
    - OutDescEst: ' - taglio 45° e fori D13 alle estremità' 
    - ErrorMessage: ''
0272973:
    - bResult: 'False'
    - OutDescEst: ' - taglio 45° e fori D13 alle estremità' 
    - ErrorMessage: ''
0272977:
    - bResult: 'False'
    - OutDescEst: '' 
    - ErrorMessage: ''
0272980:
    - bResult: 'False'
    - OutDescEst: ' - taglio 45° e fori D13 alle estremità' 
    - ErrorMessage: ''
0272981:
    - bResult: 'False'
    - OutDescEst: ' - taglio 45° e fori D13 alle estremità' 
    - ErrorMessage: ''
0273726:
    - bResult: 'False'
    - OutDescEst: ' - taglio 45° e fori D13 alle estremità' 
    - ErrorMessage: ''
0273843:
    - bResult: 'False'
    - OutDescEst: '' 
    - ErrorMessage: ''
0273844:
    - bResult: 'False'
    - OutDescEst: ' - taglio 45° e fori D13 alle estremità' 
    - ErrorMessage: ''
0273845:
    - bResult: 'False'
    - OutDescEst: ' - taglio 45° e fori D13 alle estremità' 
    - ErrorMessage: ''
0273918:
    - bResult: 'False'
    - OutDescEst: '' 
    - ErrorMessage: ''
0273919:
    - bResult: 'False'
    - OutDescEst: ' - taglio 45° e fori D13 alle estremità' 
    - ErrorMessage: ''
0273920:
    - bResult: 'False'
    - OutDescEst: ' - taglio 45° e fori D13 alle estremità' 
    - ErrorMessage: ''
0288698:
    - bResult: 'False'
    - OutDescEst: '' 
    - ErrorMessage: ''
0288699:
    - bResult: 'False'
    - OutDescEst: '' 
    - ErrorMessage: ''
0288700:
    - bResult: 'False'
    - OutDescEst: '' 
    - ErrorMessage: ''
0288701:
    - bResult: 'False'
    - OutDescEst: '' 
    - ErrorMessage: ''
1000101:
    - bResult: 'True'
    - OutDescEst: '' 
    - ErrorMessage: 'No properties for this Code: 1000101 []'
1000102:
    - bResult: 'True'
    - OutDescEst: '' 
    - ErrorMessage: 'No properties for this Code: 1000102 []'
1000350:
    - bResult: 'False'
    - OutDescEst: 'Conn.5 ganci norm. - Int. - Est.' 
    - ErrorMessage: ''
1000351:
    - bResult: 'False'
    - OutDescEst: 'Conn.5 ganci norm. - Int. - Est.' 
    - ErrorMessage: ''
1000352:
    - bResult: 'False'
    - OutDescEst: 'Conn.5 ganci norm. - Int. - Est.' 
    - ErrorMessage: ''
