0250806:
    - bResult: 'False'
    - OutDescEst: '' 
    - ErrorMessage: ''
0250794:
    - bResult: 'False'
    - OutDescEst: '' 
    - ErrorMessage: ''
0250793:
    - bResult: 'False'
    - OutDescEst: '' 
    - ErrorMessage: ''
0250792:
    - bResult: 'False'
    - OutDescEst: '' 
    - ErrorMessage: ''
0250791:
    - bResult: 'False'
    - OutDescEst: 'Conn.5 ganci F.S. - Int. - Est.' 
    - ErrorMessage: ''
0250790:
    - bResult: 'False'
    - OutDescEst: 'Conn.5 ganci F.S. - Int. - Est.' 
    - ErrorMessage: ''
0250789:
    - bResult: 'False'
    - OutDescEst: 'Conn.5 ganci F.S. - Int. - Est.' 
    - ErrorMessage: ''
0250788:
    - bResult: 'False'
    - OutDescEst: 'Conn.5 ganci F.S. - Int. - Est.' 
    - ErrorMessage: ''
0250768:
    - bResult: 'False'
    - OutDescEst: 'Conn.F ganci F.S.aletta tagliata - Int. - Est.' 
    - ErrorMessage: ''
0250767:
    - bResult: 'False'
    - OutDescEst: 'Conn.F ganci F.S.aletta tagliata - Int. - Est.' 
    - ErrorMessage: ''
0250766:
    - bResult: 'False'
    - OutDescEst: '' 
    - ErrorMessage: ''
0250765:
    - bResult: 'False'
    - OutDescEst: 'Conn.F ganci F.S.aletta tagliata - Int. - Est.' 
    - ErrorMessage: ''
0250764:
    - bResult: 'False'
    - OutDescEst: 'Conn.5 ganci F.S. - Int. - Est.' 
    - ErrorMessage: ''
0250763:
    - bResult: 'False'
    - OutDescEst: '  H Calp.=2066' 
    - ErrorMessage: ''
0250762:
    - bResult: 'False'
    - OutDescEst: '  H Calp.=1130' 
    - ErrorMessage: ''
0250761:
    - bResult: 'False'
    - OutDescEst: '  H Calp.=2066' 
    - ErrorMessage: ''
0250760:
    - bResult: 'False'
    - OutDescEst: '  H Calp.=2066' 
    - ErrorMessage: ''
0250759:
    - bResult: 'False'
    - OutDescEst: '' 
    - ErrorMessage: ''
0250758:
    - bResult: 'False'
    - OutDescEst: '' 
    - ErrorMessage: ''
0250755:
    - bResult: 'False'
    - OutDescEst: 'Conn.5 ganci F.S. - Int. - Est.' 
    - ErrorMessage: ''
0250754:
    - bResult: 'False'
    - OutDescEst: 'Conn.3 ganci norm. - Int. - Est.' 
    - ErrorMessage: ''
0250753:
    - bResult: 'False'
    - OutDescEst: 'Conn.3 ganci norm. - Int. - Est.' 
    - ErrorMessage: ''
0250752:
    - bResult: 'False'
    - OutDescEst: 'Conn.F ganci F.S.stretto - Int. - Est.' 
    - ErrorMessage: ''
0250751:
    - bResult: 'False'
    - OutDescEst: 'Conn.F ganci F.S.stretto - Int. - Est.' 
    - ErrorMessage: ''
0250750:
    - bResult: 'False'
    - OutDescEst: 'Conn.5 ganci F.S. - Int. - Est.' 
    - ErrorMessage: ''
0250749:
    - bResult: 'False'
    - OutDescEst: 'Conn.5 ganci F.S. - Int. - Est.' 
    - ErrorMessage: ''
0250748:
    - bResult: 'False'
    - OutDescEst: 'Conn.5 ganci F.S. - Int. - Est.' 
    - ErrorMessage: ''
0250747:
    - bResult: 'False'
    - OutDescEst: 'Conn.5 ganci F.S. - Int. - Est.' 
    - ErrorMessage: ''
0250746:
    - bResult: 'False'
    - OutDescEst: 'Conn.5 ganci F.S. - Int. - Est.' 
    - ErrorMessage: ''
0250745:
    - bResult: 'False'
    - OutDescEst: 'Conn.5 ganci F.S. - Int. - Est.' 
    - ErrorMessage: ''
0250744:
    - bResult: 'False'
    - OutDescEst: 'Conn.5 ganci F.S. - Int. - Est.' 
    - ErrorMessage: ''
0250743:
    - bResult: 'False'
    - OutDescEst: 'Conn.5 ganci F.S. - Int. - Est.' 
    - ErrorMessage: ''
0250742:
    - bResult: 'False'
    - OutDescEst: 'Conn.F ganci F.S.aletta tagliata - Int. - Est.' 
    - ErrorMessage: ''
0250741:
    - bResult: 'False'
    - OutDescEst: 'Conn.F ganci F.S.aletta tagliata - Int. - Est.' 
    - ErrorMessage: ''
0250740:
    - bResult: 'False'
    - OutDescEst: 'Conn.5 ganci F.S. - Int. - Est.' 
    - ErrorMessage: ''
0250739:
    - bResult: 'False'
    - OutDescEst: 'Conn.5 ganci F.S. - Int. - Est.' 
    - ErrorMessage: ''
0250730:
    - bResult: 'False'
    - OutDescEst: '' 
    - ErrorMessage: ''
0250729:
    - bResult: 'False'
    - OutDescEst: '' 
    - ErrorMessage: ''
0250728:
    - bResult: 'False'
    - OutDescEst: '' 
    - ErrorMessage: ''
0250727:
    - bResult: 'False'
    - OutDescEst: '' 
    - ErrorMessage: ''
0250717:
    - bResult: 'False'
    - OutDescEst: '' 
    - ErrorMessage: ''
0250713:
    - bResult: 'False'
    - OutDescEst: '' 
    - ErrorMessage: ''
0250712:
    - bResult: 'False'
    - OutDescEst: '' 
    - ErrorMessage: ''
0250708:
    - bResult: 'False'
    - OutDescEst: '' 
    - ErrorMessage: ''
0250707:
    - bResult: 'False'
    - OutDescEst: '' 
    - ErrorMessage: ''
0250706:
    - bResult: 'False'
    - OutDescEst: '' 
    - ErrorMessage: ''
0250705:
    - bResult: 'False'
    - OutDescEst: '' 
    - ErrorMessage: ''
0250704:
    - bResult: 'False'
    - OutDescEst: '' 
    - ErrorMessage: ''
0250703:
    - bResult: 'False'
    - OutDescEst: '' 
    - ErrorMessage: ''
0250702:
    - bResult: 'False'
    - OutDescEst: '' 
    - ErrorMessage: ''
0250701:
    - bResult: 'False'
    - OutDescEst: '' 
    - ErrorMessage: ''
0250700:
    - bResult: 'False'
    - OutDescEst: '' 
    - ErrorMessage: ''
0250699:
    - bResult: 'False'
    - OutDescEst: '' 
    - ErrorMessage: ''
0250698:
    - bResult: 'False'
    - OutDescEst: '' 
    - ErrorMessage: ''
0250695:
    - bResult: 'False'
    - OutDescEst: '' 
    - ErrorMessage: ''
0250694:
    - bResult: 'False'
    - OutDescEst: '' 
    - ErrorMessage: ''
0250693:
    - bResult: 'False'
    - OutDescEst: '' 
    - ErrorMessage: ''
0250692:
    - bResult: 'False'
    - OutDescEst: '' 
    - ErrorMessage: ''
0250686:
    - bResult: 'False'
    - OutDescEst: 'Conn.5 ganci F.S. - Int. - Est.' 
    - ErrorMessage: ''
0250685:
    - bResult: 'False'
    - OutDescEst: 'Conn.5 ganci F.S. - Int. - Est.' 
    - ErrorMessage: ''
0250684:
    - bResult: 'False'
    - OutDescEst: '' 
    - ErrorMessage: ''
0250683:
    - bResult: 'False'
    - OutDescEst: '' 
    - ErrorMessage: ''
0250682:
    - bResult: 'False'
    - OutDescEst: '' 
    - ErrorMessage: ''
0250681:
    - bResult: 'False'
    - OutDescEst: '' 
    - ErrorMessage: ''
0250680:
    - bResult: 'False'
    - OutDescEst: '' 
    - ErrorMessage: ''
0250679:
    - bResult: 'False'
    - OutDescEst: '' 
    - ErrorMessage: ''
0250678:
    - bResult: 'False'
    - OutDescEst: 'Conn.5 ganci F.S. - Int. - Est.' 
    - ErrorMessage: ''
0250677:
    - bResult: 'False'
    - OutDescEst: 'Conn.5 ganci F.S. - Int. - Est.' 
    - ErrorMessage: ''
0250676:
    - bResult: 'False'
    - OutDescEst: 'Conn.5 ganci norm. - Int. - Est.' 
    - ErrorMessage: ''
0250675:
    - bResult: 'False'
    - OutDescEst: 'Conn.5 ganci norm. - Int. - Est.' 
    - ErrorMessage: ''
0250674:
    - bResult: 'False'
    - OutDescEst: 'Conn.5 ganci F.S. - Int. - Est.' 
    - ErrorMessage: ''
0250673:
    - bResult: 'False'
    - OutDescEst: 'Conn.5 ganci F.S. - Int. - Est.' 
    - ErrorMessage: ''
0250672:
    - bResult: 'False'
    - OutDescEst: 'Conn.5 ganci F.S. - Int. - Est.' 
    - ErrorMessage: ''
0250667:
    - bResult: 'False'
    - OutDescEst: '' 
    - ErrorMessage: ''
0250666:
    - bResult: 'False'
    - OutDescEst: '' 
    - ErrorMessage: ''
0250665:
    - bResult: 'False'
    - OutDescEst: '' 
    - ErrorMessage: ''
0250664:
    - bResult: 'False'
    - OutDescEst: '' 
    - ErrorMessage: ''
0250659:
    - bResult: 'False'
    - OutDescEst: '' 
    - ErrorMessage: ''
0250653:
    - bResult: 'False'
    - OutDescEst: '' 
    - ErrorMessage: ''
0250652:
    - bResult: 'False'
    - OutDescEst: '' 
    - ErrorMessage: ''
0250651:
    - bResult: 'False'
    - OutDescEst: '' 
    - ErrorMessage: ''
0250650:
    - bResult: 'False'
    - OutDescEst: '' 
    - ErrorMessage: ''
0250649:
    - bResult: 'False'
    - OutDescEst: '' 
    - ErrorMessage: ''
0250648:
    - bResult: 'False'
    - OutDescEst: '' 
    - ErrorMessage: ''
0250647:
    - bResult: 'False'
    - OutDescEst: '' 
    - ErrorMessage: ''
0250646:
    - bResult: 'False'
    - OutDescEst: '' 
    - ErrorMessage: ''
0250644:
    - bResult: 'False'
    - OutDescEst: ' - Int. - Est.' 
    - ErrorMessage: ''
0250643:
    - bResult: 'False'
    - OutDescEst: '' 
    - ErrorMessage: ''
0250642:
    - bResult: 'False'
    - OutDescEst: '' 
    - ErrorMessage: ''
0250641:
    - bResult: 'False'
    - OutDescEst: '' 
    - ErrorMessage: ''
0250591:
    - bResult: 'False'
    - OutDescEst: '' 
    - ErrorMessage: ''
0250590:
    - bResult: 'False'
    - OutDescEst: '' 
    - ErrorMessage: ''
0250589:
    - bResult: 'False'
    - OutDescEst: '' 
    - ErrorMessage: ''
0250588:
    - bResult: 'False'
    - OutDescEst: '' 
    - ErrorMessage: ''
0250553:
    - bResult: 'False'
    - OutDescEst: '' 
    - ErrorMessage: ''
0250552:
    - bResult: 'False'
    - OutDescEst: 'Conn.5 ganci norm. - Int. - Est.' 
    - ErrorMessage: ''
0250551:
    - bResult: 'False'
    - OutDescEst: 'Conn.5 ganci norm. - Int. - Est.' 
    - ErrorMessage: ''
0250545:
    - bResult: 'False'
    - OutDescEst: ' Tagliare sotto 36 mm ' 
    - ErrorMessage: ''
0250544:
    - bResult: 'False'
    - OutDescEst: 'Tubo sp. 1.5mm - conn. 3 ganci  norm. (X=70 - saldat. incl.30° su connett.(MBP.0113' 
    - ErrorMessage: ''
0250535:
    - bResult: 'False'
    - OutDescEst: '' 
    - ErrorMessage: ''
0250532:
    - bResult: 'False'
    - OutDescEst: '' 
    - ErrorMessage: ''
0250531:
    - bResult: 'False'
    - OutDescEst: '' 
    - ErrorMessage: ''
0250530:
    - bResult: 'False'
    - OutDescEst: '' 
    - ErrorMessage: ''
0250529:
    - bResult: 'False'
    - OutDescEst: '' 
    - ErrorMessage: ''
0250528:
    - bResult: 'False'
    - OutDescEst: '' 
    - ErrorMessage: ''
0250527:
    - bResult: 'False'
    - OutDescEst: '' 
    - ErrorMessage: ''
0250526:
    - bResult: 'False'
    - OutDescEst: '' 
    - ErrorMessage: ''
0250511:
    - bResult: 'False'
    - OutDescEst: '' 
    - ErrorMessage: ''
0250510:
    - bResult: 'False'
    - OutDescEst: '  H Calp.=3054' 
    - ErrorMessage: ''
0250509:
    - bResult: 'False'
    - OutDescEst: '' 
    - ErrorMessage: ''
0250508:
    - bResult: 'False'
    - OutDescEst: '' 
    - ErrorMessage: ''
0250507:
    - bResult: 'False'
    - OutDescEst: '' 
    - ErrorMessage: ''
0250506:
    - bResult: 'False'
    - OutDescEst: '' 
    - ErrorMessage: ''
0250505:
    - bResult: 'False'
    - OutDescEst: '' 
    - ErrorMessage: ''
0250504:
    - bResult: 'False'
    - OutDescEst: '' 
    - ErrorMessage: ''
0250503:
    - bResult: 'False'
    - OutDescEst: '' 
    - ErrorMessage: ''
0250502:
    - bResult: 'False'
    - OutDescEst: '' 
    - ErrorMessage: ''
0250501:
    - bResult: 'False'
    - OutDescEst: '' 
    - ErrorMessage: ''
0250500:
    - bResult: 'False'
    - OutDescEst: '' 
    - ErrorMessage: ''
0250499:
    - bResult: 'False'
    - OutDescEst: '' 
    - ErrorMessage: ''
0250498:
    - bResult: 'False'
    - OutDescEst: 'Conn.5 ganci norm. - Int. - Est.' 
    - ErrorMessage: ''
0250497:
    - bResult: 'False'
    - OutDescEst: 'Conn.5 ganci norm. - Int. - Est.' 
    - ErrorMessage: ''
0250496:
    - bResult: 'False'
    - OutDescEst: 'Conn.5 ganci norm. - Int. - Est.' 
    - ErrorMessage: ''
0250495:
    - bResult: 'False'
    - OutDescEst: 'Conn.5 ganci norm. - Int. - Est.' 
    - ErrorMessage: ''
0250494:
    - bResult: 'False'
    - OutDescEst: 'Conn.5 ganci norm. - Int. - Est.' 
    - ErrorMessage: ''
0250493:
    - bResult: 'False'
    - OutDescEst: 'Conn.5 ganci norm. - Int. - Est.' 
    - ErrorMessage: ''
0250492:
    - bResult: 'False'
    - OutDescEst: 'Conn.5 ganci norm. - Int. - Est.' 
    - ErrorMessage: ''
0250491:
    - bResult: 'False'
    - OutDescEst: 'Conn.3 ganci norm. - Int. - Est.' 
    - ErrorMessage: ''
0250488:
    - bResult: 'False'
    - OutDescEst: 'Conn.F ganci F.S.stretto - Int. - Est.' 
    - ErrorMessage: ''
0250487:
    - bResult: 'False'
    - OutDescEst: 'Conn.F ganci F.S.stretto - Int. - Est.' 
    - ErrorMessage: ''
0250486:
    - bResult: 'False'
    - OutDescEst: 'Conn.F ganci F.S.stretto - Int. - Est.' 
    - ErrorMessage: ''
0250485:
    - bResult: 'False'
    - OutDescEst: 'Conn.F ganci F.S.stretto - Int. - Est.' 
    - ErrorMessage: ''
0250484:
    - bResult: 'False'
    - OutDescEst: 'Conn.F ganci F.S.stretto - Int. - Est.' 
    - ErrorMessage: ''
0250483:
    - bResult: 'False'
    - OutDescEst: 'Conn.F ganci F.S.stretto - Int. - Est.' 
    - ErrorMessage: ''
0250476:
    - bResult: 'False'
    - OutDescEst: '' 
    - ErrorMessage: ''
0250475:
    - bResult: 'False'
    - OutDescEst: '' 
    - ErrorMessage: ''
0250474:
    - bResult: 'False'
    - OutDescEst: '' 
    - ErrorMessage: ''
0250473:
    - bResult: 'False'
    - OutDescEst: '' 
    - ErrorMessage: ''
0250466:
    - bResult: 'False'
    - OutDescEst: '' 
    - ErrorMessage: ''
0250462:
    - bResult: 'False'
    - OutDescEst: '' 
    - ErrorMessage: ''
0250461:
    - bResult: 'False'
    - OutDescEst: '' 
    - ErrorMessage: ''
0250460:
    - bResult: 'False'
    - OutDescEst: '' 
    - ErrorMessage: ''
0250453:
    - bResult: 'False'
    - OutDescEst: 'Conn.5 ganci F.S. - Int. - Est.' 
    - ErrorMessage: ''
0250452:
    - bResult: 'False'
    - OutDescEst: 'Conn.5 ganci F.S. - Int. - Est.' 
    - ErrorMessage: ''
0250416:
    - bResult: 'False'
    - OutDescEst: 'Conn.5 ganci norm. - Int. - Est.' 
    - ErrorMessage: ''
0250415:
    - bResult: 'False'
    - OutDescEst: 'Conn.5 ganci F.S. - Int. - Est.' 
    - ErrorMessage: ''
0250413:
    - bResult: 'False'
    - OutDescEst: 'Conn.5 ganci norm. - Int. - Est.' 
    - ErrorMessage: ''
0250412:
    - bResult: 'False'
    - OutDescEst: 'Conn.5 ganci norm. - Int. - Est.' 
    - ErrorMessage: ''
0250411:
    - bResult: 'False'
    - OutDescEst: 'Conn.5 ganci norm. - Int. - Est.' 
    - ErrorMessage: ''
0250410:
    - bResult: 'False'
    - OutDescEst: '' 
    - ErrorMessage: ''
0250409:
    - bResult: 'False'
    - OutDescEst: '' 
    - ErrorMessage: ''
0250408:
    - bResult: 'False'
    - OutDescEst: '' 
    - ErrorMessage: ''
0250407:
    - bResult: 'False'
    - OutDescEst: '' 
    - ErrorMessage: ''
0250406:
    - bResult: 'False'
    - OutDescEst: '' 
    - ErrorMessage: ''
0250405:
    - bResult: 'False'
    - OutDescEst: '' 
    - ErrorMessage: ''
0250376:
    - bResult: 'False'
    - OutDescEst: '' 
    - ErrorMessage: ''
0250375:
    - bResult: 'False'
    - OutDescEst: '' 
    - ErrorMessage: ''
0250373:
    - bResult: 'False'
    - OutDescEst: '' 
    - ErrorMessage: ''
0250365:
    - bResult: 'False'
    - OutDescEst: '' 
    - ErrorMessage: ''
0250364:
    - bResult: 'False'
    - OutDescEst: '' 
    - ErrorMessage: ''
0250363:
    - bResult: 'False'
    - OutDescEst: '' 
    - ErrorMessage: ''
0250362:
    - bResult: 'False'
    - OutDescEst: '' 
    - ErrorMessage: ''
0250361:
    - bResult: 'False'
    - OutDescEst: '' 
    - ErrorMessage: ''
0250360:
    - bResult: 'False'
    - OutDescEst: '' 
    - ErrorMessage: ''
0250359:
    - bResult: 'False'
    - OutDescEst: '' 
    - ErrorMessage: ''
0250358:
    - bResult: 'False'
    - OutDescEst: '' 
    - ErrorMessage: ''
0250334:
    - bResult: 'False'
    - OutDescEst: 'Conn.5 ganci norm. - Int. - Est.' 
    - ErrorMessage: ''
0250332:
    - bResult: 'False'
    - OutDescEst: '' 
    - ErrorMessage: ''
0250331:
    - bResult: 'False'
    - OutDescEst: '' 
    - ErrorMessage: ''
0250330:
    - bResult: 'False'
    - OutDescEst: '' 
    - ErrorMessage: ''
0250329:
    - bResult: 'False'
    - OutDescEst: '' 
    - ErrorMessage: ''
0250328:
    - bResult: 'False'
    - OutDescEst: '' 
    - ErrorMessage: ''
0250319:
    - bResult: 'False'
    - OutDescEst: '' 
    - ErrorMessage: ''
0250272:
    - bResult: 'False'
    - OutDescEst: '' 
    - ErrorMessage: ''
0250271:
    - bResult: 'False'
    - OutDescEst: '' 
    - ErrorMessage: ''
0250270:
    - bResult: 'False'
    - OutDescEst: '' 
    - ErrorMessage: ''
0250269:
    - bResult: 'False'
    - OutDescEst: '' 
    - ErrorMessage: ''
0250268:
    - bResult: 'False'
    - OutDescEst: '' 
    - ErrorMessage: ''
0250267:
    - bResult: 'False'
    - OutDescEst: '' 
    - ErrorMessage: ''
0250266:
    - bResult: 'False'
    - OutDescEst: '' 
    - ErrorMessage: ''
0250265:
    - bResult: 'False'
    - OutDescEst: '' 
    - ErrorMessage: ''
0250255:
    - bResult: 'False'
    - OutDescEst: '' 
    - ErrorMessage: ''
0250209:
    - bResult: 'False'
    - OutDescEst: '' 
    - ErrorMessage: ''
0250208:
    - bResult: 'False'
    - OutDescEst: '' 
    - ErrorMessage: ''
0250207:
    - bResult: 'False'
    - OutDescEst: '' 
    - ErrorMessage: ''
0250206:
    - bResult: 'False'
    - OutDescEst: '' 
    - ErrorMessage: ''
0250197:
    - bResult: 'False'
    - OutDescEst: '' 
    - ErrorMessage: ''
0250190:
    - bResult: 'False'
    - OutDescEst: '' 
    - ErrorMessage: ''
0250189:
    - bResult: 'False'
    - OutDescEst: '' 
    - ErrorMessage: ''
0250173:
    - bResult: 'False'
    - OutDescEst: '' 
    - ErrorMessage: ''
0250171:
    - bResult: 'False'
    - OutDescEst: '' 
    - ErrorMessage: ''
0250170:
    - bResult: 'False'
    - OutDescEst: '' 
    - ErrorMessage: ''
0250169:
    - bResult: 'False'
    - OutDescEst: '' 
    - ErrorMessage: ''
0250168:
    - bResult: 'False'
    - OutDescEst: '' 
    - ErrorMessage: ''
0250166:
    - bResult: 'False'
    - OutDescEst: '' 
    - ErrorMessage: ''
0250165:
    - bResult: 'False'
    - OutDescEst: 'Conn.5 ganci norm. - Int. - Est.' 
    - ErrorMessage: ''
0250164:
    - bResult: 'False'
    - OutDescEst: '' 
    - ErrorMessage: ''
0250157:
    - bResult: 'False'
    - OutDescEst: '' 
    - ErrorMessage: ''
0250155:
    - bResult: 'False'
    - OutDescEst: '' 
    - ErrorMessage: ''
0250131:
    - bResult: 'False'
    - OutDescEst: '' 
    - ErrorMessage: ''
0250130:
    - bResult: 'False'
    - OutDescEst: '' 
    - ErrorMessage: ''
0250128:
    - bResult: 'False'
    - OutDescEst: '' 
    - ErrorMessage: ''
0250127:
    - bResult: 'False'
    - OutDescEst: '' 
    - ErrorMessage: ''
0250124:
    - bResult: 'False'
    - OutDescEst: '' 
    - ErrorMessage: ''
0250123:
    - bResult: 'False'
    - OutDescEst: '' 
    - ErrorMessage: ''
0250111:
    - bResult: 'False'
    - OutDescEst: '' 
    - ErrorMessage: ''
0250110:
    - bResult: 'False'
    - OutDescEst: '' 
    - ErrorMessage: ''
0250109:
    - bResult: 'False'
    - OutDescEst: '' 
    - ErrorMessage: ''
0250108:
    - bResult: 'False'
    - OutDescEst: '' 
    - ErrorMessage: ''
0250107:
    - bResult: 'False'
    - OutDescEst: '' 
    - ErrorMessage: ''
0250106:
    - bResult: 'False'
    - OutDescEst: '' 
    - ErrorMessage: ''
0250104:
    - bResult: 'False'
    - OutDescEst: '' 
    - ErrorMessage: ''
0250097:
    - bResult: 'False'
    - OutDescEst: 'Conn.5 ganci norm. - Int. - Est.' 
    - ErrorMessage: ''
0250096:
    - bResult: 'False'
    - OutDescEst: '' 
    - ErrorMessage: ''
0250095:
    - bResult: 'False'
    - OutDescEst: '' 
    - ErrorMessage: ''
0250094:
    - bResult: 'False'
    - OutDescEst: '' 
    - ErrorMessage: ''
0250093:
    - bResult: 'False'
    - OutDescEst: '' 
    - ErrorMessage: ''
0250087:
    - bResult: 'False'
    - OutDescEst: '' 
    - ErrorMessage: ''
0250086:
    - bResult: 'False'
    - OutDescEst: '' 
    - ErrorMessage: ''
0250085:
    - bResult: 'False'
    - OutDescEst: 'Conn.5 ganci norm. - Int. - Est.' 
    - ErrorMessage: ''
0250084:
    - bResult: 'False'
    - OutDescEst: 'Conn.5 ganci norm. - Int. - Est.' 
    - ErrorMessage: ''
0250082:
    - bResult: 'False'
    - OutDescEst: '' 
    - ErrorMessage: ''
0250081:
    - bResult: 'False'
    - OutDescEst: '' 
    - ErrorMessage: ''
0250080:
    - bResult: 'False'
    - OutDescEst: '' 
    - ErrorMessage: ''
0250079:
    - bResult: 'False'
    - OutDescEst: '' 
    - ErrorMessage: ''
0250078:
    - bResult: 'False'
    - OutDescEst: '' 
    - ErrorMessage: ''
0250060:
    - bResult: 'False'
    - OutDescEst: 'Conn.5 ganci stretto - Int. - Est.' 
    - ErrorMessage: ''
0250059:
    - bResult: 'False'
    - OutDescEst: 'Conn.5 ganci stretto - Int. - Est.' 
    - ErrorMessage: ''
0250054:
    - bResult: 'False'
    - OutDescEst: '' 
    - ErrorMessage: ''
0250051:
    - bResult: 'False'
    - OutDescEst: '' 
    - ErrorMessage: ''
0250049:
    - bResult: 'False'
    - OutDescEst: '' 
    - ErrorMessage: ''
0250045:
    - bResult: 'False'
    - OutDescEst: '' 
    - ErrorMessage: ''
0250044:
    - bResult: 'False'
    - OutDescEst: '' 
    - ErrorMessage: ''
0250043:
    - bResult: 'False'
    - OutDescEst: '' 
    - ErrorMessage: ''
0250042:
    - bResult: 'False'
    - OutDescEst: '' 
    - ErrorMessage: ''
0250041:
    - bResult: 'False'
    - OutDescEst: '' 
    - ErrorMessage: ''
0250040:
    - bResult: 'False'
    - OutDescEst: '' 
    - ErrorMessage: ''
0250039:
    - bResult: 'False'
    - OutDescEst: '' 
    - ErrorMessage: ''
0250036:
    - bResult: 'False'
    - OutDescEst: '' 
    - ErrorMessage: ''
0249969:
    - bResult: 'False'
    - OutDescEst: '' 
    - ErrorMessage: ''
0249968:
    - bResult: 'False'
    - OutDescEst: '' 
    - ErrorMessage: ''
0249967:
    - bResult: 'False'
    - OutDescEst: '' 
    - ErrorMessage: ''
0249954:
    - bResult: 'False'
    - OutDescEst: '' 
    - ErrorMessage: ''
0249953:
    - bResult: 'False'
    - OutDescEst: '' 
    - ErrorMessage: ''
0249952:
    - bResult: 'False'
    - OutDescEst: '' 
    - ErrorMessage: ''
0249951:
    - bResult: 'False'
    - OutDescEst: '' 
    - ErrorMessage: ''
0249947:
    - bResult: 'False'
    - OutDescEst: '' 
    - ErrorMessage: ''
0249943:
    - bResult: 'False'
    - OutDescEst: '' 
    - ErrorMessage: ''
0249910:
    - bResult: 'False'
    - OutDescEst: '' 
    - ErrorMessage: ''
0249909:
    - bResult: 'False'
    - OutDescEst: '' 
    - ErrorMessage: ''
0249908:
    - bResult: 'False'
    - OutDescEst: '' 
    - ErrorMessage: ''
0249907:
    - bResult: 'False'
    - OutDescEst: '' 
    - ErrorMessage: ''
0249906:
    - bResult: 'False'
    - OutDescEst: '' 
    - ErrorMessage: ''
0249905:
    - bResult: 'False'
    - OutDescEst: 'Conn.5 ganci F.S. - Int. - Est.' 
    - ErrorMessage: ''
0249904:
    - bResult: 'False'
    - OutDescEst: 'Conn.5 ganci F.S. - Int. - Est.' 
    - ErrorMessage: ''
0249903:
    - bResult: 'False'
    - OutDescEst: '' 
    - ErrorMessage: ''
0249902:
    - bResult: 'False'
    - OutDescEst: 'Conn.5 ganci norm. - Int. - Est.' 
    - ErrorMessage: ''
0249901:
    - bResult: 'False'
    - OutDescEst: 'Conn.5 ganci norm. - Int. - Est.' 
    - ErrorMessage: ''
0249894:
    - bResult: 'False'
    - OutDescEst: '' 
    - ErrorMessage: ''
0249893:
    - bResult: 'False'
    - OutDescEst: '' 
    - ErrorMessage: ''
0249892:
    - bResult: 'False'
    - OutDescEst: '' 
    - ErrorMessage: ''
0249891:
    - bResult: 'False'
    - OutDescEst: '' 
    - ErrorMessage: ''
0249879:
    - bResult: 'False'
    - OutDescEst: '' 
    - ErrorMessage: ''
0249868:
    - bResult: 'False'
    - OutDescEst: '' 
    - ErrorMessage: ''
0249867:
    - bResult: 'False'
    - OutDescEst: '' 
    - ErrorMessage: ''
0249857:
    - bResult: 'False'
    - OutDescEst: 'Conn.5 ganci norm. - Int. - Est.' 
    - ErrorMessage: ''
0249856:
    - bResult: 'False'
    - OutDescEst: 'Conn.5 ganci norm. - Int. - Est.' 
    - ErrorMessage: ''
0249855:
    - bResult: 'False'
    - OutDescEst: 'Conn.5 ganci norm. - Int. - Est.' 
    - ErrorMessage: ''
0249854:
    - bResult: 'False'
    - OutDescEst: 'Conn.5 ganci norm. - Int. - Est.' 
    - ErrorMessage: ''
0249847:
    - bResult: 'False'
    - OutDescEst: '' 
    - ErrorMessage: ''
0249825:
    - bResult: 'False'
    - OutDescEst: 'Conn.5 ganci norm. - Int. - Est.' 
    - ErrorMessage: ''
0249824:
    - bResult: 'False'
    - OutDescEst: '' 
    - ErrorMessage: ''
0249823:
    - bResult: 'False'
    - OutDescEst: '' 
    - ErrorMessage: ''
0249813:
    - bResult: 'False'
    - OutDescEst: '' 
    - ErrorMessage: ''
0249812:
    - bResult: 'False'
    - OutDescEst: '' 
    - ErrorMessage: ''
0249811:
    - bResult: 'False'
    - OutDescEst: '' 
    - ErrorMessage: ''
0249802:
    - bResult: 'False'
    - OutDescEst: 'Conn.5 ganci norm. - Int. - Est.' 
    - ErrorMessage: ''
0249801:
    - bResult: 'False'
    - OutDescEst: 'Conn.5 ganci norm. - Int. - Est.' 
    - ErrorMessage: ''
0249781:
    - bResult: 'False'
    - OutDescEst: '' 
    - ErrorMessage: ''
0249780:
    - bResult: 'False'
    - OutDescEst: '' 
    - ErrorMessage: ''
0249779:
    - bResult: 'False'
    - OutDescEst: '' 
    - ErrorMessage: ''
0249764:
    - bResult: 'False'
    - OutDescEst: 'Conn.5 ganci F.S. - Int. - Est.' 
    - ErrorMessage: ''
0249763:
    - bResult: 'False'
    - OutDescEst: 'Conn.5 ganci F.S. - Int. - Est.' 
    - ErrorMessage: ''
0249759:
    - bResult: 'False'
    - OutDescEst: '' 
    - ErrorMessage: ''
0249758:
    - bResult: 'False'
    - OutDescEst: '' 
    - ErrorMessage: ''
0249757:
    - bResult: 'False'
    - OutDescEst: '' 
    - ErrorMessage: ''
0249756:
    - bResult: 'False'
    - OutDescEst: '' 
    - ErrorMessage: ''
0249755:
    - bResult: 'False'
    - OutDescEst: '' 
    - ErrorMessage: ''
0249754:
    - bResult: 'False'
    - OutDescEst: '' 
    - ErrorMessage: ''
0249753:
    - bResult: 'False'
    - OutDescEst: 'Conn.5 ganci norm. - Int. - Est.' 
    - ErrorMessage: ''
0249752:
    - bResult: 'False'
    - OutDescEst: 'Conn.5 ganci norm. - Int. - Est.' 
    - ErrorMessage: ''
0249751:
    - bResult: 'False'
    - OutDescEst: 'Conn.5 ganci norm. - Int. - Est.' 
    - ErrorMessage: ''
0249750:
    - bResult: 'False'
    - OutDescEst: 'Conn.5 ganci norm. - Int. - Est.' 
    - ErrorMessage: ''
0249749:
    - bResult: 'False'
    - OutDescEst: 'Conn.5 ganci norm. - Int. - Est.' 
    - ErrorMessage: ''
0249748:
    - bResult: 'False'
    - OutDescEst: 'Conn.5 ganci norm. - Int. - Est.' 
    - ErrorMessage: ''
0249747:
    - bResult: 'False'
    - OutDescEst: '' 
    - ErrorMessage: ''
0249746:
    - bResult: 'False'
    - OutDescEst: '' 
    - ErrorMessage: ''
0249745:
    - bResult: 'False'
    - OutDescEst: '' 
    - ErrorMessage: ''
0249744:
    - bResult: 'False'
    - OutDescEst: '' 
    - ErrorMessage: ''
0249743:
    - bResult: 'False'
    - OutDescEst: '' 
    - ErrorMessage: ''
0249738:
    - bResult: 'False'
    - OutDescEst: 'Conn.5 ganci norm. - Int. - Est.' 
    - ErrorMessage: ''
0249737:
    - bResult: 'False'
    - OutDescEst: 'Conn.5 ganci norm. - Int. - Est.' 
    - ErrorMessage: ''
0249736:
    - bResult: 'False'
    - OutDescEst: 'Conn.5 ganci norm. - Int. - Est.' 
    - ErrorMessage: ''
0249735:
    - bResult: 'False'
    - OutDescEst: 'Conn.5 ganci norm. - Int. - Est.' 
    - ErrorMessage: ''
0249734:
    - bResult: 'False'
    - OutDescEst: '' 
    - ErrorMessage: ''
0249733:
    - bResult: 'False'
    - OutDescEst: '' 
    - ErrorMessage: ''
0249731:
    - bResult: 'False'
    - OutDescEst: '' 
    - ErrorMessage: ''
0249726:
    - bResult: 'False'
    - OutDescEst: 'Conn.5 ganci norm. - Int. - Est.' 
    - ErrorMessage: ''
0249699:
    - bResult: 'False'
    - OutDescEst: 'Conn.3 ganci norm. - Int. - Est.' 
    - ErrorMessage: ''
0249698:
    - bResult: 'False'
    - OutDescEst: 'Conn.3 ganci norm. - Int. - Est.' 
    - ErrorMessage: ''
0249697:
    - bResult: 'False'
    - OutDescEst: 'Conn.5 ganci norm. - Int. - Est.' 
    - ErrorMessage: ''
0249696:
    - bResult: 'False'
    - OutDescEst: 'Conn.5 ganci norm. - Int. - Est.' 
    - ErrorMessage: ''
0249695:
    - bResult: 'False'
    - OutDescEst: 'Conn.5 ganci norm. - Int. - Est.' 
    - ErrorMessage: ''
0249694:
    - bResult: 'False'
    - OutDescEst: 'Conn.5 ganci norm. - Int. - Est.' 
    - ErrorMessage: ''
0249693:
    - bResult: 'False'
    - OutDescEst: '' 
    - ErrorMessage: ''
0249692:
    - bResult: 'False'
    - OutDescEst: '' 
    - ErrorMessage: ''
0249691:
    - bResult: 'False'
    - OutDescEst: '' 
    - ErrorMessage: ''
0249662:
    - bResult: 'False'
    - OutDescEst: '' 
    - ErrorMessage: ''
0249659:
    - bResult: 'False'
    - OutDescEst: '' 
    - ErrorMessage: ''
0249658:
    - bResult: 'False'
    - OutDescEst: '' 
    - ErrorMessage: ''
0249657:
    - bResult: 'False'
    - OutDescEst: '' 
    - ErrorMessage: ''
0249656:
    - bResult: 'False'
    - OutDescEst: '' 
    - ErrorMessage: ''
0249655:
    - bResult: 'False'
    - OutDescEst: '' 
    - ErrorMessage: ''
0249654:
    - bResult: 'False'
    - OutDescEst: '' 
    - ErrorMessage: ''
0249653:
    - bResult: 'False'
    - OutDescEst: '' 
    - ErrorMessage: ''
0249652:
    - bResult: 'False'
    - OutDescEst: 'Conn.5 ganci norm. - Int. - Est.' 
    - ErrorMessage: ''
0249651:
    - bResult: 'False'
    - OutDescEst: 'Conn.5 ganci norm. - Int. - Est.' 
    - ErrorMessage: ''
0249650:
    - bResult: 'False'
    - OutDescEst: 'Conn.5 ganci norm. - Int. - Est.' 
    - ErrorMessage: ''
0249649:
    - bResult: 'False'
    - OutDescEst: 'Conn.5 ganci norm. - Int. - Est.' 
    - ErrorMessage: ''
0249648:
    - bResult: 'False'
    - OutDescEst: '' 
    - ErrorMessage: ''
0249647:
    - bResult: 'False'
    - OutDescEst: '' 
    - ErrorMessage: ''
0249646:
    - bResult: 'False'
    - OutDescEst: '' 
    - ErrorMessage: ''
0249624:
    - bResult: 'False'
    - OutDescEst: '' 
    - ErrorMessage: ''
0249623:
    - bResult: 'False'
    - OutDescEst: '' 
    - ErrorMessage: ''
0249619:
    - bResult: 'False'
    - OutDescEst: 'Conn.5 ganci norm. - Int. - Est.' 
    - ErrorMessage: ''
0249618:
    - bResult: 'False'
    - OutDescEst: 'Conn.5 ganci norm. - Int. - Est.' 
    - ErrorMessage: ''
0249617:
    - bResult: 'False'
    - OutDescEst: 'Conn.5 ganci norm. - Int. - Est.' 
    - ErrorMessage: ''
0249616:
    - bResult: 'False'
    - OutDescEst: 'Conn.5 ganci norm. - Int. - Est.' 
    - ErrorMessage: ''
0249614:
    - bResult: 'False'
    - OutDescEst: 'Conn.5 ganci norm. - Int. - Est.' 
    - ErrorMessage: ''
0249613:
    - bResult: 'False'
    - OutDescEst: 'Conn.5 ganci norm. - Int. - Est.' 
    - ErrorMessage: ''
0249612:
    - bResult: 'False'
    - OutDescEst: 'Conn.5 ganci norm. - Int. - Est.' 
    - ErrorMessage: ''
0249611:
    - bResult: 'False'
    - OutDescEst: 'Conn.5 ganci norm. - Int. - Est.' 
    - ErrorMessage: ''
0249610:
    - bResult: 'False'
    - OutDescEst: 'Conn.5 ganci norm. - Int. - Est.' 
    - ErrorMessage: ''
0249609:
    - bResult: 'False'
    - OutDescEst: 'Conn.5 ganci norm. - Int. - Est.' 
    - ErrorMessage: ''
0249607:
    - bResult: 'False'
    - OutDescEst: '' 
    - ErrorMessage: ''
0249606:
    - bResult: 'False'
    - OutDescEst: '' 
    - ErrorMessage: ''
0249603:
    - bResult: 'False'
    - OutDescEst: '' 
    - ErrorMessage: ''
0249600:
    - bResult: 'False'
    - OutDescEst: '' 
    - ErrorMessage: ''
0249599:
    - bResult: 'False'
    - OutDescEst: 'Conn.5 ganci norm. - Int. - Est.' 
    - ErrorMessage: ''
0249598:
    - bResult: 'False'
    - OutDescEst: 'Conn.5 ganci norm. - Int. - Est.' 
    - ErrorMessage: ''
0249597:
    - bResult: 'False'
    - OutDescEst: '' 
    - ErrorMessage: ''
0249596:
    - bResult: 'False'
    - OutDescEst: '' 
    - ErrorMessage: ''
0249595:
    - bResult: 'False'
    - OutDescEst: '' 
    - ErrorMessage: ''
0249594:
    - bResult: 'False'
    - OutDescEst: 'Conn.5 ganci norm. - Int. - Est.' 
    - ErrorMessage: ''
0249593:
    - bResult: 'False'
    - OutDescEst: 'Conn.5 ganci norm. - Int. - Est.' 
    - ErrorMessage: ''
0249589:
    - bResult: 'False'
    - OutDescEst: '' 
    - ErrorMessage: ''
0249573:
    - bResult: 'False'
    - OutDescEst: 'Conn.5 ganci norm. - Int. - Est.' 
    - ErrorMessage: ''
0249560:
    - bResult: 'False'
    - OutDescEst: 'Conn.5 ganci norm. - Int. - Est.' 
    - ErrorMessage: ''
0249559:
    - bResult: 'False'
    - OutDescEst: '' 
    - ErrorMessage: ''
0249553:
    - bResult: 'False'
    - OutDescEst: 'Conn.5 ganci norm. - Int. - Est.' 
    - ErrorMessage: ''
0249550:
    - bResult: 'False'
    - OutDescEst: 'Conn.5 ganci norm. - Int. - Est.' 
    - ErrorMessage: ''
0249546:
    - bResult: 'False'
    - OutDescEst: '' 
    - ErrorMessage: ''
0249543:
    - bResult: 'False'
    - OutDescEst: '' 
    - ErrorMessage: ''
0249532:
    - bResult: 'False'
    - OutDescEst: 'Conn.5 ganci norm. - Int. - Est.' 
    - ErrorMessage: ''
0249529:
    - bResult: 'False'
    - OutDescEst: '' 
    - ErrorMessage: ''
0249527:
    - bResult: 'False'
    - OutDescEst: 'Conn.5 ganci norm. - Int. - Est.' 
    - ErrorMessage: ''
0249524:
    - bResult: 'False'
    - OutDescEst: 'Conn.5 ganci norm. - Int. - Est.' 
    - ErrorMessage: ''
0249522:
    - bResult: 'False'
    - OutDescEst: 'Conn.5 ganci norm. - Int. - Est.' 
    - ErrorMessage: ''
0249520:
    - bResult: 'False'
    - OutDescEst: 'Conn.5 ganci norm. - Int. - Est.' 
    - ErrorMessage: ''
0249519:
    - bResult: 'False'
    - OutDescEst: 'Conn.5 ganci norm. - Int. - Est.' 
    - ErrorMessage: ''
0249518:
    - bResult: 'False'
    - OutDescEst: 'Conn.5 ganci norm. - Int. - Est.' 
    - ErrorMessage: ''
0249517:
    - bResult: 'False'
    - OutDescEst: 'Conn.5 ganci norm. - Int. - Est.' 
    - ErrorMessage: ''
0249507:
    - bResult: 'False'
    - OutDescEst: 'Conn.5 ganci norm. - Int. - Est.' 
    - ErrorMessage: ''
0249506:
    - bResult: 'False'
    - OutDescEst: 'Conn.5 ganci norm. - Int. - Est.' 
    - ErrorMessage: ''
0249505:
    - bResult: 'False'
    - OutDescEst: 'Conn.5 ganci norm. - Int. - Est.' 
    - ErrorMessage: ''
0249504:
    - bResult: 'False'
    - OutDescEst: 'Conn.5 ganci norm. - Int. - Est.' 
    - ErrorMessage: ''
0249503:
    - bResult: 'False'
    - OutDescEst: 'Conn.5 ganci norm. - Int. - Est.' 
    - ErrorMessage: ''
0249502:
    - bResult: 'False'
    - OutDescEst: 'Conn.5 ganci norm. - Int. - Est.' 
    - ErrorMessage: ''
0249501:
    - bResult: 'False'
    - OutDescEst: 'Conn.5 ganci norm. - Int. - Est.' 
    - ErrorMessage: ''
0249500:
    - bResult: 'False'
    - OutDescEst: 'Conn.5 ganci norm. - Int. - Est.' 
    - ErrorMessage: ''
0249499:
    - bResult: 'False'
    - OutDescEst: 'Conn.5 ganci norm. - Int. - Est.' 
    - ErrorMessage: ''
0249498:
    - bResult: 'False'
    - OutDescEst: 'Conn.5 ganci norm. - Int. - Est.' 
    - ErrorMessage: ''
0249497:
    - bResult: 'False'
    - OutDescEst: 'Conn.5 ganci norm. - Int. - Est.' 
    - ErrorMessage: ''
0249496:
    - bResult: 'False'
    - OutDescEst: 'Conn.5 ganci norm. - Int. - Est.' 
    - ErrorMessage: ''
0249495:
    - bResult: 'False'
    - OutDescEst: 'Conn.5 ganci norm. - Int. - Est.' 
    - ErrorMessage: ''
0249494:
    - bResult: 'False'
    - OutDescEst: 'Conn.5 ganci norm. - Int. - Est.' 
    - ErrorMessage: ''
0249493:
    - bResult: 'False'
    - OutDescEst: 'Conn.5 ganci norm. - Int. - Est.' 
    - ErrorMessage: ''
0249492:
    - bResult: 'False'
    - OutDescEst: 'Conn.5 ganci norm. - Int. - Est.' 
    - ErrorMessage: ''
0249491:
    - bResult: 'False'
    - OutDescEst: 'Conn.5 ganci norm. - Int. - Est.' 
    - ErrorMessage: ''
0249490:
    - bResult: 'False'
    - OutDescEst: 'Conn.5 ganci norm. - Int. - Est.' 
    - ErrorMessage: ''
0249489:
    - bResult: 'False'
    - OutDescEst: 'Conn.5 ganci norm. - Int. - Est.' 
    - ErrorMessage: ''
0249488:
    - bResult: 'False'
    - OutDescEst: 'Conn.5 ganci norm. - Int. - Est.' 
    - ErrorMessage: ''
0249487:
    - bResult: 'False'
    - OutDescEst: 'Conn.5 ganci norm. - Int. - Est.' 
    - ErrorMessage: ''
0249486:
    - bResult: 'False'
    - OutDescEst: 'Conn.5 ganci norm. - Int. - Est.' 
    - ErrorMessage: ''
0249472:
    - bResult: 'False'
    - OutDescEst: '' 
    - ErrorMessage: ''
0249471:
    - bResult: 'False'
    - OutDescEst: '' 
    - ErrorMessage: ''
0249468:
    - bResult: 'False'
    - OutDescEst: 'Conn.5 ganci norm. - Int. - Est.' 
    - ErrorMessage: ''
0249467:
    - bResult: 'False'
    - OutDescEst: 'Conn.5 ganci norm. - Int. - Est.' 
    - ErrorMessage: ''
0249459:
    - bResult: 'False'
    - OutDescEst: '' 
    - ErrorMessage: ''
0249458:
    - bResult: 'False'
    - OutDescEst: '' 
    - ErrorMessage: ''
0249457:
    - bResult: 'False'
    - OutDescEst: '' 
    - ErrorMessage: ''
0249455:
    - bResult: 'False'
    - OutDescEst: '' 
    - ErrorMessage: ''
0249454:
    - bResult: 'False'
    - OutDescEst: '' 
    - ErrorMessage: ''
0249453:
    - bResult: 'False'
    - OutDescEst: '' 
    - ErrorMessage: ''
0249446:
    - bResult: 'False'
    - OutDescEst: '' 
    - ErrorMessage: ''
0249445:
    - bResult: 'False'
    - OutDescEst: '' 
    - ErrorMessage: ''
0249444:
    - bResult: 'False'
    - OutDescEst: '' 
    - ErrorMessage: ''
0249443:
    - bResult: 'False'
    - OutDescEst: '' 
    - ErrorMessage: ''
0249431:
    - bResult: 'False'
    - OutDescEst: '' 
    - ErrorMessage: ''
0249430:
    - bResult: 'False'
    - OutDescEst: '' 
    - ErrorMessage: ''
0249429:
    - bResult: 'False'
    - OutDescEst: 'Conn.5 ganci F.S. - Int. - Est.' 
    - ErrorMessage: ''
0249428:
    - bResult: 'False'
    - OutDescEst: 'Conn.5 ganci F.S. - Int. - Est.' 
    - ErrorMessage: ''
0249425:
    - bResult: 'False'
    - OutDescEst: '' 
    - ErrorMessage: ''
0249391:
    - bResult: 'False'
    - OutDescEst: '' 
    - ErrorMessage: ''
0249390:
    - bResult: 'False'
    - OutDescEst: '' 
    - ErrorMessage: ''
0249389:
    - bResult: 'False'
    - OutDescEst: '  H Calp.=2638' 
    - ErrorMessage: ''
0249388:
    - bResult: 'False'
    - OutDescEst: '' 
    - ErrorMessage: ''
0249387:
    - bResult: 'False'
    - OutDescEst: '' 
    - ErrorMessage: ''
0249386:
    - bResult: 'False'
    - OutDescEst: '' 
    - ErrorMessage: ''
0249385:
    - bResult: 'False'
    - OutDescEst: '' 
    - ErrorMessage: ''
0249384:
    - bResult: 'False'
    - OutDescEst: '' 
    - ErrorMessage: ''
0249383:
    - bResult: 'False'
    - OutDescEst: '' 
    - ErrorMessage: ''
0249382:
    - bResult: 'False'
    - OutDescEst: '' 
    - ErrorMessage: ''
0249381:
    - bResult: 'False'
    - OutDescEst: 'Conn.5 ganci F.S. - Int. - Est.' 
    - ErrorMessage: ''
0249380:
    - bResult: 'False'
    - OutDescEst: 'Conn.5 ganci F.S. - Int. - Est.' 
    - ErrorMessage: ''
0249379:
    - bResult: 'False'
    - OutDescEst: 'Conn.5 ganci F.S. - Int. - Est.' 
    - ErrorMessage: ''
0249378:
    - bResult: 'False'
    - OutDescEst: 'Conn.5 ganci F.S. - Int. - Est.' 
    - ErrorMessage: ''
0249377:
    - bResult: 'False'
    - OutDescEst: 'Conn.5 ganci F.S. - Int. - Est.' 
    - ErrorMessage: ''
0249376:
    - bResult: 'False'
    - OutDescEst: 'Conn.5 ganci F.S. - Int. - Est.' 
    - ErrorMessage: ''
0249375:
    - bResult: 'False'
    - OutDescEst: 'Conn.5 ganci F.S. - Int. - Est.' 
    - ErrorMessage: ''
0249374:
    - bResult: 'False'
    - OutDescEst: 'Conn.5 ganci F.S. - Int. - Est.' 
    - ErrorMessage: ''
0249364:
    - bResult: 'False'
    - OutDescEst: '' 
    - ErrorMessage: ''
0249363:
    - bResult: 'False'
    - OutDescEst: '' 
    - ErrorMessage: ''
0249355:
    - bResult: 'False'
    - OutDescEst: '' 
    - ErrorMessage: ''
0249354:
    - bResult: 'False'
    - OutDescEst: '' 
    - ErrorMessage: ''
0249333:
    - bResult: 'False'
    - OutDescEst: '' 
    - ErrorMessage: ''
0249332:
    - bResult: 'False'
    - OutDescEst: '' 
    - ErrorMessage: ''
0249331:
    - bResult: 'False'
    - OutDescEst: '' 
    - ErrorMessage: ''
0249330:
    - bResult: 'False'
    - OutDescEst: '' 
    - ErrorMessage: ''
0249328:
    - bResult: 'False'
    - OutDescEst: '' 
    - ErrorMessage: ''
0249325:
    - bResult: 'False'
    - OutDescEst: 'Conn.5 ganci norm. - Int. - Est.' 
    - ErrorMessage: ''
0249324:
    - bResult: 'False'
    - OutDescEst: 'Conn.5 ganci norm. - Int. - Est.' 
    - ErrorMessage: ''
0249323:
    - bResult: 'False'
    - OutDescEst: 'Conn.5 ganci norm. - Int. - Est.' 
    - ErrorMessage: ''
0249322:
    - bResult: 'False'
    - OutDescEst: 'Conn.5 ganci norm. - Int. - Est.' 
    - ErrorMessage: ''
0249321:
    - bResult: 'False'
    - OutDescEst: 'Conn.5 ganci norm. - Int. - Est.' 
    - ErrorMessage: ''
0249320:
    - bResult: 'False'
    - OutDescEst: 'Conn.5 ganci norm. - Int. - Est.' 
    - ErrorMessage: ''
0249319:
    - bResult: 'False'
    - OutDescEst: '' 
    - ErrorMessage: ''
0249318:
    - bResult: 'False'
    - OutDescEst: '' 
    - ErrorMessage: ''
0249317:
    - bResult: 'False'
    - OutDescEst: '' 
    - ErrorMessage: ''
0249316:
    - bResult: 'False'
    - OutDescEst: 'Conn.5 ganci norm. - Int. - Est.' 
    - ErrorMessage: ''
0249315:
    - bResult: 'False'
    - OutDescEst: 'Conn.5 ganci norm. - Int. - Est.' 
    - ErrorMessage: ''
0249314:
    - bResult: 'False'
    - OutDescEst: 'Conn.5 ganci norm. - Int. - Est.' 
    - ErrorMessage: ''
0249313:
    - bResult: 'False'
    - OutDescEst: 'Conn.5 ganci norm. - Int. - Est.' 
    - ErrorMessage: ''
0249312:
    - bResult: 'False'
    - OutDescEst: 'Conn.5 ganci norm. - Int. - Est.' 
    - ErrorMessage: ''
0249311:
    - bResult: 'False'
    - OutDescEst: 'Conn.5 ganci norm. - Int. - Est.' 
    - ErrorMessage: ''
0249310:
    - bResult: 'False'
    - OutDescEst: 'Conn.5 ganci norm. - Int. - Est.' 
    - ErrorMessage: ''
0249309:
    - bResult: 'False'
    - OutDescEst: 'Conn.5 ganci norm. - Int. - Est.' 
    - ErrorMessage: ''
0249308:
    - bResult: 'False'
    - OutDescEst: 'Conn.5 ganci norm. - Int. - Est.' 
    - ErrorMessage: ''
0249307:
    - bResult: 'False'
    - OutDescEst: 'Conn.5 ganci norm. - Int. - Est.' 
    - ErrorMessage: ''
0249306:
    - bResult: 'False'
    - OutDescEst: 'Conn.5 ganci norm. - Int. - Est.' 
    - ErrorMessage: ''
0249261:
    - bResult: 'False'
    - OutDescEst: '' 
    - ErrorMessage: ''
0249260:
    - bResult: 'False'
    - OutDescEst: '' 
    - ErrorMessage: ''
0249259:
    - bResult: 'False'
    - OutDescEst: '' 
    - ErrorMessage: ''
0249258:
    - bResult: 'False'
    - OutDescEst: '' 
    - ErrorMessage: ''
0249257:
    - bResult: 'False'
    - OutDescEst: '' 
    - ErrorMessage: ''
0249256:
    - bResult: 'False'
    - OutDescEst: '' 
    - ErrorMessage: ''
0249255:
    - bResult: 'False'
    - OutDescEst: '' 
    - ErrorMessage: ''
0249254:
    - bResult: 'False'
    - OutDescEst: '' 
    - ErrorMessage: ''
0249253:
    - bResult: 'False'
    - OutDescEst: '' 
    - ErrorMessage: ''
0249252:
    - bResult: 'False'
    - OutDescEst: '' 
    - ErrorMessage: ''
0249251:
    - bResult: 'False'
    - OutDescEst: '' 
    - ErrorMessage: ''
0249250:
    - bResult: 'False'
    - OutDescEst: 'Conn.5 ganci F.S. - Int. - Est.' 
    - ErrorMessage: ''
0249249:
    - bResult: 'False'
    - OutDescEst: 'Conn.5 ganci F.S. - Int. - Est.' 
    - ErrorMessage: ''
0249248:
    - bResult: 'False'
    - OutDescEst: 'Conn.5 ganci F.S. - Int. - Est.' 
    - ErrorMessage: ''
0249246:
    - bResult: 'False'
    - OutDescEst: 'Conn.5 ganci F.S. - Int. - Est.' 
    - ErrorMessage: ''
0249242:
    - bResult: 'False'
    - OutDescEst: '' 
    - ErrorMessage: ''
0249241:
    - bResult: 'False'
    - OutDescEst: 'Conn.5 ganci norm. - Int. - Est.' 
    - ErrorMessage: ''
0249236:
    - bResult: 'False'
    - OutDescEst: 'Conn.5 ganci norm. - Int. - Est.' 
    - ErrorMessage: ''
0249235:
    - bResult: 'False'
    - OutDescEst: '' 
    - ErrorMessage: ''
0249234:
    - bResult: 'False'
    - OutDescEst: '' 
    - ErrorMessage: ''
0249233:
    - bResult: 'False'
    - OutDescEst: '' 
    - ErrorMessage: ''
0249232:
    - bResult: 'False'
    - OutDescEst: '' 
    - ErrorMessage: ''
0249231:
    - bResult: 'False'
    - OutDescEst: 'Conn.5 ganci norm. - Int. - Est.' 
    - ErrorMessage: ''
0249230:
    - bResult: 'False'
    - OutDescEst: 'Conn.5 ganci norm. - Int. - Est.' 
    - ErrorMessage: ''
0249229:
    - bResult: 'False'
    - OutDescEst: 'Conn.5 ganci norm. - Int. - Est.' 
    - ErrorMessage: ''
0249228:
    - bResult: 'False'
    - OutDescEst: 'Conn.3 ganci norm. - Int. - Est.' 
    - ErrorMessage: ''
0249227:
    - bResult: 'False'
    - OutDescEst: 'Conn.3 ganci norm. - Int. - Est.' 
    - ErrorMessage: ''
0249226:
    - bResult: 'False'
    - OutDescEst: 'Conn.3 ganci norm. - Int. - Est.' 
    - ErrorMessage: ''
0249225:
    - bResult: 'False'
    - OutDescEst: 'Conn.3 ganci norm. - Int. - Est.' 
    - ErrorMessage: ''
0249204:
    - bResult: 'False'
    - OutDescEst: '' 
    - ErrorMessage: ''
0249200:
    - bResult: 'False'
    - OutDescEst: '' 
    - ErrorMessage: ''
0249193:
    - bResult: 'False'
    - OutDescEst: '' 
    - ErrorMessage: ''
0249192:
    - bResult: 'False'
    - OutDescEst: '' 
    - ErrorMessage: ''
0249189:
    - bResult: 'False'
    - OutDescEst: '' 
    - ErrorMessage: ''
0249180:
    - bResult: 'False'
    - OutDescEst: '' 
    - ErrorMessage: ''
0249179:
    - bResult: 'False'
    - OutDescEst: '' 
    - ErrorMessage: ''
0249178:
    - bResult: 'False'
    - OutDescEst: '' 
    - ErrorMessage: ''
0249174:
    - bResult: 'False'
    - OutDescEst: '' 
    - ErrorMessage: ''
0249173:
    - bResult: 'False'
    - OutDescEst: '' 
    - ErrorMessage: ''
0249171:
    - bResult: 'False'
    - OutDescEst: '' 
    - ErrorMessage: ''
0249170:
    - bResult: 'False'
    - OutDescEst: '' 
    - ErrorMessage: ''
0249169:
    - bResult: 'False'
    - OutDescEst: '' 
    - ErrorMessage: ''
0249161:
    - bResult: 'False'
    - OutDescEst: '' 
    - ErrorMessage: ''
0249155:
    - bResult: 'False'
    - OutDescEst: 'Conn.5 ganci F.S. - Int. - Est.' 
    - ErrorMessage: ''
0249154:
    - bResult: 'False'
    - OutDescEst: 'Conn.5 ganci F.S. - Int. - Est.' 
    - ErrorMessage: ''
0249152:
    - bResult: 'False'
    - OutDescEst: 'Conn.5 ganci norm. - Int. - Est.' 
    - ErrorMessage: ''
0249143:
    - bResult: 'False'
    - OutDescEst: '' 
    - ErrorMessage: ''
0249140:
    - bResult: 'False'
    - OutDescEst: '' 
    - ErrorMessage: ''
0249136:
    - bResult: 'False'
    - OutDescEst: '' 
    - ErrorMessage: ''
0249135:
    - bResult: 'False'
    - OutDescEst: '' 
    - ErrorMessage: ''
0249132:
    - bResult: 'False'
    - OutDescEst: '' 
    - ErrorMessage: ''
0249131:
    - bResult: 'False'
    - OutDescEst: '' 
    - ErrorMessage: ''
0249130:
    - bResult: 'False'
    - OutDescEst: 'Conn.5 ganci F.S. - Int. - Est.' 
    - ErrorMessage: ''
0249129:
    - bResult: 'False'
    - OutDescEst: 'Conn.5 ganci F.S. - Int. - Est.' 
    - ErrorMessage: ''
0249127:
    - bResult: 'False'
    - OutDescEst: 'Conn.5 ganci F.S. - Int. - Est.' 
    - ErrorMessage: ''
0249125:
    - bResult: 'False'
    - OutDescEst: 'Conn.5 ganci F.S. - Int. - Est.' 
    - ErrorMessage: ''
0249123:
    - bResult: 'False'
    - OutDescEst: 'Conn.5 ganci F.S. - Int. - Est.' 
    - ErrorMessage: ''
0249122:
    - bResult: 'False'
    - OutDescEst: 'Conn.5 ganci F.S. - Int. - Est.' 
    - ErrorMessage: ''
0249119:
    - bResult: 'False'
    - OutDescEst: '' 
    - ErrorMessage: ''
0249115:
    - bResult: 'False'
    - OutDescEst: '' 
    - ErrorMessage: ''
0249063:
    - bResult: 'False'
    - OutDescEst: '' 
    - ErrorMessage: ''
0249062:
    - bResult: 'False'
    - OutDescEst: '' 
    - ErrorMessage: ''
0249055:
    - bResult: 'False'
    - OutDescEst: '' 
    - ErrorMessage: ''
0249048:
    - bResult: 'False'
    - OutDescEst: 'Conn.F ganci F.S.stretto - Int. - Est.' 
    - ErrorMessage: ''
0249047:
    - bResult: 'False'
    - OutDescEst: 'Conn.5 ganci F.S. - Int. - Est.' 
    - ErrorMessage: ''
0249046:
    - bResult: 'False'
    - OutDescEst: 'Conn.F ganci F.S.aletta tagliata - Int. - Est.' 
    - ErrorMessage: ''
0249038:
    - bResult: 'False'
    - OutDescEst: '' 
    - ErrorMessage: ''
0249037:
    - bResult: 'False'
    - OutDescEst: '' 
    - ErrorMessage: ''
0249036:
    - bResult: 'False'
    - OutDescEst: '' 
    - ErrorMessage: ''
0249035:
    - bResult: 'False'
    - OutDescEst: '' 
    - ErrorMessage: ''
0249034:
    - bResult: 'False'
    - OutDescEst: '  H Calp.=2868' 
    - ErrorMessage: ''
0249033:
    - bResult: 'False'
    - OutDescEst: '  H Calp.=2868' 
    - ErrorMessage: ''
0249030:
    - bResult: 'False'
    - OutDescEst: '' 
    - ErrorMessage: ''
0249029:
    - bResult: 'False'
    - OutDescEst: 'Conn.5 ganci F.S. - Int. - Est.' 
    - ErrorMessage: ''
0249022:
    - bResult: 'False'
    - OutDescEst: '' 
    - ErrorMessage: ''
0248996:
    - bResult: 'False'
    - OutDescEst: '' 
    - ErrorMessage: ''
0248995:
    - bResult: 'False'
    - OutDescEst: '' 
    - ErrorMessage: ''
0248972:
    - bResult: 'False'
    - OutDescEst: '' 
    - ErrorMessage: ''
0248971:
    - bResult: 'False'
    - OutDescEst: '' 
    - ErrorMessage: ''
0248970:
    - bResult: 'False'
    - OutDescEst: 'Interasse=743' 
    - ErrorMessage: ''
0248969:
    - bResult: 'False'
    - OutDescEst: 'Interasse=743' 
    - ErrorMessage: ''
0248968:
    - bResult: 'False'
    - OutDescEst: 'Conn.5 ganci norm. - Int. - Est.' 
    - ErrorMessage: ''
0248967:
    - bResult: 'False'
    - OutDescEst: 'Conn.5 ganci norm. - Int. - Est.' 
    - ErrorMessage: ''
0248962:
    - bResult: 'False'
    - OutDescEst: '' 
    - ErrorMessage: ''
0248961:
    - bResult: 'False'
    - OutDescEst: '' 
    - ErrorMessage: ''
0248956:
    - bResult: 'False'
    - OutDescEst: 'Conn.5 ganci norm. - Int. - Est.' 
    - ErrorMessage: ''
0248955:
    - bResult: 'False'
    - OutDescEst: 'Conn.5 ganci norm. - Int. - Est.' 
    - ErrorMessage: ''
0248954:
    - bResult: 'False'
    - OutDescEst: 'Conn.5 ganci norm. - Int. - Est.' 
    - ErrorMessage: ''
0248953:
    - bResult: 'False'
    - OutDescEst: 'Conn.5 ganci norm. - Int. - Est.' 
    - ErrorMessage: ''
0248936:
    - bResult: 'False'
    - OutDescEst: 'Conn.5 ganci norm. - Int. - Est.' 
    - ErrorMessage: ''
0248935:
    - bResult: 'False'
    - OutDescEst: 'Conn.5 ganci norm. - Int. - Est.' 
    - ErrorMessage: ''
0248860:
    - bResult: 'False'
    - OutDescEst: '' 
    - ErrorMessage: ''
0248859:
    - bResult: 'False'
    - OutDescEst: '' 
    - ErrorMessage: ''
0248851:
    - bResult: 'False'
    - OutDescEst: '' 
    - ErrorMessage: ''
0248849:
    - bResult: 'False'
    - OutDescEst: '' 
    - ErrorMessage: ''
0248848:
    - bResult: 'False'
    - OutDescEst: '' 
    - ErrorMessage: ''
0248832:
    - bResult: 'False'
    - OutDescEst: '' 
    - ErrorMessage: ''
0248831:
    - bResult: 'False'
    - OutDescEst: '' 
    - ErrorMessage: ''
0248830:
    - bResult: 'False'
    - OutDescEst: '' 
    - ErrorMessage: ''
0248824:
    - bResult: 'False'
    - OutDescEst: '' 
    - ErrorMessage: ''
0248823:
    - bResult: 'False'
    - OutDescEst: '' 
    - ErrorMessage: ''
0248822:
    - bResult: 'False'
    - OutDescEst: '' 
    - ErrorMessage: ''
0248821:
    - bResult: 'False'
    - OutDescEst: '' 
    - ErrorMessage: ''
0248813:
    - bResult: 'False'
    - OutDescEst: '' 
    - ErrorMessage: ''
0248803:
    - bResult: 'False'
    - OutDescEst: '' 
    - ErrorMessage: ''
0248800:
    - bResult: 'False'
    - OutDescEst: '' 
    - ErrorMessage: ''
0248797:
    - bResult: 'False'
    - OutDescEst: '' 
    - ErrorMessage: ''
0248796:
    - bResult: 'False'
    - OutDescEst: '' 
    - ErrorMessage: ''
0248794:
    - bResult: 'False'
    - OutDescEst: '' 
    - ErrorMessage: ''
0248791:
    - bResult: 'False'
    - OutDescEst: '' 
    - ErrorMessage: ''
0248790:
    - bResult: 'False'
    - OutDescEst: '' 
    - ErrorMessage: ''
0248789:
    - bResult: 'False'
    - OutDescEst: '' 
    - ErrorMessage: ''
0248788:
    - bResult: 'False'
    - OutDescEst: 'Conn.5 ganci norm. - Int. - Est.' 
    - ErrorMessage: ''
0248787:
    - bResult: 'False'
    - OutDescEst: '' 
    - ErrorMessage: ''
0248786:
    - bResult: 'False'
    - OutDescEst: '' 
    - ErrorMessage: ''
0248778:
    - bResult: 'False'
    - OutDescEst: 'Conn.5 ganci norm. - Int. - Est.' 
    - ErrorMessage: ''
0248758:
    - bResult: 'False'
    - OutDescEst: '' 
    - ErrorMessage: ''
0248757:
    - bResult: 'False'
    - OutDescEst: '' 
    - ErrorMessage: ''
0248756:
    - bResult: 'False'
    - OutDescEst: '' 
    - ErrorMessage: ''
0248755:
    - bResult: 'False'
    - OutDescEst: '' 
    - ErrorMessage: ''
0248754:
    - bResult: 'False'
    - OutDescEst: '' 
    - ErrorMessage: ''
0248753:
    - bResult: 'False'
    - OutDescEst: '' 
    - ErrorMessage: ''
0248752:
    - bResult: 'False'
    - OutDescEst: '' 
    - ErrorMessage: ''
0248751:
    - bResult: 'False'
    - OutDescEst: '' 
    - ErrorMessage: ''
0248750:
    - bResult: 'False'
    - OutDescEst: '' 
    - ErrorMessage: ''
0248749:
    - bResult: 'False'
    - OutDescEst: '' 
    - ErrorMessage: ''
0248748:
    - bResult: 'False'
    - OutDescEst: '' 
    - ErrorMessage: ''
0248747:
    - bResult: 'False'
    - OutDescEst: '' 
    - ErrorMessage: ''
0248746:
    - bResult: 'False'
    - OutDescEst: '' 
    - ErrorMessage: ''
0248745:
    - bResult: 'False'
    - OutDescEst: '' 
    - ErrorMessage: ''
0248714:
    - bResult: 'False'
    - OutDescEst: '' 
    - ErrorMessage: ''
0248713:
    - bResult: 'False'
    - OutDescEst: '' 
    - ErrorMessage: ''
0248712:
    - bResult: 'False'
    - OutDescEst: '' 
    - ErrorMessage: ''
0248711:
    - bResult: 'False'
    - OutDescEst: '' 
    - ErrorMessage: ''
0248710:
    - bResult: 'False'
    - OutDescEst: '' 
    - ErrorMessage: ''
0248708:
    - bResult: 'False'
    - OutDescEst: '' 
    - ErrorMessage: ''
0248707:
    - bResult: 'False'
    - OutDescEst: '' 
    - ErrorMessage: ''
0248691:
    - bResult: 'False'
    - OutDescEst: '' 
    - ErrorMessage: ''
0248686:
    - bResult: 'False'
    - OutDescEst: '' 
    - ErrorMessage: ''
0248685:
    - bResult: 'False'
    - OutDescEst: '' 
    - ErrorMessage: ''
0248684:
    - bResult: 'False'
    - OutDescEst: '' 
    - ErrorMessage: ''
0248683:
    - bResult: 'False'
    - OutDescEst: '' 
    - ErrorMessage: ''
0248679:
    - bResult: 'False'
    - OutDescEst: '' 
    - ErrorMessage: ''
0248678:
    - bResult: 'False'
    - OutDescEst: '' 
    - ErrorMessage: ''
0248677:
    - bResult: 'False'
    - OutDescEst: '' 
    - ErrorMessage: ''
0248676:
    - bResult: 'False'
    - OutDescEst: '' 
    - ErrorMessage: ''
0248675:
    - bResult: 'False'
    - OutDescEst: '' 
    - ErrorMessage: ''
0248674:
    - bResult: 'False'
    - OutDescEst: '' 
    - ErrorMessage: ''
0248673:
    - bResult: 'False'
    - OutDescEst: '' 
    - ErrorMessage: ''
0248672:
    - bResult: 'False'
    - OutDescEst: '' 
    - ErrorMessage: ''
0248671:
    - bResult: 'False'
    - OutDescEst: '' 
    - ErrorMessage: ''
0248670:
    - bResult: 'False'
    - OutDescEst: '' 
    - ErrorMessage: ''
0248669:
    - bResult: 'False'
    - OutDescEst: '' 
    - ErrorMessage: ''
0248664:
    - bResult: 'False'
    - OutDescEst: '' 
    - ErrorMessage: ''
0248663:
    - bResult: 'False'
    - OutDescEst: 'Conn.5 ganci norm. - Int. - Est.' 
    - ErrorMessage: ''
0248661:
    - bResult: 'False'
    - OutDescEst: '' 
    - ErrorMessage: ''
0248660:
    - bResult: 'False'
    - OutDescEst: '' 
    - ErrorMessage: ''
0248653:
    - bResult: 'False'
    - OutDescEst: '' 
    - ErrorMessage: ''
0248652:
    - bResult: 'False'
    - OutDescEst: '' 
    - ErrorMessage: ''
0248647:
    - bResult: 'False'
    - OutDescEst: 'Conn.5 ganci norm. - Int. - Est.' 
    - ErrorMessage: ''
0248646:
    - bResult: 'False'
    - OutDescEst: 'Conn.5 ganci norm. - Int. - Est.' 
    - ErrorMessage: ''
0248644:
    - bResult: 'False'
    - OutDescEst: ' L tot= 1946' 
    - ErrorMessage: ''
0248643:
    - bResult: 'False'
    - OutDescEst: ' L tot= 1946' 
    - ErrorMessage: ''
0248642:
    - bResult: 'False'
    - OutDescEst: '' 
    - ErrorMessage: ''
0248641:
    - bResult: 'False'
    - OutDescEst: '' 
    - ErrorMessage: ''
0248640:
    - bResult: 'False'
    - OutDescEst: '' 
    - ErrorMessage: ''
0248636:
    - bResult: 'False'
    - OutDescEst: 'Conn.5 ganci norm. - Int. - Est.' 
    - ErrorMessage: ''
0248635:
    - bResult: 'False'
    - OutDescEst: 'Conn.5 ganci norm. - Int. - Est.' 
    - ErrorMessage: ''
0248634:
    - bResult: 'False'
    - OutDescEst: 'Conn.5 ganci norm. - Int. - Est.' 
    - ErrorMessage: ''
0248633:
    - bResult: 'False'
    - OutDescEst: 'Conn.5 ganci norm. - Int. - Est.' 
    - ErrorMessage: ''
0248632:
    - bResult: 'False'
    - OutDescEst: 'Conn.5 ganci norm. - Int. - Est.' 
    - ErrorMessage: ''
0248631:
    - bResult: 'False'
    - OutDescEst: 'Conn.5 ganci norm. - Int. - Est.' 
    - ErrorMessage: ''
0248630:
    - bResult: 'False'
    - OutDescEst: 'Conn.5 ganci norm. - Int. - Est.' 
    - ErrorMessage: ''
0248629:
    - bResult: 'False'
    - OutDescEst: 'Conn.5 ganci norm. - Int. - Est.' 
    - ErrorMessage: ''
0248625:
    - bResult: 'False'
    - OutDescEst: '' 
    - ErrorMessage: ''
0248624:
    - bResult: 'False'
    - OutDescEst: '' 
    - ErrorMessage: ''
0248623:
    - bResult: 'False'
    - OutDescEst: '' 
    - ErrorMessage: ''
0248622:
    - bResult: 'False'
    - OutDescEst: '' 
    - ErrorMessage: ''
0248621:
    - bResult: 'False'
    - OutDescEst: '' 
    - ErrorMessage: ''
0248620:
    - bResult: 'False'
    - OutDescEst: '' 
    - ErrorMessage: ''
0248619:
    - bResult: 'False'
    - OutDescEst: '' 
    - ErrorMessage: ''
0248618:
    - bResult: 'False'
    - OutDescEst: '' 
    - ErrorMessage: ''
0248617:
    - bResult: 'False'
    - OutDescEst: '' 
    - ErrorMessage: ''
0248616:
    - bResult: 'False'
    - OutDescEst: '' 
    - ErrorMessage: ''
0248615:
    - bResult: 'False'
    - OutDescEst: 'Conn.5 ganci norm. - Int. - Est.' 
    - ErrorMessage: ''
0248614:
    - bResult: 'False'
    - OutDescEst: 'Conn.5 ganci norm. - Int. - Est.' 
    - ErrorMessage: ''
0248613:
    - bResult: 'False'
    - OutDescEst: 'Conn.5 ganci norm. - Int. - Est.' 
    - ErrorMessage: ''
0248612:
    - bResult: 'False'
    - OutDescEst: 'Conn.5 ganci norm. - Int. - Est.' 
    - ErrorMessage: ''
0248611:
    - bResult: 'False'
    - OutDescEst: 'Conn.5 ganci norm. - Int. - Est.' 
    - ErrorMessage: ''
0248606:
    - bResult: 'False'
    - OutDescEst: '' 
    - ErrorMessage: ''
0248602:
    - bResult: 'False'
    - OutDescEst: 'Conn.3 ganci norm. - Int. - Est.' 
    - ErrorMessage: ''
0248601:
    - bResult: 'False'
    - OutDescEst: '' 
    - ErrorMessage: ''
0248600:
    - bResult: 'False'
    - OutDescEst: '' 
    - ErrorMessage: ''
0248599:
    - bResult: 'False'
    - OutDescEst: '' 
    - ErrorMessage: ''
0248598:
    - bResult: 'False'
    - OutDescEst: 'Interasse=800' 
    - ErrorMessage: ''
0248597:
    - bResult: 'False'
    - OutDescEst: 'Interasse=650' 
    - ErrorMessage: ''
0248596:
    - bResult: 'False'
    - OutDescEst: 'Conn.5 ganci norm. - Int. - Est.' 
    - ErrorMessage: ''
0248595:
    - bResult: 'False'
    - OutDescEst: 'Conn.5 ganci norm. - Int. - Est.' 
    - ErrorMessage: ''
0248594:
    - bResult: 'False'
    - OutDescEst: '' 
    - ErrorMessage: ''
0248593:
    - bResult: 'False'
    - OutDescEst: '' 
    - ErrorMessage: ''
0248591:
    - bResult: 'False'
    - OutDescEst: 'Conn.5 ganci F.S. - Int. - Est.' 
    - ErrorMessage: ''
0248590:
    - bResult: 'False'
    - OutDescEst: 'Conn.5 ganci F.S. - Int. - Est.' 
    - ErrorMessage: ''
0248589:
    - bResult: 'False'
    - OutDescEst: 'Conn.5 ganci F.S. - Int. - Est.' 
    - ErrorMessage: ''
0248588:
    - bResult: 'False'
    - OutDescEst: 'Conn.5 ganci F.S. - Int. - Est.' 
    - ErrorMessage: ''
0248587:
    - bResult: 'False'
    - OutDescEst: 'Conn.5 ganci F.S. - Int. - Est.' 
    - ErrorMessage: ''
0248586:
    - bResult: 'False'
    - OutDescEst: 'Conn.5 ganci F.S. - Int. - Est.' 
    - ErrorMessage: ''
0248585:
    - bResult: 'False'
    - OutDescEst: 'Conn.5 ganci norm. - Int. - Est.' 
    - ErrorMessage: ''
0248584:
    - bResult: 'False'
    - OutDescEst: 'Conn.5 ganci norm. - Int. - Est.' 
    - ErrorMessage: ''
0248583:
    - bResult: 'False'
    - OutDescEst: 'Conn.5 ganci norm. - Int. - Est.' 
    - ErrorMessage: ''
0248582:
    - bResult: 'False'
    - OutDescEst: 'Conn.5 ganci norm. - Int. - Est.' 
    - ErrorMessage: ''
0248565:
    - bResult: 'False'
    - OutDescEst: '' 
    - ErrorMessage: ''
0248564:
    - bResult: 'False'
    - OutDescEst: '' 
    - ErrorMessage: ''
0248563:
    - bResult: 'False'
    - OutDescEst: '' 
    - ErrorMessage: ''
0248558:
    - bResult: 'False'
    - OutDescEst: '' 
    - ErrorMessage: ''
0248557:
    - bResult: 'False'
    - OutDescEst: '' 
    - ErrorMessage: ''
0248556:
    - bResult: 'False'
    - OutDescEst: '' 
    - ErrorMessage: ''
0248550:
    - bResult: 'False'
    - OutDescEst: '' 
    - ErrorMessage: ''
0248549:
    - bResult: 'False'
    - OutDescEst: '' 
    - ErrorMessage: ''
0248548:
    - bResult: 'False'
    - OutDescEst: 'Conn.5 ganci norm. - Int. - Est.' 
    - ErrorMessage: ''
0248547:
    - bResult: 'False'
    - OutDescEst: '' 
    - ErrorMessage: ''
0248529:
    - bResult: 'False'
    - OutDescEst: '' 
    - ErrorMessage: ''
0248528:
    - bResult: 'False'
    - OutDescEst: '' 
    - ErrorMessage: ''
0248520:
    - bResult: 'False'
    - OutDescEst: '' 
    - ErrorMessage: ''
0248519:
    - bResult: 'False'
    - OutDescEst: '' 
    - ErrorMessage: ''
0248518:
    - bResult: 'False'
    - OutDescEst: '' 
    - ErrorMessage: ''
0248517:
    - bResult: 'False'
    - OutDescEst: '' 
    - ErrorMessage: ''
0248516:
    - bResult: 'False'
    - OutDescEst: 'Conn.5 ganci norm. - Int. - Est.' 
    - ErrorMessage: ''
0248515:
    - bResult: 'False'
    - OutDescEst: 'Conn.5 ganci norm. - Int. - Est.' 
    - ErrorMessage: ''
0248511:
    - bResult: 'False'
    - OutDescEst: '' 
    - ErrorMessage: ''
0248510:
    - bResult: 'False'
    - OutDescEst: '' 
    - ErrorMessage: ''
0248509:
    - bResult: 'False'
    - OutDescEst: '' 
    - ErrorMessage: ''
0248508:
    - bResult: 'False'
    - OutDescEst: '' 
    - ErrorMessage: ''
0248507:
    - bResult: 'False'
    - OutDescEst: '' 
    - ErrorMessage: ''
0248506:
    - bResult: 'False'
    - OutDescEst: '' 
    - ErrorMessage: ''
0248505:
    - bResult: 'False'
    - OutDescEst: '' 
    - ErrorMessage: ''
0248489:
    - bResult: 'False'
    - OutDescEst: '' 
    - ErrorMessage: ''
0248488:
    - bResult: 'False'
    - OutDescEst: '  H Calp.=2482' 
    - ErrorMessage: ''
0248487:
    - bResult: 'False'
    - OutDescEst: '' 
    - ErrorMessage: ''
0248486:
    - bResult: 'False'
    - OutDescEst: '' 
    - ErrorMessage: ''
0248485:
    - bResult: 'False'
    - OutDescEst: '' 
    - ErrorMessage: ''
0248484:
    - bResult: 'False'
    - OutDescEst: '' 
    - ErrorMessage: ''
0248483:
    - bResult: 'False'
    - OutDescEst: '' 
    - ErrorMessage: ''
0248482:
    - bResult: 'False'
    - OutDescEst: '' 
    - ErrorMessage: ''
0248480:
    - bResult: 'False'
    - OutDescEst: 'Conn.5 ganci norm. - Int. - Est.' 
    - ErrorMessage: ''
0248478:
    - bResult: 'False'
    - OutDescEst: '' 
    - ErrorMessage: ''
0248477:
    - bResult: 'False'
    - OutDescEst: 'Conn.5 ganci F.S. - Int. - Est.' 
    - ErrorMessage: ''
0248476:
    - bResult: 'False'
    - OutDescEst: 'Conn.5 ganci F.S. - Int. - Est.' 
    - ErrorMessage: ''
0248475:
    - bResult: 'False'
    - OutDescEst: '' 
    - ErrorMessage: ''
0248461:
    - bResult: 'False'
    - OutDescEst: '' 
    - ErrorMessage: ''
0248460:
    - bResult: 'False'
    - OutDescEst: '' 
    - ErrorMessage: ''
0248459:
    - bResult: 'False'
    - OutDescEst: '' 
    - ErrorMessage: ''
0248458:
    - bResult: 'False'
    - OutDescEst: '' 
    - ErrorMessage: ''
0248457:
    - bResult: 'False'
    - OutDescEst: '  H Calp.=2482' 
    - ErrorMessage: ''
0248456:
    - bResult: 'False'
    - OutDescEst: '' 
    - ErrorMessage: ''
0248455:
    - bResult: 'False'
    - OutDescEst: '' 
    - ErrorMessage: ''
0248454:
    - bResult: 'False'
    - OutDescEst: '' 
    - ErrorMessage: ''
0248453:
    - bResult: 'False'
    - OutDescEst: '' 
    - ErrorMessage: ''
0248452:
    - bResult: 'False'
    - OutDescEst: '' 
    - ErrorMessage: ''
0248451:
    - bResult: 'False'
    - OutDescEst: 'Conn.5 ganci F.S. - Int. - Est.' 
    - ErrorMessage: ''
0248450:
    - bResult: 'False'
    - OutDescEst: 'Conn.5 ganci F.S. - Int. - Est.' 
    - ErrorMessage: ''
0248449:
    - bResult: 'False'
    - OutDescEst: 'Conn.5 ganci F.S. - Int. - Est.' 
    - ErrorMessage: ''
0248448:
    - bResult: 'False'
    - OutDescEst: 'Conn.5 ganci F.S. - Int. - Est.' 
    - ErrorMessage: ''
0248447:
    - bResult: 'False'
    - OutDescEst: 'Conn.5 ganci F.S. - Int. - Est.' 
    - ErrorMessage: ''
0248446:
    - bResult: 'False'
    - OutDescEst: 'Conn.5 ganci F.S. - Int. - Est.' 
    - ErrorMessage: ''
0248445:
    - bResult: 'False'
    - OutDescEst: 'Conn.5 ganci F.S. - Int. - Est.' 
    - ErrorMessage: ''
0248432:
    - bResult: 'False'
    - OutDescEst: '' 
    - ErrorMessage: ''
0248424:
    - bResult: 'False'
    - OutDescEst: 'Conn.5 ganci norm. - Int. - Est.' 
    - ErrorMessage: ''
0248423:
    - bResult: 'False'
    - OutDescEst: 'Conn.5 ganci norm. - Int. - Est.' 
    - ErrorMessage: ''
0248397:
    - bResult: 'False'
    - OutDescEst: '' 
    - ErrorMessage: ''
0248396:
    - bResult: 'False'
    - OutDescEst: '' 
    - ErrorMessage: ''
0248395:
    - bResult: 'False'
    - OutDescEst: 'Conn.5 ganci norm. - Int. - Est.' 
    - ErrorMessage: ''
0248394:
    - bResult: 'False'
    - OutDescEst: 'Conn.5 ganci norm. - Int. - Est.' 
    - ErrorMessage: ''
0248393:
    - bResult: 'False'
    - OutDescEst: '' 
    - ErrorMessage: ''
0248392:
    - bResult: 'False'
    - OutDescEst: '' 
    - ErrorMessage: ''
0248387:
    - bResult: 'False'
    - OutDescEst: 'Conn.3 ganci norm. - Int. - Est.' 
    - ErrorMessage: ''
0248386:
    - bResult: 'False'
    - OutDescEst: 'Conn.3 ganci norm. - Int. - Est.' 
    - ErrorMessage: ''
0248383:
    - bResult: 'False'
    - OutDescEst: 'Conn.3 ganci norm. - Int. - Est.' 
    - ErrorMessage: ''
0248382:
    - bResult: 'False'
    - OutDescEst: 'Conn.3 ganci norm. - Int. - Est.' 
    - ErrorMessage: ''
0248352:
    - bResult: 'False'
    - OutDescEst: '' 
    - ErrorMessage: ''
0248346:
    - bResult: 'False'
    - OutDescEst: '' 
    - ErrorMessage: ''
0248345:
    - bResult: 'False'
    - OutDescEst: '' 
    - ErrorMessage: ''
0248343:
    - bResult: 'False'
    - OutDescEst: '' 
    - ErrorMessage: ''
0248342:
    - bResult: 'False'
    - OutDescEst: '' 
    - ErrorMessage: ''
0248341:
    - bResult: 'False'
    - OutDescEst: '' 
    - ErrorMessage: ''
0248340:
    - bResult: 'False'
    - OutDescEst: '' 
    - ErrorMessage: ''
0248339:
    - bResult: 'False'
    - OutDescEst: 'Conn.5 ganci norm. - Int. - Est.' 
    - ErrorMessage: ''
0248338:
    - bResult: 'False'
    - OutDescEst: 'Conn.5 ganci norm. - Int. - Est.' 
    - ErrorMessage: ''
0248337:
    - bResult: 'False'
    - OutDescEst: '' 
    - ErrorMessage: ''
0248336:
    - bResult: 'False'
    - OutDescEst: '' 
    - ErrorMessage: ''
0248335:
    - bResult: 'False'
    - OutDescEst: 'Conn.5 ganci F.S. - Int. - Est.' 
    - ErrorMessage: ''
0248334:
    - bResult: 'False'
    - OutDescEst: 'Conn.5 ganci F.S. - Int. - Est.' 
    - ErrorMessage: ''
0248333:
    - bResult: 'False'
    - OutDescEst: 'Conn.5 ganci F.S. - Int. - Est.' 
    - ErrorMessage: ''
0248332:
    - bResult: 'False'
    - OutDescEst: '' 
    - ErrorMessage: ''
0248331:
    - bResult: 'False'
    - OutDescEst: '' 
    - ErrorMessage: ''
0248330:
    - bResult: 'False'
    - OutDescEst: '' 
    - ErrorMessage: ''
0248329:
    - bResult: 'False'
    - OutDescEst: '' 
    - ErrorMessage: ''
0248328:
    - bResult: 'False'
    - OutDescEst: '' 
    - ErrorMessage: ''
0248323:
    - bResult: 'False'
    - OutDescEst: '' 
    - ErrorMessage: ''
0248322:
    - bResult: 'False'
    - OutDescEst: '' 
    - ErrorMessage: ''
0248321:
    - bResult: 'False'
    - OutDescEst: '' 
    - ErrorMessage: ''
0248320:
    - bResult: 'False'
    - OutDescEst: '' 
    - ErrorMessage: ''
0248319:
    - bResult: 'False'
    - OutDescEst: '' 
    - ErrorMessage: ''
0248318:
    - bResult: 'False'
    - OutDescEst: '' 
    - ErrorMessage: ''
0248311:
    - bResult: 'False'
    - OutDescEst: '' 
    - ErrorMessage: ''
0248310:
    - bResult: 'False'
    - OutDescEst: '' 
    - ErrorMessage: ''
0248309:
    - bResult: 'False'
    - OutDescEst: '' 
    - ErrorMessage: ''
0248308:
    - bResult: 'False'
    - OutDescEst: '' 
    - ErrorMessage: ''
0248307:
    - bResult: 'False'
    - OutDescEst: '' 
    - ErrorMessage: ''
0248306:
    - bResult: 'False'
    - OutDescEst: '' 
    - ErrorMessage: ''
0248305:
    - bResult: 'False'
    - OutDescEst: '' 
    - ErrorMessage: ''
0248304:
    - bResult: 'False'
    - OutDescEst: '' 
    - ErrorMessage: ''
0248303:
    - bResult: 'False'
    - OutDescEst: '' 
    - ErrorMessage: ''
0248301:
    - bResult: 'False'
    - OutDescEst: '' 
    - ErrorMessage: ''
0248300:
    - bResult: 'False'
    - OutDescEst: '' 
    - ErrorMessage: ''
0248299:
    - bResult: 'False'
    - OutDescEst: '' 
    - ErrorMessage: ''
0248297:
    - bResult: 'False'
    - OutDescEst: 'Conn.5 ganci F.S. - Int. - Est.' 
    - ErrorMessage: ''
0248296:
    - bResult: 'False'
    - OutDescEst: 'Conn.5 ganci F.S. - Int. - Est.' 
    - ErrorMessage: ''
0248295:
    - bResult: 'False'
    - OutDescEst: 'Conn.5 ganci norm. - Int. - Est.' 
    - ErrorMessage: ''
0248294:
    - bResult: 'False'
    - OutDescEst: 'Conn.5 ganci norm. - Int. - Est.' 
    - ErrorMessage: ''
0248293:
    - bResult: 'False'
    - OutDescEst: '' 
    - ErrorMessage: ''
0248292:
    - bResult: 'False'
    - OutDescEst: '' 
    - ErrorMessage: ''
0248291:
    - bResult: 'False'
    - OutDescEst: '' 
    - ErrorMessage: ''
0248290:
    - bResult: 'False'
    - OutDescEst: '' 
    - ErrorMessage: ''
0248289:
    - bResult: 'False'
    - OutDescEst: '' 
    - ErrorMessage: ''
0248282:
    - bResult: 'False'
    - OutDescEst: '' 
    - ErrorMessage: ''
0248281:
    - bResult: 'False'
    - OutDescEst: '' 
    - ErrorMessage: ''
0248280:
    - bResult: 'False'
    - OutDescEst: '' 
    - ErrorMessage: ''
0248279:
    - bResult: 'False'
    - OutDescEst: '' 
    - ErrorMessage: ''
0248278:
    - bResult: 'False'
    - OutDescEst: '' 
    - ErrorMessage: ''
0248277:
    - bResult: 'False'
    - OutDescEst: '' 
    - ErrorMessage: ''
0248272:
    - bResult: 'False'
    - OutDescEst: '' 
    - ErrorMessage: ''
0248271:
    - bResult: 'False'
    - OutDescEst: 'Conn.5 ganci norm. - Int. - Est.' 
    - ErrorMessage: ''
0248270:
    - bResult: 'False'
    - OutDescEst: '' 
    - ErrorMessage: ''
0248269:
    - bResult: 'False'
    - OutDescEst: '' 
    - ErrorMessage: ''
0248268:
    - bResult: 'False'
    - OutDescEst: '' 
    - ErrorMessage: ''
0248267:
    - bResult: 'False'
    - OutDescEst: '' 
    - ErrorMessage: ''
0248266:
    - bResult: 'False'
    - OutDescEst: '' 
    - ErrorMessage: ''
0248263:
    - bResult: 'False'
    - OutDescEst: '' 
    - ErrorMessage: ''
0248262:
    - bResult: 'False'
    - OutDescEst: 'Conn.5 ganci norm. - Int. - Est.' 
    - ErrorMessage: ''
0248261:
    - bResult: 'False'
    - OutDescEst: '' 
    - ErrorMessage: ''
0248258:
    - bResult: 'False'
    - OutDescEst: 'Conn.5 ganci norm. - Int. - Est.' 
    - ErrorMessage: ''
0248255:
    - bResult: 'False'
    - OutDescEst: 'Conn.5 ganci F.S. - Int. - Est.' 
    - ErrorMessage: ''
0248254:
    - bResult: 'False'
    - OutDescEst: 'Conn.5 ganci F.S. - Int. - Est.' 
    - ErrorMessage: ''
0248253:
    - bResult: 'False'
    - OutDescEst: '' 
    - ErrorMessage: ''
0248252:
    - bResult: 'False'
    - OutDescEst: '' 
    - ErrorMessage: ''
0248250:
    - bResult: 'False'
    - OutDescEst: '' 
    - ErrorMessage: ''
0248248:
    - bResult: 'False'
    - OutDescEst: '' 
    - ErrorMessage: ''
0248247:
    - bResult: 'False'
    - OutDescEst: '' 
    - ErrorMessage: ''
0248246:
    - bResult: 'False'
    - OutDescEst: '' 
    - ErrorMessage: ''
0248245:
    - bResult: 'False'
    - OutDescEst: '' 
    - ErrorMessage: ''
0248244:
    - bResult: 'False'
    - OutDescEst: '' 
    - ErrorMessage: ''
0248243:
    - bResult: 'False'
    - OutDescEst: '' 
    - ErrorMessage: ''
0248242:
    - bResult: 'False'
    - OutDescEst: 'Conn.5 ganci norm. - Int. - Est.' 
    - ErrorMessage: ''
0248241:
    - bResult: 'False'
    - OutDescEst: '' 
    - ErrorMessage: ''
0248240:
    - bResult: 'False'
    - OutDescEst: '' 
    - ErrorMessage: ''
0248239:
    - bResult: 'False'
    - OutDescEst: '' 
    - ErrorMessage: ''
0248238:
    - bResult: 'False'
    - OutDescEst: '' 
    - ErrorMessage: ''
0248231:
    - bResult: 'False'
    - OutDescEst: 'Conn.5 ganci F.S. - Int. - Est.' 
    - ErrorMessage: ''
0248230:
    - bResult: 'False'
    - OutDescEst: '' 
    - ErrorMessage: ''
0248229:
    - bResult: 'False'
    - OutDescEst: '' 
    - ErrorMessage: ''
0248216:
    - bResult: 'False'
    - OutDescEst: '' 
    - ErrorMessage: ''
0248215:
    - bResult: 'False'
    - OutDescEst: '' 
    - ErrorMessage: ''
0248214:
    - bResult: 'False'
    - OutDescEst: '' 
    - ErrorMessage: ''
0248169:
    - bResult: 'False'
    - OutDescEst: '' 
    - ErrorMessage: ''
0248167:
    - bResult: 'False'
    - OutDescEst: '' 
    - ErrorMessage: ''
0248139:
    - bResult: 'False'
    - OutDescEst: '' 
    - ErrorMessage: ''
0248138:
    - bResult: 'False'
    - OutDescEst: '' 
    - ErrorMessage: ''
0248137:
    - bResult: 'False'
    - OutDescEst: '' 
    - ErrorMessage: ''
0248131:
    - bResult: 'False'
    - OutDescEst: '' 
    - ErrorMessage: ''
0248130:
    - bResult: 'False'
    - OutDescEst: '' 
    - ErrorMessage: ''
0248129:
    - bResult: 'False'
    - OutDescEst: '' 
    - ErrorMessage: ''
0248122:
    - bResult: 'False'
    - OutDescEst: '' 
    - ErrorMessage: ''
0248121:
    - bResult: 'False'
    - OutDescEst: '' 
    - ErrorMessage: ''
0248120:
    - bResult: 'False'
    - OutDescEst: '' 
    - ErrorMessage: ''
0248113:
    - bResult: 'False'
    - OutDescEst: 'Conn.5 ganci norm. - Int. - Est.' 
    - ErrorMessage: ''
0248112:
    - bResult: 'False'
    - OutDescEst: 'Conn.5 ganci norm. - Int. - Est.' 
    - ErrorMessage: ''
0248087:
    - bResult: 'False'
    - OutDescEst: '' 
    - ErrorMessage: ''
0248086:
    - bResult: 'False'
    - OutDescEst: '' 
    - ErrorMessage: ''
0248085:
    - bResult: 'False'
    - OutDescEst: '' 
    - ErrorMessage: ''
0248084:
    - bResult: 'False'
    - OutDescEst: '' 
    - ErrorMessage: ''
0248083:
    - bResult: 'False'
    - OutDescEst: '' 
    - ErrorMessage: ''
0248082:
    - bResult: 'False'
    - OutDescEst: '  H Calp.=3112' 
    - ErrorMessage: ''
0248075:
    - bResult: 'False'
    - OutDescEst: '' 
    - ErrorMessage: ''
0248074:
    - bResult: 'False'
    - OutDescEst: '' 
    - ErrorMessage: ''
0248073:
    - bResult: 'False'
    - OutDescEst: '' 
    - ErrorMessage: ''
0248072:
    - bResult: 'False'
    - OutDescEst: '' 
    - ErrorMessage: ''
0248071:
    - bResult: 'False'
    - OutDescEst: '' 
    - ErrorMessage: ''
0248062:
    - bResult: 'False'
    - OutDescEst: '' 
    - ErrorMessage: ''
0248059:
    - bResult: 'False'
    - OutDescEst: 'Conn.5 ganci norm. - Int. - Est.' 
    - ErrorMessage: ''
0248058:
    - bResult: 'False'
    - OutDescEst: 'Conn.5 ganci norm. - Int. - Est.' 
    - ErrorMessage: ''
0248052:
    - bResult: 'False'
    - OutDescEst: '' 
    - ErrorMessage: ''
0248051:
    - bResult: 'False'
    - OutDescEst: '' 
    - ErrorMessage: ''
0248050:
    - bResult: 'False'
    - OutDescEst: '' 
    - ErrorMessage: ''
0248049:
    - bResult: 'False'
    - OutDescEst: '' 
    - ErrorMessage: ''
0248037:
    - bResult: 'False'
    - OutDescEst: '' 
    - ErrorMessage: ''
0248033:
    - bResult: 'False'
    - OutDescEst: '' 
    - ErrorMessage: ''
0248032:
    - bResult: 'False'
    - OutDescEst: '' 
    - ErrorMessage: ''
0248031:
    - bResult: 'False'
    - OutDescEst: '' 
    - ErrorMessage: ''
0248022:
    - bResult: 'False'
    - OutDescEst: '' 
    - ErrorMessage: ''
0248021:
    - bResult: 'False'
    - OutDescEst: '' 
    - ErrorMessage: ''
0248020:
    - bResult: 'False'
    - OutDescEst: 'Conn.5 ganci norm. - Int. - Est.' 
    - ErrorMessage: ''
0248019:
    - bResult: 'False'
    - OutDescEst: 'Conn.5 ganci F.S. - Int. - Est.' 
    - ErrorMessage: ''
0248018:
    - bResult: 'False'
    - OutDescEst: '' 
    - ErrorMessage: ''
0248017:
    - bResult: 'False'
    - OutDescEst: '' 
    - ErrorMessage: ''
0248015:
    - bResult: 'False'
    - OutDescEst: '' 
    - ErrorMessage: ''
0248014:
    - bResult: 'False'
    - OutDescEst: '' 
    - ErrorMessage: ''
0248013:
    - bResult: 'False'
    - OutDescEst: 'Conn.5 ganci norm. - Int. - Est.' 
    - ErrorMessage: ''
0248012:
    - bResult: 'False'
    - OutDescEst: 'Conn.5 ganci norm. - Int. - Est.' 
    - ErrorMessage: ''
0248011:
    - bResult: 'False'
    - OutDescEst: 'Conn.5 ganci norm. - Int. - Est.' 
    - ErrorMessage: ''
0248010:
    - bResult: 'False'
    - OutDescEst: 'Conn.5 ganci norm. - Int. - Est.' 
    - ErrorMessage: ''
0248007:
    - bResult: 'False'
    - OutDescEst: '' 
    - ErrorMessage: ''
0248006:
    - bResult: 'False'
    - OutDescEst: '' 
    - ErrorMessage: ''
0248005:
    - bResult: 'False'
    - OutDescEst: '' 
    - ErrorMessage: ''
0248004:
    - bResult: 'False'
    - OutDescEst: '' 
    - ErrorMessage: ''
0248003:
    - bResult: 'False'
    - OutDescEst: '' 
    - ErrorMessage: ''
0248002:
    - bResult: 'False'
    - OutDescEst: '' 
    - ErrorMessage: ''
0248001:
    - bResult: 'False'
    - OutDescEst: 'Conn.5 ganci norm. - Int. - Est.' 
    - ErrorMessage: ''
0248000:
    - bResult: 'False'
    - OutDescEst: 'Conn.5 ganci norm. - Int. - Est.' 
    - ErrorMessage: ''
0247999:
    - bResult: 'False'
    - OutDescEst: 'Conn.5 ganci norm. - Int. - Est.' 
    - ErrorMessage: ''
0247998:
    - bResult: 'False'
    - OutDescEst: 'Conn.5 ganci norm. - Int. - Est.' 
    - ErrorMessage: ''
0247997:
    - bResult: 'False'
    - OutDescEst: 'Conn.5 ganci norm. - Int. - Est.' 
    - ErrorMessage: ''
0247996:
    - bResult: 'False'
    - OutDescEst: 'Conn.5 ganci norm. - Int. - Est.' 
    - ErrorMessage: ''
0247991:
    - bResult: 'False'
    - OutDescEst: '' 
    - ErrorMessage: ''
0247990:
    - bResult: 'False'
    - OutDescEst: '' 
    - ErrorMessage: ''
0247989:
    - bResult: 'False'
    - OutDescEst: '' 
    - ErrorMessage: ''
0247987:
    - bResult: 'False'
    - OutDescEst: '' 
    - ErrorMessage: ''
0247986:
    - bResult: 'False'
    - OutDescEst: '' 
    - ErrorMessage: ''
0247981:
    - bResult: 'False'
    - OutDescEst: '' 
    - ErrorMessage: ''
0247980:
    - bResult: 'False'
    - OutDescEst: '' 
    - ErrorMessage: ''
0247978:
    - bResult: 'False'
    - OutDescEst: '' 
    - ErrorMessage: ''
0247977:
    - bResult: 'False'
    - OutDescEst: '' 
    - ErrorMessage: ''
0247976:
    - bResult: 'False'
    - OutDescEst: '' 
    - ErrorMessage: ''
0247974:
    - bResult: 'False'
    - OutDescEst: '' 
    - ErrorMessage: ''
0247973:
    - bResult: 'False'
    - OutDescEst: '' 
    - ErrorMessage: ''
0247971:
    - bResult: 'False'
    - OutDescEst: '' 
    - ErrorMessage: ''
0247970:
    - bResult: 'False'
    - OutDescEst: '' 
    - ErrorMessage: ''
0247969:
    - bResult: 'False'
    - OutDescEst: '' 
    - ErrorMessage: ''
0247967:
    - bResult: 'False'
    - OutDescEst: '' 
    - ErrorMessage: ''
0247965:
    - bResult: 'False'
    - OutDescEst: 'Conn.5 ganci norm. - Int. - Est.' 
    - ErrorMessage: ''
0247964:
    - bResult: 'False'
    - OutDescEst: 'Conn.5 ganci norm. - Int. - Est.' 
    - ErrorMessage: ''
0247962:
    - bResult: 'False'
    - OutDescEst: '' 
    - ErrorMessage: ''
0247961:
    - bResult: 'False'
    - OutDescEst: '' 
    - ErrorMessage: ''
0247958:
    - bResult: 'False'
    - OutDescEst: '' 
    - ErrorMessage: ''
0247957:
    - bResult: 'False'
    - OutDescEst: '' 
    - ErrorMessage: ''
0247956:
    - bResult: 'False'
    - OutDescEst: '' 
    - ErrorMessage: ''
0247955:
    - bResult: 'False'
    - OutDescEst: '' 
    - ErrorMessage: ''
0247909:
    - bResult: 'False'
    - OutDescEst: '' 
    - ErrorMessage: ''
0247905:
    - bResult: 'False'
    - OutDescEst: '' 
    - ErrorMessage: ''
0247902:
    - bResult: 'False'
    - OutDescEst: '' 
    - ErrorMessage: ''
0247901:
    - bResult: 'False'
    - OutDescEst: '' 
    - ErrorMessage: ''
0247899:
    - bResult: 'False'
    - OutDescEst: '' 
    - ErrorMessage: ''
0247898:
    - bResult: 'False'
    - OutDescEst: '' 
    - ErrorMessage: ''
0247897:
    - bResult: 'False'
    - OutDescEst: '' 
    - ErrorMessage: ''
0247896:
    - bResult: 'False'
    - OutDescEst: '' 
    - ErrorMessage: ''
0247893:
    - bResult: 'False'
    - OutDescEst: '' 
    - ErrorMessage: ''
0247891:
    - bResult: 'False'
    - OutDescEst: '' 
    - ErrorMessage: ''
0247890:
    - bResult: 'False'
    - OutDescEst: 'Conn.5 ganci norm. - Int. - Est.' 
    - ErrorMessage: ''
0247888:
    - bResult: 'False'
    - OutDescEst: '' 
    - ErrorMessage: ''
0247887:
    - bResult: 'False'
    - OutDescEst: '' 
    - ErrorMessage: ''
0247886:
    - bResult: 'False'
    - OutDescEst: '' 
    - ErrorMessage: ''
0247880:
    - bResult: 'False'
    - OutDescEst: '' 
    - ErrorMessage: ''
0247879:
    - bResult: 'False'
    - OutDescEst: '' 
    - ErrorMessage: ''
0247878:
    - bResult: 'False'
    - OutDescEst: 'Conn.5 ganci norm. - Int. - Est.' 
    - ErrorMessage: ''
0247877:
    - bResult: 'False'
    - OutDescEst: 'Conn.5 ganci norm. - Int. - Est.' 
    - ErrorMessage: ''
0247876:
    - bResult: 'False'
    - OutDescEst: '' 
    - ErrorMessage: ''
0247875:
    - bResult: 'False'
    - OutDescEst: 'Conn.5 ganci F.S. - Int. - Est.' 
    - ErrorMessage: ''
0247874:
    - bResult: 'False'
    - OutDescEst: 'Conn.5 ganci F.S. - Int. - Est.' 
    - ErrorMessage: ''
0247840:
    - bResult: 'False'
    - OutDescEst: 'Conn.5 ganci norm. - Int. - Est.' 
    - ErrorMessage: ''
0247839:
    - bResult: 'False'
    - OutDescEst: 'Conn.5 ganci norm. - Int. - Est.' 
    - ErrorMessage: ''
0247838:
    - bResult: 'False'
    - OutDescEst: 'Conn.5 ganci norm. - Int. - Est.' 
    - ErrorMessage: ''
0247837:
    - bResult: 'False'
    - OutDescEst: 'Conn.5 ganci norm. - Int. - Est.' 
    - ErrorMessage: ''
0247836:
    - bResult: 'False'
    - OutDescEst: 'Conn.5 ganci norm. - Int. - Est.' 
    - ErrorMessage: ''
