0280263:
    - bResult: 'False'
    - OutDescEst: ' - Sx Con.5G Norm - Rinforzo 35x10' 
    - ErrorMessage: ''
0280264:
    - bResult: 'False'
    - OutDescEst: ' - Sx Con.5G Norm - Rinforzo 35x10' 
    - ErrorMessage: ''
0280265:
    - bResult: 'False'
    - OutDescEst: ' (INT ) (EST )' 
    - ErrorMessage: ''
0280266:
    - bResult: 'False'
    - OutDescEst: ' (INT ) (EST )' 
    - ErrorMessage: ''
0287320:
    - bResult: 'False'
    - OutDescEst: ' (INT ) (EST )' 
    - ErrorMessage: ''
0287321:
    - bResult: 'False'
    - OutDescEst: ' (INT ) (EST )' 
    - ErrorMessage: ''
0287322:
    - bResult: 'False'
    - OutDescEst: ' (INT ) (EST )' 
    - ErrorMessage: ''
0287323:
    - bResult: 'False'
    - OutDescEst: ' (INT ) (EST )' 
    - ErrorMessage: ''
0287324:
    - bResult: 'False'
    - OutDescEst: ' (INT ) (EST )' 
    - ErrorMessage: ''
0287325:
    - bResult: 'False'
    - OutDescEst: ' (INT ) (EST )' 
    - ErrorMessage: ''
0287591:
    - bResult: 'False'
    - OutDescEst: ' (INT ) (EST )' 
    - ErrorMessage: ''
0287592:
    - bResult: 'False'
    - OutDescEst: ' (INT ) (EST )' 
    - ErrorMessage: ''
0287593:
    - bResult: 'False'
    - OutDescEst: ' (INT ) (EST )' 
    - ErrorMessage: ''
0287594:
    - bResult: 'False'
    - OutDescEst: ' (INT ) (EST )' 
    - ErrorMessage: ''
0287835:
    - bResult: 'False'
    - OutDescEst: ' (INT ) (EST )' 
    - ErrorMessage: ''
0287836:
    - bResult: 'False'
    - OutDescEst: ' (INT ) (EST )' 
    - ErrorMessage: ''
0288027:
    - bResult: 'False'
    - OutDescEst: '' 
    - ErrorMessage: ''
0288028:
    - bResult: 'False'
    - OutDescEst: '' 
    - ErrorMessage: ''
0288520:
    - bResult: 'False'
    - OutDescEst: '' 
    - ErrorMessage: ''
0288521:
    - bResult: 'False'
    - OutDescEst: '' 
    - ErrorMessage: ''
0289547:
    - bResult: 'False'
    - OutDescEst: ' - Sx Con.3G Norm' 
    - ErrorMessage: ''
1000277:
    - bResult: 'False'
    - OutDescEst: ' - Sx Con.3G Norm' 
    - ErrorMessage: ''
1000279:
    - bResult: 'False'
    - OutDescEst: ' - Sx Con.3G Norm' 
    - ErrorMessage: ''
1000280:
    - bResult: 'False'
    - OutDescEst: '' 
    - ErrorMessage: ''
1000282:
    - bResult: 'False'
    - OutDescEst: '' 
    - ErrorMessage: ''
1000283:
    - bResult: 'False'
    - OutDescEst: 'Conn.5 ganci norm. - Int. - Est.' 
    - ErrorMessage: ''
1000335:
    - bResult: 'False'
    - OutDescEst: ' Agg.sup.st.47 - Spes.calp.sup.00 - Agg.inf.standard - Spes.calp.inf.00' 
    - ErrorMessage: ''
1000336:
    - bResult: 'False'
    - OutDescEst: ' Agg.sup.st.47 - Spes.calp.sup.00 - Agg.inf.standard - Spes.calp.inf.00' 
    - ErrorMessage: ''
1000338:
    - bResult: 'False'
    - OutDescEst: ' Agg.sup.st.77 - Spes.calp.sup.93 - Agg.inf.st.47 - Spes.calp.inf.00' 
    - ErrorMessage: ''
1000339:
    - bResult: 'False'
    - OutDescEst: ' Agg.sup.st.77 - Spes.calp.sup.93 - Agg.inf.st.47 - Spes.calp.inf.00' 
    - ErrorMessage: ''
1000340:
    - bResult: 'False'
    - OutDescEst: ' Agg.sup.st.77 - Spes.calp.sup.93 - Agg.inf.st.47 - Spes.calp.inf.00' 
    - ErrorMessage: ''
1000342:
    - bResult: 'False'
    - OutDescEst: '' 
    - ErrorMessage: ''
1000343:
    - bResult: 'False'
    - OutDescEst: '' 
    - ErrorMessage: ''
1000363:
    - bResult: 'False'
    - OutDescEst: '' 
    - ErrorMessage: ''
1000364:
    - bResult: 'False'
    - OutDescEst: '' 
    - ErrorMessage: ''
1000366:
    - bResult: 'False'
    - OutDescEst: ' Mont.A - Ang.Asol.Singolo - ""' 
    - ErrorMessage: ''
1000367:
    - bResult: 'False'
    - OutDescEst: ' Mont.A - Ang.Asol.Doppio - ""' 
    - ErrorMessage: ''
1000369:
    - bResult: 'True'
    - OutDescEst: ' Mont.A - Ang.Asol.Doppio - ""' 
    - ErrorMessage: 'No properties for this Code: 1000369 []'
1000370:
    - bResult: 'False'
    - OutDescEst: '' 
    - ErrorMessage: ''
1000373:
    - bResult: 'False'
    - OutDescEst: ' Mont.A - Ang.Asol.Singolo - con fermapallet' 
    - ErrorMessage: ''
1000375:
    - bResult: 'True'
    - OutDescEst: ' Mont.A - Ang.Asol.Singolo - con fermapallet' 
    - ErrorMessage: 'No properties for this Code: 1000375 []'
1000605:
    - bResult: 'False'
    - OutDescEst: '' 
    - ErrorMessage: ''
1000606:
    - bResult: 'False'
    - OutDescEst: '' 
    - ErrorMessage: ''
1000691:
    - bResult: 'False'
    - OutDescEst: '' 
    - ErrorMessage: ''
1000692:
    - bResult: 'False'
    - OutDescEst: '' 
    - ErrorMessage: ''
1000695:
    - bResult: 'False'
    - OutDescEst: '' 
    - ErrorMessage: ''
1000696:
    - bResult: 'False'
    - OutDescEst: '' 
    - ErrorMessage: ''
