0040044:
    - bResult: 'False'
    - OutDescEst: ' Tagliare sotto 38 mm ' 
    - ErrorMessage: ''
0041268:
    - bResult: 'False'
    - OutDescEst: ' Tagliare sotto 32 mm ' 
    - ErrorMessage: ''
0041269:
    - bResult: 'False'
    - OutDescEst: ' Tagliare sotto 32 mm ' 
    - ErrorMessage: ''
0042224:
    - bResult: 'False'
    - OutDescEst: ' Tagliare sotto 32 mm ' 
    - ErrorMessage: ''
0042225:
    - bResult: 'False'
    - OutDescEst: ' Tagliare sotto 32 mm ' 
    - ErrorMessage: ''
0046011:
    - bResult: 'False'
    - OutDescEst: ' Tagliare sotto 32 mm ' 
    - ErrorMessage: ''
0046016:
    - bResult: 'False'
    - OutDescEst: ' Tagliare sotto 32 mm ' 
    - ErrorMessage: ''
0046671:
    - bResult: 'False'
    - OutDescEst: ' Tagliare sotto 32 mm ' 
    - ErrorMessage: ''
0046672:
    - bResult: 'False'
    - OutDescEst: ' Tagliare sotto 32 mm ' 
    - ErrorMessage: ''
0046916:
    - bResult: 'False'
    - OutDescEst: ' Tagliare sotto 32 mm ' 
    - ErrorMessage: ''
0046917:
    - bResult: 'False'
    - OutDescEst: ' Tagliare sotto 32 mm ' 
    - ErrorMessage: ''
0047138:
    - bResult: 'False'
    - OutDescEst: ' Tagliare sotto 32 mm ' 
    - ErrorMessage: ''
0047437:
    - bResult: 'False'
    - OutDescEst: ' Tagliare sotto 32 mm ' 
    - ErrorMessage: ''
0050253:
    - bResult: 'False'
    - OutDescEst: ' Tagliare sotto 32 mm ' 
    - ErrorMessage: ''
0050254:
    - bResult: 'False'
    - OutDescEst: ' Tagliare sotto 32 mm ' 
    - ErrorMessage: ''
0051050:
    - bResult: 'False'
    - OutDescEst: ' Tagliare sotto 32 mm ' 
    - ErrorMessage: ''
0051051:
    - bResult: 'False'
    - OutDescEst: ' Tagliare sotto 32 mm ' 
    - ErrorMessage: ''
0053779:
    - bResult: 'False'
    - OutDescEst: ' Tagliare sotto 32 mm ' 
    - ErrorMessage: ''
0053780:
    - bResult: 'False'
    - OutDescEst: ' Tagliare sotto 32 mm ' 
    - ErrorMessage: ''
0056011:
    - bResult: 'False'
    - OutDescEst: ' Tagliare sotto 32 mm ' 
    - ErrorMessage: ''
0056012:
    - bResult: 'False'
    - OutDescEst: ' Tagliare sotto 32 mm ' 
    - ErrorMessage: ''
0056247:
    - bResult: 'False'
    - OutDescEst: ' Tagliare sotto 32 mm ' 
    - ErrorMessage: ''
0056248:
    - bResult: 'False'
    - OutDescEst: ' Tagliare sotto 32 mm ' 
    - ErrorMessage: ''
0056616:
    - bResult: 'False'
    - OutDescEst: ' Tagliare sotto 32 mm ' 
    - ErrorMessage: ''
0056617:
    - bResult: 'False'
    - OutDescEst: ' Tagliare sotto 32 mm ' 
    - ErrorMessage: ''
0059263:
    - bResult: 'False'
    - OutDescEst: ' Tagliare sotto 32 mm ' 
    - ErrorMessage: ''
0060123:
    - bResult: 'False'
    - OutDescEst: ' Tagliare sotto 32 mm ' 
    - ErrorMessage: ''
0060124:
    - bResult: 'False'
    - OutDescEst: ' Tagliare sotto 32 mm ' 
    - ErrorMessage: ''
0060138:
    - bResult: 'False'
    - OutDescEst: ' Tagliare sotto 32 mm ' 
    - ErrorMessage: ''
0062874:
    - bResult: 'False'
    - OutDescEst: ' Tagliare sotto 32 mm ' 
    - ErrorMessage: ''
0062875:
    - bResult: 'False'
    - OutDescEst: ' Tagliare sotto 32 mm ' 
    - ErrorMessage: ''
0066169:
    - bResult: 'False'
    - OutDescEst: ' Tagliare sotto 32 mm ' 
    - ErrorMessage: ''
0066170:
    - bResult: 'False'
    - OutDescEst: ' Tagliare sotto 32 mm ' 
    - ErrorMessage: ''
0067129:
    - bResult: 'False'
    - OutDescEst: ' Tagliare sotto 32 mm ' 
    - ErrorMessage: ''
0069450:
    - bResult: 'False'
    - OutDescEst: ' Tagliare sotto 32 mm ' 
    - ErrorMessage: ''
0069453:
    - bResult: 'False'
    - OutDescEst: ' Tagliare sotto 32 mm ' 
    - ErrorMessage: ''
0069454:
    - bResult: 'False'
    - OutDescEst: ' Tagliare sotto 32 mm ' 
    - ErrorMessage: ''
0070751:
    - bResult: 'False'
    - OutDescEst: ' Tagliare sotto 32 mm ' 
    - ErrorMessage: ''
0070752:
    - bResult: 'False'
    - OutDescEst: ' Tagliare sotto 32 mm ' 
    - ErrorMessage: ''
0070755:
    - bResult: 'False'
    - OutDescEst: ' Tagliare sotto 32 mm ' 
    - ErrorMessage: ''
0070756:
    - bResult: 'False'
    - OutDescEst: ' Tagliare sotto 32 mm ' 
    - ErrorMessage: ''
0073331:
    - bResult: 'False'
    - OutDescEst: ' Tagliare sotto 32 mm ' 
    - ErrorMessage: ''
0073332:
    - bResult: 'False'
    - OutDescEst: ' Tagliare sotto 32 mm ' 
    - ErrorMessage: ''
0073876:
    - bResult: 'False'
    - OutDescEst: ' Tagliare sotto 12 mm Tagliare sopra 12 mm' 
    - ErrorMessage: ''
0076235:
    - bResult: 'False'
    - OutDescEst: ' Tagliare sotto 32 mm ' 
    - ErrorMessage: ''
0076236:
    - bResult: 'False'
    - OutDescEst: ' Tagliare sotto 32 mm ' 
    - ErrorMessage: ''
0076290:
    - bResult: 'False'
    - OutDescEst: ' Tagliare sotto 32 mm ' 
    - ErrorMessage: ''
0076298:
    - bResult: 'False'
    - OutDescEst: ' Tagliare sotto 32 mm ' 
    - ErrorMessage: ''
0077368:
    - bResult: 'False'
    - OutDescEst: ' Tagliare sotto 32 mm ' 
    - ErrorMessage: ''
0078750:
    - bResult: 'False'
    - OutDescEst: ' Tagliare sotto 32 mm ' 
    - ErrorMessage: ''
0079174:
    - bResult: 'False'
    - OutDescEst: ' Tagliare sotto 32 mm ' 
    - ErrorMessage: ''
0079175:
    - bResult: 'False'
    - OutDescEst: ' Tagliare sotto 32 mm ' 
    - ErrorMessage: ''
0080676:
    - bResult: 'False'
    - OutDescEst: ' Tagliare sotto 36 mm ' 
    - ErrorMessage: ''
0081955:
    - bResult: 'False'
    - OutDescEst: ' Tagliare sotto 30 mm ' 
    - ErrorMessage: ''
0086267:
    - bResult: 'False'
    - OutDescEst: ' Tagliare sotto 32 mm ' 
    - ErrorMessage: ''
0087914:
    - bResult: 'False'
    - OutDescEst: ' Tagliare sotto 32 mm ' 
    - ErrorMessage: ''
0089807:
    - bResult: 'False'
    - OutDescEst: ' Tagliare sotto 32 mm ' 
    - ErrorMessage: ''
0090968:
    - bResult: 'False'
    - OutDescEst: ' Tagliare sotto 24 mm ' 
    - ErrorMessage: ''
0092063:
    - bResult: 'False'
    - OutDescEst: ' Tagliare sotto 32 mm ' 
    - ErrorMessage: ''
0093344:
    - bResult: 'False'
    - OutDescEst: ' Tagliare sotto 32 mm ' 
    - ErrorMessage: ''
0096933:
    - bResult: 'False'
    - OutDescEst: ' Tagliare sotto 9 mm ' 
    - ErrorMessage: ''
0097247:
    - bResult: 'False'
    - OutDescEst: ' Tagliare sotto 10 mm Tagliare sopra 10 mm' 
    - ErrorMessage: ''
0099438:
    - bResult: 'False'
    - OutDescEst: ' Tagliare sotto 32 mm ' 
    - ErrorMessage: ''
0099439:
    - bResult: 'False'
    - OutDescEst: ' Tagliare sotto 32 mm ' 
    - ErrorMessage: ''
0102642:
    - bResult: 'False'
    - OutDescEst: ' Tagliare sotto 35 mm ' 
    - ErrorMessage: ''
0105542:
    - bResult: 'False'
    - OutDescEst: ' Tagliare sotto 32 mm ' 
    - ErrorMessage: ''
0106011:
    - bResult: 'False'
    - OutDescEst: ' Tagliare sotto 6 mm ' 
    - ErrorMessage: ''
0106012:
    - bResult: 'False'
    - OutDescEst: ' Tagliare sotto 6 mm ' 
    - ErrorMessage: ''
0107858:
    - bResult: 'False'
    - OutDescEst: ' Tagliare sotto 30 mm ' 
    - ErrorMessage: ''
0113052:
    - bResult: 'False'
    - OutDescEst: ' Tagliare sotto 32 mm ' 
    - ErrorMessage: ''
0113720:
    - bResult: 'False'
    - OutDescEst: ' Tagliare sotto 4 mm ' 
    - ErrorMessage: ''
0113721:
    - bResult: 'False'
    - OutDescEst: ' Tagliare sotto 4 mm ' 
    - ErrorMessage: ''
0115392:
    - bResult: 'False'
    - OutDescEst: ' Tagliare sotto 24 mm ' 
    - ErrorMessage: ''
0116702:
    - bResult: 'False'
    - OutDescEst: ' Tagliare sotto 32 mm ' 
    - ErrorMessage: ''
0116703:
    - bResult: 'False'
    - OutDescEst: ' Tagliare sotto 32 mm ' 
    - ErrorMessage: ''
0118226:
    - bResult: 'False'
    - OutDescEst: ' Tagliare sotto 4 mm ' 
    - ErrorMessage: ''
0119614:
    - bResult: 'False'
    - OutDescEst: ' Tagliare sotto 8 mm ' 
    - ErrorMessage: ''
0119646:
    - bResult: 'False'
    - OutDescEst: ' Tagliare sotto 38 mm ' 
    - ErrorMessage: ''
0122048:
    - bResult: 'False'
    - OutDescEst: ' Tagliare sotto 14 mm ' 
    - ErrorMessage: ''
0122232:
    - bResult: 'False'
    - OutDescEst: ' Tagliare sotto 32 mm ' 
    - ErrorMessage: ''
0122759:
    - bResult: 'False'
    - OutDescEst: ' Tagliare sotto 32 mm ' 
    - ErrorMessage: ''
0122867:
    - bResult: 'False'
    - OutDescEst: ' Tagliare sotto 32 mm ' 
    - ErrorMessage: ''
0123038:
    - bResult: 'False'
    - OutDescEst: ' Tagliare sotto 32 mm ' 
    - ErrorMessage: ''
0123039:
    - bResult: 'False'
    - OutDescEst: ' Tagliare sotto 32 mm ' 
    - ErrorMessage: ''
0123040:
    - bResult: 'False'
    - OutDescEst: ' Tagliare sotto 32 mm ' 
    - ErrorMessage: ''
0123041:
    - bResult: 'False'
    - OutDescEst: ' Tagliare sotto 32 mm ' 
    - ErrorMessage: ''
0123042:
    - bResult: 'False'
    - OutDescEst: ' Tagliare sotto 32 mm ' 
    - ErrorMessage: ''
0123043:
    - bResult: 'False'
    - OutDescEst: ' Tagliare sotto 32 mm ' 
    - ErrorMessage: ''
0123044:
    - bResult: 'False'
    - OutDescEst: ' Tagliare sotto 32 mm ' 
    - ErrorMessage: ''
0123045:
    - bResult: 'False'
    - OutDescEst: ' Tagliare sotto 32 mm ' 
    - ErrorMessage: ''
0123537:
    - bResult: 'False'
    - OutDescEst: ' Tagliare sotto 20 mm ' 
    - ErrorMessage: ''
0124771:
    - bResult: 'False'
    - OutDescEst: ' Tagliare sotto 32 mm ' 
    - ErrorMessage: ''
0124772:
    - bResult: 'False'
    - OutDescEst: ' Tagliare sotto 32 mm ' 
    - ErrorMessage: ''
0125190:
    - bResult: 'False'
    - OutDescEst: ' Tagliare sotto 32 mm ' 
    - ErrorMessage: ''
0126486:
    - bResult: 'False'
    - OutDescEst: ' Tagliare sotto 32 mm ' 
    - ErrorMessage: ''
0126487:
    - bResult: 'False'
    - OutDescEst: ' Tagliare sotto 44 mm Tagliare sopra 29 mm' 
    - ErrorMessage: ''
0127253:
    - bResult: 'False'
    - OutDescEst: ' Tagliare sotto 32 mm ' 
    - ErrorMessage: ''
0127254:
    - bResult: 'False'
    - OutDescEst: ' Tagliare sotto 32 mm ' 
    - ErrorMessage: ''
0128020:
    - bResult: 'False'
    - OutDescEst: ' Tagliare sotto 16 mm ' 
    - ErrorMessage: ''
0132621:
    - bResult: 'False'
    - OutDescEst: ' Tagliare sotto 32 mm ' 
    - ErrorMessage: ''
0132798:
    - bResult: 'False'
    - OutDescEst: ' Tagliare sotto 32 mm ' 
    - ErrorMessage: ''
0133191:
    - bResult: 'False'
    - OutDescEst: ' Tagliare sotto 25 mm ' 
    - ErrorMessage: ''
0133192:
    - bResult: 'False'
    - OutDescEst: ' Tagliare sotto 25 mm ' 
    - ErrorMessage: ''
0133931:
    - bResult: 'False'
    - OutDescEst: ' Tagliare sotto 32 mm ' 
    - ErrorMessage: ''
0134819:
    - bResult: 'False'
    - OutDescEst: ' Tagliare sotto 32 mm ' 
    - ErrorMessage: ''
0134820:
    - bResult: 'False'
    - OutDescEst: ' Tagliare sotto 32 mm ' 
    - ErrorMessage: ''
0135968:
    - bResult: 'False'
    - OutDescEst: ' Tagliare sotto 14 mm ' 
    - ErrorMessage: ''
0136081:
    - bResult: 'False'
    - OutDescEst: '  Tagliare sopra 37 mm' 
    - ErrorMessage: ''
0136082:
    - bResult: 'False'
    - OutDescEst: '  Tagliare sopra 45 mm' 
    - ErrorMessage: ''
0136083:
    - bResult: 'False'
    - OutDescEst: '  Tagliare sopra 30 mm' 
    - ErrorMessage: ''
0136507:
    - bResult: 'False'
    - OutDescEst: ' Tagliare sotto 22 mm ' 
    - ErrorMessage: ''
0136723:
    - bResult: 'False'
    - OutDescEst: ' Tagliare sotto 32 mm ' 
    - ErrorMessage: ''
0136724:
    - bResult: 'False'
    - OutDescEst: ' Tagliare sotto 32 mm ' 
    - ErrorMessage: ''
0137174:
    - bResult: 'False'
    - OutDescEst: ' Tagliare sotto 32 mm ' 
    - ErrorMessage: ''
0137176:
    - bResult: 'False'
    - OutDescEst: ' Tagliare sotto 32 mm ' 
    - ErrorMessage: ''
0137488:
    - bResult: 'False'
    - OutDescEst: ' Tagliare sotto 32 mm ' 
    - ErrorMessage: ''
0137497:
    - bResult: 'False'
    - OutDescEst: ' Tagliare sotto 32 mm ' 
    - ErrorMessage: ''
0137498:
    - bResult: 'False'
    - OutDescEst: ' Tagliare sotto 32 mm ' 
    - ErrorMessage: ''
0138040:
    - bResult: 'False'
    - OutDescEst: ' Tagliare sotto 32 mm ' 
    - ErrorMessage: ''
0138059:
    - bResult: 'False'
    - OutDescEst: ' Tagliare sotto 22 mm Tagliare sopra 22 mm' 
    - ErrorMessage: ''
0138062:
    - bResult: 'False'
    - OutDescEst: ' Tagliare sotto 22 mm Tagliare sopra 22 mm' 
    - ErrorMessage: ''
0138110:
    - bResult: 'False'
    - OutDescEst: ' Tagliare sotto 32 mm ' 
    - ErrorMessage: ''
0138570:
    - bResult: 'False'
    - OutDescEst: ' Tagliare sotto 2 mm ' 
    - ErrorMessage: ''
0138571:
    - bResult: 'False'
    - OutDescEst: ' Tagliare sotto 12 mm ' 
    - ErrorMessage: ''
0138744:
    - bResult: 'False'
    - OutDescEst: ' Tagliare sotto 32 mm ' 
    - ErrorMessage: ''
0138745:
    - bResult: 'False'
    - OutDescEst: ' Tagliare sotto 32 mm ' 
    - ErrorMessage: ''
0139604:
    - bResult: 'False'
    - OutDescEst: ' Tagliare sotto 32 mm ' 
    - ErrorMessage: ''
0139649:
    - bResult: 'False'
    - OutDescEst: ' Tagliare sotto 4 mm ' 
    - ErrorMessage: ''
0139651:
    - bResult: 'False'
    - OutDescEst: ' Tagliare sotto 4 mm ' 
    - ErrorMessage: ''
0139657:
    - bResult: 'False'
    - OutDescEst: ' Tagliare sotto 32 mm ' 
    - ErrorMessage: ''
0139806:
    - bResult: 'False'
    - OutDescEst: ' Tagliare sotto 38 mm ' 
    - ErrorMessage: ''
0139828:
    - bResult: 'False'
    - OutDescEst: ' Tagliare sotto 32 mm ' 
    - ErrorMessage: ''
0139906:
    - bResult: 'False'
    - OutDescEst: ' Tagliare sotto 4 mm ' 
    - ErrorMessage: ''
0139908:
    - bResult: 'False'
    - OutDescEst: ' Tagliare sotto 4 mm ' 
    - ErrorMessage: ''
0139942:
    - bResult: 'False'
    - OutDescEst: ' Tagliare sotto 46 mm ' 
    - ErrorMessage: ''
0140419:
    - bResult: 'False'
    - OutDescEst: ' Tagliare sotto 32 mm ' 
    - ErrorMessage: ''
0140420:
    - bResult: 'False'
    - OutDescEst: ' Tagliare sotto 32 mm ' 
    - ErrorMessage: ''
0141477:
    - bResult: 'False'
    - OutDescEst: ' Tagliare sotto 11 mm ' 
    - ErrorMessage: ''
0142081:
    - bResult: 'False'
    - OutDescEst: ' Tagliare sotto 11 mm ' 
    - ErrorMessage: ''
0143513:
    - bResult: 'False'
    - OutDescEst: ' Tagliare sotto 32 mm ' 
    - ErrorMessage: ''
0143514:
    - bResult: 'False'
    - OutDescEst: ' Tagliare sotto 32 mm ' 
    - ErrorMessage: ''
0143529:
    - bResult: 'False'
    - OutDescEst: ' Tagliare sotto 32 mm ' 
    - ErrorMessage: ''
0143636:
    - bResult: 'False'
    - OutDescEst: ' Tagliare sotto 31 mm ' 
    - ErrorMessage: ''
0144482:
    - bResult: 'False'
    - OutDescEst: ' Tagliare sotto 32 mm ' 
    - ErrorMessage: ''
0145416:
    - bResult: 'False'
    - OutDescEst: ' Tagliare sotto 32 mm ' 
    - ErrorMessage: ''
0145417:
    - bResult: 'False'
    - OutDescEst: ' Tagliare sotto 32 mm ' 
    - ErrorMessage: ''
0145418:
    - bResult: 'False'
    - OutDescEst: ' Tagliare sotto 32 mm ' 
    - ErrorMessage: ''
0145420:
    - bResult: 'False'
    - OutDescEst: ' Tagliare sotto 32 mm ' 
    - ErrorMessage: ''
0145421:
    - bResult: 'False'
    - OutDescEst: ' Tagliare sotto 32 mm ' 
    - ErrorMessage: ''
0145428:
    - bResult: 'False'
    - OutDescEst: ' Tagliare sotto 32 mm ' 
    - ErrorMessage: ''
0145740:
    - bResult: 'False'
    - OutDescEst: ' Tagliare sotto 32 mm ' 
    - ErrorMessage: ''
0148581:
    - bResult: 'False'
    - OutDescEst: ' Tagliare sotto 32 mm ' 
    - ErrorMessage: ''
0148600:
    - bResult: 'False'
    - OutDescEst: ' Tagliare sotto 32 mm ' 
    - ErrorMessage: ''
0148624:
    - bResult: 'False'
    - OutDescEst: ' Tagliare sotto 32 mm ' 
    - ErrorMessage: ''
0148626:
    - bResult: 'False'
    - OutDescEst: ' Tagliare sotto 32 mm ' 
    - ErrorMessage: ''
0149364:
    - bResult: 'False'
    - OutDescEst: ' Tagliare sotto 32 mm ' 
    - ErrorMessage: ''
0149365:
    - bResult: 'False'
    - OutDescEst: ' Tagliare sotto 32 mm ' 
    - ErrorMessage: ''
0149366:
    - bResult: 'False'
    - OutDescEst: ' Tagliare sotto 32 mm ' 
    - ErrorMessage: ''
0149543:
    - bResult: 'False'
    - OutDescEst: ' Tagliare sotto 38 mm ' 
    - ErrorMessage: ''
0150457:
    - bResult: 'False'
    - OutDescEst: ' Tagliare sotto 12 mm ' 
    - ErrorMessage: ''
0151341:
    - bResult: 'False'
    - OutDescEst: ' Tagliare sotto 22 mm ' 
    - ErrorMessage: ''
0154113:
    - bResult: 'False'
    - OutDescEst: ' Tagliare sotto 26 mm ' 
    - ErrorMessage: ''
0155172:
    - bResult: 'False'
    - OutDescEst: ' Tagliare sotto 32 mm ' 
    - ErrorMessage: ''
0155173:
    - bResult: 'False'
    - OutDescEst: ' Tagliare sotto 32 mm ' 
    - ErrorMessage: ''
0156335:
    - bResult: 'False'
    - OutDescEst: ' Tagliare sotto 32 mm ' 
    - ErrorMessage: ''
0157566:
    - bResult: 'False'
    - OutDescEst: ' Tagliare sotto 32 mm ' 
    - ErrorMessage: ''
0157567:
    - bResult: 'False'
    - OutDescEst: ' Tagliare sotto 32 mm ' 
    - ErrorMessage: ''
0157858:
    - bResult: 'False'
    - OutDescEst: ' Tagliare sotto 36 mm ' 
    - ErrorMessage: ''
0157982:
    - bResult: 'False'
    - OutDescEst: ' Tagliare sotto 32 mm ' 
    - ErrorMessage: ''
0157983:
    - bResult: 'False'
    - OutDescEst: ' Tagliare sotto 32 mm ' 
    - ErrorMessage: ''
0159192:
    - bResult: 'False'
    - OutDescEst: ' Tagliare sotto 32 mm ' 
    - ErrorMessage: ''
0159228:
    - bResult: 'False'
    - OutDescEst: ' Tagliare sotto 32 mm ' 
    - ErrorMessage: ''
0159496:
    - bResult: 'False'
    - OutDescEst: ' Tagliare sotto 12 mm ' 
    - ErrorMessage: ''
0159810:
    - bResult: 'False'
    - OutDescEst: ' Tagliare sotto 12 mm ' 
    - ErrorMessage: ''
0159964:
    - bResult: 'False'
    - OutDescEst: ' Tagliare sotto 18 mm ' 
    - ErrorMessage: ''
0159967:
    - bResult: 'False'
    - OutDescEst: ' Tagliare sotto 18 mm ' 
    - ErrorMessage: ''
0160531:
    - bResult: 'False'
    - OutDescEst: ' Tagliare sotto 18 mm ' 
    - ErrorMessage: ''
0161198:
    - bResult: 'False'
    - OutDescEst: ' Tagliare sotto 32 mm ' 
    - ErrorMessage: ''
0163168:
    - bResult: 'False'
    - OutDescEst: ' Tagliare sotto 9 mm ' 
    - ErrorMessage: ''
0163192:
    - bResult: 'False'
    - OutDescEst: ' Tagliare sotto 9 mm ' 
    - ErrorMessage: ''
0164517:
    - bResult: 'False'
    - OutDescEst: ' Tagliare sotto 24 mm ' 
    - ErrorMessage: ''
0164591:
    - bResult: 'False'
    - OutDescEst: ' Tagliare sotto 24 mm ' 
    - ErrorMessage: ''
0164592:
    - bResult: 'False'
    - OutDescEst: ' Tagliare sotto 24 mm ' 
    - ErrorMessage: ''
0165283:
    - bResult: 'False'
    - OutDescEst: ' Tagliare sotto 32 mm ' 
    - ErrorMessage: ''
0165284:
    - bResult: 'False'
    - OutDescEst: ' Tagliare sotto 32 mm ' 
    - ErrorMessage: ''
0165306:
    - bResult: 'False'
    - OutDescEst: ' Tagliare sotto 32 mm ' 
    - ErrorMessage: ''
0165307:
    - bResult: 'False'
    - OutDescEst: ' Tagliare sotto 32 mm ' 
    - ErrorMessage: ''
0165311:
    - bResult: 'False'
    - OutDescEst: ' Tagliare sotto 32 mm ' 
    - ErrorMessage: ''
0165312:
    - bResult: 'False'
    - OutDescEst: ' Tagliare sotto 32 mm ' 
    - ErrorMessage: ''
0165318:
    - bResult: 'False'
    - OutDescEst: ' Tagliare sotto 32 mm ' 
    - ErrorMessage: ''
0165319:
    - bResult: 'False'
    - OutDescEst: ' Tagliare sotto 32 mm ' 
    - ErrorMessage: ''
0165339:
    - bResult: 'False'
    - OutDescEst: ' Tagliare sotto 32 mm ' 
    - ErrorMessage: ''
0165340:
    - bResult: 'False'
    - OutDescEst: ' Tagliare sotto 46 mm ' 
    - ErrorMessage: ''
0166201:
    - bResult: 'False'
    - OutDescEst: ' Tagliare sotto 40 mm ' 
    - ErrorMessage: ''
0167465:
    - bResult: 'False'
    - OutDescEst: ' Tagliare sotto 32 mm ' 
    - ErrorMessage: ''
0167466:
    - bResult: 'False'
    - OutDescEst: ' Tagliare sotto 32 mm ' 
    - ErrorMessage: ''
0167783:
    - bResult: 'False'
    - OutDescEst: ' Tagliare sotto 32 mm ' 
    - ErrorMessage: ''
0167784:
    - bResult: 'False'
    - OutDescEst: ' Tagliare sotto 32 mm ' 
    - ErrorMessage: ''
0168858:
    - bResult: 'False'
    - OutDescEst: ' Tagliare sotto 32 mm ' 
    - ErrorMessage: ''
0168859:
    - bResult: 'False'
    - OutDescEst: ' Tagliare sotto 32 mm ' 
    - ErrorMessage: ''
0169736:
    - bResult: 'False'
    - OutDescEst: ' Tagliare sotto 32 mm ' 
    - ErrorMessage: ''
0169737:
    - bResult: 'False'
    - OutDescEst: ' Tagliare sotto 32 mm ' 
    - ErrorMessage: ''
0169739:
    - bResult: 'False'
    - OutDescEst: ' Tagliare sotto 32 mm ' 
    - ErrorMessage: ''
0169763:
    - bResult: 'False'
    - OutDescEst: ' Tagliare sotto 32 mm ' 
    - ErrorMessage: ''
0169764:
    - bResult: 'False'
    - OutDescEst: ' Tagliare sotto 32 mm ' 
    - ErrorMessage: ''
0169896:
    - bResult: 'False'
    - OutDescEst: ' Tagliare sotto 32 mm ' 
    - ErrorMessage: ''
0169898:
    - bResult: 'False'
    - OutDescEst: ' Tagliare sotto 32 mm ' 
    - ErrorMessage: ''
0169949:
    - bResult: 'False'
    - OutDescEst: ' Tagliare sotto 32 mm ' 
    - ErrorMessage: ''
0171317:
    - bResult: 'False'
    - OutDescEst: ' Tagliare sotto 32 mm ' 
    - ErrorMessage: ''
0171337:
    - bResult: 'False'
    - OutDescEst: ' Tagliare sotto 32 mm ' 
    - ErrorMessage: ''
0171532:
    - bResult: 'False'
    - OutDescEst: ' Tagliare sotto 32 mm ' 
    - ErrorMessage: ''
0171533:
    - bResult: 'False'
    - OutDescEst: ' Tagliare sotto 32 mm ' 
    - ErrorMessage: ''
0171534:
    - bResult: 'False'
    - OutDescEst: ' Tagliare sotto 32 mm ' 
    - ErrorMessage: ''
0171955:
    - bResult: 'False'
    - OutDescEst: ' Tagliare sotto 16 mm ' 
    - ErrorMessage: ''
0172895:
    - bResult: 'False'
    - OutDescEst: ' Tagliare sotto 22 mm ' 
    - ErrorMessage: ''
0172896:
    - bResult: 'False'
    - OutDescEst: ' Tagliare sotto 22 mm ' 
    - ErrorMessage: ''
0173683:
    - bResult: 'False'
    - OutDescEst: ' Tagliare sotto 49 mm ' 
    - ErrorMessage: ''
0174341:
    - bResult: 'False'
    - OutDescEst: ' Tagliare sotto 13 mm ' 
    - ErrorMessage: ''
0177759:
    - bResult: 'False'
    - OutDescEst: ' Tagliare sotto 32 mm ' 
    - ErrorMessage: ''
0177760:
    - bResult: 'False'
    - OutDescEst: ' Tagliare sotto 32 mm ' 
    - ErrorMessage: ''
0178098:
    - bResult: 'False'
    - OutDescEst: ' Tagliare sotto 32 mm ' 
    - ErrorMessage: ''
0180781:
    - bResult: 'False'
    - OutDescEst: ' Tagliare sotto 38 mm ' 
    - ErrorMessage: ''
0180842:
    - bResult: 'False'
    - OutDescEst: ' Tagliare sotto 32 mm ' 
    - ErrorMessage: ''
0180843:
    - bResult: 'False'
    - OutDescEst: ' Tagliare sotto 32 mm ' 
    - ErrorMessage: ''
0181260:
    - bResult: 'False'
    - OutDescEst: ' Tagliare sotto 32 mm ' 
    - ErrorMessage: ''
0181416:
    - bResult: 'False'
    - OutDescEst: '  Tagliare sopra 8 mm' 
    - ErrorMessage: ''
0181641:
    - bResult: 'False'
    - OutDescEst: ' Tagliare sotto 32 mm ' 
    - ErrorMessage: ''
0181642:
    - bResult: 'False'
    - OutDescEst: ' Tagliare sotto 32 mm ' 
    - ErrorMessage: ''
0182192:
    - bResult: 'False'
    - OutDescEst: '  Tagliare sopra 26 mm' 
    - ErrorMessage: ''
0182761:
    - bResult: 'False'
    - OutDescEst: ' Tagliare sotto 5 mm Tagliare sopra 27 mm' 
    - ErrorMessage: ''
0184779:
    - bResult: 'False'
    - OutDescEst: ' Tagliare sotto 8 mm ' 
    - ErrorMessage: ''
0186928:
    - bResult: 'False'
    - OutDescEst: ' Tagliare sotto 32 mm ' 
    - ErrorMessage: ''
0186929:
    - bResult: 'False'
    - OutDescEst: ' Tagliare sotto 32 mm ' 
    - ErrorMessage: ''
0187648:
    - bResult: 'False'
    - OutDescEst: ' Tagliare sotto 32 mm ' 
    - ErrorMessage: ''
0187649:
    - bResult: 'False'
    - OutDescEst: ' Tagliare sotto 32 mm ' 
    - ErrorMessage: ''
0191104:
    - bResult: 'False'
    - OutDescEst: ' Tagliare sotto 18 mm ' 
    - ErrorMessage: ''
0191147:
    - bResult: 'False'
    - OutDescEst: ' Tagliare sotto 30 mm ' 
    - ErrorMessage: ''
0191211:
    - bResult: 'False'
    - OutDescEst: ' Tagliare sotto 4 mm ' 
    - ErrorMessage: ''
0192585:
    - bResult: 'False'
    - OutDescEst: ' Tagliare sotto 18 mm ' 
    - ErrorMessage: ''
0194138:
    - bResult: 'False'
    - OutDescEst: ' Tagliare sotto 26 mm ' 
    - ErrorMessage: ''
0194845:
    - bResult: 'False'
    - OutDescEst: ' Tagliare sotto 32 mm ' 
    - ErrorMessage: ''
0194846:
    - bResult: 'False'
    - OutDescEst: ' Tagliare sotto 32 mm ' 
    - ErrorMessage: ''
0195856:
    - bResult: 'False'
    - OutDescEst: ' Tagliare sotto 9 mm ' 
    - ErrorMessage: ''
0195857:
    - bResult: 'False'
    - OutDescEst: ' Tagliare sotto 9 mm ' 
    - ErrorMessage: ''
0196607:
    - bResult: 'False'
    - OutDescEst: ' Tagliare sotto 9 mm ' 
    - ErrorMessage: ''
0199349:
    - bResult: 'False'
    - OutDescEst: ' Tagliare sotto 10 mm ' 
    - ErrorMessage: ''
0201339:
    - bResult: 'False'
    - OutDescEst: ' Tagliare sotto 24 mm ' 
    - ErrorMessage: ''
0202495:
    - bResult: 'False'
    - OutDescEst: ' Tagliare sotto 32 mm ' 
    - ErrorMessage: ''
0202496:
    - bResult: 'False'
    - OutDescEst: ' Tagliare sotto 32 mm ' 
    - ErrorMessage: ''
0203019:
    - bResult: 'False'
    - OutDescEst: ' Tagliare sotto 14 mm ' 
    - ErrorMessage: ''
0203020:
    - bResult: 'False'
    - OutDescEst: ' Tagliare sotto 14 mm ' 
    - ErrorMessage: ''
0203434:
    - bResult: 'False'
    - OutDescEst: '  Tagliare sopra 18 mm' 
    - ErrorMessage: ''
0203936:
    - bResult: 'False'
    - OutDescEst: ' Tagliare sotto 32 mm ' 
    - ErrorMessage: ''
0203937:
    - bResult: 'False'
    - OutDescEst: ' Tagliare sotto 32 mm ' 
    - ErrorMessage: ''
0204200:
    - bResult: 'False'
    - OutDescEst: ' Tagliare sotto 32 mm ' 
    - ErrorMessage: ''
0204201:
    - bResult: 'False'
    - OutDescEst: ' Tagliare sotto 32 mm ' 
    - ErrorMessage: ''
0204469:
    - bResult: 'False'
    - OutDescEst: ' Tagliare sotto 32 mm ' 
    - ErrorMessage: ''
0204470:
    - bResult: 'False'
    - OutDescEst: ' Tagliare sotto 32 mm ' 
    - ErrorMessage: ''
0204956:
    - bResult: 'False'
    - OutDescEst: '  Tagliare sopra 33 mm' 
    - ErrorMessage: ''
0205547:
    - bResult: 'False'
    - OutDescEst: ' Tagliare sotto 32 mm ' 
    - ErrorMessage: ''
0205551:
    - bResult: 'False'
    - OutDescEst: ' Tagliare sotto 32 mm ' 
    - ErrorMessage: ''
0205946:
    - bResult: 'False'
    - OutDescEst: ' Tagliare sotto 32 mm ' 
    - ErrorMessage: ''
0205947:
    - bResult: 'False'
    - OutDescEst: ' Tagliare sotto 32 mm ' 
    - ErrorMessage: ''
0207974:
    - bResult: 'False'
    - OutDescEst: ' Tagliare sotto 32 mm ' 
    - ErrorMessage: ''
0208197:
    - bResult: 'False'
    - OutDescEst: ' Tagliare sotto 16 mm Tagliare sopra 16 mm' 
    - ErrorMessage: ''
0208512:
    - bResult: 'False'
    - OutDescEst: ' Tagliare sotto 25 mm ' 
    - ErrorMessage: ''
0208513:
    - bResult: 'False'
    - OutDescEst: ' Tagliare sotto 25 mm ' 
    - ErrorMessage: ''
0208586:
    - bResult: 'False'
    - OutDescEst: ' Tagliare sotto 35 mm ' 
    - ErrorMessage: ''
0208587:
    - bResult: 'False'
    - OutDescEst: ' Tagliare sotto 35 mm ' 
    - ErrorMessage: ''
0208589:
    - bResult: 'False'
    - OutDescEst: ' Tagliare sotto 35 mm ' 
    - ErrorMessage: ''
0208590:
    - bResult: 'False'
    - OutDescEst: ' Tagliare sotto 35 mm ' 
    - ErrorMessage: ''
0209502:
    - bResult: 'False'
    - OutDescEst: ' Tagliare sotto 32 mm ' 
    - ErrorMessage: ''
0210006:
    - bResult: 'False'
    - OutDescEst: ' Tagliare sotto 12 mm ' 
    - ErrorMessage: ''
0211111:
    - bResult: 'False'
    - OutDescEst: ' Tagliare sotto 5 mm ' 
    - ErrorMessage: ''
0211117:
    - bResult: 'False'
    - OutDescEst: ' Tagliare sotto 5 mm ' 
    - ErrorMessage: ''
0211367:
    - bResult: 'False'
    - OutDescEst: ' Tagliare sotto 5 mm ' 
    - ErrorMessage: ''
0212135:
    - bResult: 'False'
    - OutDescEst: ' Tagliare sotto 22 mm ' 
    - ErrorMessage: ''
0212138:
    - bResult: 'False'
    - OutDescEst: ' Tagliare sotto 22 mm ' 
    - ErrorMessage: ''
0212557:
    - bResult: 'False'
    - OutDescEst: ' Tagliare sotto 24 mm ' 
    - ErrorMessage: ''
0212558:
    - bResult: 'False'
    - OutDescEst: ' Tagliare sotto 24 mm ' 
    - ErrorMessage: ''
0213717:
    - bResult: 'False'
    - OutDescEst: ' Tagliare sotto 32 mm ' 
    - ErrorMessage: ''
0213718:
    - bResult: 'False'
    - OutDescEst: ' Tagliare sotto 32 mm ' 
    - ErrorMessage: ''
0214289:
    - bResult: 'False'
    - OutDescEst: ' Tagliare sotto 32 mm ' 
    - ErrorMessage: ''
0216894:
    - bResult: 'False'
    - OutDescEst: ' Tagliare sotto 32 mm ' 
    - ErrorMessage: ''
0217474:
    - bResult: 'False'
    - OutDescEst: ' Tagliare sotto 32 mm ' 
    - ErrorMessage: ''
0217475:
    - bResult: 'False'
    - OutDescEst: ' Tagliare sotto 32 mm ' 
    - ErrorMessage: ''
0218258:
    - bResult: 'False'
    - OutDescEst: ' Tagliare sotto 32 mm ' 
    - ErrorMessage: ''
0219330:
    - bResult: 'False'
    - OutDescEst: ' Tagliare sotto 32 mm ' 
    - ErrorMessage: ''
0219331:
    - bResult: 'False'
    - OutDescEst: ' Tagliare sotto 32 mm ' 
    - ErrorMessage: ''
0219332:
    - bResult: 'False'
    - OutDescEst: ' Tagliare sotto 32 mm ' 
    - ErrorMessage: ''
0219333:
    - bResult: 'False'
    - OutDescEst: ' Tagliare sotto 32 mm ' 
    - ErrorMessage: ''
0219334:
    - bResult: 'False'
    - OutDescEst: ' Tagliare sotto 32 mm ' 
    - ErrorMessage: ''
0219665:
    - bResult: 'False'
    - OutDescEst: ' Tagliare sotto 32 mm ' 
    - ErrorMessage: ''
0219666:
    - bResult: 'False'
    - OutDescEst: ' Tagliare sotto 32 mm ' 
    - ErrorMessage: ''
0221147:
    - bResult: 'False'
    - OutDescEst: ' Tagliare sotto 32 mm ' 
    - ErrorMessage: ''
0221590:
    - bResult: 'False'
    - OutDescEst: ' Tagliare sotto 32 mm ' 
    - ErrorMessage: ''
0222364:
    - bResult: 'False'
    - OutDescEst: ' Tagliare sotto 24 mm ' 
    - ErrorMessage: ''
0223089:
    - bResult: 'False'
    - OutDescEst: ' Tagliare sotto 14 mm ' 
    - ErrorMessage: ''
0223090:
    - bResult: 'False'
    - OutDescEst: ' Tagliare sotto 14 mm ' 
    - ErrorMessage: ''
0223953:
    - bResult: 'False'
    - OutDescEst: ' Tagliare sotto 32 mm ' 
    - ErrorMessage: ''
0224502:
    - bResult: 'False'
    - OutDescEst: ' Tagliare sotto 32 mm ' 
    - ErrorMessage: ''
0224503:
    - bResult: 'False'
    - OutDescEst: ' Tagliare sotto 32 mm ' 
    - ErrorMessage: ''
0225555:
    - bResult: 'False'
    - OutDescEst: ' Tagliare sotto 32 mm ' 
    - ErrorMessage: ''
0225934:
    - bResult: 'False'
    - OutDescEst: ' Tagliare sotto 30 mm ' 
    - ErrorMessage: ''
0228984:
    - bResult: 'False'
    - OutDescEst: ' Tagliare sotto 36 mm ' 
    - ErrorMessage: ''
0229235:
    - bResult: 'False'
    - OutDescEst: ' Tagliare sotto 32 mm ' 
    - ErrorMessage: ''
0230420:
    - bResult: 'False'
    - OutDescEst: ' Tagliare sotto 32 mm ' 
    - ErrorMessage: ''
0230421:
    - bResult: 'False'
    - OutDescEst: ' Tagliare sotto 32 mm ' 
    - ErrorMessage: ''
0230448:
    - bResult: 'False'
    - OutDescEst: ' Tagliare sotto 42 mm ' 
    - ErrorMessage: ''
0231437:
    - bResult: 'False'
    - OutDescEst: ' Tagliare sotto 17 mm ' 
    - ErrorMessage: ''
0233521:
    - bResult: 'False'
    - OutDescEst: ' Tagliare sotto 32 mm ' 
    - ErrorMessage: ''
0234255:
    - bResult: 'False'
    - OutDescEst: ' Tagliare sotto 32 mm ' 
    - ErrorMessage: ''
0236131:
    - bResult: 'False'
    - OutDescEst: ' Tagliare sotto 36 mm ' 
    - ErrorMessage: ''
0236705:
    - bResult: 'False'
    - OutDescEst: ' Tagliare sotto 32 mm ' 
    - ErrorMessage: ''
0237449:
    - bResult: 'False'
    - OutDescEst: ' Tagliare sotto 32 mm ' 
    - ErrorMessage: ''
0237587:
    - bResult: 'False'
    - OutDescEst: ' Tagliare sotto 32 mm ' 
    - ErrorMessage: ''
0237687:
    - bResult: 'False'
    - OutDescEst: ' Tagliare sotto 32 mm ' 
    - ErrorMessage: ''
0238265:
    - bResult: 'False'
    - OutDescEst: ' Tagliare sotto 32 mm ' 
    - ErrorMessage: ''
0238266:
    - bResult: 'False'
    - OutDescEst: ' Tagliare sotto 32 mm ' 
    - ErrorMessage: ''
0238270:
    - bResult: 'False'
    - OutDescEst: ' Tagliare sotto 21 mm ' 
    - ErrorMessage: ''
0239374:
    - bResult: 'False'
    - OutDescEst: ' Tagliare sotto 32 mm ' 
    - ErrorMessage: ''
0241031:
    - bResult: 'False'
    - OutDescEst: ' Tagliare sotto 32 mm ' 
    - ErrorMessage: ''
0241506:
    - bResult: 'False'
    - OutDescEst: ' Tagliare sotto 8 mm ' 
    - ErrorMessage: ''
0241668:
    - bResult: 'False'
    - OutDescEst: ' Tagliare sotto 32 mm ' 
    - ErrorMessage: ''
0241669:
    - bResult: 'False'
    - OutDescEst: ' Tagliare sotto 32 mm ' 
    - ErrorMessage: ''
0242209:
    - bResult: 'False'
    - OutDescEst: ' Tagliare sotto 29 mm Tagliare sopra 12 mm' 
    - ErrorMessage: ''
0242210:
    - bResult: 'False'
    - OutDescEst: ' Tagliare sotto 29 mm Tagliare sopra 12 mm' 
    - ErrorMessage: ''
0243677:
    - bResult: 'False'
    - OutDescEst: ' Tagliare sotto 5 mm ' 
    - ErrorMessage: ''
0243683:
    - bResult: 'False'
    - OutDescEst: ' Tagliare sotto 5 mm ' 
    - ErrorMessage: ''
0243687:
    - bResult: 'False'
    - OutDescEst: ' Tagliare sotto 5 mm ' 
    - ErrorMessage: ''
0245328:
    - bResult: 'False'
    - OutDescEst: '  Tagliare sopra 40 mm' 
    - ErrorMessage: ''
0245849:
    - bResult: 'False'
    - OutDescEst: ' Tagliare sotto 5 mm ' 
    - ErrorMessage: ''
0246752:
    - bResult: 'False'
    - OutDescEst: ' Tagliare sotto 18 mm ' 
    - ErrorMessage: ''
0247192:
    - bResult: 'False'
    - OutDescEst: ' Tagliare sotto 20 mm ' 
    - ErrorMessage: ''
0250545:
    - bResult: 'False'
    - OutDescEst: ' Tagliare sotto 36 mm ' 
    - ErrorMessage: ''
0251544:
    - bResult: 'False'
    - OutDescEst: ' Tagliare sotto 32 mm ' 
    - ErrorMessage: ''
0251545:
    - bResult: 'False'
    - OutDescEst: ' Tagliare sotto 32 mm ' 
    - ErrorMessage: ''
0252091:
    - bResult: 'False'
    - OutDescEst: ' Tagliare sotto 30 mm ' 
    - ErrorMessage: ''
0252095:
    - bResult: 'False'
    - OutDescEst: ' Tagliare sotto 20 mm ' 
    - ErrorMessage: ''
0252226:
    - bResult: 'False'
    - OutDescEst: ' Tagliare sotto 30 mm ' 
    - ErrorMessage: ''
0252229:
    - bResult: 'False'
    - OutDescEst: ' Tagliare sotto 22 mm ' 
    - ErrorMessage: ''
0252500:
    - bResult: 'False'
    - OutDescEst: ' Tagliare sotto 32 mm ' 
    - ErrorMessage: ''
0252501:
    - bResult: 'False'
    - OutDescEst: ' Tagliare sotto 32 mm ' 
    - ErrorMessage: ''
0252576:
    - bResult: 'False'
    - OutDescEst: ' Tagliare sotto 12 mm ' 
    - ErrorMessage: ''
0252579:
    - bResult: 'False'
    - OutDescEst: ' Tagliare sotto 32 mm ' 
    - ErrorMessage: ''
0252633:
    - bResult: 'False'
    - OutDescEst: ' Tagliare sotto 10 mm ' 
    - ErrorMessage: ''
0253425:
    - bResult: 'False'
    - OutDescEst: '  Tagliare sopra 32 mm' 
    - ErrorMessage: ''
0254330:
    - bResult: 'False'
    - OutDescEst: ' Tagliare sotto 32 mm ' 
    - ErrorMessage: ''
0254331:
    - bResult: 'False'
    - OutDescEst: ' Tagliare sotto 32 mm ' 
    - ErrorMessage: ''
0254421:
    - bResult: 'False'
    - OutDescEst: ' Tagliare sotto 32 mm ' 
    - ErrorMessage: ''
0254422:
    - bResult: 'False'
    - OutDescEst: ' Tagliare sotto 32 mm ' 
    - ErrorMessage: ''
0254423:
    - bResult: 'False'
    - OutDescEst: ' Tagliare sotto 32 mm ' 
    - ErrorMessage: ''
0254424:
    - bResult: 'False'
    - OutDescEst: ' Tagliare sotto 32 mm ' 
    - ErrorMessage: ''
0254584:
    - bResult: 'False'
    - OutDescEst: ' Tagliare sotto 32 mm ' 
    - ErrorMessage: ''
0254585:
    - bResult: 'False'
    - OutDescEst: ' Tagliare sotto 32 mm ' 
    - ErrorMessage: ''
0254586:
    - bResult: 'False'
    - OutDescEst: ' Tagliare sotto 32 mm ' 
    - ErrorMessage: ''
0254628:
    - bResult: 'False'
    - OutDescEst: ' Tagliare sotto 32 mm ' 
    - ErrorMessage: ''
0254631:
    - bResult: 'False'
    - OutDescEst: ' Tagliare sotto 32 mm ' 
    - ErrorMessage: ''
0254632:
    - bResult: 'False'
    - OutDescEst: ' Tagliare sotto 32 mm ' 
    - ErrorMessage: ''
0254953:
    - bResult: 'False'
    - OutDescEst: ' Tagliare sotto 8 mm Tagliare sopra 8 mm' 
    - ErrorMessage: ''
0255442:
    - bResult: 'False'
    - OutDescEst: ' Tagliare sotto 32 mm ' 
    - ErrorMessage: ''
0255443:
    - bResult: 'False'
    - OutDescEst: ' Tagliare sotto 32 mm ' 
    - ErrorMessage: ''
0255451:
    - bResult: 'False'
    - OutDescEst: ' Tagliare sotto 32 mm ' 
    - ErrorMessage: ''
0255452:
    - bResult: 'False'
    - OutDescEst: ' Tagliare sotto 32 mm ' 
    - ErrorMessage: ''
0257169:
    - bResult: 'False'
    - OutDescEst: ' Tagliare sotto 21 mm ' 
    - ErrorMessage: ''
0257185:
    - bResult: 'False'
    - OutDescEst: ' Tagliare sotto 32 mm ' 
    - ErrorMessage: ''
0257190:
    - bResult: 'False'
    - OutDescEst: ' Tagliare sotto 32 mm ' 
    - ErrorMessage: ''
0257197:
    - bResult: 'False'
    - OutDescEst: '  Tagliare sopra 26 mm' 
    - ErrorMessage: ''
0257198:
    - bResult: 'False'
    - OutDescEst: '  Tagliare sopra 22 mm' 
    - ErrorMessage: ''
0257362:
    - bResult: 'False'
    - OutDescEst: ' Tagliare sotto 24 mm ' 
    - ErrorMessage: ''
0257363:
    - bResult: 'False'
    - OutDescEst: ' Tagliare sotto 22 mm ' 
    - ErrorMessage: ''
0257369:
    - bResult: 'False'
    - OutDescEst: '  Tagliare sopra 10 mm' 
    - ErrorMessage: ''
0257380:
    - bResult: 'False'
    - OutDescEst: ' Tagliare sotto 22 mm ' 
    - ErrorMessage: ''
0257383:
    - bResult: 'False'
    - OutDescEst: '  Tagliare sopra 10 mm' 
    - ErrorMessage: ''
0257386:
    - bResult: 'False'
    - OutDescEst: ' Tagliare sotto 32 mm Tagliare sopra 32 mm' 
    - ErrorMessage: ''
0257387:
    - bResult: 'False'
    - OutDescEst: ' Tagliare sotto 32 mm Tagliare sopra 32 mm' 
    - ErrorMessage: ''
0257388:
    - bResult: 'False'
    - OutDescEst: ' Tagliare sotto 32 mm Tagliare sopra 32 mm' 
    - ErrorMessage: ''
0257389:
    - bResult: 'False'
    - OutDescEst: ' Tagliare sotto 32 mm Tagliare sopra 32 mm' 
    - ErrorMessage: ''
0257408:
    - bResult: 'False'
    - OutDescEst: ' Tagliare sotto 32 mm ' 
    - ErrorMessage: ''
0257409:
    - bResult: 'False'
    - OutDescEst: ' Tagliare sotto 32 mm ' 
    - ErrorMessage: ''
0257467:
    - bResult: 'False'
    - OutDescEst: '  Tagliare sopra 26 mm' 
    - ErrorMessage: ''
0257472:
    - bResult: 'False'
    - OutDescEst: '  Tagliare sopra 26 mm' 
    - ErrorMessage: ''
0257476:
    - bResult: 'False'
    - OutDescEst: '  Tagliare sopra 22 mm' 
    - ErrorMessage: ''
0257477:
    - bResult: 'False'
    - OutDescEst: '  Tagliare sopra 22 mm' 
    - ErrorMessage: ''
0257478:
    - bResult: 'False'
    - OutDescEst: '  Tagliare sopra 22 mm' 
    - ErrorMessage: ''
0257479:
    - bResult: 'False'
    - OutDescEst: '  Tagliare sopra 22 mm' 
    - ErrorMessage: ''
0258309:
    - bResult: 'False'
    - OutDescEst: ' Tagliare sotto 32 mm ' 
    - ErrorMessage: ''
0258310:
    - bResult: 'False'
    - OutDescEst: ' Tagliare sotto 32 mm ' 
    - ErrorMessage: ''
0258639:
    - bResult: 'False'
    - OutDescEst: ' Tagliare sotto 32 mm ' 
    - ErrorMessage: ''
0258645:
    - bResult: 'False'
    - OutDescEst: ' Tagliare sotto 32 mm ' 
    - ErrorMessage: ''
0258841:
    - bResult: 'False'
    - OutDescEst: ' Tagliare sotto 44 mm ' 
    - ErrorMessage: ''
0259118:
    - bResult: 'False'
    - OutDescEst: ' Tagliare sotto 5 mm ' 
    - ErrorMessage: ''
0259843:
    - bResult: 'False'
    - OutDescEst: ' Tagliare sotto 32 mm ' 
    - ErrorMessage: ''
0260697:
    - bResult: 'False'
    - OutDescEst: ' Tagliare sotto 8 mm ' 
    - ErrorMessage: ''
0261237:
    - bResult: 'False'
    - OutDescEst: ' Tagliare sotto 32 mm ' 
    - ErrorMessage: ''
0261239:
    - bResult: 'False'
    - OutDescEst: ' Tagliare sotto 32 mm ' 
    - ErrorMessage: ''
0261243:
    - bResult: 'False'
    - OutDescEst: ' Tagliare sotto 5 mm ' 
    - ErrorMessage: ''
0261374:
    - bResult: 'False'
    - OutDescEst: ' Tagliare sotto 46 mm ' 
    - ErrorMessage: ''
0261802:
    - bResult: 'False'
    - OutDescEst: ' Tagliare sotto 36 mm Tagliare sopra 2 mm' 
    - ErrorMessage: ''
0262303:
    - bResult: 'False'
    - OutDescEst: ' Tagliare sotto 28 mm Tagliare sopra 4 mm' 
    - ErrorMessage: ''
0262304:
    - bResult: 'False'
    - OutDescEst: ' Tagliare sotto 24 mm Tagliare sopra 8 mm' 
    - ErrorMessage: ''
0262305:
    - bResult: 'False'
    - OutDescEst: ' Tagliare sotto 23 mm Tagliare sopra 9 mm' 
    - ErrorMessage: ''
0262306:
    - bResult: 'False'
    - OutDescEst: ' Tagliare sotto 42 mm ' 
    - ErrorMessage: ''
0262514:
    - bResult: 'False'
    - OutDescEst: ' Tagliare sotto 32 mm ' 
    - ErrorMessage: ''
0262741:
    - bResult: 'False'
    - OutDescEst: ' Tagliare sotto 32 mm ' 
    - ErrorMessage: ''
0262758:
    - bResult: 'False'
    - OutDescEst: ' Tagliare sotto 32 mm ' 
    - ErrorMessage: ''
0262944:
    - bResult: 'False'
    - OutDescEst: ' Tagliare sotto 32 mm ' 
    - ErrorMessage: ''
0262946:
    - bResult: 'False'
    - OutDescEst: ' Tagliare sotto 32 mm ' 
    - ErrorMessage: ''
0263745:
    - bResult: 'False'
    - OutDescEst: ' Tagliare sotto 32 mm ' 
    - ErrorMessage: ''
0263844:
    - bResult: 'False'
    - OutDescEst: ' Tagliare sotto 32 mm ' 
    - ErrorMessage: ''
0264428:
    - bResult: 'False'
    - OutDescEst: ' Tagliare sotto 32 mm ' 
    - ErrorMessage: ''
0264429:
    - bResult: 'False'
    - OutDescEst: ' Tagliare sotto 24 mm Tagliare sopra 29 mm' 
    - ErrorMessage: ''
0265349:
    - bResult: 'False'
    - OutDescEst: ' Tagliare sotto 32 mm ' 
    - ErrorMessage: ''
0265350:
    - bResult: 'False'
    - OutDescEst: ' Tagliare sotto 32 mm ' 
    - ErrorMessage: ''
0269022:
    - bResult: 'False'
    - OutDescEst: ' Tagliare sotto 5 mm ' 
    - ErrorMessage: ''
0269340:
    - bResult: 'False'
    - OutDescEst: ' Tagliare sotto 5 mm ' 
    - ErrorMessage: ''
0269357:
    - bResult: 'False'
    - OutDescEst: ' Tagliare sotto 36 mm ' 
    - ErrorMessage: ''
0269411:
    - bResult: 'False'
    - OutDescEst: ' Tagliare sotto 5 mm ' 
    - ErrorMessage: ''
0269446:
    - bResult: 'False'
    - OutDescEst: ' Tagliare sotto 5 mm ' 
    - ErrorMessage: ''
0269454:
    - bResult: 'False'
    - OutDescEst: ' Tagliare sotto 5 mm ' 
    - ErrorMessage: ''
0270377:
    - bResult: 'False'
    - OutDescEst: ' Tagliare sotto 36 mm ' 
    - ErrorMessage: ''
0274775:
    - bResult: 'False'
    - OutDescEst: ' Tagliare sotto 32 mm Tagliare sopra 32 mm' 
    - ErrorMessage: ''
0275035:
    - bResult: 'False'
    - OutDescEst: ' Tagliare sotto 32 mm Tagliare sopra 32 mm' 
    - ErrorMessage: ''
0275036:
    - bResult: 'False'
    - OutDescEst: ' Tagliare sotto 32 mm Tagliare sopra 32 mm' 
    - ErrorMessage: ''
0276339:
    - bResult: 'False'
    - OutDescEst: ' Tagliare sotto 32 mm Tagliare sopra 32 mm' 
    - ErrorMessage: ''
0276341:
    - bResult: 'False'
    - OutDescEst: ' Tagliare sotto 32 mm Tagliare sopra 32 mm' 
    - ErrorMessage: ''
0276342:
    - bResult: 'False'
    - OutDescEst: ' Tagliare sotto 32 mm Tagliare sopra 32 mm' 
    - ErrorMessage: ''
0276345:
    - bResult: 'False'
    - OutDescEst: ' Tagliare sotto 32 mm Tagliare sopra 32 mm' 
    - ErrorMessage: ''
0276346:
    - bResult: 'False'
    - OutDescEst: ' Tagliare sotto 32 mm Tagliare sopra 32 mm' 
    - ErrorMessage: ''
0276347:
    - bResult: 'False'
    - OutDescEst: ' Tagliare sotto 32 mm Tagliare sopra 32 mm' 
    - ErrorMessage: ''
0276348:
    - bResult: 'False'
    - OutDescEst: ' Tagliare sotto 32 mm Tagliare sopra 32 mm' 
    - ErrorMessage: ''
0276350:
    - bResult: 'False'
    - OutDescEst: ' Tagliare sotto 32 mm Tagliare sopra 32 mm' 
    - ErrorMessage: ''
0276351:
    - bResult: 'False'
    - OutDescEst: ' Tagliare sotto 32 mm Tagliare sopra 32 mm' 
    - ErrorMessage: ''
0276353:
    - bResult: 'False'
    - OutDescEst: ' Tagliare sotto 32 mm Tagliare sopra 32 mm' 
    - ErrorMessage: ''
0278054:
    - bResult: 'False'
    - OutDescEst: ' Tagliare sotto 32 mm Tagliare sopra 32 mm' 
    - ErrorMessage: ''
0278060:
    - bResult: 'False'
    - OutDescEst: ' Tagliare sotto 32 mm Tagliare sopra 32 mm' 
    - ErrorMessage: ''
0278061:
    - bResult: 'False'
    - OutDescEst: ' Tagliare sotto 32 mm Tagliare sopra 32 mm' 
    - ErrorMessage: ''
0278063:
    - bResult: 'False'
    - OutDescEst: ' Tagliare sotto 32 mm Tagliare sopra 32 mm' 
    - ErrorMessage: ''
0278203:
    - bResult: 'False'
    - OutDescEst: ' Tagliare sotto 32 mm Tagliare sopra 32 mm' 
    - ErrorMessage: ''
0278204:
    - bResult: 'False'
    - OutDescEst: ' Tagliare sotto 32 mm Tagliare sopra 32 mm' 
    - ErrorMessage: ''
0278206:
    - bResult: 'False'
    - OutDescEst: ' Tagliare sotto 32 mm Tagliare sopra 32 mm' 
    - ErrorMessage: ''
0278207:
    - bResult: 'False'
    - OutDescEst: ' Tagliare sotto 32 mm Tagliare sopra 32 mm' 
    - ErrorMessage: ''
0278273:
    - bResult: 'False'
    - OutDescEst: ' Tagliare sotto 32 mm Tagliare sopra 32 mm' 
    - ErrorMessage: ''
0278274:
    - bResult: 'False'
    - OutDescEst: ' Tagliare sotto 32 mm Tagliare sopra 32 mm' 
    - ErrorMessage: ''
0278275:
    - bResult: 'False'
    - OutDescEst: ' Tagliare sotto 32 mm Tagliare sopra 32 mm' 
    - ErrorMessage: ''
0278279:
    - bResult: 'False'
    - OutDescEst: ' Tagliare sotto 32 mm Tagliare sopra 32 mm' 
    - ErrorMessage: ''
0278281:
    - bResult: 'False'
    - OutDescEst: ' Tagliare sotto 32 mm Tagliare sopra 32 mm' 
    - ErrorMessage: ''
0278285:
    - bResult: 'False'
    - OutDescEst: ' Tagliare sotto 32 mm Tagliare sopra 32 mm' 
    - ErrorMessage: ''
0278287:
    - bResult: 'False'
    - OutDescEst: ' Tagliare sotto 32 mm Tagliare sopra 32 mm' 
    - ErrorMessage: ''
0278289:
    - bResult: 'False'
    - OutDescEst: ' Tagliare sotto 32 mm Tagliare sopra 32 mm' 
    - ErrorMessage: ''
0278290:
    - bResult: 'False'
    - OutDescEst: ' Tagliare sotto 32 mm Tagliare sopra 32 mm' 
    - ErrorMessage: ''
0278291:
    - bResult: 'False'
    - OutDescEst: ' Tagliare sotto 32 mm Tagliare sopra 32 mm' 
    - ErrorMessage: ''
0278293:
    - bResult: 'False'
    - OutDescEst: ' Tagliare sotto 32 mm Tagliare sopra 32 mm' 
    - ErrorMessage: ''
0279818:
    - bResult: 'False'
    - OutDescEst: ' Tagliare sotto 32 mm Tagliare sopra 32 mm' 
    - ErrorMessage: ''
0279819:
    - bResult: 'False'
    - OutDescEst: ' Tagliare sotto 32 mm Tagliare sopra 32 mm' 
    - ErrorMessage: ''
0279820:
    - bResult: 'False'
    - OutDescEst: ' Tagliare sotto 32 mm Tagliare sopra 32 mm' 
    - ErrorMessage: ''
0279821:
    - bResult: 'False'
    - OutDescEst: ' Tagliare sotto 32 mm Tagliare sopra 32 mm' 
    - ErrorMessage: ''
0286933:
    - bResult: 'False'
    - OutDescEst: ' Tagliare sotto 32 mm Tagliare sopra 32 mm' 
    - ErrorMessage: ''
0286934:
    - bResult: 'False'
    - OutDescEst: ' Tagliare sotto 32 mm Tagliare sopra 32 mm' 
    - ErrorMessage: ''
1000065:
    - bResult: 'True'
    - OutDescEst: ' Tagliare sotto 32 mm Tagliare sopra 32 mm' 
    - ErrorMessage: 'No properties for this Code: 1000065 []'
1000485:
    - bResult: 'True'
    - OutDescEst: ' Tagliare sotto 32 mm Tagliare sopra 32 mm' 
    - ErrorMessage: 'No properties for this Code: 1000485 []'
1000549:
    - bResult: 'False'
    - OutDescEst: ' Tagliare sotto 27 mm ' 
    - ErrorMessage: ''
1000885:
    - bResult: 'False'
    - OutDescEst: ' Tagliare sotto 36 mm ' 
    - ErrorMessage: ''
1001396:
    - bResult: 'False'
    - OutDescEst: '  Tagliare sopra 32 mm' 
    - ErrorMessage: ''
1001644:
    - bResult: 'False'
    - OutDescEst: ' Tagliare sotto 5 mm ' 
    - ErrorMessage: ''
1001832:
    - bResult: 'False'
    - OutDescEst: ' Tagliare sotto 32 mm ' 
    - ErrorMessage: ''
1003250:
    - bResult: 'False'
    - OutDescEst: ' Tagliare sotto 24 mm ' 
    - ErrorMessage: ''
1003367:
    - bResult: 'False'
    - OutDescEst: ' Tagliare sotto 5 mm ' 
    - ErrorMessage: ''
1003919:
    - bResult: 'False'
    - OutDescEst: ' Tagliare sotto 14 mm ' 
    - ErrorMessage: ''
1003921:
    - bResult: 'False'
    - OutDescEst: ' Tagliare sotto 14 mm ' 
    - ErrorMessage: ''
1003932:
    - bResult: 'False'
    - OutDescEst: ' Tagliare sotto 32 mm ' 
    - ErrorMessage: ''
1003933:
    - bResult: 'False'
    - OutDescEst: ' Tagliare sotto 32 mm ' 
    - ErrorMessage: ''
1004162:
    - bResult: 'False'
    - OutDescEst: ' Tagliare sotto 32 mm ' 
    - ErrorMessage: ''
1004792:
    - bResult: 'False'
    - OutDescEst: ' Tagliare sotto 32 mm ' 
    - ErrorMessage: ''
1005022:
    - bResult: 'False'
    - OutDescEst: ' Tagliare sotto 35 mm ' 
    - ErrorMessage: ''
1005891:
    - bResult: 'False'
    - OutDescEst: ' Tagliare sotto 32 mm ' 
    - ErrorMessage: ''
1005975:
    - bResult: 'False'
    - OutDescEst: '  Tagliare sopra 34 mm' 
    - ErrorMessage: ''
1006161:
    - bResult: 'False'
    - OutDescEst: ' Tagliare sotto 5 mm ' 
    - ErrorMessage: ''
1007241:
    - bResult: 'False'
    - OutDescEst: ' Tagliare sotto 24 mm ' 
    - ErrorMessage: ''
1007242:
    - bResult: 'False'
    - OutDescEst: ' Tagliare sotto 24 mm ' 
    - ErrorMessage: ''
1009308:
    - bResult: 'False'
    - OutDescEst: ' Tagliare sotto 8 mm ' 
    - ErrorMessage: ''
1009404:
    - bResult: 'False'
    - OutDescEst: ' Tagliare sotto 32 mm ' 
    - ErrorMessage: ''
1010200:
    - bResult: 'False'
    - OutDescEst: ' Tagliare sotto 32 mm ' 
    - ErrorMessage: ''
1013411:
    - bResult: 'False'
    - OutDescEst: ' Tagliare sotto 18 mm ' 
    - ErrorMessage: ''
1016185:
    - bResult: 'False'
    - OutDescEst: ' Tagliare sotto 5 mm ' 
    - ErrorMessage: ''
1017237:
    - bResult: 'False'
    - OutDescEst: ' Tagliare sotto 5 mm ' 
    - ErrorMessage: ''
1017238:
    - bResult: 'False'
    - OutDescEst: ' Tagliare sotto 5 mm ' 
    - ErrorMessage: ''
1017395:
    - bResult: 'False'
    - OutDescEst: ' Tagliare sotto 32 mm ' 
    - ErrorMessage: ''
1018224:
    - bResult: 'False'
    - OutDescEst: ' Tagliare sotto 7 mm ' 
    - ErrorMessage: ''
1019056:
    - bResult: 'False'
    - OutDescEst: ' Tagliare sotto 32 mm ' 
    - ErrorMessage: ''
1019977:
    - bResult: 'False'
    - OutDescEst: ' Tagliare sotto 24 mm ' 
    - ErrorMessage: ''
1020087:
    - bResult: 'False'
    - OutDescEst: ' Tagliare sotto 32 mm ' 
    - ErrorMessage: ''
1020388:
    - bResult: 'False'
    - OutDescEst: ' Tagliare sotto 32 mm ' 
    - ErrorMessage: ''
1020694:
    - bResult: 'False'
    - OutDescEst: ' Tagliare sotto 32 mm ' 
    - ErrorMessage: ''
1020695:
    - bResult: 'False'
    - OutDescEst: ' Tagliare sotto 4 mm ' 
    - ErrorMessage: ''
1020887:
    - bResult: 'False'
    - OutDescEst: ' Tagliare sotto 38 mm ' 
    - ErrorMessage: ''
1021318:
    - bResult: 'False'
    - OutDescEst: ' Tagliare sotto 32 mm ' 
    - ErrorMessage: ''
1021795:
    - bResult: 'False'
    - OutDescEst: ' Tagliare sotto 32 mm ' 
    - ErrorMessage: ''
1021859:
    - bResult: 'False'
    - OutDescEst: ' Tagliare sotto 32 mm ' 
    - ErrorMessage: ''
1022868:
    - bResult: 'False'
    - OutDescEst: ' Tagliare sotto 20 mm ' 
    - ErrorMessage: ''
1022927:
    - bResult: 'False'
    - OutDescEst: ' Tagliare sotto 26 mm ' 
    - ErrorMessage: ''
1022935:
    - bResult: 'False'
    - OutDescEst: ' Tagliare sotto 32 mm ' 
    - ErrorMessage: ''
1024676:
    - bResult: 'False'
    - OutDescEst: ' Tagliare sotto 5 mm Tagliare sopra 27 mm' 
    - ErrorMessage: ''
1026801:
    - bResult: 'False'
    - OutDescEst: ' Tagliare sotto 5 mm Tagliare sopra 27 mm' 
    - ErrorMessage: ''
1026981:
    - bResult: 'False'
    - OutDescEst: ' Tagliare sotto 5 mm ' 
    - ErrorMessage: ''
1029674:
    - bResult: 'False'
    - OutDescEst: ' Tagliare sotto 26 mm Tagliare sopra 26 mm' 
    - ErrorMessage: ''
1030317:
    - bResult: 'False'
    - OutDescEst: ' Tagliare sotto 5 mm ' 
    - ErrorMessage: ''
1031056:
    - bResult: 'False'
    - OutDescEst: ' Tagliare sotto 5 mm ' 
    - ErrorMessage: ''
1032649:
    - bResult: 'False'
    - OutDescEst: ' Tagliare sotto 16 mm Tagliare sopra 16 mm' 
    - ErrorMessage: ''
1033481:
    - bResult: 'False'
    - OutDescEst: ' Tagliare sotto 32 mm ' 
    - ErrorMessage: ''
1034572:
    - bResult: 'False'
    - OutDescEst: ' Tagliare sotto 5 mm ' 
    - ErrorMessage: ''
1034781:
    - bResult: 'False'
    - OutDescEst: ' Tagliare sotto 15 mm ' 
    - ErrorMessage: ''
1034809:
    - bResult: 'False'
    - OutDescEst: ' Tagliare sotto 32 mm ' 
    - ErrorMessage: ''
1034817:
    - bResult: 'False'
    - OutDescEst: ' Tagliare sotto 5 mm ' 
    - ErrorMessage: ''
1034832:
    - bResult: 'False'
    - OutDescEst: ' Tagliare sotto 8 mm ' 
    - ErrorMessage: ''
1035540:
    - bResult: 'False'
    - OutDescEst: ' Tagliare sotto 44 mm ' 
    - ErrorMessage: ''
1036237:
    - bResult: 'False'
    - OutDescEst: ' Tagliare sotto 5 mm ' 
    - ErrorMessage: ''
1036270:
    - bResult: 'False'
    - OutDescEst: ' Tagliare sotto 20 mm ' 
    - ErrorMessage: ''
1037227:
    - bResult: 'False'
    - OutDescEst: ' Tagliare sotto 30 mm ' 
    - ErrorMessage: ''
1037504:
    - bResult: 'False'
    - OutDescEst: ' Tagliare sotto 14 mm ' 
    - ErrorMessage: ''
1037505:
    - bResult: 'False'
    - OutDescEst: ' Tagliare sotto 14 mm ' 
    - ErrorMessage: ''
1041435:
    - bResult: 'False'
    - OutDescEst: '  Tagliare sopra 24 mm' 
    - ErrorMessage: ''
1042035:
    - bResult: 'False'
    - OutDescEst: ' Tagliare sotto 20 mm Tagliare sopra 32 mm' 
    - ErrorMessage: ''
1042427:
    - bResult: 'False'
    - OutDescEst: ' Tagliare sotto 34 mm ' 
    - ErrorMessage: ''
1044343:
    - bResult: 'False'
    - OutDescEst: ' Tagliare sotto 20 mm ' 
    - ErrorMessage: ''
1044356:
    - bResult: 'False'
    - OutDescEst: ' Tagliare sotto 44 mm ' 
    - ErrorMessage: ''
