0017366:
    - bResult: 'False'
    - OutDescEst: 'EB' 
    - ErrorMessage: ''
0019647:
    - bResult: 'False'
    - OutDescEst: 'EB' 
    - ErrorMessage: ''
0019648:
    - bResult: 'False'
    - OutDescEst: 'EB' 
    - ErrorMessage: ''
0019743:
    - bResult: 'False'
    - OutDescEst: 'EB' 
    - ErrorMessage: ''
0019744:
    - bResult: 'False'
    - OutDescEst: 'EB' 
    - ErrorMessage: ''
0019755:
    - bResult: 'False'
    - OutDescEst: 'EB' 
    - ErrorMessage: ''
0019756:
    - bResult: 'False'
    - OutDescEst: 'EB' 
    - ErrorMessage: ''
0019815:
    - bResult: 'False'
    - OutDescEst: 'EB' 
    - ErrorMessage: ''
0019816:
    - bResult: 'False'
    - OutDescEst: 'EB' 
    - ErrorMessage: ''
0019817:
    - bResult: 'False'
    - OutDescEst: 'EB' 
    - ErrorMessage: ''
0020054:
    - bResult: 'False'
    - OutDescEst: 'EB' 
    - ErrorMessage: ''
0020055:
    - bResult: 'False'
    - OutDescEst: 'EB' 
    - ErrorMessage: ''
0020057:
    - bResult: 'False'
    - OutDescEst: 'EB' 
    - ErrorMessage: ''
0020062:
    - bResult: 'False'
    - OutDescEst: 'EB' 
    - ErrorMessage: ''
0020063:
    - bResult: 'False'
    - OutDescEst: 'EB' 
    - ErrorMessage: ''
0020065:
    - bResult: 'False'
    - OutDescEst: 'EB' 
    - ErrorMessage: ''
0020066:
    - bResult: 'False'
    - OutDescEst: 'EB' 
    - ErrorMessage: ''
0020067:
    - bResult: 'False'
    - OutDescEst: 'EB' 
    - ErrorMessage: ''
0020080:
    - bResult: 'False'
    - OutDescEst: 'EB' 
    - ErrorMessage: ''
0020088:
    - bResult: 'False'
    - OutDescEst: 'EB' 
    - ErrorMessage: ''
0020127:
    - bResult: 'False'
    - OutDescEst: 'EB' 
    - ErrorMessage: ''
0020128:
    - bResult: 'False'
    - OutDescEst: 'EB' 
    - ErrorMessage: ''
0020130:
    - bResult: 'False'
    - OutDescEst: 'EB' 
    - ErrorMessage: ''
0020131:
    - bResult: 'False'
    - OutDescEst: 'EB' 
    - ErrorMessage: ''
0020195:
    - bResult: 'False'
    - OutDescEst: 'EB' 
    - ErrorMessage: ''
0020196:
    - bResult: 'False'
    - OutDescEst: 'EB' 
    - ErrorMessage: ''
0020197:
    - bResult: 'False'
    - OutDescEst: 'EB' 
    - ErrorMessage: ''
0020223:
    - bResult: 'False'
    - OutDescEst: 'EB' 
    - ErrorMessage: ''
0020224:
    - bResult: 'False'
    - OutDescEst: 'EB' 
    - ErrorMessage: ''
0020262:
    - bResult: 'False'
    - OutDescEst: 'EB' 
    - ErrorMessage: ''
0020449:
    - bResult: 'False'
    - OutDescEst: 'EB' 
    - ErrorMessage: ''
0020546:
    - bResult: 'False'
    - OutDescEst: 'EB' 
    - ErrorMessage: ''
0020555:
    - bResult: 'False'
    - OutDescEst: 'EB' 
    - ErrorMessage: ''
0020589:
    - bResult: 'False'
    - OutDescEst: 'EB' 
    - ErrorMessage: ''
0020649:
    - bResult: 'False'
    - OutDescEst: 'EB' 
    - ErrorMessage: ''
0020650:
    - bResult: 'False'
    - OutDescEst: 'EB' 
    - ErrorMessage: ''
0020908:
    - bResult: 'False'
    - OutDescEst: 'EB' 
    - ErrorMessage: ''
0020954:
    - bResult: 'False'
    - OutDescEst: 'EB' 
    - ErrorMessage: ''
0021060:
    - bResult: 'False'
    - OutDescEst: 'EB' 
    - ErrorMessage: ''
0021090:
    - bResult: 'False'
    - OutDescEst: 'EB' 
    - ErrorMessage: ''
0021091:
    - bResult: 'False'
    - OutDescEst: 'EB' 
    - ErrorMessage: ''
0021093:
    - bResult: 'False'
    - OutDescEst: 'EB' 
    - ErrorMessage: ''
0021101:
    - bResult: 'False'
    - OutDescEst: 'EB' 
    - ErrorMessage: ''
0021208:
    - bResult: 'False'
    - OutDescEst: 'EB' 
    - ErrorMessage: ''
0021236:
    - bResult: 'False'
    - OutDescEst: 'EB' 
    - ErrorMessage: ''
0021238:
    - bResult: 'False'
    - OutDescEst: 'EB' 
    - ErrorMessage: ''
0021239:
    - bResult: 'False'
    - OutDescEst: 'EB' 
    - ErrorMessage: ''
0021411:
    - bResult: 'False'
    - OutDescEst: 'EB' 
    - ErrorMessage: ''
0021421:
    - bResult: 'False'
    - OutDescEst: 'EB' 
    - ErrorMessage: ''
0021515:
    - bResult: 'False'
    - OutDescEst: 'EB' 
    - ErrorMessage: ''
0021550:
    - bResult: 'False'
    - OutDescEst: 'EB' 
    - ErrorMessage: ''
0021809:
    - bResult: 'False'
    - OutDescEst: 'EB' 
    - ErrorMessage: ''
0021881:
    - bResult: 'False'
    - OutDescEst: 'EB' 
    - ErrorMessage: ''
0021882:
    - bResult: 'False'
    - OutDescEst: 'EB' 
    - ErrorMessage: ''
0022085:
    - bResult: 'False'
    - OutDescEst: 'EB' 
    - ErrorMessage: ''
0022179:
    - bResult: 'False'
    - OutDescEst: 'EB' 
    - ErrorMessage: ''
0022180:
    - bResult: 'False'
    - OutDescEst: 'EB' 
    - ErrorMessage: ''
0022457:
    - bResult: 'False'
    - OutDescEst: 'EB' 
    - ErrorMessage: ''
0022458:
    - bResult: 'False'
    - OutDescEst: 'EB' 
    - ErrorMessage: ''
0022475:
    - bResult: 'False'
    - OutDescEst: 'EB' 
    - ErrorMessage: ''
0022504:
    - bResult: 'False'
    - OutDescEst: 'EB' 
    - ErrorMessage: ''
0022528:
    - bResult: 'False'
    - OutDescEst: 'EB' 
    - ErrorMessage: ''
0022556:
    - bResult: 'False'
    - OutDescEst: 'EB' 
    - ErrorMessage: ''
0022557:
    - bResult: 'False'
    - OutDescEst: 'EB' 
    - ErrorMessage: ''
0022558:
    - bResult: 'False'
    - OutDescEst: 'EB' 
    - ErrorMessage: ''
0022560:
    - bResult: 'False'
    - OutDescEst: 'EB' 
    - ErrorMessage: ''
0022561:
    - bResult: 'False'
    - OutDescEst: 'EB' 
    - ErrorMessage: ''
0022562:
    - bResult: 'False'
    - OutDescEst: 'EB' 
    - ErrorMessage: ''
0022564:
    - bResult: 'False'
    - OutDescEst: 'EB' 
    - ErrorMessage: ''
0022652:
    - bResult: 'False'
    - OutDescEst: 'EB' 
    - ErrorMessage: ''
0022653:
    - bResult: 'False'
    - OutDescEst: 'EB' 
    - ErrorMessage: ''
0022739:
    - bResult: 'False'
    - OutDescEst: 'EB' 
    - ErrorMessage: ''
0022740:
    - bResult: 'False'
    - OutDescEst: 'EB' 
    - ErrorMessage: ''
0022859:
    - bResult: 'False'
    - OutDescEst: 'EB' 
    - ErrorMessage: ''
0022860:
    - bResult: 'False'
    - OutDescEst: 'EB' 
    - ErrorMessage: ''
0022935:
    - bResult: 'False'
    - OutDescEst: 'EB' 
    - ErrorMessage: ''
0023014:
    - bResult: 'False'
    - OutDescEst: 'EB' 
    - ErrorMessage: ''
0023085:
    - bResult: 'False'
    - OutDescEst: 'EB' 
    - ErrorMessage: ''
0023086:
    - bResult: 'False'
    - OutDescEst: 'EB' 
    - ErrorMessage: ''
0023088:
    - bResult: 'False'
    - OutDescEst: 'EB' 
    - ErrorMessage: ''
0023089:
    - bResult: 'False'
    - OutDescEst: 'EB' 
    - ErrorMessage: ''
0023176:
    - bResult: 'False'
    - OutDescEst: 'EB' 
    - ErrorMessage: ''
0023391:
    - bResult: 'False'
    - OutDescEst: 'EB' 
    - ErrorMessage: ''
0023392:
    - bResult: 'False'
    - OutDescEst: 'EB' 
    - ErrorMessage: ''
0023608:
    - bResult: 'False'
    - OutDescEst: 'EB' 
    - ErrorMessage: ''
0023658:
    - bResult: 'False'
    - OutDescEst: 'EB' 
    - ErrorMessage: ''
0023659:
    - bResult: 'False'
    - OutDescEst: 'EB' 
    - ErrorMessage: ''
0023958:
    - bResult: 'False'
    - OutDescEst: 'EB' 
    - ErrorMessage: ''
0024223:
    - bResult: 'False'
    - OutDescEst: 'EB' 
    - ErrorMessage: ''
0024649:
    - bResult: 'False'
    - OutDescEst: 'EB' 
    - ErrorMessage: ''
0024650:
    - bResult: 'False'
    - OutDescEst: 'EB' 
    - ErrorMessage: ''
0024726:
    - bResult: 'False'
    - OutDescEst: 'EB' 
    - ErrorMessage: ''
0024727:
    - bResult: 'False'
    - OutDescEst: 'EB' 
    - ErrorMessage: ''
0024976:
    - bResult: 'False'
    - OutDescEst: 'EB' 
    - ErrorMessage: ''
0024977:
    - bResult: 'False'
    - OutDescEst: 'EB' 
    - ErrorMessage: ''
0025405:
    - bResult: 'False'
    - OutDescEst: 'EB' 
    - ErrorMessage: ''
0025435:
    - bResult: 'False'
    - OutDescEst: 'EB' 
    - ErrorMessage: ''
0025436:
    - bResult: 'False'
    - OutDescEst: 'EB' 
    - ErrorMessage: ''
0025853:
    - bResult: 'False'
    - OutDescEst: 'EB' 
    - ErrorMessage: ''
0025854:
    - bResult: 'False'
    - OutDescEst: 'EB' 
    - ErrorMessage: ''
0025906:
    - bResult: 'False'
    - OutDescEst: 'EB' 
    - ErrorMessage: ''
0026110:
    - bResult: 'False'
    - OutDescEst: 'EB' 
    - ErrorMessage: ''
0026111:
    - bResult: 'False'
    - OutDescEst: 'EB' 
    - ErrorMessage: ''
0026603:
    - bResult: 'False'
    - OutDescEst: 'EB' 
    - ErrorMessage: ''
0026800:
    - bResult: 'False'
    - OutDescEst: 'EB' 
    - ErrorMessage: ''
0026801:
    - bResult: 'False'
    - OutDescEst: 'EB' 
    - ErrorMessage: ''
0026946:
    - bResult: 'False'
    - OutDescEst: 'EB' 
    - ErrorMessage: ''
0026947:
    - bResult: 'False'
    - OutDescEst: 'EB' 
    - ErrorMessage: ''
0027018:
    - bResult: 'False'
    - OutDescEst: 'EB' 
    - ErrorMessage: ''
0027019:
    - bResult: 'False'
    - OutDescEst: 'EB' 
    - ErrorMessage: ''
0027025:
    - bResult: 'False'
    - OutDescEst: 'EB' 
    - ErrorMessage: ''
0027102:
    - bResult: 'False'
    - OutDescEst: 'EB' 
    - ErrorMessage: ''
0027103:
    - bResult: 'False'
    - OutDescEst: 'EB' 
    - ErrorMessage: ''
0027169:
    - bResult: 'False'
    - OutDescEst: 'EB' 
    - ErrorMessage: ''
0027184:
    - bResult: 'False'
    - OutDescEst: 'EB' 
    - ErrorMessage: ''
0027190:
    - bResult: 'False'
    - OutDescEst: 'EB' 
    - ErrorMessage: ''
0027344:
    - bResult: 'False'
    - OutDescEst: 'EB' 
    - ErrorMessage: ''
0027389:
    - bResult: 'False'
    - OutDescEst: 'EB' 
    - ErrorMessage: ''
0027925:
    - bResult: 'False'
    - OutDescEst: 'EB' 
    - ErrorMessage: ''
0028592:
    - bResult: 'False'
    - OutDescEst: 'EB' 
    - ErrorMessage: ''
0028962:
    - bResult: 'False'
    - OutDescEst: 'EB' 
    - ErrorMessage: ''
0028963:
    - bResult: 'False'
    - OutDescEst: 'EB' 
    - ErrorMessage: ''
0029885:
    - bResult: 'False'
    - OutDescEst: 'EB' 
    - ErrorMessage: ''
0030306:
    - bResult: 'False'
    - OutDescEst: 'EB' 
    - ErrorMessage: ''
0031116:
    - bResult: 'False'
    - OutDescEst: 'EB' 
    - ErrorMessage: ''
0031617:
    - bResult: 'False'
    - OutDescEst: 'EB' 
    - ErrorMessage: ''
0031926:
    - bResult: 'False'
    - OutDescEst: 'EB' 
    - ErrorMessage: ''
0032429:
    - bResult: 'False'
    - OutDescEst: 'EB' 
    - ErrorMessage: ''
0032430:
    - bResult: 'False'
    - OutDescEst: 'EB' 
    - ErrorMessage: ''
0033137:
    - bResult: 'False'
    - OutDescEst: 'EB' 
    - ErrorMessage: ''
0033471:
    - bResult: 'False'
    - OutDescEst: 'EB' 
    - ErrorMessage: ''
0033511:
    - bResult: 'False'
    - OutDescEst: 'EB' 
    - ErrorMessage: ''
0033513:
    - bResult: 'False'
    - OutDescEst: 'EB' 
    - ErrorMessage: ''
0035340:
    - bResult: 'False'
    - OutDescEst: 'EB' 
    - ErrorMessage: ''
0035341:
    - bResult: 'False'
    - OutDescEst: 'EB' 
    - ErrorMessage: ''
0035583:
    - bResult: 'False'
    - OutDescEst: 'EB' 
    - ErrorMessage: ''
0035962:
    - bResult: 'False'
    - OutDescEst: 'EB' 
    - ErrorMessage: ''
0036508:
    - bResult: 'False'
    - OutDescEst: 'EB' 
    - ErrorMessage: ''
0036690:
    - bResult: 'False'
    - OutDescEst: 'EB' 
    - ErrorMessage: ''
0036767:
    - bResult: 'False'
    - OutDescEst: 'EB' 
    - ErrorMessage: ''
0037685:
    - bResult: 'False'
    - OutDescEst: 'EB' 
    - ErrorMessage: ''
0037686:
    - bResult: 'False'
    - OutDescEst: 'EB' 
    - ErrorMessage: ''
0038351:
    - bResult: 'False'
    - OutDescEst: 'EB' 
    - ErrorMessage: ''
0038352:
    - bResult: 'False'
    - OutDescEst: 'EB' 
    - ErrorMessage: ''
0038362:
    - bResult: 'False'
    - OutDescEst: 'EB' 
    - ErrorMessage: ''
0038365:
    - bResult: 'False'
    - OutDescEst: 'EB' 
    - ErrorMessage: ''
0039054:
    - bResult: 'False'
    - OutDescEst: 'EB' 
    - ErrorMessage: ''
0039548:
    - bResult: 'False'
    - OutDescEst: 'EB' 
    - ErrorMessage: ''
0039787:
    - bResult: 'False'
    - OutDescEst: 'EB' 
    - ErrorMessage: ''
0039788:
    - bResult: 'False'
    - OutDescEst: 'EB' 
    - ErrorMessage: ''
0040260:
    - bResult: 'False'
    - OutDescEst: 'EB' 
    - ErrorMessage: ''
0040718:
    - bResult: 'False'
    - OutDescEst: 'EB' 
    - ErrorMessage: ''
0042195:
    - bResult: 'False'
    - OutDescEst: 'EB' 
    - ErrorMessage: ''
0042196:
    - bResult: 'False'
    - OutDescEst: 'EB' 
    - ErrorMessage: ''
0042320:
    - bResult: 'False'
    - OutDescEst: 'EB' 
    - ErrorMessage: ''
0042419:
    - bResult: 'False'
    - OutDescEst: 'EB' 
    - ErrorMessage: ''
0042855:
    - bResult: 'False'
    - OutDescEst: 'EB' 
    - ErrorMessage: ''
0042856:
    - bResult: 'False'
    - OutDescEst: 'EB' 
    - ErrorMessage: ''
0043789:
    - bResult: 'False'
    - OutDescEst: 'EB' 
    - ErrorMessage: ''
0043790:
    - bResult: 'False'
    - OutDescEst: 'EB' 
    - ErrorMessage: ''
0043922:
    - bResult: 'False'
    - OutDescEst: 'EB' 
    - ErrorMessage: ''
0044566:
    - bResult: 'False'
    - OutDescEst: 'EB' 
    - ErrorMessage: ''
0045501:
    - bResult: 'False'
    - OutDescEst: 'EB' 
    - ErrorMessage: ''
0045502:
    - bResult: 'False'
    - OutDescEst: 'EB' 
    - ErrorMessage: ''
0045764:
    - bResult: 'False'
    - OutDescEst: 'EB' 
    - ErrorMessage: ''
0045765:
    - bResult: 'False'
    - OutDescEst: 'EB' 
    - ErrorMessage: ''
0045766:
    - bResult: 'False'
    - OutDescEst: 'EB' 
    - ErrorMessage: ''
0045851:
    - bResult: 'False'
    - OutDescEst: 'EB' 
    - ErrorMessage: ''
0045852:
    - bResult: 'False'
    - OutDescEst: 'EB' 
    - ErrorMessage: ''
0046060:
    - bResult: 'False'
    - OutDescEst: 'EB' 
    - ErrorMessage: ''
0046061:
    - bResult: 'False'
    - OutDescEst: 'EB' 
    - ErrorMessage: ''
0046578:
    - bResult: 'False'
    - OutDescEst: 'EB' 
    - ErrorMessage: ''
0046579:
    - bResult: 'False'
    - OutDescEst: 'EB' 
    - ErrorMessage: ''
0046580:
    - bResult: 'False'
    - OutDescEst: 'EB' 
    - ErrorMessage: ''
0046581:
    - bResult: 'False'
    - OutDescEst: 'EB' 
    - ErrorMessage: ''
0046582:
    - bResult: 'False'
    - OutDescEst: 'EB' 
    - ErrorMessage: ''
0046583:
    - bResult: 'False'
    - OutDescEst: 'EB' 
    - ErrorMessage: ''
0046584:
    - bResult: 'False'
    - OutDescEst: 'EB' 
    - ErrorMessage: ''
0046585:
    - bResult: 'False'
    - OutDescEst: 'EB' 
    - ErrorMessage: ''
0046586:
    - bResult: 'False'
    - OutDescEst: 'EB' 
    - ErrorMessage: ''
0046587:
    - bResult: 'False'
    - OutDescEst: 'EB' 
    - ErrorMessage: ''
0047124:
    - bResult: 'False'
    - OutDescEst: 'EB' 
    - ErrorMessage: ''
0047125:
    - bResult: 'False'
    - OutDescEst: 'EB' 
    - ErrorMessage: ''
0047630:
    - bResult: 'False'
    - OutDescEst: 'EB' 
    - ErrorMessage: ''
0048012:
    - bResult: 'False'
    - OutDescEst: 'EB' 
    - ErrorMessage: ''
0048013:
    - bResult: 'False'
    - OutDescEst: 'EB' 
    - ErrorMessage: ''
0048592:
    - bResult: 'False'
    - OutDescEst: 'EB' 
    - ErrorMessage: ''
0049573:
    - bResult: 'False'
    - OutDescEst: 'EB' 
    - ErrorMessage: ''
0049574:
    - bResult: 'False'
    - OutDescEst: 'EB' 
    - ErrorMessage: ''
0051172:
    - bResult: 'False'
    - OutDescEst: 'EB' 
    - ErrorMessage: ''
0051173:
    - bResult: 'False'
    - OutDescEst: 'EB' 
    - ErrorMessage: ''
0053241:
    - bResult: 'False'
    - OutDescEst: 'EB' 
    - ErrorMessage: ''
0053243:
    - bResult: 'False'
    - OutDescEst: 'EB' 
    - ErrorMessage: ''
0053248:
    - bResult: 'False'
    - OutDescEst: 'EB' 
    - ErrorMessage: ''
0053385:
    - bResult: 'False'
    - OutDescEst: 'EB' 
    - ErrorMessage: ''
0053386:
    - bResult: 'False'
    - OutDescEst: 'EB' 
    - ErrorMessage: ''
0053388:
    - bResult: 'False'
    - OutDescEst: 'EB' 
    - ErrorMessage: ''
0053389:
    - bResult: 'False'
    - OutDescEst: 'EB' 
    - ErrorMessage: ''
0053391:
    - bResult: 'False'
    - OutDescEst: 'EB' 
    - ErrorMessage: ''
0053392:
    - bResult: 'False'
    - OutDescEst: 'EB' 
    - ErrorMessage: ''
0053394:
    - bResult: 'False'
    - OutDescEst: 'EB' 
    - ErrorMessage: ''
0056305:
    - bResult: 'False'
    - OutDescEst: 'EB' 
    - ErrorMessage: ''
0056306:
    - bResult: 'False'
    - OutDescEst: 'EB' 
    - ErrorMessage: ''
0057111:
    - bResult: 'False'
    - OutDescEst: 'EB' 
    - ErrorMessage: ''
0057112:
    - bResult: 'False'
    - OutDescEst: 'EB' 
    - ErrorMessage: ''
0058051:
    - bResult: 'False'
    - OutDescEst: 'EB' 
    - ErrorMessage: ''
0058052:
    - bResult: 'False'
    - OutDescEst: 'EB' 
    - ErrorMessage: ''
0058336:
    - bResult: 'False'
    - OutDescEst: 'EB' 
    - ErrorMessage: ''
0058337:
    - bResult: 'False'
    - OutDescEst: 'EB' 
    - ErrorMessage: ''
0058393:
    - bResult: 'False'
    - OutDescEst: 'EB' 
    - ErrorMessage: ''
0058394:
    - bResult: 'False'
    - OutDescEst: 'EB' 
    - ErrorMessage: ''
0058881:
    - bResult: 'False'
    - OutDescEst: 'EB' 
    - ErrorMessage: ''
0059855:
    - bResult: 'False'
    - OutDescEst: 'EB' 
    - ErrorMessage: ''
0059856:
    - bResult: 'False'
    - OutDescEst: 'EB' 
    - ErrorMessage: ''
0059858:
    - bResult: 'False'
    - OutDescEst: 'EB' 
    - ErrorMessage: ''
0059859:
    - bResult: 'False'
    - OutDescEst: 'EB' 
    - ErrorMessage: ''
0060142:
    - bResult: 'False'
    - OutDescEst: 'EB' 
    - ErrorMessage: ''
0060143:
    - bResult: 'False'
    - OutDescEst: 'EB' 
    - ErrorMessage: ''
0060690:
    - bResult: 'False'
    - OutDescEst: 'EB' 
    - ErrorMessage: ''
0061692:
    - bResult: 'False'
    - OutDescEst: 'EB' 
    - ErrorMessage: ''
0061693:
    - bResult: 'False'
    - OutDescEst: 'EB' 
    - ErrorMessage: ''
0061987:
    - bResult: 'False'
    - OutDescEst: 'EB' 
    - ErrorMessage: ''
0061988:
    - bResult: 'False'
    - OutDescEst: 'EB' 
    - ErrorMessage: ''
0062888:
    - bResult: 'False'
    - OutDescEst: 'EB' 
    - ErrorMessage: ''
0063437:
    - bResult: 'False'
    - OutDescEst: 'EB' 
    - ErrorMessage: ''
0063438:
    - bResult: 'False'
    - OutDescEst: 'EB' 
    - ErrorMessage: ''
0064993:
    - bResult: 'False'
    - OutDescEst: 'EB' 
    - ErrorMessage: ''
0064994:
    - bResult: 'False'
    - OutDescEst: 'EB' 
    - ErrorMessage: ''
0064997:
    - bResult: 'False'
    - OutDescEst: 'EB' 
    - ErrorMessage: ''
0064998:
    - bResult: 'False'
    - OutDescEst: 'EB' 
    - ErrorMessage: ''
0065697:
    - bResult: 'False'
    - OutDescEst: 'EB' 
    - ErrorMessage: ''
0065703:
    - bResult: 'False'
    - OutDescEst: 'EB' 
    - ErrorMessage: ''
0066521:
    - bResult: 'False'
    - OutDescEst: 'EB' 
    - ErrorMessage: ''
0066757:
    - bResult: 'False'
    - OutDescEst: 'EB' 
    - ErrorMessage: ''
0066758:
    - bResult: 'False'
    - OutDescEst: 'EB' 
    - ErrorMessage: ''
0069563:
    - bResult: 'False'
    - OutDescEst: 'EB' 
    - ErrorMessage: ''
0069564:
    - bResult: 'False'
    - OutDescEst: 'EB' 
    - ErrorMessage: ''
0070703:
    - bResult: 'False'
    - OutDescEst: 'EB' 
    - ErrorMessage: ''
0070705:
    - bResult: 'False'
    - OutDescEst: 'EB' 
    - ErrorMessage: ''
0070707:
    - bResult: 'False'
    - OutDescEst: 'EB' 
    - ErrorMessage: ''
0073869:
    - bResult: 'False'
    - OutDescEst: 'EB' 
    - ErrorMessage: ''
0074470:
    - bResult: 'False'
    - OutDescEst: 'EB' 
    - ErrorMessage: ''
0074471:
    - bResult: 'False'
    - OutDescEst: 'EB' 
    - ErrorMessage: ''
0074566:
    - bResult: 'False'
    - OutDescEst: 'EB' 
    - ErrorMessage: ''
0074567:
    - bResult: 'False'
    - OutDescEst: 'EB' 
    - ErrorMessage: ''
0074623:
    - bResult: 'False'
    - OutDescEst: 'EB' 
    - ErrorMessage: ''
0074624:
    - bResult: 'False'
    - OutDescEst: 'EB' 
    - ErrorMessage: ''
0074646:
    - bResult: 'False'
    - OutDescEst: 'EB' 
    - ErrorMessage: ''
0074647:
    - bResult: 'False'
    - OutDescEst: 'EB' 
    - ErrorMessage: ''
0074905:
    - bResult: 'False'
    - OutDescEst: 'EB' 
    - ErrorMessage: ''
0074906:
    - bResult: 'False'
    - OutDescEst: 'EB' 
    - ErrorMessage: ''
0075133:
    - bResult: 'False'
    - OutDescEst: 'EB' 
    - ErrorMessage: ''
0075134:
    - bResult: 'False'
    - OutDescEst: 'EB' 
    - ErrorMessage: ''
0075820:
    - bResult: 'False'
    - OutDescEst: 'EB' 
    - ErrorMessage: ''
0075821:
    - bResult: 'False'
    - OutDescEst: 'EB' 
    - ErrorMessage: ''
0076962:
    - bResult: 'False'
    - OutDescEst: 'EB' 
    - ErrorMessage: ''
0077838:
    - bResult: 'False'
    - OutDescEst: 'EB' 
    - ErrorMessage: ''
0078057:
    - bResult: 'False'
    - OutDescEst: 'EB' 
    - ErrorMessage: ''
0078059:
    - bResult: 'False'
    - OutDescEst: 'EB' 
    - ErrorMessage: ''
0078060:
    - bResult: 'False'
    - OutDescEst: 'EB' 
    - ErrorMessage: ''
0078539:
    - bResult: 'False'
    - OutDescEst: 'EB' 
    - ErrorMessage: ''
0078718:
    - bResult: 'False'
    - OutDescEst: 'EB' 
    - ErrorMessage: ''
0079250:
    - bResult: 'False'
    - OutDescEst: 'EB' 
    - ErrorMessage: ''
0079251:
    - bResult: 'False'
    - OutDescEst: 'EB' 
    - ErrorMessage: ''
0079424:
    - bResult: 'False'
    - OutDescEst: 'EB' 
    - ErrorMessage: ''
0079425:
    - bResult: 'False'
    - OutDescEst: 'EB' 
    - ErrorMessage: ''
0079636:
    - bResult: 'False'
    - OutDescEst: 'EB' 
    - ErrorMessage: ''
0079637:
    - bResult: 'False'
    - OutDescEst: 'EB' 
    - ErrorMessage: ''
0082648:
    - bResult: 'False'
    - OutDescEst: 'EB' 
    - ErrorMessage: ''
0082649:
    - bResult: 'False'
    - OutDescEst: 'EB' 
    - ErrorMessage: ''
0082957:
    - bResult: 'False'
    - OutDescEst: 'EB' 
    - ErrorMessage: ''
0083038:
    - bResult: 'False'
    - OutDescEst: 'EB' 
    - ErrorMessage: ''
0083916:
    - bResult: 'False'
    - OutDescEst: 'EB' 
    - ErrorMessage: ''
0083917:
    - bResult: 'False'
    - OutDescEst: 'EB' 
    - ErrorMessage: ''
0084366:
    - bResult: 'False'
    - OutDescEst: 'EB' 
    - ErrorMessage: ''
0084379:
    - bResult: 'False'
    - OutDescEst: 'EB' 
    - ErrorMessage: ''
0084381:
    - bResult: 'False'
    - OutDescEst: 'EB' 
    - ErrorMessage: ''
0085570:
    - bResult: 'False'
    - OutDescEst: 'EB' 
    - ErrorMessage: ''
0085571:
    - bResult: 'False'
    - OutDescEst: 'EB' 
    - ErrorMessage: ''
0085572:
    - bResult: 'False'
    - OutDescEst: 'EB' 
    - ErrorMessage: ''
0085573:
    - bResult: 'False'
    - OutDescEst: 'EB' 
    - ErrorMessage: ''
0085576:
    - bResult: 'False'
    - OutDescEst: 'EB' 
    - ErrorMessage: ''
0085577:
    - bResult: 'False'
    - OutDescEst: 'EB' 
    - ErrorMessage: ''
0085578:
    - bResult: 'False'
    - OutDescEst: 'EB' 
    - ErrorMessage: ''
0085579:
    - bResult: 'False'
    - OutDescEst: 'EB' 
    - ErrorMessage: ''
0085580:
    - bResult: 'False'
    - OutDescEst: 'EB' 
    - ErrorMessage: ''
0085581:
    - bResult: 'False'
    - OutDescEst: 'EB' 
    - ErrorMessage: ''
0085600:
    - bResult: 'False'
    - OutDescEst: 'EB' 
    - ErrorMessage: ''
0085602:
    - bResult: 'False'
    - OutDescEst: 'EB' 
    - ErrorMessage: ''
0085786:
    - bResult: 'False'
    - OutDescEst: 'EB' 
    - ErrorMessage: ''
0087949:
    - bResult: 'False'
    - OutDescEst: 'EB' 
    - ErrorMessage: ''
0087950:
    - bResult: 'False'
    - OutDescEst: 'EB' 
    - ErrorMessage: ''
0087951:
    - bResult: 'False'
    - OutDescEst: 'EB' 
    - ErrorMessage: ''
0087952:
    - bResult: 'False'
    - OutDescEst: 'EB' 
    - ErrorMessage: ''
0087953:
    - bResult: 'False'
    - OutDescEst: 'EB' 
    - ErrorMessage: ''
0087954:
    - bResult: 'False'
    - OutDescEst: 'EB' 
    - ErrorMessage: ''
0088354:
    - bResult: 'False'
    - OutDescEst: 'EB' 
    - ErrorMessage: ''
0088355:
    - bResult: 'False'
    - OutDescEst: 'EB' 
    - ErrorMessage: ''
0088666:
    - bResult: 'False'
    - OutDescEst: 'EB' 
    - ErrorMessage: ''
0088672:
    - bResult: 'False'
    - OutDescEst: 'EB' 
    - ErrorMessage: ''
0088673:
    - bResult: 'False'
    - OutDescEst: 'EB' 
    - ErrorMessage: ''
0089549:
    - bResult: 'False'
    - OutDescEst: 'EB' 
    - ErrorMessage: ''
0089550:
    - bResult: 'False'
    - OutDescEst: 'EB' 
    - ErrorMessage: ''
0089559:
    - bResult: 'False'
    - OutDescEst: 'EB' 
    - ErrorMessage: ''
0089560:
    - bResult: 'False'
    - OutDescEst: 'EB' 
    - ErrorMessage: ''
0089992:
    - bResult: 'False'
    - OutDescEst: 'EB' 
    - ErrorMessage: ''
0089993:
    - bResult: 'False'
    - OutDescEst: 'EB' 
    - ErrorMessage: ''
0090179:
    - bResult: 'False'
    - OutDescEst: 'EB' 
    - ErrorMessage: ''
0092594:
    - bResult: 'False'
    - OutDescEst: 'EB' 
    - ErrorMessage: ''
0092595:
    - bResult: 'False'
    - OutDescEst: 'EB' 
    - ErrorMessage: ''
0092602:
    - bResult: 'False'
    - OutDescEst: 'EB' 
    - ErrorMessage: ''
0092604:
    - bResult: 'False'
    - OutDescEst: 'EB' 
    - ErrorMessage: ''
0092663:
    - bResult: 'False'
    - OutDescEst: 'EB' 
    - ErrorMessage: ''
0092664:
    - bResult: 'False'
    - OutDescEst: 'EB' 
    - ErrorMessage: ''
0092755:
    - bResult: 'False'
    - OutDescEst: 'EB' 
    - ErrorMessage: ''
0092756:
    - bResult: 'False'
    - OutDescEst: 'EB' 
    - ErrorMessage: ''
0092759:
    - bResult: 'False'
    - OutDescEst: 'EB' 
    - ErrorMessage: ''
0092760:
    - bResult: 'False'
    - OutDescEst: 'EB' 
    - ErrorMessage: ''
0092761:
    - bResult: 'False'
    - OutDescEst: 'EB' 
    - ErrorMessage: ''
0092762:
    - bResult: 'False'
    - OutDescEst: 'EB' 
    - ErrorMessage: ''
0093585:
    - bResult: 'False'
    - OutDescEst: 'EB' 
    - ErrorMessage: ''
0093586:
    - bResult: 'False'
    - OutDescEst: 'EB' 
    - ErrorMessage: ''
0094262:
    - bResult: 'False'
    - OutDescEst: 'EB' 
    - ErrorMessage: ''
0094264:
    - bResult: 'False'
    - OutDescEst: 'EB' 
    - ErrorMessage: ''
0094781:
    - bResult: 'False'
    - OutDescEst: 'EB' 
    - ErrorMessage: ''
0094784:
    - bResult: 'False'
    - OutDescEst: 'EB' 
    - ErrorMessage: ''
0094785:
    - bResult: 'False'
    - OutDescEst: 'EB' 
    - ErrorMessage: ''
0095233:
    - bResult: 'False'
    - OutDescEst: 'EB' 
    - ErrorMessage: ''
0095971:
    - bResult: 'False'
    - OutDescEst: 'EB' 
    - ErrorMessage: ''
0096399:
    - bResult: 'False'
    - OutDescEst: 'EB' 
    - ErrorMessage: ''
0096400:
    - bResult: 'False'
    - OutDescEst: 'EB' 
    - ErrorMessage: ''
0096402:
    - bResult: 'False'
    - OutDescEst: 'EB' 
    - ErrorMessage: ''
0096403:
    - bResult: 'False'
    - OutDescEst: 'EB' 
    - ErrorMessage: ''
0098393:
    - bResult: 'False'
    - OutDescEst: 'EB' 
    - ErrorMessage: ''
0098394:
    - bResult: 'False'
    - OutDescEst: 'EB' 
    - ErrorMessage: ''
0098395:
    - bResult: 'False'
    - OutDescEst: 'EB' 
    - ErrorMessage: ''
0098396:
    - bResult: 'False'
    - OutDescEst: 'EB' 
    - ErrorMessage: ''
0098551:
    - bResult: 'False'
    - OutDescEst: 'EB' 
    - ErrorMessage: ''
0101958:
    - bResult: 'False'
    - OutDescEst: 'EB' 
    - ErrorMessage: ''
0101959:
    - bResult: 'False'
    - OutDescEst: 'EB' 
    - ErrorMessage: ''
0101961:
    - bResult: 'False'
    - OutDescEst: 'EB' 
    - ErrorMessage: ''
0101962:
    - bResult: 'False'
    - OutDescEst: 'EB' 
    - ErrorMessage: ''
0102646:
    - bResult: 'False'
    - OutDescEst: 'EB' 
    - ErrorMessage: ''
0102647:
    - bResult: 'False'
    - OutDescEst: 'EB' 
    - ErrorMessage: ''
0103964:
    - bResult: 'False'
    - OutDescEst: 'EB' 
    - ErrorMessage: ''
0103965:
    - bResult: 'False'
    - OutDescEst: 'EB' 
    - ErrorMessage: ''
0104043:
    - bResult: 'False'
    - OutDescEst: 'EB' 
    - ErrorMessage: ''
0104044:
    - bResult: 'False'
    - OutDescEst: 'EB' 
    - ErrorMessage: ''
0104494:
    - bResult: 'False'
    - OutDescEst: 'EB' 
    - ErrorMessage: ''
0104495:
    - bResult: 'False'
    - OutDescEst: 'EB' 
    - ErrorMessage: ''
0105836:
    - bResult: 'False'
    - OutDescEst: 'EB' 
    - ErrorMessage: ''
0105837:
    - bResult: 'False'
    - OutDescEst: 'EB' 
    - ErrorMessage: ''
0105838:
    - bResult: 'False'
    - OutDescEst: 'EB' 
    - ErrorMessage: ''
0106895:
    - bResult: 'False'
    - OutDescEst: 'EB' 
    - ErrorMessage: ''
0106897:
    - bResult: 'False'
    - OutDescEst: 'EB' 
    - ErrorMessage: ''
0107398:
    - bResult: 'False'
    - OutDescEst: 'EB' 
    - ErrorMessage: ''
0107399:
    - bResult: 'False'
    - OutDescEst: 'EB' 
    - ErrorMessage: ''
0108034:
    - bResult: 'False'
    - OutDescEst: 'EB' 
    - ErrorMessage: ''
0108045:
    - bResult: 'False'
    - OutDescEst: 'EB' 
    - ErrorMessage: ''
0108060:
    - bResult: 'False'
    - OutDescEst: 'EB' 
    - ErrorMessage: ''
0108061:
    - bResult: 'False'
    - OutDescEst: 'EB' 
    - ErrorMessage: ''
0109173:
    - bResult: 'False'
    - OutDescEst: 'EB' 
    - ErrorMessage: ''
0109548:
    - bResult: 'False'
    - OutDescEst: 'EB' 
    - ErrorMessage: ''
0111097:
    - bResult: 'False'
    - OutDescEst: 'EB' 
    - ErrorMessage: ''
0111098:
    - bResult: 'False'
    - OutDescEst: 'EB' 
    - ErrorMessage: ''
0111536:
    - bResult: 'False'
    - OutDescEst: 'EB' 
    - ErrorMessage: ''
0112893:
    - bResult: 'False'
    - OutDescEst: 'EB' 
    - ErrorMessage: ''
0114391:
    - bResult: 'False'
    - OutDescEst: 'EB' 
    - ErrorMessage: ''
0114840:
    - bResult: 'False'
    - OutDescEst: 'EB' 
    - ErrorMessage: ''
0114841:
    - bResult: 'False'
    - OutDescEst: 'EB' 
    - ErrorMessage: ''
0114843:
    - bResult: 'False'
    - OutDescEst: 'EB' 
    - ErrorMessage: ''
0114844:
    - bResult: 'False'
    - OutDescEst: 'EB' 
    - ErrorMessage: ''
0114846:
    - bResult: 'False'
    - OutDescEst: 'EB' 
    - ErrorMessage: ''
0114847:
    - bResult: 'False'
    - OutDescEst: 'EB' 
    - ErrorMessage: ''
0114848:
    - bResult: 'False'
    - OutDescEst: 'EB' 
    - ErrorMessage: ''
0114850:
    - bResult: 'False'
    - OutDescEst: 'EB' 
    - ErrorMessage: ''
0114851:
    - bResult: 'False'
    - OutDescEst: 'EB' 
    - ErrorMessage: ''
0115026:
    - bResult: 'False'
    - OutDescEst: 'EB' 
    - ErrorMessage: ''
0115027:
    - bResult: 'False'
    - OutDescEst: 'EB' 
    - ErrorMessage: ''
0115969:
    - bResult: 'False'
    - OutDescEst: 'EB' 
    - ErrorMessage: ''
0115970:
    - bResult: 'False'
    - OutDescEst: 'EB' 
    - ErrorMessage: ''
0115971:
    - bResult: 'False'
    - OutDescEst: 'EB' 
    - ErrorMessage: ''
0117504:
    - bResult: 'False'
    - OutDescEst: 'EB' 
    - ErrorMessage: ''
0117525:
    - bResult: 'False'
    - OutDescEst: 'EB' 
    - ErrorMessage: ''
0119321:
    - bResult: 'False'
    - OutDescEst: 'EB' 
    - ErrorMessage: ''
0119898:
    - bResult: 'False'
    - OutDescEst: 'EB' 
    - ErrorMessage: ''
0120518:
    - bResult: 'False'
    - OutDescEst: 'EB' 
    - ErrorMessage: ''
0120519:
    - bResult: 'False'
    - OutDescEst: 'EB' 
    - ErrorMessage: ''
0122060:
    - bResult: 'False'
    - OutDescEst: 'EB' 
    - ErrorMessage: ''
0122061:
    - bResult: 'False'
    - OutDescEst: 'EB' 
    - ErrorMessage: ''
0122062:
    - bResult: 'False'
    - OutDescEst: 'EB' 
    - ErrorMessage: ''
0122142:
    - bResult: 'False'
    - OutDescEst: 'EB' 
    - ErrorMessage: ''
0122390:
    - bResult: 'False'
    - OutDescEst: 'EB' 
    - ErrorMessage: ''
0122637:
    - bResult: 'False'
    - OutDescEst: 'EB' 
    - ErrorMessage: ''
0122638:
    - bResult: 'False'
    - OutDescEst: 'EB' 
    - ErrorMessage: ''
0123054:
    - bResult: 'False'
    - OutDescEst: 'EB' 
    - ErrorMessage: ''
0124048:
    - bResult: 'False'
    - OutDescEst: 'EB' 
    - ErrorMessage: ''
0124049:
    - bResult: 'False'
    - OutDescEst: 'EB' 
    - ErrorMessage: ''
0124512:
    - bResult: 'False'
    - OutDescEst: 'EB' 
    - ErrorMessage: ''
0124513:
    - bResult: 'False'
    - OutDescEst: 'EB' 
    - ErrorMessage: ''
0126398:
    - bResult: 'False'
    - OutDescEst: 'EB' 
    - ErrorMessage: ''
0126399:
    - bResult: 'False'
    - OutDescEst: 'EB' 
    - ErrorMessage: ''
0126400:
    - bResult: 'False'
    - OutDescEst: 'EB' 
    - ErrorMessage: ''
0126401:
    - bResult: 'False'
    - OutDescEst: 'EB' 
    - ErrorMessage: ''
0126402:
    - bResult: 'False'
    - OutDescEst: 'EB' 
    - ErrorMessage: ''
0126403:
    - bResult: 'False'
    - OutDescEst: 'EB' 
    - ErrorMessage: ''
0130142:
    - bResult: 'False'
    - OutDescEst: 'EB' 
    - ErrorMessage: ''
0130143:
    - bResult: 'False'
    - OutDescEst: 'EB' 
    - ErrorMessage: ''
0130437:
    - bResult: 'False'
    - OutDescEst: 'EB' 
    - ErrorMessage: ''
0131921:
    - bResult: 'False'
    - OutDescEst: 'EB' 
    - ErrorMessage: ''
0132856:
    - bResult: 'False'
    - OutDescEst: 'EB' 
    - ErrorMessage: ''
0132857:
    - bResult: 'False'
    - OutDescEst: 'EB' 
    - ErrorMessage: ''
0134468:
    - bResult: 'False'
    - OutDescEst: 'EB' 
    - ErrorMessage: ''
0134469:
    - bResult: 'False'
    - OutDescEst: 'EB' 
    - ErrorMessage: ''
0134471:
    - bResult: 'False'
    - OutDescEst: 'EB' 
    - ErrorMessage: ''
0134580:
    - bResult: 'False'
    - OutDescEst: 'EB' 
    - ErrorMessage: ''
0134741:
    - bResult: 'False'
    - OutDescEst: 'EB' 
    - ErrorMessage: ''
0134742:
    - bResult: 'False'
    - OutDescEst: 'EB' 
    - ErrorMessage: ''
0135582:
    - bResult: 'False'
    - OutDescEst: 'EB' 
    - ErrorMessage: ''
0135583:
    - bResult: 'False'
    - OutDescEst: 'EB' 
    - ErrorMessage: ''
0135585:
    - bResult: 'False'
    - OutDescEst: 'EB' 
    - ErrorMessage: ''
0135586:
    - bResult: 'False'
    - OutDescEst: 'EB' 
    - ErrorMessage: ''
0135876:
    - bResult: 'False'
    - OutDescEst: 'EB' 
    - ErrorMessage: ''
0136054:
    - bResult: 'False'
    - OutDescEst: 'EB' 
    - ErrorMessage: ''
0136709:
    - bResult: 'False'
    - OutDescEst: 'EB' 
    - ErrorMessage: ''
0136710:
    - bResult: 'False'
    - OutDescEst: 'EB' 
    - ErrorMessage: ''
0136711:
    - bResult: 'False'
    - OutDescEst: 'EB' 
    - ErrorMessage: ''
0136813:
    - bResult: 'False'
    - OutDescEst: 'EB' 
    - ErrorMessage: ''
0137043:
    - bResult: 'False'
    - OutDescEst: 'EB' 
    - ErrorMessage: ''
0137763:
    - bResult: 'False'
    - OutDescEst: 'EB' 
    - ErrorMessage: ''
0137764:
    - bResult: 'False'
    - OutDescEst: 'EB' 
    - ErrorMessage: ''
0138211:
    - bResult: 'False'
    - OutDescEst: 'EB' 
    - ErrorMessage: ''
0139241:
    - bResult: 'False'
    - OutDescEst: 'EB' 
    - ErrorMessage: ''
0139242:
    - bResult: 'False'
    - OutDescEst: 'EB' 
    - ErrorMessage: ''
0139988:
    - bResult: 'False'
    - OutDescEst: 'EB' 
    - ErrorMessage: ''
0139989:
    - bResult: 'False'
    - OutDescEst: 'EB' 
    - ErrorMessage: ''
0139990:
    - bResult: 'False'
    - OutDescEst: 'EB' 
    - ErrorMessage: ''
0139991:
    - bResult: 'False'
    - OutDescEst: 'EB' 
    - ErrorMessage: ''
0140798:
    - bResult: 'False'
    - OutDescEst: 'EB' 
    - ErrorMessage: ''
0140981:
    - bResult: 'False'
    - OutDescEst: 'EB' 
    - ErrorMessage: ''
0141009:
    - bResult: 'False'
    - OutDescEst: 'EB' 
    - ErrorMessage: ''
0141010:
    - bResult: 'False'
    - OutDescEst: 'EB' 
    - ErrorMessage: ''
0141045:
    - bResult: 'False'
    - OutDescEst: 'EB' 
    - ErrorMessage: ''
0141084:
    - bResult: 'False'
    - OutDescEst: 'EB' 
    - ErrorMessage: ''
0141085:
    - bResult: 'False'
    - OutDescEst: 'EB' 
    - ErrorMessage: ''
0142231:
    - bResult: 'False'
    - OutDescEst: 'EB' 
    - ErrorMessage: ''
0142232:
    - bResult: 'False'
    - OutDescEst: 'EB' 
    - ErrorMessage: ''
0142328:
    - bResult: 'False'
    - OutDescEst: 'EB' 
    - ErrorMessage: ''
0145949:
    - bResult: 'False'
    - OutDescEst: 'EB' 
    - ErrorMessage: ''
0147108:
    - bResult: 'False'
    - OutDescEst: 'EB' 
    - ErrorMessage: ''
0147680:
    - bResult: 'False'
    - OutDescEst: 'EB' 
    - ErrorMessage: ''
0148617:
    - bResult: 'False'
    - OutDescEst: 'EB' 
    - ErrorMessage: ''
0148618:
    - bResult: 'False'
    - OutDescEst: 'EB' 
    - ErrorMessage: ''
0149248:
    - bResult: 'False'
    - OutDescEst: 'EB' 
    - ErrorMessage: ''
0149249:
    - bResult: 'False'
    - OutDescEst: 'EB' 
    - ErrorMessage: ''
0149250:
    - bResult: 'False'
    - OutDescEst: 'EB' 
    - ErrorMessage: ''
0149251:
    - bResult: 'False'
    - OutDescEst: 'EB' 
    - ErrorMessage: ''
0149266:
    - bResult: 'False'
    - OutDescEst: 'EB' 
    - ErrorMessage: ''
0149768:
    - bResult: 'False'
    - OutDescEst: 'EB' 
    - ErrorMessage: ''
0151579:
    - bResult: 'False'
    - OutDescEst: 'EB' 
    - ErrorMessage: ''
0151580:
    - bResult: 'False'
    - OutDescEst: 'EB' 
    - ErrorMessage: ''
0151582:
    - bResult: 'False'
    - OutDescEst: 'EB' 
    - ErrorMessage: ''
0151583:
    - bResult: 'False'
    - OutDescEst: 'EB' 
    - ErrorMessage: ''
0153038:
    - bResult: 'False'
    - OutDescEst: 'EB' 
    - ErrorMessage: ''
0153039:
    - bResult: 'False'
    - OutDescEst: 'EB' 
    - ErrorMessage: ''
0153146:
    - bResult: 'False'
    - OutDescEst: 'EB' 
    - ErrorMessage: ''
0153147:
    - bResult: 'False'
    - OutDescEst: 'EB' 
    - ErrorMessage: ''
0153367:
    - bResult: 'False'
    - OutDescEst: 'EB' 
    - ErrorMessage: ''
0153797:
    - bResult: 'False'
    - OutDescEst: 'EB' 
    - ErrorMessage: ''
0153798:
    - bResult: 'False'
    - OutDescEst: 'EB' 
    - ErrorMessage: ''
0156112:
    - bResult: 'False'
    - OutDescEst: 'EB' 
    - ErrorMessage: ''
0158450:
    - bResult: 'False'
    - OutDescEst: 'EB' 
    - ErrorMessage: ''
0158451:
    - bResult: 'False'
    - OutDescEst: 'EB' 
    - ErrorMessage: ''
0160596:
    - bResult: 'False'
    - OutDescEst: 'EB' 
    - ErrorMessage: ''
0160600:
    - bResult: 'False'
    - OutDescEst: 'EB' 
    - ErrorMessage: ''
0160899:
    - bResult: 'False'
    - OutDescEst: 'EB' 
    - ErrorMessage: ''
0160946:
    - bResult: 'False'
    - OutDescEst: 'EB' 
    - ErrorMessage: ''
0161772:
    - bResult: 'False'
    - OutDescEst: 'EB' 
    - ErrorMessage: ''
0161774:
    - bResult: 'False'
    - OutDescEst: 'EB' 
    - ErrorMessage: ''
0161775:
    - bResult: 'False'
    - OutDescEst: 'EB' 
    - ErrorMessage: ''
0161861:
    - bResult: 'False'
    - OutDescEst: 'EB' 
    - ErrorMessage: ''
0162674:
    - bResult: 'False'
    - OutDescEst: 'EB' 
    - ErrorMessage: ''
0163278:
    - bResult: 'False'
    - OutDescEst: 'EB' 
    - ErrorMessage: ''
0166391:
    - bResult: 'False'
    - OutDescEst: 'EB' 
    - ErrorMessage: ''
0170141:
    - bResult: 'False'
    - OutDescEst: 'EB' 
    - ErrorMessage: ''
0170142:
    - bResult: 'False'
    - OutDescEst: 'EB' 
    - ErrorMessage: ''
0171537:
    - bResult: 'False'
    - OutDescEst: 'EB' 
    - ErrorMessage: ''
0171538:
    - bResult: 'False'
    - OutDescEst: 'EB' 
    - ErrorMessage: ''
0171539:
    - bResult: 'False'
    - OutDescEst: 'EB' 
    - ErrorMessage: ''
0172738:
    - bResult: 'False'
    - OutDescEst: 'EB' 
    - ErrorMessage: ''
0172860:
    - bResult: 'False'
    - OutDescEst: 'EB' 
    - ErrorMessage: ''
0172861:
    - bResult: 'False'
    - OutDescEst: 'EB' 
    - ErrorMessage: ''
0173299:
    - bResult: 'False'
    - OutDescEst: 'EB' 
    - ErrorMessage: ''
0173301:
    - bResult: 'False'
    - OutDescEst: 'EB' 
    - ErrorMessage: ''
0173302:
    - bResult: 'False'
    - OutDescEst: 'EB' 
    - ErrorMessage: ''
0173303:
    - bResult: 'False'
    - OutDescEst: 'EB' 
    - ErrorMessage: ''
0175855:
    - bResult: 'False'
    - OutDescEst: 'EB' 
    - ErrorMessage: ''
0175856:
    - bResult: 'False'
    - OutDescEst: 'EB' 
    - ErrorMessage: ''
0178011:
    - bResult: 'False'
    - OutDescEst: 'EB' 
    - ErrorMessage: ''
0180640:
    - bResult: 'False'
    - OutDescEst: 'EB' 
    - ErrorMessage: ''
0181366:
    - bResult: 'False'
    - OutDescEst: 'EB' 
    - ErrorMessage: ''
0182199:
    - bResult: 'False'
    - OutDescEst: 'EB' 
    - ErrorMessage: ''
0183579:
    - bResult: 'False'
    - OutDescEst: 'EB' 
    - ErrorMessage: ''
0183580:
    - bResult: 'False'
    - OutDescEst: 'EB' 
    - ErrorMessage: ''
0183584:
    - bResult: 'False'
    - OutDescEst: 'EB' 
    - ErrorMessage: ''
0183585:
    - bResult: 'False'
    - OutDescEst: 'EB' 
    - ErrorMessage: ''
0186694:
    - bResult: 'False'
    - OutDescEst: 'EB' 
    - ErrorMessage: ''
0186695:
    - bResult: 'False'
    - OutDescEst: 'EB' 
    - ErrorMessage: ''
0187389:
    - bResult: 'False'
    - OutDescEst: 'EB' 
    - ErrorMessage: ''
0187390:
    - bResult: 'False'
    - OutDescEst: 'EB' 
    - ErrorMessage: ''
0188230:
    - bResult: 'False'
    - OutDescEst: 'EB' 
    - ErrorMessage: ''
0188231:
    - bResult: 'False'
    - OutDescEst: 'EB' 
    - ErrorMessage: ''
0188250:
    - bResult: 'False'
    - OutDescEst: 'EB' 
    - ErrorMessage: ''
0189264:
    - bResult: 'False'
    - OutDescEst: 'EB' 
    - ErrorMessage: ''
0191278:
    - bResult: 'False'
    - OutDescEst: 'EB' 
    - ErrorMessage: ''
0191291:
    - bResult: 'False'
    - OutDescEst: 'EB' 
    - ErrorMessage: ''
0191292:
    - bResult: 'False'
    - OutDescEst: 'EB' 
    - ErrorMessage: ''
0191439:
    - bResult: 'False'
    - OutDescEst: 'EB' 
    - ErrorMessage: ''
0192541:
    - bResult: 'False'
    - OutDescEst: 'EB' 
    - ErrorMessage: ''
0192542:
    - bResult: 'False'
    - OutDescEst: 'EB' 
    - ErrorMessage: ''
0194695:
    - bResult: 'False'
    - OutDescEst: 'EB' 
    - ErrorMessage: ''
0194699:
    - bResult: 'False'
    - OutDescEst: 'EB' 
    - ErrorMessage: ''
0195121:
    - bResult: 'False'
    - OutDescEst: 'EB' 
    - ErrorMessage: ''
0197059:
    - bResult: 'False'
    - OutDescEst: 'EB' 
    - ErrorMessage: ''
0197091:
    - bResult: 'False'
    - OutDescEst: 'EB' 
    - ErrorMessage: ''
0198241:
    - bResult: 'False'
    - OutDescEst: 'EB' 
    - ErrorMessage: ''
0198242:
    - bResult: 'False'
    - OutDescEst: 'EB' 
    - ErrorMessage: ''
0198244:
    - bResult: 'False'
    - OutDescEst: 'EB' 
    - ErrorMessage: ''
0198245:
    - bResult: 'False'
    - OutDescEst: 'EB' 
    - ErrorMessage: ''
0200731:
    - bResult: 'False'
    - OutDescEst: 'EB' 
    - ErrorMessage: ''
0200872:
    - bResult: 'False'
    - OutDescEst: 'EB' 
    - ErrorMessage: ''
0202033:
    - bResult: 'False'
    - OutDescEst: 'EB' 
    - ErrorMessage: ''
0202034:
    - bResult: 'False'
    - OutDescEst: 'EB' 
    - ErrorMessage: ''
0204116:
    - bResult: 'False'
    - OutDescEst: 'EB' 
    - ErrorMessage: ''
0205421:
    - bResult: 'False'
    - OutDescEst: 'EB' 
    - ErrorMessage: ''
0205422:
    - bResult: 'False'
    - OutDescEst: 'EB' 
    - ErrorMessage: ''
0207339:
    - bResult: 'False'
    - OutDescEst: 'EB' 
    - ErrorMessage: ''
0213320:
    - bResult: 'False'
    - OutDescEst: 'EB' 
    - ErrorMessage: ''
0213321:
    - bResult: 'False'
    - OutDescEst: 'EB' 
    - ErrorMessage: ''
0213682:
    - bResult: 'False'
    - OutDescEst: 'EB' 
    - ErrorMessage: ''
0213704:
    - bResult: 'False'
    - OutDescEst: 'EB' 
    - ErrorMessage: ''
0213840:
    - bResult: 'False'
    - OutDescEst: 'EB' 
    - ErrorMessage: ''
0214869:
    - bResult: 'False'
    - OutDescEst: 'EB' 
    - ErrorMessage: ''
0214871:
    - bResult: 'False'
    - OutDescEst: 'EB' 
    - ErrorMessage: ''
0214875:
    - bResult: 'False'
    - OutDescEst: 'EB' 
    - ErrorMessage: ''
0214876:
    - bResult: 'False'
    - OutDescEst: 'EB' 
    - ErrorMessage: ''
0216125:
    - bResult: 'False'
    - OutDescEst: 'EB' 
    - ErrorMessage: ''
0216751:
    - bResult: 'False'
    - OutDescEst: 'EB' 
    - ErrorMessage: ''
0222537:
    - bResult: 'False'
    - OutDescEst: 'EB' 
    - ErrorMessage: ''
0222625:
    - bResult: 'False'
    - OutDescEst: 'EB' 
    - ErrorMessage: ''
0222626:
    - bResult: 'False'
    - OutDescEst: 'EB' 
    - ErrorMessage: ''
0222627:
    - bResult: 'False'
    - OutDescEst: 'EB' 
    - ErrorMessage: ''
0222628:
    - bResult: 'False'
    - OutDescEst: 'EB' 
    - ErrorMessage: ''
0223380:
    - bResult: 'False'
    - OutDescEst: 'EB' 
    - ErrorMessage: ''
0223481:
    - bResult: 'False'
    - OutDescEst: 'EB' 
    - ErrorMessage: ''
0223482:
    - bResult: 'False'
    - OutDescEst: 'EB' 
    - ErrorMessage: ''
0226525:
    - bResult: 'False'
    - OutDescEst: 'EB' 
    - ErrorMessage: ''
0226856:
    - bResult: 'False'
    - OutDescEst: 'EB' 
    - ErrorMessage: ''
0229405:
    - bResult: 'False'
    - OutDescEst: 'EB' 
    - ErrorMessage: ''
0229407:
    - bResult: 'False'
    - OutDescEst: 'EB' 
    - ErrorMessage: ''
0229408:
    - bResult: 'False'
    - OutDescEst: 'EB' 
    - ErrorMessage: ''
0229852:
    - bResult: 'False'
    - OutDescEst: 'EB' 
    - ErrorMessage: ''
0229853:
    - bResult: 'False'
    - OutDescEst: 'EB' 
    - ErrorMessage: ''
0231211:
    - bResult: 'False'
    - OutDescEst: 'EB' 
    - ErrorMessage: ''
0234393:
    - bResult: 'False'
    - OutDescEst: 'EB' 
    - ErrorMessage: ''
0234394:
    - bResult: 'False'
    - OutDescEst: 'EB' 
    - ErrorMessage: ''
0235785:
    - bResult: 'False'
    - OutDescEst: 'EB' 
    - ErrorMessage: ''
0239799:
    - bResult: 'False'
    - OutDescEst: 'EB' 
    - ErrorMessage: ''
0240218:
    - bResult: 'False'
    - OutDescEst: 'EB' 
    - ErrorMessage: ''
0240219:
    - bResult: 'False'
    - OutDescEst: 'EB' 
    - ErrorMessage: ''
0241593:
    - bResult: 'False'
    - OutDescEst: 'EB' 
    - ErrorMessage: ''
0241594:
    - bResult: 'False'
    - OutDescEst: 'EB' 
    - ErrorMessage: ''
0241595:
    - bResult: 'False'
    - OutDescEst: 'EB' 
    - ErrorMessage: ''
0241596:
    - bResult: 'False'
    - OutDescEst: 'EB' 
    - ErrorMessage: ''
0242416:
    - bResult: 'False'
    - OutDescEst: 'EB' 
    - ErrorMessage: ''
0242503:
    - bResult: 'False'
    - OutDescEst: 'EB' 
    - ErrorMessage: ''
0242504:
    - bResult: 'False'
    - OutDescEst: 'EB' 
    - ErrorMessage: ''
0242505:
    - bResult: 'False'
    - OutDescEst: 'EB' 
    - ErrorMessage: ''
0242506:
    - bResult: 'False'
    - OutDescEst: 'EB' 
    - ErrorMessage: ''
0243290:
    - bResult: 'False'
    - OutDescEst: 'EB' 
    - ErrorMessage: ''
0243291:
    - bResult: 'False'
    - OutDescEst: 'EB' 
    - ErrorMessage: ''
0244914:
    - bResult: 'False'
    - OutDescEst: 'EB' 
    - ErrorMessage: ''
0244915:
    - bResult: 'False'
    - OutDescEst: 'EB' 
    - ErrorMessage: ''
0247708:
    - bResult: 'False'
    - OutDescEst: 'EB' 
    - ErrorMessage: ''
0247709:
    - bResult: 'False'
    - OutDescEst: 'EB' 
    - ErrorMessage: ''
0247710:
    - bResult: 'False'
    - OutDescEst: 'EB' 
    - ErrorMessage: ''
0248312:
    - bResult: 'False'
    - OutDescEst: 'EB' 
    - ErrorMessage: ''
0248541:
    - bResult: 'False'
    - OutDescEst: 'EB' 
    - ErrorMessage: ''
0248626:
    - bResult: 'False'
    - OutDescEst: 'EB' 
    - ErrorMessage: ''
0248852:
    - bResult: 'False'
    - OutDescEst: 'EB' 
    - ErrorMessage: ''
0248853:
    - bResult: 'False'
    - OutDescEst: 'EB' 
    - ErrorMessage: ''
0251151:
    - bResult: 'False'
    - OutDescEst: 'EB' 
    - ErrorMessage: ''
0251391:
    - bResult: 'False'
    - OutDescEst: 'EB' 
    - ErrorMessage: ''
0251392:
    - bResult: 'False'
    - OutDescEst: 'EB' 
    - ErrorMessage: ''
0251874:
    - bResult: 'False'
    - OutDescEst: 'EB' 
    - ErrorMessage: ''
0253972:
    - bResult: 'False'
    - OutDescEst: 'EB' 
    - ErrorMessage: ''
0254644:
    - bResult: 'False'
    - OutDescEst: 'EB' 
    - ErrorMessage: ''
0254645:
    - bResult: 'False'
    - OutDescEst: 'EB' 
    - ErrorMessage: ''
0254646:
    - bResult: 'False'
    - OutDescEst: 'EB' 
    - ErrorMessage: ''
0254664:
    - bResult: 'False'
    - OutDescEst: 'EB' 
    - ErrorMessage: ''
0254665:
    - bResult: 'False'
    - OutDescEst: 'EB' 
    - ErrorMessage: ''
0255622:
    - bResult: 'False'
    - OutDescEst: 'EB' 
    - ErrorMessage: ''
0255623:
    - bResult: 'False'
    - OutDescEst: 'EB' 
    - ErrorMessage: ''
0255624:
    - bResult: 'False'
    - OutDescEst: 'EB' 
    - ErrorMessage: ''
0255625:
    - bResult: 'False'
    - OutDescEst: 'EB' 
    - ErrorMessage: ''
0255626:
    - bResult: 'False'
    - OutDescEst: 'EB' 
    - ErrorMessage: ''
0259545:
    - bResult: 'False'
    - OutDescEst: 'EB' 
    - ErrorMessage: ''
0259573:
    - bResult: 'False'
    - OutDescEst: 'EB' 
    - ErrorMessage: ''
0259574:
    - bResult: 'False'
    - OutDescEst: 'EB' 
    - ErrorMessage: ''
0260191:
    - bResult: 'False'
    - OutDescEst: 'EB' 
    - ErrorMessage: ''
0260192:
    - bResult: 'False'
    - OutDescEst: 'EB' 
    - ErrorMessage: ''
0261088:
    - bResult: 'False'
    - OutDescEst: 'EB' 
    - ErrorMessage: ''
0261089:
    - bResult: 'False'
    - OutDescEst: 'EB' 
    - ErrorMessage: ''
0261093:
    - bResult: 'False'
    - OutDescEst: 'EB' 
    - ErrorMessage: ''
0261101:
    - bResult: 'False'
    - OutDescEst: 'EB' 
    - ErrorMessage: ''
0261702:
    - bResult: 'False'
    - OutDescEst: 'EB' 
    - ErrorMessage: ''
0261703:
    - bResult: 'False'
    - OutDescEst: 'EB' 
    - ErrorMessage: ''
0261704:
    - bResult: 'False'
    - OutDescEst: 'EB' 
    - ErrorMessage: ''
0262732:
    - bResult: 'False'
    - OutDescEst: 'EB' 
    - ErrorMessage: ''
0262733:
    - bResult: 'False'
    - OutDescEst: 'EB' 
    - ErrorMessage: ''
0264217:
    - bResult: 'False'
    - OutDescEst: 'EB' 
    - ErrorMessage: ''
0264218:
    - bResult: 'False'
    - OutDescEst: 'EB' 
    - ErrorMessage: ''
0264434:
    - bResult: 'False'
    - OutDescEst: 'EB' 
    - ErrorMessage: ''
0265335:
    - bResult: 'False'
    - OutDescEst: 'EB' 
    - ErrorMessage: ''
0265336:
    - bResult: 'False'
    - OutDescEst: 'EB' 
    - ErrorMessage: ''
0266736:
    - bResult: 'False'
    - OutDescEst: 'EB' 
    - ErrorMessage: ''
0268752:
    - bResult: 'False'
    - OutDescEst: 'EB' 
    - ErrorMessage: ''
0268753:
    - bResult: 'False'
    - OutDescEst: 'EB' 
    - ErrorMessage: ''
0271448:
    - bResult: 'False'
    - OutDescEst: 'EB' 
    - ErrorMessage: ''
0271449:
    - bResult: 'False'
    - OutDescEst: 'EB' 
    - ErrorMessage: ''
0273941:
    - bResult: 'False'
    - OutDescEst: 'EB' 
    - ErrorMessage: ''
0273942:
    - bResult: 'False'
    - OutDescEst: 'EB' 
    - ErrorMessage: ''
0280382:
    - bResult: 'False'
    - OutDescEst: 'EB' 
    - ErrorMessage: ''
1002474:
    - bResult: 'False'
    - OutDescEst: 'EB' 
    - ErrorMessage: ''
